**************************************************************************************************
256MB SSD Cache I/O Summary

1607167 ops
2673.826 ops/s, (863/86 r/w)
93.0mb/s
487us cpu/op
8.1ms latency
**************************************************************************************************
512MB SSD Cache I/O Summary

1828120 ops
3043.732 ops/s, (982/98 r/w)
107.1mb/s
537us cpu/op
6.6ms latency
**************************************************************************************************
768MB SSD Cache I/O Summary

1830156 ops
3046.235 ops/s, (983/98 r/w)
107.9mb/s
678us cpu/op
5.8ms latency
***************************************************************************************************
768MB SSD Cache I/O Summary

1782299 ops
2968.719 ops/s, (958/96 r/w)
105.3mb/s
679us cpu/op
6.0ms latency
**************************************************************************************************
1024 SSD Cache I/O Summary

1702981 ops
2835.498 ops/s, (915/91 r/w)
100.9mb/s
799us cpu/op
5.9ms latency
**************************************************************************************************
1280 SSD Cache I/O Summary

1637222 ops
2727.830 ops/s, (880/88 r/w)
97.3mb/s
866us cpu/op
5.9ms latency
**************************************************************************************************
1536 SSD Cache I/O Summary

1613439 ops
2688.200 ops/s, (867/87 r/w)
95.8mb/s
879us cpu/op
6.0ms latency
**************************************************************************************************
1792 SSD Cache I/O Summary

1601454 ops
2668.458 ops/s, (861/86 r/w)
95.0mb/s
904us cpu/op
6.0ms latency
**************************************************************************************************
