========== Container 1 Memory STATS ==============
cache 34205696
rss 9711616
rss_huge 0
mapped_file 15114240
writeback 0
pgpgin 80416
pgpgout 69694
pgfault 174033
pgmajfault 250
inactive_anon 49152
active_anon 9748480
inactive_file 20549632
active_file 13553664
unevictable 0
hierarchical_memory_limit 999997440
total_cache 34205696
total_rss 9711616
total_rss_huge 0
total_mapped_file 15114240
total_writeback 0
total_pgpgin 80416
total_pgpgout 69694
total_pgfault 174033
total_pgmajfault 250
total_inactive_anon 49152
total_active_anon 9748480
total_inactive_file 20549632
total_active_file 13553664
total_unevictable 0
======== END Container STATS ======
WARNING: Could not open /proc/sys/kernel/shmmax file!
It means that you probably ran Filebench not as a root. Filebench will not increase shared
region limits in this case, which can lead to the failures on certain workloads.
Filebench Version 1.4.9.1
 1903: 0.000: Allocated 170MB of shared memory
 1903: 0.016: Web-server Version 3.0 personality successfully loaded
 1903: 0.016: Creating/pre-allocating files and filesets
 1903: 0.021: Fileset logfiles: 1 files, 0 leafdirs, avg dir width = 20, avg dir depth = 0.0, 0.016MB
 1903: 0.023: Removed any existing fileset logfiles in 1 seconds
 1903: 0.023: making tree for filset /home/ubuntu/logfiles
 1903: 0.048: Creating fileset logfiles...
 1903: 0.063: Preallocated 1 of 1 of fileset logfiles in 1 seconds
 1903: 0.088: Fileset bigfileset: 16500 files, 0 leafdirs, avg dir width = 20, avg dir depth = 3.2, 2050.590MB
 1903: 0.090: Removed any existing fileset bigfileset in 1 seconds
 1903: 0.090: making tree for filset /home/ubuntu/bigfileset
 1903: 0.141: Creating fileset bigfileset...
 1903: 46.740: Preallocated 16500 of 16500 of fileset bigfileset in 47 seconds
 1903: 46.740: waiting for fileset pre-allocation to finish
18469: 47.624: Starting 1 filereader instances
18470: 48.780: Starting 8 filereaderthread threads
 1903: 50.480: Running...
 1903: 650.758: Run took 600 seconds...
 1903: 651.279: Per-Operation Breakdown
appendlog            50681ops       84ops/s  21.2mb/s      9.0ms/op     5605us/op-cpu [0ms - 1245ms]
closefile10          50673ops       84ops/s   0.0mb/s      0.0ms/op      278us/op-cpu [0ms - 40ms]
readfile10           50673ops       84ops/s   7.1mb/s      6.3ms/op     4740us/op-cpu [0ms - 1957ms]
openfile10           50673ops       84ops/s   0.0mb/s      0.0ms/op      301us/op-cpu [0ms - 450ms]
closefile9           50673ops       84ops/s   0.0mb/s      0.0ms/op      270us/op-cpu [0ms - 21ms]
readfile9            50674ops       84ops/s   7.2mb/s      6.4ms/op     4844us/op-cpu [0ms - 1724ms]
openfile9            50674ops       84ops/s   0.0mb/s      0.0ms/op      290us/op-cpu [0ms - 40ms]
closefile8           50674ops       84ops/s   0.0mb/s      0.0ms/op      268us/op-cpu [0ms - 32ms]
readfile8            50676ops       84ops/s   7.2mb/s      6.2ms/op     4734us/op-cpu [0ms - 1790ms]
openfile8            50676ops       84ops/s   0.0mb/s      0.0ms/op      287us/op-cpu [0ms - 193ms]
closefile7           50676ops       84ops/s   0.0mb/s      0.0ms/op      270us/op-cpu [0ms - 32ms]
readfile7            50678ops       84ops/s   7.2mb/s      6.5ms/op     4757us/op-cpu [0ms - 1944ms]
openfile7            50678ops       84ops/s   0.0mb/s      0.0ms/op      296us/op-cpu [0ms - 83ms]
closefile6           50678ops       84ops/s   0.0mb/s      0.0ms/op      269us/op-cpu [0ms - 48ms]
readfile6            50679ops       84ops/s   7.1mb/s      6.6ms/op     4784us/op-cpu [0ms - 2240ms]
openfile6            50679ops       84ops/s   0.0mb/s      0.0ms/op      290us/op-cpu [0ms - 43ms]
closefile5           50679ops       84ops/s   0.0mb/s      0.0ms/op      274us/op-cpu [0ms - 32ms]
readfile5            50679ops       84ops/s   7.2mb/s      6.3ms/op     4668us/op-cpu [0ms - 3238ms]
openfile5            50679ops       84ops/s   0.0mb/s      0.0ms/op      289us/op-cpu [0ms - 44ms]
closefile4           50679ops       84ops/s   0.0mb/s      0.0ms/op      284us/op-cpu [0ms - 28ms]
readfile4            50679ops       84ops/s   7.2mb/s      6.5ms/op     4788us/op-cpu [0ms - 2535ms]
openfile4            50679ops       84ops/s   0.0mb/s      0.0ms/op      284us/op-cpu [0ms - 32ms]
closefile3           50679ops       84ops/s   0.0mb/s      0.0ms/op      275us/op-cpu [0ms - 39ms]
readfile3            50679ops       84ops/s   7.2mb/s      6.1ms/op     4573us/op-cpu [0ms - 3291ms]
openfile3            50679ops       84ops/s   0.0mb/s      0.0ms/op      282us/op-cpu [0ms - 646ms]
closefile2           50679ops       84ops/s   0.0mb/s      0.0ms/op      290us/op-cpu [0ms - 18ms]
readfile2            50680ops       84ops/s   7.1mb/s      6.3ms/op     4670us/op-cpu [0ms - 2113ms]
openfile2            50680ops       84ops/s   0.0mb/s      0.0ms/op      303us/op-cpu [0ms - 42ms]
closefile1           50680ops       84ops/s   0.0mb/s      0.0ms/op      291us/op-cpu [0ms - 22ms]
readfile1            50681ops       84ops/s   7.3mb/s      6.4ms/op     4825us/op-cpu [0ms - 3177ms]
openfile1            50681ops       84ops/s   0.0mb/s      0.0ms/op      355us/op-cpu [0ms - 28ms]
 1903: 651.279: IO Summary: 1571007 ops, 2616.167 ops/s, (844/84 r/w),  93.0mb/s,    799us cpu/op,   6.6ms latency
 1903: 651.279: Shutting down processes
========== Container 1 Memory STATS AT END ==============
cache 462962688
rss 451911680
rss_huge 182452224
mapped_file 2195456
writeback 0
pgpgin 8868807
pgpgout 8757358
pgfault 3649694
pgmajfault 1043
inactive_anon 324612096
active_anon 127344640
inactive_file 232792064
active_file 230105088
unevictable 0
hierarchical_memory_limit 999997440
total_cache 462962688
total_rss 451911680
total_rss_huge 182452224
total_mapped_file 2195456
total_writeback 0
total_pgpgin 8868807
total_pgpgout 8757358
total_pgfault 3649694
total_pgmajfault 1043
total_inactive_anon 324612096
total_active_anon 127344640
total_inactive_file 232792064
total_active_file 230105088
total_unevictable 0
======== END Container STATS ======
