--------------------MEMCG-----------------------
MEM ONLY  : 133 MB
MEM+SWAP  : 133 MB
cache 80289792
rss 59564032
rss_huge 0
mapped_file 36925440
writeback 0
swap 0
pgpgin 130549
pgpgout 96405
pgfault 189256
pgmajfault 487
inactive_anon 49152
active_anon 59588608
inactive_file 64991232
active_file 15204352
unevictable 4096
hierarchical_memory_limit 999997440
hierarchical_memsw_limit 9223372036854771712
total_cache 80289792
total_rss 59564032
total_rss_huge 0
total_mapped_file 36925440
total_writeback 0
total_swap 0
total_pgpgin 130549
total_pgpgout 96405
total_pgfault 189256
total_pgmajfault 487
total_inactive_anon 49152
total_active_anon 59588608
total_inactive_file 64991232
total_active_file 15204352
total_unevictable 4096
--------------------BLKIO-----------------------
11:0 Read 0
11:0 Write 0
11:0 Sync 0
11:0 Async 0
11:0 Total 0
253:0 Read 79986688
253:0 Write 348160
253:0 Sync 61440
253:0 Async 80273408
253:0 Total 80334848
Total 80334848
--------------------CPUAC-----------------------
user 64
system 108
 
--------------------MEMCG-----------------------
MEM ONLY  : 297 MB
MEM+SWAP  : 297 MB
cache 165126144
rss 147165184
rss_huge 0
mapped_file 36749312
writeback 0
swap 0
pgpgin 173081
pgpgout 96838
pgfault 211349
pgmajfault 487
inactive_anon 45056
active_anon 147189760
inactive_file 149127168
active_file 15925248
unevictable 4096
hierarchical_memory_limit 999997440
hierarchical_memsw_limit 9223372036854771712
total_cache 165126144
total_rss 147165184
total_rss_huge 0
total_mapped_file 36749312
total_writeback 0
total_swap 0
total_pgpgin 173081
total_pgpgout 96838
total_pgfault 211349
total_pgmajfault 487
total_inactive_anon 45056
total_active_anon 147189760
total_inactive_file 149127168
total_active_file 15925248
total_unevictable 4096
--------------------BLKIO-----------------------
11:0 Read 0
11:0 Write 0
11:0 Sync 0
11:0 Async 0
11:0 Total 0
253:0 Read 164823040
253:0 Write 380928
253:0 Sync 61440
253:0 Async 165142528
253:0 Total 165203968
Total 165203968
--------------------CPUAC-----------------------
user 101
system 132
 
--------------------MEMCG-----------------------
MEM ONLY  : 456 MB
MEM+SWAP  : 456 MB
cache 247197696
rss 231333888
rss_huge 0
mapped_file 36610048
writeback 0
swap 0
pgpgin 213836
pgpgout 97007
pgfault 232095
pgmajfault 487
inactive_anon 45056
active_anon 231358464
inactive_file 231157760
active_file 15953920
unevictable 4096
hierarchical_memory_limit 999997440
hierarchical_memsw_limit 9223372036854771712
total_cache 247197696
total_rss 231333888
total_rss_huge 0
total_mapped_file 36610048
total_writeback 0
total_swap 0
total_pgpgin 213836
total_pgpgout 97007
total_pgfault 232095
total_pgmajfault 487
total_inactive_anon 45056
total_active_anon 231358464
total_inactive_file 231157760
total_active_file 15953920
total_unevictable 4096
--------------------BLKIO-----------------------
11:0 Read 0
11:0 Write 0
11:0 Sync 0
11:0 Async 0
11:0 Total 0
253:0 Read 246886400
253:0 Write 516096
253:0 Sync 159744
253:0 Async 247242752
253:0 Total 247402496
Total 247402496
--------------------CPUAC-----------------------
user 144
system 160
 
--------------------MEMCG-----------------------
MEM ONLY  : 560 MB
MEM+SWAP  : 560 MB
cache 331415552
rss 256425984
rss_huge 0
mapped_file 36610048
writeback 0
swap 0
pgpgin 240624
pgpgout 97108
pgfault 238319
pgmajfault 487
inactive_anon 45056
active_anon 256450560
inactive_file 308719616
active_file 22605824
unevictable 4096
hierarchical_memory_limit 999997440
hierarchical_memsw_limit 9223372036854771712
total_cache 331415552
total_rss 256425984
total_rss_huge 0
total_mapped_file 36610048
total_writeback 0
total_swap 0
total_pgpgin 240624
total_pgpgout 97108
total_pgfault 238319
total_pgmajfault 487
total_inactive_anon 45056
total_active_anon 256450560
total_inactive_file 308719616
total_active_file 22605824
total_unevictable 4096
--------------------BLKIO-----------------------
11:0 Read 0
11:0 Write 0
11:0 Sync 0
11:0 Async 0
11:0 Total 0
253:0 Read 331096064
253:0 Write 565248
253:0 Sync 159744
253:0 Async 331501568
253:0 Total 331661312
Total 331661312
--------------------CPUAC-----------------------
user 188
system 184
 
--------------------MEMCG-----------------------
MEM ONLY  : 644 MB
MEM+SWAP  : 644 MB
cache 418201600
rss 257200128
rss_huge 0
mapped_file 36610048
writeback 0
swap 0
pgpgin 262151
pgpgout 97258
pgfault 238645
pgmajfault 487
inactive_anon 45056
active_anon 257224704
inactive_file 388755456
active_file 29347840
unevictable 4096
hierarchical_memory_limit 999997440
hierarchical_memsw_limit 9223372036854771712
total_cache 418201600
total_rss 257200128
total_rss_huge 0
total_mapped_file 36610048
total_writeback 0
total_swap 0
total_pgpgin 262151
total_pgpgout 97258
total_pgfault 238645
total_pgmajfault 487
total_inactive_anon 45056
total_active_anon 257224704
total_inactive_file 388755456
total_active_file 29347840
total_unevictable 4096
--------------------BLKIO-----------------------
11:0 Read 0
11:0 Write 0
11:0 Sync 0
11:0 Async 0
11:0 Total 0
253:0 Read 417878016
253:0 Write 659456
253:0 Sync 196608
253:0 Async 418340864
253:0 Total 418537472
Total 418537472
--------------------CPUAC-----------------------
user 239
system 208
 
--------------------MEMCG-----------------------
MEM ONLY  : 729 MB
MEM+SWAP  : 729 MB
cache 508162048
rss 257093632
rss_huge 0
mapped_file 36610048
writeback 0
swap 0
pgpgin 284279
pgpgout 97449
pgfault 238795
pgmajfault 487
inactive_anon 45056
active_anon 257118208
inactive_file 470138880
active_file 37949440
unevictable 4096
hierarchical_memory_limit 999997440
hierarchical_memsw_limit 9223372036854771712
total_cache 508162048
total_rss 257093632
total_rss_huge 0
total_mapped_file 36610048
total_writeback 0
total_swap 0
total_pgpgin 284279
total_pgpgout 97449
total_pgfault 238795
total_pgmajfault 487
total_inactive_anon 45056
total_active_anon 257118208
total_inactive_file 470138880
total_active_file 37949440
total_unevictable 4096
--------------------BLKIO-----------------------
11:0 Read 0
11:0 Write 0
11:0 Sync 0
11:0 Async 0
11:0 Total 0
253:0 Read 507838464
253:0 Write 720896
253:0 Sync 196608
253:0 Async 508362752
253:0 Total 508559360
Total 508559360
--------------------CPUAC-----------------------
user 286
system 232
 
--------------------MEMCG-----------------------
MEM ONLY  : 818 MB
MEM+SWAP  : 818 MB
cache 600649728
rss 257118208
rss_huge 0
mapped_file 36610048
writeback 0
swap 0
pgpgin 307011
pgpgout 97595
pgfault 238930
pgmajfault 487
inactive_anon 45056
active_anon 257142784
inactive_file 551956480
active_file 48619520
unevictable 4096
hierarchical_memory_limit 999997440
hierarchical_memsw_limit 9223372036854771712
total_cache 600649728
total_rss 257118208
total_rss_huge 0
total_mapped_file 36610048
total_writeback 0
total_swap 0
total_pgpgin 307011
total_pgpgout 97595
total_pgfault 238930
total_pgmajfault 487
total_inactive_anon 45056
total_active_anon 257142784
total_inactive_file 551956480
total_active_file 48619520
total_unevictable 4096
--------------------BLKIO-----------------------
11:0 Read 0
11:0 Write 0
11:0 Sync 0
11:0 Async 0
11:0 Total 0
253:0 Read 600322048
253:0 Write 794624
253:0 Sync 196608
253:0 Async 600920064
253:0 Total 601116672
Total 601116672
--------------------CPUAC-----------------------
user 336
system 260
 
--------------------MEMCG-----------------------
MEM ONLY  : 906 MB
MEM+SWAP  : 906 MB
cache 693723136
rss 257318912
rss_huge 0
mapped_file 36610048
writeback 0
swap 0
pgpgin 329891
pgpgout 97703
pgfault 239070
pgmajfault 487
inactive_anon 45056
active_anon 257343488
inactive_file 628703232
active_file 64946176
unevictable 4096
hierarchical_memory_limit 999997440
hierarchical_memsw_limit 9223372036854771712
total_cache 693723136
total_rss 257318912
total_rss_huge 0
total_mapped_file 36610048
total_writeback 0
total_swap 0
total_pgpgin 329891
total_pgpgout 97703
total_pgfault 239070
total_pgmajfault 487
total_inactive_anon 45056
total_active_anon 257343488
total_inactive_file 628703232
total_active_file 64946176
total_unevictable 4096
--------------------BLKIO-----------------------
11:0 Read 0
11:0 Write 0
11:0 Sync 0
11:0 Async 0
11:0 Total 0
253:0 Read 693391360
253:0 Write 872448
253:0 Sync 196608
253:0 Async 694067200
253:0 Total 694263808
Total 694263808
--------------------CPUAC-----------------------
user 388
system 288
 
--------------------MEMCG-----------------------
MEM ONLY  : 953 MB
MEM+SWAP  : 953 MB
cache 742547456
rss 257339392
rss_huge 0
mapped_file 36581376
writeback 0
swap 0
pgpgin 353412
pgpgout 109299
pgfault 239176
pgmajfault 487
inactive_anon 68009984
active_anon 189399040
inactive_file 625319936
active_file 117116928
unevictable 4096
hierarchical_memory_limit 999997440
hierarchical_memsw_limit 9223372036854771712
total_cache 742547456
total_rss 257339392
total_rss_huge 0
total_mapped_file 36581376
total_writeback 0
total_swap 0
total_pgpgin 353412
total_pgpgout 109299
total_pgfault 239176
total_pgmajfault 487
total_inactive_anon 68009984
total_active_anon 189399040
total_inactive_file 625319936
total_active_file 117116928
total_unevictable 4096
--------------------BLKIO-----------------------
11:0 Read 0
11:0 Write 0
11:0 Sync 0
11:0 Async 0
11:0 Total 0
253:0 Read 789073920
253:0 Write 958464
253:0 Sync 196608
253:0 Async 789835776
253:0 Total 790032384
Total 790032384
--------------------CPUAC-----------------------
user 449
system 325
 
--------------------MEMCG-----------------------
MEM ONLY  : 953 MB
MEM+SWAP  : 953 MB
cache 742477824
rss 257478656
rss_huge 0
mapped_file 36581376
writeback 0
swap 0
pgpgin 378595
pgpgout 134465
pgfault 239301
pgmajfault 487
inactive_anon 128958464
active_anon 128589824
inactive_file 599187456
active_file 143216640
unevictable 4096
hierarchical_memory_limit 999997440
hierarchical_memsw_limit 9223372036854771712
total_cache 742477824
total_rss 257478656
total_rss_huge 0
total_mapped_file 36581376
total_writeback 0
total_swap 0
total_pgpgin 378595
total_pgpgout 134465
total_pgfault 239301
total_pgmajfault 487
total_inactive_anon 128958464
total_active_anon 128589824
total_inactive_file 599187456
total_active_file 143216640
total_unevictable 4096
--------------------BLKIO-----------------------
11:0 Read 0
11:0 Write 0
11:0 Sync 0
11:0 Async 0
11:0 Total 0
253:0 Read 887259136
253:0 Write 1052672
253:0 Sync 196608
253:0 Async 888115200
253:0 Total 888311808
Total 888311808
--------------------CPUAC-----------------------
user 509
system 384
 
--------------------MEMCG-----------------------
MEM ONLY  : 953 MB
MEM+SWAP  : 953 MB
cache 742334464
rss 257605632
rss_huge 0
mapped_file 36581376
writeback 0
swap 0
pgpgin 403932
pgpgout 159806
pgfault 239439
pgmajfault 487
inactive_anon 128958464
active_anon 128716800
inactive_file 568500224
active_file 173760512
unevictable 4096
hierarchical_memory_limit 999997440
hierarchical_memsw_limit 9223372036854771712
total_cache 742334464
total_rss 257605632
total_rss_huge 0
total_mapped_file 36581376
total_writeback 0
total_swap 0
total_pgpgin 403932
total_pgpgout 159806
total_pgfault 239439
total_pgmajfault 487
total_inactive_anon 128958464
total_active_anon 128716800
total_inactive_file 568500224
total_active_file 173760512
total_unevictable 4096
--------------------BLKIO-----------------------
11:0 Read 0
11:0 Write 0
11:0 Sync 0
11:0 Async 0
11:0 Total 0
253:0 Read 981921792
253:0 Write 1085440
253:0 Sync 196608
253:0 Async 982810624
253:0 Total 983007232
Total 983007232
--------------------CPUAC-----------------------
user 564
system 487
 
--------------------MEMCG-----------------------
MEM ONLY  : 953 MB
MEM+SWAP  : 953 MB
cache 742313984
rss 257609728
rss_huge 0
mapped_file 36581376
writeback 0
swap 0
pgpgin 430922
pgpgout 186800
pgfault 239530
pgmajfault 487
inactive_anon 128958464
active_anon 128720896
inactive_file 536932352
active_file 205307904
unevictable 4096
hierarchical_memory_limit 999997440
hierarchical_memsw_limit 9223372036854771712
total_cache 742313984
total_rss 257609728
total_rss_huge 0
total_mapped_file 36581376
total_writeback 0
total_swap 0
total_pgpgin 430922
total_pgpgout 186800
total_pgfault 239530
total_pgmajfault 487
total_inactive_anon 128958464
total_active_anon 128720896
total_inactive_file 536932352
total_active_file 205307904
total_unevictable 4096
--------------------BLKIO-----------------------
11:0 Read 0
11:0 Write 0
11:0 Sync 0
11:0 Async 0
11:0 Total 0
253:0 Read 1076142080
253:0 Write 1122304
253:0 Sync 196608
253:0 Async 1077067776
253:0 Total 1077264384
Total 1077264384
--------------------CPUAC-----------------------
user 619
system 605
 
--------------------MEMCG-----------------------
MEM ONLY  : 953 MB
MEM+SWAP  : 953 MB
cache 742109184
rss 257613824
rss_huge 0
mapped_file 36581376
writeback 0
swap 0
pgpgin 459465
pgpgout 215392
pgfault 239621
pgmajfault 487
inactive_anon 128958464
active_anon 128724992
inactive_file 503926784
active_file 238096384
unevictable 4096
hierarchical_memory_limit 999997440
hierarchical_memsw_limit 9223372036854771712
total_cache 742113280
total_rss 257613824
total_rss_huge 0
total_mapped_file 36581376
total_writeback 0
total_swap 0
total_pgpgin 459466
total_pgpgout 215392
total_pgfault 239621
total_pgmajfault 487
total_inactive_anon 128958464
total_active_anon 128724992
total_inactive_file 503926784
total_active_file 238096384
total_unevictable 4096
--------------------BLKIO-----------------------
11:0 Read 0
11:0 Write 0
11:0 Sync 0
11:0 Async 0
11:0 Total 0
253:0 Read 1170096128
253:0 Write 1163264
253:0 Sync 196608
253:0 Async 1171062784
253:0 Total 1171259392
Total 1171259392
--------------------CPUAC-----------------------
user 674
system 754
 
--------------------MEMCG-----------------------
MEM ONLY  : 953 MB
MEM+SWAP  : 953 MB
cache 742539264
rss 257437696
rss_huge 0
mapped_file 36495360
writeback 0
swap 0
pgpgin 489011
pgpgout 244876
pgfault 239805
pgmajfault 487
inactive_anon 128995328
active_anon 128512000
inactive_file 470614016
active_file 271822848
unevictable 4096
hierarchical_memory_limit 999997440
hierarchical_memsw_limit 9223372036854771712
total_cache 742539264
total_rss 257437696
total_rss_huge 0
total_mapped_file 36495360
total_writeback 0
total_swap 0
total_pgpgin 489011
total_pgpgout 244876
total_pgfault 239805
total_pgmajfault 487
total_inactive_anon 128995328
total_active_anon 128512000
total_inactive_file 470614016
total_active_file 271822848
total_unevictable 4096
--------------------BLKIO-----------------------
11:0 Read 0
11:0 Write 0
11:0 Sync 0
11:0 Async 0
11:0 Total 0
253:0 Read 1260765184
253:0 Write 1212416
253:0 Sync 196608
253:0 Async 1261780992
253:0 Total 1261977600
Total 1261977600
--------------------CPUAC-----------------------
user 728
system 996
 
--------------------MEMCG-----------------------
MEM ONLY  : 953 MB
MEM+SWAP  : 953 MB
cache 742494208
rss 257359872
rss_huge 0
mapped_file 36495360
writeback 0
swap 0
pgpgin 520431
pgpgout 276326
pgfault 240005
pgmajfault 487
inactive_anon 128995328
active_anon 128434176
inactive_file 433729536
active_file 308633600
unevictable 4096
hierarchical_memory_limit 999997440
hierarchical_memsw_limit 9223372036854771712
total_cache 742494208
total_rss 257359872
total_rss_huge 0
total_mapped_file 36495360
total_writeback 0
total_swap 0
total_pgpgin 520431
total_pgpgout 276326
total_pgfault 240005
total_pgmajfault 487
total_inactive_anon 128995328
total_active_anon 128434176
total_inactive_file 433729536
total_active_file 308633600
total_unevictable 4096
--------------------BLKIO-----------------------
11:0 Read 0
11:0 Write 0
11:0 Sync 0
11:0 Async 0
11:0 Total 0
253:0 Read 1349619712
253:0 Write 1273856
253:0 Sync 196608
253:0 Async 1350696960
253:0 Total 1350893568
Total 1350893568
--------------------CPUAC-----------------------
user 789
system 1234
 
--------------------MEMCG-----------------------
MEM ONLY  : 953 MB
MEM+SWAP  : 953 MB
cache 742625280
rss 257167360
rss_huge 0
mapped_file 36495360
writeback 0
swap 0
pgpgin 553773
pgpgout 309683
pgfault 240156
pgmajfault 487
inactive_anon 128917504
active_anon 128319488
inactive_file 393412608
active_file 349138944
unevictable 4096
hierarchical_memory_limit 999997440
hierarchical_memsw_limit 9223372036854771712
total_cache 742625280
total_rss 257167360
total_rss_huge 0
total_mapped_file 36495360
total_writeback 0
total_swap 0
total_pgpgin 553773
total_pgpgout 309683
total_pgfault 240156
total_pgmajfault 487
total_inactive_anon 128917504
total_active_anon 128319488
total_inactive_file 393412608
total_active_file 349138944
total_unevictable 4096
--------------------BLKIO-----------------------
11:0 Read 0
11:0 Write 0
11:0 Sync 0
11:0 Async 0
11:0 Total 0
253:0 Read 1435635712
253:0 Write 1339392
253:0 Sync 196608
253:0 Async 1436778496
253:0 Total 1436975104
Total 1436975104
--------------------CPUAC-----------------------
user 852
system 1594
 
--------------------MEMCG-----------------------
MEM ONLY  : 953 MB
MEM+SWAP  : 953 MB
cache 743493632
rss 256389120
rss_huge 0
mapped_file 36495360
writeback 0
swap 0
pgpgin 589079
pgpgout 344967
pgfault 240252
pgmajfault 487
inactive_anon 128917504
active_anon 127541248
inactive_file 371785728
active_file 371617792
unevictable 4096
hierarchical_memory_limit 999997440
hierarchical_memsw_limit 9223372036854771712
total_cache 743493632
total_rss 256389120
total_rss_huge 0
total_mapped_file 36495360
total_writeback 0
total_swap 0
total_pgpgin 589079
total_pgpgout 344967
total_pgfault 240252
total_pgmajfault 487
total_inactive_anon 128917504
total_active_anon 127541248
total_inactive_file 371785728
total_active_file 371617792
total_unevictable 4096
--------------------BLKIO-----------------------
11:0 Read 0
11:0 Write 0
11:0 Sync 0
11:0 Async 0
11:0 Total 0
253:0 Read 1522388992
253:0 Write 1413120
253:0 Sync 196608
253:0 Async 1523605504
253:0 Total 1523802112
Total 1523802112
--------------------CPUAC-----------------------
user 907
system 1932
 
--------------------MEMCG-----------------------
MEM ONLY  : 953 MB
MEM+SWAP  : 953 MB
cache 743198720
rss 256700416
rss_huge 0
mapped_file 36495360
writeback 0
swap 0
pgpgin 626407
pgpgout 382291
pgfault 240509
pgmajfault 487
inactive_anon 129048576
active_anon 127721472
inactive_file 371728384
active_file 371372032
unevictable 4096
hierarchical_memory_limit 999997440
hierarchical_memsw_limit 9223372036854771712
total_cache 743198720
total_rss 256700416
total_rss_huge 0
total_mapped_file 36495360
total_writeback 0
total_swap 0
total_pgpgin 626407
total_pgpgout 382291
total_pgfault 240509
total_pgmajfault 487
total_inactive_anon 129048576
total_active_anon 127721472
total_inactive_file 371728384
total_active_file 371372032
total_unevictable 4096
--------------------BLKIO-----------------------
11:0 Read 0
11:0 Write 0
11:0 Sync 0
11:0 Async 0
11:0 Total 0
253:0 Read 1604694016
253:0 Write 1495040
253:0 Sync 196608
253:0 Async 1605992448
253:0 Total 1606189056
Total 1606189056
--------------------CPUAC-----------------------
user 980
system 2396
 
--------------------MEMCG-----------------------
MEM ONLY  : 953 MB
MEM+SWAP  : 953 MB
cache 743137280
rss 256638976
rss_huge 0
mapped_file 36495360
writeback 0
swap 0
pgpgin 665701
pgpgout 421615
pgfault 240808
pgmajfault 487
inactive_anon 129179648
active_anon 127528960
inactive_file 371634176
active_file 371404800
unevictable 4096
hierarchical_memory_limit 999997440
hierarchical_memsw_limit 9223372036854771712
total_cache 743137280
total_rss 256638976
total_rss_huge 0
total_mapped_file 36495360
total_writeback 0
total_swap 0
total_pgpgin 665701
total_pgpgout 421615
total_pgfault 240808
total_pgmajfault 487
total_inactive_anon 129179648
total_active_anon 127528960
total_inactive_file 371634176
total_active_file 371404800
total_unevictable 4096
--------------------BLKIO-----------------------
11:0 Read 0
11:0 Write 0
11:0 Sync 0
11:0 Async 0
11:0 Total 0
253:0 Read 1684865024
253:0 Write 1589248
253:0 Sync 196608
253:0 Async 1686257664
253:0 Total 1686454272
Total 1686454272
--------------------CPUAC-----------------------
user 1050
system 2847
 
--------------------MEMCG-----------------------
MEM ONLY  : 953 MB
MEM+SWAP  : 953 MB
cache 743026688
rss 256905216
rss_huge 0
mapped_file 36491264
writeback 0
swap 0
pgpgin 700550
pgpgout 456426
pgfault 241018
pgmajfault 487
inactive_anon 129179648
active_anon 127795200
inactive_file 371597312
active_file 371318784
unevictable 4096
hierarchical_memory_limit 999997440
hierarchical_memsw_limit 9223372036854771712
total_cache 743026688
total_rss 256905216
total_rss_huge 0
total_mapped_file 36491264
total_writeback 0
total_swap 0
total_pgpgin 700550
total_pgpgout 456426
total_pgfault 241018
total_pgmajfault 487
total_inactive_anon 129179648
total_active_anon 127795200
total_inactive_file 371597312
total_active_file 371318784
total_unevictable 4096
--------------------BLKIO-----------------------
11:0 Read 0
11:0 Write 0
11:0 Sync 0
11:0 Async 0
11:0 Total 0
253:0 Read 1747472384
253:0 Write 1687552
253:0 Sync 196608
253:0 Async 1748963328
253:0 Total 1749159936
Total 1749159936
--------------------CPUAC-----------------------
user 1121
system 3868
 
