--------------------MEMCG-----------------------
MEM ONLY  : 95 MB
MEM+SWAP  : 95 MB
cache 63119360
rss 37396480
rss_huge 0
mapped_file 36761600
writeback 0
swap 0
pgpgin 121000
pgpgout 96460
pgfault 183599
pgmajfault 488
inactive_anon 49152
active_anon 37421056
inactive_file 47837184
active_file 15204352
unevictable 4096
hierarchical_memory_limit 999997440
hierarchical_memsw_limit 9223372036854771712
total_cache 63119360
total_rss 37396480
total_rss_huge 0
total_mapped_file 36761600
total_writeback 0
total_swap 0
total_pgpgin 121000
total_pgpgout 96460
total_pgfault 183599
total_pgmajfault 488
total_inactive_anon 49152
total_active_anon 37421056
total_inactive_file 47837184
total_active_file 15204352
total_unevictable 4096
--------------------BLKIO-----------------------
11:0 Read 0
11:0 Write 0
11:0 Sync 0
11:0 Async 0
11:0 Total 0
253:0 Read 62865408
253:0 Write 356352
253:0 Sync 61440
253:0 Async 63160320
253:0 Total 63221760
Total 63221760
--------------------CPUAC-----------------------
user 48
system 106
 
--------------------MEMCG-----------------------
MEM ONLY  : 254 MB
MEM+SWAP  : 254 MB
cache 142999552
rss 124342272
rss_huge 0
mapped_file 36749312
writeback 0
swap 0
pgpgin 162405
pgpgout 97136
pgfault 206132
pgmajfault 488
inactive_anon 45056
active_anon 124366848
inactive_file 126988288
active_file 15933440
unevictable 4096
hierarchical_memory_limit 999997440
hierarchical_memsw_limit 9223372036854771712
total_cache 142999552
total_rss 124342272
total_rss_huge 0
total_mapped_file 36749312
total_writeback 0
total_swap 0
total_pgpgin 162405
total_pgpgout 97136
total_pgfault 206132
total_pgmajfault 488
total_inactive_anon 45056
total_active_anon 124366848
total_inactive_file 126988288
total_active_file 15933440
total_unevictable 4096
--------------------BLKIO-----------------------
11:0 Read 0
11:0 Write 0
11:0 Sync 0
11:0 Async 0
11:0 Total 0
253:0 Read 142737408
253:0 Write 376832
253:0 Sync 61440
253:0 Async 143052800
253:0 Total 143114240
Total 143114240
--------------------CPUAC-----------------------
user 94
system 135
 
--------------------MEMCG-----------------------
MEM ONLY  : 413 MB
MEM+SWAP  : 413 MB
cache 224993280
rss 208973824
rss_huge 0
mapped_file 36610048
writeback 0
swap 0
pgpgin 203254
pgpgout 97305
pgfault 226998
pgmajfault 488
inactive_anon 45056
active_anon 208998400
inactive_file 208932864
active_file 15958016
unevictable 4096
hierarchical_memory_limit 999997440
hierarchical_memsw_limit 9223372036854771712
total_cache 224993280
total_rss 208973824
total_rss_huge 0
total_mapped_file 36610048
total_writeback 0
total_swap 0
total_pgpgin 203254
total_pgpgout 97305
total_pgfault 226998
total_pgmajfault 488
total_inactive_anon 45056
total_active_anon 208998400
total_inactive_file 208932864
total_active_file 15958016
total_unevictable 4096
--------------------BLKIO-----------------------
11:0 Read 0
11:0 Write 0
11:0 Sync 0
11:0 Async 0
11:0 Total 0
253:0 Read 224698368
253:0 Write 516096
253:0 Sync 163840
253:0 Async 225050624
253:0 Total 225214464
Total 225214464
--------------------CPUAC-----------------------
user 134
system 158
 
--------------------MEMCG-----------------------
MEM ONLY  : 539 MB
MEM+SWAP  : 539 MB
cache 310104064
rss 256016384
rss_huge 0
mapped_file 36610048
writeback 0
swap 0
pgpgin 235618
pgpgout 97405
pgfault 238590
pgmajfault 488
inactive_anon 45056
active_anon 256040960
inactive_file 289009664
active_file 20963328
unevictable 4096
hierarchical_memory_limit 999997440
hierarchical_memsw_limit 9223372036854771712
total_cache 310104064
total_rss 256016384
total_rss_huge 0
total_mapped_file 36610048
total_writeback 0
total_swap 0
total_pgpgin 235618
total_pgpgout 97405
total_pgfault 238590
total_pgmajfault 488
total_inactive_anon 45056
total_active_anon 256040960
total_inactive_file 289009664
total_active_file 20963328
total_unevictable 4096
--------------------BLKIO-----------------------
11:0 Read 0
11:0 Write 0
11:0 Sync 0
11:0 Async 0
11:0 Total 0
253:0 Read 309805056
253:0 Write 561152
253:0 Sync 163840
253:0 Async 310202368
253:0 Total 310366208
Total 310366208
--------------------CPUAC-----------------------
user 185
system 181
 
--------------------MEMCG-----------------------
MEM ONLY  : 624 MB
MEM+SWAP  : 624 MB
cache 397250560
rss 257736704
rss_huge 0
mapped_file 36610048
writeback 0
swap 0
pgpgin 257451
pgpgout 97542
pgfault 239134
pgmajfault 488
inactive_anon 45056
active_anon 257761280
inactive_file 368676864
active_file 28442624
unevictable 4096
hierarchical_memory_limit 999997440
hierarchical_memsw_limit 9223372036854771712
total_cache 397250560
total_rss 257736704
total_rss_huge 0
total_mapped_file 36610048
total_writeback 0
total_swap 0
total_pgpgin 257451
total_pgpgout 97542
total_pgfault 239134
total_pgmajfault 488
total_inactive_anon 45056
total_active_anon 257761280
total_inactive_file 368676864
total_active_file 28442624
total_unevictable 4096
--------------------BLKIO-----------------------
11:0 Read 0
11:0 Write 0
11:0 Sync 0
11:0 Async 0
11:0 Total 0
253:0 Read 396947456
253:0 Write 651264
253:0 Sync 200704
253:0 Async 397398016
253:0 Total 397598720
Total 397598720
--------------------CPUAC-----------------------
user 234
system 210
 
--------------------MEMCG-----------------------
MEM ONLY  : 710 MB
MEM+SWAP  : 710 MB
cache 486830080
rss 257966080
rss_huge 0
mapped_file 36610048
writeback 0
swap 0
pgpgin 279576
pgpgout 97741
pgfault 239374
pgmajfault 488
inactive_anon 45056
active_anon 257990656
inactive_file 450064384
active_file 36634624
unevictable 4096
hierarchical_memory_limit 999997440
hierarchical_memsw_limit 9223372036854771712
total_cache 486830080
total_rss 257966080
total_rss_huge 0
total_mapped_file 36610048
total_writeback 0
total_swap 0
total_pgpgin 279576
total_pgpgout 97741
total_pgfault 239374
total_pgmajfault 488
total_inactive_anon 45056
total_active_anon 257990656
total_inactive_file 450064384
total_active_file 36634624
total_unevictable 4096
--------------------BLKIO-----------------------
11:0 Read 0
11:0 Write 0
11:0 Sync 0
11:0 Async 0
11:0 Total 0
253:0 Read 486526976
253:0 Write 712704
253:0 Sync 200704
253:0 Async 487038976
253:0 Total 487239680
Total 487239680
--------------------CPUAC-----------------------
user 288
system 234
 
--------------------MEMCG-----------------------
MEM ONLY  : 795 MB
MEM+SWAP  : 795 MB
cache 576352256
rss 257835008
rss_huge 0
mapped_file 36610048
writeback 0
swap 0
pgpgin 301566
pgpgout 97907
pgfault 239492
pgmajfault 488
inactive_anon 45056
active_anon 257859584
inactive_file 529448960
active_file 46772224
unevictable 4096
hierarchical_memory_limit 999997440
hierarchical_memsw_limit 9223372036854771712
total_cache 576352256
total_rss 257835008
total_rss_huge 0
total_mapped_file 36610048
total_writeback 0
total_swap 0
total_pgpgin 301566
total_pgpgout 97907
total_pgfault 239492
total_pgmajfault 488
total_inactive_anon 45056
total_active_anon 257859584
total_inactive_file 529448960
total_active_file 46772224
total_unevictable 4096
--------------------BLKIO-----------------------
11:0 Read 0
11:0 Write 0
11:0 Sync 0
11:0 Async 0
11:0 Total 0
253:0 Read 576045056
253:0 Write 782336
253:0 Sync 200704
253:0 Async 576626688
253:0 Total 576827392
Total 576827392
--------------------CPUAC-----------------------
user 344
system 262
 
--------------------MEMCG-----------------------
MEM ONLY  : 885 MB
MEM+SWAP  : 885 MB
cache 670105600
rss 258002944
rss_huge 0
mapped_file 36610048
writeback 0
swap 0
pgpgin 324604
pgpgout 98015
pgfault 239624
pgmajfault 488
inactive_anon 45056
active_anon 258027520
inactive_file 608587776
active_file 61386752
unevictable 4096
hierarchical_memory_limit 999997440
hierarchical_memsw_limit 9223372036854771712
total_cache 670105600
total_rss 258002944
total_rss_huge 0
total_mapped_file 36610048
total_writeback 0
total_swap 0
total_pgpgin 324604
total_pgpgout 98015
total_pgfault 239624
total_pgmajfault 488
total_inactive_anon 45056
total_active_anon 258027520
total_inactive_file 608587776
total_active_file 61386752
total_unevictable 4096
--------------------BLKIO-----------------------
11:0 Read 0
11:0 Write 0
11:0 Sync 0
11:0 Async 0
11:0 Total 0
253:0 Read 669798400
253:0 Write 856064
253:0 Sync 200704
253:0 Async 670453760
253:0 Total 670654464
Total 670654464
--------------------CPUAC-----------------------
user 402
system 288
 
--------------------MEMCG-----------------------
MEM ONLY  : 953 MB
MEM+SWAP  : 953 MB
cache 741810176
rss 258121728
rss_huge 0
mapped_file 36581376
writeback 0
swap 0
pgpgin 348003
pgpgout 103879
pgfault 239756
pgmajfault 488
inactive_anon 47693824
active_anon 210497536
inactive_file 630308864
active_file 111403008
unevictable 4096
hierarchical_memory_limit 999997440
hierarchical_memsw_limit 9223372036854771712
total_cache 741810176
total_rss 258121728
total_rss_huge 0
total_mapped_file 36581376
total_writeback 0
total_swap 0
total_pgpgin 348003
total_pgpgout 103879
total_pgfault 239756
total_pgmajfault 488
total_inactive_anon 47693824
total_active_anon 210497536
total_inactive_file 630308864
total_active_file 111403008
total_unevictable 4096
--------------------BLKIO-----------------------
11:0 Read 0
11:0 Write 0
11:0 Sync 0
11:0 Async 0
11:0 Total 0
253:0 Read 765014016
253:0 Write 942080
253:0 Sync 200704
253:0 Async 765755392
253:0 Total 765956096
Total 765956096
--------------------CPUAC-----------------------
user 462
system 321
 
--------------------MEMCG-----------------------
MEM ONLY  : 953 MB
MEM+SWAP  : 953 MB
cache 741568512
rss 258404352
rss_huge 0
mapped_file 36581376
writeback 0
swap 0
pgpgin 372206
pgpgout 128072
pgfault 239915
pgmajfault 488
inactive_anon 129351680
active_anon 129122304
inactive_file 607260672
active_file 134230016
unevictable 4096
hierarchical_memory_limit 999997440
hierarchical_memsw_limit 9223372036854771712
total_cache 741568512
total_rss 258404352
total_rss_huge 0
total_mapped_file 36581376
total_writeback 0
total_swap 0
total_pgpgin 372206
total_pgpgout 128072
total_pgfault 239915
total_pgmajfault 488
total_inactive_anon 129351680
total_active_anon 129122304
total_inactive_file 607260672
total_active_file 134230016
total_unevictable 4096
--------------------BLKIO-----------------------
11:0 Read 0
11:0 Write 0
11:0 Sync 0
11:0 Async 0
11:0 Total 0
253:0 Read 861134848
253:0 Write 1032192
253:0 Sync 200704
253:0 Async 861966336
253:0 Total 862167040
Total 862167040
--------------------CPUAC-----------------------
user 524
system 379
 
--------------------MEMCG-----------------------
MEM ONLY  : 953 MB
MEM+SWAP  : 953 MB
cache 741457920
rss 258453504
rss_huge 0
mapped_file 36581376
writeback 0
swap 0
pgpgin 397438
pgpgout 153319
pgfault 240017
pgmajfault 488
inactive_anon 129482752
active_anon 129040384
inactive_file 579055616
active_file 162279424
unevictable 4096
hierarchical_memory_limit 999997440
hierarchical_memsw_limit 9223372036854771712
total_cache 741457920
total_rss 258453504
total_rss_huge 0
total_mapped_file 36581376
total_writeback 0
total_swap 0
total_pgpgin 397438
total_pgpgout 153319
total_pgfault 240017
total_pgmajfault 488
total_inactive_anon 129482752
total_active_anon 129040384
total_inactive_file 579055616
total_active_file 162279424
total_unevictable 4096
--------------------BLKIO-----------------------
11:0 Read 0
11:0 Write 0
11:0 Sync 0
11:0 Async 0
11:0 Total 0
253:0 Read 956903424
253:0 Write 1097728
253:0 Sync 200704
253:0 Async 957800448
253:0 Total 958001152
Total 958001152
--------------------CPUAC-----------------------
user 586
system 455
 
--------------------MEMCG-----------------------
MEM ONLY  : 953 MB
MEM+SWAP  : 953 MB
cache 741613568
rss 258289664
rss_huge 0
mapped_file 36581376
writeback 0
swap 0
pgpgin 423713
pgpgout 179596
pgfault 240131
pgmajfault 488
inactive_anon 129388544
active_anon 128970752
inactive_file 546983936
active_file 194519040
unevictable 4096
hierarchical_memory_limit 999997440
hierarchical_memsw_limit 9223372036854771712
total_cache 741613568
total_rss 258289664
total_rss_huge 0
total_mapped_file 36581376
total_writeback 0
total_swap 0
total_pgpgin 423713
total_pgpgout 179596
total_pgfault 240131
total_pgmajfault 488
total_inactive_anon 129388544
total_active_anon 128970752
total_inactive_file 546983936
total_active_file 194519040
total_unevictable 4096
--------------------BLKIO-----------------------
11:0 Read 0
11:0 Write 0
11:0 Sync 0
11:0 Async 0
11:0 Total 0
253:0 Read 1052205056
253:0 Write 1122304
253:0 Sync 200704
253:0 Async 1053126656
253:0 Total 1053327360
Total 1053327360
--------------------CPUAC-----------------------
user 646
system 554
 
--------------------MEMCG-----------------------
MEM ONLY  : 953 MB
MEM+SWAP  : 953 MB
cache 741842944
rss 258019328
rss_huge 0
mapped_file 36581376
writeback 0
swap 0
pgpgin 451579
pgpgout 207472
pgfault 240269
pgmajfault 488
inactive_anon 129290240
active_anon 128798720
inactive_file 513839104
active_file 227893248
unevictable 4096
hierarchical_memory_limit 999997440
hierarchical_memsw_limit 9223372036854771712
total_cache 741842944
total_rss 258019328
total_rss_huge 0
total_mapped_file 36581376
total_writeback 0
total_swap 0
total_pgpgin 451579
total_pgpgout 207472
total_pgfault 240269
total_pgmajfault 488
total_inactive_anon 129290240
total_active_anon 128798720
total_inactive_file 513839104
total_active_file 227893248
total_unevictable 4096
--------------------BLKIO-----------------------
11:0 Read 0
11:0 Write 0
11:0 Sync 0
11:0 Async 0
11:0 Total 0
253:0 Read 1147179008
253:0 Write 1163264
253:0 Sync 200704
253:0 Async 1148141568
253:0 Total 1148342272
Total 1148342272
--------------------CPUAC-----------------------
user 711
system 696
 
--------------------MEMCG-----------------------
MEM ONLY  : 953 MB
MEM+SWAP  : 953 MB
cache 741920768
rss 257851392
rss_huge 0
mapped_file 36581376
writeback 0
swap 0
pgpgin 480893
pgpgout 236808
pgfault 240369
pgmajfault 488
inactive_anon 129290240
active_anon 128630784
inactive_file 481652736
active_file 260141056
unevictable 4096
hierarchical_memory_limit 999997440
hierarchical_memsw_limit 9223372036854771712
total_cache 741920768
total_rss 257851392
total_rss_huge 0
total_mapped_file 36581376
total_writeback 0
total_swap 0
total_pgpgin 480893
total_pgpgout 236808
total_pgfault 240369
total_pgmajfault 488
total_inactive_anon 129290240
total_active_anon 128630784
total_inactive_file 481652736
total_active_file 260141056
total_unevictable 4096
--------------------BLKIO-----------------------
11:0 Read 0
11:0 Write 0
11:0 Sync 0
11:0 Async 0
11:0 Total 0
253:0 Read 1241505792
253:0 Write 1212416
253:0 Sync 200704
253:0 Async 1242517504
253:0 Total 1242718208
Total 1242718208
--------------------CPUAC-----------------------
user 775
system 865
 
--------------------MEMCG-----------------------
MEM ONLY  : 953 MB
MEM+SWAP  : 953 MB
cache 742019072
rss 257859584
rss_huge 0
mapped_file 36495360
writeback 0
swap 0
pgpgin 512031
pgpgout 267920
pgfault 240481
pgmajfault 488
inactive_anon 129290240
active_anon 128638976
inactive_file 443400192
active_file 298545152
unevictable 4096
hierarchical_memory_limit 999997440
hierarchical_memsw_limit 9223372036854771712
total_cache 742019072
total_rss 257859584
total_rss_huge 0
total_mapped_file 36495360
total_writeback 0
total_swap 0
total_pgpgin 512031
total_pgpgout 267920
total_pgfault 240481
total_pgmajfault 488
total_inactive_anon 129290240
total_active_anon 128638976
total_inactive_file 443400192
total_active_file 298545152
total_unevictable 4096
--------------------BLKIO-----------------------
11:0 Read 0
11:0 Write 0
11:0 Sync 0
11:0 Async 0
11:0 Total 0
253:0 Read 1331757056
253:0 Write 1269760
253:0 Sync 200704
253:0 Async 1332826112
253:0 Total 1333026816
Total 1333026816
--------------------CPUAC-----------------------
user 840
system 1112
 
--------------------MEMCG-----------------------
MEM ONLY  : 953 MB
MEM+SWAP  : 953 MB
cache 741605376
rss 258199552
rss_huge 0
mapped_file 36495360
writeback 0
swap 0
pgpgin 545515
pgpgout 301422
pgfault 240654
pgmajfault 488
inactive_anon 129290240
active_anon 128978944
inactive_file 404254720
active_file 337272832
unevictable 4096
hierarchical_memory_limit 999997440
hierarchical_memsw_limit 9223372036854771712
total_cache 741605376
total_rss 258199552
total_rss_huge 0
total_mapped_file 36495360
total_writeback 0
total_swap 0
total_pgpgin 545515
total_pgpgout 301422
total_pgfault 240654
total_pgmajfault 488
total_inactive_anon 129290240
total_active_anon 128978944
total_inactive_file 404254720
total_active_file 337272832
total_unevictable 4096
--------------------BLKIO-----------------------
11:0 Read 0
11:0 Write 0
11:0 Sync 0
11:0 Async 0
11:0 Total 0
253:0 Read 1419976704
253:0 Write 1331200
253:0 Sync 200704
253:0 Async 1421107200
253:0 Total 1421307904
Total 1421307904
--------------------CPUAC-----------------------
user 912
system 1394
 
--------------------MEMCG-----------------------
MEM ONLY  : 953 MB
MEM+SWAP  : 953 MB
cache 741412864
rss 258363392
rss_huge 0
mapped_file 36495360
writeback 0
swap 0
pgpgin 580038
pgpgout 335952
pgfault 240800
pgmajfault 488
inactive_anon 129290240
active_anon 129142784
inactive_file 370372608
active_file 370966528
unevictable 4096
hierarchical_memory_limit 999997440
hierarchical_memsw_limit 9223372036854771712
total_cache 741412864
total_rss 258363392
total_rss_huge 0
total_mapped_file 36495360
total_writeback 0
total_swap 0
total_pgpgin 580038
total_pgpgout 335952
total_pgfault 240800
total_pgmajfault 488
total_inactive_anon 129290240
total_active_anon 129142784
total_inactive_file 370372608
total_active_file 370966528
total_unevictable 4096
--------------------BLKIO-----------------------
11:0 Read 0
11:0 Write 0
11:0 Sync 0
11:0 Async 0
11:0 Total 0
253:0 Read 1505153024
253:0 Write 1404928
253:0 Sync 200704
253:0 Async 1506357248
253:0 Total 1506557952
Total 1506557952
--------------------CPUAC-----------------------
user 978
system 1718
 
--------------------MEMCG-----------------------
MEM ONLY  : 953 MB
MEM+SWAP  : 953 MB
cache 741302272
rss 258482176
rss_huge 0
mapped_file 36495360
writeback 0
swap 0
pgpgin 616632
pgpgout 372544
pgfault 240919
pgmajfault 488
inactive_anon 129421312
active_anon 129130496
inactive_file 370712576
active_file 370487296
unevictable 4096
hierarchical_memory_limit 999997440
hierarchical_memsw_limit 9223372036854771712
total_cache 741302272
total_rss 258482176
total_rss_huge 0
total_mapped_file 36495360
total_writeback 0
total_swap 0
total_pgpgin 616632
total_pgpgout 372544
total_pgfault 240919
total_pgmajfault 488
total_inactive_anon 129421312
total_active_anon 129130496
total_inactive_file 370712576
total_active_file 370487296
total_unevictable 4096
--------------------BLKIO-----------------------
11:0 Read 0
11:0 Write 0
11:0 Sync 0
11:0 Async 0
11:0 Total 0
253:0 Read 1587814400
253:0 Write 1486848
253:0 Sync 200704
253:0 Async 1589100544
253:0 Total 1589301248
Total 1589301248
--------------------CPUAC-----------------------
user 1052
system 2107
 
--------------------MEMCG-----------------------
MEM ONLY  : 953 MB
MEM+SWAP  : 953 MB
cache 741257216
rss 258662400
rss_huge 0
mapped_file 36495360
writeback 0
swap 0
pgpgin 656790
pgpgout 412669
pgfault 241053
pgmajfault 488
inactive_anon 129421312
active_anon 129310720
inactive_file 370716672
active_file 370450432
unevictable 4096
hierarchical_memory_limit 999997440
hierarchical_memsw_limit 9223372036854771712
total_cache 741257216
total_rss 258662400
total_rss_huge 0
total_mapped_file 36495360
total_writeback 0
total_swap 0
total_pgpgin 656790
total_pgpgout 412669
total_pgfault 241053
total_pgmajfault 488
total_inactive_anon 129421312
total_active_anon 129310720
total_inactive_file 370716672
total_active_file 370450432
total_unevictable 4096
--------------------BLKIO-----------------------
11:0 Read 0
11:0 Write 0
11:0 Sync 0
11:0 Async 0
11:0 Total 0
253:0 Read 1668759552
253:0 Write 1572864
253:0 Sync 200704
253:0 Async 1670131712
253:0 Total 1670332416
Total 1670332416
--------------------CPUAC-----------------------
user 1120
system 2564
 
--------------------MEMCG-----------------------
MEM ONLY  : 953 MB
MEM+SWAP  : 953 MB
cache 741195776
rss 258678784
rss_huge 0
mapped_file 36491264
writeback 0
swap 0
pgpgin 698326
pgpgout 454216
pgfault 241147
pgmajfault 488
inactive_anon 129421312
active_anon 129327104
inactive_file 370667520
active_file 370446336
unevictable 4096
hierarchical_memory_limit 999997440
hierarchical_memsw_limit 9223372036854771712
total_cache 741195776
total_rss 258678784
total_rss_huge 0
total_mapped_file 36491264
total_writeback 0
total_swap 0
total_pgpgin 698326
total_pgpgout 454216
total_pgfault 241147
total_pgmajfault 488
total_inactive_anon 129421312
total_active_anon 129327104
total_inactive_file 370667520
total_active_file 370446336
total_unevictable 4096
--------------------BLKIO-----------------------
11:0 Read 0
11:0 Write 0
11:0 Sync 0
11:0 Async 0
11:0 Total 0
253:0 Read 1744429056
253:0 Write 1671168
253:0 Sync 200704
253:0 Async 1745899520
253:0 Total 1746100224
Total 1746100224
--------------------CPUAC-----------------------
user 1202
system 3106
 
