--------------------MEMCG-----------------------
MEM ONLY  : 953 MB
MEM+SWAP  : 953 MB
cache 742785024
rss 257183744
rss_huge 0
mapped_file 37269504
writeback 0
swap 0
pgpgin 638387
pgpgout 394254
pgfault 241488
pgmajfault 499
inactive_anon 129204224
active_anon 128049152
inactive_file 371519488
active_file 371163136
unevictable 4096
hierarchical_memory_limit 999997440
hierarchical_memsw_limit 9223372036854771712
total_cache 742785024
total_rss 257183744
total_rss_huge 0
total_mapped_file 37269504
total_writeback 0
total_swap 0
total_pgpgin 638387
total_pgpgout 394254
total_pgfault 241488
total_pgmajfault 499
total_inactive_anon 129204224
total_active_anon 128049152
total_inactive_file 371519488
total_active_file 371163136
total_unevictable 4096
--------------------BLKIO-----------------------
11:0 Read 0
11:0 Write 0
11:0 Sync 0
11:0 Async 0
11:0 Total 0
253:0 Read 1946349568
253:0 Write 1740800
253:0 Sync 196608
253:0 Async 1947893760
253:0 Total 1948090368
Total 1948090368
--------------------CPUAC-----------------------
user 955
system 744
 
--------------------MEMCG-----------------------
MEM ONLY  : 953 MB
MEM+SWAP  : 953 MB
cache 743002112
rss 256868352
rss_huge 0
mapped_file 37265408
writeback 0
swap 0
pgpgin 661778
pgpgout 417669
pgfault 241578
pgmajfault 499
inactive_anon 129204224
active_anon 127733760
inactive_file 371679232
active_file 371249152
unevictable 4096
hierarchical_memory_limit 999997440
hierarchical_memsw_limit 9223372036854771712
total_cache 743002112
total_rss 256868352
total_rss_huge 0
total_mapped_file 37265408
total_writeback 0
total_swap 0
total_pgpgin 661778
total_pgpgout 417669
total_pgfault 241578
total_pgmajfault 499
total_inactive_anon 129204224
total_active_anon 127733760
total_inactive_file 371679232
total_active_file 371249152
total_unevictable 4096
--------------------BLKIO-----------------------
11:0 Read 0
11:0 Write 0
11:0 Sync 0
11:0 Async 0
11:0 Total 0
253:0 Read 2041806848
253:0 Write 1777664
253:0 Sync 196608
253:0 Async 2043387904
253:0 Total 2043584512
Total 2043584512
--------------------CPUAC-----------------------
user 996
system 782
 
--------------------MEMCG-----------------------
MEM ONLY  : 953 MB
MEM+SWAP  : 953 MB
cache 742752256
rss 257142784
rss_huge 0
mapped_file 37265408
writeback 0
swap 0
pgpgin 685259
pgpgout 441144
pgfault 241751
pgmajfault 499
inactive_anon 129204224
active_anon 128008192
inactive_file 371449856
active_file 371200000
unevictable 4096
hierarchical_memory_limit 999997440
hierarchical_memsw_limit 9223372036854771712
total_cache 742752256
total_rss 257142784
total_rss_huge 0
total_mapped_file 37265408
total_writeback 0
total_swap 0
total_pgpgin 685259
total_pgpgout 441144
total_pgfault 241751
total_pgmajfault 499
total_inactive_anon 129204224
total_active_anon 128008192
total_inactive_file 371449856
total_active_file 371200000
total_unevictable 4096
--------------------BLKIO-----------------------
11:0 Read 0
11:0 Write 0
11:0 Sync 0
11:0 Async 0
11:0 Total 0
253:0 Read 2137198592
253:0 Write 1826816
253:0 Sync 196608
253:0 Async 2138828800
253:0 Total 2139025408
Total 2139025408
--------------------CPUAC-----------------------
user 1044
system 809
 
--------------------MEMCG-----------------------
MEM ONLY  : 953 MB
MEM+SWAP  : 953 MB
cache 743174144
rss 256811008
rss_huge 0
mapped_file 37265408
writeback 0
swap 0
pgpgin 708989
pgpgout 464852
pgfault 241841
pgmajfault 499
inactive_anon 128872448
active_anon 128008192
inactive_file 371625984
active_file 371474432
unevictable 4096
hierarchical_memory_limit 999997440
hierarchical_memsw_limit 9223372036854771712
total_cache 743174144
total_rss 256811008
total_rss_huge 0
total_mapped_file 37265408
total_writeback 0
total_swap 0
total_pgpgin 708989
total_pgpgout 464852
total_pgfault 241841
total_pgmajfault 499
total_inactive_anon 128872448
total_active_anon 128008192
total_inactive_file 371625984
total_active_file 371474432
total_unevictable 4096
--------------------BLKIO-----------------------
11:0 Read 0
11:0 Write 0
11:0 Sync 0
11:0 Async 0
11:0 Total 0
253:0 Read 2233946112
253:0 Write 1880064
253:0 Sync 196608
253:0 Async 2235629568
253:0 Total 2235826176
Total 2235826176
--------------------CPUAC-----------------------
user 1093
system 838
 
--------------------MEMCG-----------------------
MEM ONLY  : 953 MB
MEM+SWAP  : 953 MB
cache 743358464
rss 256409600
rss_huge 0
mapped_file 19324928
writeback 0
swap 0
pgpgin 732997
pgpgout 488913
pgfault 241931
pgmajfault 499
inactive_anon 128872448
active_anon 127606784
inactive_file 371712000
active_file 371564544
unevictable 4096
hierarchical_memory_limit 999997440
hierarchical_memsw_limit 9223372036854771712
total_cache 743358464
total_rss 256409600
total_rss_huge 0
total_mapped_file 19324928
total_writeback 0
total_swap 0
total_pgpgin 732997
total_pgpgout 488913
total_pgfault 241931
total_pgmajfault 499
total_inactive_anon 128872448
total_active_anon 127606784
total_inactive_file 371712000
total_active_file 371564544
total_unevictable 4096
--------------------BLKIO-----------------------
11:0 Read 0
11:0 Write 0
11:0 Sync 0
11:0 Async 0
11:0 Total 0
253:0 Read 2331852800
253:0 Write 1941504
253:0 Sync 196608
253:0 Async 2333597696
253:0 Total 2333794304
Total 2333794304
--------------------CPUAC-----------------------
user 1139
system 878
 
--------------------MEMCG-----------------------
MEM ONLY  : 953 MB
MEM+SWAP  : 953 MB
cache 743923712
rss 255979520
rss_huge 0
mapped_file 8261632
writeback 0
swap 0
pgpgin 756766
pgpgout 512649
pgfault 242021
pgmajfault 499
inactive_anon 128872448
active_anon 127176704
inactive_file 371978240
active_file 371871744
unevictable 4096
hierarchical_memory_limit 999997440
hierarchical_memsw_limit 9223372036854771712
total_cache 743923712
total_rss 255979520
total_rss_huge 0
total_mapped_file 8261632
total_writeback 0
total_swap 0
total_pgpgin 756766
total_pgpgout 512649
total_pgfault 242021
total_pgmajfault 499
total_inactive_anon 128872448
total_active_anon 127176704
total_inactive_file 371978240
total_active_file 371871744
total_unevictable 4096
--------------------BLKIO-----------------------
11:0 Read 0
11:0 Write 0
11:0 Sync 0
11:0 Async 0
11:0 Total 0
253:0 Read 2428772352
253:0 Write 2011136
253:0 Sync 196608
253:0 Async 2430586880
253:0 Total 2430783488
Total 2430783488
--------------------CPUAC-----------------------
user 1179
system 914
 
--------------------MEMCG-----------------------
MEM ONLY  : 953 MB
MEM+SWAP  : 953 MB
cache 744292352
rss 255606784
rss_huge 0
mapped_file 8261632
writeback 0
swap 0
pgpgin 780885
pgpgout 536769
pgfault 242126
pgmajfault 499
inactive_anon 128872448
active_anon 126803968
inactive_file 372183040
active_file 372006912
unevictable 4096
hierarchical_memory_limit 999997440
hierarchical_memsw_limit 9223372036854771712
total_cache 744292352
total_rss 255606784
total_rss_huge 0
total_mapped_file 8261632
total_writeback 0
total_swap 0
total_pgpgin 780885
total_pgpgout 536769
total_pgfault 242126
total_pgmajfault 499
total_inactive_anon 128872448
total_active_anon 126803968
total_inactive_file 372183040
total_active_file 372006912
total_unevictable 4096
--------------------BLKIO-----------------------
11:0 Read 0
11:0 Write 0
11:0 Sync 0
11:0 Async 0
11:0 Total 0
253:0 Read 2527117312
253:0 Write 2084864
253:0 Sync 196608
253:0 Async 2529005568
253:0 Total 2529202176
Total 2529202176
--------------------CPUAC-----------------------
user 1220
system 948
 
--------------------MEMCG-----------------------
MEM ONLY  : 953 MB
MEM+SWAP  : 953 MB
cache 744521728
rss 255385600
rss_huge 0
mapped_file 8261632
writeback 0
swap 0
pgpgin 805264
pgpgout 561146
pgfault 242216
pgmajfault 499
inactive_anon 128872448
active_anon 126582784
inactive_file 372322304
active_file 372088832
unevictable 4096
hierarchical_memory_limit 999997440
hierarchical_memsw_limit 9223372036854771712
total_cache 744521728
total_rss 255385600
total_rss_huge 0
total_mapped_file 8261632
total_writeback 0
total_swap 0
total_pgpgin 805264
total_pgpgout 561146
total_pgfault 242216
total_pgmajfault 499
total_inactive_anon 128872448
total_active_anon 126582784
total_inactive_file 372322304
total_active_file 372088832
total_unevictable 4096
--------------------BLKIO-----------------------
11:0 Read 0
11:0 Write 0
11:0 Sync 0
11:0 Async 0
11:0 Total 0
253:0 Read 2626502656
253:0 Write 2097152
253:0 Sync 196608
253:0 Async 2628403200
253:0 Total 2628599808
Total 2628599808
--------------------CPUAC-----------------------
user 1262
system 990
 
--------------------MEMCG-----------------------
MEM ONLY  : 953 MB
MEM+SWAP  : 953 MB
cache 744366080
rss 255422464
rss_huge 0
mapped_file 8261632
writeback 0
swap 0
pgpgin 829435
pgpgout 585346
pgfault 242315
pgmajfault 499
inactive_anon 128872448
active_anon 126619648
inactive_file 372166656
active_file 372125696
unevictable 4096
hierarchical_memory_limit 999997440
hierarchical_memsw_limit 9223372036854771712
total_cache 744366080
total_rss 255422464
total_rss_huge 0
total_mapped_file 8261632
total_writeback 0
total_swap 0
total_pgpgin 829435
total_pgpgout 585346
total_pgfault 242315
total_pgmajfault 499
total_inactive_anon 128872448
total_active_anon 126619648
total_inactive_file 372166656
total_active_file 372125696
total_unevictable 4096
--------------------BLKIO-----------------------
11:0 Read 0
11:0 Write 0
11:0 Sync 0
11:0 Async 0
11:0 Total 0
253:0 Read 2725064704
253:0 Write 2134016
253:0 Sync 196608
253:0 Async 2727002112
253:0 Total 2727198720
Total 2727198720
--------------------CPUAC-----------------------
user 1303
system 1024
 
--------------------MEMCG-----------------------
MEM ONLY  : 953 MB
MEM+SWAP  : 953 MB
cache 744222720
rss 255602688
rss_huge 0
mapped_file 8261632
writeback 0
swap 0
pgpgin 854321
pgpgout 610223
pgfault 242481
pgmajfault 499
inactive_anon 128872448
active_anon 126799872
inactive_file 372297728
active_file 371851264
unevictable 4096
hierarchical_memory_limit 999997440
hierarchical_memsw_limit 9223372036854771712
total_cache 744222720
total_rss 255602688
total_rss_huge 0
total_mapped_file 8261632
total_writeback 0
total_swap 0
total_pgpgin 854321
total_pgpgout 610223
total_pgfault 242481
total_pgmajfault 499
total_inactive_anon 128872448
total_active_anon 126799872
total_inactive_file 372297728
total_active_file 371851264
total_unevictable 4096
--------------------BLKIO-----------------------
11:0 Read 0
11:0 Write 0
11:0 Sync 0
11:0 Async 0
11:0 Total 0
253:0 Read 2826276864
253:0 Write 2179072
253:0 Sync 196608
253:0 Async 2828259328
253:0 Total 2828455936
Total 2828455936
--------------------CPUAC-----------------------
user 1341
system 1071
 
--------------------MEMCG-----------------------
MEM ONLY  : 953 MB
MEM+SWAP  : 953 MB
cache 744177664
rss 255619072
rss_huge 0
mapped_file 8261632
writeback 0
swap 0
pgpgin 878527
pgpgout 634436
pgfault 242575
pgmajfault 499
inactive_anon 128872448
active_anon 126816256
inactive_file 372236288
active_file 371867648
unevictable 4096
hierarchical_memory_limit 999997440
hierarchical_memsw_limit 9223372036854771712
total_cache 744177664
total_rss 255619072
total_rss_huge 0
total_mapped_file 8261632
total_writeback 0
total_swap 0
total_pgpgin 878527
total_pgpgout 634436
total_pgfault 242575
total_pgmajfault 499
total_inactive_anon 128872448
total_active_anon 126816256
total_inactive_file 372236288
total_active_file 371867648
total_unevictable 4096
--------------------BLKIO-----------------------
11:0 Read 0
11:0 Write 0
11:0 Sync 0
11:0 Async 0
11:0 Total 0
253:0 Read 2924990464
253:0 Write 2228224
253:0 Sync 196608
253:0 Async 2927022080
253:0 Total 2927218688
Total 2927218688
--------------------CPUAC-----------------------
user 1388
system 1111
 
--------------------MEMCG-----------------------
MEM ONLY  : 953 MB
MEM+SWAP  : 953 MB
cache 744148992
rss 255639552
rss_huge 0
mapped_file 8261632
writeback 0
swap 0
pgpgin 902513
pgpgout 658424
pgfault 242670
pgmajfault 499
inactive_anon 128872448
active_anon 126836736
inactive_file 372117504
active_file 371920896
unevictable 4096
hierarchical_memory_limit 999997440
hierarchical_memsw_limit 9223372036854771712
total_cache 744148992
total_rss 255639552
total_rss_huge 0
total_mapped_file 8261632
total_writeback 0
total_swap 0
total_pgpgin 902513
total_pgpgout 658424
total_pgfault 242670
total_pgmajfault 499
total_inactive_anon 128872448
total_active_anon 126836736
total_inactive_file 372117504
total_active_file 371920896
total_unevictable 4096
--------------------BLKIO-----------------------
11:0 Read 0
11:0 Write 0
11:0 Sync 0
11:0 Async 0
11:0 Total 0
253:0 Read 3022786560
253:0 Write 2289664
253:0 Sync 196608
253:0 Async 3024879616
253:0 Total 3025076224
Total 3025076224
--------------------CPUAC-----------------------
user 1433
system 1146
 
--------------------MEMCG-----------------------
MEM ONLY  : 953 MB
MEM+SWAP  : 953 MB
cache 743837696
rss 255971328
rss_huge 0
mapped_file 8261632
writeback 0
swap 0
pgpgin 926881
pgpgout 682787
pgfault 242841
pgmajfault 499
inactive_anon 128872448
active_anon 127168512
inactive_file 371937280
active_file 371777536
unevictable 4096
hierarchical_memory_limit 999997440
hierarchical_memsw_limit 9223372036854771712
total_cache 743837696
total_rss 255971328
total_rss_huge 0
total_mapped_file 8261632
total_writeback 0
total_swap 0
total_pgpgin 926881
total_pgpgout 682787
total_pgfault 242841
total_pgmajfault 499
total_inactive_anon 128872448
total_active_anon 127168512
total_inactive_file 371937280
total_active_file 371777536
total_unevictable 4096
--------------------BLKIO-----------------------
11:0 Read 0
11:0 Write 0
11:0 Sync 0
11:0 Async 0
11:0 Total 0
253:0 Read 3121860608
253:0 Write 2355200
253:0 Sync 196608
253:0 Async 3124019200
253:0 Total 3124215808
Total 3124215808
--------------------CPUAC-----------------------
user 1475
system 1188
 
--------------------MEMCG-----------------------
MEM ONLY  : 953 MB
MEM+SWAP  : 953 MB
cache 744071168
rss 255913984
rss_huge 0
mapped_file 8261632
writeback 0
swap 0
pgpgin 950848
pgpgout 706711
pgfault 242967
pgmajfault 499
inactive_anon 128811008
active_anon 127172608
inactive_file 372064256
active_file 371929088
unevictable 4096
hierarchical_memory_limit 999997440
hierarchical_memsw_limit 9223372036854771712
total_cache 744071168
total_rss 255913984
total_rss_huge 0
total_mapped_file 8261632
total_writeback 0
total_swap 0
total_pgpgin 950848
total_pgpgout 706711
total_pgfault 242967
total_pgmajfault 499
total_inactive_anon 128811008
total_active_anon 127172608
total_inactive_file 372064256
total_active_file 371929088
total_unevictable 4096
--------------------BLKIO-----------------------
11:0 Read 0
11:0 Write 0
11:0 Sync 0
11:0 Async 0
11:0 Total 0
253:0 Read 3219415040
253:0 Write 2428928
253:0 Sync 196608
253:0 Async 3221647360
253:0 Total 3221843968
Total 3221843968
--------------------CPUAC-----------------------
user 1520
system 1224
 
--------------------MEMCG-----------------------
MEM ONLY  : 953 MB
MEM+SWAP  : 953 MB
cache 743849984
rss 256061440
rss_huge 0
mapped_file 7938048
writeback 0
swap 0
pgpgin 975861
pgpgout 731742
pgfault 243264
pgmajfault 499
inactive_anon 128565248
active_anon 127565824
inactive_file 372326400
active_file 371449856
unevictable 4096
hierarchical_memory_limit 999997440
hierarchical_memsw_limit 9223372036854771712
total_cache 743849984
total_rss 256061440
total_rss_huge 0
total_mapped_file 7938048
total_writeback 0
total_swap 0
total_pgpgin 975861
total_pgpgout 731742
total_pgfault 243264
total_pgmajfault 499
total_inactive_anon 128565248
total_active_anon 127565824
total_inactive_file 372326400
total_active_file 371449856
total_unevictable 4096
--------------------BLKIO-----------------------
11:0 Read 0
11:0 Write 0
11:0 Sync 0
11:0 Async 0
11:0 Total 0
253:0 Read 3320582144
253:0 Write 2506752
253:0 Sync 196608
253:0 Async 3322892288
253:0 Total 3323088896
Total 3323088896
--------------------CPUAC-----------------------
user 1564
system 1260
 
--------------------MEMCG-----------------------
MEM ONLY  : 953 MB
MEM+SWAP  : 953 MB
cache 743051264
rss 256720896
rss_huge 0
mapped_file 4218880
writeback 0
swap 0
pgpgin 1000264
pgpgout 756179
pgfault 243624
pgmajfault 499
inactive_anon 128827392
active_anon 127963136
inactive_file 371646464
active_file 371331072
unevictable 4096
hierarchical_memory_limit 999997440
hierarchical_memsw_limit 9223372036854771712
total_cache 743051264
total_rss 256720896
total_rss_huge 0
total_mapped_file 4218880
total_writeback 0
total_swap 0
total_pgpgin 1000264
total_pgpgout 756179
total_pgfault 243624
total_pgmajfault 499
total_inactive_anon 128827392
total_active_anon 127963136
total_inactive_file 371646464
total_active_file 371331072
total_unevictable 4096
--------------------BLKIO-----------------------
11:0 Read 0
11:0 Write 0
11:0 Sync 0
11:0 Async 0
11:0 Total 0
253:0 Read 3418980352
253:0 Write 2592768
253:0 Sync 196608
253:0 Async 3421376512
253:0 Total 3421573120
Total 3421573120
--------------------CPUAC-----------------------
user 1603
system 1293
 
--------------------MEMCG-----------------------
MEM ONLY  : 953 MB
MEM+SWAP  : 953 MB
cache 741384192
rss 258379776
rss_huge 0
mapped_file 4280320
writeback 0
swap 0
pgpgin 1024498
pgpgout 780415
pgfault 244121
pgmajfault 500
inactive_anon 129351680
active_anon 129097728
inactive_file 370720768
active_file 370589696
unevictable 4096
hierarchical_memory_limit 999997440
hierarchical_memsw_limit 9223372036854771712
total_cache 741384192
total_rss 258379776
total_rss_huge 0
total_mapped_file 4280320
total_writeback 0
total_swap 0
total_pgpgin 1024498
total_pgpgout 780415
total_pgfault 244121
total_pgmajfault 500
total_inactive_anon 129351680
total_active_anon 129097728
total_inactive_file 370720768
total_active_file 370589696
total_unevictable 4096
--------------------BLKIO-----------------------
11:0 Read 0
11:0 Write 0
11:0 Sync 0
11:0 Async 0
11:0 Total 0
253:0 Read 3516116992
253:0 Write 2691072
253:0 Sync 196608
253:0 Async 3518611456
253:0 Total 3518808064
Total 3518808064
--------------------CPUAC-----------------------
user 1646
system 1327
 
--------------------MEMCG-----------------------
MEM ONLY  : 953 MB
MEM+SWAP  : 953 MB
cache 741449728
rss 258326528
rss_huge 0
mapped_file 4050944
writeback 0
swap 0
pgpgin 1049094
pgpgout 805008
pgfault 244263
pgmajfault 500
inactive_anon 129351680
active_anon 129044480
inactive_file 370798592
active_file 370556928
unevictable 4096
hierarchical_memory_limit 999997440
hierarchical_memsw_limit 9223372036854771712
total_cache 741449728
total_rss 258326528
total_rss_huge 0
total_mapped_file 4050944
total_writeback 0
total_swap 0
total_pgpgin 1049094
total_pgpgout 805008
total_pgfault 244263
total_pgmajfault 500
total_inactive_anon 129351680
total_active_anon 129044480
total_inactive_file 370798592
total_active_file 370556928
total_unevictable 4096
--------------------BLKIO-----------------------
11:0 Read 0
11:0 Write 0
11:0 Sync 0
11:0 Async 0
11:0 Total 0
253:0 Read 3616227328
253:0 Write 2703360
253:0 Sync 196608
253:0 Async 3618734080
253:0 Total 3618930688
Total 3618930688
--------------------CPUAC-----------------------
user 1699
system 1362
 
--------------------MEMCG-----------------------
MEM ONLY  : 953 MB
MEM+SWAP  : 953 MB
cache 742215680
rss 257593344
rss_huge 0
mapped_file 3944448
writeback 0
swap 0
pgpgin 1073113
pgpgout 829019
pgfault 244357
pgmajfault 500
inactive_anon 129351680
active_anon 128311296
inactive_file 371183616
active_file 370929664
unevictable 4096
hierarchical_memory_limit 999997440
hierarchical_memsw_limit 9223372036854771712
total_cache 742215680
total_rss 257593344
total_rss_huge 0
total_mapped_file 3944448
total_writeback 0
total_swap 0
total_pgpgin 1073113
total_pgpgout 829019
total_pgfault 244357
total_pgmajfault 500
total_inactive_anon 129351680
total_active_anon 128311296
total_inactive_file 371183616
total_active_file 370929664
total_unevictable 4096
--------------------BLKIO-----------------------
11:0 Read 0
11:0 Write 0
11:0 Sync 0
11:0 Async 0
11:0 Total 0
253:0 Read 3714187264
253:0 Write 2740224
253:0 Sync 196608
253:0 Async 3716730880
253:0 Total 3716927488
Total 3716927488
--------------------CPUAC-----------------------
user 1738
system 1402
 
--------------------MEMCG-----------------------
MEM ONLY  : 953 MB
MEM+SWAP  : 953 MB
cache 742232064
rss 257724416
rss_huge 0
mapped_file 3944448
writeback 0
swap 0
pgpgin 1097503
pgpgout 853373
pgfault 244479
pgmajfault 500
inactive_anon 129351680
active_anon 128442368
inactive_file 371150848
active_file 370978816
unevictable 4096
hierarchical_memory_limit 999997440
hierarchical_memsw_limit 9223372036854771712
total_cache 742232064
total_rss 257724416
total_rss_huge 0
total_mapped_file 3944448
total_writeback 0
total_swap 0
total_pgpgin 1097503
total_pgpgout 853373
total_pgfault 244479
total_pgmajfault 500
total_inactive_anon 129351680
total_active_anon 128442368
total_inactive_file 371150848
total_active_file 370978816
total_unevictable 4096
--------------------BLKIO-----------------------
11:0 Read 0
11:0 Write 0
11:0 Sync 0
11:0 Async 0
11:0 Total 0
253:0 Read 3813543936
253:0 Write 2785280
253:0 Sync 196608
253:0 Async 3816132608
253:0 Total 3816329216
Total 3816329216
--------------------CPUAC-----------------------
user 1785
system 1436
 
