--------------------MEMCG-----------------------
MEM ONLY  : 108 MB
MEM+SWAP  : 108 MB
cache 68501504
rss 44699648
rss_huge 0
mapped_file 36769792
writeback 0
swap 0
pgpgin 124337
pgpgout 96700
pgfault 186156
pgmajfault 491
inactive_anon 49152
active_anon 44724224
inactive_file 53108736
active_file 15286272
unevictable 4096
hierarchical_memory_limit 999997440
hierarchical_memsw_limit 9223372036854771712
total_cache 68501504
total_rss 44699648
total_rss_huge 0
total_mapped_file 36769792
total_writeback 0
total_swap 0
total_pgpgin 124337
total_pgpgout 96700
total_pgfault 186156
total_pgmajfault 491
total_inactive_anon 49152
total_active_anon 44724224
total_inactive_file 53108736
total_active_file 15286272
total_unevictable 4096
--------------------BLKIO-----------------------
11:0 Read 0
11:0 Write 0
11:0 Sync 0
11:0 Async 0
11:0 Total 0
253:0 Read 68268032
253:0 Write 348160
253:0 Sync 61440
253:0 Async 68554752
253:0 Total 68616192
Total 68616192
--------------------CPUAC-----------------------
user 53
system 103
 
--------------------MEMCG-----------------------
MEM ONLY  : 270 MB
MEM+SWAP  : 270 MB
cache 151154688
rss 132329472
rss_huge 0
mapped_file 36749312
writeback 0
swap 0
pgpgin 166589
pgpgout 97379
pgfault 208857
pgmajfault 491
inactive_anon 45056
active_anon 132349952
inactive_file 135041024
active_file 16011264
unevictable 4096
hierarchical_memory_limit 999997440
hierarchical_memsw_limit 9223372036854771712
total_cache 151154688
total_rss 132329472
total_rss_huge 0
total_mapped_file 36749312
total_writeback 0
total_swap 0
total_pgpgin 166589
total_pgpgout 97379
total_pgfault 208857
total_pgmajfault 491
total_inactive_anon 45056
total_active_anon 132349952
total_inactive_file 135041024
total_active_file 16011264
total_unevictable 4096
--------------------BLKIO-----------------------
11:0 Read 0
11:0 Write 0
11:0 Sync 0
11:0 Async 0
11:0 Total 0
253:0 Read 150917120
253:0 Write 380928
253:0 Sync 61440
253:0 Async 151236608
253:0 Total 151298048
Total 151298048
--------------------CPUAC-----------------------
user 93
system 128
 
--------------------MEMCG-----------------------
MEM ONLY  : 435 MB
MEM+SWAP  : 435 MB
cache 236609536
rss 220278784
rss_huge 0
mapped_file 36610048
writeback 0
swap 0
pgpgin 209093
pgpgout 97548
pgfault 230530
pgmajfault 491
inactive_anon 45056
active_anon 220291072
inactive_file 220471296
active_file 16035840
unevictable 4096
hierarchical_memory_limit 999997440
hierarchical_memsw_limit 9223372036854771712
total_cache 236609536
total_rss 220278784
total_rss_huge 0
total_mapped_file 36610048
total_writeback 0
total_swap 0
total_pgpgin 209093
total_pgpgout 97548
total_pgfault 230530
total_pgmajfault 491
total_inactive_anon 45056
total_active_anon 220291072
total_inactive_file 220471296
total_active_file 16035840
total_unevictable 4096
--------------------BLKIO-----------------------
11:0 Read 0
11:0 Write 0
11:0 Sync 0
11:0 Async 0
11:0 Total 0
253:0 Read 236355584
253:0 Write 516096
253:0 Sync 159744
253:0 Async 236711936
253:0 Total 236871680
Total 236871680
--------------------CPUAC-----------------------
user 131
system 155
 
--------------------MEMCG-----------------------
MEM ONLY  : 554 MB
MEM+SWAP  : 554 MB
cache 325173248
rss 256053248
rss_huge 0
mapped_file 36610048
writeback 0
swap 0
pgpgin 239550
pgpgout 97649
pgfault 239365
pgmajfault 491
inactive_anon 45056
active_anon 256077824
inactive_file 303042560
active_file 22003712
unevictable 4096
hierarchical_memory_limit 999997440
hierarchical_memsw_limit 9223372036854771712
total_cache 325173248
total_rss 256053248
total_rss_huge 0
total_mapped_file 36610048
total_writeback 0
total_swap 0
total_pgpgin 239550
total_pgpgout 97649
total_pgfault 239365
total_pgmajfault 491
total_inactive_anon 45056
total_active_anon 256077824
total_inactive_file 303042560
total_active_file 22003712
total_unevictable 4096
--------------------BLKIO-----------------------
11:0 Read 0
11:0 Write 0
11:0 Sync 0
11:0 Async 0
11:0 Total 0
253:0 Read 324915200
253:0 Write 565248
253:0 Sync 159744
253:0 Async 325320704
253:0 Total 325480448
Total 325480448
--------------------CPUAC-----------------------
user 180
system 183
 
--------------------MEMCG-----------------------
MEM ONLY  : 641 MB
MEM+SWAP  : 641 MB
cache 414785536
rss 258105344
rss_huge 0
mapped_file 36610048
writeback 0
swap 0
pgpgin 262095
pgpgout 97815
pgfault 240020
pgmajfault 491
inactive_anon 45056
active_anon 258129920
inactive_file 384561152
active_file 30093312
unevictable 4096
hierarchical_memory_limit 999997440
hierarchical_memsw_limit 9223372036854771712
total_cache 414785536
total_rss 258105344
total_rss_huge 0
total_mapped_file 36610048
total_writeback 0
total_swap 0
total_pgpgin 262095
total_pgpgout 97815
total_pgfault 240020
total_pgmajfault 491
total_inactive_anon 45056
total_active_anon 258129920
total_inactive_file 384561152
total_active_file 30093312
total_unevictable 4096
--------------------BLKIO-----------------------
11:0 Read 0
11:0 Write 0
11:0 Sync 0
11:0 Async 0
11:0 Total 0
253:0 Read 414523392
253:0 Write 659456
253:0 Sync 196608
253:0 Async 414986240
253:0 Total 415182848
Total 415182848
--------------------CPUAC-----------------------
user 229
system 212
 
--------------------MEMCG-----------------------
MEM ONLY  : 726 MB
MEM+SWAP  : 726 MB
cache 503566336
rss 257990656
rss_huge 0
mapped_file 36610048
writeback 0
swap 0
pgpgin 283917
pgpgout 97990
pgfault 240152
pgmajfault 491
inactive_anon 45056
active_anon 258015232
inactive_file 464322560
active_file 39170048
unevictable 4096
hierarchical_memory_limit 999997440
hierarchical_memsw_limit 9223372036854771712
total_cache 503566336
total_rss 257990656
total_rss_huge 0
total_mapped_file 36610048
total_writeback 0
total_swap 0
total_pgpgin 283917
total_pgpgout 97990
total_pgfault 240152
total_pgmajfault 491
total_inactive_anon 45056
total_active_anon 258015232
total_inactive_file 464322560
total_active_file 39170048
total_unevictable 4096
--------------------BLKIO-----------------------
11:0 Read 0
11:0 Write 0
11:0 Sync 0
11:0 Async 0
11:0 Total 0
253:0 Read 503304192
253:0 Write 720896
253:0 Sync 196608
253:0 Async 503828480
253:0 Total 504025088
Total 504025088
--------------------CPUAC-----------------------
user 280
system 244
 
--------------------MEMCG-----------------------
MEM ONLY  : 812 MB
MEM+SWAP  : 812 MB
cache 594284544
rss 257961984
rss_huge 0
mapped_file 36610048
writeback 0
swap 0
pgpgin 306253
pgpgout 98185
pgfault 240323
pgmajfault 491
inactive_anon 45056
active_anon 257986560
inactive_file 544202752
active_file 50008064
unevictable 4096
hierarchical_memory_limit 999997440
hierarchical_memsw_limit 9223372036854771712
total_cache 594284544
total_rss 257961984
total_rss_huge 0
total_mapped_file 36610048
total_writeback 0
total_swap 0
total_pgpgin 306253
total_pgpgout 98185
total_pgfault 240323
total_pgmajfault 491
total_inactive_anon 45056
total_active_anon 257986560
total_inactive_file 544202752
total_active_file 50008064
total_unevictable 4096
--------------------BLKIO-----------------------
11:0 Read 0
11:0 Write 0
11:0 Sync 0
11:0 Async 0
11:0 Total 0
253:0 Read 594018304
253:0 Write 794624
253:0 Sync 196608
253:0 Async 594616320
253:0 Total 594812928
Total 594812928
--------------------CPUAC-----------------------
user 339
system 274
 
--------------------MEMCG-----------------------
MEM ONLY  : 900 MB
MEM+SWAP  : 900 MB
cache 686514176
rss 258015232
rss_huge 0
mapped_file 36610048
writeback 0
swap 0
pgpgin 328922
pgpgout 98324
pgfault 240458
pgmajfault 491
inactive_anon 45056
active_anon 258039808
inactive_file 620683264
active_file 65757184
unevictable 4096
hierarchical_memory_limit 999997440
hierarchical_memsw_limit 9223372036854771712
total_cache 686514176
total_rss 258015232
total_rss_huge 0
total_mapped_file 36610048
total_writeback 0
total_swap 0
total_pgpgin 328922
total_pgpgout 98324
total_pgfault 240458
total_pgmajfault 491
total_inactive_anon 45056
total_active_anon 258039808
total_inactive_file 620683264
total_active_file 65757184
total_unevictable 4096
--------------------BLKIO-----------------------
11:0 Read 0
11:0 Write 0
11:0 Sync 0
11:0 Async 0
11:0 Total 0
253:0 Read 686243840
253:0 Write 872448
253:0 Sync 196608
253:0 Async 686919680
253:0 Total 687116288
Total 687116288
--------------------CPUAC-----------------------
user 402
system 299
 
--------------------MEMCG-----------------------
MEM ONLY  : 953 MB
MEM+SWAP  : 953 MB
cache 741953536
rss 258031616
rss_huge 0
mapped_file 36581376
writeback 0
swap 0
pgpgin 352734
pgpgout 108597
pgfault 240552
pgmajfault 491
inactive_anon 63029248
active_anon 195072000
inactive_file 624467968
active_file 117374976
unevictable 4096
hierarchical_memory_limit 999997440
hierarchical_memsw_limit 9223372036854771712
total_cache 741953536
total_rss 258031616
total_rss_huge 0
total_mapped_file 36581376
total_writeback 0
total_swap 0
total_pgpgin 352734
total_pgpgout 108597
total_pgfault 240552
total_pgmajfault 491
total_inactive_anon 63029248
total_active_anon 195072000
total_inactive_file 624467968
total_active_file 117374976
total_unevictable 4096
--------------------BLKIO-----------------------
11:0 Read 0
11:0 Write 0
11:0 Sync 0
11:0 Async 0
11:0 Total 0
253:0 Read 783077376
253:0 Write 958464
253:0 Sync 196608
253:0 Async 783839232
253:0 Total 784035840
Total 784035840
--------------------CPUAC-----------------------
user 469
system 337
 
--------------------MEMCG-----------------------
MEM ONLY  : 953 MB
MEM+SWAP  : 953 MB
cache 741863424
rss 258052096
rss_huge 0
mapped_file 36581376
writeback 0
swap 0
pgpgin 377146
pgpgout 133026
pgfault 240662
pgmajfault 491
inactive_anon 129220608
active_anon 128901120
inactive_file 599023616
active_file 142737408
unevictable 4096
hierarchical_memory_limit 999997440
hierarchical_memsw_limit 9223372036854771712
total_cache 741863424
total_rss 258052096
total_rss_huge 0
total_mapped_file 36581376
total_writeback 0
total_swap 0
total_pgpgin 377146
total_pgpgout 133026
total_pgfault 240662
total_pgmajfault 491
total_inactive_anon 129220608
total_active_anon 128901120
total_inactive_file 599023616
total_active_file 142737408
total_unevictable 4096
--------------------BLKIO-----------------------
11:0 Read 0
11:0 Write 0
11:0 Sync 0
11:0 Async 0
11:0 Total 0
253:0 Read 878931968
253:0 Write 1052672
253:0 Sync 196608
253:0 Async 879788032
253:0 Total 879984640
Total 879984640
--------------------CPUAC-----------------------
user 530
system 393
 
--------------------MEMCG-----------------------
MEM ONLY  : 953 MB
MEM+SWAP  : 953 MB
cache 741797888
rss 258109440
rss_huge 0
mapped_file 36581376
writeback 0
swap 0
pgpgin 402343
pgpgout 158225
pgfault 240766
pgmajfault 491
inactive_anon 129220608
active_anon 128958464
inactive_file 570032128
active_file 171646976
unevictable 4096
hierarchical_memory_limit 999997440
hierarchical_memsw_limit 9223372036854771712
total_cache 741797888
total_rss 258109440
total_rss_huge 0
total_mapped_file 36581376
total_writeback 0
total_swap 0
total_pgpgin 402343
total_pgpgout 158225
total_pgfault 240766
total_pgmajfault 491
total_inactive_anon 129220608
total_active_anon 128958464
total_inactive_file 570032128
total_active_file 171646976
total_unevictable 4096
--------------------BLKIO-----------------------
11:0 Read 0
11:0 Write 0
11:0 Sync 0
11:0 Async 0
11:0 Total 0
253:0 Read 973176832
253:0 Write 1085440
253:0 Sync 196608
253:0 Async 974065664
253:0 Total 974262272
Total 974262272
--------------------CPUAC-----------------------
user 583
system 501
 
--------------------MEMCG-----------------------
MEM ONLY  : 953 MB
MEM+SWAP  : 953 MB
cache 741670912
rss 258154496
rss_huge 0
mapped_file 36581376
writeback 0
swap 0
pgpgin 429220
pgpgout 185122
pgfault 240867
pgmajfault 491
inactive_anon 129220608
active_anon 129003520
inactive_file 537849856
active_file 203735040
unevictable 4096
hierarchical_memory_limit 999997440
hierarchical_memsw_limit 9223372036854771712
total_cache 741670912
total_rss 258154496
total_rss_huge 0
total_mapped_file 36581376
total_writeback 0
total_swap 0
total_pgpgin 429220
total_pgpgout 185122
total_pgfault 240867
total_pgmajfault 491
total_inactive_anon 129220608
total_active_anon 129003520
total_inactive_file 537849856
total_active_file 203735040
total_unevictable 4096
--------------------BLKIO-----------------------
11:0 Read 0
11:0 Write 0
11:0 Sync 0
11:0 Async 0
11:0 Total 0
253:0 Read 1068478464
253:0 Write 1122304
253:0 Sync 196608
253:0 Async 1069404160
253:0 Total 1069600768
Total 1069600768
--------------------CPUAC-----------------------
user 648
system 602
 
--------------------MEMCG-----------------------
MEM ONLY  : 953 MB
MEM+SWAP  : 953 MB
cache 741740544
rss 258007040
rss_huge 0
mapped_file 36581376
writeback 0
swap 0
pgpgin 457375
pgpgout 213296
pgfault 241017
pgmajfault 491
inactive_anon 129081344
active_anon 128995328
inactive_file 507334656
active_file 234295296
unevictable 4096
hierarchical_memory_limit 999997440
hierarchical_memsw_limit 9223372036854771712
total_cache 741740544
total_rss 258007040
total_rss_huge 0
total_mapped_file 36581376
total_writeback 0
total_swap 0
total_pgpgin 457375
total_pgpgout 213296
total_pgfault 241017
total_pgmajfault 491
total_inactive_anon 129081344
total_active_anon 128995328
total_inactive_file 507334656
total_active_file 234295296
total_unevictable 4096
--------------------BLKIO-----------------------
11:0 Read 0
11:0 Write 0
11:0 Sync 0
11:0 Async 0
11:0 Total 0
253:0 Read 1163636736
253:0 Write 1167360
253:0 Sync 196608
253:0 Async 1164607488
253:0 Total 1164804096
Total 1164804096
--------------------CPUAC-----------------------
user 706
system 740
 
--------------------MEMCG-----------------------
MEM ONLY  : 953 MB
MEM+SWAP  : 953 MB
cache 742367232
rss 257458176
rss_huge 0
mapped_file 36495360
writeback 0
swap 0
pgpgin 485764
pgpgout 241666
pgfault 241116
pgmajfault 491
inactive_anon 129052672
active_anon 128475136
inactive_file 474230784
active_file 268013568
unevictable 4096
hierarchical_memory_limit 999997440
hierarchical_memsw_limit 9223372036854771712
total_cache 742367232
total_rss 257458176
total_rss_huge 0
total_mapped_file 36495360
total_writeback 0
total_swap 0
total_pgpgin 485764
total_pgpgout 241666
total_pgfault 241116
total_pgmajfault 491
total_inactive_anon 129052672
total_active_anon 128475136
total_inactive_file 474230784
total_active_file 268013568
total_unevictable 4096
--------------------BLKIO-----------------------
11:0 Read 0
11:0 Write 0
11:0 Sync 0
11:0 Async 0
11:0 Total 0
253:0 Read 1254977536
253:0 Write 1216512
253:0 Sync 196608
253:0 Async 1255997440
253:0 Total 1256194048
Total 1256194048
--------------------CPUAC-----------------------
user 776
system 948
 
--------------------MEMCG-----------------------
MEM ONLY  : 953 MB
MEM+SWAP  : 953 MB
cache 742449152
rss 257511424
rss_huge 0
mapped_file 36495360
writeback 0
swap 0
pgpgin 516512
pgpgout 272381
pgfault 241219
pgmajfault 491
inactive_anon 129052672
active_anon 128528384
inactive_file 436232192
active_file 306089984
unevictable 4096
hierarchical_memory_limit 999997440
hierarchical_memsw_limit 9223372036854771712
total_cache 742449152
total_rss 257511424
total_rss_huge 0
total_mapped_file 36495360
total_writeback 0
total_swap 0
total_pgpgin 516512
total_pgpgout 272381
total_pgfault 241219
total_pgmajfault 491
total_inactive_anon 129052672
total_active_anon 128528384
total_inactive_file 436232192
total_active_file 306089984
total_unevictable 4096
--------------------BLKIO-----------------------
11:0 Read 0
11:0 Write 0
11:0 Sync 0
11:0 Async 0
11:0 Total 0
253:0 Read 1346248704
253:0 Write 1277952
253:0 Sync 196608
253:0 Async 1347330048
253:0 Total 1347526656
Total 1347526656
--------------------CPUAC-----------------------
user 844
system 1149
 
--------------------MEMCG-----------------------
MEM ONLY  : 953 MB
MEM+SWAP  : 953 MB
cache 742383616
rss 257613824
rss_huge 0
mapped_file 36495360
writeback 0
swap 0
pgpgin 549342
pgpgout 305202
pgfault 241334
pgmajfault 491
inactive_anon 129052672
active_anon 128630784
inactive_file 396328960
active_file 345956352
unevictable 4096
hierarchical_memory_limit 999997440
hierarchical_memsw_limit 9223372036854771712
total_cache 742383616
total_rss 257613824
total_rss_huge 0
total_mapped_file 36495360
total_writeback 0
total_swap 0
total_pgpgin 549342
total_pgpgout 305202
total_pgfault 241334
total_pgmajfault 491
total_inactive_anon 129052672
total_active_anon 128630784
total_inactive_file 396328960
total_active_file 345956352
total_unevictable 4096
--------------------BLKIO-----------------------
11:0 Read 0
11:0 Write 0
11:0 Sync 0
11:0 Async 0
11:0 Total 0
253:0 Read 1436999680
253:0 Write 1343488
253:0 Sync 196608
253:0 Async 1438146560
253:0 Total 1438343168
Total 1438343168
--------------------CPUAC-----------------------
user 912
system 1402
 
--------------------MEMCG-----------------------
MEM ONLY  : 953 MB
MEM+SWAP  : 953 MB
cache 742248448
rss 257716224
rss_huge 0
mapped_file 36495360
writeback 0
swap 0
pgpgin 585041
pgpgout 340909
pgfault 241449
pgmajfault 491
inactive_anon 129052672
active_anon 128733184
inactive_file 371220480
active_file 370917376
unevictable 4096
hierarchical_memory_limit 999997440
hierarchical_memsw_limit 9223372036854771712
total_cache 742248448
total_rss 257716224
total_rss_huge 0
total_mapped_file 36495360
total_writeback 0
total_swap 0
total_pgpgin 585041
total_pgpgout 340909
total_pgfault 241449
total_pgmajfault 491
total_inactive_anon 129052672
total_active_anon 128733184
total_inactive_file 371220480
total_active_file 370917376
total_unevictable 4096
--------------------BLKIO-----------------------
11:0 Read 0
11:0 Write 0
11:0 Sync 0
11:0 Async 0
11:0 Total 0
253:0 Read 1525501952
253:0 Write 1417216
253:0 Sync 196608
253:0 Async 1526722560
253:0 Total 1526919168
Total 1526919168
--------------------CPUAC-----------------------
user 986
system 1720
 
--------------------MEMCG-----------------------
MEM ONLY  : 953 MB
MEM+SWAP  : 953 MB
cache 742031360
rss 257814528
rss_huge 0
mapped_file 36495360
writeback 0
swap 0
pgpgin 620094
pgpgout 375991
pgfault 241638
pgmajfault 491
inactive_anon 129003520
active_anon 128880640
inactive_file 371073024
active_file 370851840
unevictable 4096
hierarchical_memory_limit 999997440
hierarchical_memsw_limit 9223372036854771712
total_cache 742031360
total_rss 257814528
total_rss_huge 0
total_mapped_file 36495360
total_writeback 0
total_swap 0
total_pgpgin 620094
total_pgpgout 375991
total_pgfault 241638
total_pgmajfault 491
total_inactive_anon 129003520
total_active_anon 128880640
total_inactive_file 371073024
total_active_file 370851840
total_unevictable 4096
--------------------BLKIO-----------------------
11:0 Read 0
11:0 Write 0
11:0 Sync 0
11:0 Async 0
11:0 Total 0
253:0 Read 1600925696
253:0 Write 1503232
253:0 Sync 196608
253:0 Async 1602232320
253:0 Total 1602428928
Total 1602428928
--------------------CPUAC-----------------------
user 1062
system 2325
 
--------------------MEMCG-----------------------
MEM ONLY  : 953 MB
MEM+SWAP  : 953 MB
cache 742137856
rss 257708032
rss_huge 0
mapped_file 36495360
writeback 0
swap 0
pgpgin 658650
pgpgout 414547
pgfault 241867
pgmajfault 491
inactive_anon 129077248
active_anon 128700416
inactive_file 371240960
active_file 370786304
unevictable 4096
hierarchical_memory_limit 999997440
hierarchical_memsw_limit 9223372036854771712
total_cache 742137856
total_rss 257708032
total_rss_huge 0
total_mapped_file 36495360
total_writeback 0
total_swap 0
total_pgpgin 658650
total_pgpgout 414547
total_pgfault 241867
total_pgmajfault 491
total_inactive_anon 129077248
total_active_anon 128700416
total_inactive_file 371240960
total_active_file 370786304
total_unevictable 4096
--------------------BLKIO-----------------------
11:0 Read 0
11:0 Write 0
11:0 Sync 0
11:0 Async 0
11:0 Total 0
253:0 Read 1678483456
253:0 Write 1597440
253:0 Sync 196608
253:0 Async 1679884288
253:0 Total 1680080896
Total 1680080896
--------------------CPUAC-----------------------
user 1138
system 2870
 
--------------------MEMCG-----------------------
MEM ONLY  : 953 MB
MEM+SWAP  : 953 MB
cache 742739968
rss 257048576
rss_huge 0
mapped_file 36491264
writeback 0
swap 0
pgpgin 696878
pgpgout 452789
pgfault 241959
pgmajfault 491
inactive_anon 128839680
active_anon 128278528
inactive_file 371519488
active_file 371109888
unevictable 4096
hierarchical_memory_limit 999997440
hierarchical_memsw_limit 9223372036854771712
total_cache 742739968
total_rss 257048576
total_rss_huge 0
total_mapped_file 36491264
total_writeback 0
total_swap 0
total_pgpgin 696878
total_pgpgout 452789
total_pgfault 241959
total_pgmajfault 491
total_inactive_anon 128839680
total_active_anon 128278528
total_inactive_file 371519488
total_active_file 371109888
total_unevictable 4096
--------------------BLKIO-----------------------
11:0 Read 0
11:0 Write 0
11:0 Sync 0
11:0 Async 0
11:0 Total 0
253:0 Read 1748123648
253:0 Write 1695744
253:0 Sync 196608
253:0 Async 1749622784
253:0 Total 1749819392
Total 1749819392
--------------------CPUAC-----------------------
user 1207
system 3642
 
