--------------------MEMCG-----------------------
MEM ONLY  : 134 MB
MEM+SWAP  : 134 MB
cache 80609280
rss 60198912
rss_huge 0
mapped_file 36925440
writeback 0
swap 0
pgpgin 131056
pgpgout 96679
pgfault 189649
pgmajfault 487
inactive_anon 49152
active_anon 60223488
inactive_file 65732608
active_file 14761984
unevictable 4096
hierarchical_memory_limit 999997440
hierarchical_memsw_limit 9223372036854771712
total_cache 80609280
total_rss 60198912
total_rss_huge 0
total_mapped_file 36925440
total_writeback 0
total_swap 0
total_pgpgin 131056
total_pgpgout 96679
total_pgfault 189649
total_pgmajfault 487
total_inactive_anon 49152
total_active_anon 60223488
total_inactive_file 65732608
total_active_file 14761984
total_unevictable 4096
--------------------BLKIO-----------------------
11:0 Read 0
11:0 Write 0
11:0 Sync 0
11:0 Async 0
11:0 Total 0
253:0 Read 80375808
253:0 Write 327680
253:0 Sync 61440
253:0 Async 80642048
253:0 Total 80703488
Total 80703488
--------------------CPUAC-----------------------
user 54
system 106
 
--------------------MEMCG-----------------------
MEM ONLY  : 297 MB
MEM+SWAP  : 297 MB
cache 165163008
rss 147230720
rss_huge 0
mapped_file 36749312
writeback 0
swap 0
pgpgin 173380
pgpgout 97112
pgfault 211603
pgmajfault 487
inactive_anon 45056
active_anon 147255296
inactive_file 149475328
active_file 15613952
unevictable 4096
hierarchical_memory_limit 999997440
hierarchical_memsw_limit 9223372036854771712
total_cache 165163008
total_rss 147230720
total_rss_huge 0
total_mapped_file 36749312
total_writeback 0
total_swap 0
total_pgpgin 173380
total_pgpgout 97112
total_pgfault 211603
total_pgmajfault 487
total_inactive_anon 45056
total_active_anon 147255296
total_inactive_file 149475328
total_active_file 15613952
total_unevictable 4096
--------------------BLKIO-----------------------
11:0 Read 0
11:0 Write 0
11:0 Sync 0
11:0 Async 0
11:0 Total 0
253:0 Read 164929536
253:0 Write 360448
253:0 Sync 61440
253:0 Async 165228544
253:0 Total 165289984
Total 165289984
--------------------CPUAC-----------------------
user 97
system 123
 
--------------------MEMCG-----------------------
MEM ONLY  : 462 MB
MEM+SWAP  : 462 MB
cache 250605568
rss 234659840
rss_huge 0
mapped_file 36610048
writeback 0
swap 0
pgpgin 215754
pgpgout 97281
pgfault 233146
pgmajfault 487
inactive_anon 45056
active_anon 234684416
inactive_file 234897408
active_file 15634432
unevictable 4096
hierarchical_memory_limit 999997440
hierarchical_memsw_limit 9223372036854771712
total_cache 250605568
total_rss 234659840
total_rss_huge 0
total_mapped_file 36610048
total_writeback 0
total_swap 0
total_pgpgin 215754
total_pgpgout 97281
total_pgfault 233146
total_pgmajfault 487
total_inactive_anon 45056
total_active_anon 234684416
total_inactive_file 234897408
total_active_file 15634432
total_unevictable 4096
--------------------BLKIO-----------------------
11:0 Read 0
11:0 Write 0
11:0 Sync 0
11:0 Async 0
11:0 Total 0
253:0 Read 250355712
253:0 Write 495616
253:0 Sync 159744
253:0 Async 250691584
253:0 Total 250851328
Total 250851328
--------------------CPUAC-----------------------
user 142
system 147
 
--------------------MEMCG-----------------------
MEM ONLY  : 567 MB
MEM+SWAP  : 567 MB
cache 338432000
rss 256819200
rss_huge 0
mapped_file 36610048
writeback 0
swap 0
pgpgin 242707
pgpgout 97382
pgfault 238654
pgmajfault 487
inactive_anon 45056
active_anon 256843776
inactive_file 315199488
active_file 23158784
unevictable 4096
hierarchical_memory_limit 999997440
hierarchical_memsw_limit 9223372036854771712
total_cache 338432000
total_rss 256819200
total_rss_huge 0
total_mapped_file 36610048
total_writeback 0
total_swap 0
total_pgpgin 242707
total_pgpgout 97382
total_pgfault 238654
total_pgmajfault 487
total_inactive_anon 45056
total_active_anon 256843776
total_inactive_file 315199488
total_active_file 23158784
total_unevictable 4096
--------------------BLKIO-----------------------
11:0 Read 0
11:0 Write 0
11:0 Sync 0
11:0 Async 0
11:0 Total 0
253:0 Read 338178048
253:0 Write 544768
253:0 Sync 159744
253:0 Async 338563072
253:0 Total 338722816
Total 338722816
--------------------CPUAC-----------------------
user 187
system 176
 
--------------------MEMCG-----------------------
MEM ONLY  : 652 MB
MEM+SWAP  : 651 MB
cache 425586688
rss 258048000
rss_huge 0
mapped_file 36610048
writeback 0
swap 0
pgpgin 264450
pgpgout 97547
pgfault 239106
pgmajfault 487
inactive_anon 45056
active_anon 258072576
inactive_file 394424320
active_file 31088640
unevictable 4096
hierarchical_memory_limit 999997440
hierarchical_memsw_limit 9223372036854771712
total_cache 425586688
total_rss 258048000
total_rss_huge 0
total_mapped_file 36610048
total_writeback 0
total_swap 0
total_pgpgin 264450
total_pgpgout 97547
total_pgfault 239106
total_pgmajfault 487
total_inactive_anon 45056
total_active_anon 258072576
total_inactive_file 394424320
total_active_file 31088640
total_unevictable 4096
--------------------BLKIO-----------------------
11:0 Read 0
11:0 Write 0
11:0 Sync 0
11:0 Async 0
11:0 Total 0
253:0 Read 425328640
253:0 Write 638976
253:0 Sync 196608
253:0 Async 425771008
253:0 Total 425967616
Total 425967616
--------------------CPUAC-----------------------
user 235
system 203
 
--------------------MEMCG-----------------------
MEM ONLY  : 737 MB
MEM+SWAP  : 737 MB
cache 514662400
rss 258187264
rss_huge 0
mapped_file 36610048
writeback 0
swap 0
pgpgin 286336
pgpgout 97652
pgfault 239230
pgmajfault 487
inactive_anon 45056
active_anon 258211840
inactive_file 474697728
active_file 39890944
unevictable 4096
hierarchical_memory_limit 999997440
hierarchical_memsw_limit 9223372036854771712
total_cache 514662400
total_rss 258187264
total_rss_huge 0
total_mapped_file 36610048
total_writeback 0
total_swap 0
total_pgpgin 286336
total_pgpgout 97652
total_pgfault 239230
total_pgmajfault 487
total_inactive_anon 45056
total_active_anon 258211840
total_inactive_file 474697728
total_active_file 39890944
total_unevictable 4096
--------------------BLKIO-----------------------
11:0 Read 0
11:0 Write 0
11:0 Sync 0
11:0 Async 0
11:0 Total 0
253:0 Read 514404352
253:0 Write 700416
253:0 Sync 196608
253:0 Async 514908160
253:0 Total 515104768
Total 515104768
--------------------CPUAC-----------------------
user 285
system 230
 
--------------------MEMCG-----------------------
MEM ONLY  : 821 MB
MEM+SWAP  : 821 MB
cache 603652096
rss 258203648
rss_huge 0
mapped_file 36610048
writeback 0
swap 0
pgpgin 308173
pgpgout 97759
pgfault 239324
pgmajfault 487
inactive_anon 45056
active_anon 258228224
inactive_file 551034880
active_file 52543488
unevictable 4096
hierarchical_memory_limit 999997440
hierarchical_memsw_limit 9223372036854771712
total_cache 603652096
total_rss 258203648
total_rss_huge 0
total_mapped_file 36610048
total_writeback 0
total_swap 0
total_pgpgin 308173
total_pgpgout 97759
total_pgfault 239324
total_pgmajfault 487
total_inactive_anon 45056
total_active_anon 258228224
total_inactive_file 551034880
total_active_file 52543488
total_unevictable 4096
--------------------BLKIO-----------------------
11:0 Read 0
11:0 Write 0
11:0 Sync 0
11:0 Async 0
11:0 Total 0
253:0 Read 603389952
253:0 Write 774144
253:0 Sync 196608
253:0 Async 603967488
253:0 Total 604164096
Total 604164096
--------------------CPUAC-----------------------
user 344
system 254
 
--------------------MEMCG-----------------------
MEM ONLY  : 911 MB
MEM+SWAP  : 911 MB
cache 697450496
rss 258281472
rss_huge 0
mapped_file 36610048
writeback 0
swap 0
pgpgin 331210
pgpgout 97877
pgfault 239444
pgmajfault 487
inactive_anon 45056
active_anon 258306048
inactive_file 628875264
active_file 68468736
unevictable 4096
hierarchical_memory_limit 999997440
hierarchical_memsw_limit 9223372036854771712
total_cache 697450496
total_rss 258281472
total_rss_huge 0
total_mapped_file 36610048
total_writeback 0
total_swap 0
total_pgpgin 331210
total_pgpgout 97877
total_pgfault 239444
total_pgmajfault 487
total_inactive_anon 45056
total_active_anon 258306048
total_inactive_file 628875264
total_active_file 68468736
total_unevictable 4096
--------------------BLKIO-----------------------
11:0 Read 0
11:0 Write 0
11:0 Sync 0
11:0 Async 0
11:0 Total 0
253:0 Read 697180160
253:0 Write 851968
253:0 Sync 196608
253:0 Async 697835520
253:0 Total 698032128
Total 698032128
--------------------CPUAC-----------------------
user 392
system 279
 
--------------------MEMCG-----------------------
MEM ONLY  : 953 MB
MEM+SWAP  : 953 MB
cache 741699584
rss 258162688
rss_huge 0
mapped_file 36581376
writeback 0
swap 0
pgpgin 354874
pgpgout 110767
pgfault 239600
pgmajfault 487
inactive_anon 72728576
active_anon 185503744
inactive_file 621826048
active_file 119799808
unevictable 4096
hierarchical_memory_limit 999997440
hierarchical_memsw_limit 9223372036854771712
total_cache 741699584
total_rss 258162688
total_rss_huge 0
total_mapped_file 36581376
total_writeback 0
total_swap 0
total_pgpgin 354874
total_pgpgout 110767
total_pgfault 239600
total_pgmajfault 487
total_inactive_anon 72728576
total_active_anon 185503744
total_inactive_file 621826048
total_active_file 119799808
total_unevictable 4096
--------------------BLKIO-----------------------
11:0 Read 0
11:0 Write 0
11:0 Sync 0
11:0 Async 0
11:0 Total 0
253:0 Read 793059328
253:0 Write 937984
253:0 Sync 196608
253:0 Async 793800704
253:0 Total 793997312
Total 793997312
--------------------CPUAC-----------------------
user 449
system 320
 
--------------------MEMCG-----------------------
MEM ONLY  : 953 MB
MEM+SWAP  : 953 MB
cache 741961728
rss 257941504
rss_huge 0
mapped_file 36581376
writeback 0
swap 0
pgpgin 379549
pgpgout 135432
pgfault 239745
pgmajfault 487
inactive_anon 129122304
active_anon 128888832
inactive_file 596099072
active_file 145788928
unevictable 4096
hierarchical_memory_limit 999997440
hierarchical_memsw_limit 9223372036854771712
total_cache 741961728
total_rss 257941504
total_rss_huge 0
total_mapped_file 36581376
total_writeback 0
total_swap 0
total_pgpgin 379549
total_pgpgout 135432
total_pgfault 239745
total_pgmajfault 487
total_inactive_anon 129122304
total_active_anon 128888832
total_inactive_file 596099072
total_active_file 145788928
total_unevictable 4096
--------------------BLKIO-----------------------
11:0 Read 0
11:0 Write 0
11:0 Sync 0
11:0 Async 0
11:0 Total 0
253:0 Read 889647104
253:0 Write 1032192
253:0 Sync 196608
253:0 Async 890482688
253:0 Total 890679296
Total 890679296
--------------------CPUAC-----------------------
user 514
system 372
 
--------------------MEMCG-----------------------
MEM ONLY  : 953 MB
MEM+SWAP  : 953 MB
cache 742277120
rss 257613824
rss_huge 0
mapped_file 36581376
writeback 0
swap 0
pgpgin 404848
pgpgout 160734
pgfault 239852
pgmajfault 487
inactive_anon 129122304
active_anon 128561152
inactive_file 570212352
active_file 171991040
unevictable 4096
hierarchical_memory_limit 999997440
hierarchical_memsw_limit 9223372036854771712
total_cache 742277120
total_rss 257613824
total_rss_huge 0
total_mapped_file 36581376
total_writeback 0
total_swap 0
total_pgpgin 404848
total_pgpgout 160734
total_pgfault 239852
total_pgmajfault 487
total_inactive_anon 129122304
total_active_anon 128561152
total_inactive_file 570212352
total_active_file 171991040
total_unevictable 4096
--------------------BLKIO-----------------------
11:0 Read 0
11:0 Write 0
11:0 Sync 0
11:0 Async 0
11:0 Total 0
253:0 Read 985018368
253:0 Write 1064960
253:0 Sync 196608
253:0 Async 985886720
253:0 Total 986083328
Total 986083328
--------------------CPUAC-----------------------
user 569
system 438
 
--------------------MEMCG-----------------------
MEM ONLY  : 953 MB
MEM+SWAP  : 953 MB
cache 742248448
rss 257556480
rss_huge 0
mapped_file 36581376
writeback 0
swap 0
pgpgin 431653
pgpgout 187560
pgfault 240026
pgmajfault 487
inactive_anon 128892928
active_anon 128733184
inactive_file 538259456
active_file 203915264
unevictable 4096
hierarchical_memory_limit 999997440
hierarchical_memsw_limit 9223372036854771712
total_cache 742248448
total_rss 257556480
total_rss_huge 0
total_mapped_file 36581376
total_writeback 0
total_swap 0
total_pgpgin 431653
total_pgpgout 187560
total_pgfault 240026
total_pgmajfault 487
total_inactive_anon 128892928
total_active_anon 128733184
total_inactive_file 538259456
total_active_file 203915264
total_unevictable 4096
--------------------BLKIO-----------------------
11:0 Read 0
11:0 Write 0
11:0 Sync 0
11:0 Async 0
11:0 Total 0
253:0 Read 1079173120
253:0 Write 1101824
253:0 Sync 196608
253:0 Async 1080078336
253:0 Total 1080274944
Total 1080274944
--------------------CPUAC-----------------------
user 624
system 526
 
--------------------MEMCG-----------------------
MEM ONLY  : 953 MB
MEM+SWAP  : 953 MB
cache 742342656
rss 257449984
rss_huge 0
mapped_file 36581376
writeback 0
swap 0
pgpgin 459671
pgpgout 215581
pgfault 240125
pgmajfault 487
inactive_anon 128892928
active_anon 128626688
inactive_file 507052032
active_file 235216896
unevictable 4096
hierarchical_memory_limit 999997440
hierarchical_memsw_limit 9223372036854771712
total_cache 742342656
total_rss 257449984
total_rss_huge 0
total_mapped_file 36581376
total_writeback 0
total_swap 0
total_pgpgin 459671
total_pgpgout 215581
total_pgfault 240125
total_pgmajfault 487
total_inactive_anon 128892928
total_active_anon 128626688
total_inactive_file 507052032
total_active_file 235216896
total_unevictable 4096
--------------------BLKIO-----------------------
11:0 Read 0
11:0 Write 0
11:0 Sync 0
11:0 Async 0
11:0 Total 0
253:0 Read 1175781376
253:0 Write 1146880
253:0 Sync 196608
253:0 Async 1176731648
253:0 Total 1176928256
Total 1176928256
--------------------CPUAC-----------------------
user 682
system 625
 
--------------------MEMCG-----------------------
MEM ONLY  : 953 MB
MEM+SWAP  : 953 MB
cache 742301696
rss 257482752
rss_huge 0
mapped_file 36495360
writeback 0
swap 0
pgpgin 487205
pgpgout 243117
pgfault 240239
pgmajfault 487
inactive_anon 128892928
active_anon 128659456
inactive_file 474738688
active_file 267481088
unevictable 4096
hierarchical_memory_limit 999997440
hierarchical_memsw_limit 9223372036854771712
total_cache 742301696
total_rss 257482752
total_rss_huge 0
total_mapped_file 36495360
total_writeback 0
total_swap 0
total_pgpgin 487205
total_pgpgout 243117
total_pgfault 240239
total_pgmajfault 487
total_inactive_anon 128892928
total_active_anon 128659456
total_inactive_file 474738688
total_active_file 267481088
total_unevictable 4096
--------------------BLKIO-----------------------
11:0 Read 0
11:0 Write 0
11:0 Sync 0
11:0 Async 0
11:0 Total 0
253:0 Read 1270222848
253:0 Write 1196032
253:0 Sync 196608
253:0 Async 1271222272
253:0 Total 1271418880
Total 1271418880
--------------------CPUAC-----------------------
user 743
system 731
 
--------------------MEMCG-----------------------
MEM ONLY  : 953 MB
MEM+SWAP  : 953 MB
cache 742322176
rss 257499136
rss_huge 0
mapped_file 36495360
writeback 0
swap 0
pgpgin 514346
pgpgout 270249
pgfault 240333
pgmajfault 487
inactive_anon 128892928
active_anon 128675840
inactive_file 444080128
active_file 298168320
unevictable 4096
hierarchical_memory_limit 999997440
hierarchical_memsw_limit 9223372036854771712
total_cache 742322176
total_rss 257499136
total_rss_huge 0
total_mapped_file 36495360
total_writeback 0
total_swap 0
total_pgpgin 514346
total_pgpgout 270249
total_pgfault 240333
total_pgmajfault 487
total_inactive_anon 128892928
total_active_anon 128675840
total_inactive_file 444080128
total_active_file 298168320
total_unevictable 4096
--------------------BLKIO-----------------------
11:0 Read 0
11:0 Write 0
11:0 Sync 0
11:0 Async 0
11:0 Total 0
253:0 Read 1364344832
253:0 Write 1257472
253:0 Sync 196608
253:0 Async 1365405696
253:0 Total 1365602304
Total 1365602304
--------------------CPUAC-----------------------
user 797
system 826
 
--------------------MEMCG-----------------------
MEM ONLY  : 953 MB
MEM+SWAP  : 953 MB
cache 742195200
rss 257564672
rss_huge 0
mapped_file 36495360
writeback 0
swap 0
pgpgin 541565
pgpgout 297483
pgfault 240439
pgmajfault 487
inactive_anon 128892928
active_anon 128741376
inactive_file 412979200
active_file 329125888
unevictable 4096
hierarchical_memory_limit 999997440
hierarchical_memsw_limit 9223372036854771712
total_cache 742195200
total_rss 257564672
total_rss_huge 0
total_mapped_file 36495360
total_writeback 0
total_swap 0
total_pgpgin 541565
total_pgpgout 297483
total_pgfault 240439
total_pgmajfault 487
total_inactive_anon 128892928
total_active_anon 128741376
total_inactive_file 412979200
total_active_file 329125888
total_unevictable 4096
--------------------BLKIO-----------------------
11:0 Read 0
11:0 Write 0
11:0 Sync 0
11:0 Async 0
11:0 Total 0
253:0 Read 1459290112
253:0 Write 1323008
253:0 Sync 196608
253:0 Async 1460416512
253:0 Total 1460613120
Total 1460613120
--------------------CPUAC-----------------------
user 858
system 914
 
--------------------MEMCG-----------------------
MEM ONLY  : 953 MB
MEM+SWAP  : 953 MB
cache 741953536
rss 257863680
rss_huge 0
mapped_file 36495360
writeback 0
swap 0
pgpgin 568792
pgpgout 324696
pgfault 240603
pgmajfault 487
inactive_anon 129024000
active_anon 128909312
inactive_file 381730816
active_file 360148992
unevictable 4096
hierarchical_memory_limit 999997440
hierarchical_memsw_limit 9223372036854771712
total_cache 741953536
total_rss 257863680
total_rss_huge 0
total_mapped_file 36495360
total_writeback 0
total_swap 0
total_pgpgin 568792
total_pgpgout 324696
total_pgfault 240603
total_pgmajfault 487
total_inactive_anon 129024000
total_active_anon 128909312
total_inactive_file 381730816
total_active_file 360148992
total_unevictable 4096
--------------------BLKIO-----------------------
11:0 Read 0
11:0 Write 0
11:0 Sync 0
11:0 Async 0
11:0 Total 0
253:0 Read 1554698240
253:0 Write 1396736
253:0 Sync 196608
253:0 Async 1555898368
253:0 Total 1556094976
Total 1556094976
--------------------CPUAC-----------------------
user 918
system 1009
 
--------------------MEMCG-----------------------
MEM ONLY  : 953 MB
MEM+SWAP  : 953 MB
cache 741769216
rss 258002944
rss_huge 0
mapped_file 36495360
writeback 0
swap 0
pgpgin 595486
pgpgout 351401
pgfault 240727
pgmajfault 487
inactive_anon 129155072
active_anon 128917504
inactive_file 370941952
active_file 370753536
unevictable 4096
hierarchical_memory_limit 999997440
hierarchical_memsw_limit 9223372036854771712
total_cache 741769216
total_rss 258002944
total_rss_huge 0
total_mapped_file 36495360
total_writeback 0
total_swap 0
total_pgpgin 595486
total_pgpgout 351401
total_pgfault 240727
total_pgmajfault 487
total_inactive_anon 129155072
total_active_anon 128917504
total_inactive_file 370941952
total_active_file 370753536
total_unevictable 4096
--------------------BLKIO-----------------------
11:0 Read 0
11:0 Write 0
11:0 Sync 0
11:0 Async 0
11:0 Total 0
253:0 Read 1648652288
253:0 Write 1478656
253:0 Sync 196608
253:0 Async 1649934336
253:0 Total 1650130944
Total 1650130944
--------------------CPUAC-----------------------
user 976
system 1094
 
--------------------MEMCG-----------------------
MEM ONLY  : 953 MB
MEM+SWAP  : 953 MB
cache 741810176
rss 258015232
rss_huge 0
mapped_file 36495360
writeback 0
swap 0
pgpgin 622845
pgpgout 378747
pgfault 240820
pgmajfault 487
inactive_anon 129155072
active_anon 128929792
inactive_file 370896896
active_file 370839552
unevictable 4096
hierarchical_memory_limit 999997440
hierarchical_memsw_limit 9223372036854771712
total_cache 741810176
total_rss 258015232
total_rss_huge 0
total_mapped_file 36495360
total_writeback 0
total_swap 0
total_pgpgin 622845
total_pgpgout 378747
total_pgfault 240820
total_pgmajfault 487
total_inactive_anon 129155072
total_active_anon 128929792
total_inactive_file 370896896
total_active_file 370839552
total_unevictable 4096
--------------------BLKIO-----------------------
11:0 Read 0
11:0 Write 0
11:0 Sync 0
11:0 Async 0
11:0 Total 0
253:0 Read 1744642048
253:0 Write 1564672
253:0 Sync 196608
253:0 Async 1746010112
253:0 Total 1746206720
Total 1746206720
--------------------CPUAC-----------------------
user 1036
system 1174
 
--------------------MEMCG-----------------------
MEM ONLY  : 953 MB
MEM+SWAP  : 953 MB
cache 741474304
rss 258338816
rss_huge 0
mapped_file 36495360
writeback 0
swap 0
pgpgin 649898
pgpgout 405803
pgfault 241125
pgmajfault 487
inactive_anon 129417216
active_anon 128991232
inactive_file 370794496
active_file 370577408
unevictable 4096
hierarchical_memory_limit 999997440
hierarchical_memsw_limit 9223372036854771712
total_cache 741474304
total_rss 258338816
total_rss_huge 0
total_mapped_file 36495360
total_writeback 0
total_swap 0
total_pgpgin 649898
total_pgpgout 405803
total_pgfault 241125
total_pgmajfault 487
total_inactive_anon 129417216
total_active_anon 128991232
total_inactive_file 370794496
total_active_file 370577408
total_unevictable 4096
--------------------BLKIO-----------------------
11:0 Read 0
11:0 Write 0
11:0 Sync 0
11:0 Async 0
11:0 Total 0
253:0 Read 1838026752
253:0 Write 1662976
253:0 Sync 196608
253:0 Async 1839493120
253:0 Total 1839689728
Total 1839689728
--------------------CPUAC-----------------------
user 1099
system 1270
 
