--------------------MEMCG-----------------------
MEM ONLY  : 953 MB
MEM+SWAP  : 953 MB
cache 741851136
rss 257974272
rss_huge 0
mapped_file 11165696
writeback 0
swap 0
pgpgin 753004
pgpgout 508906
pgfault 243148
pgmajfault 516
inactive_anon 129511424
active_anon 128532480
inactive_file 371232768
active_file 370511872
unevictable 4096
hierarchical_memory_limit 999997440
hierarchical_memsw_limit 9223372036854771712
total_cache 741851136
total_rss 257974272
total_rss_huge 0
total_mapped_file 11165696
total_writeback 0
total_swap 0
total_pgpgin 753004
total_pgpgout 508906
total_pgfault 243148
total_pgmajfault 516
total_inactive_anon 129511424
total_active_anon 128532480
total_inactive_file 371232768
total_active_file 370511872
total_unevictable 4096
--------------------BLKIO-----------------------
11:0 Read 0
11:0 Write 0
11:0 Sync 0
11:0 Async 0
11:0 Total 0
253:0 Read 1869447168
253:0 Write 1929216
253:0 Sync 196608
253:0 Async 1871179776
253:0 Total 1871376384
Total 1871376384
--------------------CPUAC-----------------------
user 1354
system 3538
 
--------------------MEMCG-----------------------
MEM ONLY  : 953 MB
MEM+SWAP  : 953 MB
cache 742170624
rss 257728512
rss_huge 0
mapped_file 8691712
writeback 0
swap 0
pgpgin 789566
pgpgout 545450
pgfault 243317
pgmajfault 516
inactive_anon 129511424
active_anon 128286720
inactive_file 371183616
active_file 370913280
unevictable 4096
hierarchical_memory_limit 999997440
hierarchical_memsw_limit 9223372036854771712
total_cache 742170624
total_rss 257728512
total_rss_huge 0
total_mapped_file 8691712
total_writeback 0
total_swap 0
total_pgpgin 789566
total_pgpgout 545450
total_pgfault 243317
total_pgmajfault 516
total_inactive_anon 129511424
total_active_anon 128286720
total_inactive_file 371183616
total_active_file 370913280
total_unevictable 4096
--------------------BLKIO-----------------------
11:0 Read 0
11:0 Write 0
11:0 Sync 0
11:0 Async 0
11:0 Total 0
253:0 Read 1950023680
253:0 Write 1970176
253:0 Sync 196608
253:0 Async 1951797248
253:0 Total 1951993856
Total 1951993856
--------------------CPUAC-----------------------
user 1426
system 3932
 
--------------------MEMCG-----------------------
MEM ONLY  : 953 MB
MEM+SWAP  : 953 MB
cache 741367808
rss 258457600
rss_huge 0
mapped_file 8691712
writeback 0
swap 0
pgpgin 827199
pgpgout 583101
pgfault 243725
pgmajfault 516
inactive_anon 129511424
active_anon 129015808
inactive_file 370724864
active_file 370556928
unevictable 4096
hierarchical_memory_limit 999997440
hierarchical_memsw_limit 9223372036854771712
total_cache 741367808
total_rss 258457600
total_rss_huge 0
total_mapped_file 8691712
total_writeback 0
total_swap 0
total_pgpgin 827199
total_pgpgout 583101
total_pgfault 243725
total_pgmajfault 516
total_inactive_anon 129511424
total_active_anon 129015808
total_inactive_file 370724864
total_active_file 370556928
total_unevictable 4096
--------------------BLKIO-----------------------
11:0 Read 0
11:0 Write 0
11:0 Sync 0
11:0 Async 0
11:0 Total 0
253:0 Read 2033115136
253:0 Write 2019328
253:0 Sync 196608
253:0 Async 2034937856
253:0 Total 2035134464
Total 2035134464
--------------------CPUAC-----------------------
user 1497
system 4274
 
--------------------MEMCG-----------------------
MEM ONLY  : 953 MB
MEM+SWAP  : 953 MB
cache 742014976
rss 257781760
rss_huge 0
mapped_file 8691712
writeback 0
swap 0
pgpgin 863646
pgpgout 619555
pgfault 243818
pgmajfault 516
inactive_anon 129511424
active_anon 128339968
inactive_file 371085312
active_file 370843648
unevictable 4096
hierarchical_memory_limit 999997440
hierarchical_memsw_limit 9223372036854771712
total_cache 742014976
total_rss 257781760
total_rss_huge 0
total_mapped_file 8691712
total_writeback 0
total_swap 0
total_pgpgin 863646
total_pgpgout 619555
total_pgfault 243818
total_pgmajfault 516
total_inactive_anon 129511424
total_active_anon 128339968
total_inactive_file 371085312
total_active_file 370843648
total_unevictable 4096
--------------------BLKIO-----------------------
11:0 Read 0
11:0 Write 0
11:0 Sync 0
11:0 Async 0
11:0 Total 0
253:0 Read 2114981888
253:0 Write 2080768
253:0 Sync 196608
253:0 Async 2116866048
253:0 Total 2117062656
Total 2117062656
--------------------CPUAC-----------------------
user 1568
system 4667
 
--------------------MEMCG-----------------------
MEM ONLY  : 953 MB
MEM+SWAP  : 953 MB
cache 742879232
rss 257003520
rss_huge 0
mapped_file 8691712
writeback 0
swap 0
pgpgin 902957
pgpgout 658845
pgfault 243908
pgmajfault 516
inactive_anon 129511424
active_anon 127561728
inactive_file 371490816
active_file 371257344
unevictable 4096
hierarchical_memory_limit 999997440
hierarchical_memsw_limit 9223372036854771712
total_cache 742879232
total_rss 257003520
total_rss_huge 0
total_mapped_file 8691712
total_writeback 0
total_swap 0
total_pgpgin 902957
total_pgpgout 658845
total_pgfault 243908
total_pgmajfault 516
total_inactive_anon 129511424
total_active_anon 127561728
total_inactive_file 371490816
total_active_file 371257344
total_unevictable 4096
--------------------BLKIO-----------------------
11:0 Read 0
11:0 Write 0
11:0 Sync 0
11:0 Async 0
11:0 Total 0
253:0 Read 2201006080
253:0 Write 2093056
253:0 Sync 196608
253:0 Async 2202902528
253:0 Total 2203099136
Total 2203099136
--------------------CPUAC-----------------------
user 1635
system 5044
 
--------------------MEMCG-----------------------
MEM ONLY  : 953 MB
MEM+SWAP  : 953 MB
cache 743620608
rss 256172032
rss_huge 0
mapped_file 9281536
writeback 0
swap 0
pgpgin 939222
pgpgout 695132
pgfault 244415
pgmajfault 537
inactive_anon 129486848
active_anon 126754816
inactive_file 371810304
active_file 371699712
unevictable 4096
hierarchical_memory_limit 999997440
hierarchical_memsw_limit 9223372036854771712
total_cache 743620608
total_rss 256172032
total_rss_huge 0
total_mapped_file 9281536
total_writeback 0
total_swap 0
total_pgpgin 939222
total_pgpgout 695132
total_pgfault 244415
total_pgmajfault 537
total_inactive_anon 129486848
total_active_anon 126754816
total_inactive_file 371810304
total_active_file 371699712
total_unevictable 4096
--------------------BLKIO-----------------------
11:0 Read 0
11:0 Write 0
11:0 Sync 0
11:0 Async 0
11:0 Total 0
253:0 Read 2281472000
253:0 Write 2129920
253:0 Sync 196608
253:0 Async 2283405312
253:0 Total 2283601920
Total 2283601920
--------------------CPUAC-----------------------
user 1704
system 5498
 
--------------------MEMCG-----------------------
MEM ONLY  : 953 MB
MEM+SWAP  : 953 MB
cache 743645184
rss 256192512
rss_huge 0
mapped_file 9285632
writeback 0
swap 0
pgpgin 977931
pgpgout 733830
pgfault 244511
pgmajfault 538
inactive_anon 129486848
active_anon 126775296
inactive_file 371875840
active_file 371695616
unevictable 4096
hierarchical_memory_limit 999997440
hierarchical_memsw_limit 9223372036854771712
total_cache 743645184
total_rss 256192512
total_rss_huge 0
total_mapped_file 9285632
total_writeback 0
total_swap 0
total_pgpgin 977931
total_pgpgout 733830
total_pgfault 244511
total_pgmajfault 538
total_inactive_anon 129486848
total_active_anon 126775296
total_inactive_file 371875840
total_active_file 371695616
total_unevictable 4096
--------------------BLKIO-----------------------
11:0 Read 0
11:0 Write 0
11:0 Sync 0
11:0 Async 0
11:0 Total 0
253:0 Read 2368405504
253:0 Write 2179072
253:0 Sync 196608
253:0 Async 2370387968
253:0 Total 2370584576
Total 2370584576
--------------------CPUAC-----------------------
user 1780
system 5846
 
--------------------MEMCG-----------------------
MEM ONLY  : 953 MB
MEM+SWAP  : 953 MB
cache 741568512
rss 258314240
rss_huge 0
mapped_file 5545984
writeback 0
swap 0
pgpgin 1007219
pgpgout 763107
pgfault 245136
pgmajfault 538
inactive_anon 129486848
active_anon 128897024
inactive_file 370814976
active_file 370679808
unevictable 4096
hierarchical_memory_limit 999997440
hierarchical_memsw_limit 9223372036854771712
total_cache 741568512
total_rss 258314240
total_rss_huge 0
total_mapped_file 5545984
total_writeback 0
total_swap 0
total_pgpgin 1007219
total_pgpgout 763107
total_pgfault 245136
total_pgmajfault 538
total_inactive_anon 129486848
total_active_anon 128897024
total_inactive_file 370814976
total_active_file 370679808
total_unevictable 4096
--------------------BLKIO-----------------------
11:0 Read 0
11:0 Write 0
11:0 Sync 0
11:0 Async 0
11:0 Total 0
253:0 Read 2432962560
253:0 Write 2236416
253:0 Sync 196608
253:0 Async 2435002368
253:0 Total 2435198976
Total 2435198976
--------------------CPUAC-----------------------
user 1830
system 6829
 
--------------------MEMCG-----------------------
MEM ONLY  : 953 MB
MEM+SWAP  : 953 MB
cache 741605376
rss 258383872
rss_huge 0
mapped_file 5545984
writeback 0
swap 0
pgpgin 1044713
pgpgout 800575
pgfault 245243
pgmajfault 538
inactive_anon 129486848
active_anon 128966656
inactive_file 370995200
active_file 370536448
unevictable 4096
hierarchical_memory_limit 999997440
hierarchical_memsw_limit 9223372036854771712
total_cache 741605376
total_rss 258383872
total_rss_huge 0
total_mapped_file 5545984
total_writeback 0
total_swap 0
total_pgpgin 1044713
total_pgpgout 800575
total_pgfault 245243
total_pgmajfault 538
total_inactive_anon 129486848
total_active_anon 128966656
total_inactive_file 370995200
total_active_file 370536448
total_unevictable 4096
--------------------BLKIO-----------------------
11:0 Read 0
11:0 Write 0
11:0 Sync 0
11:0 Async 0
11:0 Total 0
253:0 Read 2516074496
253:0 Write 2297856
253:0 Sync 196608
253:0 Async 2518175744
253:0 Total 2518372352
Total 2518372352
--------------------CPUAC-----------------------
user 1898
system 7246
 
--------------------MEMCG-----------------------
MEM ONLY  : 953 MB
MEM+SWAP  : 953 MB
cache 741494784
rss 258383872
rss_huge 0
mapped_file 5541888
writeback 0
swap 0
pgpgin 1082203
pgpgout 838092
pgfault 245333
pgmajfault 538
inactive_anon 129486848
active_anon 128966656
inactive_file 370806784
active_file 370601984
unevictable 4096
hierarchical_memory_limit 999997440
hierarchical_memsw_limit 9223372036854771712
total_cache 741494784
total_rss 258383872
total_rss_huge 0
total_mapped_file 5541888
total_writeback 0
total_swap 0
total_pgpgin 1082203
total_pgpgout 838092
total_pgfault 245333
total_pgmajfault 538
total_inactive_anon 129486848
total_active_anon 128966656
total_inactive_file 370806784
total_active_file 370601984
total_unevictable 4096
--------------------BLKIO-----------------------
11:0 Read 0
11:0 Write 0
11:0 Sync 0
11:0 Async 0
11:0 Total 0
253:0 Read 2596577280
253:0 Write 2371584
253:0 Sync 196608
253:0 Async 2598752256
253:0 Total 2598948864
Total 2598948864
--------------------CPUAC-----------------------
user 1966
system 7756
 
--------------------MEMCG-----------------------
MEM ONLY  : 953 MB
MEM+SWAP  : 953 MB
cache 741601280
rss 258359296
rss_huge 0
mapped_file 5541888
writeback 0
swap 0
pgpgin 1120590
pgpgout 876459
pgfault 245423
pgmajfault 538
inactive_anon 129470464
active_anon 128958464
inactive_file 370995200
active_file 370495488
unevictable 4096
hierarchical_memory_limit 999997440
hierarchical_memsw_limit 9223372036854771712
total_cache 741601280
total_rss 258359296
total_rss_huge 0
total_mapped_file 5541888
total_writeback 0
total_swap 0
total_pgpgin 1120590
total_pgpgout 876459
total_pgfault 245423
total_pgmajfault 538
total_inactive_anon 129470464
total_active_anon 128958464
total_inactive_file 370995200
total_active_file 370495488
total_unevictable 4096
--------------------BLKIO-----------------------
11:0 Read 0
11:0 Write 0
11:0 Sync 0
11:0 Async 0
11:0 Total 0
253:0 Read 2681020416
253:0 Write 2449408
253:0 Sync 196608
253:0 Async 2683273216
253:0 Total 2683469824
Total 2683469824
--------------------CPUAC-----------------------
user 2045
system 8128
 
--------------------MEMCG-----------------------
MEM ONLY  : 953 MB
MEM+SWAP  : 953 MB
cache 742105088
rss 257814528
rss_huge 0
mapped_file 5341184
writeback 0
swap 0
pgpgin 1158330
pgpgout 914209
pgfault 245573
pgmajfault 538
inactive_anon 129282048
active_anon 128602112
inactive_file 371179520
active_file 370798592
unevictable 4096
hierarchical_memory_limit 999997440
hierarchical_memsw_limit 9223372036854771712
total_cache 742105088
total_rss 257814528
total_rss_huge 0
total_mapped_file 5341184
total_writeback 0
total_swap 0
total_pgpgin 1158330
total_pgpgout 914209
total_pgfault 245573
total_pgmajfault 538
total_inactive_anon 129282048
total_active_anon 128602112
total_inactive_file 371179520
total_active_file 370798592
total_unevictable 4096
--------------------BLKIO-----------------------
11:0 Read 0
11:0 Write 0
11:0 Sync 0
11:0 Async 0
11:0 Total 0
253:0 Read 2760699904
253:0 Write 2535424
253:0 Sync 196608
253:0 Async 2763038720
253:0 Total 2763235328
Total 2763235328
--------------------CPUAC-----------------------
user 2115
system 8602
 
--------------------MEMCG-----------------------
MEM ONLY  : 953 MB
MEM+SWAP  : 953 MB
cache 742576128
rss 257355776
rss_huge 0
mapped_file 5341184
writeback 0
swap 0
pgpgin 1197461
pgpgout 953337
pgfault 245742
pgmajfault 538
inactive_anon 129282048
active_anon 128143360
inactive_file 371466240
active_file 371027968
unevictable 4096
hierarchical_memory_limit 999997440
hierarchical_memsw_limit 9223372036854771712
total_cache 742576128
total_rss 257355776
total_rss_huge 0
total_mapped_file 5341184
total_writeback 0
total_swap 0
total_pgpgin 1197461
total_pgpgout 953337
total_pgfault 245742
total_pgmajfault 538
total_inactive_anon 129282048
total_active_anon 128143360
total_inactive_file 371466240
total_active_file 371027968
total_unevictable 4096
--------------------BLKIO-----------------------
11:0 Read 0
11:0 Write 0
11:0 Sync 0
11:0 Async 0
11:0 Total 0
253:0 Read 2843762688
253:0 Write 2633728
253:0 Sync 196608
253:0 Async 2846199808
253:0 Total 2846396416
Total 2846396416
--------------------CPUAC-----------------------
user 2192
system 8969
 
--------------------MEMCG-----------------------
MEM ONLY  : 953 MB
MEM+SWAP  : 953 MB
cache 742555648
rss 257216512
rss_huge 0
mapped_file 4542464
writeback 0
swap 0
pgpgin 1235127
pgpgout 991042
pgfault 245883
pgmajfault 538
inactive_anon 128933888
active_anon 128352256
inactive_file 371474432
active_file 370987008
unevictable 4096
hierarchical_memory_limit 999997440
hierarchical_memsw_limit 9223372036854771712
total_cache 742555648
total_rss 257216512
total_rss_huge 0
total_mapped_file 4542464
total_writeback 0
total_swap 0
total_pgpgin 1235127
total_pgpgout 991042
total_pgfault 245883
total_pgmajfault 538
total_inactive_anon 128933888
total_active_anon 128352256
total_inactive_file 371474432
total_active_file 370987008
total_unevictable 4096
--------------------BLKIO-----------------------
11:0 Read 0
11:0 Write 0
11:0 Sync 0
11:0 Async 0
11:0 Total 0
253:0 Read 2924322816
253:0 Write 2736128
253:0 Sync 196608
253:0 Async 2926862336
253:0 Total 2927058944
Total 2927058944
--------------------CPUAC-----------------------
user 2260
system 9443
 
--------------------MEMCG-----------------------
MEM ONLY  : 953 MB
MEM+SWAP  : 953 MB
cache 743964672
rss 256028672
rss_huge 0
mapped_file 4542464
writeback 0
swap 0
pgpgin 1275103
pgpgout 1030964
pgfault 245995
pgmajfault 538
inactive_anon 128933888
active_anon 127164416
inactive_file 372277248
active_file 371613696
unevictable 4096
hierarchical_memory_limit 999997440
hierarchical_memsw_limit 9223372036854771712
total_cache 743964672
total_rss 256028672
total_rss_huge 0
total_mapped_file 4542464
total_writeback 0
total_swap 0
total_pgpgin 1275103
total_pgpgout 1030964
total_pgfault 245995
total_pgmajfault 538
total_inactive_anon 128933888
total_active_anon 127164416
total_inactive_file 372277248
total_active_file 371613696
total_unevictable 4096
--------------------BLKIO-----------------------
11:0 Read 0
11:0 Write 0
11:0 Sync 0
11:0 Async 0
11:0 Total 0
253:0 Read 3010736128
253:0 Write 2748416
253:0 Sync 196608
253:0 Async 3013287936
253:0 Total 3013484544
Total 3013484544
--------------------CPUAC-----------------------
user 2331
system 9810
 
--------------------MEMCG-----------------------
MEM ONLY  : 953 MB
MEM+SWAP  : 953 MB
cache 743755776
rss 256225280
rss_huge 0
mapped_file 4055040
writeback 0
swap 0
pgpgin 1313036
pgpgout 1068900
pgfault 246133
pgmajfault 538
inactive_anon 128933888
active_anon 127361024
inactive_file 372072448
active_file 371552256
unevictable 4096
hierarchical_memory_limit 999997440
hierarchical_memsw_limit 9223372036854771712
total_cache 743755776
total_rss 256225280
total_rss_huge 0
total_mapped_file 4055040
total_writeback 0
total_swap 0
total_pgpgin 1313036
total_pgpgout 1068900
total_pgfault 246133
total_pgmajfault 538
total_inactive_anon 128933888
total_active_anon 127361024
total_inactive_file 372072448
total_active_file 371552256
total_unevictable 4096
--------------------BLKIO-----------------------
11:0 Read 0
11:0 Write 0
11:0 Sync 0
11:0 Async 0
11:0 Total 0
253:0 Read 3092209664
253:0 Write 2785280
253:0 Sync 196608
253:0 Async 3094798336
253:0 Total 3094994944
Total 3094994944
--------------------CPUAC-----------------------
user 2412
system 10298
 
--------------------MEMCG-----------------------
MEM ONLY  : 953 MB
MEM+SWAP  : 953 MB
cache 743469056
rss 256376832
rss_huge 0
mapped_file 4116480
writeback 0
swap 0
pgpgin 1353042
pgpgout 1108939
pgfault 246296
pgmajfault 539
inactive_anon 128933888
active_anon 127512576
inactive_file 371810304
active_file 371548160
unevictable 4096
hierarchical_memory_limit 999997440
hierarchical_memsw_limit 9223372036854771712
total_cache 743469056
total_rss 256376832
total_rss_huge 0
total_mapped_file 4116480
total_writeback 0
total_swap 0
total_pgpgin 1353042
total_pgpgout 1108939
total_pgfault 246296
total_pgmajfault 539
total_inactive_anon 128933888
total_active_anon 127512576
total_inactive_file 371810304
total_active_file 371548160
total_unevictable 4096
--------------------BLKIO-----------------------
11:0 Read 0
11:0 Write 0
11:0 Sync 0
11:0 Async 0
11:0 Total 0
253:0 Read 3177197568
253:0 Write 2834432
253:0 Sync 196608
253:0 Async 3179835392
253:0 Total 3180032000
Total 3180032000
--------------------CPUAC-----------------------
user 2485
system 10687
 
--------------------MEMCG-----------------------
MEM ONLY  : 953 MB
MEM+SWAP  : 953 MB
cache 743219200
rss 256761856
rss_huge 0
mapped_file 3543040
writeback 0
swap 0
pgpgin 1391830
pgpgout 1147694
pgfault 246480
pgmajfault 539
inactive_anon 128933888
active_anon 127897600
inactive_file 371777536
active_file 371310592
unevictable 4096
hierarchical_memory_limit 999997440
hierarchical_memsw_limit 9223372036854771712
total_cache 743219200
total_rss 256761856
total_rss_huge 0
total_mapped_file 3543040
total_writeback 0
total_swap 0
total_pgpgin 1391830
total_pgpgout 1147694
total_pgfault 246480
total_pgmajfault 539
total_inactive_anon 128933888
total_active_anon 127897600
total_inactive_file 371777536
total_active_file 371310592
total_unevictable 4096
--------------------BLKIO-----------------------
11:0 Read 0
11:0 Write 0
11:0 Sync 0
11:0 Async 0
11:0 Total 0
253:0 Read 3258466304
253:0 Write 2887680
253:0 Sync 196608
253:0 Async 3261157376
253:0 Total 3261353984
Total 3261353984
--------------------CPUAC-----------------------
user 2553
system 11130
 
--------------------MEMCG-----------------------
MEM ONLY  : 953 MB
MEM+SWAP  : 953 MB
cache 743022592
rss 256966656
rss_huge 0
mapped_file 3543040
writeback 0
swap 0
pgpgin 1432439
pgpgout 1188301
pgfault 246620
pgmajfault 539
inactive_anon 128933888
active_anon 128102400
inactive_file 371519488
active_file 371425280
unevictable 4096
hierarchical_memory_limit 999997440
hierarchical_memsw_limit 9223372036854771712
total_cache 743022592
total_rss 256966656
total_rss_huge 0
total_mapped_file 3543040
total_writeback 0
total_swap 0
total_pgpgin 1432439
total_pgpgout 1188301
total_pgfault 246620
total_pgmajfault 539
total_inactive_anon 128933888
total_active_anon 128102400
total_inactive_file 371519488
total_active_file 371425280
total_unevictable 4096
--------------------BLKIO-----------------------
11:0 Read 0
11:0 Write 0
11:0 Sync 0
11:0 Async 0
11:0 Total 0
253:0 Read 3343568896
253:0 Write 2949120
253:0 Sync 196608
253:0 Async 3346321408
253:0 Total 3346518016
Total 3346518016
--------------------CPUAC-----------------------
user 2633
system 11512
 
--------------------MEMCG-----------------------
MEM ONLY  : 953 MB
MEM+SWAP  : 953 MB
cache 743247872
rss 256720896
rss_huge 0
mapped_file 2957312
writeback 0
swap 0
pgpgin 1470331
pgpgout 1226198
pgfault 246813
pgmajfault 539
inactive_anon 128913408
active_anon 127877120
inactive_file 371843072
active_file 371331072
unevictable 4096
hierarchical_memory_limit 999997440
hierarchical_memsw_limit 9223372036854771712
total_cache 743247872
total_rss 256720896
total_rss_huge 0
total_mapped_file 2957312
total_writeback 0
total_swap 0
total_pgpgin 1470331
total_pgpgout 1226198
total_pgfault 246813
total_pgmajfault 539
total_inactive_anon 128913408
total_active_anon 127877120
total_inactive_file 371843072
total_active_file 371331072
total_unevictable 4096
--------------------BLKIO-----------------------
11:0 Read 0
11:0 Write 0
11:0 Sync 0
11:0 Async 0
11:0 Total 0
253:0 Read 3424919552
253:0 Write 3022848
253:0 Sync 196608
253:0 Async 3427745792
253:0 Total 3427942400
Total 3427942400
--------------------CPUAC-----------------------
user 2711
system 11951
 
