--------------------MEMCG-----------------------
MEM ONLY  : 953 MB
MEM+SWAP  : 953 MB
cache 741892096
rss 258027520
rss_huge 0
mapped_file 9347072
writeback 0
swap 0
pgpgin 759807
pgpgout 515686
pgfault 242211
pgmajfault 538
inactive_anon 129499136
active_anon 128598016
inactive_file 371040256
active_file 370724864
unevictable 4096
hierarchical_memory_limit 999997440
hierarchical_memsw_limit 9223372036854771712
total_cache 741892096
total_rss 258027520
total_rss_huge 0
total_mapped_file 9347072
total_writeback 0
total_swap 0
total_pgpgin 759807
total_pgpgout 515686
total_pgfault 242211
total_pgmajfault 538
total_inactive_anon 129499136
total_active_anon 128598016
total_inactive_file 371040256
total_active_file 370724864
total_unevictable 4096
--------------------BLKIO-----------------------
11:0 Read 0
11:0 Write 0
11:0 Sync 0
11:0 Async 0
11:0 Total 0
253:0 Read 1843408896
253:0 Write 1974272
253:0 Sync 196608
253:0 Async 1845186560
253:0 Total 1845383168
Total 1845383168
--------------------CPUAC-----------------------
user 1380
system 4020
 
--------------------MEMCG-----------------------
MEM ONLY  : 953 MB
MEM+SWAP  : 953 MB
cache 741732352
rss 258117632
rss_huge 0
mapped_file 9347072
writeback 0
swap 0
pgpgin 802967
pgpgout 558863
pgfault 242512
pgmajfault 538
inactive_anon 129630208
active_anon 128557056
inactive_file 370982912
active_file 370634752
unevictable 4096
hierarchical_memory_limit 999997440
hierarchical_memsw_limit 9223372036854771712
total_cache 741732352
total_rss 258117632
total_rss_huge 0
total_mapped_file 9347072
total_writeback 0
total_swap 0
total_pgpgin 802967
total_pgpgout 558863
total_pgfault 242512
total_pgmajfault 538
total_inactive_anon 129630208
total_active_anon 128557056
total_inactive_file 370982912
total_active_file 370634752
total_unevictable 4096
--------------------BLKIO-----------------------
11:0 Read 0
11:0 Write 0
11:0 Sync 0
11:0 Async 0
11:0 Total 0
253:0 Read 1905532928
253:0 Write 2015232
253:0 Sync 196608
253:0 Async 1907351552
253:0 Total 1907548160
Total 1907548160
--------------------CPUAC-----------------------
user 1470
system 5009
 
--------------------MEMCG-----------------------
MEM ONLY  : 953 MB
MEM+SWAP  : 953 MB
cache 742203392
rss 257658880
rss_huge 0
mapped_file 9347072
writeback 0
swap 0
pgpgin 854729
pgpgout 610622
pgfault 242749
pgmajfault 538
inactive_anon 129630208
active_anon 128098304
inactive_file 371191808
active_file 370884608
unevictable 4096
hierarchical_memory_limit 999997440
hierarchical_memsw_limit 9223372036854771712
total_cache 742203392
total_rss 257658880
total_rss_huge 0
total_mapped_file 9347072
total_writeback 0
total_swap 0
total_pgpgin 854729
total_pgpgout 610622
total_pgfault 242749
total_pgmajfault 538
total_inactive_anon 129630208
total_active_anon 128098304
total_inactive_file 371191808
total_active_file 370884608
total_unevictable 4096
--------------------BLKIO-----------------------
11:0 Read 0
11:0 Write 0
11:0 Sync 0
11:0 Async 0
11:0 Total 0
253:0 Read 1972768768
253:0 Write 2064384
253:0 Sync 196608
253:0 Async 1974636544
253:0 Total 1974833152
Total 1974833152
--------------------CPUAC-----------------------
user 1569
system 5843
 
--------------------MEMCG-----------------------
MEM ONLY  : 953 MB
MEM+SWAP  : 953 MB
cache 742686720
rss 257220608
rss_huge 0
mapped_file 9347072
writeback 0
swap 0
pgpgin 901989
pgpgout 657871
pgfault 242881
pgmajfault 538
inactive_anon 129630208
active_anon 127660032
inactive_file 371441664
active_file 371138560
unevictable 4096
hierarchical_memory_limit 999997440
hierarchical_memsw_limit 9223372036854771712
total_cache 742686720
total_rss 257220608
total_rss_huge 0
total_mapped_file 9347072
total_writeback 0
total_swap 0
total_pgpgin 901989
total_pgpgout 657871
total_pgfault 242881
total_pgmajfault 538
total_inactive_anon 129630208
total_active_anon 127660032
total_inactive_file 371441664
total_active_file 371138560
total_unevictable 4096
--------------------BLKIO-----------------------
11:0 Read 0
11:0 Write 0
11:0 Sync 0
11:0 Async 0
11:0 Total 0
253:0 Read 2029240320
253:0 Write 2084864
253:0 Sync 196608
253:0 Async 2031128576
253:0 Total 2031325184
Total 2031325184
--------------------CPUAC-----------------------
user 1664
system 7017
 
--------------------MEMCG-----------------------
MEM ONLY  : 953 MB
MEM+SWAP  : 953 MB
cache 743399424
rss 256454656
rss_huge 0
mapped_file 9347072
writeback 0
swap 0
pgpgin 958965
pgpgout 714860
pgfault 242972
pgmajfault 538
inactive_anon 129630208
active_anon 126894080
inactive_file 371798016
active_file 371482624
unevictable 4096
hierarchical_memory_limit 999997440
hierarchical_memsw_limit 9223372036854771712
total_cache 743399424
total_rss 256454656
total_rss_huge 0
total_mapped_file 9347072
total_writeback 0
total_swap 0
total_pgpgin 958965
total_pgpgout 714860
total_pgfault 242972
total_pgmajfault 538
total_inactive_anon 129630208
total_active_anon 126894080
total_inactive_file 371798016
total_active_file 371482624
total_unevictable 4096
--------------------BLKIO-----------------------
11:0 Read 0
11:0 Write 0
11:0 Sync 0
11:0 Async 0
11:0 Total 0
253:0 Read 2087317504
253:0 Write 2121728
253:0 Sync 196608
253:0 Async 2089242624
253:0 Total 2089439232
Total 2089439232
--------------------CPUAC-----------------------
user 1764
system 8082
 
--------------------MEMCG-----------------------
MEM ONLY  : 953 MB
MEM+SWAP  : 953 MB
cache 742977536
rss 256815104
rss_huge 0
mapped_file 5308416
writeback 0
swap 0
pgpgin 1024058
pgpgout 779968
pgfault 243269
pgmajfault 538
inactive_anon 129630208
active_anon 127254528
inactive_file 371621888
active_file 371240960
unevictable 4096
hierarchical_memory_limit 999997440
hierarchical_memsw_limit 9223372036854771712
total_cache 742977536
total_rss 256815104
total_rss_huge 0
total_mapped_file 5308416
total_writeback 0
total_swap 0
total_pgpgin 1024058
total_pgpgout 779968
total_pgfault 243269
total_pgmajfault 538
total_inactive_anon 129630208
total_active_anon 127254528
total_inactive_file 371621888
total_active_file 371240960
total_unevictable 4096
--------------------BLKIO-----------------------
11:0 Read 0
11:0 Write 0
11:0 Sync 0
11:0 Async 0
11:0 Total 0
253:0 Read 2143522816
253:0 Write 2166784
253:0 Sync 196608
253:0 Async 2145492992
253:0 Total 2145689600
Total 2145689600
--------------------CPUAC-----------------------
user 1880
system 9240
 
--------------------MEMCG-----------------------
MEM ONLY  : 953 MB
MEM+SWAP  : 953 MB
cache 739897344
rss 259862528
rss_huge 0
mapped_file 5300224
writeback 0
swap 0
pgpgin 1084459
pgpgout 840377
pgfault 244103
pgmajfault 538
inactive_anon 130154496
active_anon 129777664
inactive_file 369930240
active_file 369889280
unevictable 4096
hierarchical_memory_limit 999997440
hierarchical_memsw_limit 9223372036854771712
total_cache 739897344
total_rss 259862528
total_rss_huge 0
total_mapped_file 5300224
total_writeback 0
total_swap 0
total_pgpgin 1084459
total_pgpgout 840377
total_pgfault 244103
total_pgmajfault 538
total_inactive_anon 130154496
total_active_anon 129777664
total_inactive_file 369930240
total_active_file 369889280
total_unevictable 4096
--------------------BLKIO-----------------------
11:0 Read 0
11:0 Write 0
11:0 Sync 0
11:0 Async 0
11:0 Total 0
253:0 Read 2187169792
253:0 Write 2220032
253:0 Sync 196608
253:0 Async 2189193216
253:0 Total 2189389824
Total 2189389824
--------------------CPUAC-----------------------
user 1989
system 10742
 
--------------------MEMCG-----------------------
MEM ONLY  : 953 MB
MEM+SWAP  : 953 MB
cache 740036608
rss 259862528
rss_huge 0
mapped_file 5246976
writeback 0
swap 0
pgpgin 1152457
pgpgout 908341
pgfault 244193
pgmajfault 538
inactive_anon 130154496
active_anon 129777664
inactive_file 370077696
active_file 369856512
unevictable 4096
hierarchical_memory_limit 999997440
hierarchical_memsw_limit 9223372036854771712
total_cache 740036608
total_rss 259862528
total_rss_huge 0
total_mapped_file 5246976
total_writeback 0
total_swap 0
total_pgpgin 1152457
total_pgpgout 908341
total_pgfault 244193
total_pgmajfault 538
total_inactive_anon 130154496
total_active_anon 129777664
total_inactive_file 370077696
total_active_file 369856512
total_unevictable 4096
--------------------BLKIO-----------------------
11:0 Read 0
11:0 Write 0
11:0 Sync 0
11:0 Async 0
11:0 Total 0
253:0 Read 2231332864
253:0 Write 2281472
253:0 Sync 196608
253:0 Async 2233417728
253:0 Total 2233614336
Total 2233614336
--------------------CPUAC-----------------------
user 2098
system 12178
 
--------------------MEMCG-----------------------
MEM ONLY  : 953 MB
MEM+SWAP  : 953 MB
cache 740098048
rss 259862528
rss_huge 0
mapped_file 4440064
writeback 0
swap 0
pgpgin 1226737
pgpgout 982605
pgfault 244283
pgmajfault 538
inactive_anon 130154496
active_anon 129777664
inactive_file 370081792
active_file 369909760
unevictable 4096
hierarchical_memory_limit 999997440
hierarchical_memsw_limit 9223372036854771712
total_cache 740102144
total_rss 259862528
total_rss_huge 0
total_mapped_file 4440064
total_writeback 0
total_swap 0
total_pgpgin 1226737
total_pgpgout 982605
total_pgfault 244283
total_pgmajfault 538
total_inactive_anon 130154496
total_active_anon 129777664
total_inactive_file 370081792
total_active_file 369909760
total_unevictable 4096
--------------------BLKIO-----------------------
11:0 Read 0
11:0 Write 0
11:0 Sync 0
11:0 Async 0
11:0 Total 0
253:0 Read 2271588352
253:0 Write 2355200
253:0 Sync 196608
253:0 Async 2273746944
253:0 Total 2273943552
Total 2273943552
--------------------CPUAC-----------------------
user 2232
system 13670
 
--------------------MEMCG-----------------------
MEM ONLY  : 953 MB
MEM+SWAP  : 953 MB
cache 740208640
rss 259653632
rss_huge 0
mapped_file 4276224
writeback 0
swap 0
pgpgin 1305908
pgpgout 1061801
pgfault 244444
pgmajfault 538
inactive_anon 130138112
active_anon 129585152
inactive_file 370192384
active_file 369942528
unevictable 4096
hierarchical_memory_limit 999997440
hierarchical_memsw_limit 9223372036854771712
total_cache 740208640
total_rss 259653632
total_rss_huge 0
total_mapped_file 4276224
total_writeback 0
total_swap 0
total_pgpgin 1305908
total_pgpgout 1061801
total_pgfault 244444
total_pgmajfault 538
total_inactive_anon 130138112
total_active_anon 129585152
total_inactive_file 370192384
total_active_file 369942528
total_unevictable 4096
--------------------BLKIO-----------------------
11:0 Read 0
11:0 Write 0
11:0 Sync 0
11:0 Async 0
11:0 Total 0
253:0 Read 2305515520
253:0 Write 2433024
253:0 Sync 196608
253:0 Async 2307751936
253:0 Total 2307948544
Total 2307948544
--------------------CPUAC-----------------------
user 2374
system 15367
 
--------------------MEMCG-----------------------
MEM ONLY  : 953 MB
MEM+SWAP  : 953 MB
cache 739614720
rss 260145152
rss_huge 0
mapped_file 4235264
writeback 0
swap 0
pgpgin 1386057
pgpgout 1141975
pgfault 244737
pgmajfault 538
inactive_anon 130138112
active_anon 130076672
inactive_file 369897472
active_file 369635328
unevictable 4096
hierarchical_memory_limit 999997440
hierarchical_memsw_limit 9223372036854771712
total_cache 739614720
total_rss 260145152
total_rss_huge 0
total_mapped_file 4235264
total_writeback 0
total_swap 0
total_pgpgin 1386057
total_pgpgout 1141975
total_pgfault 244737
total_pgmajfault 538
total_inactive_anon 130138112
total_active_anon 130076672
total_inactive_file 369897472
total_active_file 369635328
total_unevictable 4096
--------------------BLKIO-----------------------
11:0 Read 0
11:0 Write 0
11:0 Sync 0
11:0 Async 0
11:0 Total 0
253:0 Read 2335412224
253:0 Write 2519040
253:0 Sync 196608
253:0 Async 2337734656
253:0 Total 2337931264
Total 2337931264
--------------------CPUAC-----------------------
user 2514
system 17153
 
--------------------MEMCG-----------------------
MEM ONLY  : 953 MB
MEM+SWAP  : 953 MB
cache 737845248
rss 262066176
rss_huge 0
mapped_file 2875392
writeback 0
swap 0
pgpgin 1470551
pgpgout 1226432
pgfault 245456
pgmajfault 539
inactive_anon 131252224
active_anon 130883584
inactive_file 368771072
active_file 368869376
unevictable 4096
hierarchical_memory_limit 999997440
hierarchical_memsw_limit 9223372036854771712
total_cache 737845248
total_rss 262066176
total_rss_huge 0
total_mapped_file 2875392
total_writeback 0
total_swap 0
total_pgpgin 1470551
total_pgpgout 1226432
total_pgfault 245456
total_pgmajfault 539
total_inactive_anon 131252224
total_active_anon 130883584
total_inactive_file 368771072
total_active_file 368869376
total_unevictable 4096
--------------------BLKIO-----------------------
11:0 Read 0
11:0 Write 0
11:0 Sync 0
11:0 Async 0
11:0 Total 0
253:0 Read 2362241024
253:0 Write 2617344
253:0 Sync 196608
253:0 Async 2364661760
253:0 Total 2364858368
Total 2364858368
--------------------CPUAC-----------------------
user 2663
system 19049
 
--------------------MEMCG-----------------------
MEM ONLY  : 953 MB
MEM+SWAP  : 953 MB
cache 738529280
rss 261345280
rss_huge 0
mapped_file 2875392
writeback 0
swap 0
pgpgin 1559791
pgpgout 1315681
pgfault 245660
pgmajfault 539
inactive_anon 131178496
active_anon 130236416
inactive_file 369360896
active_file 369086464
unevictable 4096
hierarchical_memory_limit 999997440
hierarchical_memsw_limit 9223372036854771712
total_cache 738529280
total_rss 261345280
total_rss_huge 0
total_mapped_file 2875392
total_writeback 0
total_swap 0
total_pgpgin 1559791
total_pgpgout 1315681
total_pgfault 245660
total_pgmajfault 539
total_inactive_anon 131178496
total_active_anon 130236416
total_inactive_file 369360896
total_active_file 369086464
total_unevictable 4096
--------------------BLKIO-----------------------
11:0 Read 0
11:0 Write 0
11:0 Sync 0
11:0 Async 0
11:0 Total 0
253:0 Read 2383343616
253:0 Write 2727936
253:0 Sync 196608
253:0 Async 2385874944
253:0 Total 2386071552
Total 2386071552
--------------------CPUAC-----------------------
user 2822
system 21070
 
--------------------MEMCG-----------------------
MEM ONLY  : 953 MB
MEM+SWAP  : 953 MB
cache 737652736
rss 262103040
rss_huge 0
mapped_file 2945024
writeback 0
swap 0
pgpgin 1648586
pgpgout 1404504
pgfault 246100
pgmajfault 541
inactive_anon 131223552
active_anon 130949120
inactive_file 368992256
active_file 368582656
unevictable 4096
hierarchical_memory_limit 999997440
hierarchical_memsw_limit 9223372036854771712
total_cache 737656832
total_rss 262103040
total_rss_huge 0
total_mapped_file 2945024
total_writeback 0
total_swap 0
total_pgpgin 1648586
total_pgpgout 1404504
total_pgfault 246100
total_pgmajfault 541
total_inactive_anon 131223552
total_active_anon 130949120
total_inactive_file 368992256
total_active_file 368582656
total_unevictable 4096
--------------------BLKIO-----------------------
11:0 Read 0
11:0 Write 0
11:0 Sync 0
11:0 Async 0
11:0 Total 0
253:0 Read 2400649216
253:0 Write 2764800
253:0 Sync 196608
253:0 Async 2403217408
253:0 Total 2403414016
Total 2403414016
--------------------CPUAC-----------------------
user 2961
system 23227
 
--------------------MEMCG-----------------------
MEM ONLY  : 953 MB
MEM+SWAP  : 953 MB
cache 737243136
rss 262512640
rss_huge 0
mapped_file 2945024
writeback 0
swap 0
pgpgin 1743349
pgpgout 1499268
pgfault 246393
pgmajfault 541
inactive_anon 131489792
active_anon 131092480
inactive_file 368766976
active_file 368398336
unevictable 4096
hierarchical_memory_limit 999997440
hierarchical_memsw_limit 9223372036854771712
total_cache 737243136
total_rss 262512640
total_rss_huge 0
total_mapped_file 2945024
total_writeback 0
total_swap 0
total_pgpgin 1743349
total_pgpgout 1499268
total_pgfault 246393
total_pgmajfault 541
total_inactive_anon 131489792
total_active_anon 131092480
total_inactive_file 368766976
total_active_file 368398336
total_unevictable 4096
--------------------BLKIO-----------------------
11:0 Read 0
11:0 Write 0
11:0 Sync 0
11:0 Async 0
11:0 Total 0
253:0 Read 2415022080
253:0 Write 2801664
253:0 Sync 196608
253:0 Async 2417627136
253:0 Total 2417823744
Total 2417823744
--------------------CPUAC-----------------------
user 3116
system 25414
 
--------------------MEMCG-----------------------
MEM ONLY  : 953 MB
MEM+SWAP  : 953 MB
cache 736174080
rss 263745536
rss_huge 0
mapped_file 2945024
writeback 0
swap 0
pgpgin 1842977
pgpgout 1598856
pgfault 246784
pgmajfault 541
inactive_anon 132145152
active_anon 131670016
inactive_file 368140288
active_file 367931392
unevictable 4096
hierarchical_memory_limit 999997440
hierarchical_memsw_limit 9223372036854771712
total_cache 736174080
total_rss 263745536
total_rss_huge 0
total_mapped_file 2945024
total_writeback 0
total_swap 0
total_pgpgin 1842977
total_pgpgout 1598856
total_pgfault 246784
total_pgmajfault 541
total_inactive_anon 132145152
total_active_anon 131670016
total_inactive_file 368140288
total_active_file 367931392
total_unevictable 4096
--------------------BLKIO-----------------------
11:0 Read 0
11:0 Write 0
11:0 Sync 0
11:0 Async 0
11:0 Total 0
253:0 Read 2427170816
253:0 Write 2850816
253:0 Sync 196608
253:0 Async 2429825024
253:0 Total 2430021632
Total 2430021632
--------------------CPUAC-----------------------
user 3274
system 27728
 
--------------------MEMCG-----------------------
MEM ONLY  : 953 MB
MEM+SWAP  : 953 MB
cache 735133696
rss 264822784
rss_huge 0
mapped_file 2945024
writeback 0
swap 0
pgpgin 1941837
pgpgout 1697707
pgfault 247340
pgmajfault 541
inactive_anon 132542464
active_anon 132349952
inactive_file 367583232
active_file 367456256
unevictable 4096
hierarchical_memory_limit 999997440
hierarchical_memsw_limit 9223372036854771712
total_cache 735133696
total_rss 264822784
total_rss_huge 0
total_mapped_file 2945024
total_writeback 0
total_swap 0
total_pgpgin 1941837
total_pgpgout 1697707
total_pgfault 247340
total_pgmajfault 541
total_inactive_anon 132542464
total_active_anon 132349952
total_inactive_file 367583232
total_active_file 367456256
total_unevictable 4096
--------------------BLKIO-----------------------
11:0 Read 0
11:0 Write 0
11:0 Sync 0
11:0 Async 0
11:0 Total 0
253:0 Read 2437406720
253:0 Write 2904064
253:0 Sync 196608
253:0 Async 2440114176
253:0 Total 2440310784
Total 2440310784
--------------------CPUAC-----------------------
user 3436
system 30038
 
--------------------MEMCG-----------------------
MEM ONLY  : 953 MB
MEM+SWAP  : 953 MB
cache 733478912
rss 266371072
rss_huge 0
mapped_file 2945024
writeback 0
swap 0
pgpgin 2029089
pgpgout 1784985
pgfault 248001
pgmajfault 541
inactive_anon 133419008
active_anon 133021696
inactive_file 366833664
active_file 366530560
unevictable 4096
hierarchical_memory_limit 999997440
hierarchical_memsw_limit 9223372036854771712
total_cache 733478912
total_rss 266371072
total_rss_huge 0
total_mapped_file 2945024
total_writeback 0
total_swap 0
total_pgpgin 2029089
total_pgpgout 1784985
total_pgfault 248001
total_pgmajfault 541
total_inactive_anon 133419008
total_active_anon 133021696
total_inactive_file 366833664
total_active_file 366530560
total_unevictable 4096
--------------------BLKIO-----------------------
11:0 Read 0
11:0 Write 0
11:0 Sync 0
11:0 Async 0
11:0 Total 0
253:0 Read 2444242944
253:0 Write 2969600
253:0 Sync 196608
253:0 Async 2447015936
253:0 Total 2447212544
Total 2447212544
--------------------CPUAC-----------------------
user 3566
system 32469
 
--------------------MEMCG-----------------------
MEM ONLY  : 953 MB
MEM+SWAP  : 953 MB
cache 733720576
rss 266129408
rss_huge 0
mapped_file 2871296
writeback 0
swap 0
pgpgin 2132245
pgpgout 1888141
pgfault 248321
pgmajfault 541
inactive_anon 133337088
active_anon 132861952
inactive_file 366981120
active_file 366624768
unevictable 4096
hierarchical_memory_limit 999997440
hierarchical_memsw_limit 9223372036854771712
total_cache 733720576
total_rss 266129408
total_rss_huge 0
total_mapped_file 2871296
total_writeback 0
total_swap 0
total_pgpgin 2132245
total_pgpgout 1888141
total_pgfault 248321
total_pgmajfault 541
total_inactive_anon 133337088
total_active_anon 132861952
total_inactive_file 366981120
total_active_file 366624768
total_unevictable 4096
--------------------BLKIO-----------------------
11:0 Read 0
11:0 Write 0
11:0 Sync 0
11:0 Async 0
11:0 Total 0
253:0 Read 2450939904
253:0 Write 3043328
253:0 Sync 196608
253:0 Async 2453786624
253:0 Total 2453983232
Total 2453983232
--------------------CPUAC-----------------------
user 3719
system 34854
 
--------------------MEMCG-----------------------
MEM ONLY  : 953 MB
MEM+SWAP  : 953 MB
cache 732749824
rss 267051008
rss_huge 0
mapped_file 2871296
writeback 0
swap 0
pgpgin 2236681
pgpgout 1992589
pgfault 248703
pgmajfault 541
inactive_anon 133730304
active_anon 133390336
inactive_file 366452736
active_file 366174208
unevictable 4096
hierarchical_memory_limit 999997440
hierarchical_memsw_limit 9223372036854771712
total_cache 732749824
total_rss 267051008
total_rss_huge 0
total_mapped_file 2871296
total_writeback 0
total_swap 0
total_pgpgin 2236681
total_pgpgout 1992589
total_pgfault 248703
total_pgmajfault 541
total_inactive_anon 133730304
total_active_anon 133390336
total_inactive_file 366452736
total_active_file 366174208
total_unevictable 4096
--------------------BLKIO-----------------------
11:0 Read 0
11:0 Write 0
11:0 Sync 0
11:0 Async 0
11:0 Total 0
253:0 Read 2456285184
253:0 Write 3125248
253:0 Sync 196608
253:0 Async 2459213824
253:0 Total 2459410432
Total 2459410432
--------------------CPUAC-----------------------
user 3892
system 37302
 
