--------------------MEMCG-----------------------
MEM ONLY  : 953 MB
MEM+SWAP  : 953 MB
cache 742621184
rss 257376256
rss_huge 0
mapped_file 14172160
writeback 0
swap 0
pgpgin 751607
pgpgout 507467
pgfault 241993
pgmajfault 515
inactive_anon 128827392
active_anon 128618496
inactive_file 371367936
active_file 371150848
unevictable 4096
hierarchical_memory_limit 999997440
hierarchical_memsw_limit 9223372036854771712
total_cache 742621184
total_rss 257376256
total_rss_huge 0
total_mapped_file 14172160
total_writeback 0
total_swap 0
total_pgpgin 751607
total_pgpgout 507467
total_pgfault 241993
total_pgmajfault 515
total_inactive_anon 128827392
total_active_anon 128618496
total_inactive_file 371367936
total_active_file 371150848
total_unevictable 4096
--------------------BLKIO-----------------------
11:0 Read 0
11:0 Write 0
11:0 Sync 0
11:0 Async 0
11:0 Total 0
253:0 Read 1825746944
253:0 Write 1757184
253:0 Sync 196608
253:0 Async 1827307520
253:0 Total 1827504128
Total 1827504128
--------------------CPUAC-----------------------
user 1255
system 4373
 
--------------------MEMCG-----------------------
MEM ONLY  : 953 MB
MEM+SWAP  : 953 MB
cache 742244352
rss 257736704
rss_huge 0
mapped_file 8601600
writeback 0
swap 0
pgpgin 796113
pgpgout 551977
pgfault 242220
pgmajfault 515
inactive_anon 129118208
active_anon 128688128
inactive_file 371425280
active_file 370716672
unevictable 4096
hierarchical_memory_limit 999997440
hierarchical_memsw_limit 9223372036854771712
total_cache 742244352
total_rss 257736704
total_rss_huge 0
total_mapped_file 8601600
total_writeback 0
total_swap 0
total_pgpgin 796113
total_pgpgout 551977
total_pgfault 242220
total_pgmajfault 515
total_inactive_anon 129118208
total_active_anon 128688128
total_inactive_file 371425280
total_active_file 370716672
total_unevictable 4096
--------------------BLKIO-----------------------
11:0 Read 0
11:0 Write 0
11:0 Sync 0
11:0 Async 0
11:0 Total 0
253:0 Read 1894993920
253:0 Write 1794048
253:0 Sync 196608
253:0 Async 1896591360
253:0 Total 1896787968
Total 1896787968
--------------------CPUAC-----------------------
user 1334
system 5103
 
--------------------MEMCG-----------------------
MEM ONLY  : 953 MB
MEM+SWAP  : 953 MB
cache 741920768
rss 257859584
rss_huge 0
mapped_file 8601600
writeback 0
swap 0
pgpgin 842114
pgpgout 598027
pgfault 242568
pgmajfault 515
inactive_anon 129310720
active_anon 128618496
inactive_file 371015680
active_file 370802688
unevictable 4096
hierarchical_memory_limit 999997440
hierarchical_memsw_limit 9223372036854771712
total_cache 741920768
total_rss 257859584
total_rss_huge 0
total_mapped_file 8601600
total_writeback 0
total_swap 0
total_pgpgin 842114
total_pgpgout 598027
total_pgfault 242568
total_pgmajfault 515
total_inactive_anon 129310720
total_active_anon 128618496
total_inactive_file 371015680
total_active_file 370802688
total_unevictable 4096
--------------------BLKIO-----------------------
11:0 Read 0
11:0 Write 0
11:0 Sync 0
11:0 Async 0
11:0 Total 0
253:0 Read 1967828992
253:0 Write 1839104
253:0 Sync 196608
253:0 Async 1969471488
253:0 Total 1969668096
Total 1969668096
--------------------CPUAC-----------------------
user 1416
system 5755
 
--------------------MEMCG-----------------------
MEM ONLY  : 953 MB
MEM+SWAP  : 953 MB
cache 742412288
rss 257437696
rss_huge 0
mapped_file 8601600
writeback 0
swap 0
pgpgin 890528
pgpgout 646424
pgfault 242695
pgmajfault 515
inactive_anon 129310720
active_anon 128196608
inactive_file 371249152
active_file 371060736
unevictable 4096
hierarchical_memory_limit 999997440
hierarchical_memsw_limit 9223372036854771712
total_cache 742412288
total_rss 257437696
total_rss_huge 0
total_mapped_file 8601600
total_writeback 0
total_swap 0
total_pgpgin 890528
total_pgpgout 646424
total_pgfault 242695
total_pgmajfault 515
total_inactive_anon 129310720
total_active_anon 128196608
total_inactive_file 371249152
total_active_file 371060736
total_unevictable 4096
--------------------BLKIO-----------------------
11:0 Read 0
11:0 Write 0
11:0 Sync 0
11:0 Async 0
11:0 Total 0
253:0 Read 2044080128
253:0 Write 1892352
253:0 Sync 196608
253:0 Async 2045775872
253:0 Total 2045972480
Total 2045972480
--------------------CPUAC-----------------------
user 1500
system 6356
 
--------------------MEMCG-----------------------
MEM ONLY  : 953 MB
MEM+SWAP  : 953 MB
cache 742404096
rss 257388544
rss_huge 0
mapped_file 8601600
writeback 0
swap 0
pgpgin 936263
pgpgout 692173
pgfault 242842
pgmajfault 515
inactive_anon 129310720
active_anon 128147456
inactive_file 371376128
active_file 370954240
unevictable 4096
hierarchical_memory_limit 999997440
hierarchical_memsw_limit 9223372036854771712
total_cache 742404096
total_rss 257388544
total_rss_huge 0
total_mapped_file 8601600
total_writeback 0
total_swap 0
total_pgpgin 936263
total_pgpgout 692173
total_pgfault 242842
total_pgmajfault 515
total_inactive_anon 129310720
total_active_anon 128147456
total_inactive_file 371376128
total_active_file 370954240
total_unevictable 4096
--------------------BLKIO-----------------------
11:0 Read 0
11:0 Write 0
11:0 Sync 0
11:0 Async 0
11:0 Total 0
253:0 Read 2116796416
253:0 Write 1953792
253:0 Sync 196608
253:0 Async 2118553600
253:0 Total 2118750208
Total 2118750208
--------------------CPUAC-----------------------
user 1587
system 7011
 
--------------------MEMCG-----------------------
MEM ONLY  : 953 MB
MEM+SWAP  : 953 MB
cache 742633472
rss 257220608
rss_huge 0
mapped_file 8409088
writeback 0
swap 0
pgpgin 984595
pgpgout 740490
pgfault 242954
pgmajfault 515
inactive_anon 129310720
active_anon 127979520
inactive_file 371552256
active_file 370982912
unevictable 4096
hierarchical_memory_limit 999997440
hierarchical_memsw_limit 9223372036854771712
total_cache 742633472
total_rss 257220608
total_rss_huge 0
total_mapped_file 8409088
total_writeback 0
total_swap 0
total_pgpgin 984595
total_pgpgout 740490
total_pgfault 242954
total_pgmajfault 515
total_inactive_anon 129310720
total_active_anon 127979520
total_inactive_file 371552256
total_active_file 370982912
total_unevictable 4096
--------------------BLKIO-----------------------
11:0 Read 0
11:0 Write 0
11:0 Sync 0
11:0 Async 0
11:0 Total 0
253:0 Read 2192830464
253:0 Write 2023424
253:0 Sync 196608
253:0 Async 2194657280
253:0 Total 2194853888
Total 2194853888
--------------------CPUAC-----------------------
user 1682
system 7633
 
--------------------MEMCG-----------------------
MEM ONLY  : 953 MB
MEM+SWAP  : 953 MB
cache 742354944
rss 257421312
rss_huge 0
mapped_file 4562944
writeback 0
swap 0
pgpgin 1029133
pgpgout 785047
pgfault 243093
pgmajfault 515
inactive_anon 129310720
active_anon 128180224
inactive_file 371437568
active_file 370819072
unevictable 4096
hierarchical_memory_limit 999997440
hierarchical_memsw_limit 9223372036854771712
total_cache 742354944
total_rss 257421312
total_rss_huge 0
total_mapped_file 4562944
total_writeback 0
total_swap 0
total_pgpgin 1029133
total_pgpgout 785047
total_pgfault 243093
total_pgmajfault 515
total_inactive_anon 129310720
total_active_anon 128180224
total_inactive_file 371437568
total_active_file 370819072
total_unevictable 4096
--------------------BLKIO-----------------------
11:0 Read 0
11:0 Write 0
11:0 Sync 0
11:0 Async 0
11:0 Total 0
253:0 Read 2262511616
253:0 Write 2101248
253:0 Sync 196608
253:0 Async 2264416256
253:0 Total 2264612864
Total 2264612864
--------------------CPUAC-----------------------
user 1755
system 8485
 
--------------------MEMCG-----------------------
MEM ONLY  : 953 MB
MEM+SWAP  : 953 MB
cache 741613568
rss 258260992
rss_huge 0
mapped_file 4558848
writeback 0
swap 0
pgpgin 1075815
pgpgout 831705
pgfault 243388
pgmajfault 515
inactive_anon 129572864
active_anon 128757760
inactive_file 370790400
active_file 370700288
unevictable 4096
hierarchical_memory_limit 999997440
hierarchical_memsw_limit 9223372036854771712
total_cache 741613568
total_rss 258260992
total_rss_huge 0
total_mapped_file 4558848
total_writeback 0
total_swap 0
total_pgpgin 1075815
total_pgpgout 831705
total_pgfault 243388
total_pgmajfault 515
total_inactive_anon 129572864
total_active_anon 128757760
total_inactive_file 370790400
total_active_file 370700288
total_unevictable 4096
--------------------BLKIO-----------------------
11:0 Read 0
11:0 Write 0
11:0 Sync 0
11:0 Async 0
11:0 Total 0
253:0 Read 2333851648
253:0 Write 2187264
253:0 Sync 196608
253:0 Async 2335842304
253:0 Total 2336038912
Total 2336038912
--------------------CPUAC-----------------------
user 1845
system 9199
 
--------------------MEMCG-----------------------
MEM ONLY  : 953 MB
MEM+SWAP  : 953 MB
cache 741810176
rss 258134016
rss_huge 0
mapped_file 4550656
writeback 0
swap 0
pgpgin 1123808
pgpgout 879681
pgfault 243553
pgmajfault 515
inactive_anon 129462272
active_anon 128741376
inactive_file 371081216
active_file 370655232
unevictable 4096
hierarchical_memory_limit 999997440
hierarchical_memsw_limit 9223372036854771712
total_cache 741810176
total_rss 258134016
total_rss_huge 0
total_mapped_file 4550656
total_writeback 0
total_swap 0
total_pgpgin 1123808
total_pgpgout 879681
total_pgfault 243553
total_pgmajfault 515
total_inactive_anon 129462272
total_active_anon 128741376
total_inactive_file 371081216
total_active_file 370655232
total_unevictable 4096
--------------------BLKIO-----------------------
11:0 Read 0
11:0 Write 0
11:0 Sync 0
11:0 Async 0
11:0 Total 0
253:0 Read 2409914368
253:0 Write 2281472
253:0 Sync 196608
253:0 Async 2411999232
253:0 Total 2412195840
Total 2412195840
--------------------CPUAC-----------------------
user 1931
system 9807
 
--------------------MEMCG-----------------------
MEM ONLY  : 953 MB
MEM+SWAP  : 953 MB
cache 741707776
rss 258252800
rss_huge 0
mapped_file 4304896
writeback 0
swap 0
pgpgin 1157776
pgpgout 913645
pgfault 243826
pgmajfault 515
inactive_anon 129462272
active_anon 128860160
inactive_file 371134464
active_file 370462720
unevictable 4096
hierarchical_memory_limit 999997440
hierarchical_memsw_limit 9223372036854771712
total_cache 741707776
total_rss 258252800
total_rss_huge 0
total_mapped_file 4304896
total_writeback 0
total_swap 0
total_pgpgin 1157776
total_pgpgout 913645
total_pgfault 243826
total_pgmajfault 515
total_inactive_anon 129462272
total_active_anon 128860160
total_inactive_file 371134464
total_active_file 370462720
total_unevictable 4096
--------------------BLKIO-----------------------
11:0 Read 0
11:0 Write 0
11:0 Sync 0
11:0 Async 0
11:0 Total 0
253:0 Read 2462257152
253:0 Write 2314240
253:0 Sync 196608
253:0 Async 2464374784
253:0 Total 2464571392
Total 2464571392
--------------------CPUAC-----------------------
user 2000
system 11101
 
--------------------MEMCG-----------------------
MEM ONLY  : 953 MB
MEM+SWAP  : 953 MB
cache 741687296
rss 258105344
rss_huge 0
mapped_file 4304896
writeback 0
swap 0
pgpgin 1206971
pgpgout 962881
pgfault 243916
pgmajfault 515
inactive_anon 129462272
active_anon 128712704
inactive_file 370872320
active_file 370700288
unevictable 4096
hierarchical_memory_limit 999997440
hierarchical_memsw_limit 9223372036854771712
total_cache 741687296
total_rss 258105344
total_rss_huge 0
total_mapped_file 4304896
total_writeback 0
total_swap 0
total_pgpgin 1206971
total_pgpgout 962881
total_pgfault 243916
total_pgmajfault 515
total_inactive_anon 129462272
total_active_anon 128712704
total_inactive_file 370872320
total_active_file 370700288
total_unevictable 4096
--------------------BLKIO-----------------------
11:0 Read 0
11:0 Write 0
11:0 Sync 0
11:0 Async 0
11:0 Total 0
253:0 Read 2536755200
253:0 Write 2351104
253:0 Sync 196608
253:0 Async 2538909696
253:0 Total 2539106304
Total 2539106304
--------------------CPUAC-----------------------
user 2086
system 11746
 
--------------------MEMCG-----------------------
MEM ONLY  : 953 MB
MEM+SWAP  : 953 MB
cache 742023168
rss 257757184
rss_huge 0
mapped_file 3522560
writeback 0
swap 0
pgpgin 1252333
pgpgout 1008246
pgfault 244008
pgmajfault 515
inactive_anon 129462272
active_anon 128364544
inactive_file 371232768
active_file 370688000
unevictable 4096
hierarchical_memory_limit 999997440
hierarchical_memsw_limit 9223372036854771712
total_cache 742023168
total_rss 257757184
total_rss_huge 0
total_mapped_file 3522560
total_writeback 0
total_swap 0
total_pgpgin 1252333
total_pgpgout 1008246
total_pgfault 244008
total_pgmajfault 515
total_inactive_anon 129462272
total_active_anon 128364544
total_inactive_file 371232768
total_active_file 370688000
total_unevictable 4096
--------------------BLKIO-----------------------
11:0 Read 0
11:0 Write 0
11:0 Sync 0
11:0 Async 0
11:0 Total 0
253:0 Read 2604900352
253:0 Write 2396160
253:0 Sync 196608
253:0 Async 2607099904
253:0 Total 2607296512
Total 2607296512
--------------------CPUAC-----------------------
user 2176
system 12569
 
--------------------MEMCG-----------------------
MEM ONLY  : 953 MB
MEM+SWAP  : 953 MB
cache 742281216
rss 257576960
rss_huge 0
mapped_file 3481600
writeback 0
swap 0
pgpgin 1299754
pgpgout 1055648
pgfault 244121
pgmajfault 515
inactive_anon 129462272
active_anon 128184320
inactive_file 371253248
active_file 370954240
unevictable 4096
hierarchical_memory_limit 999997440
hierarchical_memsw_limit 9223372036854771712
total_cache 742281216
total_rss 257576960
total_rss_huge 0
total_mapped_file 3481600
total_writeback 0
total_swap 0
total_pgpgin 1299754
total_pgpgout 1055648
total_pgfault 244121
total_pgmajfault 515
total_inactive_anon 129462272
total_active_anon 128184320
total_inactive_file 371253248
total_active_file 370954240
total_unevictable 4096
--------------------BLKIO-----------------------
11:0 Read 0
11:0 Write 0
11:0 Sync 0
11:0 Async 0
11:0 Total 0
253:0 Read 2674073600
253:0 Write 2449408
253:0 Sync 196608
253:0 Async 2676326400
253:0 Total 2676523008
Total 2676523008
--------------------CPUAC-----------------------
user 2262
system 13366
 
--------------------MEMCG-----------------------
MEM ONLY  : 953 MB
MEM+SWAP  : 953 MB
cache 741642240
rss 258215936
rss_huge 0
mapped_file 3334144
writeback 0
swap 0
pgpgin 1349566
pgpgout 1105460
pgfault 244367
pgmajfault 515
inactive_anon 129462272
active_anon 128823296
inactive_file 370872320
active_file 370696192
unevictable 4096
hierarchical_memory_limit 999997440
hierarchical_memsw_limit 9223372036854771712
total_cache 741642240
total_rss 258215936
total_rss_huge 0
total_mapped_file 3334144
total_writeback 0
total_swap 0
total_pgpgin 1349566
total_pgpgout 1105460
total_pgfault 244367
total_pgmajfault 515
total_inactive_anon 129462272
total_active_anon 128823296
total_inactive_file 370872320
total_active_file 370696192
total_unevictable 4096
--------------------BLKIO-----------------------
11:0 Read 0
11:0 Write 0
11:0 Sync 0
11:0 Async 0
11:0 Total 0
253:0 Read 2749128704
253:0 Write 2510848
253:0 Sync 196608
253:0 Async 2751442944
253:0 Total 2751639552
Total 2751639552
--------------------CPUAC-----------------------
user 2344
system 14048
 
--------------------MEMCG-----------------------
MEM ONLY  : 953 MB
MEM+SWAP  : 953 MB
cache 739950592
rss 259915776
rss_huge 0
mapped_file 3334144
writeback 0
swap 0
pgpgin 1390705
pgpgout 1146597
pgfault 244872
pgmajfault 515
inactive_anon 130117632
active_anon 129867776
inactive_file 369971200
active_file 369860608
unevictable 4096
hierarchical_memory_limit 999997440
hierarchical_memsw_limit 9223372036854771712
total_cache 739950592
total_rss 259915776
total_rss_huge 0
total_mapped_file 3334144
total_writeback 0
total_swap 0
total_pgpgin 1390705
total_pgpgout 1146597
total_pgfault 244872
total_pgmajfault 515
total_inactive_anon 130117632
total_active_anon 129867776
total_inactive_file 369971200
total_active_file 369860608
total_unevictable 4096
--------------------BLKIO-----------------------
11:0 Read 0
11:0 Write 0
11:0 Sync 0
11:0 Async 0
11:0 Total 0
253:0 Read 2809733120
253:0 Write 2580480
253:0 Sync 196608
253:0 Async 2812116992
253:0 Total 2812313600
Total 2812313600
--------------------CPUAC-----------------------
user 2427
system 15086
 
--------------------MEMCG-----------------------
MEM ONLY  : 953 MB
MEM+SWAP  : 953 MB
cache 740229120
rss 259739648
rss_huge 0
mapped_file 3338240
writeback 0
swap 0
pgpgin 1439925
pgpgout 1195792
pgfault 245080
pgmajfault 516
inactive_anon 130093056
active_anon 129716224
inactive_file 370405376
active_file 369704960
unevictable 4096
hierarchical_memory_limit 999997440
hierarchical_memsw_limit 9223372036854771712
total_cache 740229120
total_rss 259739648
total_rss_huge 0
total_mapped_file 3338240
total_writeback 0
total_swap 0
total_pgpgin 1439925
total_pgpgout 1195792
total_pgfault 245080
total_pgmajfault 516
total_inactive_anon 130093056
total_active_anon 129716224
total_inactive_file 370405376
total_active_file 369704960
total_unevictable 4096
--------------------BLKIO-----------------------
11:0 Read 0
11:0 Write 0
11:0 Sync 0
11:0 Async 0
11:0 Total 0
253:0 Read 2883325952
253:0 Write 2658304
253:0 Sync 196608
253:0 Async 2885787648
253:0 Total 2885984256
Total 2885984256
--------------------CPUAC-----------------------
user 2524
system 15734
 
--------------------MEMCG-----------------------
MEM ONLY  : 953 MB
MEM+SWAP  : 953 MB
cache 740880384
rss 258969600
rss_huge 0
mapped_file 2883584
writeback 0
swap 0
pgpgin 1484495
pgpgout 1240391
pgfault 245172
pgmajfault 516
inactive_anon 130093056
active_anon 128946176
inactive_file 370499584
active_file 370266112
unevictable 4096
hierarchical_memory_limit 999997440
hierarchical_memsw_limit 9223372036854771712
total_cache 740880384
total_rss 258969600
total_rss_huge 0
total_mapped_file 2883584
total_writeback 0
total_swap 0
total_pgpgin 1484495
total_pgpgout 1240391
total_pgfault 245172
total_pgmajfault 516
total_inactive_anon 130093056
total_active_anon 128946176
total_inactive_file 370499584
total_active_file 370266112
total_unevictable 4096
--------------------BLKIO-----------------------
11:0 Read 0
11:0 Write 0
11:0 Sync 0
11:0 Async 0
11:0 Total 0
253:0 Read 2950340608
253:0 Write 2744320
253:0 Sync 196608
253:0 Async 2952888320
253:0 Total 2953084928
Total 2953084928
--------------------CPUAC-----------------------
user 2618
system 16578
 
--------------------MEMCG-----------------------
MEM ONLY  : 953 MB
MEM+SWAP  : 953 MB
cache 740933632
rss 258916352
rss_huge 0
mapped_file 2945024
writeback 0
swap 0
pgpgin 1527756
pgpgout 1283652
pgfault 245413
pgmajfault 517
inactive_anon 130023424
active_anon 128962560
inactive_file 370536448
active_file 370282496
unevictable 4096
hierarchical_memory_limit 999997440
hierarchical_memsw_limit 9223372036854771712
total_cache 740933632
total_rss 258916352
total_rss_huge 0
total_mapped_file 2945024
total_writeback 0
total_swap 0
total_pgpgin 1527756
total_pgpgout 1283652
total_pgfault 245413
total_pgmajfault 517
total_inactive_anon 130023424
total_active_anon 128962560
total_inactive_file 370536448
total_active_file 370282496
total_unevictable 4096
--------------------BLKIO-----------------------
11:0 Read 0
11:0 Write 0
11:0 Sync 0
11:0 Async 0
11:0 Total 0
253:0 Read 3015409664
253:0 Write 2838528
253:0 Sync 196608
253:0 Async 3018051584
253:0 Total 3018248192
Total 3018248192
--------------------CPUAC-----------------------
user 2700
system 17448
 
--------------------MEMCG-----------------------
MEM ONLY  : 953 MB
MEM+SWAP  : 953 MB
cache 741122048
rss 258670592
rss_huge 0
mapped_file 2945024
writeback 0
swap 0
pgpgin 1568470
pgpgout 1324380
pgfault 245593
pgmajfault 517
inactive_anon 129753088
active_anon 128987136
inactive_file 370606080
active_file 370405376
unevictable 4096
hierarchical_memory_limit 999997440
hierarchical_memsw_limit 9223372036854771712
total_cache 741122048
total_rss 258670592
total_rss_huge 0
total_mapped_file 2945024
total_writeback 0
total_swap 0
total_pgpgin 1568470
total_pgpgout 1324380
total_pgfault 245593
total_pgmajfault 517
total_inactive_anon 129753088
total_active_anon 128987136
total_inactive_file 370606080
total_active_file 370405376
total_unevictable 4096
--------------------BLKIO-----------------------
11:0 Read 0
11:0 Write 0
11:0 Sync 0
11:0 Async 0
11:0 Total 0
253:0 Read 3075616768
253:0 Write 2940928
253:0 Sync 196608
253:0 Async 3078361088
253:0 Total 3078557696
Total 3078557696
--------------------CPUAC-----------------------
user 2770
system 18505
 
--------------------MEMCG-----------------------
MEM ONLY  : 953 MB
MEM+SWAP  : 953 MB
cache 741445632
rss 258539520
rss_huge 0
mapped_file 2945024
writeback 0
swap 0
pgpgin 1612056
pgpgout 1367919
pgfault 245794
pgmajfault 517
inactive_anon 129753088
active_anon 128856064
inactive_file 371023872
active_file 370343936
unevictable 4096
hierarchical_memory_limit 999997440
hierarchical_memsw_limit 9223372036854771712
total_cache 741445632
total_rss 258539520
total_rss_huge 0
total_mapped_file 2945024
total_writeback 0
total_swap 0
total_pgpgin 1612056
total_pgpgout 1367919
total_pgfault 245794
total_pgmajfault 517
total_inactive_anon 129753088
total_active_anon 128856064
total_inactive_file 371023872
total_active_file 370343936
total_unevictable 4096
--------------------BLKIO-----------------------
11:0 Read 0
11:0 Write 0
11:0 Sync 0
11:0 Async 0
11:0 Total 0
253:0 Read 3140136960
253:0 Write 2977792
253:0 Sync 196608
253:0 Async 3142918144
253:0 Total 3143114752
Total 3143114752
--------------------CPUAC-----------------------
user 2855
system 19430
 
