--------------------MEMCG-----------------------
MEM ONLY  : 104 MB
MEM+SWAP  : 104 MB
cache 66670592
rss 42676224
rss_huge 0
mapped_file 36769792
writeback 0
swap 0
pgpgin 123252
pgpgout 96556
pgfault 185113
pgmajfault 487
inactive_anon 49152
active_anon 42700800
inactive_file 51490816
active_file 15085568
unevictable 4096
hierarchical_memory_limit 999997440
hierarchical_memsw_limit 9223372036854771712
total_cache 66670592
total_rss 42676224
total_rss_huge 0
total_mapped_file 36769792
total_writeback 0
total_swap 0
total_pgpgin 123252
total_pgpgout 96556
total_pgfault 185113
total_pgmajfault 487
total_inactive_anon 49152
total_active_anon 42700800
total_inactive_file 51490816
total_active_file 15085568
total_unevictable 4096
--------------------BLKIO-----------------------
11:0 Read 0
11:0 Write 0
11:0 Sync 0
11:0 Async 0
11:0 Total 0
253:0 Read 66420736
253:0 Write 339968
253:0 Sync 61440
253:0 Async 66699264
253:0 Total 66760704
Total 66760704
--------------------CPUAC-----------------------
user 58
system 97
 
--------------------MEMCG-----------------------
MEM ONLY  : 266 MB
MEM+SWAP  : 266 MB
cache 148365312
rss 130543616
rss_huge 0
mapped_file 36749312
writeback 0
swap 0
pgpgin 165328
pgpgout 97235
pgfault 207871
pgmajfault 487
inactive_anon 45056
active_anon 130555904
inactive_file 132448256
active_file 15814656
unevictable 4096
hierarchical_memory_limit 999997440
hierarchical_memsw_limit 9223372036854771712
total_cache 148365312
total_rss 130543616
total_rss_huge 0
total_mapped_file 36749312
total_writeback 0
total_swap 0
total_pgpgin 165328
total_pgpgout 97235
total_pgfault 207871
total_pgmajfault 487
total_inactive_anon 45056
total_active_anon 130555904
total_inactive_file 132448256
total_active_file 15814656
total_unevictable 4096
--------------------BLKIO-----------------------
11:0 Read 0
11:0 Write 0
11:0 Sync 0
11:0 Async 0
11:0 Total 0
253:0 Read 148115456
253:0 Write 372736
253:0 Sync 61440
253:0 Async 148426752
253:0 Total 148488192
Total 148488192
--------------------CPUAC-----------------------
user 95
system 126
 
--------------------MEMCG-----------------------
MEM ONLY  : 430 MB
MEM+SWAP  : 430 MB
cache 233824256
rss 217640960
rss_huge 0
mapped_file 36610048
writeback 0
swap 0
pgpgin 207625
pgpgout 97404
pgfault 229337
pgmajfault 487
inactive_anon 45056
active_anon 217665536
inactive_file 217894912
active_file 15847424
unevictable 4096
hierarchical_memory_limit 999997440
hierarchical_memsw_limit 9223372036854771712
total_cache 233824256
total_rss 217640960
total_rss_huge 0
total_mapped_file 36610048
total_writeback 0
total_swap 0
total_pgpgin 207625
total_pgpgout 97404
total_pgfault 229337
total_pgmajfault 487
total_inactive_anon 45056
total_active_anon 217665536
total_inactive_file 217894912
total_active_file 15847424
total_unevictable 4096
--------------------BLKIO-----------------------
11:0 Read 0
11:0 Write 0
11:0 Sync 0
11:0 Async 0
11:0 Total 0
253:0 Read 233533440
253:0 Write 516096
253:0 Sync 163840
253:0 Async 233885696
253:0 Total 234049536
Total 234049536
--------------------CPUAC-----------------------
user 134
system 153
 
--------------------MEMCG-----------------------
MEM ONLY  : 549 MB
MEM+SWAP  : 549 MB
cache 319602688
rss 256299008
rss_huge 0
mapped_file 36610048
writeback 0
swap 0
pgpgin 238107
pgpgout 97506
pgfault 238879
pgmajfault 487
inactive_anon 45056
active_anon 256323584
inactive_file 297779200
active_file 21749760
unevictable 4096
hierarchical_memory_limit 999997440
hierarchical_memsw_limit 9223372036854771712
total_cache 319602688
total_rss 256299008
total_rss_huge 0
total_mapped_file 36610048
total_writeback 0
total_swap 0
total_pgpgin 238107
total_pgpgout 97506
total_pgfault 238879
total_pgmajfault 487
total_inactive_anon 45056
total_active_anon 256323584
total_inactive_file 297779200
total_active_file 21749760
total_unevictable 4096
--------------------BLKIO-----------------------
11:0 Read 0
11:0 Write 0
11:0 Sync 0
11:0 Async 0
11:0 Total 0
253:0 Read 319311872
253:0 Write 565248
253:0 Sync 163840
253:0 Async 319713280
253:0 Total 319877120
Total 319877120
--------------------CPUAC-----------------------
user 177
system 180
 
--------------------MEMCG-----------------------
MEM ONLY  : 633 MB
MEM+SWAP  : 633 MB
cache 406020096
rss 257830912
rss_huge 0
mapped_file 36610048
writeback 0
swap 0
pgpgin 259734
pgpgout 97661
pgfault 239395
pgmajfault 487
inactive_anon 45056
active_anon 257855488
inactive_file 377466880
active_file 28450816
unevictable 4096
hierarchical_memory_limit 999997440
hierarchical_memsw_limit 9223372036854771712
total_cache 406020096
total_rss 257830912
total_rss_huge 0
total_mapped_file 36610048
total_writeback 0
total_swap 0
total_pgpgin 259734
total_pgpgout 97661
total_pgfault 239395
total_pgmajfault 487
total_inactive_anon 45056
total_active_anon 257855488
total_inactive_file 377466880
total_active_file 28450816
total_unevictable 4096
--------------------BLKIO-----------------------
11:0 Read 0
11:0 Write 0
11:0 Sync 0
11:0 Async 0
11:0 Total 0
253:0 Read 405725184
253:0 Write 659456
253:0 Sync 200704
253:0 Async 406183936
253:0 Total 406384640
Total 406384640
--------------------CPUAC-----------------------
user 228
system 210
 
--------------------MEMCG-----------------------
MEM ONLY  : 718 MB
MEM+SWAP  : 718 MB
cache 494841856
rss 257974272
rss_huge 0
mapped_file 36610048
writeback 0
swap 0
pgpgin 281622
pgpgout 97829
pgfault 239583
pgmajfault 487
inactive_anon 45056
active_anon 257998848
inactive_file 457801728
active_file 36937728
unevictable 4096
hierarchical_memory_limit 999997440
hierarchical_memsw_limit 9223372036854771712
total_cache 494841856
total_rss 257974272
total_rss_huge 0
total_mapped_file 36610048
total_writeback 0
total_swap 0
total_pgpgin 281622
total_pgpgout 97829
total_pgfault 239583
total_pgmajfault 487
total_inactive_anon 45056
total_active_anon 257998848
total_inactive_file 457801728
total_active_file 36937728
total_unevictable 4096
--------------------BLKIO-----------------------
11:0 Read 0
11:0 Write 0
11:0 Sync 0
11:0 Async 0
11:0 Total 0
253:0 Read 494546944
253:0 Write 720896
253:0 Sync 200704
253:0 Async 495067136
253:0 Total 495267840
Total 495267840
--------------------CPUAC-----------------------
user 291
system 237
 
--------------------MEMCG-----------------------
MEM ONLY  : 805 MB
MEM+SWAP  : 805 MB
cache 586227712
rss 258375680
rss_huge 0
mapped_file 36610048
writeback 0
swap 0
pgpgin 304138
pgpgout 97936
pgfault 239771
pgmajfault 487
inactive_anon 45056
active_anon 258400256
inactive_file 538480640
active_file 47644672
unevictable 4096
hierarchical_memory_limit 999997440
hierarchical_memsw_limit 9223372036854771712
total_cache 586227712
total_rss 258375680
total_rss_huge 0
total_mapped_file 36610048
total_writeback 0
total_swap 0
total_pgpgin 304138
total_pgpgout 97936
total_pgfault 239771
total_pgmajfault 487
total_inactive_anon 45056
total_active_anon 258400256
total_inactive_file 538480640
total_active_file 47644672
total_unevictable 4096
--------------------BLKIO-----------------------
11:0 Read 0
11:0 Write 0
11:0 Sync 0
11:0 Async 0
11:0 Total 0
253:0 Read 585928704
253:0 Write 794624
253:0 Sync 200704
253:0 Async 586522624
253:0 Total 586723328
Total 586723328
--------------------CPUAC-----------------------
user 345
system 265
 
--------------------MEMCG-----------------------
MEM ONLY  : 894 MB
MEM+SWAP  : 894 MB
cache 679182336
rss 258514944
rss_huge 0
mapped_file 36610048
writeback 0
swap 0
pgpgin 326974
pgpgout 98044
pgfault 239896
pgmajfault 487
inactive_anon 45056
active_anon 258539520
inactive_file 617025536
active_file 62083072
unevictable 4096
hierarchical_memory_limit 999997440
hierarchical_memsw_limit 9223372036854771712
total_cache 679182336
total_rss 258514944
total_rss_huge 0
total_mapped_file 36610048
total_writeback 0
total_swap 0
total_pgpgin 326974
total_pgpgout 98044
total_pgfault 239896
total_pgmajfault 487
total_inactive_anon 45056
total_active_anon 258539520
total_inactive_file 617025536
total_active_file 62083072
total_unevictable 4096
--------------------BLKIO-----------------------
11:0 Read 0
11:0 Write 0
11:0 Sync 0
11:0 Async 0
11:0 Total 0
253:0 Read 678879232
253:0 Write 872448
253:0 Sync 200704
253:0 Async 679550976
253:0 Total 679751680
Total 679751680
--------------------CPUAC-----------------------
user 405
system 296
 
--------------------MEMCG-----------------------
MEM ONLY  : 953 MB
MEM+SWAP  : 953 MB
cache 741474304
rss 258514944
rss_huge 0
mapped_file 36581376
writeback 0
swap 0
pgpgin 350540
pgpgout 106402
pgfault 239991
pgmajfault 487
inactive_anon 56344576
active_anon 202240000
inactive_file 628539392
active_file 112861184
unevictable 4096
hierarchical_memory_limit 999997440
hierarchical_memsw_limit 9223372036854771712
total_cache 741474304
total_rss 258514944
total_rss_huge 0
total_mapped_file 36581376
total_writeback 0
total_swap 0
total_pgpgin 350540
total_pgpgout 106402
total_pgfault 239991
total_pgmajfault 487
total_inactive_anon 56344576
total_active_anon 202240000
total_inactive_file 628539392
total_active_file 112861184
total_unevictable 4096
--------------------BLKIO-----------------------
11:0 Read 0
11:0 Write 0
11:0 Sync 0
11:0 Async 0
11:0 Total 0
253:0 Read 774791168
253:0 Write 958464
253:0 Sync 200704
253:0 Async 775548928
253:0 Total 775749632
Total 775749632
--------------------CPUAC-----------------------
user 462
system 335
 
--------------------MEMCG-----------------------
MEM ONLY  : 953 MB
MEM+SWAP  : 953 MB
cache 741613568
rss 258367488
rss_huge 0
mapped_file 36581376
writeback 0
swap 0
pgpgin 375208
pgpgout 131072
pgfault 240143
pgmajfault 487
inactive_anon 129306624
active_anon 129130496
inactive_file 605245440
active_file 136294400
unevictable 4096
hierarchical_memory_limit 999997440
hierarchical_memsw_limit 9223372036854771712
total_cache 741613568
total_rss 258367488
total_rss_huge 0
total_mapped_file 36581376
total_writeback 0
total_swap 0
total_pgpgin 375208
total_pgpgout 131072
total_pgfault 240143
total_pgmajfault 487
total_inactive_anon 129306624
total_active_anon 129130496
total_inactive_file 605245440
total_active_file 136294400
total_unevictable 4096
--------------------BLKIO-----------------------
11:0 Read 0
11:0 Write 0
11:0 Sync 0
11:0 Async 0
11:0 Total 0
253:0 Read 872239104
253:0 Write 1052672
253:0 Sync 200704
253:0 Async 873091072
253:0 Total 873291776
Total 873291776
--------------------CPUAC-----------------------
user 514
system 403
 
--------------------MEMCG-----------------------
MEM ONLY  : 953 MB
MEM+SWAP  : 953 MB
cache 741728256
rss 258215936
rss_huge 0
mapped_file 36581376
writeback 0
swap 0
pgpgin 400541
pgpgout 156414
pgfault 240289
pgmajfault 487
inactive_anon 129335296
active_anon 128950272
inactive_file 578793472
active_file 162832384
unevictable 4096
hierarchical_memory_limit 999997440
hierarchical_memsw_limit 9223372036854771712
total_cache 741728256
total_rss 258215936
total_rss_huge 0
total_mapped_file 36581376
total_writeback 0
total_swap 0
total_pgpgin 400541
total_pgpgout 156414
total_pgfault 240289
total_pgmajfault 487
total_inactive_anon 129335296
total_active_anon 128950272
total_inactive_file 578793472
total_active_file 162832384
total_unevictable 4096
--------------------BLKIO-----------------------
11:0 Read 0
11:0 Write 0
11:0 Sync 0
11:0 Async 0
11:0 Total 0
253:0 Read 967880704
253:0 Write 1085440
253:0 Sync 200704
253:0 Async 968765440
253:0 Total 968966144
Total 968966144
--------------------CPUAC-----------------------
user 573
system 471
 
--------------------MEMCG-----------------------
MEM ONLY  : 953 MB
MEM+SWAP  : 953 MB
cache 742248448
rss 257658880
rss_huge 0
mapped_file 36581376
writeback 0
swap 0
pgpgin 426925
pgpgout 182807
pgfault 240385
pgmajfault 487
inactive_anon 129335296
active_anon 128393216
inactive_file 550572032
active_file 191561728
unevictable 4096
hierarchical_memory_limit 999997440
hierarchical_memsw_limit 9223372036854771712
total_cache 742248448
total_rss 257658880
total_rss_huge 0
total_mapped_file 36581376
total_writeback 0
total_swap 0
total_pgpgin 426925
total_pgpgout 182807
total_pgfault 240385
total_pgmajfault 487
total_inactive_anon 129335296
total_active_anon 128393216
total_inactive_file 550572032
total_active_file 191561728
total_unevictable 4096
--------------------BLKIO-----------------------
11:0 Read 0
11:0 Write 0
11:0 Sync 0
11:0 Async 0
11:0 Total 0
253:0 Read 1062735872
253:0 Write 1122304
253:0 Sync 200704
253:0 Async 1063657472
253:0 Total 1063858176
Total 1063858176
--------------------CPUAC-----------------------
user 634
system 558
 
--------------------MEMCG-----------------------
MEM ONLY  : 953 MB
MEM+SWAP  : 953 MB
cache 742252544
rss 257540096
rss_huge 0
mapped_file 36581376
writeback 0
swap 0
pgpgin 454786
pgpgout 210696
pgfault 240558
pgmajfault 487
inactive_anon 129335296
active_anon 128274432
inactive_file 517890048
active_file 224264192
unevictable 4096
hierarchical_memory_limit 999997440
hierarchical_memsw_limit 9223372036854771712
total_cache 742252544
total_rss 257540096
total_rss_huge 0
total_mapped_file 36581376
total_writeback 0
total_swap 0
total_pgpgin 454786
total_pgpgout 210696
total_pgfault 240558
total_pgmajfault 487
total_inactive_anon 129335296
total_active_anon 128274432
total_inactive_file 517890048
total_active_file 224264192
total_unevictable 4096
--------------------BLKIO-----------------------
11:0 Read 0
11:0 Write 0
11:0 Sync 0
11:0 Async 0
11:0 Total 0
253:0 Read 1156825088
253:0 Write 1167360
253:0 Sync 200704
253:0 Async 1157791744
253:0 Total 1157992448
Total 1157992448
--------------------CPUAC-----------------------
user 697
system 690
 
--------------------MEMCG-----------------------
MEM ONLY  : 953 MB
MEM+SWAP  : 953 MB
cache 742391808
rss 257568768
rss_huge 0
mapped_file 36581376
writeback 0
swap 0
pgpgin 484154
pgpgout 240023
pgfault 241040
pgmajfault 497
inactive_anon 129310720
active_anon 128327680
inactive_file 482549760
active_file 259710976
unevictable 4096
hierarchical_memory_limit 999997440
hierarchical_memsw_limit 9223372036854771712
total_cache 742391808
total_rss 257568768
total_rss_huge 0
total_mapped_file 36581376
total_writeback 0
total_swap 0
total_pgpgin 484154
total_pgpgout 240023
total_pgfault 241040
total_pgmajfault 497
total_inactive_anon 129310720
total_active_anon 128327680
total_inactive_file 482549760
total_active_file 259710976
total_unevictable 4096
--------------------BLKIO-----------------------
11:0 Read 0
11:0 Write 0
11:0 Sync 0
11:0 Async 0
11:0 Total 0
253:0 Read 1249701888
253:0 Write 1216512
253:0 Sync 200704
253:0 Async 1250717696
253:0 Total 1250918400
Total 1250918400
--------------------CPUAC-----------------------
user 756
system 836
 
--------------------MEMCG-----------------------
MEM ONLY  : 953 MB
MEM+SWAP  : 953 MB
cache 742330368
rss 257613824
rss_huge 0
mapped_file 36495360
writeback 0
swap 0
pgpgin 515292
pgpgout 271165
pgfault 241157
pgmajfault 497
inactive_anon 129310720
active_anon 128372736
inactive_file 445263872
active_file 296964096
unevictable 4096
hierarchical_memory_limit 999997440
hierarchical_memsw_limit 9223372036854771712
total_cache 742330368
total_rss 257613824
total_rss_huge 0
total_mapped_file 36495360
total_writeback 0
total_swap 0
total_pgpgin 515292
total_pgpgout 271165
total_pgfault 241157
total_pgmajfault 497
total_inactive_anon 129310720
total_active_anon 128372736
total_inactive_file 445263872
total_active_file 296964096
total_unevictable 4096
--------------------BLKIO-----------------------
11:0 Read 0
11:0 Write 0
11:0 Sync 0
11:0 Async 0
11:0 Total 0
253:0 Read 1340727296
253:0 Write 1277952
253:0 Sync 200704
253:0 Async 1341804544
253:0 Total 1342005248
Total 1342005248
--------------------CPUAC-----------------------
user 822
system 1034
 
--------------------MEMCG-----------------------
MEM ONLY  : 953 MB
MEM+SWAP  : 953 MB
cache 742039552
rss 257916928
rss_huge 0
mapped_file 36495360
writeback 0
swap 0
pgpgin 542612
pgpgout 298482
pgfault 241322
pgmajfault 497
inactive_anon 129310720
active_anon 128675840
inactive_file 414146560
active_file 327802880
unevictable 4096
hierarchical_memory_limit 999997440
hierarchical_memsw_limit 9223372036854771712
total_cache 742039552
total_rss 257916928
total_rss_huge 0
total_mapped_file 36495360
total_writeback 0
total_swap 0
total_pgpgin 542612
total_pgpgout 298482
total_pgfault 241322
total_pgmajfault 497
total_inactive_anon 129310720
total_active_anon 128675840
total_inactive_file 414146560
total_active_file 327802880
total_unevictable 4096
--------------------BLKIO-----------------------
11:0 Read 0
11:0 Write 0
11:0 Sync 0
11:0 Async 0
11:0 Total 0
253:0 Read 1418354688
253:0 Write 1343488
253:0 Sync 200704
253:0 Async 1419497472
253:0 Total 1419698176
Total 1419698176
--------------------CPUAC-----------------------
user 884
system 1578
 
--------------------MEMCG-----------------------
MEM ONLY  : 953 MB
MEM+SWAP  : 953 MB
cache 741769216
rss 258211840
rss_huge 0
mapped_file 36495360
writeback 0
swap 0
pgpgin 574593
pgpgout 330457
pgfault 241484
pgmajfault 497
inactive_anon 129310720
active_anon 128970752
inactive_file 378376192
active_file 363315200
unevictable 4096
hierarchical_memory_limit 999997440
hierarchical_memsw_limit 9223372036854771712
total_cache 741769216
total_rss 258211840
total_rss_huge 0
total_mapped_file 36495360
total_writeback 0
total_swap 0
total_pgpgin 574593
total_pgpgout 330457
total_pgfault 241484
total_pgmajfault 497
total_inactive_anon 129310720
total_active_anon 128970752
total_inactive_file 378376192
total_active_file 363315200
total_unevictable 4096
--------------------BLKIO-----------------------
11:0 Read 0
11:0 Write 0
11:0 Sync 0
11:0 Async 0
11:0 Total 0
253:0 Read 1507733504
253:0 Write 1417216
253:0 Sync 200704
253:0 Async 1508950016
253:0 Total 1509150720
Total 1509150720
--------------------CPUAC-----------------------
user 954
system 1796
 
--------------------MEMCG-----------------------
MEM ONLY  : 953 MB
MEM+SWAP  : 953 MB
cache 741695488
rss 258228224
rss_huge 0
mapped_file 36495360
writeback 0
swap 0
pgpgin 605795
pgpgout 361673
pgfault 241578
pgmajfault 497
inactive_anon 129310720
active_anon 128987136
inactive_file 371003392
active_file 370618368
unevictable 4096
hierarchical_memory_limit 999997440
hierarchical_memsw_limit 9223372036854771712
total_cache 741695488
total_rss 258228224
total_rss_huge 0
total_mapped_file 36495360
total_writeback 0
total_swap 0
total_pgpgin 605795
total_pgpgout 361673
total_pgfault 241578
total_pgmajfault 497
total_inactive_anon 129310720
total_active_anon 128987136
total_inactive_file 371003392
total_active_file 370618368
total_unevictable 4096
--------------------BLKIO-----------------------
11:0 Read 0
11:0 Write 0
11:0 Sync 0
11:0 Async 0
11:0 Total 0
253:0 Read 1594896384
253:0 Write 1499136
253:0 Sync 200704
253:0 Async 1596194816
253:0 Total 1596395520
Total 1596395520
--------------------CPUAC-----------------------
user 1020
system 2058
 
--------------------MEMCG-----------------------
MEM ONLY  : 953 MB
MEM+SWAP  : 953 MB
cache 741552128
rss 258203648
rss_huge 0
mapped_file 36495360
writeback 0
swap 0
pgpgin 637935
pgpgout 393854
pgfault 241669
pgmajfault 497
inactive_anon 129282048
active_anon 128991232
inactive_file 370872320
active_file 370601984
unevictable 4096
hierarchical_memory_limit 999997440
hierarchical_memsw_limit 9223372036854771712
total_cache 741552128
total_rss 258203648
total_rss_huge 0
total_mapped_file 36495360
total_writeback 0
total_swap 0
total_pgpgin 637935
total_pgpgout 393854
total_pgfault 241669
total_pgmajfault 497
total_inactive_anon 129282048
total_active_anon 128991232
total_inactive_file 370872320
total_active_file 370601984
total_unevictable 4096
--------------------BLKIO-----------------------
11:0 Read 0
11:0 Write 0
11:0 Sync 0
11:0 Async 0
11:0 Total 0
253:0 Read 1685647360
253:0 Write 1589248
253:0 Sync 200704
253:0 Async 1687035904
253:0 Total 1687236608
Total 1687236608
--------------------CPUAC-----------------------
user 1084
system 2250
 
--------------------MEMCG-----------------------
MEM ONLY  : 953 MB
MEM+SWAP  : 953 MB
cache 741769216
rss 258203648
rss_huge 0
mapped_file 36495360
writeback 0
swap 0
pgpgin 669853
pgpgout 425719
pgfault 241883
pgmajfault 497
inactive_anon 129298432
active_anon 128974848
inactive_file 371089408
active_file 370601984
unevictable 4096
hierarchical_memory_limit 999997440
hierarchical_memsw_limit 9223372036854771712
total_cache 741769216
total_rss 258203648
total_rss_huge 0
total_mapped_file 36495360
total_writeback 0
total_swap 0
total_pgpgin 669853
total_pgpgout 425719
total_pgfault 241883
total_pgmajfault 497
total_inactive_anon 129298432
total_active_anon 128974848
total_inactive_file 371089408
total_active_file 370601984
total_unevictable 4096
--------------------BLKIO-----------------------
11:0 Read 0
11:0 Write 0
11:0 Sync 0
11:0 Async 0
11:0 Total 0
253:0 Read 1775919104
253:0 Write 1687552
253:0 Sync 200704
253:0 Async 1777405952
253:0 Total 1777606656
Total 1777606656
--------------------CPUAC-----------------------
user 1145
system 2436
 
