--------------------MEMCG-----------------------
MEM ONLY  : 579 MB
MEM+SWAP  : 579 MB
cache 97452032
rss 509919232
rss_huge 0
mapped_file 20729856
writeback 0
swap 0
pgpgin 228463
pgpgout 80179
pgfault 315211
pgmajfault 352
inactive_anon 45056
active_anon 509947904
inactive_file 79130624
active_file 18235392
unevictable 0
hierarchical_memory_limit 999997440
hierarchical_memsw_limit 999997440
total_cache 97452032
total_rss 509919232
total_rss_huge 0
total_mapped_file 20729856
total_writeback 0
total_swap 0
total_pgpgin 228463
total_pgpgout 80179
total_pgfault 315211
total_pgmajfault 352
total_inactive_anon 45056
total_active_anon 509947904
total_inactive_file 79130624
total_active_file 18235392
total_unevictable 0
--------------------BLKIO-----------------------
11:0 Read 0
11:0 Write 0
11:0 Sync 0
11:0 Async 0
11:0 Total 0
253:0 Read 96948224
253:0 Write 585728
253:0 Sync 327680
253:0 Async 97206272
253:0 Total 97533952
Total 97533952
--------------------CPUAC-----------------------
user 81
system 131
 
--------------------MEMCG-----------------------
MEM ONLY  : 702 MB
MEM+SWAP  : 702 MB
cache 161415168
rss 574627840
rss_huge 0
mapped_file 20729856
writeback 0
swap 0
pgpgin 259877
pgpgout 80179
pgfault 331009
pgmajfault 352
inactive_anon 45056
active_anon 574644224
inactive_file 143089664
active_file 18235392
unevictable 0
hierarchical_memory_limit 999997440
hierarchical_memsw_limit 999997440
total_cache 161415168
total_rss 574627840
total_rss_huge 0
total_mapped_file 20729856
total_writeback 0
total_swap 0
total_pgpgin 259877
total_pgpgout 80179
total_pgfault 331009
total_pgmajfault 352
total_inactive_anon 45056
total_active_anon 574644224
total_inactive_file 143089664
total_active_file 18235392
total_unevictable 0
--------------------BLKIO-----------------------
11:0 Read 0
11:0 Write 0
11:0 Sync 0
11:0 Async 0
11:0 Total 0
253:0 Read 160911360
253:0 Write 1163264
253:0 Sync 905216
253:0 Async 161169408
253:0 Total 162074624
Total 162074624
--------------------CPUAC-----------------------
user 122
system 163
 
--------------------MEMCG-----------------------
MEM ONLY  : 784 MB
MEM+SWAP  : 784 MB
cache 225771520
rss 596901888
rss_huge 0
mapped_file 20590592
writeback 0
swap 0
pgpgin 281092
pgpgout 80244
pgfault 336519
pgmajfault 352
inactive_anon 45056
active_anon 596930560
inactive_file 206454784
active_file 19234816
unevictable 0
hierarchical_memory_limit 999997440
hierarchical_memsw_limit 999997440
total_cache 225771520
total_rss 596901888
total_rss_huge 0
total_mapped_file 20590592
total_writeback 0
total_swap 0
total_pgpgin 281092
total_pgpgout 80244
total_pgfault 336519
total_pgmajfault 352
total_inactive_anon 45056
total_active_anon 596930560
total_inactive_file 206454784
total_active_file 19234816
total_unevictable 0
--------------------BLKIO-----------------------
11:0 Read 0
11:0 Write 0
11:0 Sync 0
11:0 Async 0
11:0 Total 0
253:0 Read 225267712
253:0 Write 1777664
253:0 Sync 1519616
253:0 Async 225525760
253:0 Total 227045376
Total 227045376
--------------------CPUAC-----------------------
user 172
system 191
 
--------------------MEMCG-----------------------
MEM ONLY  : 847 MB
MEM+SWAP  : 847 MB
cache 292175872
rss 596901888
rss_huge 0
mapped_file 20590592
writeback 0
swap 0
pgpgin 297304
pgpgout 80244
pgfault 336519
pgmajfault 352
inactive_anon 45056
active_anon 596930560
inactive_file 269402112
active_file 22650880
unevictable 0
hierarchical_memory_limit 999997440
hierarchical_memsw_limit 999997440
total_cache 292175872
total_rss 596901888
total_rss_huge 0
total_mapped_file 20590592
total_writeback 0
total_swap 0
total_pgpgin 297304
total_pgpgout 80244
total_pgfault 336519
total_pgmajfault 352
total_inactive_anon 45056
total_active_anon 596930560
total_inactive_file 269402112
total_active_file 22650880
total_unevictable 0
--------------------BLKIO-----------------------
11:0 Read 0
11:0 Write 0
11:0 Sync 0
11:0 Async 0
11:0 Total 0
253:0 Read 291672064
253:0 Write 2433024
253:0 Sync 2174976
253:0 Async 291930112
253:0 Total 294105088
Total 294105088
--------------------CPUAC-----------------------
user 225
system 222
 
--------------------MEMCG-----------------------
MEM ONLY  : 911 MB
MEM+SWAP  : 911 MB
cache 358498304
rss 596901888
rss_huge 0
mapped_file 20590592
writeback 0
swap 0
pgpgin 313496
pgpgout 80244
pgfault 336519
pgmajfault 352
inactive_anon 45056
active_anon 596930560
inactive_file 329506816
active_file 28901376
unevictable 0
hierarchical_memory_limit 999997440
hierarchical_memsw_limit 999997440
total_cache 358498304
total_rss 596901888
total_rss_huge 0
total_mapped_file 20590592
total_writeback 0
total_swap 0
total_pgpgin 313496
total_pgpgout 80244
total_pgfault 336519
total_pgmajfault 352
total_inactive_anon 45056
total_active_anon 596930560
total_inactive_file 329506816
total_active_file 28901376
total_unevictable 0
--------------------BLKIO-----------------------
11:0 Read 0
11:0 Write 0
11:0 Sync 0
11:0 Async 0
11:0 Total 0
253:0 Read 357994496
253:0 Write 3125248
253:0 Sync 2867200
253:0 Async 358252544
253:0 Total 361119744
Total 361119744
--------------------CPUAC-----------------------
user 282
system 246
 
--------------------MEMCG-----------------------
MEM ONLY  : 953 MB
MEM+SWAP  : 953 MB
cache 402948096
rss 596901888
rss_huge 0
mapped_file 20561920
writeback 0
swap 0
pgpgin 329872
pgpgout 85768
pgfault 336519
pgmajfault 352
inactive_anon 58183680
active_anon 538791936
inactive_file 349376512
active_file 53465088
unevictable 0
hierarchical_memory_limit 999997440
hierarchical_memsw_limit 999997440
total_cache 402948096
total_rss 596901888
total_rss_huge 0
total_mapped_file 20561920
total_writeback 0
total_swap 0
total_pgpgin 329872
total_pgpgout 85768
total_pgfault 336519
total_pgmajfault 352
total_inactive_anon 58183680
total_active_anon 538791936
total_inactive_file 349376512
total_active_file 53465088
total_unevictable 0
--------------------BLKIO-----------------------
11:0 Read 0
11:0 Write 0
11:0 Sync 0
11:0 Async 0
11:0 Total 0
253:0 Read 425070592
253:0 Write 3825664
253:0 Sync 3567616
253:0 Async 425328640
253:0 Total 428896256
Total 428896256
--------------------CPUAC-----------------------
user 338
system 280
 
--------------------MEMCG-----------------------
MEM ONLY  : 953 MB
MEM+SWAP  : 953 MB
cache 402898944
rss 596901888
rss_huge 0
mapped_file 20561920
writeback 0
swap 0
pgpgin 346528
pgpgout 102436
pgfault 336519
pgmajfault 352
inactive_anon 153473024
active_anon 443502592
inactive_file 335691776
active_file 67096576
unevictable 0
hierarchical_memory_limit 999997440
hierarchical_memsw_limit 999997440
total_cache 402898944
total_rss 596901888
total_rss_huge 0
total_mapped_file 20561920
total_writeback 0
total_swap 0
total_pgpgin 346528
total_pgpgout 102436
total_pgfault 336519
total_pgmajfault 352
total_inactive_anon 153473024
total_active_anon 443502592
total_inactive_file 335691776
total_active_file 67096576
total_unevictable 0
--------------------BLKIO-----------------------
11:0 Read 0
11:0 Write 0
11:0 Sync 0
11:0 Async 0
11:0 Total 0
253:0 Read 492785664
253:0 Write 4558848
253:0 Sync 4300800
253:0 Async 493043712
253:0 Total 497344512
Total 497344512
--------------------CPUAC-----------------------
user 390
system 311
 
--------------------MEMCG-----------------------
MEM ONLY  : 953 MB
MEM+SWAP  : 953 MB
cache 403070976
rss 596901888
rss_huge 0
mapped_file 20561920
writeback 0
swap 0
pgpgin 363695
pgpgout 119561
pgfault 336519
pgmajfault 352
inactive_anon 232902656
active_anon 364072960
inactive_file 319315968
active_file 83652608
unevictable 0
hierarchical_memory_limit 999997440
hierarchical_memsw_limit 999997440
total_cache 403070976
total_rss 596901888
total_rss_huge 0
total_mapped_file 20561920
total_writeback 0
total_swap 0
total_pgpgin 363695
total_pgpgout 119561
total_pgfault 336519
total_pgmajfault 352
total_inactive_anon 232902656
total_active_anon 364072960
total_inactive_file 319315968
total_active_file 83652608
total_unevictable 0
--------------------BLKIO-----------------------
11:0 Read 0
11:0 Write 0
11:0 Sync 0
11:0 Async 0
11:0 Total 0
253:0 Read 560893952
253:0 Write 5341184
253:0 Sync 5083136
253:0 Async 561152000
253:0 Total 566235136
Total 566235136
--------------------CPUAC-----------------------
user 452
system 360
 
--------------------MEMCG-----------------------
MEM ONLY  : 953 MB
MEM+SWAP  : 953 MB
cache 402997248
rss 596901888
rss_huge 0
mapped_file 20561920
writeback 0
swap 0
pgpgin 381035
pgpgout 136919
pgfault 336519
pgmajfault 352
inactive_anon 298700800
active_anon 298274816
inactive_file 299847680
active_file 103067648
unevictable 0
hierarchical_memory_limit 999997440
hierarchical_memsw_limit 999997440
total_cache 402997248
total_rss 596901888
total_rss_huge 0
total_mapped_file 20561920
total_writeback 0
total_swap 0
total_pgpgin 381035
total_pgpgout 136919
total_pgfault 336519
total_pgmajfault 352
total_inactive_anon 298700800
total_active_anon 298274816
total_inactive_file 299847680
total_active_file 103067648
total_unevictable 0
--------------------BLKIO-----------------------
11:0 Read 0
11:0 Write 0
11:0 Sync 0
11:0 Async 0
11:0 Total 0
253:0 Read 625741824
253:0 Write 6156288
253:0 Sync 5898240
253:0 Async 625999872
253:0 Total 631898112
Total 631898112
--------------------CPUAC-----------------------
user 516
system 429
 
--------------------MEMCG-----------------------
MEM ONLY  : 953 MB
MEM+SWAP  : 953 MB
cache 403062784
rss 596901888
rss_huge 0
mapped_file 20561920
writeback 0
swap 0
pgpgin 400052
pgpgout 155920
pgfault 336519
pgmajfault 352
inactive_anon 298700800
active_anon 298274816
inactive_file 277037056
active_file 125952000
unevictable 0
hierarchical_memory_limit 999997440
hierarchical_memsw_limit 999997440
total_cache 403062784
total_rss 596901888
total_rss_huge 0
total_mapped_file 20561920
total_writeback 0
total_swap 0
total_pgpgin 400052
total_pgpgout 155920
total_pgfault 336519
total_pgmajfault 352
total_inactive_anon 298700800
total_active_anon 298274816
total_inactive_file 277037056
total_active_file 125952000
total_unevictable 0
--------------------BLKIO-----------------------
11:0 Read 0
11:0 Write 0
11:0 Sync 0
11:0 Async 0
11:0 Total 0
253:0 Read 691494912
253:0 Write 7024640
253:0 Sync 6766592
253:0 Async 691752960
253:0 Total 698519552
Total 698519552
--------------------CPUAC-----------------------
user 588
system 513
 
--------------------MEMCG-----------------------
MEM ONLY  : 953 MB
MEM+SWAP  : 953 MB
cache 403030016
rss 596901888
rss_huge 0
mapped_file 20156416
writeback 0
swap 0
pgpgin 419324
pgpgout 175200
pgfault 336519
pgmajfault 352
inactive_anon 298700800
active_anon 298274816
inactive_file 255373312
active_file 147582976
unevictable 0
hierarchical_memory_limit 999997440
hierarchical_memsw_limit 999997440
total_cache 403030016
total_rss 596901888
total_rss_huge 0
total_mapped_file 20156416
total_writeback 0
total_swap 0
total_pgpgin 419325
total_pgpgout 175200
total_pgfault 336519
total_pgmajfault 352
total_inactive_anon 298700800
total_active_anon 298274816
total_inactive_file 255373312
total_active_file 147582976
total_unevictable 0
--------------------BLKIO-----------------------
11:0 Read 0
11:0 Write 0
11:0 Sync 0
11:0 Async 0
11:0 Total 0
253:0 Read 755752960
253:0 Write 7917568
253:0 Sync 7659520
253:0 Async 756011008
253:0 Total 763670528
Total 763670528
--------------------CPUAC-----------------------
user 652
system 622
 
--------------------MEMCG-----------------------
MEM ONLY  : 953 MB
MEM+SWAP  : 953 MB
cache 403021824
rss 596901888
rss_huge 0
mapped_file 20156416
writeback 0
swap 0
pgpgin 440350
pgpgout 196228
pgfault 336519
pgmajfault 352
inactive_anon 298700800
active_anon 298274816
inactive_file 231104512
active_file 171843584
unevictable 0
hierarchical_memory_limit 999997440
hierarchical_memsw_limit 999997440
total_cache 403021824
total_rss 596901888
total_rss_huge 0
total_mapped_file 20156416
total_writeback 0
total_swap 0
total_pgpgin 440350
total_pgpgout 196228
total_pgfault 336519
total_pgmajfault 352
total_inactive_anon 298700800
total_active_anon 298274816
total_inactive_file 231104512
total_active_file 171843584
total_unevictable 0
--------------------BLKIO-----------------------
11:0 Read 0
11:0 Write 0
11:0 Sync 0
11:0 Async 0
11:0 Total 0
253:0 Read 820043776
253:0 Write 8859648
253:0 Sync 8601600
253:0 Async 820301824
253:0 Total 828903424
Total 828903424
--------------------CPUAC-----------------------
user 714
system 750
 
--------------------MEMCG-----------------------
MEM ONLY  : 953 MB
MEM+SWAP  : 953 MB
cache 403046400
rss 596901888
rss_huge 0
mapped_file 20156416
writeback 0
swap 0
pgpgin 462107
pgpgout 217979
pgfault 336519
pgmajfault 352
inactive_anon 298700800
active_anon 298274816
inactive_file 206319616
active_file 196653056
unevictable 0
hierarchical_memory_limit 999997440
hierarchical_memsw_limit 999997440
total_cache 403046400
total_rss 596901888
total_rss_huge 0
total_mapped_file 20156416
total_writeback 0
total_swap 0
total_pgpgin 462107
total_pgpgout 217979
total_pgfault 336519
total_pgmajfault 352
total_inactive_anon 298700800
total_active_anon 298274816
total_inactive_file 206319616
total_active_file 196653056
total_unevictable 0
--------------------BLKIO-----------------------
11:0 Read 0
11:0 Write 0
11:0 Sync 0
11:0 Async 0
11:0 Total 0
253:0 Read 881664000
253:0 Write 9871360
253:0 Sync 9613312
253:0 Async 881922048
253:0 Total 891535360
Total 891535360
--------------------CPUAC-----------------------
user 787
system 914
 
--------------------MEMCG-----------------------
MEM ONLY  : 953 MB
MEM+SWAP  : 953 MB
cache 403021824
rss 596901888
rss_huge 0
mapped_file 20156416
writeback 0
swap 0
pgpgin 485047
pgpgout 240925
pgfault 336519
pgmajfault 352
inactive_anon 298700800
active_anon 298274816
inactive_file 201539584
active_file 201408512
unevictable 0
hierarchical_memory_limit 999997440
hierarchical_memsw_limit 999997440
total_cache 403021824
total_rss 596901888
total_rss_huge 0
total_mapped_file 20156416
total_writeback 0
total_swap 0
total_pgpgin 485047
total_pgpgout 240925
total_pgfault 336519
total_pgmajfault 352
total_inactive_anon 298700800
total_active_anon 298274816
total_inactive_file 201539584
total_active_file 201408512
total_unevictable 0
--------------------BLKIO-----------------------
11:0 Read 0
11:0 Write 0
11:0 Sync 0
11:0 Async 0
11:0 Total 0
253:0 Read 941334528
253:0 Write 10928128
253:0 Sync 10670080
253:0 Async 941592576
253:0 Total 952262656
Total 952262656
--------------------CPUAC-----------------------
user 865
system 1103
 
--------------------MEMCG-----------------------
MEM ONLY  : 953 MB
MEM+SWAP  : 953 MB
cache 403017728
rss 596901888
rss_huge 0
mapped_file 20156416
writeback 0
swap 0
pgpgin 508927
pgpgout 264806
pgfault 336519
pgmajfault 352
inactive_anon 298700800
active_anon 298274816
inactive_file 201572352
active_file 201371648
unevictable 0
hierarchical_memory_limit 999997440
hierarchical_memsw_limit 999997440
total_cache 403017728
total_rss 596901888
total_rss_huge 0
total_mapped_file 20156416
total_writeback 0
total_swap 0
total_pgpgin 508927
total_pgpgout 264806
total_pgfault 336519
total_pgmajfault 352
total_inactive_anon 298700800
total_active_anon 298274816
total_inactive_file 201572352
total_active_file 201371648
total_unevictable 0
--------------------BLKIO-----------------------
11:0 Read 0
11:0 Write 0
11:0 Sync 0
11:0 Async 0
11:0 Total 0
253:0 Read 998154240
253:0 Write 11898880
253:0 Sync 11640832
253:0 Async 998412288
253:0 Total 1010053120
Total 1010053120
--------------------CPUAC-----------------------
user 946
system 1423
 
--------------------MEMCG-----------------------
MEM ONLY  : 953 MB
MEM+SWAP  : 953 MB
cache 403034112
rss 596901888
rss_huge 0
mapped_file 20152320
writeback 0
swap 0
pgpgin 535017
pgpgout 290892
pgfault 336519
pgmajfault 352
inactive_anon 298700800
active_anon 298274816
inactive_file 201523200
active_file 201420800
unevictable 0
hierarchical_memory_limit 999997440
hierarchical_memsw_limit 999997440
total_cache 403034112
total_rss 596901888
total_rss_huge 0
total_mapped_file 20152320
total_writeback 0
total_swap 0
total_pgpgin 535017
total_pgpgout 290892
total_pgfault 336519
total_pgmajfault 352
total_inactive_anon 298700800
total_active_anon 298274816
total_inactive_file 201523200
total_active_file 201420800
total_unevictable 0
--------------------BLKIO-----------------------
11:0 Read 0
11:0 Write 0
11:0 Sync 0
11:0 Async 0
11:0 Total 0
253:0 Read 1055105024
253:0 Write 13094912
253:0 Sync 12836864
253:0 Async 1055363072
253:0 Total 1068199936
Total 1068199936
--------------------CPUAC-----------------------
user 1042
system 1676
 
--------------------MEMCG-----------------------
MEM ONLY  : 953 MB
MEM+SWAP  : 953 MB
cache 403070976
rss 596901888
rss_huge 0
mapped_file 7077888
writeback 0
swap 0
pgpgin 562101
pgpgout 317967
pgfault 336519
pgmajfault 352
inactive_anon 298700800
active_anon 298274816
inactive_file 201678848
active_file 201318400
unevictable 0
hierarchical_memory_limit 999997440
hierarchical_memsw_limit 999997440
total_cache 403070976
total_rss 596901888
total_rss_huge 0
total_mapped_file 7077888
total_writeback 0
total_swap 0
total_pgpgin 562101
total_pgpgout 317967
total_pgfault 336519
total_pgmajfault 352
total_inactive_anon 298700800
total_active_anon 298274816
total_inactive_file 201678848
total_active_file 201318400
total_unevictable 0
--------------------BLKIO-----------------------
11:0 Read 0
11:0 Write 0
11:0 Sync 0
11:0 Async 0
11:0 Total 0
253:0 Read 1110188032
253:0 Write 14303232
253:0 Sync 14045184
253:0 Async 1110446080
253:0 Total 1124491264
Total 1124491264
--------------------CPUAC-----------------------
user 1137
system 1974
 
--------------------MEMCG-----------------------
MEM ONLY  : 953 MB
MEM+SWAP  : 953 MB
cache 402989056
rss 596901888
rss_huge 0
mapped_file 7077888
writeback 0
swap 0
pgpgin 590325
pgpgout 346211
pgfault 336519
pgmajfault 352
inactive_anon 298700800
active_anon 298274816
inactive_file 201621504
active_file 201293824
unevictable 0
hierarchical_memory_limit 999997440
hierarchical_memsw_limit 999997440
total_cache 402989056
total_rss 596901888
total_rss_huge 0
total_mapped_file 7077888
total_writeback 0
total_swap 0
total_pgpgin 590325
total_pgpgout 346211
total_pgfault 336519
total_pgmajfault 352
total_inactive_anon 298700800
total_active_anon 298274816
total_inactive_file 201621504
total_active_file 201293824
total_unevictable 0
--------------------BLKIO-----------------------
11:0 Read 0
11:0 Write 0
11:0 Sync 0
11:0 Async 0
11:0 Total 0
253:0 Read 1162977280
253:0 Write 15433728
253:0 Sync 15175680
253:0 Async 1163235328
253:0 Total 1178411008
Total 1178411008
--------------------CPUAC-----------------------
user 1234
system 2424
 
--------------------MEMCG-----------------------
MEM ONLY  : 953 MB
MEM+SWAP  : 953 MB
cache 403075072
rss 596901888
rss_huge 0
mapped_file 7077888
writeback 0
swap 0
pgpgin 621466
pgpgout 377331
pgfault 336519
pgmajfault 352
inactive_anon 298700800
active_anon 298274816
inactive_file 201543680
active_file 201433088
unevictable 0
hierarchical_memory_limit 999997440
hierarchical_memsw_limit 999997440
total_cache 403075072
total_rss 596901888
total_rss_huge 0
total_mapped_file 7077888
total_writeback 0
total_swap 0
total_pgpgin 621466
total_pgpgout 377331
total_pgfault 336519
total_pgmajfault 352
total_inactive_anon 298700800
total_active_anon 298274816
total_inactive_file 201543680
total_active_file 201433088
total_unevictable 0
--------------------BLKIO-----------------------
11:0 Read 0
11:0 Write 0
11:0 Sync 0
11:0 Async 0
11:0 Total 0
253:0 Read 1215373312
253:0 Write 16658432
253:0 Sync 16400384
253:0 Async 1215631360
253:0 Total 1232031744
Total 1232031744
--------------------CPUAC-----------------------
user 1335
system 2835
 
--------------------MEMCG-----------------------
MEM ONLY  : 953 MB
MEM+SWAP  : 953 MB
cache 403087360
rss 596901888
rss_huge 0
mapped_file 7077888
writeback 0
swap 0
pgpgin 655130
pgpgout 410992
pgfault 336519
pgmajfault 352
inactive_anon 298700800
active_anon 298274816
inactive_file 201596928
active_file 201367552
unevictable 0
hierarchical_memory_limit 999997440
hierarchical_memsw_limit 999997440
total_cache 403087360
total_rss 596901888
total_rss_huge 0
total_mapped_file 7077888
total_writeback 0
total_swap 0
total_pgpgin 655130
total_pgpgout 410992
total_pgfault 336519
total_pgmajfault 352
total_inactive_anon 298700800
total_active_anon 298274816
total_inactive_file 201596928
total_active_file 201367552
total_unevictable 0
--------------------BLKIO-----------------------
11:0 Read 0
11:0 Write 0
11:0 Sync 0
11:0 Async 0
11:0 Total 0
253:0 Read 1265606656
253:0 Write 17899520
253:0 Sync 17641472
253:0 Async 1265864704
253:0 Total 1283506176
Total 1283506176
--------------------CPUAC-----------------------
user 1457
system 3299
 
--------------------MEMCG-----------------------
MEM ONLY  : 953 MB
MEM+SWAP  : 953 MB
cache 402964480
rss 596901888
rss_huge 0
mapped_file 7077888
writeback 0
swap 0
pgpgin 689451
pgpgout 445343
pgfault 336519
pgmajfault 352
inactive_anon 298700800
active_anon 298274816
inactive_file 201453568
active_file 201428992
unevictable 0
hierarchical_memory_limit 999997440
hierarchical_memsw_limit 999997440
total_cache 402964480
total_rss 596901888
total_rss_huge 0
total_mapped_file 7077888
total_writeback 0
total_swap 0
total_pgpgin 689451
total_pgpgout 445343
total_pgfault 336519
total_pgmajfault 352
total_inactive_anon 298700800
total_active_anon 298274816
total_inactive_file 201453568
total_active_file 201428992
total_unevictable 0
--------------------BLKIO-----------------------
11:0 Read 0
11:0 Write 0
11:0 Sync 0
11:0 Async 0
11:0 Total 0
253:0 Read 1311481856
253:0 Write 19140608
253:0 Sync 18882560
253:0 Async 1311739904
253:0 Total 1330622464
Total 1330622464
--------------------CPUAC-----------------------
user 1564
system 4016
 
--------------------MEMCG-----------------------
MEM ONLY  : 953 MB
MEM+SWAP  : 953 MB
cache 402972672
rss 596901888
rss_huge 0
mapped_file 2068480
writeback 0
swap 0
pgpgin 727506
pgpgout 483396
pgfault 336519
pgmajfault 352
inactive_anon 298700800
active_anon 298274816
inactive_file 201576448
active_file 201322496
unevictable 0
hierarchical_memory_limit 999997440
hierarchical_memsw_limit 999997440
total_cache 402972672
total_rss 596901888
total_rss_huge 0
total_mapped_file 2068480
total_writeback 0
total_swap 0
total_pgpgin 727506
total_pgpgout 483396
total_pgfault 336519
total_pgmajfault 352
total_inactive_anon 298700800
total_active_anon 298274816
total_inactive_file 201576448
total_active_file 201322496
total_unevictable 0
--------------------BLKIO-----------------------
11:0 Read 0
11:0 Write 0
11:0 Sync 0
11:0 Async 0
11:0 Total 0
253:0 Read 1356439552
253:0 Write 20385792
253:0 Sync 20127744
253:0 Async 1356697600
253:0 Total 1376825344
Total 1376825344
--------------------CPUAC-----------------------
user 1695
system 4617
 
--------------------MEMCG-----------------------
MEM ONLY  : 953 MB
MEM+SWAP  : 953 MB
cache 403013632
rss 596905984
rss_huge 0
mapped_file 3268608
writeback 0
swap 0
pgpgin 765287
pgpgout 521166
pgfault 336966
pgmajfault 394
inactive_anon 298807296
active_anon 298172416
inactive_file 201662464
active_file 201269248
unevictable 0
hierarchical_memory_limit 999997440
hierarchical_memsw_limit 999997440
total_cache 403013632
total_rss 596905984
total_rss_huge 0
total_mapped_file 3268608
total_writeback 0
total_swap 0
total_pgpgin 765287
total_pgpgout 521166
total_pgfault 336966
total_pgmajfault 394
total_inactive_anon 298807296
total_active_anon 298172416
total_inactive_file 201662464
total_active_file 201269248
total_unevictable 0
--------------------BLKIO-----------------------
11:0 Read 0
11:0 Write 0
11:0 Sync 0
11:0 Async 0
11:0 Total 0
253:0 Read 1395441664
253:0 Write 21630976
253:0 Sync 21372928
253:0 Async 1395699712
253:0 Total 1417072640
Total 1417072640
--------------------CPUAC-----------------------
user 1824
system 5594
 
--------------------MEMCG-----------------------
MEM ONLY  : 953 MB
MEM+SWAP  : 953 MB
cache 403091456
rss 596905984
rss_huge 0
mapped_file 3268608
writeback 0
swap 0
pgpgin 810460
pgpgout 566320
pgfault 336966
pgmajfault 394
inactive_anon 298807296
active_anon 298172416
inactive_file 201560064
active_file 201412608
unevictable 0
hierarchical_memory_limit 999997440
hierarchical_memsw_limit 999997440
total_cache 403091456
total_rss 596905984
total_rss_huge 0
total_mapped_file 3268608
total_writeback 0
total_swap 0
total_pgpgin 810460
total_pgpgout 566320
total_pgfault 336966
total_pgmajfault 394
total_inactive_anon 298807296
total_active_anon 298172416
total_inactive_file 201560064
total_active_file 201412608
total_unevictable 0
--------------------BLKIO-----------------------
11:0 Read 0
11:0 Write 0
11:0 Sync 0
11:0 Async 0
11:0 Total 0
253:0 Read 1435680768
253:0 Write 22888448
253:0 Sync 22630400
253:0 Async 1435938816
253:0 Total 1458569216
Total 1458569216
--------------------CPUAC-----------------------
user 1978
system 6367
 
--------------------MEMCG-----------------------
MEM ONLY  : 953 MB
MEM+SWAP  : 953 MB
cache 403013632
rss 596905984
rss_huge 0
mapped_file 3268608
writeback 0
swap 0
pgpgin 847128
pgpgout 603007
pgfault 336967
pgmajfault 394
inactive_anon 298807296
active_anon 298172416
inactive_file 201551872
active_file 201383936
unevictable 0
hierarchical_memory_limit 999997440
hierarchical_memsw_limit 999997440
total_cache 403013632
total_rss 596905984
total_rss_huge 0
total_mapped_file 3268608
total_writeback 0
total_swap 0
total_pgpgin 847128
total_pgpgout 603007
total_pgfault 336967
total_pgmajfault 394
total_inactive_anon 298807296
total_active_anon 298172416
total_inactive_file 201551872
total_active_file 201383936
total_unevictable 0
--------------------BLKIO-----------------------
11:0 Read 0
11:0 Write 0
11:0 Sync 0
11:0 Async 0
11:0 Total 0
253:0 Read 1463713792
253:0 Write 23990272
253:0 Sync 23732224
253:0 Async 1463971840
253:0 Total 1487704064
Total 1487704064
--------------------CPUAC-----------------------
user 2112
system 7798
 
--------------------MEMCG-----------------------
MEM ONLY  : 953 MB
MEM+SWAP  : 953 MB
cache 403058688
rss 596905984
rss_huge 0
mapped_file 3268608
writeback 0
swap 0
pgpgin 898344
pgpgout 654212
pgfault 336967
pgmajfault 394
inactive_anon 298807296
active_anon 298172416
inactive_file 201494528
active_file 201433088
unevictable 0
hierarchical_memory_limit 999997440
hierarchical_memsw_limit 999997440
total_cache 403058688
total_rss 596905984
total_rss_huge 0
total_mapped_file 3268608
total_writeback 0
total_swap 0
total_pgpgin 898344
total_pgpgout 654212
total_pgfault 336967
total_pgmajfault 394
total_inactive_anon 298807296
total_active_anon 298172416
total_inactive_file 201494528
total_active_file 201433088
total_unevictable 0
--------------------BLKIO-----------------------
11:0 Read 0
11:0 Write 0
11:0 Sync 0
11:0 Async 0
11:0 Total 0
253:0 Read 1497907200
253:0 Write 25260032
253:0 Sync 25001984
253:0 Async 1498165248
253:0 Total 1523167232
Total 1523167232
--------------------CPUAC-----------------------
user 2286
system 8883
 
--------------------MEMCG-----------------------
MEM ONLY  : 953 MB
MEM+SWAP  : 953 MB
cache 402997248
rss 596905984
rss_huge 0
mapped_file 3268608
writeback 0
swap 0
pgpgin 948770
pgpgout 704653
pgfault 336967
pgmajfault 394
inactive_anon 298807296
active_anon 298172416
inactive_file 201469952
active_file 201441280
unevictable 0
hierarchical_memory_limit 999997440
hierarchical_memsw_limit 999997440
total_cache 402997248
total_rss 596905984
total_rss_huge 0
total_mapped_file 3268608
total_writeback 0
total_swap 0
total_pgpgin 948770
total_pgpgout 704653
total_pgfault 336967
total_pgmajfault 394
total_inactive_anon 298807296
total_active_anon 298172416
total_inactive_file 201469952
total_active_file 201441280
total_unevictable 0
--------------------BLKIO-----------------------
11:0 Read 0
11:0 Write 0
11:0 Sync 0
11:0 Async 0
11:0 Total 0
253:0 Read 1527300096
253:0 Write 26517504
253:0 Sync 26259456
253:0 Async 1527558144
253:0 Total 1553817600
Total 1553817600
--------------------CPUAC-----------------------
user 2471
system 10106
 
--------------------MEMCG-----------------------
MEM ONLY  : 953 MB
MEM+SWAP  : 953 MB
cache 402956288
rss 596905984
rss_huge 0
mapped_file 2686976
writeback 0
swap 0
pgpgin 1004136
pgpgout 760029
pgfault 336967
pgmajfault 394
inactive_anon 298807296
active_anon 298172416
inactive_file 201588736
active_file 201281536
unevictable 0
hierarchical_memory_limit 999997440
hierarchical_memsw_limit 999997440
total_cache 402956288
total_rss 596905984
total_rss_huge 0
total_mapped_file 2686976
total_writeback 0
total_swap 0
total_pgpgin 1004136
total_pgpgout 760029
total_pgfault 336967
total_pgmajfault 394
total_inactive_anon 298807296
total_active_anon 298172416
total_inactive_file 201588736
total_active_file 201281536
total_unevictable 0
--------------------BLKIO-----------------------
11:0 Read 0
11:0 Write 0
11:0 Sync 0
11:0 Async 0
11:0 Total 0
253:0 Read 1554235392
253:0 Write 27758592
253:0 Sync 27500544
253:0 Async 1554493440
253:0 Total 1581993984
Total 1581993984
--------------------CPUAC-----------------------
user 2669
system 11373
 
--------------------MEMCG-----------------------
MEM ONLY  : 953 MB
MEM+SWAP  : 953 MB
cache 402968576
rss 596905984
rss_huge 0
mapped_file 2686976
writeback 0
swap 0
pgpgin 1066929
pgpgout 822819
pgfault 336967
pgmajfault 394
inactive_anon 298807296
active_anon 298172416
inactive_file 201687040
active_file 201191424
unevictable 0
hierarchical_memory_limit 999997440
hierarchical_memsw_limit 999997440
total_cache 402968576
total_rss 596905984
total_rss_huge 0
total_mapped_file 2686976
total_writeback 0
total_swap 0
total_pgpgin 1066929
total_pgpgout 822819
total_pgfault 336967
total_pgmajfault 394
total_inactive_anon 298807296
total_active_anon 298172416
total_inactive_file 201687040
total_active_file 201191424
total_unevictable 0
--------------------BLKIO-----------------------
11:0 Read 0
11:0 Write 0
11:0 Sync 0
11:0 Async 0
11:0 Total 0
253:0 Read 1579810816
253:0 Write 28999680
253:0 Sync 28741632
253:0 Async 1580068864
253:0 Total 1608810496
Total 1608810496
--------------------CPUAC-----------------------
user 2908
system 12727
 
--------------------MEMCG-----------------------
MEM ONLY  : 953 MB
MEM+SWAP  : 953 MB
cache 403083264
rss 596905984
rss_huge 0
mapped_file 2068480
writeback 0
swap 0
pgpgin 1131836
pgpgout 887698
pgfault 336967
pgmajfault 394
inactive_anon 298807296
active_anon 298172416
inactive_file 201641984
active_file 201347072
unevictable 0
hierarchical_memory_limit 999997440
hierarchical_memsw_limit 999997440
total_cache 403083264
total_rss 596905984
total_rss_huge 0
total_mapped_file 2068480
total_writeback 0
total_swap 0
total_pgpgin 1131836
total_pgpgout 887698
total_pgfault 336967
total_pgmajfault 394
total_inactive_anon 298807296
total_active_anon 298172416
total_inactive_file 201641984
total_active_file 201347072
total_unevictable 0
--------------------BLKIO-----------------------
11:0 Read 0
11:0 Write 0
11:0 Sync 0
11:0 Async 0
11:0 Total 0
253:0 Read 1602392064
253:0 Write 30277632
253:0 Sync 30019584
253:0 Async 1602650112
253:0 Total 1632669696
Total 1632669696
--------------------CPUAC-----------------------
user 3140
system 14221
 
--------------------MEMCG-----------------------
MEM ONLY  : 953 MB
MEM+SWAP  : 953 MB
cache 403046400
rss 596905984
rss_huge 0
mapped_file 2068480
writeback 0
swap 0
pgpgin 1198210
pgpgout 954081
pgfault 336967
pgmajfault 394
inactive_anon 298807296
active_anon 298172416
inactive_file 201535488
active_file 201437184
unevictable 0
hierarchical_memory_limit 999997440
hierarchical_memsw_limit 999997440
total_cache 403046400
total_rss 596905984
total_rss_huge 0
total_mapped_file 2068480
total_writeback 0
total_swap 0
total_pgpgin 1198210
total_pgpgout 954081
total_pgfault 336967
total_pgmajfault 394
total_inactive_anon 298807296
total_active_anon 298172416
total_inactive_file 201535488
total_active_file 201437184
total_unevictable 0
--------------------BLKIO-----------------------
11:0 Read 0
11:0 Write 0
11:0 Sync 0
11:0 Async 0
11:0 Total 0
253:0 Read 1620463616
253:0 Write 31518720
253:0 Sync 31260672
253:0 Async 1620721664
253:0 Total 1651982336
Total 1651982336
--------------------CPUAC-----------------------
user 3364
system 15866
 
--------------------MEMCG-----------------------
MEM ONLY  : 953 MB
MEM+SWAP  : 953 MB
cache 402980864
rss 596905984
rss_huge 0
mapped_file 2068480
writeback 0
swap 0
pgpgin 1265690
pgpgout 1021577
pgfault 336967
pgmajfault 394
inactive_anon 298807296
active_anon 298172416
inactive_file 201584640
active_file 201285632
unevictable 0
hierarchical_memory_limit 999997440
hierarchical_memsw_limit 999997440
total_cache 402980864
total_rss 596905984
total_rss_huge 0
total_mapped_file 2068480
total_writeback 0
total_swap 0
total_pgpgin 1265690
total_pgpgout 1021577
total_pgfault 336967
total_pgmajfault 394
total_inactive_anon 298807296
total_active_anon 298172416
total_inactive_file 201584640
total_active_file 201285632
total_unevictable 0
--------------------BLKIO-----------------------
11:0 Read 0
11:0 Write 0
11:0 Sync 0
11:0 Async 0
11:0 Total 0
253:0 Read 1635700736
253:0 Write 32792576
253:0 Sync 32534528
253:0 Async 1635958784
253:0 Total 1668493312
Total 1668493312
--------------------CPUAC-----------------------
user 3586
system 17658
 
--------------------MEMCG-----------------------
MEM ONLY  : 953 MB
MEM+SWAP  : 953 MB
cache 403034112
rss 596905984
rss_huge 0
mapped_file 2068480
writeback 0
swap 0
pgpgin 1342538
pgpgout 1098412
pgfault 336967
pgmajfault 394
inactive_anon 298807296
active_anon 298172416
inactive_file 201486336
active_file 201424896
unevictable 0
hierarchical_memory_limit 999997440
hierarchical_memsw_limit 999997440
total_cache 403034112
total_rss 596905984
total_rss_huge 0
total_mapped_file 2068480
total_writeback 0
total_swap 0
total_pgpgin 1342538
total_pgpgout 1098412
total_pgfault 336967
total_pgmajfault 394
total_inactive_anon 298807296
total_active_anon 298172416
total_inactive_file 201486336
total_active_file 201424896
total_unevictable 0
--------------------BLKIO-----------------------
11:0 Read 0
11:0 Write 0
11:0 Sync 0
11:0 Async 0
11:0 Total 0
253:0 Read 1648906240
253:0 Write 34033664
253:0 Sync 33775616
253:0 Async 1649164288
253:0 Total 1682939904
Total 1682939904
--------------------CPUAC-----------------------
user 3874
system 19482
 
--------------------MEMCG-----------------------
MEM ONLY  : 953 MB
MEM+SWAP  : 953 MB
cache 402984960
rss 596905984
rss_huge 0
mapped_file 2068480
writeback 0
swap 0
pgpgin 1397143
pgpgout 1153029
pgfault 336967
pgmajfault 394
inactive_anon 298807296
active_anon 298172416
inactive_file 201449472
active_file 201420800
unevictable 0
hierarchical_memory_limit 999997440
hierarchical_memsw_limit 999997440
total_cache 402984960
total_rss 596905984
total_rss_huge 0
total_mapped_file 2068480
total_writeback 0
total_swap 0
total_pgpgin 1397143
total_pgpgout 1153029
total_pgfault 336967
total_pgmajfault 394
total_inactive_anon 298807296
total_active_anon 298172416
total_inactive_file 201449472
total_active_file 201420800
total_unevictable 0
--------------------BLKIO-----------------------
11:0 Read 0
11:0 Write 0
11:0 Sync 0
11:0 Async 0
11:0 Total 0
253:0 Read 1656328192
253:0 Write 35106816
253:0 Sync 34848768
253:0 Async 1656586240
253:0 Total 1691435008
Total 1691435008
--------------------CPUAC-----------------------
user 4061
system 21588
 
--------------------MEMCG-----------------------
MEM ONLY  : 953 MB
MEM+SWAP  : 953 MB
cache 403030016
rss 596905984
rss_huge 0
mapped_file 2068480
writeback 0
swap 0
pgpgin 1475780
pgpgout 1231655
pgfault 336967
pgmajfault 394
inactive_anon 298807296
active_anon 298172416
inactive_file 201605120
active_file 201322496
unevictable 0
hierarchical_memory_limit 999997440
hierarchical_memsw_limit 999997440
total_cache 403034112
total_rss 596905984
total_rss_huge 0
total_mapped_file 2068480
total_writeback 0
total_swap 0
total_pgpgin 1475781
total_pgpgout 1231655
total_pgfault 336967
total_pgmajfault 394
total_inactive_anon 298807296
total_active_anon 298172416
total_inactive_file 201605120
total_active_file 201322496
total_unevictable 0
--------------------BLKIO-----------------------
11:0 Read 0
11:0 Write 0
11:0 Sync 0
11:0 Async 0
11:0 Total 0
253:0 Read 1666195456
253:0 Write 36343808
253:0 Sync 36085760
253:0 Async 1666453504
253:0 Total 1702539264
Total 1702539264
--------------------CPUAC-----------------------
user 4334
system 23550
 
--------------------MEMCG-----------------------
MEM ONLY  : 953 MB
MEM+SWAP  : 953 MB
cache 402956288
rss 596905984
rss_huge 0
mapped_file 2068480
writeback 0
swap 0
pgpgin 1553832
pgpgout 1309724
pgfault 336967
pgmajfault 394
inactive_anon 298807296
active_anon 298172416
inactive_file 201502720
active_file 201367552
unevictable 0
hierarchical_memory_limit 999997440
hierarchical_memsw_limit 999997440
total_cache 402960384
total_rss 596905984
total_rss_huge 0
total_mapped_file 2068480
total_writeback 0
total_swap 0
total_pgpgin 1553832
total_pgpgout 1309724
total_pgfault 336967
total_pgmajfault 394
total_inactive_anon 298807296
total_active_anon 298172416
total_inactive_file 201502720
total_active_file 201367552
total_unevictable 0
--------------------BLKIO-----------------------
11:0 Read 0
11:0 Write 0
11:0 Sync 0
11:0 Async 0
11:0 Total 0
253:0 Read 1673650176
253:0 Write 37629952
253:0 Sync 37371904
253:0 Async 1673908224
253:0 Total 1711280128
Total 1711280128
--------------------CPUAC-----------------------
user 4610
system 25616
 
--------------------MEMCG-----------------------
MEM ONLY  : 953 MB
MEM+SWAP  : 953 MB
cache 402976768
rss 596905984
rss_huge 0
mapped_file 2068480
writeback 0
swap 0
pgpgin 1632094
pgpgout 1387982
pgfault 336967
pgmajfault 394
inactive_anon 298807296
active_anon 298172416
inactive_file 201543680
active_file 201326592
unevictable 0
hierarchical_memory_limit 999997440
hierarchical_memsw_limit 999997440
total_cache 402976768
total_rss 596905984
total_rss_huge 0
total_mapped_file 2068480
total_writeback 0
total_swap 0
total_pgpgin 1632094
total_pgpgout 1387982
total_pgfault 336967
total_pgmajfault 394
total_inactive_anon 298807296
total_active_anon 298172416
total_inactive_file 201543680
total_active_file 201326592
total_unevictable 0
--------------------BLKIO-----------------------
11:0 Read 0
11:0 Write 0
11:0 Sync 0
11:0 Async 0
11:0 Total 0
253:0 Read 1679777792
253:0 Write 38916096
253:0 Sync 38658048
253:0 Async 1680035840
253:0 Total 1718693888
Total 1718693888
--------------------CPUAC-----------------------
user 4908
system 27706
 
--------------------MEMCG-----------------------
MEM ONLY  : 953 MB
MEM+SWAP  : 953 MB
cache 402956288
rss 596905984
rss_huge 0
mapped_file 2068480
writeback 0
swap 0
pgpgin 1710686
pgpgout 1466579
pgfault 336967
pgmajfault 394
inactive_anon 298807296
active_anon 298172416
inactive_file 201519104
active_file 201351168
unevictable 0
hierarchical_memory_limit 999997440
hierarchical_memsw_limit 999997440
total_cache 402956288
total_rss 596905984
total_rss_huge 0
total_mapped_file 2068480
total_writeback 0
total_swap 0
total_pgpgin 1710686
total_pgpgout 1466579
total_pgfault 336967
total_pgmajfault 394
total_inactive_anon 298807296
total_active_anon 298172416
total_inactive_file 201519104
total_active_file 201351168
total_unevictable 0
--------------------BLKIO-----------------------
11:0 Read 0
11:0 Write 0
11:0 Sync 0
11:0 Async 0
11:0 Total 0
253:0 Read 1684840448
253:0 Write 40157184
253:0 Sync 39899136
253:0 Async 1685098496
253:0 Total 1724997632
Total 1724997632
--------------------CPUAC-----------------------
user 5168
system 29891
 
--------------------MEMCG-----------------------
MEM ONLY  : 953 MB
MEM+SWAP  : 953 MB
cache 402984960
rss 596905984
rss_huge 0
mapped_file 2068480
writeback 0
swap 0
pgpgin 1775003
pgpgout 1530889
pgfault 336967
pgmajfault 394
inactive_anon 298807296
active_anon 298172416
inactive_file 201465856
active_file 201404416
unevictable 0
hierarchical_memory_limit 999997440
hierarchical_memsw_limit 999997440
total_cache 402984960
total_rss 596905984
total_rss_huge 0
total_mapped_file 2068480
total_writeback 0
total_swap 0
total_pgpgin 1775003
total_pgpgout 1530889
total_pgfault 336967
total_pgmajfault 394
total_inactive_anon 298807296
total_active_anon 298172416
total_inactive_file 201465856
total_active_file 201404416
total_unevictable 0
--------------------BLKIO-----------------------
11:0 Read 0
11:0 Write 0
11:0 Sync 0
11:0 Async 0
11:0 Total 0
253:0 Read 1688772608
253:0 Write 41381888
253:0 Sync 41123840
253:0 Async 1689030656
253:0 Total 1730154496
Total 1730154496
--------------------CPUAC-----------------------
user 5398
system 32205
 
--------------------MEMCG-----------------------
MEM ONLY  : 953 MB
MEM+SWAP  : 953 MB
cache 403050496
rss 596905984
rss_huge 0
mapped_file 2068480
writeback 0
swap 0
pgpgin 1853803
pgpgout 1609673
pgfault 336967
pgmajfault 394
inactive_anon 298807296
active_anon 298172416
inactive_file 201560064
active_file 201367552
unevictable 0
hierarchical_memory_limit 999997440
hierarchical_memsw_limit 999997440
total_cache 403050496
total_rss 596905984
total_rss_huge 0
total_mapped_file 2068480
total_writeback 0
total_swap 0
total_pgpgin 1853803
total_pgpgout 1609673
total_pgfault 336967
total_pgmajfault 394
total_inactive_anon 298807296
total_active_anon 298172416
total_inactive_file 201560064
total_active_file 201367552
total_unevictable 0
--------------------BLKIO-----------------------
11:0 Read 0
11:0 Write 0
11:0 Sync 0
11:0 Async 0
11:0 Total 0
253:0 Read 1692692480
253:0 Write 42602496
253:0 Sync 42344448
253:0 Async 1692950528
253:0 Total 1735294976
Total 1735294976
--------------------CPUAC-----------------------
user 5680
system 34434
 
