--------------------MEMCG-----------------------
MEM ONLY  : 953 MB
MEM+SWAP  : 953 MB
cache 734101504
rss 265875456
rss_huge 0
mapped_file 5652480
writeback 0
swap 0
pgpgin 1168248
pgpgout 924113
pgfault 246752
pgmajfault 574
inactive_anon 133103616
active_anon 132841472
inactive_file 367120384
active_file 366870528
unevictable 4096
hierarchical_memory_limit 999997440
hierarchical_memsw_limit 9223372036854771712
total_cache 734101504
total_rss 265875456
total_rss_huge 0
total_mapped_file 5652480
total_writeback 0
total_swap 0
total_pgpgin 1168248
total_pgpgout 924113
total_pgfault 246752
total_pgmajfault 574
total_inactive_anon 133103616
total_active_anon 132841472
total_inactive_file 367120384
total_active_file 366870528
total_unevictable 4096
--------------------BLKIO-----------------------
11:0 Read 0
11:0 Write 0
11:0 Sync 0
11:0 Async 0
11:0 Total 0
253:0 Read 2237849600
253:0 Write 2060288
253:0 Sync 196608
253:0 Async 2239713280
253:0 Total 2239909888
Total 2239909888
--------------------CPUAC-----------------------
user 1670
system 1294
 
--------------------MEMCG-----------------------
MEM ONLY  : 953 MB
MEM+SWAP  : 953 MB
cache 732225536
rss 267558912
rss_huge 0
mapped_file 5652480
writeback 0
swap 0
pgpgin 1223722
pgpgout 979634
pgfault 247193
pgmajfault 574
inactive_anon 134021120
active_anon 133607424
inactive_file 366239744
active_file 365912064
unevictable 4096
hierarchical_memory_limit 999997440
hierarchical_memsw_limit 9223372036854771712
total_cache 732225536
total_rss 267558912
total_rss_huge 0
total_mapped_file 5652480
total_writeback 0
total_swap 0
total_pgpgin 1223722
total_pgpgout 979634
total_pgfault 247193
total_pgmajfault 574
total_inactive_anon 134021120
total_active_anon 133607424
total_inactive_file 366239744
total_active_file 365912064
total_unevictable 4096
--------------------BLKIO-----------------------
11:0 Read 0
11:0 Write 0
11:0 Sync 0
11:0 Async 0
11:0 Total 0
253:0 Read 2268168192
253:0 Write 2072576
253:0 Sync 196608
253:0 Async 2270044160
253:0 Total 2270240768
Total 2270240768
--------------------CPUAC-----------------------
user 1744
system 1356
 
--------------------MEMCG-----------------------
MEM ONLY  : 953 MB
MEM+SWAP  : 953 MB
cache 729931776
rss 269848576
rss_huge 0
mapped_file 5656576
writeback 0
swap 0
pgpgin 1289840
pgpgout 1045753
pgfault 247941
pgmajfault 575
inactive_anon 135196672
active_anon 134721536
inactive_file 364974080
active_file 364859392
unevictable 4096
hierarchical_memory_limit 999997440
hierarchical_memsw_limit 9223372036854771712
total_cache 729931776
total_rss 269848576
total_rss_huge 0
total_mapped_file 5656576
total_writeback 0
total_swap 0
total_pgpgin 1289840
total_pgpgout 1045753
total_pgfault 247941
total_pgmajfault 575
total_inactive_anon 135196672
total_active_anon 134721536
total_inactive_file 364974080
total_active_file 364859392
total_unevictable 4096
--------------------BLKIO-----------------------
11:0 Read 0
11:0 Write 0
11:0 Sync 0
11:0 Async 0
11:0 Total 0
253:0 Read 2297843712
253:0 Write 2084864
253:0 Sync 196608
253:0 Async 2299731968
253:0 Total 2299928576
Total 2299928576
--------------------CPUAC-----------------------
user 1828
system 1436
 
--------------------MEMCG-----------------------
MEM ONLY  : 953 MB
MEM+SWAP  : 953 MB
cache 727138304
rss 272838656
rss_huge 0
mapped_file 5656576
writeback 0
swap 0
pgpgin 1363904
pgpgout 1119769
pgfault 248868
pgmajfault 575
inactive_anon 136638464
active_anon 136269824
inactive_file 363683840
active_file 363331584
unevictable 4096
hierarchical_memory_limit 999997440
hierarchical_memsw_limit 9223372036854771712
total_cache 727138304
total_rss 272838656
total_rss_huge 0
total_mapped_file 5656576
total_writeback 0
total_swap 0
total_pgpgin 1363904
total_pgpgout 1119769
total_pgfault 248868
total_pgmajfault 575
total_inactive_anon 136638464
total_active_anon 136269824
total_inactive_file 363683840
total_active_file 363331584
total_unevictable 4096
--------------------BLKIO-----------------------
11:0 Read 0
11:0 Write 0
11:0 Sync 0
11:0 Async 0
11:0 Total 0
253:0 Read 2326663168
253:0 Write 2097152
253:0 Sync 196608
253:0 Async 2328563712
253:0 Total 2328760320
Total 2328760320
--------------------CPUAC-----------------------
user 1915
system 1518
 
--------------------MEMCG-----------------------
MEM ONLY  : 953 MB
MEM+SWAP  : 953 MB
cache 723914752
rss 276033536
rss_huge 0
mapped_file 5656576
writeback 0
swap 0
pgpgin 1446908
pgpgout 1202780
pgfault 249713
pgmajfault 575
inactive_anon 138211328
active_anon 137891840
inactive_file 362098688
active_file 361742336
unevictable 4096
hierarchical_memory_limit 999997440
hierarchical_memsw_limit 9223372036854771712
total_cache 723914752
total_rss 276033536
total_rss_huge 0
total_mapped_file 5656576
total_writeback 0
total_swap 0
total_pgpgin 1446908
total_pgpgout 1202780
total_pgfault 249713
total_pgmajfault 575
total_inactive_anon 138211328
total_active_anon 137891840
total_inactive_file 362098688
total_active_file 361742336
total_unevictable 4096
--------------------BLKIO-----------------------
11:0 Read 0
11:0 Write 0
11:0 Sync 0
11:0 Async 0
11:0 Total 0
253:0 Read 2354638848
253:0 Write 2113536
253:0 Sync 196608
253:0 Async 2356555776
253:0 Total 2356752384
Total 2356752384
--------------------CPUAC-----------------------
user 2025
system 1614
 
--------------------MEMCG-----------------------
MEM ONLY  : 953 MB
MEM+SWAP  : 953 MB
cache 716296192
rss 283537408
rss_huge 0
mapped_file 5656576
writeback 0
swap 0
pgpgin 1547334
pgpgout 1303233
pgfault 251579
pgmajfault 575
inactive_anon 141877248
active_anon 141729792
inactive_file 358215680
active_file 357982208
unevictable 4096
hierarchical_memory_limit 999997440
hierarchical_memsw_limit 9223372036854771712
total_cache 716300288
total_rss 283537408
total_rss_huge 0
total_mapped_file 5656576
total_writeback 0
total_swap 0
total_pgpgin 1547334
total_pgpgout 1303233
total_pgfault 251579
total_pgmajfault 575
total_inactive_anon 141877248
total_active_anon 141729792
total_inactive_file 358215680
total_active_file 357982208
total_unevictable 4096
--------------------BLKIO-----------------------
11:0 Read 0
11:0 Write 0
11:0 Sync 0
11:0 Async 0
11:0 Total 0
253:0 Read 2379878400
253:0 Write 2129920
253:0 Sync 196608
253:0 Async 2381811712
253:0 Total 2382008320
Total 2382008320
--------------------CPUAC-----------------------
user 2154
system 1707
 
--------------------MEMCG-----------------------
MEM ONLY  : 953 MB
MEM+SWAP  : 953 MB
cache 711626752
rss 288354304
rss_huge 0
mapped_file 2920448
writeback 0
swap 0
pgpgin 1671159
pgpgout 1427023
pgfault 252998
pgmajfault 575
inactive_anon 144330752
active_anon 144093184
inactive_file 355897344
active_file 355598336
unevictable 4096
hierarchical_memory_limit 999997440
hierarchical_memsw_limit 9223372036854771712
total_cache 711626752
total_rss 288354304
total_rss_huge 0
total_mapped_file 2920448
total_writeback 0
total_swap 0
total_pgpgin 1671159
total_pgpgout 1427023
total_pgfault 252998
total_pgmajfault 575
total_inactive_anon 144330752
total_active_anon 144093184
total_inactive_file 355897344
total_active_file 355598336
total_unevictable 4096
--------------------BLKIO-----------------------
11:0 Read 0
11:0 Write 0
11:0 Sync 0
11:0 Async 0
11:0 Total 0
253:0 Read 2404139008
253:0 Write 2146304
253:0 Sync 196608
253:0 Async 2406088704
253:0 Total 2406285312
Total 2406285312
--------------------CPUAC-----------------------
user 2305
system 1831
 
--------------------MEMCG-----------------------
MEM ONLY  : 953 MB
MEM+SWAP  : 953 MB
cache 710692864
rss 289067008
rss_huge 0
mapped_file 2801664
writeback 0
swap 0
pgpgin 1823086
pgpgout 1579004
pgfault 253519
pgmajfault 575
inactive_anon 144797696
active_anon 144338944
inactive_file 355381248
active_file 355233792
unevictable 4096
hierarchical_memory_limit 999997440
hierarchical_memsw_limit 9223372036854771712
total_cache 710692864
total_rss 289067008
total_rss_huge 0
total_mapped_file 2801664
total_writeback 0
total_swap 0
total_pgpgin 1823086
total_pgpgout 1579004
total_pgfault 253519
total_pgmajfault 575
total_inactive_anon 144797696
total_active_anon 144338944
total_inactive_file 355381248
total_active_file 355233792
total_unevictable 4096
--------------------BLKIO-----------------------
11:0 Read 0
11:0 Write 0
11:0 Sync 0
11:0 Async 0
11:0 Total 0
253:0 Read 2424791040
253:0 Write 2166784
253:0 Sync 196608
253:0 Async 2426761216
253:0 Total 2426957824
Total 2426957824
--------------------CPUAC-----------------------
user 2494
system 1981
 
--------------------MEMCG-----------------------
MEM ONLY  : 953 MB
MEM+SWAP  : 953 MB
cache 711688192
rss 288124928
rss_huge 0
mapped_file 2764800
writeback 0
swap 0
pgpgin 1993128
pgpgout 1749031
pgfault 253947
pgmajfault 576
inactive_anon 144859136
active_anon 143335424
inactive_file 355901440
active_file 355717120
unevictable 4096
hierarchical_memory_limit 999997440
hierarchical_memsw_limit 9223372036854771712
total_cache 711696384
total_rss 288124928
total_rss_huge 0
total_mapped_file 2764800
total_writeback 0
total_swap 0
total_pgpgin 1993128
total_pgpgout 1749031
total_pgfault 253947
total_pgmajfault 576
total_inactive_anon 144859136
total_active_anon 143335424
total_inactive_file 355901440
total_active_file 355717120
total_unevictable 4096
--------------------BLKIO-----------------------
11:0 Read 0
11:0 Write 0
11:0 Sync 0
11:0 Async 0
11:0 Total 0
253:0 Read 2441293824
253:0 Write 2187264
253:0 Sync 196608
253:0 Async 2443284480
253:0 Total 2443481088
Total 2443481088
--------------------CPUAC-----------------------
user 2695
system 2170
 
--------------------MEMCG-----------------------
MEM ONLY  : 953 MB
MEM+SWAP  : 953 MB
cache 709926912
rss 289976320
rss_huge 0
mapped_file 2768896
writeback 0
swap 0
pgpgin 2198372
pgpgout 1954255
pgfault 255062
pgmajfault 578
inactive_anon 145588224
active_anon 144457728
inactive_file 355028992
active_file 354803712
unevictable 4096
hierarchical_memory_limit 999997440
hierarchical_memsw_limit 9223372036854771712
total_cache 709926912
total_rss 289976320
total_rss_huge 0
total_mapped_file 2768896
total_writeback 0
total_swap 0
total_pgpgin 2198372
total_pgpgout 1954255
total_pgfault 255062
total_pgmajfault 578
total_inactive_anon 145588224
total_active_anon 144457728
total_inactive_file 355028992
total_active_file 354803712
total_unevictable 4096
--------------------BLKIO-----------------------
11:0 Read 0
11:0 Write 0
11:0 Sync 0
11:0 Async 0
11:0 Total 0
253:0 Read 2453090304
253:0 Write 2207744
253:0 Sync 196608
253:0 Async 2455101440
253:0 Total 2455298048
Total 2455298048
--------------------CPUAC-----------------------
user 2946
system 2393
 
--------------------MEMCG-----------------------
MEM ONLY  : 953 MB
MEM+SWAP  : 953 MB
cache 709672960
rss 290140160
rss_huge 0
mapped_file 2768896
writeback 0
swap 0
pgpgin 2433227
pgpgout 2189132
pgfault 255873
pgmajfault 578
inactive_anon 145285120
active_anon 144924672
inactive_file 354938880
active_file 354660352
unevictable 4096
hierarchical_memory_limit 999997440
hierarchical_memsw_limit 9223372036854771712
total_cache 709672960
total_rss 290140160
total_rss_huge 0
total_mapped_file 2768896
total_writeback 0
total_swap 0
total_pgpgin 2433227
total_pgpgout 2189132
total_pgfault 255873
total_pgmajfault 578
total_inactive_anon 145285120
total_active_anon 144924672
total_inactive_file 354938880
total_active_file 354660352
total_unevictable 4096
--------------------BLKIO-----------------------
11:0 Read 0
11:0 Write 0
11:0 Sync 0
11:0 Async 0
11:0 Total 0
253:0 Read 2461581312
253:0 Write 2232320
253:0 Sync 196608
253:0 Async 2463617024
253:0 Total 2463813632
Total 2463813632
--------------------CPUAC-----------------------
user 3237
system 2646
 
--------------------MEMCG-----------------------
MEM ONLY  : 953 MB
MEM+SWAP  : 953 MB
cache 709541888
rss 290283520
rss_huge 0
mapped_file 2973696
writeback 0
swap 0
pgpgin 2694207
pgpgout 2450109
pgfault 256853
pgmajfault 587
inactive_anon 145313792
active_anon 145039360
inactive_file 354873344
active_file 354582528
unevictable 4096
hierarchical_memory_limit 999997440
hierarchical_memsw_limit 9223372036854771712
total_cache 709541888
total_rss 290283520
total_rss_huge 0
total_mapped_file 2973696
total_writeback 0
total_swap 0
total_pgpgin 2694207
total_pgpgout 2450109
total_pgfault 256853
total_pgmajfault 587
total_inactive_anon 145313792
total_active_anon 145039360
total_inactive_file 354873344
total_active_file 354582528
total_unevictable 4096
--------------------BLKIO-----------------------
11:0 Read 0
11:0 Write 0
11:0 Sync 0
11:0 Async 0
11:0 Total 0
253:0 Read 2467090432
253:0 Write 2256896
253:0 Sync 196608
253:0 Async 2469150720
253:0 Total 2469347328
Total 2469347328
--------------------CPUAC-----------------------
user 3571
system 2900
 
--------------------MEMCG-----------------------
MEM ONLY  : 953 MB
MEM+SWAP  : 953 MB
cache 709726208
rss 290267136
rss_huge 0
mapped_file 2973696
writeback 0
swap 0
pgpgin 2969188
pgpgout 2725049
pgfault 257793
pgmajfault 587
inactive_anon 145362944
active_anon 144973824
inactive_file 355094528
active_file 354549760
unevictable 4096
hierarchical_memory_limit 999997440
hierarchical_memsw_limit 9223372036854771712
total_cache 709726208
total_rss 290267136
total_rss_huge 0
total_mapped_file 2973696
total_writeback 0
total_swap 0
total_pgpgin 2969188
total_pgpgout 2725049
total_pgfault 257793
total_pgmajfault 587
total_inactive_anon 145362944
total_active_anon 144973824
total_inactive_file 355094528
total_active_file 354549760
total_unevictable 4096
--------------------BLKIO-----------------------
11:0 Read 0
11:0 Write 0
11:0 Sync 0
11:0 Async 0
11:0 Total 0
253:0 Read 2469769216
253:0 Write 2281472
253:0 Sync 196608
253:0 Async 2471854080
253:0 Total 2472050688
Total 2472050688
--------------------CPUAC-----------------------
user 3886
system 3195
 
--------------------MEMCG-----------------------
MEM ONLY  : 953 MB
MEM+SWAP  : 953 MB
cache 710045696
rss 289837056
rss_huge 0
mapped_file 2768896
writeback 0
swap 0
pgpgin 3267773
pgpgout 3023661
pgfault 258829
pgmajfault 590
inactive_anon 145391616
active_anon 144515072
inactive_file 355053568
active_file 354906112
unevictable 4096
hierarchical_memory_limit 999997440
hierarchical_memsw_limit 9223372036854771712
total_cache 710045696
total_rss 289837056
total_rss_huge 0
total_mapped_file 2768896
total_writeback 0
total_swap 0
total_pgpgin 3267773
total_pgpgout 3023661
total_pgfault 258829
total_pgmajfault 590
total_inactive_anon 145391616
total_active_anon 144515072
total_inactive_file 355053568
total_active_file 354906112
total_unevictable 4096
--------------------BLKIO-----------------------
11:0 Read 0
11:0 Write 0
11:0 Sync 0
11:0 Async 0
11:0 Total 0
253:0 Read 2471342080
253:0 Write 2310144
253:0 Sync 196608
253:0 Async 2473455616
253:0 Total 2473652224
Total 2473652224
--------------------CPUAC-----------------------
user 4259
system 3481
 
--------------------MEMCG-----------------------
MEM ONLY  : 953 MB
MEM+SWAP  : 953 MB
cache 709967872
rss 289837056
rss_huge 0
mapped_file 2768896
writeback 0
swap 0
pgpgin 3551925
pgpgout 3307832
pgfault 259737
pgmajfault 590
inactive_anon 145440768
active_anon 144465920
inactive_file 354983936
active_file 354861056
unevictable 4096
hierarchical_memory_limit 999997440
hierarchical_memsw_limit 9223372036854771712
total_cache 709967872
total_rss 289837056
total_rss_huge 0
total_mapped_file 2768896
total_writeback 0
total_swap 0
total_pgpgin 3551925
total_pgpgout 3307832
total_pgfault 259737
total_pgmajfault 590
total_inactive_anon 145440768
total_active_anon 144465920
total_inactive_file 354983936
total_active_file 354861056
total_unevictable 4096
--------------------BLKIO-----------------------
11:0 Read 0
11:0 Write 0
11:0 Sync 0
11:0 Async 0
11:0 Total 0
253:0 Read 2472144896
253:0 Write 2338816
253:0 Sync 196608
253:0 Async 2474287104
253:0 Total 2474483712
Total 2474483712
--------------------CPUAC-----------------------
user 4592
system 3790
 
--------------------MEMCG-----------------------
MEM ONLY  : 953 MB
MEM+SWAP  : 953 MB
cache 709984256
rss 289882112
rss_huge 0
mapped_file 2678784
writeback 0
swap 0
pgpgin 3831204
pgpgout 3587096
pgfault 260486
pgmajfault 590
inactive_anon 145080320
active_anon 144871424
inactive_file 355078144
active_file 354807808
unevictable 4096
hierarchical_memory_limit 999997440
hierarchical_memsw_limit 9223372036854771712
total_cache 709984256
total_rss 289882112
total_rss_huge 0
total_mapped_file 2678784
total_writeback 0
total_swap 0
total_pgpgin 3831204
total_pgpgout 3587096
total_pgfault 260486
total_pgmajfault 590
total_inactive_anon 145080320
total_active_anon 144871424
total_inactive_file 355078144
total_active_file 354807808
total_unevictable 4096
--------------------BLKIO-----------------------
11:0 Read 0
11:0 Write 0
11:0 Sync 0
11:0 Async 0
11:0 Total 0
253:0 Read 2472488960
253:0 Write 2367488
253:0 Sync 196608
253:0 Async 2474659840
253:0 Total 2474856448
Total 2474856448
--------------------CPUAC-----------------------
user 4930
system 4098
 
--------------------MEMCG-----------------------
MEM ONLY  : 953 MB
MEM+SWAP  : 953 MB
cache 710385664
rss 289492992
rss_huge 0
mapped_file 2768896
writeback 0
swap 0
pgpgin 4118048
pgpgout 3873937
pgfault 261419
pgmajfault 593
inactive_anon 145096704
active_anon 144465920
inactive_file 355315712
active_file 354988032
unevictable 4096
hierarchical_memory_limit 999997440
hierarchical_memsw_limit 9223372036854771712
total_cache 710385664
total_rss 289492992
total_rss_huge 0
total_mapped_file 2768896
total_writeback 0
total_swap 0
total_pgpgin 4118049
total_pgpgout 3873937
total_pgfault 261419
total_pgmajfault 593
total_inactive_anon 145096704
total_active_anon 144465920
total_inactive_file 355315712
total_active_file 354988032
total_unevictable 4096
--------------------BLKIO-----------------------
11:0 Read 0
11:0 Write 0
11:0 Sync 0
11:0 Async 0
11:0 Total 0
253:0 Read 2472689664
253:0 Write 2400256
253:0 Sync 196608
253:0 Async 2474893312
253:0 Total 2475089920
Total 2475089920
--------------------CPUAC-----------------------
user 5293
system 4396
 
--------------------MEMCG-----------------------
MEM ONLY  : 953 MB
MEM+SWAP  : 953 MB
cache 710565888
rss 289325056
rss_huge 0
mapped_file 2953216
writeback 0
swap 0
pgpgin 4405006
pgpgout 4160892
pgfault 262391
pgmajfault 602
inactive_anon 145117184
active_anon 144277504
inactive_file 355483648
active_file 354988032
unevictable 4096
hierarchical_memory_limit 999997440
hierarchical_memsw_limit 9223372036854771712
total_cache 710565888
total_rss 289325056
total_rss_huge 0
total_mapped_file 2953216
total_writeback 0
total_swap 0
total_pgpgin 4405006
total_pgpgout 4160892
total_pgfault 262391
total_pgmajfault 602
total_inactive_anon 145117184
total_active_anon 144277504
total_inactive_file 355483648
total_active_file 354988032
total_unevictable 4096
--------------------BLKIO-----------------------
11:0 Read 0
11:0 Write 0
11:0 Sync 0
11:0 Async 0
11:0 Total 0
253:0 Read 2472804352
253:0 Write 2433024
253:0 Sync 196608
253:0 Async 2475040768
253:0 Total 2475237376
Total 2475237376
--------------------CPUAC-----------------------
user 5640
system 4713
 
--------------------MEMCG-----------------------
MEM ONLY  : 953 MB
MEM+SWAP  : 953 MB
cache 710578176
rss 289280000
rss_huge 0
mapped_file 3035136
writeback 0
swap 0
pgpgin 4692869
pgpgout 4448763
pgfault 263253
pgmajfault 604
inactive_anon 144814080
active_anon 144535552
inactive_file 355463168
active_file 354975744
unevictable 4096
hierarchical_memory_limit 999997440
hierarchical_memsw_limit 9223372036854771712
total_cache 710578176
total_rss 289280000
total_rss_huge 0
total_mapped_file 3035136
total_writeback 0
total_swap 0
total_pgpgin 4692869
total_pgpgout 4448763
total_pgfault 263253
total_pgmajfault 604
total_inactive_anon 144814080
total_active_anon 144535552
total_inactive_file 355463168
total_active_file 354975744
total_unevictable 4096
--------------------BLKIO-----------------------
11:0 Read 0
11:0 Write 0
11:0 Sync 0
11:0 Async 0
11:0 Total 0
253:0 Read 2472861696
253:0 Write 2465792
253:0 Sync 196608
253:0 Async 2475130880
253:0 Total 2475327488
Total 2475327488
--------------------CPUAC-----------------------
user 5999
system 5008
 
--------------------MEMCG-----------------------
MEM ONLY  : 953 MB
MEM+SWAP  : 953 MB
cache 710643712
rss 289296384
rss_huge 0
mapped_file 2674688
writeback 0
swap 0
pgpgin 4977832
pgpgout 4733706
pgfault 264316
pgmajfault 604
inactive_anon 144801792
active_anon 144564224
inactive_file 355516416
active_file 355049472
unevictable 4096
hierarchical_memory_limit 999997440
hierarchical_memsw_limit 9223372036854771712
total_cache 710643712
total_rss 289296384
total_rss_huge 0
total_mapped_file 2674688
total_writeback 0
total_swap 0
total_pgpgin 4977832
total_pgpgout 4733706
total_pgfault 264316
total_pgmajfault 604
total_inactive_anon 144801792
total_active_anon 144564224
total_inactive_file 355516416
total_active_file 355049472
total_unevictable 4096
--------------------BLKIO-----------------------
11:0 Read 0
11:0 Write 0
11:0 Sync 0
11:0 Async 0
11:0 Total 0
253:0 Read 2472919040
253:0 Write 2502656
253:0 Sync 196608
253:0 Async 2475225088
253:0 Total 2475421696
Total 2475421696
--------------------CPUAC-----------------------
user 6346
system 5319
 
--------------------MEMCG-----------------------
MEM ONLY  : 953 MB
MEM+SWAP  : 953 MB
cache 710254592
rss 289673216
rss_huge 0
mapped_file 2760704
writeback 0
swap 0
pgpgin 5262920
pgpgout 5018797
pgfault 265244
pgmajfault 606
inactive_anon 145117184
active_anon 144625664
inactive_file 355246080
active_file 354906112
unevictable 4096
hierarchical_memory_limit 999997440
hierarchical_memsw_limit 9223372036854771712
total_cache 710254592
total_rss 289673216
total_rss_huge 0
total_mapped_file 2760704
total_writeback 0
total_swap 0
total_pgpgin 5262920
total_pgpgout 5018797
total_pgfault 265244
total_pgmajfault 606
total_inactive_anon 145117184
total_active_anon 144625664
total_inactive_file 355246080
total_active_file 354906112
total_unevictable 4096
--------------------BLKIO-----------------------
11:0 Read 0
11:0 Write 0
11:0 Sync 0
11:0 Async 0
11:0 Total 0
253:0 Read 2472927232
253:0 Write 2539520
253:0 Sync 196608
253:0 Async 2475270144
253:0 Total 2475466752
Total 2475466752
--------------------CPUAC-----------------------
user 6694
system 5631
 
--------------------MEMCG-----------------------
MEM ONLY  : 953 MB
MEM+SWAP  : 953 MB
cache 710266880
rss 289574912
rss_huge 0
mapped_file 2682880
writeback 0
swap 0
pgpgin 5548967
pgpgout 5304865
pgfault 266236
pgmajfault 608
inactive_anon 145117184
active_anon 144527360
inactive_file 355151872
active_file 355020800
unevictable 4096
hierarchical_memory_limit 999997440
hierarchical_memsw_limit 9223372036854771712
total_cache 710266880
total_rss 289574912
total_rss_huge 0
total_mapped_file 2682880
total_writeback 0
total_swap 0
total_pgpgin 5548967
total_pgpgout 5304865
total_pgfault 266236
total_pgmajfault 608
total_inactive_anon 145117184
total_active_anon 144527360
total_inactive_file 355151872
total_active_file 355020800
total_unevictable 4096
--------------------BLKIO-----------------------
11:0 Read 0
11:0 Write 0
11:0 Sync 0
11:0 Async 0
11:0 Total 0
253:0 Read 2473005056
253:0 Write 2576384
253:0 Sync 196608
253:0 Async 2475384832
253:0 Total 2475581440
Total 2475581440
--------------------CPUAC-----------------------
user 7027
system 5948
 
--------------------MEMCG-----------------------
MEM ONLY  : 953 MB
MEM+SWAP  : 953 MB
cache 710463488
rss 289447936
rss_huge 0
mapped_file 2768896
writeback 0
swap 0
pgpgin 5840477
pgpgout 5596358
pgfault 266999
pgmajfault 610
inactive_anon 144953344
active_anon 144564224
inactive_file 355287040
active_file 355061760
unevictable 4096
hierarchical_memory_limit 999997440
hierarchical_memsw_limit 9223372036854771712
total_cache 710463488
total_rss 289447936
total_rss_huge 0
total_mapped_file 2768896
total_writeback 0
total_swap 0
total_pgpgin 5840477
total_pgpgout 5596358
total_pgfault 266999
total_pgmajfault 610
total_inactive_anon 144953344
total_active_anon 144564224
total_inactive_file 355287040
total_active_file 355061760
total_unevictable 4096
--------------------BLKIO-----------------------
11:0 Read 0
11:0 Write 0
11:0 Sync 0
11:0 Async 0
11:0 Total 0
253:0 Read 2473005056
253:0 Write 2617344
253:0 Sync 196608
253:0 Async 2475425792
253:0 Total 2475622400
Total 2475622400
--------------------CPUAC-----------------------
user 7398
system 6253
 
--------------------MEMCG-----------------------
MEM ONLY  : 953 MB
MEM+SWAP  : 953 MB
cache 710680576
rss 289120256
rss_huge 0
mapped_file 2949120
writeback 0
swap 0
pgpgin 6150944
pgpgout 5906852
pgfault 267940
pgmajfault 619
inactive_anon 144912384
active_anon 144277504
inactive_file 355426304
active_file 355143680
unevictable 4096
hierarchical_memory_limit 999997440
hierarchical_memsw_limit 9223372036854771712
total_cache 710680576
total_rss 289120256
total_rss_huge 0
total_mapped_file 2949120
total_writeback 0
total_swap 0
total_pgpgin 6150944
total_pgpgout 5906852
total_pgfault 267940
total_pgmajfault 619
total_inactive_anon 144912384
total_active_anon 144277504
total_inactive_file 355426304
total_active_file 355143680
total_unevictable 4096
--------------------BLKIO-----------------------
11:0 Read 0
11:0 Write 0
11:0 Sync 0
11:0 Async 0
11:0 Total 0
253:0 Read 2473005056
253:0 Write 2658304
253:0 Sync 196608
253:0 Async 2475466752
253:0 Total 2475663360
Total 2475663360
--------------------CPUAC-----------------------
user 7795
system 6546
 
--------------------MEMCG-----------------------
MEM ONLY  : 953 MB
MEM+SWAP  : 953 MB
cache 711151616
rss 288743424
rss_huge 0
mapped_file 3035136
writeback 0
swap 0
pgpgin 6436428
pgpgout 6192313
pgfault 268970
pgmajfault 621
inactive_anon 144596992
active_anon 144216064
inactive_file 355639296
active_file 355414016
unevictable 4096
hierarchical_memory_limit 999997440
hierarchical_memsw_limit 9223372036854771712
total_cache 711151616
total_rss 288743424
total_rss_huge 0
total_mapped_file 3035136
total_writeback 0
total_swap 0
total_pgpgin 6436428
total_pgpgout 6192313
total_pgfault 268970
total_pgmajfault 621
total_inactive_anon 144596992
total_active_anon 144216064
total_inactive_file 355639296
total_active_file 355414016
total_unevictable 4096
--------------------BLKIO-----------------------
11:0 Read 0
11:0 Write 0
11:0 Sync 0
11:0 Async 0
11:0 Total 0
253:0 Read 2473033728
253:0 Write 2699264
253:0 Sync 196608
253:0 Async 2475536384
253:0 Total 2475732992
Total 2475732992
--------------------CPUAC-----------------------
user 8167
system 6835
 
--------------------MEMCG-----------------------
MEM ONLY  : 953 MB
MEM+SWAP  : 953 MB
cache 710709248
rss 289083392
rss_huge 0
mapped_file 2678784
writeback 0
swap 0
pgpgin 6721695
pgpgout 6477605
pgfault 269900
pgmajfault 621
inactive_anon 144912384
active_anon 144240640
inactive_file 355360768
active_file 355241984
unevictable 4096
hierarchical_memory_limit 999997440
hierarchical_memsw_limit 9223372036854771712
total_cache 710709248
total_rss 289083392
total_rss_huge 0
total_mapped_file 2678784
total_writeback 0
total_swap 0
total_pgpgin 6721695
total_pgpgout 6477605
total_pgfault 269900
total_pgmajfault 621
total_inactive_anon 144912384
total_active_anon 144240640
total_inactive_file 355360768
total_active_file 355241984
total_unevictable 4096
--------------------BLKIO-----------------------
11:0 Read 0
11:0 Write 0
11:0 Sync 0
11:0 Async 0
11:0 Total 0
253:0 Read 2473033728
253:0 Write 2744320
253:0 Sync 196608
253:0 Async 2475581440
253:0 Total 2475778048
Total 2475778048
--------------------CPUAC-----------------------
user 8527
system 7136
 
--------------------MEMCG-----------------------
MEM ONLY  : 953 MB
MEM+SWAP  : 953 MB
cache 710901760
rss 289087488
rss_huge 0
mapped_file 2764800
writeback 0
swap 0
pgpgin 7004625
pgpgout 6760487
pgfault 270667
pgmajfault 623
inactive_anon 144605184
active_anon 144551936
inactive_file 355647488
active_file 355176448
unevictable 4096
hierarchical_memory_limit 999997440
hierarchical_memsw_limit 9223372036854771712
total_cache 710901760
total_rss 289087488
total_rss_huge 0
total_mapped_file 2764800
total_writeback 0
total_swap 0
total_pgpgin 7004625
total_pgpgout 6760487
total_pgfault 270667
total_pgmajfault 623
total_inactive_anon 144605184
total_active_anon 144551936
total_inactive_file 355647488
total_active_file 355176448
total_unevictable 4096
--------------------BLKIO-----------------------
11:0 Read 0
11:0 Write 0
11:0 Sync 0
11:0 Async 0
11:0 Total 0
253:0 Read 2473033728
253:0 Write 2789376
253:0 Sync 196608
253:0 Async 2475626496
253:0 Total 2475823104
Total 2475823104
--------------------CPUAC-----------------------
user 8885
system 7439
 
--------------------MEMCG-----------------------
MEM ONLY  : 953 MB
MEM+SWAP  : 953 MB
cache 711147520
rss 288849920
rss_huge 0
mapped_file 2678784
writeback 0
swap 0
pgpgin 7292866
pgpgout 7048726
pgfault 271497
pgmajfault 623
inactive_anon 144932864
active_anon 143986688
inactive_file 355803136
active_file 355241984
unevictable 4096
hierarchical_memory_limit 999997440
hierarchical_memsw_limit 9223372036854771712
total_cache 711147520
total_rss 288849920
total_rss_huge 0
total_mapped_file 2678784
total_writeback 0
total_swap 0
total_pgpgin 7292866
total_pgpgout 7048726
total_pgfault 271497
total_pgmajfault 623
total_inactive_anon 144932864
total_active_anon 143986688
total_inactive_file 355803136
total_active_file 355241984
total_unevictable 4096
--------------------BLKIO-----------------------
11:0 Read 0
11:0 Write 0
11:0 Sync 0
11:0 Async 0
11:0 Total 0
253:0 Read 2473033728
253:0 Write 2834432
253:0 Sync 196608
253:0 Async 2475671552
253:0 Total 2475868160
Total 2475868160
--------------------CPUAC-----------------------
user 9226
system 7771
 
--------------------MEMCG-----------------------
MEM ONLY  : 953 MB
MEM+SWAP  : 953 MB
cache 710488064
rss 289280000
rss_huge 0
mapped_file 2764800
writeback 0
swap 0
pgpgin 7605790
pgpgout 7361706
pgfault 272525
pgmajfault 625
inactive_anon 144769024
active_anon 144580608
inactive_file 355381248
active_file 355020800
unevictable 4096
hierarchical_memory_limit 999997440
hierarchical_memsw_limit 9223372036854771712
total_cache 710488064
total_rss 289280000
total_rss_huge 0
total_mapped_file 2764800
total_writeback 0
total_swap 0
total_pgpgin 7605790
total_pgpgout 7361706
total_pgfault 272525
total_pgmajfault 625
total_inactive_anon 144769024
total_active_anon 144580608
total_inactive_file 355381248
total_active_file 355020800
total_unevictable 4096
--------------------BLKIO-----------------------
11:0 Read 0
11:0 Write 0
11:0 Sync 0
11:0 Async 0
11:0 Total 0
253:0 Read 2473033728
253:0 Write 2883584
253:0 Sync 196608
253:0 Async 2475720704
253:0 Total 2475917312
Total 2475917312
--------------------CPUAC-----------------------
user 9607
system 8063
 
--------------------MEMCG-----------------------
MEM ONLY  : 953 MB
MEM+SWAP  : 953 MB
cache 710688768
rss 289222656
rss_huge 0
mapped_file 3022848
writeback 0
swap 0
pgpgin 7911676
pgpgout 7667557
pgfault 273399
pgmajfault 637
inactive_anon 144818176
active_anon 144474112
inactive_file 355434496
active_file 355139584
unevictable 4096
hierarchical_memory_limit 999997440
hierarchical_memsw_limit 9223372036854771712
total_cache 710688768
total_rss 289222656
total_rss_huge 0
total_mapped_file 3022848
total_writeback 0
total_swap 0
total_pgpgin 7911676
total_pgpgout 7667557
total_pgfault 273399
total_pgmajfault 637
total_inactive_anon 144818176
total_active_anon 144474112
total_inactive_file 355434496
total_active_file 355139584
total_unevictable 4096
--------------------BLKIO-----------------------
11:0 Read 0
11:0 Write 0
11:0 Sync 0
11:0 Async 0
11:0 Total 0
253:0 Read 2473037824
253:0 Write 2883584
253:0 Sync 196608
253:0 Async 2475724800
253:0 Total 2475921408
Total 2475921408
--------------------CPUAC-----------------------
user 9975
system 8374
 
--------------------MEMCG-----------------------
MEM ONLY  : 953 MB
MEM+SWAP  : 953 MB
cache 710803456
rss 289099776
rss_huge 0
mapped_file 3153920
writeback 0
swap 0
pgpgin 8196959
pgpgout 7952842
pgfault 274467
pgmajfault 642
inactive_anon 144912384
active_anon 144257024
inactive_file 355602432
active_file 355094528
unevictable 4096
hierarchical_memory_limit 999997440
hierarchical_memsw_limit 9223372036854771712
total_cache 710803456
total_rss 289099776
total_rss_huge 0
total_mapped_file 3153920
total_writeback 0
total_swap 0
total_pgpgin 8196959
total_pgpgout 7952842
total_pgfault 274467
total_pgmajfault 642
total_inactive_anon 144912384
total_active_anon 144257024
total_inactive_file 355602432
total_active_file 355094528
total_unevictable 4096
--------------------BLKIO-----------------------
11:0 Read 0
11:0 Write 0
11:0 Sync 0
11:0 Async 0
11:0 Total 0
253:0 Read 2473037824
253:0 Write 2883584
253:0 Sync 196608
253:0 Async 2475724800
253:0 Total 2475921408
Total 2475921408
--------------------CPUAC-----------------------
user 10324
system 8676
 
--------------------MEMCG-----------------------
MEM ONLY  : 953 MB
MEM+SWAP  : 953 MB
cache 711614464
rss 288325632
rss_huge 0
mapped_file 2727936
writeback 0
swap 0
pgpgin 8480477
pgpgout 8236351
pgfault 275380
pgmajfault 643
inactive_anon 144306176
active_anon 144089088
inactive_file 355909632
active_file 355618816
unevictable 4096
hierarchical_memory_limit 999997440
hierarchical_memsw_limit 9223372036854771712
total_cache 711614464
total_rss 288325632
total_rss_huge 0
total_mapped_file 2727936
total_writeback 0
total_swap 0
total_pgpgin 8480477
total_pgpgout 8236351
total_pgfault 275380
total_pgmajfault 643
total_inactive_anon 144306176
total_active_anon 144089088
total_inactive_file 355909632
total_active_file 355618816
total_unevictable 4096
--------------------BLKIO-----------------------
11:0 Read 0
11:0 Write 0
11:0 Sync 0
11:0 Async 0
11:0 Total 0
253:0 Read 2473037824
253:0 Write 2895872
253:0 Sync 196608
253:0 Async 2475737088
253:0 Total 2475933696
Total 2475933696
--------------------CPUAC-----------------------
user 10677
system 8982
 
--------------------MEMCG-----------------------
MEM ONLY  : 953 MB
MEM+SWAP  : 953 MB
cache 711618560
rss 288313344
rss_huge 0
mapped_file 2764800
writeback 0
swap 0
pgpgin 8769311
pgpgout 8525185
pgfault 276517
pgmajfault 645
inactive_anon 144560128
active_anon 143822848
inactive_file 356028416
active_file 355512320
unevictable 4096
hierarchical_memory_limit 999997440
hierarchical_memsw_limit 9223372036854771712
total_cache 711626752
total_rss 288313344
total_rss_huge 0
total_mapped_file 2764800
total_writeback 0
total_swap 0
total_pgpgin 8769311
total_pgpgout 8525185
total_pgfault 276517
total_pgmajfault 645
total_inactive_anon 144560128
total_active_anon 143822848
total_inactive_file 356028416
total_active_file 355512320
total_unevictable 4096
--------------------BLKIO-----------------------
11:0 Read 0
11:0 Write 0
11:0 Sync 0
11:0 Async 0
11:0 Total 0
253:0 Read 2473037824
253:0 Write 2908160
253:0 Sync 196608
253:0 Async 2475749376
253:0 Total 2475945984
Total 2475945984
--------------------CPUAC-----------------------
user 11037
system 9300
 
--------------------MEMCG-----------------------
MEM ONLY  : 953 MB
MEM+SWAP  : 953 MB
cache 711802880
rss 287981568
rss_huge 0
mapped_file 2678784
writeback 0
swap 0
pgpgin 9062449
pgpgout 8818361
pgfault 277665
pgmajfault 645
inactive_anon 144527360
active_anon 143523840
inactive_file 355868672
active_file 355831808
unevictable 4096
hierarchical_memory_limit 999997440
hierarchical_memsw_limit 9223372036854771712
total_cache 711774208
total_rss 287981568
total_rss_huge 0
total_mapped_file 2678784
total_writeback 0
total_swap 0
total_pgpgin 9062450
total_pgpgout 8818368
total_pgfault 277665
total_pgmajfault 645
total_inactive_anon 144527360
total_active_anon 143523840
total_inactive_file 355868672
total_active_file 355831808
total_unevictable 4096
--------------------BLKIO-----------------------
11:0 Read 0
11:0 Write 0
11:0 Sync 0
11:0 Async 0
11:0 Total 0
253:0 Read 2473037824
253:0 Write 2924544
253:0 Sync 196608
253:0 Async 2475765760
253:0 Total 2475962368
Total 2475962368
--------------------CPUAC-----------------------
user 11405
system 9616
 
--------------------MEMCG-----------------------
MEM ONLY  : 953 MB
MEM+SWAP  : 953 MB
cache 711471104
rss 288407552
rss_huge 0
mapped_file 2760704
writeback 0
swap 0
pgpgin 9360055
pgpgout 9115944
pgfault 278815
pgmajfault 647
inactive_anon 144449536
active_anon 144027648
inactive_file 355950592
active_file 355401728
unevictable 4096
hierarchical_memory_limit 999997440
hierarchical_memsw_limit 9223372036854771712
total_cache 711471104
total_rss 288407552
total_rss_huge 0
total_mapped_file 2760704
total_writeback 0
total_swap 0
total_pgpgin 9360055
total_pgpgout 9115944
total_pgfault 278815
total_pgmajfault 647
total_inactive_anon 144449536
total_active_anon 144027648
total_inactive_file 355950592
total_active_file 355401728
total_unevictable 4096
--------------------BLKIO-----------------------
11:0 Read 0
11:0 Write 0
11:0 Sync 0
11:0 Async 0
11:0 Total 0
253:0 Read 2473037824
253:0 Write 2940928
253:0 Sync 196608
253:0 Async 2475782144
253:0 Total 2475978752
Total 2475978752
--------------------CPUAC-----------------------
user 11760
system 9928
 
--------------------MEMCG-----------------------
MEM ONLY  : 953 MB
MEM+SWAP  : 953 MB
cache 711352320
rss 288444416
rss_huge 0
mapped_file 2949120
writeback 0
swap 0
pgpgin 9651388
pgpgout 9407297
pgfault 279943
pgmajfault 657
inactive_anon 144457728
active_anon 144056320
inactive_file 355807232
active_file 355430400
unevictable 4096
hierarchical_memory_limit 999997440
hierarchical_memsw_limit 9223372036854771712
total_cache 711352320
total_rss 288444416
total_rss_huge 0
total_mapped_file 2949120
total_writeback 0
total_swap 0
total_pgpgin 9651388
total_pgpgout 9407297
total_pgfault 279943
total_pgmajfault 657
total_inactive_anon 144457728
total_active_anon 144056320
total_inactive_file 355807232
total_active_file 355430400
total_unevictable 4096
--------------------BLKIO-----------------------
11:0 Read 0
11:0 Write 0
11:0 Sync 0
11:0 Async 0
11:0 Total 0
253:0 Read 2473037824
253:0 Write 2957312
253:0 Sync 196608
253:0 Async 2475798528
253:0 Total 2475995136
Total 2475995136
--------------------CPUAC-----------------------
user 12106
system 10243
 
--------------------MEMCG-----------------------
MEM ONLY  : 953 MB
MEM+SWAP  : 953 MB
cache 711524352
rss 288296960
rss_huge 0
mapped_file 3035136
writeback 0
swap 0
pgpgin 9940436
pgpgout 9696339
pgfault 280979
pgmajfault 659
inactive_anon 144384000
active_anon 143982592
inactive_file 355880960
active_file 355561472
unevictable 4096
hierarchical_memory_limit 999997440
hierarchical_memsw_limit 9223372036854771712
total_cache 711524352
total_rss 288296960
total_rss_huge 0
total_mapped_file 3035136
total_writeback 0
total_swap 0
total_pgpgin 9940436
total_pgpgout 9696339
total_pgfault 280979
total_pgmajfault 659
total_inactive_anon 144384000
total_active_anon 143982592
total_inactive_file 355880960
total_active_file 355561472
total_unevictable 4096
--------------------BLKIO-----------------------
11:0 Read 0
11:0 Write 0
11:0 Sync 0
11:0 Async 0
11:0 Total 0
253:0 Read 2473037824
253:0 Write 2977792
253:0 Sync 196608
253:0 Async 2475819008
253:0 Total 2476015616
Total 2476015616
--------------------CPUAC-----------------------
user 12473
system 10548
 
--------------------MEMCG-----------------------
MEM ONLY  : 953 MB
MEM+SWAP  : 953 MB
cache 712146944
rss 287711232
rss_huge 0
mapped_file 2678784
writeback 0
swap 0
pgpgin 10222072
pgpgout 9977966
pgfault 281969
pgmajfault 659
inactive_anon 144277504
active_anon 143503360
inactive_file 356106240
active_file 355926016
unevictable 4096
hierarchical_memory_limit 999997440
hierarchical_memsw_limit 9223372036854771712
total_cache 712146944
total_rss 287711232
total_rss_huge 0
total_mapped_file 2678784
total_writeback 0
total_swap 0
total_pgpgin 10222072
total_pgpgout 9977966
total_pgfault 281969
total_pgmajfault 659
total_inactive_anon 144277504
total_active_anon 143503360
total_inactive_file 356106240
total_active_file 355926016
total_unevictable 4096
--------------------BLKIO-----------------------
11:0 Read 0
11:0 Write 0
11:0 Sync 0
11:0 Async 0
11:0 Total 0
253:0 Read 2473037824
253:0 Write 2998272
253:0 Sync 196608
253:0 Async 2475839488
253:0 Total 2476036096
Total 2476036096
--------------------CPUAC-----------------------
user 12819
system 10850
 
--------------------MEMCG-----------------------
MEM ONLY  : 953 MB
MEM+SWAP  : 953 MB
cache 712142848
rss 287805440
rss_huge 0
mapped_file 2764800
writeback 0
swap 0
pgpgin 10532295
pgpgout 10288167
pgfault 283026
pgmajfault 661
inactive_anon 144216064
active_anon 143659008
inactive_file 356134912
active_file 355913728
unevictable 4096
hierarchical_memory_limit 999997440
hierarchical_memsw_limit 9223372036854771712
total_cache 712142848
total_rss 287805440
total_rss_huge 0
total_mapped_file 2764800
total_writeback 0
total_swap 0
total_pgpgin 10532295
total_pgpgout 10288167
total_pgfault 283026
total_pgmajfault 661
total_inactive_anon 144216064
total_active_anon 143659008
total_inactive_file 356134912
total_active_file 355913728
total_unevictable 4096
--------------------BLKIO-----------------------
11:0 Read 0
11:0 Write 0
11:0 Sync 0
11:0 Async 0
11:0 Total 0
253:0 Read 2473037824
253:0 Write 3018752
253:0 Sync 196608
253:0 Async 2475859968
253:0 Total 2476056576
Total 2476056576
--------------------CPUAC-----------------------
user 13198
system 11150
 
--------------------MEMCG-----------------------
MEM ONLY  : 953 MB
MEM+SWAP  : 953 MB
cache 711774208
rss 288157696
rss_huge 0
mapped_file 2678784
writeback 0
swap 0
pgpgin 10829911
pgpgout 10585787
pgfault 284156
pgmajfault 661
inactive_anon 144281600
active_anon 143945728
inactive_file 356192256
active_file 355504128
unevictable 4096
hierarchical_memory_limit 999997440
hierarchical_memsw_limit 9223372036854771712
total_cache 711778304
total_rss 288157696
total_rss_huge 0
total_mapped_file 2678784
total_writeback 0
total_swap 0
total_pgpgin 10829912
total_pgpgout 10585787
total_pgfault 284156
total_pgmajfault 661
total_inactive_anon 144281600
total_active_anon 143945728
total_inactive_file 356192256
total_active_file 355504128
total_unevictable 4096
--------------------BLKIO-----------------------
11:0 Read 0
11:0 Write 0
11:0 Sync 0
11:0 Async 0
11:0 Total 0
253:0 Read 2473037824
253:0 Write 3039232
253:0 Sync 196608
253:0 Async 2475880448
253:0 Total 2476077056
Total 2476077056
--------------------CPUAC-----------------------
user 13573
system 11448
 
--------------------MEMCG-----------------------
MEM ONLY  : 953 MB
MEM+SWAP  : 953 MB
cache 710987776
rss 288796672
rss_huge 0
mapped_file 2760704
writeback 0
swap 0
pgpgin 11119159
pgpgout 10875071
pgfault 285366
pgmajfault 663
inactive_anon 144646144
active_anon 144220160
inactive_file 355602432
active_file 355282944
unevictable 4096
hierarchical_memory_limit 999997440
hierarchical_memsw_limit 9223372036854771712
total_cache 710987776
total_rss 288796672
total_rss_huge 0
total_mapped_file 2760704
total_writeback 0
total_swap 0
total_pgpgin 11119159
total_pgpgout 10875071
total_pgfault 285366
total_pgmajfault 663
total_inactive_anon 144646144
total_active_anon 144220160
total_inactive_file 355602432
total_active_file 355282944
total_unevictable 4096
--------------------BLKIO-----------------------
11:0 Read 0
11:0 Write 0
11:0 Sync 0
11:0 Async 0
11:0 Total 0
253:0 Read 2473037824
253:0 Write 3063808
253:0 Sync 196608
253:0 Async 2475905024
253:0 Total 2476101632
Total 2476101632
--------------------CPUAC-----------------------
user 13934
system 11751
 
--------------------MEMCG-----------------------
MEM ONLY  : 953 MB
MEM+SWAP  : 953 MB
cache 711102464
rss 288681984
rss_huge 0
mapped_file 2949120
writeback 0
swap 0
pgpgin 11419327
pgpgout 11175239
pgfault 286395
pgmajfault 673
inactive_anon 144502784
active_anon 144248832
inactive_file 355655680
active_file 355344384
unevictable 4096
hierarchical_memory_limit 999997440
hierarchical_memsw_limit 9223372036854771712
total_cache 711102464
total_rss 288681984
total_rss_huge 0
total_mapped_file 2949120
total_writeback 0
total_swap 0
total_pgpgin 11419327
total_pgpgout 11175239
total_pgfault 286395
total_pgmajfault 673
total_inactive_anon 144502784
total_active_anon 144248832
total_inactive_file 355655680
total_active_file 355344384
total_unevictable 4096
--------------------BLKIO-----------------------
11:0 Read 0
11:0 Write 0
11:0 Sync 0
11:0 Async 0
11:0 Total 0
253:0 Read 2473037824
253:0 Write 3088384
253:0 Sync 196608
253:0 Async 2475929600
253:0 Total 2476126208
Total 2476126208
--------------------CPUAC-----------------------
user 14296
system 12057
 
--------------------MEMCG-----------------------
MEM ONLY  : 953 MB
MEM+SWAP  : 953 MB
cache 711892992
rss 287916032
rss_huge 0
mapped_file 3039232
writeback 0
swap 0
pgpgin 11730929
pgpgout 11486835
pgfault 287300
pgmajfault 676
inactive_anon 144179200
active_anon 143806464
inactive_file 356065280
active_file 355700736
unevictable 4096
hierarchical_memory_limit 999997440
hierarchical_memsw_limit 9223372036854771712
total_cache 711892992
total_rss 287916032
total_rss_huge 0
total_mapped_file 3039232
total_writeback 0
total_swap 0
total_pgpgin 11730929
total_pgpgout 11486835
total_pgfault 287300
total_pgmajfault 676
total_inactive_anon 144179200
total_active_anon 143806464
total_inactive_file 356065280
total_active_file 355700736
total_unevictable 4096
--------------------BLKIO-----------------------
11:0 Read 0
11:0 Write 0
11:0 Sync 0
11:0 Async 0
11:0 Total 0
253:0 Read 2473037824
253:0 Write 3112960
253:0 Sync 196608
253:0 Async 2475954176
253:0 Total 2476150784
Total 2476150784
--------------------CPUAC-----------------------
user 14681
system 12367
 
--------------------MEMCG-----------------------
MEM ONLY  : 953 MB
MEM+SWAP  : 953 MB
cache 711892992
rss 287891456
rss_huge 0
mapped_file 2682880
writeback 0
swap 0
pgpgin 12017700
pgpgout 11773619
pgfault 288269
pgmajfault 676
inactive_anon 144166912
active_anon 143794176
inactive_file 355950592
active_file 355840000
unevictable 4096
hierarchical_memory_limit 999997440
hierarchical_memsw_limit 9223372036854771712
total_cache 711872512
total_rss 287891456
total_rss_huge 0
total_mapped_file 2682880
total_writeback 0
total_swap 0
total_pgpgin 12017702
total_pgpgout 11773619
total_pgfault 288269
total_pgmajfault 676
total_inactive_anon 144166912
total_active_anon 143794176
total_inactive_file 355950592
total_active_file 355840000
total_unevictable 4096
--------------------BLKIO-----------------------
11:0 Read 0
11:0 Write 0
11:0 Sync 0
11:0 Async 0
11:0 Total 0
253:0 Read 2473283584
253:0 Write 3141632
253:0 Sync 196608
253:0 Async 2476228608
253:0 Total 2476425216
Total 2476425216
--------------------CPUAC-----------------------
user 15021
system 12675
 
--------------------MEMCG-----------------------
MEM ONLY  : 953 MB
MEM+SWAP  : 953 MB
cache 712216576
rss 287744000
rss_huge 0
mapped_file 2764800
writeback 0
swap 0
pgpgin 12313221
pgpgout 12069090
pgfault 289414
pgmajfault 678
inactive_anon 144547840
active_anon 143265792
inactive_file 356229120
active_file 355909632
unevictable 4096
hierarchical_memory_limit 999997440
hierarchical_memsw_limit 9223372036854771712
total_cache 712216576
total_rss 287744000
total_rss_huge 0
total_mapped_file 2764800
total_writeback 0
total_swap 0
total_pgpgin 12313221
total_pgpgout 12069090
total_pgfault 289414
total_pgmajfault 678
total_inactive_anon 144547840
total_active_anon 143265792
total_inactive_file 356229120
total_active_file 355909632
total_unevictable 4096
--------------------BLKIO-----------------------
11:0 Read 0
11:0 Write 0
11:0 Sync 0
11:0 Async 0
11:0 Total 0
253:0 Read 2473283584
253:0 Write 3170304
253:0 Sync 196608
253:0 Async 2476257280
253:0 Total 2476453888
Total 2476453888
--------------------CPUAC-----------------------
user 15362
system 12987
 
--------------------MEMCG-----------------------
MEM ONLY  : 953 MB
MEM+SWAP  : 953 MB
cache 711454720
rss 288337920
rss_huge 0
mapped_file 4292608
writeback 0
swap 0
pgpgin 12598771
pgpgout 12354681
pgfault 291989
pgmajfault 730
inactive_anon 144379904
active_anon 144027648
inactive_file 355733504
active_file 355590144
unevictable 4096
hierarchical_memory_limit 999997440
hierarchical_memsw_limit 9223372036854771712
total_cache 711454720
total_rss 288337920
total_rss_huge 0
total_mapped_file 4292608
total_writeback 0
total_swap 0
total_pgpgin 12598771
total_pgpgout 12354681
total_pgfault 291989
total_pgmajfault 730
total_inactive_anon 144379904
total_active_anon 144027648
total_inactive_file 355733504
total_active_file 355590144
total_unevictable 4096
--------------------BLKIO-----------------------
11:0 Read 0
11:0 Write 0
11:0 Sync 0
11:0 Async 0
11:0 Total 0
253:0 Read 2473512960
253:0 Write 3198976
253:0 Sync 196608
253:0 Async 2476515328
253:0 Total 2476711936
Total 2476711936
--------------------CPUAC-----------------------
user 15709
system 13295
 
--------------------MEMCG-----------------------
MEM ONLY  : 953 MB
MEM+SWAP  : 953 MB
cache 710991872
rss 288960512
rss_huge 0
mapped_file 4382720
writeback 0
swap 0
pgpgin 12889865
pgpgout 12645736
pgfault 293040
pgmajfault 733
inactive_anon 144723968
active_anon 144306176
inactive_file 355545088
active_file 355319808
unevictable 4096
hierarchical_memory_limit 999997440
hierarchical_memsw_limit 9223372036854771712
total_cache 710991872
total_rss 288960512
total_rss_huge 0
total_mapped_file 4382720
total_writeback 0
total_swap 0
total_pgpgin 12889865
total_pgpgout 12645736
total_pgfault 293040
total_pgmajfault 733
total_inactive_anon 144723968
total_active_anon 144306176
total_inactive_file 355545088
total_active_file 355319808
total_unevictable 4096
--------------------BLKIO-----------------------
11:0 Read 0
11:0 Write 0
11:0 Sync 0
11:0 Async 0
11:0 Total 0
253:0 Read 2473512960
253:0 Write 3231744
253:0 Sync 196608
253:0 Async 2476548096
253:0 Total 2476744704
Total 2476744704
--------------------CPUAC-----------------------
user 16055
system 13617
 
--------------------MEMCG-----------------------
MEM ONLY  : 953 MB
MEM+SWAP  : 953 MB
cache 711520256
rss 288477184
rss_huge 0
mapped_file 3215360
writeback 0
swap 0
pgpgin 13177576
pgpgout 12933436
pgfault 293874
pgmajfault 741
inactive_anon 144388096
active_anon 144158720
inactive_file 355811328
active_file 355565568
unevictable 4096
hierarchical_memory_limit 999997440
hierarchical_memsw_limit 9223372036854771712
total_cache 711450624
total_rss 288477184
total_rss_huge 0
total_mapped_file 3215360
total_writeback 0
total_swap 0
total_pgpgin 13177576
total_pgpgout 12933453
total_pgfault 293874
total_pgmajfault 741
total_inactive_anon 144388096
total_active_anon 144158720
total_inactive_file 355803136
total_active_file 355565568
total_unevictable 4096
--------------------BLKIO-----------------------
11:0 Read 0
11:0 Write 0
11:0 Sync 0
11:0 Async 0
11:0 Total 0
253:0 Read 2473512960
253:0 Write 3264512
253:0 Sync 196608
253:0 Async 2476580864
253:0 Total 2476777472
Total 2476777472
--------------------CPUAC-----------------------
user 16392
system 13933
 
--------------------MEMCG-----------------------
MEM ONLY  : 953 MB
MEM+SWAP  : 953 MB
cache 711544832
rss 288276480
rss_huge 0
mapped_file 3043328
writeback 0
swap 0
pgpgin 13464033
pgpgout 13219935
pgfault 294761
pgmajfault 743
inactive_anon 144371712
active_anon 143974400
inactive_file 355995648
active_file 355467264
unevictable 4096
hierarchical_memory_limit 999997440
hierarchical_memsw_limit 9223372036854771712
total_cache 711548928
total_rss 288276480
total_rss_huge 0
total_mapped_file 3043328
total_writeback 0
total_swap 0
total_pgpgin 13464034
total_pgpgout 13219935
total_pgfault 294761
total_pgmajfault 743
total_inactive_anon 144371712
total_active_anon 143974400
total_inactive_file 355995648
total_active_file 355467264
total_unevictable 4096
--------------------BLKIO-----------------------
11:0 Read 0
11:0 Write 0
11:0 Sync 0
11:0 Async 0
11:0 Total 0
253:0 Read 2473512960
253:0 Write 3297280
253:0 Sync 196608
253:0 Async 2476613632
253:0 Total 2476810240
Total 2476810240
--------------------CPUAC-----------------------
user 16761
system 14240
 
--------------------MEMCG-----------------------
MEM ONLY  : 953 MB
MEM+SWAP  : 953 MB
cache 711139328
rss 288825344
rss_huge 0
mapped_file 2678784
writeback 0
swap 0
pgpgin 13749962
pgpgout 13505830
pgfault 296000
pgmajfault 743
inactive_anon 144809984
active_anon 144084992
inactive_file 355627008
active_file 355401728
unevictable 4096
hierarchical_memory_limit 999997440
hierarchical_memsw_limit 9223372036854771712
total_cache 711139328
total_rss 288825344
total_rss_huge 0
total_mapped_file 2678784
total_writeback 0
total_swap 0
total_pgpgin 13749962
total_pgpgout 13505830
total_pgfault 296000
total_pgmajfault 743
total_inactive_anon 144809984
total_active_anon 144084992
total_inactive_file 355627008
total_active_file 355401728
total_unevictable 4096
--------------------BLKIO-----------------------
11:0 Read 0
11:0 Write 0
11:0 Sync 0
11:0 Async 0
11:0 Total 0
253:0 Read 2473529344
253:0 Write 3334144
253:0 Sync 196608
253:0 Async 2476666880
253:0 Total 2476863488
Total 2476863488
--------------------CPUAC-----------------------
user 17094
system 14571
 
--------------------MEMCG-----------------------
MEM ONLY  : 953 MB
MEM+SWAP  : 953 MB
cache 711692288
rss 288223232
rss_huge 0
mapped_file 2764800
writeback 0
swap 0
pgpgin 14037230
pgpgout 13793110
pgfault 296612
pgmajfault 746
inactive_anon 144654336
active_anon 143638528
inactive_file 355749888
active_file 355737600
unevictable 4096
hierarchical_memory_limit 999997440
hierarchical_memsw_limit 9223372036854771712
total_cache 711692288
total_rss 288223232
total_rss_huge 0
total_mapped_file 2764800
total_writeback 0
total_swap 0
total_pgpgin 14037230
total_pgpgout 13793110
total_pgfault 296612
total_pgmajfault 746
total_inactive_anon 144654336
total_active_anon 143638528
total_inactive_file 355749888
total_active_file 355737600
total_unevictable 4096
--------------------BLKIO-----------------------
11:0 Read 0
11:0 Write 0
11:0 Sync 0
11:0 Async 0
11:0 Total 0
253:0 Read 2473529344
253:0 Write 3371008
253:0 Sync 196608
253:0 Async 2476703744
253:0 Total 2476900352
Total 2476900352
--------------------CPUAC-----------------------
user 17454
system 14878
 
--------------------MEMCG-----------------------
MEM ONLY  : 953 MB
MEM+SWAP  : 953 MB
cache 711708672
rss 288116736
rss_huge 0
mapped_file 2682880
writeback 0
swap 0
pgpgin 14327556
pgpgout 14083458
pgfault 297452
pgmajfault 747
inactive_anon 144236544
active_anon 143949824
inactive_file 355827712
active_file 355799040
unevictable 4096
hierarchical_memory_limit 999997440
hierarchical_memsw_limit 9223372036854771712
total_cache 711708672
total_rss 288116736
total_rss_huge 0
total_mapped_file 2682880
total_writeback 0
total_swap 0
total_pgpgin 14327556
total_pgpgout 14083458
total_pgfault 297452
total_pgmajfault 747
total_inactive_anon 144236544
total_active_anon 143949824
total_inactive_file 355827712
total_active_file 355799040
total_unevictable 4096
--------------------BLKIO-----------------------
11:0 Read 0
11:0 Write 0
11:0 Sync 0
11:0 Async 0
11:0 Total 0
253:0 Read 2473635840
253:0 Write 3407872
253:0 Sync 196608
253:0 Async 2476847104
253:0 Total 2477043712
Total 2477043712
--------------------CPUAC-----------------------
user 17790
system 15191
 
--------------------MEMCG-----------------------
MEM ONLY  : 953 MB
MEM+SWAP  : 953 MB
cache 711913472
rss 287952896
rss_huge 0
mapped_file 2768896
writeback 0
swap 0
pgpgin 14610853
pgpgout 14366745
pgfault 298318
pgmajfault 750
inactive_anon 144166912
active_anon 143855616
inactive_file 356007936
active_file 355782656
unevictable 4096
hierarchical_memory_limit 999997440
hierarchical_memsw_limit 9223372036854771712
total_cache 711913472
total_rss 287952896
total_rss_huge 0
total_mapped_file 2768896
total_writeback 0
total_swap 0
total_pgpgin 14610853
total_pgpgout 14366745
total_pgfault 298318
total_pgmajfault 750
total_inactive_anon 144166912
total_active_anon 143855616
total_inactive_file 356007936
total_active_file 355782656
total_unevictable 4096
--------------------BLKIO-----------------------
11:0 Read 0
11:0 Write 0
11:0 Sync 0
11:0 Async 0
11:0 Total 0
253:0 Read 2473635840
253:0 Write 3448832
253:0 Sync 196608
253:0 Async 2476888064
253:0 Total 2477084672
Total 2477084672
--------------------CPUAC-----------------------
user 18142
system 15492
 
--------------------MEMCG-----------------------
MEM ONLY  : 953 MB
MEM+SWAP  : 953 MB
cache 711692288
rss 288231424
rss_huge 0
mapped_file 2953216
writeback 0
swap 0
pgpgin 14897590
pgpgout 14653468
pgfault 299260
pgmajfault 760
inactive_anon 144347136
active_anon 143953920
inactive_file 355966976
active_file 355598336
unevictable 4096
hierarchical_memory_limit 999997440
hierarchical_memsw_limit 9223372036854771712
total_cache 711692288
total_rss 288231424
total_rss_huge 0
total_mapped_file 2953216
total_writeback 0
total_swap 0
total_pgpgin 14897590
total_pgpgout 14653468
total_pgfault 299260
total_pgmajfault 760
total_inactive_anon 144347136
total_active_anon 143953920
total_inactive_file 355966976
total_active_file 355598336
total_unevictable 4096
--------------------BLKIO-----------------------
11:0 Read 0
11:0 Write 0
11:0 Sync 0
11:0 Async 0
11:0 Total 0
253:0 Read 2473635840
253:0 Write 3489792
253:0 Sync 196608
253:0 Async 2476929024
253:0 Total 2477125632
Total 2477125632
--------------------CPUAC-----------------------
user 18496
system 15801
 
--------------------MEMCG-----------------------
MEM ONLY  : 953 MB
MEM+SWAP  : 953 MB
cache 712032256
rss 287870976
rss_huge 0
mapped_file 3039232
writeback 0
swap 0
pgpgin 15168501
pgpgout 14924384
pgfault 300263
pgmajfault 762
inactive_anon 144039936
active_anon 143900672
inactive_file 356110336
active_file 355848192
unevictable 4096
hierarchical_memory_limit 999997440
hierarchical_memsw_limit 9223372036854771712
total_cache 712032256
total_rss 287870976
total_rss_huge 0
total_mapped_file 3039232
total_writeback 0
total_swap 0
total_pgpgin 15168501
total_pgpgout 14924384
total_pgfault 300263
total_pgmajfault 762
total_inactive_anon 144039936
total_active_anon 143900672
total_inactive_file 356110336
total_active_file 355848192
total_unevictable 4096
--------------------BLKIO-----------------------
11:0 Read 0
11:0 Write 0
11:0 Sync 0
11:0 Async 0
11:0 Total 0
253:0 Read 2473635840
253:0 Write 3530752
253:0 Sync 196608
253:0 Async 2476969984
253:0 Total 2477166592
Total 2477166592
--------------------CPUAC-----------------------
user 18828
system 16087
 
--------------------MEMCG-----------------------
MEM ONLY  : 953 MB
MEM+SWAP  : 953 MB
cache 711876608
rss 287899648
rss_huge 0
mapped_file 2678784
writeback 0
swap 0
pgpgin 15447752
pgpgout 15203666
pgfault 300983
pgmajfault 762
inactive_anon 144150528
active_anon 143818752
inactive_file 356106240
active_file 355667968
unevictable 4096
hierarchical_memory_limit 999997440
hierarchical_memsw_limit 9223372036854771712
total_cache 711876608
total_rss 287899648
total_rss_huge 0
total_mapped_file 2678784
total_writeback 0
total_swap 0
total_pgpgin 15447752
total_pgpgout 15203666
total_pgfault 300983
total_pgmajfault 762
total_inactive_anon 144150528
total_active_anon 143818752
total_inactive_file 356106240
total_active_file 355667968
total_unevictable 4096
--------------------BLKIO-----------------------
11:0 Read 0
11:0 Write 0
11:0 Sync 0
11:0 Async 0
11:0 Total 0
253:0 Read 2473635840
253:0 Write 3575808
253:0 Sync 196608
253:0 Async 2477015040
253:0 Total 2477211648
Total 2477211648
--------------------CPUAC-----------------------
user 19178
system 16379
 
--------------------MEMCG-----------------------
MEM ONLY  : 953 MB
MEM+SWAP  : 953 MB
cache 712171520
rss 287715328
rss_huge 0
mapped_file 2764800
writeback 0
swap 0
pgpgin 15705592
pgpgout 15461479
pgfault 301736
pgmajfault 764
inactive_anon 144015360
active_anon 143769600
inactive_file 356204544
active_file 355840000
unevictable 4096
hierarchical_memory_limit 999997440
hierarchical_memsw_limit 9223372036854771712
total_cache 712171520
total_rss 287715328
total_rss_huge 0
total_mapped_file 2764800
total_writeback 0
total_swap 0
total_pgpgin 15705592
total_pgpgout 15461479
total_pgfault 301736
total_pgmajfault 764
total_inactive_anon 144015360
total_active_anon 143769600
total_inactive_file 356204544
total_active_file 355840000
total_unevictable 4096
--------------------BLKIO-----------------------
11:0 Read 0
11:0 Write 0
11:0 Sync 0
11:0 Async 0
11:0 Total 0
253:0 Read 2473635840
253:0 Write 3620864
253:0 Sync 196608
253:0 Async 2477060096
253:0 Total 2477256704
Total 2477256704
--------------------CPUAC-----------------------
user 19490
system 16652
 
--------------------MEMCG-----------------------
MEM ONLY  : 953 MB
MEM+SWAP  : 953 MB
cache 712564736
rss 287256576
rss_huge 0
mapped_file 2760704
writeback 0
swap 0
pgpgin 15973283
pgpgout 15729186
pgfault 302507
pgmajfault 764
inactive_anon 143802368
active_anon 143523840
inactive_file 356278272
active_file 356184064
unevictable 4096
hierarchical_memory_limit 999997440
hierarchical_memsw_limit 9223372036854771712
total_cache 712564736
total_rss 287256576
total_rss_huge 0
total_mapped_file 2760704
total_writeback 0
total_swap 0
total_pgpgin 15973283
total_pgpgout 15729186
total_pgfault 302507
total_pgmajfault 764
total_inactive_anon 143802368
total_active_anon 143523840
total_inactive_file 356278272
total_active_file 356184064
total_unevictable 4096
--------------------BLKIO-----------------------
11:0 Read 0
11:0 Write 0
11:0 Sync 0
11:0 Async 0
11:0 Total 0
253:0 Read 2473635840
253:0 Write 3665920
253:0 Sync 196608
253:0 Async 2477105152
253:0 Total 2477301760
Total 2477301760
--------------------CPUAC-----------------------
user 19818
system 16932
 
--------------------MEMCG-----------------------
MEM ONLY  : 953 MB
MEM+SWAP  : 953 MB
cache 712335360
rss 287657984
rss_huge 0
mapped_file 2764800
writeback 0
swap 0
pgpgin 16258071
pgpgout 16013932
pgfault 303310
pgmajfault 767
inactive_anon 144125952
active_anon 143601664
inactive_file 356319232
active_file 355934208
unevictable 4096
hierarchical_memory_limit 999997440
hierarchical_memsw_limit 9223372036854771712
total_cache 712335360
total_rss 287657984
total_rss_huge 0
total_mapped_file 2764800
total_writeback 0
total_swap 0
total_pgpgin 16258071
total_pgpgout 16013932
total_pgfault 303310
total_pgmajfault 767
total_inactive_anon 144125952
total_active_anon 143601664
total_inactive_file 356319232
total_active_file 355934208
total_unevictable 4096
--------------------BLKIO-----------------------
11:0 Read 0
11:0 Write 0
11:0 Sync 0
11:0 Async 0
11:0 Total 0
253:0 Read 2473635840
253:0 Write 3710976
253:0 Sync 196608
253:0 Async 2477150208
253:0 Total 2477346816
Total 2477346816
--------------------CPUAC-----------------------
user 20176
system 17246
 
