--------------------MEMCG-----------------------
MEM ONLY  : 953 MB
MEM+SWAP  : 953 MB
cache 741953536
rss 257929216
rss_huge 0
mapped_file 5218304
writeback 0
swap 0
pgpgin 1014535
pgpgout 770423
pgfault 244517
pgmajfault 542
inactive_anon 129282048
active_anon 128716800
inactive_file 371130368
active_file 370749440
unevictable 4096
hierarchical_memory_limit 999997440
hierarchical_memsw_limit 9223372036854771712
total_cache 741953536
total_rss 257929216
total_rss_huge 0
total_mapped_file 5218304
total_writeback 0
total_swap 0
total_pgpgin 1014535
total_pgpgout 770423
total_pgfault 244517
total_pgmajfault 542
total_inactive_anon 129282048
total_active_anon 128716800
total_inactive_file 371130368
total_active_file 370749440
total_unevictable 4096
--------------------BLKIO-----------------------
11:0 Read 0
11:0 Write 0
11:0 Sync 0
11:0 Async 0
11:0 Total 0
253:0 Read 2239766528
253:0 Write 2113536
253:0 Sync 196608
253:0 Async 2241683456
253:0 Total 2241880064
Total 2241880064
--------------------CPUAC-----------------------
user 1444
system 1189
 
--------------------MEMCG-----------------------
MEM ONLY  : 953 MB
MEM+SWAP  : 953 MB
cache 741380096
rss 258416640
rss_huge 0
mapped_file 5218304
writeback 0
swap 0
pgpgin 1036210
pgpgout 792119
pgfault 244682
pgmajfault 542
inactive_anon 129413120
active_anon 129073152
inactive_file 370753536
active_file 370511872
unevictable 4096
hierarchical_memory_limit 999997440
hierarchical_memsw_limit 9223372036854771712
total_cache 741380096
total_rss 258416640
total_rss_huge 0
total_mapped_file 5218304
total_writeback 0
total_swap 0
total_pgpgin 1036210
total_pgpgout 792119
total_pgfault 244682
total_pgmajfault 542
total_inactive_anon 129413120
total_active_anon 129073152
total_inactive_file 370753536
total_active_file 370511872
total_unevictable 4096
--------------------BLKIO-----------------------
11:0 Read 0
11:0 Write 0
11:0 Sync 0
11:0 Async 0
11:0 Total 0
253:0 Read 2273726464
253:0 Write 2125824
253:0 Sync 196608
253:0 Async 2275655680
253:0 Total 2275852288
Total 2275852288
--------------------CPUAC-----------------------
user 1475
system 1217
 
--------------------MEMCG-----------------------
MEM ONLY  : 953 MB
MEM+SWAP  : 953 MB
cache 741335040
rss 258461696
rss_huge 0
mapped_file 5218304
writeback 0
swap 0
pgpgin 1057280
pgpgout 813189
pgfault 244760
pgmajfault 542
inactive_anon 129544192
active_anon 128987136
inactive_file 370634752
active_file 370581504
unevictable 4096
hierarchical_memory_limit 999997440
hierarchical_memsw_limit 9223372036854771712
total_cache 741335040
total_rss 258461696
total_rss_huge 0
total_mapped_file 5218304
total_writeback 0
total_swap 0
total_pgpgin 1057280
total_pgpgout 813189
total_pgfault 244760
total_pgmajfault 542
total_inactive_anon 129544192
total_active_anon 128987136
total_inactive_file 370634752
total_active_file 370581504
total_unevictable 4096
--------------------BLKIO-----------------------
11:0 Read 0
11:0 Write 0
11:0 Sync 0
11:0 Async 0
11:0 Total 0
253:0 Read 2308284416
253:0 Write 2138112
253:0 Sync 196608
253:0 Async 2310225920
253:0 Total 2310422528
Total 2310422528
--------------------CPUAC-----------------------
user 1512
system 1245
 
--------------------MEMCG-----------------------
MEM ONLY  : 953 MB
MEM+SWAP  : 953 MB
cache 741453824
rss 258478080
rss_huge 0
mapped_file 5210112
writeback 0
swap 0
pgpgin 1079164
pgpgout 835040
pgfault 244794
pgmajfault 542
inactive_anon 129544192
active_anon 129003520
inactive_file 370749440
active_file 370630656
unevictable 4096
hierarchical_memory_limit 999997440
hierarchical_memsw_limit 9223372036854771712
total_cache 741453824
total_rss 258478080
total_rss_huge 0
total_mapped_file 5210112
total_writeback 0
total_swap 0
total_pgpgin 1079164
total_pgpgout 835040
total_pgfault 244794
total_pgmajfault 542
total_inactive_anon 129544192
total_active_anon 129003520
total_inactive_file 370749440
total_active_file 370630656
total_unevictable 4096
--------------------BLKIO-----------------------
11:0 Read 0
11:0 Write 0
11:0 Sync 0
11:0 Async 0
11:0 Total 0
253:0 Read 2343059456
253:0 Write 2150400
253:0 Sync 196608
253:0 Async 2345013248
253:0 Total 2345209856
Total 2345209856
--------------------CPUAC-----------------------
user 1542
system 1274
 
--------------------MEMCG-----------------------
MEM ONLY  : 953 MB
MEM+SWAP  : 953 MB
cache 741322752
rss 258613248
rss_huge 0
mapped_file 5210112
writeback 0
swap 0
pgpgin 1102216
pgpgout 858091
pgfault 244857
pgmajfault 542
inactive_anon 129544192
active_anon 129138688
inactive_file 370737152
active_file 370511872
unevictable 4096
hierarchical_memory_limit 999997440
hierarchical_memsw_limit 9223372036854771712
total_cache 741322752
total_rss 258613248
total_rss_huge 0
total_mapped_file 5210112
total_writeback 0
total_swap 0
total_pgpgin 1102216
total_pgpgout 858091
total_pgfault 244857
total_pgmajfault 542
total_inactive_anon 129544192
total_active_anon 129138688
total_inactive_file 370737152
total_active_file 370511872
total_unevictable 4096
--------------------BLKIO-----------------------
11:0 Read 0
11:0 Write 0
11:0 Sync 0
11:0 Async 0
11:0 Total 0
253:0 Read 2378080256
253:0 Write 2166784
253:0 Sync 196608
253:0 Async 2380050432
253:0 Total 2380247040
Total 2380247040
--------------------CPUAC-----------------------
user 1576
system 1300
 
--------------------MEMCG-----------------------
MEM ONLY  : 953 MB
MEM+SWAP  : 953 MB
cache 741146624
rss 258613248
rss_huge 0
mapped_file 5210112
writeback 0
swap 0
pgpgin 1124629
pgpgout 880547
pgfault 244887
pgmajfault 542
inactive_anon 129544192
active_anon 129138688
inactive_file 370569216
active_file 370503680
unevictable 4096
hierarchical_memory_limit 999997440
hierarchical_memsw_limit 9223372036854771712
total_cache 741146624
total_rss 258613248
total_rss_huge 0
total_mapped_file 5210112
total_writeback 0
total_swap 0
total_pgpgin 1124629
total_pgpgout 880547
total_pgfault 244887
total_pgmajfault 542
total_inactive_anon 129544192
total_active_anon 129138688
total_inactive_file 370569216
total_active_file 370503680
total_unevictable 4096
--------------------BLKIO-----------------------
11:0 Read 0
11:0 Write 0
11:0 Sync 0
11:0 Async 0
11:0 Total 0
253:0 Read 2413305856
253:0 Write 2183168
253:0 Sync 196608
253:0 Async 2415292416
253:0 Total 2415489024
Total 2415489024
--------------------CPUAC-----------------------
user 1610
system 1323
 
--------------------MEMCG-----------------------
MEM ONLY  : 953 MB
MEM+SWAP  : 953 MB
cache 741343232
rss 258613248
rss_huge 0
mapped_file 5210112
writeback 0
swap 0
pgpgin 1146312
pgpgout 902182
pgfault 244917
pgmajfault 542
inactive_anon 129544192
active_anon 129138688
inactive_file 370839552
active_file 370401280
unevictable 4096
hierarchical_memory_limit 999997440
hierarchical_memsw_limit 9223372036854771712
total_cache 741343232
total_rss 258613248
total_rss_huge 0
total_mapped_file 5210112
total_writeback 0
total_swap 0
total_pgpgin 1146312
total_pgpgout 902182
total_pgfault 244917
total_pgmajfault 542
total_inactive_anon 129544192
total_active_anon 129138688
total_inactive_file 370839552
total_active_file 370401280
total_unevictable 4096
--------------------BLKIO-----------------------
11:0 Read 0
11:0 Write 0
11:0 Sync 0
11:0 Async 0
11:0 Total 0
253:0 Read 2448625664
253:0 Write 2199552
253:0 Sync 196608
253:0 Async 2450628608
253:0 Total 2450825216
Total 2450825216
--------------------CPUAC-----------------------
user 1644
system 1347
 
--------------------MEMCG-----------------------
MEM ONLY  : 953 MB
MEM+SWAP  : 953 MB
cache 741347328
rss 258543616
rss_huge 0
mapped_file 5210112
writeback 0
swap 0
pgpgin 1169043
pgpgout 924929
pgfault 244981
pgmajfault 542
inactive_anon 129597440
active_anon 129015808
inactive_file 370851840
active_file 370417664
unevictable 4096
hierarchical_memory_limit 999997440
hierarchical_memsw_limit 9223372036854771712
total_cache 741347328
total_rss 258543616
total_rss_huge 0
total_mapped_file 5210112
total_writeback 0
total_swap 0
total_pgpgin 1169043
total_pgpgout 924929
total_pgfault 244981
total_pgmajfault 542
total_inactive_anon 129597440
total_active_anon 129015808
total_inactive_file 370851840
total_active_file 370417664
total_unevictable 4096
--------------------BLKIO-----------------------
11:0 Read 0
11:0 Write 0
11:0 Sync 0
11:0 Async 0
11:0 Total 0
253:0 Read 2484338688
253:0 Write 2215936
253:0 Sync 196608
253:0 Async 2486358016
253:0 Total 2486554624
Total 2486554624
--------------------CPUAC-----------------------
user 1678
system 1374
 
--------------------MEMCG-----------------------
MEM ONLY  : 953 MB
MEM+SWAP  : 953 MB
cache 741429248
rss 258310144
rss_huge 0
mapped_file 5210112
writeback 0
swap 0
pgpgin 1190011
pgpgout 945934
pgfault 245039
pgmajfault 542
inactive_anon 129470464
active_anon 128909312
inactive_file 370753536
active_file 370601984
unevictable 4096
hierarchical_memory_limit 999997440
hierarchical_memsw_limit 9223372036854771712
total_cache 741429248
total_rss 258310144
total_rss_huge 0
total_mapped_file 5210112
total_writeback 0
total_swap 0
total_pgpgin 1190011
total_pgpgout 945934
total_pgfault 245039
total_pgmajfault 542
total_inactive_anon 129470464
total_active_anon 128909312
total_inactive_file 370753536
total_active_file 370601984
total_unevictable 4096
--------------------BLKIO-----------------------
11:0 Read 0
11:0 Write 0
11:0 Sync 0
11:0 Async 0
11:0 Total 0
253:0 Read 2518175744
253:0 Write 2236416
253:0 Sync 196608
253:0 Async 2520215552
253:0 Total 2520412160
Total 2520412160
--------------------CPUAC-----------------------
user 1704
system 1400
 
--------------------MEMCG-----------------------
MEM ONLY  : 953 MB
MEM+SWAP  : 953 MB
cache 741896192
rss 257961984
rss_huge 0
mapped_file 5210112
writeback 0
swap 0
pgpgin 1213287
pgpgout 969181
pgfault 245161
pgmajfault 542
inactive_anon 129470464
active_anon 128561152
inactive_file 371118080
active_file 370655232
unevictable 4096
hierarchical_memory_limit 999997440
hierarchical_memsw_limit 9223372036854771712
total_cache 741896192
total_rss 257961984
total_rss_huge 0
total_mapped_file 5210112
total_writeback 0
total_swap 0
total_pgpgin 1213287
total_pgpgout 969181
total_pgfault 245161
total_pgmajfault 542
total_inactive_anon 129470464
total_active_anon 128561152
total_inactive_file 371118080
total_active_file 370655232
total_unevictable 4096
--------------------BLKIO-----------------------
11:0 Read 0
11:0 Write 0
11:0 Sync 0
11:0 Async 0
11:0 Total 0
253:0 Read 2553606144
253:0 Write 2256896
253:0 Sync 196608
253:0 Async 2555666432
253:0 Total 2555863040
Total 2555863040
--------------------CPUAC-----------------------
user 1739
system 1426
 
--------------------MEMCG-----------------------
MEM ONLY  : 953 MB
MEM+SWAP  : 953 MB
cache 741715968
rss 258170880
rss_huge 0
mapped_file 5210112
writeback 0
swap 0
pgpgin 1234655
pgpgout 990542
pgfault 245242
pgmajfault 542
inactive_anon 129470464
active_anon 128770048
inactive_file 371068928
active_file 370569216
unevictable 4096
hierarchical_memory_limit 999997440
hierarchical_memsw_limit 9223372036854771712
total_cache 741715968
total_rss 258170880
total_rss_huge 0
total_mapped_file 5210112
total_writeback 0
total_swap 0
total_pgpgin 1234655
total_pgpgout 990542
total_pgfault 245242
total_pgmajfault 542
total_inactive_anon 129470464
total_active_anon 128770048
total_inactive_file 371068928
total_active_file 370569216
total_unevictable 4096
--------------------BLKIO-----------------------
11:0 Read 0
11:0 Write 0
11:0 Sync 0
11:0 Async 0
11:0 Total 0
253:0 Read 2587353088
253:0 Write 2277376
253:0 Sync 196608
253:0 Async 2589433856
253:0 Total 2589630464
Total 2589630464
--------------------CPUAC-----------------------
user 1775
system 1447
 
--------------------MEMCG-----------------------
MEM ONLY  : 953 MB
MEM+SWAP  : 953 MB
cache 741621760
rss 258207744
rss_huge 0
mapped_file 5210112
writeback 0
swap 0
pgpgin 1256268
pgpgout 1012169
pgfault 245281
pgmajfault 542
inactive_anon 129470464
active_anon 128806912
inactive_file 370900992
active_file 370597888
unevictable 4096
hierarchical_memory_limit 999997440
hierarchical_memsw_limit 9223372036854771712
total_cache 741621760
total_rss 258207744
total_rss_huge 0
total_mapped_file 5210112
total_writeback 0
total_swap 0
total_pgpgin 1256268
total_pgpgout 1012169
total_pgfault 245281
total_pgmajfault 542
total_inactive_anon 129470464
total_active_anon 128806912
total_inactive_file 370900992
total_active_file 370597888
total_unevictable 4096
--------------------BLKIO-----------------------
11:0 Read 0
11:0 Write 0
11:0 Sync 0
11:0 Async 0
11:0 Total 0
253:0 Read 2621128704
253:0 Write 2297856
253:0 Sync 196608
253:0 Async 2623229952
253:0 Total 2623426560
Total 2623426560
--------------------CPUAC-----------------------
user 1809
system 1477
 
--------------------MEMCG-----------------------
MEM ONLY  : 953 MB
MEM+SWAP  : 953 MB
cache 741613568
rss 258211840
rss_huge 0
mapped_file 5210112
writeback 0
swap 0
pgpgin 1278388
pgpgout 1034290
pgfault 245312
pgmajfault 542
inactive_anon 129470464
active_anon 128811008
inactive_file 370802688
active_file 370720768
unevictable 4096
hierarchical_memory_limit 999997440
hierarchical_memsw_limit 9223372036854771712
total_cache 741613568
total_rss 258211840
total_rss_huge 0
total_mapped_file 5210112
total_writeback 0
total_swap 0
total_pgpgin 1278388
total_pgpgout 1034290
total_pgfault 245312
total_pgmajfault 542
total_inactive_anon 129470464
total_active_anon 128811008
total_inactive_file 370802688
total_active_file 370720768
total_unevictable 4096
--------------------BLKIO-----------------------
11:0 Read 0
11:0 Write 0
11:0 Sync 0
11:0 Async 0
11:0 Total 0
253:0 Read 2655649792
253:0 Write 2322432
253:0 Sync 196608
253:0 Async 2657775616
253:0 Total 2657972224
Total 2657972224
--------------------CPUAC-----------------------
user 1834
system 1507
 
--------------------MEMCG-----------------------
MEM ONLY  : 953 MB
MEM+SWAP  : 953 MB
cache 741732352
rss 258211840
rss_huge 0
mapped_file 5210112
writeback 0
swap 0
pgpgin 1300157
pgpgout 1056030
pgfault 245342
pgmajfault 542
inactive_anon 129470464
active_anon 128811008
inactive_file 371052544
active_file 370589696
unevictable 4096
hierarchical_memory_limit 999997440
hierarchical_memsw_limit 9223372036854771712
total_cache 741732352
total_rss 258211840
total_rss_huge 0
total_mapped_file 5210112
total_writeback 0
total_swap 0
total_pgpgin 1300157
total_pgpgout 1056030
total_pgfault 245342
total_pgmajfault 542
total_inactive_anon 129470464
total_active_anon 128811008
total_inactive_file 371052544
total_active_file 370589696
total_unevictable 4096
--------------------BLKIO-----------------------
11:0 Read 0
11:0 Write 0
11:0 Sync 0
11:0 Async 0
11:0 Total 0
253:0 Read 2690162688
253:0 Write 2347008
253:0 Sync 196608
253:0 Async 2692313088
253:0 Total 2692509696
Total 2692509696
--------------------CPUAC-----------------------
user 1858
system 1536
 
--------------------MEMCG-----------------------
MEM ONLY  : 953 MB
MEM+SWAP  : 953 MB
cache 740835328
rss 259104768
rss_huge 0
mapped_file 5210112
writeback 0
swap 0
pgpgin 1323638
pgpgout 1079512
pgfault 245590
pgmajfault 542
inactive_anon 129732608
active_anon 129441792
inactive_file 370442240
active_file 370319360
unevictable 4096
hierarchical_memory_limit 999997440
hierarchical_memsw_limit 9223372036854771712
total_cache 740835328
total_rss 259104768
total_rss_huge 0
total_mapped_file 5210112
total_writeback 0
total_swap 0
total_pgpgin 1323638
total_pgpgout 1079512
total_pgfault 245590
total_pgmajfault 542
total_inactive_anon 129732608
total_active_anon 129441792
total_inactive_file 370442240
total_active_file 370319360
total_unevictable 4096
--------------------BLKIO-----------------------
11:0 Read 0
11:0 Write 0
11:0 Sync 0
11:0 Async 0
11:0 Total 0
253:0 Read 2724159488
253:0 Write 2371584
253:0 Sync 196608
253:0 Async 2726334464
253:0 Total 2726531072
Total 2726531072
--------------------CPUAC-----------------------
user 1894
system 1558
 
--------------------MEMCG-----------------------
MEM ONLY  : 953 MB
MEM+SWAP  : 953 MB
cache 740757504
rss 259039232
rss_huge 0
mapped_file 5210112
writeback 0
swap 0
pgpgin 1346126
pgpgout 1102035
pgfault 245667
pgmajfault 542
inactive_anon 129646592
active_anon 129462272
inactive_file 370429952
active_file 370253824
unevictable 4096
hierarchical_memory_limit 999997440
hierarchical_memsw_limit 9223372036854771712
total_cache 740757504
total_rss 259039232
total_rss_huge 0
total_mapped_file 5210112
total_writeback 0
total_swap 0
total_pgpgin 1346126
total_pgpgout 1102035
total_pgfault 245667
total_pgmajfault 542
total_inactive_anon 129646592
total_active_anon 129462272
total_inactive_file 370429952
total_active_file 370253824
total_unevictable 4096
--------------------BLKIO-----------------------
11:0 Read 0
11:0 Write 0
11:0 Sync 0
11:0 Async 0
11:0 Total 0
253:0 Read 2757849088
253:0 Write 2396160
253:0 Sync 196608
253:0 Async 2760048640
253:0 Total 2760245248
Total 2760245248
--------------------CPUAC-----------------------
user 1922
system 1584
 
--------------------MEMCG-----------------------
MEM ONLY  : 953 MB
MEM+SWAP  : 953 MB
cache 740941824
rss 258891776
rss_huge 0
mapped_file 5210112
writeback 0
swap 0
pgpgin 1369613
pgpgout 1125513
pgfault 245777
pgmajfault 542
inactive_anon 129544192
active_anon 129417216
inactive_file 370536448
active_file 370331648
unevictable 4096
hierarchical_memory_limit 999997440
hierarchical_memsw_limit 9223372036854771712
total_cache 740941824
total_rss 258891776
total_rss_huge 0
total_mapped_file 5210112
total_writeback 0
total_swap 0
total_pgpgin 1369613
total_pgpgout 1125513
total_pgfault 245777
total_pgmajfault 542
total_inactive_anon 129544192
total_active_anon 129417216
total_inactive_file 370536448
total_active_file 370331648
total_unevictable 4096
--------------------BLKIO-----------------------
11:0 Read 0
11:0 Write 0
11:0 Sync 0
11:0 Async 0
11:0 Total 0
253:0 Read 2793000960
253:0 Write 2420736
253:0 Sync 196608
253:0 Async 2795225088
253:0 Total 2795421696
Total 2795421696
--------------------CPUAC-----------------------
user 1951
system 1619
 
--------------------MEMCG-----------------------
MEM ONLY  : 953 MB
MEM+SWAP  : 953 MB
cache 741150720
rss 258670592
rss_huge 0
mapped_file 5046272
writeback 0
swap 0
pgpgin 1392537
pgpgout 1148440
pgfault 245858
pgmajfault 542
inactive_anon 129605632
active_anon 129134592
inactive_file 370724864
active_file 370327552
unevictable 4096
hierarchical_memory_limit 999997440
hierarchical_memsw_limit 9223372036854771712
total_cache 741150720
total_rss 258670592
total_rss_huge 0
total_mapped_file 5046272
total_writeback 0
total_swap 0
total_pgpgin 1392537
total_pgpgout 1148440
total_pgfault 245858
total_pgmajfault 542
total_inactive_anon 129605632
total_active_anon 129134592
total_inactive_file 370724864
total_active_file 370327552
total_unevictable 4096
--------------------BLKIO-----------------------
11:0 Read 0
11:0 Write 0
11:0 Sync 0
11:0 Async 0
11:0 Total 0
253:0 Read 2828234752
253:0 Write 2449408
253:0 Sync 196608
253:0 Async 2830487552
253:0 Total 2830684160
Total 2830684160
--------------------CPUAC-----------------------
user 1988
system 1650
 
--------------------MEMCG-----------------------
MEM ONLY  : 953 MB
MEM+SWAP  : 953 MB
cache 741179392
rss 258535424
rss_huge 0
mapped_file 5025792
writeback 0
swap 0
pgpgin 1414777
pgpgout 1170706
pgfault 245920
pgmajfault 544
inactive_anon 129605632
active_anon 128999424
inactive_file 370679808
active_file 370413568
unevictable 4096
hierarchical_memory_limit 999997440
hierarchical_memsw_limit 9223372036854771712
total_cache 741179392
total_rss 258535424
total_rss_huge 0
total_mapped_file 5025792
total_writeback 0
total_swap 0
total_pgpgin 1414777
total_pgpgout 1170706
total_pgfault 245920
total_pgmajfault 544
total_inactive_anon 129605632
total_active_anon 128999424
total_inactive_file 370679808
total_active_file 370413568
total_unevictable 4096
--------------------BLKIO-----------------------
11:0 Read 0
11:0 Write 0
11:0 Sync 0
11:0 Async 0
11:0 Total 0
253:0 Read 2862444544
253:0 Write 2449408
253:0 Sync 196608
253:0 Async 2864697344
253:0 Total 2864893952
Total 2864893952
--------------------CPUAC-----------------------
user 2024
system 1676
 
--------------------MEMCG-----------------------
MEM ONLY  : 953 MB
MEM+SWAP  : 953 MB
cache 741453824
rss 258387968
rss_huge 0
mapped_file 5025792
writeback 0
swap 0
pgpgin 1436395
pgpgout 1192293
pgfault 245957
pgmajfault 544
inactive_anon 129605632
active_anon 128851968
inactive_file 370855936
active_file 370524160
unevictable 4096
hierarchical_memory_limit 999997440
hierarchical_memsw_limit 9223372036854771712
total_cache 741453824
total_rss 258387968
total_rss_huge 0
total_mapped_file 5025792
total_writeback 0
total_swap 0
total_pgpgin 1436395
total_pgpgout 1192293
total_pgfault 245957
total_pgmajfault 544
total_inactive_anon 129605632
total_active_anon 128851968
total_inactive_file 370855936
total_active_file 370524160
total_unevictable 4096
--------------------BLKIO-----------------------
11:0 Read 0
11:0 Write 0
11:0 Sync 0
11:0 Async 0
11:0 Total 0
253:0 Read 2896691200
253:0 Write 2449408
253:0 Sync 196608
253:0 Async 2898944000
253:0 Total 2899140608
Total 2899140608
--------------------CPUAC-----------------------
user 2052
system 1706
 
--------------------MEMCG-----------------------
MEM ONLY  : 953 MB
MEM+SWAP  : 953 MB
cache 741482496
rss 258490368
rss_huge 0
mapped_file 4739072
writeback 0
swap 0
pgpgin 1459190
pgpgout 1215056
pgfault 246013
pgmajfault 544
inactive_anon 129736704
active_anon 128823296
inactive_file 370769920
active_file 370638848
unevictable 4096
hierarchical_memory_limit 999997440
hierarchical_memsw_limit 9223372036854771712
total_cache 741482496
total_rss 258490368
total_rss_huge 0
total_mapped_file 4739072
total_writeback 0
total_swap 0
total_pgpgin 1459190
total_pgpgout 1215056
total_pgfault 246013
total_pgmajfault 544
total_inactive_anon 129736704
total_active_anon 128823296
total_inactive_file 370769920
total_active_file 370638848
total_unevictable 4096
--------------------BLKIO-----------------------
11:0 Read 0
11:0 Write 0
11:0 Sync 0
11:0 Async 0
11:0 Total 0
253:0 Read 2931388416
253:0 Write 2461696
253:0 Sync 196608
253:0 Async 2933653504
253:0 Total 2933850112
Total 2933850112
--------------------CPUAC-----------------------
user 2089
system 1737
 
--------------------MEMCG-----------------------
MEM ONLY  : 953 MB
MEM+SWAP  : 953 MB
cache 741302272
rss 258498560
rss_huge 0
mapped_file 2883584
writeback 0
swap 0
pgpgin 1481678
pgpgout 1237586
pgfault 246045
pgmajfault 544
inactive_anon 129736704
active_anon 128831488
inactive_file 370720768
active_file 370458624
unevictable 4096
hierarchical_memory_limit 999997440
hierarchical_memsw_limit 9223372036854771712
total_cache 741302272
total_rss 258498560
total_rss_huge 0
total_mapped_file 2883584
total_writeback 0
total_swap 0
total_pgpgin 1481678
total_pgpgout 1237586
total_pgfault 246045
total_pgmajfault 544
total_inactive_anon 129736704
total_active_anon 128831488
total_inactive_file 370720768
total_active_file 370458624
total_unevictable 4096
--------------------BLKIO-----------------------
11:0 Read 0
11:0 Write 0
11:0 Sync 0
11:0 Async 0
11:0 Total 0
253:0 Read 2966847488
253:0 Write 2473984
253:0 Sync 196608
253:0 Async 2969124864
253:0 Total 2969321472
Total 2969321472
--------------------CPUAC-----------------------
user 2124
system 1770
 
--------------------MEMCG-----------------------
MEM ONLY  : 953 MB
MEM+SWAP  : 953 MB
cache 741216256
rss 258686976
rss_huge 0
mapped_file 2883584
writeback 0
swap 0
pgpgin 1504630
pgpgout 1260513
pgfault 246178
pgmajfault 544
inactive_anon 129597440
active_anon 129159168
inactive_file 370630656
active_file 370475008
unevictable 4096
hierarchical_memory_limit 999997440
hierarchical_memsw_limit 9223372036854771712
total_cache 741216256
total_rss 258686976
total_rss_huge 0
total_mapped_file 2883584
total_writeback 0
total_swap 0
total_pgpgin 1504630
total_pgpgout 1260513
total_pgfault 246178
total_pgmajfault 544
total_inactive_anon 129597440
total_active_anon 129159168
total_inactive_file 370630656
total_active_file 370475008
total_unevictable 4096
--------------------BLKIO-----------------------
11:0 Read 0
11:0 Write 0
11:0 Sync 0
11:0 Async 0
11:0 Total 0
253:0 Read 3000745984
253:0 Write 2486272
253:0 Sync 196608
253:0 Async 3003035648
253:0 Total 3003232256
Total 3003232256
--------------------CPUAC-----------------------
user 2155
system 1800
 
--------------------MEMCG-----------------------
MEM ONLY  : 953 MB
MEM+SWAP  : 953 MB
cache 741281792
rss 258650112
rss_huge 0
mapped_file 2883584
writeback 0
swap 0
pgpgin 1527011
pgpgout 1282887
pgfault 246312
pgmajfault 544
inactive_anon 129384448
active_anon 129335296
inactive_file 370823168
active_file 370376704
unevictable 4096
hierarchical_memory_limit 999997440
hierarchical_memsw_limit 9223372036854771712
total_cache 741281792
total_rss 258650112
total_rss_huge 0
total_mapped_file 2883584
total_writeback 0
total_swap 0
total_pgpgin 1527011
total_pgpgout 1282887
total_pgfault 246312
total_pgmajfault 544
total_inactive_anon 129384448
total_active_anon 129335296
total_inactive_file 370823168
total_active_file 370376704
total_unevictable 4096
--------------------BLKIO-----------------------
11:0 Read 0
11:0 Write 0
11:0 Sync 0
11:0 Async 0
11:0 Total 0
253:0 Read 3034787840
253:0 Write 2498560
253:0 Sync 196608
253:0 Async 3037089792
253:0 Total 3037286400
Total 3037286400
--------------------CPUAC-----------------------
user 2188
system 1830
 
--------------------MEMCG-----------------------
MEM ONLY  : 953 MB
MEM+SWAP  : 953 MB
cache 741298176
rss 258609152
rss_huge 0
mapped_file 2883584
writeback 0
swap 0
pgpgin 1549062
pgpgout 1304944
pgfault 246353
pgmajfault 544
inactive_anon 129384448
active_anon 129294336
inactive_file 370708480
active_file 370475008
unevictable 4096
hierarchical_memory_limit 999997440
hierarchical_memsw_limit 9223372036854771712
total_cache 741298176
total_rss 258609152
total_rss_huge 0
total_mapped_file 2883584
total_writeback 0
total_swap 0
total_pgpgin 1549062
total_pgpgout 1304944
total_pgfault 246353
total_pgmajfault 544
total_inactive_anon 129384448
total_active_anon 129294336
total_inactive_file 370708480
total_active_file 370475008
total_unevictable 4096
--------------------BLKIO-----------------------
11:0 Read 0
11:0 Write 0
11:0 Sync 0
11:0 Async 0
11:0 Total 0
253:0 Read 3069812736
253:0 Write 2514944
253:0 Sync 196608
253:0 Async 3072131072
253:0 Total 3072327680
Total 3072327680
--------------------CPUAC-----------------------
user 2223
system 1852
 
--------------------MEMCG-----------------------
MEM ONLY  : 953 MB
MEM+SWAP  : 953 MB
cache 741306368
rss 258670592
rss_huge 0
mapped_file 2883584
writeback 0
swap 0
pgpgin 1571361
pgpgout 1327226
pgfault 246399
pgmajfault 544
inactive_anon 129384448
active_anon 129355776
inactive_file 370810880
active_file 370421760
unevictable 4096
hierarchical_memory_limit 999997440
hierarchical_memsw_limit 9223372036854771712
total_cache 741306368
total_rss 258670592
total_rss_huge 0
total_mapped_file 2883584
total_writeback 0
total_swap 0
total_pgpgin 1571361
total_pgpgout 1327226
total_pgfault 246399
total_pgmajfault 544
total_inactive_anon 129384448
total_active_anon 129355776
total_inactive_file 370810880
total_active_file 370421760
total_unevictable 4096
--------------------BLKIO-----------------------
11:0 Read 0
11:0 Write 0
11:0 Sync 0
11:0 Async 0
11:0 Total 0
253:0 Read 3104481280
253:0 Write 2531328
253:0 Sync 196608
253:0 Async 3106816000
253:0 Total 3107012608
Total 3107012608
--------------------CPUAC-----------------------
user 2260
system 1882
 
--------------------MEMCG-----------------------
MEM ONLY  : 953 MB
MEM+SWAP  : 953 MB
cache 740810752
rss 259067904
rss_huge 0
mapped_file 2883584
writeback 0
swap 0
pgpgin 1594785
pgpgout 1350674
pgfault 246526
pgmajfault 544
inactive_anon 129646592
active_anon 129490944
inactive_file 370548736
active_file 370167808
unevictable 4096
hierarchical_memory_limit 999997440
hierarchical_memsw_limit 9223372036854771712
total_cache 740810752
total_rss 259067904
total_rss_huge 0
total_mapped_file 2883584
total_writeback 0
total_swap 0
total_pgpgin 1594785
total_pgpgout 1350674
total_pgfault 246526
total_pgmajfault 544
total_inactive_anon 129646592
total_active_anon 129490944
total_inactive_file 370548736
total_active_file 370167808
total_unevictable 4096
--------------------BLKIO-----------------------
11:0 Read 0
11:0 Write 0
11:0 Sync 0
11:0 Async 0
11:0 Total 0
253:0 Read 3140079616
253:0 Write 2547712
253:0 Sync 196608
253:0 Async 3142430720
253:0 Total 3142627328
Total 3142627328
--------------------CPUAC-----------------------
user 2292
system 1911
 
--------------------MEMCG-----------------------
MEM ONLY  : 953 MB
MEM+SWAP  : 953 MB
cache 740864000
rss 259084288
rss_huge 0
mapped_file 2883584
writeback 0
swap 0
pgpgin 1617699
pgpgout 1373571
pgfault 246604
pgmajfault 544
inactive_anon 129728512
active_anon 129425408
inactive_file 370601984
active_file 370188288
unevictable 4096
hierarchical_memory_limit 999997440
hierarchical_memsw_limit 9223372036854771712
total_cache 740864000
total_rss 259084288
total_rss_huge 0
total_mapped_file 2883584
total_writeback 0
total_swap 0
total_pgpgin 1617699
total_pgpgout 1373571
total_pgfault 246604
total_pgmajfault 544
total_inactive_anon 129728512
total_active_anon 129425408
total_inactive_file 370601984
total_active_file 370188288
total_unevictable 4096
--------------------BLKIO-----------------------
11:0 Read 0
11:0 Write 0
11:0 Sync 0
11:0 Async 0
11:0 Total 0
253:0 Read 3175153664
253:0 Write 2564096
253:0 Sync 196608
253:0 Async 3177521152
253:0 Total 3177717760
Total 3177717760
--------------------CPUAC-----------------------
user 2325
system 1940
 
--------------------MEMCG-----------------------
MEM ONLY  : 953 MB
MEM+SWAP  : 953 MB
cache 740139008
rss 259772416
rss_huge 0
mapped_file 2883584
writeback 0
swap 0
pgpgin 1641235
pgpgout 1397116
pgfault 246816
pgmajfault 544
inactive_anon 130121728
active_anon 129720320
inactive_file 370085888
active_file 369979392
unevictable 4096
hierarchical_memory_limit 999997440
hierarchical_memsw_limit 9223372036854771712
total_cache 740139008
total_rss 259772416
total_rss_huge 0
total_mapped_file 2883584
total_writeback 0
total_swap 0
total_pgpgin 1641235
total_pgpgout 1397116
total_pgfault 246816
total_pgmajfault 544
total_inactive_anon 130121728
total_active_anon 129720320
total_inactive_file 370085888
total_active_file 369979392
total_unevictable 4096
--------------------BLKIO-----------------------
11:0 Read 0
11:0 Write 0
11:0 Sync 0
11:0 Async 0
11:0 Total 0
253:0 Read 3209580544
253:0 Write 2584576
253:0 Sync 196608
253:0 Async 3211968512
253:0 Total 3212165120
Total 3212165120
--------------------CPUAC-----------------------
user 2365
system 1969
 
--------------------MEMCG-----------------------
MEM ONLY  : 953 MB
MEM+SWAP  : 953 MB
cache 740020224
rss 259772416
rss_huge 0
mapped_file 2883584
writeback 0
swap 0
pgpgin 1664413
pgpgout 1420323
pgfault 246853
pgmajfault 544
inactive_anon 130121728
active_anon 129720320
inactive_file 370163712
active_file 369741824
unevictable 4096
hierarchical_memory_limit 999997440
hierarchical_memsw_limit 9223372036854771712
total_cache 740020224
total_rss 259772416
total_rss_huge 0
total_mapped_file 2883584
total_writeback 0
total_swap 0
total_pgpgin 1664413
total_pgpgout 1420323
total_pgfault 246853
total_pgmajfault 544
total_inactive_anon 130121728
total_active_anon 129720320
total_inactive_file 370163712
total_active_file 369741824
total_unevictable 4096
--------------------BLKIO-----------------------
11:0 Read 0
11:0 Write 0
11:0 Sync 0
11:0 Async 0
11:0 Total 0
253:0 Read 3243683840
253:0 Write 2605056
253:0 Sync 196608
253:0 Async 3246092288
253:0 Total 3246288896
Total 3246288896
--------------------CPUAC-----------------------
user 2403
system 1993
 
--------------------MEMCG-----------------------
MEM ONLY  : 953 MB
MEM+SWAP  : 953 MB
cache 740040704
rss 259772416
rss_huge 0
mapped_file 2883584
writeback 0
swap 0
pgpgin 1686508
pgpgout 1442413
pgfault 246891
pgmajfault 544
inactive_anon 130121728
active_anon 129720320
inactive_file 370077696
active_file 369885184
unevictable 4096
hierarchical_memory_limit 999997440
hierarchical_memsw_limit 9223372036854771712
total_cache 740040704
total_rss 259772416
total_rss_huge 0
total_mapped_file 2883584
total_writeback 0
total_swap 0
total_pgpgin 1686508
total_pgpgout 1442413
total_pgfault 246891
total_pgmajfault 544
total_inactive_anon 130121728
total_active_anon 129720320
total_inactive_file 370077696
total_active_file 369885184
total_unevictable 4096
--------------------BLKIO-----------------------
11:0 Read 0
11:0 Write 0
11:0 Sync 0
11:0 Async 0
11:0 Total 0
253:0 Read 3277553664
253:0 Write 2625536
253:0 Sync 196608
253:0 Async 3279982592
253:0 Total 3280179200
Total 3280179200
--------------------CPUAC-----------------------
user 2435
system 2021
 
--------------------MEMCG-----------------------
MEM ONLY  : 953 MB
MEM+SWAP  : 953 MB
cache 740020224
rss 259805184
rss_huge 0
mapped_file 2883584
writeback 0
swap 0
pgpgin 1709110
pgpgout 1465012
pgfault 246929
pgmajfault 544
inactive_anon 130121728
active_anon 129753088
inactive_file 370057216
active_file 369889280
unevictable 4096
hierarchical_memory_limit 999997440
hierarchical_memsw_limit 9223372036854771712
total_cache 740020224
total_rss 259805184
total_rss_huge 0
total_mapped_file 2883584
total_writeback 0
total_swap 0
total_pgpgin 1709110
total_pgpgout 1465012
total_pgfault 246929
total_pgmajfault 544
total_inactive_anon 130121728
total_active_anon 129753088
total_inactive_file 370057216
total_active_file 369889280
total_unevictable 4096
--------------------BLKIO-----------------------
11:0 Read 0
11:0 Write 0
11:0 Sync 0
11:0 Async 0
11:0 Total 0
253:0 Read 3312422912
253:0 Write 2646016
253:0 Sync 196608
253:0 Async 3314872320
253:0 Total 3315068928
Total 3315068928
--------------------CPUAC-----------------------
user 2464
system 2053
 
--------------------MEMCG-----------------------
MEM ONLY  : 953 MB
MEM+SWAP  : 953 MB
cache 739958784
rss 259895296
rss_huge 0
mapped_file 2883584
writeback 0
swap 0
pgpgin 1732315
pgpgout 1488210
pgfault 246996
pgmajfault 544
inactive_anon 130121728
active_anon 129843200
inactive_file 370262016
active_file 369623040
unevictable 4096
hierarchical_memory_limit 999997440
hierarchical_memsw_limit 9223372036854771712
total_cache 739958784
total_rss 259895296
total_rss_huge 0
total_mapped_file 2883584
total_writeback 0
total_swap 0
total_pgpgin 1732315
total_pgpgout 1488210
total_pgfault 246996
total_pgmajfault 544
total_inactive_anon 130121728
total_active_anon 129843200
total_inactive_file 370262016
total_active_file 369623040
total_unevictable 4096
--------------------BLKIO-----------------------
11:0 Read 0
11:0 Write 0
11:0 Sync 0
11:0 Async 0
11:0 Total 0
253:0 Read 3347132416
253:0 Write 2666496
253:0 Sync 196608
253:0 Async 3349602304
253:0 Total 3349798912
Total 3349798912
--------------------CPUAC-----------------------
user 2498
system 2078
 
--------------------MEMCG-----------------------
MEM ONLY  : 953 MB
MEM+SWAP  : 953 MB
cache 739893248
rss 259944448
rss_huge 0
mapped_file 2883584
writeback 0
swap 0
pgpgin 1754017
pgpgout 1509916
pgfault 247073
pgmajfault 544
inactive_anon 130252800
active_anon 129761280
inactive_file 370077696
active_file 369713152
unevictable 4096
hierarchical_memory_limit 999997440
hierarchical_memsw_limit 9223372036854771712
total_cache 739893248
total_rss 259944448
total_rss_huge 0
total_mapped_file 2883584
total_writeback 0
total_swap 0
total_pgpgin 1754017
total_pgpgout 1509916
total_pgfault 247073
total_pgmajfault 544
total_inactive_anon 130252800
total_active_anon 129761280
total_inactive_file 370077696
total_active_file 369713152
total_unevictable 4096
--------------------BLKIO-----------------------
11:0 Read 0
11:0 Write 0
11:0 Sync 0
11:0 Async 0
11:0 Total 0
253:0 Read 3381637120
253:0 Write 2691072
253:0 Sync 196608
253:0 Async 3384131584
253:0 Total 3384328192
Total 3384328192
--------------------CPUAC-----------------------
user 2533
system 2101
 
--------------------MEMCG-----------------------
MEM ONLY  : 953 MB
MEM+SWAP  : 953 MB
cache 739745792
rss 260243456
rss_huge 0
mapped_file 2883584
writeback 0
swap 0
pgpgin 1776937
pgpgout 1532799
pgfault 247176
pgmajfault 544
inactive_anon 130252800
active_anon 130060288
inactive_file 369926144
active_file 369729536
unevictable 4096
hierarchical_memory_limit 999997440
hierarchical_memsw_limit 9223372036854771712
total_cache 739745792
total_rss 260243456
total_rss_huge 0
total_mapped_file 2883584
total_writeback 0
total_swap 0
total_pgpgin 1776937
total_pgpgout 1532799
total_pgfault 247176
total_pgmajfault 544
total_inactive_anon 130252800
total_active_anon 130060288
total_inactive_file 369926144
total_active_file 369729536
total_unevictable 4096
--------------------BLKIO-----------------------
11:0 Read 0
11:0 Write 0
11:0 Sync 0
11:0 Async 0
11:0 Total 0
253:0 Read 3416248320
253:0 Write 2715648
253:0 Sync 196608
253:0 Async 3418767360
253:0 Total 3418963968
Total 3418963968
--------------------CPUAC-----------------------
user 2561
system 2132
 
--------------------MEMCG-----------------------
MEM ONLY  : 953 MB
MEM+SWAP  : 953 MB
cache 738373632
rss 261488640
rss_huge 0
mapped_file 2883584
writeback 0
swap 0
pgpgin 1800560
pgpgout 1556453
pgfault 247510
pgmajfault 544
inactive_anon 130908160
active_anon 130650112
inactive_file 369397760
active_file 368848896
unevictable 4096
hierarchical_memory_limit 999997440
hierarchical_memsw_limit 9223372036854771712
total_cache 738373632
total_rss 261488640
total_rss_huge 0
total_mapped_file 2883584
total_writeback 0
total_swap 0
total_pgpgin 1800560
total_pgpgout 1556453
total_pgfault 247510
total_pgmajfault 544
total_inactive_anon 130908160
total_active_anon 130650112
total_inactive_file 369397760
total_active_file 368848896
total_unevictable 4096
--------------------BLKIO-----------------------
11:0 Read 0
11:0 Write 0
11:0 Sync 0
11:0 Async 0
11:0 Total 0
253:0 Read 3450937344
253:0 Write 2740224
253:0 Sync 196608
253:0 Async 3453480960
253:0 Total 3453677568
Total 3453677568
--------------------CPUAC-----------------------
user 2596
system 2163
 
--------------------MEMCG-----------------------
MEM ONLY  : 953 MB
MEM+SWAP  : 953 MB
cache 738566144
rss 261427200
rss_huge 0
mapped_file 2883584
writeback 0
swap 0
pgpgin 1823792
pgpgout 1579653
pgfault 247540
pgmajfault 544
inactive_anon 130867200
active_anon 130629632
inactive_file 369512448
active_file 368979968
unevictable 4096
hierarchical_memory_limit 999997440
hierarchical_memsw_limit 9223372036854771712
total_cache 738566144
total_rss 261427200
total_rss_huge 0
total_mapped_file 2883584
total_writeback 0
total_swap 0
total_pgpgin 1823792
total_pgpgout 1579653
total_pgfault 247540
total_pgmajfault 544
total_inactive_anon 130867200
total_active_anon 130629632
total_inactive_file 369512448
total_active_file 368979968
total_unevictable 4096
--------------------BLKIO-----------------------
11:0 Read 0
11:0 Write 0
11:0 Sync 0
11:0 Async 0
11:0 Total 0
253:0 Read 3485130752
253:0 Write 2764800
253:0 Sync 196608
253:0 Async 3487698944
253:0 Total 3487895552
Total 3487895552
--------------------CPUAC-----------------------
user 2636
system 2190
 
--------------------MEMCG-----------------------
MEM ONLY  : 953 MB
MEM+SWAP  : 953 MB
cache 738660352
rss 261255168
rss_huge 0
mapped_file 2883584
writeback 0
swap 0
pgpgin 1846106
pgpgout 1601986
pgfault 247624
pgmajfault 544
inactive_anon 130756608
active_anon 130568192
inactive_file 369635328
active_file 368951296
unevictable 4096
hierarchical_memory_limit 999997440
hierarchical_memsw_limit 9223372036854771712
total_cache 738660352
total_rss 261255168
total_rss_huge 0
total_mapped_file 2883584
total_writeback 0
total_swap 0
total_pgpgin 1846106
total_pgpgout 1601986
total_pgfault 247624
total_pgmajfault 544
total_inactive_anon 130756608
total_active_anon 130568192
total_inactive_file 369635328
total_active_file 368951296
total_unevictable 4096
--------------------BLKIO-----------------------
11:0 Read 0
11:0 Write 0
11:0 Sync 0
11:0 Async 0
11:0 Total 0
253:0 Read 3519856640
253:0 Write 2793472
253:0 Sync 196608
253:0 Async 3522453504
253:0 Total 3522650112
Total 3522650112
--------------------CPUAC-----------------------
user 2665
system 2216
 
--------------------MEMCG-----------------------
MEM ONLY  : 953 MB
MEM+SWAP  : 953 MB
cache 738693120
rss 261230592
rss_huge 0
mapped_file 2883584
writeback 0
swap 0
pgpgin 1867926
pgpgout 1623804
pgfault 247726
pgmajfault 544
inactive_anon 130887680
active_anon 130412544
inactive_file 369532928
active_file 369078272
unevictable 4096
hierarchical_memory_limit 999997440
hierarchical_memsw_limit 9223372036854771712
total_cache 738693120
total_rss 261230592
total_rss_huge 0
total_mapped_file 2883584
total_writeback 0
total_swap 0
total_pgpgin 1867926
total_pgpgout 1623804
total_pgfault 247726
total_pgmajfault 544
total_inactive_anon 130887680
total_active_anon 130412544
total_inactive_file 369532928
total_active_file 369078272
total_unevictable 4096
--------------------BLKIO-----------------------
11:0 Read 0
11:0 Write 0
11:0 Sync 0
11:0 Async 0
11:0 Total 0
253:0 Read 3554537472
253:0 Write 2822144
253:0 Sync 196608
253:0 Async 3557163008
253:0 Total 3557359616
Total 3557359616
--------------------CPUAC-----------------------
user 2697
system 2244
 
--------------------MEMCG-----------------------
MEM ONLY  : 953 MB
MEM+SWAP  : 953 MB
cache 739209216
rss 260718592
rss_huge 0
mapped_file 2883584
writeback 0
swap 0
pgpgin 1891067
pgpgout 1646944
pgfault 247756
pgmajfault 544
inactive_anon 130887680
active_anon 129900544
inactive_file 369659904
active_file 369459200
unevictable 4096
hierarchical_memory_limit 999997440
hierarchical_memsw_limit 9223372036854771712
total_cache 739209216
total_rss 260718592
total_rss_huge 0
total_mapped_file 2883584
total_writeback 0
total_swap 0
total_pgpgin 1891067
total_pgpgout 1646944
total_pgfault 247756
total_pgmajfault 544
total_inactive_anon 130887680
total_active_anon 129900544
total_inactive_file 369659904
total_active_file 369459200
total_unevictable 4096
--------------------BLKIO-----------------------
11:0 Read 0
11:0 Write 0
11:0 Sync 0
11:0 Async 0
11:0 Total 0
253:0 Read 3589402624
253:0 Write 2850816
253:0 Sync 196608
253:0 Async 3592056832
253:0 Total 3592253440
Total 3592253440
--------------------CPUAC-----------------------
user 2730
system 2273
 
--------------------MEMCG-----------------------
MEM ONLY  : 953 MB
MEM+SWAP  : 953 MB
cache 739069952
rss 260775936
rss_huge 0
mapped_file 2883584
writeback 0
swap 0
pgpgin 1913730
pgpgout 1669627
pgfault 247800
pgmajfault 544
inactive_anon 130887680
active_anon 129957888
inactive_file 369549312
active_file 369410048
unevictable 4096
hierarchical_memory_limit 999997440
hierarchical_memsw_limit 9223372036854771712
total_cache 739069952
total_rss 260775936
total_rss_huge 0
total_mapped_file 2883584
total_writeback 0
total_swap 0
total_pgpgin 1913730
total_pgpgout 1669627
total_pgfault 247800
total_pgmajfault 544
total_inactive_anon 130887680
total_active_anon 129957888
total_inactive_file 369549312
total_active_file 369410048
total_unevictable 4096
--------------------BLKIO-----------------------
11:0 Read 0
11:0 Write 0
11:0 Sync 0
11:0 Async 0
11:0 Total 0
253:0 Read 3623464960
253:0 Write 2879488
253:0 Sync 196608
253:0 Async 3626147840
253:0 Total 3626344448
Total 3626344448
--------------------CPUAC-----------------------
user 2766
system 2304
 
--------------------MEMCG-----------------------
MEM ONLY  : 953 MB
MEM+SWAP  : 953 MB
cache 738934784
rss 260890624
rss_huge 0
mapped_file 2945024
writeback 0
swap 0
pgpgin 1936584
pgpgout 1692486
pgfault 247860
pgmajfault 545
inactive_anon 130887680
active_anon 130072576
inactive_file 369508352
active_file 369352704
unevictable 4096
hierarchical_memory_limit 999997440
hierarchical_memsw_limit 9223372036854771712
total_cache 738934784
total_rss 260890624
total_rss_huge 0
total_mapped_file 2945024
total_writeback 0
total_swap 0
total_pgpgin 1936584
total_pgpgout 1692486
total_pgfault 247860
total_pgmajfault 545
total_inactive_anon 130887680
total_active_anon 130072576
total_inactive_file 369508352
total_active_file 369352704
total_unevictable 4096
--------------------BLKIO-----------------------
11:0 Read 0
11:0 Write 0
11:0 Sync 0
11:0 Async 0
11:0 Total 0
253:0 Read 3657814016
253:0 Write 2912256
253:0 Sync 196608
253:0 Async 3660529664
253:0 Total 3660726272
Total 3660726272
--------------------CPUAC-----------------------
user 2796
system 2332
 
--------------------MEMCG-----------------------
MEM ONLY  : 953 MB
MEM+SWAP  : 953 MB
cache 738586624
rss 261271552
rss_huge 0
mapped_file 2945024
writeback 0
swap 0
pgpgin 1959929
pgpgout 1715823
pgfault 248035
pgmajfault 545
inactive_anon 130805760
active_anon 130535424
inactive_file 369299456
active_file 369164288
unevictable 4096
hierarchical_memory_limit 999997440
hierarchical_memsw_limit 9223372036854771712
total_cache 738586624
total_rss 261271552
total_rss_huge 0
total_mapped_file 2945024
total_writeback 0
total_swap 0
total_pgpgin 1959929
total_pgpgout 1715823
total_pgfault 248035
total_pgmajfault 545
total_inactive_anon 130805760
total_active_anon 130535424
total_inactive_file 369299456
total_active_file 369164288
total_unevictable 4096
--------------------BLKIO-----------------------
11:0 Read 0
11:0 Write 0
11:0 Sync 0
11:0 Async 0
11:0 Total 0
253:0 Read 3693170688
253:0 Write 2945024
253:0 Sync 196608
253:0 Async 3695919104
253:0 Total 3696115712
Total 3696115712
--------------------CPUAC-----------------------
user 2824
system 2365
 
--------------------MEMCG-----------------------
MEM ONLY  : 953 MB
MEM+SWAP  : 953 MB
cache 738672640
rss 261267456
rss_huge 0
mapped_file 2945024
writeback 0
swap 0
pgpgin 1981700
pgpgout 1737574
pgfault 248167
pgmajfault 545
inactive_anon 130834432
active_anon 130502656
inactive_file 369537024
active_file 369033216
unevictable 4096
hierarchical_memory_limit 999997440
hierarchical_memsw_limit 9223372036854771712
total_cache 738672640
total_rss 261267456
total_rss_huge 0
total_mapped_file 2945024
total_writeback 0
total_swap 0
total_pgpgin 1981700
total_pgpgout 1737574
total_pgfault 248167
total_pgmajfault 545
total_inactive_anon 130834432
total_active_anon 130502656
total_inactive_file 369537024
total_active_file 369033216
total_unevictable 4096
--------------------BLKIO-----------------------
11:0 Read 0
11:0 Write 0
11:0 Sync 0
11:0 Async 0
11:0 Total 0
253:0 Read 3727646720
253:0 Write 2977792
253:0 Sync 196608
253:0 Async 3730427904
253:0 Total 3730624512
Total 3730624512
--------------------CPUAC-----------------------
user 2853
system 2390
 
--------------------MEMCG-----------------------
MEM ONLY  : 953 MB
MEM+SWAP  : 953 MB
cache 738889728
rss 261095424
rss_huge 0
mapped_file 2936832
writeback 0
swap 0
pgpgin 2004642
pgpgout 1760505
pgfault 248232
pgmajfault 545
inactive_anon 130662400
active_anon 130502656
inactive_file 369758208
active_file 369053696
unevictable 4096
hierarchical_memory_limit 999997440
hierarchical_memsw_limit 9223372036854771712
total_cache 738889728
total_rss 261095424
total_rss_huge 0
total_mapped_file 2936832
total_writeback 0
total_swap 0
total_pgpgin 2004642
total_pgpgout 1760505
total_pgfault 248232
total_pgmajfault 545
total_inactive_anon 130662400
total_active_anon 130502656
total_inactive_file 369758208
total_active_file 369053696
total_unevictable 4096
--------------------BLKIO-----------------------
11:0 Read 0
11:0 Write 0
11:0 Sync 0
11:0 Async 0
11:0 Total 0
253:0 Read 3762401280
253:0 Write 3010560
253:0 Sync 196608
253:0 Async 3765215232
253:0 Total 3765411840
Total 3765411840
--------------------CPUAC-----------------------
user 2887
system 2420
 
--------------------MEMCG-----------------------
MEM ONLY  : 953 MB
MEM+SWAP  : 953 MB
cache 738955264
rss 260980736
rss_huge 0
mapped_file 2936832
writeback 0
swap 0
pgpgin 2028120
pgpgout 1783995
pgfault 248339
pgmajfault 545
inactive_anon 130793472
active_anon 130256896
inactive_file 369553408
active_file 369328128
unevictable 4096
hierarchical_memory_limit 999997440
hierarchical_memsw_limit 9223372036854771712
total_cache 738955264
total_rss 260980736
total_rss_huge 0
total_mapped_file 2936832
total_writeback 0
total_swap 0
total_pgpgin 2028120
total_pgpgout 1783995
total_pgfault 248339
total_pgmajfault 545
total_inactive_anon 130793472
total_active_anon 130256896
total_inactive_file 369553408
total_active_file 369328128
total_unevictable 4096
--------------------BLKIO-----------------------
11:0 Read 0
11:0 Write 0
11:0 Sync 0
11:0 Async 0
11:0 Total 0
253:0 Read 3797581824
253:0 Write 3043328
253:0 Sync 196608
253:0 Async 3800428544
253:0 Total 3800625152
Total 3800625152
--------------------CPUAC-----------------------
user 2918
system 2445
 
--------------------MEMCG-----------------------
MEM ONLY  : 953 MB
MEM+SWAP  : 953 MB
cache 738938880
rss 260980736
rss_huge 0
mapped_file 2936832
writeback 0
swap 0
pgpgin 2049695
pgpgout 1805574
pgfault 248369
pgmajfault 545
inactive_anon 130793472
active_anon 130256896
inactive_file 369602560
active_file 369221632
unevictable 4096
hierarchical_memory_limit 999997440
hierarchical_memsw_limit 9223372036854771712
total_cache 738938880
total_rss 260980736
total_rss_huge 0
total_mapped_file 2936832
total_writeback 0
total_swap 0
total_pgpgin 2049695
total_pgpgout 1805574
total_pgfault 248369
total_pgmajfault 545
total_inactive_anon 130793472
total_active_anon 130256896
total_inactive_file 369602560
total_active_file 369221632
total_unevictable 4096
--------------------BLKIO-----------------------
11:0 Read 0
11:0 Write 0
11:0 Sync 0
11:0 Async 0
11:0 Total 0
253:0 Read 3831836672
253:0 Write 3080192
253:0 Sync 196608
253:0 Async 3834720256
253:0 Total 3834916864
Total 3834916864
--------------------CPUAC-----------------------
user 2954
system 2473
 
--------------------MEMCG-----------------------
MEM ONLY  : 953 MB
MEM+SWAP  : 953 MB
cache 737660928
rss 262156288
rss_huge 0
mapped_file 2936832
writeback 0
swap 0
pgpgin 2072288
pgpgout 1828192
pgfault 248686
pgmajfault 545
inactive_anon 131317760
active_anon 130908160
inactive_file 368947200
active_file 368615424
unevictable 4096
hierarchical_memory_limit 999997440
hierarchical_memsw_limit 9223372036854771712
total_cache 737660928
total_rss 262156288
total_rss_huge 0
total_mapped_file 2936832
total_writeback 0
total_swap 0
total_pgpgin 2072288
total_pgpgout 1828192
total_pgfault 248686
total_pgmajfault 545
total_inactive_anon 131317760
total_active_anon 130908160
total_inactive_file 368947200
total_active_file 368615424
total_unevictable 4096
--------------------BLKIO-----------------------
11:0 Read 0
11:0 Write 0
11:0 Sync 0
11:0 Async 0
11:0 Total 0
253:0 Read 3865837568
253:0 Write 3117056
253:0 Sync 196608
253:0 Async 3868758016
253:0 Total 3868954624
Total 3868954624
--------------------CPUAC-----------------------
user 2987
system 2501
 
--------------------MEMCG-----------------------
MEM ONLY  : 953 MB
MEM+SWAP  : 953 MB
cache 736804864
rss 262967296
rss_huge 0
mapped_file 2945024
writeback 0
swap 0
pgpgin 2094667
pgpgout 1850582
pgfault 248935
pgmajfault 546
inactive_anon 131710976
active_anon 131325952
inactive_file 368463872
active_file 368246784
unevictable 4096
hierarchical_memory_limit 999997440
hierarchical_memsw_limit 9223372036854771712
total_cache 736804864
total_rss 262967296
total_rss_huge 0
total_mapped_file 2945024
total_writeback 0
total_swap 0
total_pgpgin 2094667
total_pgpgout 1850582
total_pgfault 248935
total_pgmajfault 546
total_inactive_anon 131710976
total_active_anon 131325952
total_inactive_file 368463872
total_active_file 368246784
total_unevictable 4096
--------------------BLKIO-----------------------
11:0 Read 0
11:0 Write 0
11:0 Sync 0
11:0 Async 0
11:0 Total 0
253:0 Read 3899969536
253:0 Write 3117056
253:0 Sync 196608
253:0 Async 3902889984
253:0 Total 3903086592
Total 3903086592
--------------------CPUAC-----------------------
user 3020
system 2530
 
--------------------MEMCG-----------------------
MEM ONLY  : 953 MB
MEM+SWAP  : 953 MB
cache 737021952
rss 262967296
rss_huge 0
mapped_file 2945024
writeback 0
swap 0
pgpgin 2117606
pgpgout 1873468
pgfault 248965
pgmajfault 546
inactive_anon 131710976
active_anon 131325952
inactive_file 368701440
active_file 368238592
unevictable 4096
hierarchical_memory_limit 999997440
hierarchical_memsw_limit 9223372036854771712
total_cache 737021952
total_rss 262967296
total_rss_huge 0
total_mapped_file 2945024
total_writeback 0
total_swap 0
total_pgpgin 2117606
total_pgpgout 1873468
total_pgfault 248965
total_pgmajfault 546
total_inactive_anon 131710976
total_active_anon 131325952
total_inactive_file 368701440
total_active_file 368238592
total_unevictable 4096
--------------------BLKIO-----------------------
11:0 Read 0
11:0 Write 0
11:0 Sync 0
11:0 Async 0
11:0 Total 0
253:0 Read 3934466048
253:0 Write 3117056
253:0 Sync 196608
253:0 Async 3937386496
253:0 Total 3937583104
Total 3937583104
--------------------CPUAC-----------------------
user 3055
system 2559
 
--------------------MEMCG-----------------------
MEM ONLY  : 953 MB
MEM+SWAP  : 953 MB
cache 736841728
rss 262967296
rss_huge 0
mapped_file 2945024
writeback 0
swap 0
pgpgin 2140865
pgpgout 1896771
pgfault 248995
pgmajfault 546
inactive_anon 131710976
active_anon 131325952
inactive_file 368422912
active_file 368287744
unevictable 4096
hierarchical_memory_limit 999997440
hierarchical_memsw_limit 9223372036854771712
total_cache 736841728
total_rss 262967296
total_rss_huge 0
total_mapped_file 2945024
total_writeback 0
total_swap 0
total_pgpgin 2140865
total_pgpgout 1896771
total_pgfault 248995
total_pgmajfault 546
total_inactive_anon 131710976
total_active_anon 131325952
total_inactive_file 368422912
total_active_file 368287744
total_unevictable 4096
--------------------BLKIO-----------------------
11:0 Read 0
11:0 Write 0
11:0 Sync 0
11:0 Async 0
11:0 Total 0
253:0 Read 3969871872
253:0 Write 3129344
253:0 Sync 196608
253:0 Async 3972804608
253:0 Total 3973001216
Total 3973001216
--------------------CPUAC-----------------------
user 3089
system 2585
 
--------------------MEMCG-----------------------
MEM ONLY  : 953 MB
MEM+SWAP  : 953 MB
cache 736911360
rss 262967296
rss_huge 0
mapped_file 2945024
writeback 0
swap 0
pgpgin 2163829
pgpgout 1919718
pgfault 249025
pgmajfault 546
inactive_anon 131710976
active_anon 131325952
inactive_file 368488448
active_file 368300032
unevictable 4096
hierarchical_memory_limit 999997440
hierarchical_memsw_limit 9223372036854771712
total_cache 736911360
total_rss 262967296
total_rss_huge 0
total_mapped_file 2945024
total_writeback 0
total_swap 0
total_pgpgin 2163829
total_pgpgout 1919718
total_pgfault 249025
total_pgmajfault 546
total_inactive_anon 131710976
total_active_anon 131325952
total_inactive_file 368488448
total_active_file 368300032
total_unevictable 4096
--------------------BLKIO-----------------------
11:0 Read 0
11:0 Write 0
11:0 Sync 0
11:0 Async 0
11:0 Total 0
253:0 Read 4004364288
253:0 Write 3141632
253:0 Sync 196608
253:0 Async 4007309312
253:0 Total 4007505920
Total 4007505920
--------------------CPUAC-----------------------
user 3129
system 2606
 
--------------------MEMCG-----------------------
MEM ONLY  : 953 MB
MEM+SWAP  : 953 MB
cache 735920128
rss 263876608
rss_huge 0
mapped_file 2945024
writeback 0
swap 0
pgpgin 2186089
pgpgout 1941998
pgfault 249347
pgmajfault 546
inactive_anon 132046848
active_anon 131899392
inactive_file 368009216
active_file 367792128
unevictable 4096
hierarchical_memory_limit 999997440
hierarchical_memsw_limit 9223372036854771712
total_cache 735920128
total_rss 263876608
total_rss_huge 0
total_mapped_file 2945024
total_writeback 0
total_swap 0
total_pgpgin 2186089
total_pgpgout 1941998
total_pgfault 249347
total_pgmajfault 546
total_inactive_anon 132046848
total_active_anon 131899392
total_inactive_file 368009216
total_active_file 367792128
total_unevictable 4096
--------------------BLKIO-----------------------
11:0 Read 0
11:0 Write 0
11:0 Sync 0
11:0 Async 0
11:0 Total 0
253:0 Read 4037849088
253:0 Write 3153920
253:0 Sync 196608
253:0 Async 4040806400
253:0 Total 4041003008
Total 4041003008
--------------------CPUAC-----------------------
user 3160
system 2636
 
--------------------MEMCG-----------------------
MEM ONLY  : 953 MB
MEM+SWAP  : 953 MB
cache 736100352
rss 263884800
rss_huge 0
mapped_file 2945024
writeback 0
swap 0
pgpgin 2209208
pgpgout 1965071
pgfault 249470
pgmajfault 546
inactive_anon 132182016
active_anon 131772416
inactive_file 368422912
active_file 367599616
unevictable 4096
hierarchical_memory_limit 999997440
hierarchical_memsw_limit 9223372036854771712
total_cache 736100352
total_rss 263884800
total_rss_huge 0
total_mapped_file 2945024
total_writeback 0
total_swap 0
total_pgpgin 2209208
total_pgpgout 1965071
total_pgfault 249470
total_pgmajfault 546
total_inactive_anon 132182016
total_active_anon 131772416
total_inactive_file 368422912
total_active_file 367599616
total_unevictable 4096
--------------------BLKIO-----------------------
11:0 Read 0
11:0 Write 0
11:0 Sync 0
11:0 Async 0
11:0 Total 0
253:0 Read 4072112128
253:0 Write 3166208
253:0 Sync 196608
253:0 Async 4075081728
253:0 Total 4075278336
Total 4075278336
--------------------CPUAC-----------------------
user 3197
system 2664
 
--------------------MEMCG-----------------------
MEM ONLY  : 953 MB
MEM+SWAP  : 953 MB
cache 735109120
rss 264466432
rss_huge 0
mapped_file 6332416
writeback 0
swap 0
pgpgin 2233114
pgpgout 1989077
pgfault 251088
pgmajfault 596
inactive_anon 132685824
active_anon 131846144
inactive_file 366604288
active_file 368427008
unevictable 4096
hierarchical_memory_limit 999997440
hierarchical_memsw_limit 9223372036854771712
total_cache 735109120
total_rss 264466432
total_rss_huge 0
total_mapped_file 6332416
total_writeback 0
total_swap 0
total_pgpgin 2233114
total_pgpgout 1989077
total_pgfault 251088
total_pgmajfault 596
total_inactive_anon 132685824
total_active_anon 131846144
total_inactive_file 366604288
total_active_file 368427008
total_unevictable 4096
--------------------BLKIO-----------------------
11:0 Read 0
11:0 Write 0
11:0 Sync 0
11:0 Async 0
11:0 Total 0
253:0 Read 4110409728
253:0 Write 3182592
253:0 Sync 196608
253:0 Async 4113395712
253:0 Total 4113592320
Total 4113592320
--------------------CPUAC-----------------------
user 3225
system 2690
 
--------------------MEMCG-----------------------
MEM ONLY  : 953 MB
MEM+SWAP  : 953 MB
cache 736256000
rss 263696384
rss_huge 0
mapped_file 4608000
writeback 0
swap 0
pgpgin 2255572
pgpgout 2011443
pgfault 251331
pgmajfault 597
inactive_anon 132685824
active_anon 131080192
inactive_file 368439296
active_file 367742976
unevictable 4096
hierarchical_memory_limit 999997440
hierarchical_memsw_limit 9223372036854771712
total_cache 736256000
total_rss 263696384
total_rss_huge 0
total_mapped_file 4608000
total_writeback 0
total_swap 0
total_pgpgin 2255572
total_pgpgout 2011443
total_pgfault 251331
total_pgmajfault 597
total_inactive_anon 132685824
total_active_anon 131080192
total_inactive_file 368439296
total_active_file 367742976
total_unevictable 4096
--------------------BLKIO-----------------------
11:0 Read 0
11:0 Write 0
11:0 Sync 0
11:0 Async 0
11:0 Total 0
253:0 Read 4145344512
253:0 Write 3198976
253:0 Sync 196608
253:0 Async 4148346880
253:0 Total 4148543488
Total 4148543488
--------------------CPUAC-----------------------
user 3257
system 2714
 
--------------------MEMCG-----------------------
MEM ONLY  : 953 MB
MEM+SWAP  : 953 MB
cache 736575488
rss 263208960
rss_huge 0
mapped_file 4608000
writeback 0
swap 0
pgpgin 2278721
pgpgout 2034633
pgfault 251361
pgmajfault 597
inactive_anon 132685824
active_anon 130592768
inactive_file 368422912
active_file 368046080
unevictable 4096
hierarchical_memory_limit 999997440
hierarchical_memsw_limit 9223372036854771712
total_cache 736575488
total_rss 263208960
total_rss_huge 0
total_mapped_file 4608000
total_writeback 0
total_swap 0
total_pgpgin 2278721
total_pgpgout 2034633
total_pgfault 251361
total_pgmajfault 597
total_inactive_anon 132685824
total_active_anon 130592768
total_inactive_file 368422912
total_active_file 368046080
total_unevictable 4096
--------------------BLKIO-----------------------
11:0 Read 0
11:0 Write 0
11:0 Sync 0
11:0 Async 0
11:0 Total 0
253:0 Read 4180422656
253:0 Write 3215360
253:0 Sync 196608
253:0 Async 4183441408
253:0 Total 4183638016
Total 4183638016
--------------------CPUAC-----------------------
user 3290
system 2748
 
--------------------MEMCG-----------------------
MEM ONLY  : 953 MB
MEM+SWAP  : 953 MB
cache 736915456
rss 263057408
rss_huge 0
mapped_file 4661248
writeback 0
swap 0
pgpgin 2301378
pgpgout 2057244
pgfault 251392
pgmajfault 597
inactive_anon 132685824
active_anon 130441216
inactive_file 368582656
active_file 368201728
unevictable 4096
hierarchical_memory_limit 999997440
hierarchical_memsw_limit 9223372036854771712
total_cache 736915456
total_rss 263057408
total_rss_huge 0
total_mapped_file 4661248
total_writeback 0
total_swap 0
total_pgpgin 2301378
total_pgpgout 2057244
total_pgfault 251392
total_pgmajfault 597
total_inactive_anon 132685824
total_active_anon 130441216
total_inactive_file 368582656
total_active_file 368201728
total_unevictable 4096
--------------------BLKIO-----------------------
11:0 Read 0
11:0 Write 0
11:0 Sync 0
11:0 Async 0
11:0 Total 0
253:0 Read 4214788096
253:0 Write 3231744
253:0 Sync 196608
253:0 Async 4217823232
253:0 Total 4218019840
Total 4218019840
--------------------CPUAC-----------------------
user 3325
system 2771
 
--------------------MEMCG-----------------------
MEM ONLY  : 953 MB
MEM+SWAP  : 953 MB
cache 737140736
rss 262684672
rss_huge 0
mapped_file 4661248
writeback 0
swap 0
pgpgin 2323586
pgpgout 2079488
pgfault 251422
pgmajfault 597
inactive_anon 132685824
active_anon 130068480
inactive_file 368586752
active_file 368480256
unevictable 4096
hierarchical_memory_limit 999997440
hierarchical_memsw_limit 9223372036854771712
total_cache 737140736
total_rss 262684672
total_rss_huge 0
total_mapped_file 4661248
total_writeback 0
total_swap 0
total_pgpgin 2323586
total_pgpgout 2079488
total_pgfault 251422
total_pgmajfault 597
total_inactive_anon 132685824
total_active_anon 130068480
total_inactive_file 368586752
total_active_file 368480256
total_unevictable 4096
--------------------BLKIO-----------------------
11:0 Read 0
11:0 Write 0
11:0 Sync 0
11:0 Async 0
11:0 Total 0
253:0 Read 4248940544
253:0 Write 3252224
253:0 Sync 196608
253:0 Async 4251996160
253:0 Total 4252192768
Total 4252192768
--------------------CPUAC-----------------------
user 3353
system 2801
 
