--------------------MEMCG-----------------------
MEM ONLY  : 556 MB
MEM+SWAP  : 556 MB
cache 327057408
rss 256958464
rss_huge 0
mapped_file 36593664
writeback 0
swap 0
pgpgin 239915
pgpgout 97333
pgfault 239739
pgmajfault 488
inactive_anon 45056
active_anon 256983040
inactive_file 304037888
active_file 22941696
unevictable 4096
hierarchical_memory_limit 999997440
hierarchical_memsw_limit 9223372036854771712
total_cache 327057408
total_rss 256958464
total_rss_huge 0
total_mapped_file 36593664
total_writeback 0
total_swap 0
total_pgpgin 239915
total_pgpgout 97333
total_pgfault 239739
total_pgmajfault 488
total_inactive_anon 45056
total_active_anon 256983040
total_inactive_file 304037888
total_active_file 22941696
total_unevictable 4096
--------------------BLKIO-----------------------
11:0 Read 0
11:0 Write 0
11:0 Sync 0
11:0 Async 0
11:0 Total 0
253:0 Read 326795264
253:0 Write 516096
253:0 Sync 159744
253:0 Async 327151616
253:0 Total 327311360
Total 327311360
--------------------CPUAC-----------------------
user 146
system 174
 
--------------------MEMCG-----------------------
MEM ONLY  : 591 MB
MEM+SWAP  : 591 MB
cache 362237952
rss 257925120
rss_huge 0
mapped_file 36593664
writeback 0
swap 0
pgpgin 248774
pgpgout 97367
pgfault 240005
pgmajfault 488
inactive_anon 45056
active_anon 257949696
inactive_file 335953920
active_file 26185728
unevictable 4096
hierarchical_memory_limit 999997440
hierarchical_memsw_limit 9223372036854771712
total_cache 362237952
total_rss 257925120
total_rss_huge 0
total_mapped_file 36593664
total_writeback 0
total_swap 0
total_pgpgin 248774
total_pgpgout 97367
total_pgfault 240005
total_pgmajfault 488
total_inactive_anon 45056
total_active_anon 257949696
total_inactive_file 335953920
total_active_file 26185728
total_unevictable 4096
--------------------BLKIO-----------------------
11:0 Read 0
11:0 Write 0
11:0 Sync 0
11:0 Async 0
11:0 Total 0
253:0 Read 361975808
253:0 Write 532480
253:0 Sync 159744
253:0 Async 362348544
253:0 Total 362508288
Total 362508288
--------------------CPUAC-----------------------
user 164
system 188
 
--------------------MEMCG-----------------------
MEM ONLY  : 624 MB
MEM+SWAP  : 624 MB
cache 396705792
rss 258158592
rss_huge 0
mapped_file 36593664
writeback 0
swap 0
pgpgin 257309
pgpgout 97430
pgfault 240121
pgmajfault 488
inactive_anon 45056
active_anon 258183168
inactive_file 367599616
active_file 28991488
unevictable 4096
hierarchical_memory_limit 999997440
hierarchical_memsw_limit 9223372036854771712
total_cache 396705792
total_rss 258158592
total_rss_huge 0
total_mapped_file 36593664
total_writeback 0
total_swap 0
total_pgpgin 257309
total_pgpgout 97430
total_pgfault 240121
total_pgmajfault 488
total_inactive_anon 45056
total_active_anon 258183168
total_inactive_file 367599616
total_active_file 28991488
total_unevictable 4096
--------------------BLKIO-----------------------
11:0 Read 0
11:0 Write 0
11:0 Sync 0
11:0 Async 0
11:0 Total 0
253:0 Read 396443648
253:0 Write 548864
253:0 Sync 159744
253:0 Async 396832768
253:0 Total 396992512
Total 396992512
--------------------CPUAC-----------------------
user 180
system 198
 
--------------------MEMCG-----------------------
MEM ONLY  : 657 MB
MEM+SWAP  : 657 MB
cache 431276032
rss 258433024
rss_huge 0
mapped_file 36593664
writeback 0
swap 0
pgpgin 265851
pgpgout 97465
pgfault 240219
pgmajfault 488
inactive_anon 45056
active_anon 258457600
inactive_file 398417920
active_file 32743424
unevictable 4096
hierarchical_memory_limit 999997440
hierarchical_memsw_limit 9223372036854771712
total_cache 431276032
total_rss 258433024
total_rss_huge 0
total_mapped_file 36593664
total_writeback 0
total_swap 0
total_pgpgin 265851
total_pgpgout 97465
total_pgfault 240219
total_pgmajfault 488
total_inactive_anon 45056
total_active_anon 258457600
total_inactive_file 398417920
total_active_file 32743424
total_unevictable 4096
--------------------BLKIO-----------------------
11:0 Read 0
11:0 Write 0
11:0 Sync 0
11:0 Async 0
11:0 Total 0
253:0 Read 431009792
253:0 Write 606208
253:0 Sync 196608
253:0 Async 431419392
253:0 Total 431616000
Total 431616000
--------------------CPUAC-----------------------
user 199
system 208
 
--------------------MEMCG-----------------------
MEM ONLY  : 691 MB
MEM+SWAP  : 691 MB
cache 466939904
rss 258457600
rss_huge 0
mapped_file 36593664
writeback 0
swap 0
pgpgin 274599
pgpgout 97500
pgfault 240255
pgmajfault 488
inactive_anon 45056
active_anon 258482176
inactive_file 431034368
active_file 35831808
unevictable 4096
hierarchical_memory_limit 999997440
hierarchical_memsw_limit 9223372036854771712
total_cache 466939904
total_rss 258457600
total_rss_huge 0
total_mapped_file 36593664
total_writeback 0
total_swap 0
total_pgpgin 274599
total_pgpgout 97500
total_pgfault 240255
total_pgmajfault 488
total_inactive_anon 45056
total_active_anon 258482176
total_inactive_file 431034368
total_active_file 35831808
total_unevictable 4096
--------------------BLKIO-----------------------
11:0 Read 0
11:0 Write 0
11:0 Sync 0
11:0 Async 0
11:0 Total 0
253:0 Read 466702336
253:0 Write 626688
253:0 Sync 196608
253:0 Async 467132416
253:0 Total 467329024
Total 467329024
--------------------CPUAC-----------------------
user 221
system 218
 
--------------------MEMCG-----------------------
MEM ONLY  : 725 MB
MEM+SWAP  : 725 MB
cache 501919744
rss 258457600
rss_huge 0
mapped_file 36593664
writeback 0
swap 0
pgpgin 283174
pgpgout 97535
pgfault 240285
pgmajfault 488
inactive_anon 45056
active_anon 258482176
inactive_file 462995456
active_file 38850560
unevictable 4096
hierarchical_memory_limit 999997440
hierarchical_memsw_limit 9223372036854771712
total_cache 501919744
total_rss 258457600
total_rss_huge 0
total_mapped_file 36593664
total_writeback 0
total_swap 0
total_pgpgin 283174
total_pgpgout 97535
total_pgfault 240285
total_pgmajfault 488
total_inactive_anon 45056
total_active_anon 258482176
total_inactive_file 462995456
total_active_file 38850560
total_unevictable 4096
--------------------BLKIO-----------------------
11:0 Read 0
11:0 Write 0
11:0 Sync 0
11:0 Async 0
11:0 Total 0
253:0 Read 501649408
253:0 Write 647168
253:0 Sync 196608
253:0 Async 502099968
253:0 Total 502296576
Total 502296576
--------------------CPUAC-----------------------
user 240
system 230
 
--------------------MEMCG-----------------------
MEM ONLY  : 759 MB
MEM+SWAP  : 759 MB
cache 538206208
rss 258478080
rss_huge 0
mapped_file 36593664
writeback 0
swap 0
pgpgin 292073
pgpgout 97570
pgfault 240320
pgmajfault 488
inactive_anon 45056
active_anon 258502656
inactive_file 495046656
active_file 43085824
unevictable 4096
hierarchical_memory_limit 999997440
hierarchical_memsw_limit 9223372036854771712
total_cache 538206208
total_rss 258478080
total_rss_huge 0
total_mapped_file 36593664
total_writeback 0
total_swap 0
total_pgpgin 292073
total_pgpgout 97570
total_pgfault 240320
total_pgmajfault 488
total_inactive_anon 45056
total_active_anon 258502656
total_inactive_file 495046656
total_active_file 43085824
total_unevictable 4096
--------------------BLKIO-----------------------
11:0 Read 0
11:0 Write 0
11:0 Sync 0
11:0 Async 0
11:0 Total 0
253:0 Read 537935872
253:0 Write 667648
253:0 Sync 196608
253:0 Async 538406912
253:0 Total 538603520
Total 538603520
--------------------CPUAC-----------------------
user 256
system 242
 
--------------------MEMCG-----------------------
MEM ONLY  : 794 MB
MEM+SWAP  : 794 MB
cache 574074880
rss 258482176
rss_huge 0
mapped_file 36593664
writeback 0
swap 0
pgpgin 300866
pgpgout 97605
pgfault 240351
pgmajfault 488
inactive_anon 45056
active_anon 258506752
inactive_file 526020608
active_file 47955968
unevictable 4096
hierarchical_memory_limit 999997440
hierarchical_memsw_limit 9223372036854771712
total_cache 574074880
total_rss 258482176
total_rss_huge 0
total_mapped_file 36593664
total_writeback 0
total_swap 0
total_pgpgin 300866
total_pgpgout 97605
total_pgfault 240351
total_pgmajfault 488
total_inactive_anon 45056
total_active_anon 258506752
total_inactive_file 526020608
total_active_file 47955968
total_unevictable 4096
--------------------BLKIO-----------------------
11:0 Read 0
11:0 Write 0
11:0 Sync 0
11:0 Async 0
11:0 Total 0
253:0 Read 573800448
253:0 Write 692224
253:0 Sync 196608
253:0 Async 574296064
253:0 Total 574492672
Total 574492672
--------------------CPUAC-----------------------
user 272
system 252
 
--------------------MEMCG-----------------------
MEM ONLY  : 827 MB
MEM+SWAP  : 827 MB
cache 609566720
rss 258490368
rss_huge 0
mapped_file 36593664
writeback 0
swap 0
pgpgin 309569
pgpgout 97641
pgfault 240383
pgmajfault 488
inactive_anon 45056
active_anon 258514944
inactive_file 556617728
active_file 52842496
unevictable 4096
hierarchical_memory_limit 999997440
hierarchical_memsw_limit 9223372036854771712
total_cache 609566720
total_rss 258490368
total_rss_huge 0
total_mapped_file 36593664
total_writeback 0
total_swap 0
total_pgpgin 309569
total_pgpgout 97641
total_pgfault 240383
total_pgmajfault 488
total_inactive_anon 45056
total_active_anon 258514944
total_inactive_file 556617728
total_active_file 52842496
total_unevictable 4096
--------------------BLKIO-----------------------
11:0 Read 0
11:0 Write 0
11:0 Sync 0
11:0 Async 0
11:0 Total 0
253:0 Read 609292288
253:0 Write 716800
253:0 Sync 196608
253:0 Async 609812480
253:0 Total 610009088
Total 610009088
--------------------CPUAC-----------------------
user 285
system 262
 
--------------------MEMCG-----------------------
MEM ONLY  : 863 MB
MEM+SWAP  : 863 MB
cache 646725632
rss 258498560
rss_huge 0
mapped_file 36593664
writeback 0
swap 0
pgpgin 318679
pgpgout 97677
pgfault 240415
pgmajfault 488
inactive_anon 45056
active_anon 258523136
inactive_file 588824576
active_file 57823232
unevictable 4096
hierarchical_memory_limit 999997440
hierarchical_memsw_limit 9223372036854771712
total_cache 646725632
total_rss 258498560
total_rss_huge 0
total_mapped_file 36593664
total_writeback 0
total_swap 0
total_pgpgin 318679
total_pgpgout 97677
total_pgfault 240415
total_pgmajfault 488
total_inactive_anon 45056
total_active_anon 258523136
total_inactive_file 588824576
total_active_file 57823232
total_unevictable 4096
--------------------BLKIO-----------------------
11:0 Read 0
11:0 Write 0
11:0 Sync 0
11:0 Async 0
11:0 Total 0
253:0 Read 646451200
253:0 Write 741376
253:0 Sync 196608
253:0 Async 646995968
253:0 Total 647192576
Total 647192576
--------------------CPUAC-----------------------
user 299
system 272
 
--------------------MEMCG-----------------------
MEM ONLY  : 898 MB
MEM+SWAP  : 898 MB
cache 683909120
rss 258498560
rss_huge 0
mapped_file 36593664
writeback 0
swap 0
pgpgin 327793
pgpgout 97713
pgfault 240445
pgmajfault 488
inactive_anon 45056
active_anon 258523136
inactive_file 620167168
active_file 63668224
unevictable 4096
hierarchical_memory_limit 999997440
hierarchical_memsw_limit 9223372036854771712
total_cache 683909120
total_rss 258498560
total_rss_huge 0
total_mapped_file 36593664
total_writeback 0
total_swap 0
total_pgpgin 327793
total_pgpgout 97713
total_pgfault 240445
total_pgmajfault 488
total_inactive_anon 45056
total_active_anon 258523136
total_inactive_file 620167168
total_active_file 63668224
total_unevictable 4096
--------------------BLKIO-----------------------
11:0 Read 0
11:0 Write 0
11:0 Sync 0
11:0 Async 0
11:0 Total 0
253:0 Read 683634688
253:0 Write 765952
253:0 Sync 196608
253:0 Async 684204032
253:0 Total 684400640
Total 684400640
--------------------CPUAC-----------------------
user 316
system 284
 
--------------------MEMCG-----------------------
MEM ONLY  : 934 MB
MEM+SWAP  : 934 MB
cache 721211392
rss 258412544
rss_huge 0
mapped_file 36593664
writeback 0
swap 0
pgpgin 336943
pgpgout 97777
pgfault 240483
pgmajfault 488
inactive_anon 45056
active_anon 258437120
inactive_file 650358784
active_file 70778880
unevictable 4096
hierarchical_memory_limit 999997440
hierarchical_memsw_limit 9223372036854771712
total_cache 721211392
total_rss 258412544
total_rss_huge 0
total_mapped_file 36593664
total_writeback 0
total_swap 0
total_pgpgin 336943
total_pgpgout 97777
total_pgfault 240483
total_pgmajfault 488
total_inactive_anon 45056
total_active_anon 258437120
total_inactive_file 650358784
total_active_file 70778880
total_unevictable 4096
--------------------BLKIO-----------------------
11:0 Read 0
11:0 Write 0
11:0 Sync 0
11:0 Async 0
11:0 Total 0
253:0 Read 720936960
253:0 Write 790528
253:0 Sync 196608
253:0 Async 721530880
253:0 Total 721727488
Total 721727488
--------------------CPUAC-----------------------
user 336
system 297
 
--------------------MEMCG-----------------------
MEM ONLY  : 953 MB
MEM+SWAP  : 953 MB
cache 741425152
rss 258351104
rss_huge 0
mapped_file 36564992
writeback 0
swap 0
pgpgin 346228
pgpgout 102142
pgfault 240536
pgmajfault 488
inactive_anon 41799680
active_anon 216621056
inactive_file 631152640
active_file 110170112
unevictable 4096
hierarchical_memory_limit 999997440
hierarchical_memsw_limit 9223372036854771712
total_cache 741425152
total_rss 258351104
total_rss_huge 0
total_mapped_file 36564992
total_writeback 0
total_swap 0
total_pgpgin 346228
total_pgpgout 102142
total_pgfault 240536
total_pgmajfault 488
total_inactive_anon 41799680
total_active_anon 216621056
total_inactive_file 631152640
total_active_file 110170112
total_unevictable 4096
--------------------BLKIO-----------------------
11:0 Read 0
11:0 Write 0
11:0 Sync 0
11:0 Async 0
11:0 Total 0
253:0 Read 758722560
253:0 Write 790528
253:0 Sync 196608
253:0 Async 759316480
253:0 Total 759513088
Total 759513088
--------------------CPUAC-----------------------
user 350
system 309
 
--------------------MEMCG-----------------------
MEM ONLY  : 953 MB
MEM+SWAP  : 953 MB
cache 741650432
rss 258248704
rss_huge 0
mapped_file 36564992
writeback 0
swap 0
pgpgin 355262
pgpgout 111146
pgfault 240580
pgmajfault 488
inactive_anon 74301440
active_anon 184016896
inactive_file 622706688
active_file 118820864
unevictable 4096
hierarchical_memory_limit 999997440
hierarchical_memsw_limit 9223372036854771712
total_cache 741650432
total_rss 258248704
total_rss_huge 0
total_mapped_file 36564992
total_writeback 0
total_swap 0
total_pgpgin 355262
total_pgpgout 111146
total_pgfault 240580
total_pgmajfault 488
total_inactive_anon 74301440
total_active_anon 184016896
total_inactive_file 622706688
total_active_file 118820864
total_unevictable 4096
--------------------BLKIO-----------------------
11:0 Read 0
11:0 Write 0
11:0 Sync 0
11:0 Async 0
11:0 Total 0
253:0 Read 795275264
253:0 Write 819200
253:0 Sync 196608
253:0 Async 795897856
253:0 Total 796094464
Total 796094464
--------------------CPUAC-----------------------
user 370
system 324
 
--------------------MEMCG-----------------------
MEM ONLY  : 953 MB
MEM+SWAP  : 953 MB
cache 741740544
rss 258199552
rss_huge 0
mapped_file 36564992
writeback 0
swap 0
pgpgin 364923
pgpgout 120797
pgfault 240626
pgmajfault 488
inactive_anon 109297664
active_anon 148971520
inactive_file 614887424
active_file 126779392
unevictable 4096
hierarchical_memory_limit 999997440
hierarchical_memsw_limit 9223372036854771712
total_cache 741740544
total_rss 258199552
total_rss_huge 0
total_mapped_file 36564992
total_writeback 0
total_swap 0
total_pgpgin 364923
total_pgpgout 120797
total_pgfault 240626
total_pgmajfault 488
total_inactive_anon 109297664
total_active_anon 148971520
total_inactive_file 614887424
total_active_file 126779392
total_unevictable 4096
--------------------BLKIO-----------------------
11:0 Read 0
11:0 Write 0
11:0 Sync 0
11:0 Async 0
11:0 Total 0
253:0 Read 833683456
253:0 Write 847872
253:0 Sync 196608
253:0 Async 834334720
253:0 Total 834531328
Total 834531328
--------------------CPUAC-----------------------
user 392
system 335
 
--------------------MEMCG-----------------------
MEM ONLY  : 953 MB
MEM+SWAP  : 953 MB
cache 741965824
rss 257912832
rss_huge 0
mapped_file 36564992
writeback 0
swap 0
pgpgin 374332
pgpgout 130221
pgfault 240663
pgmajfault 488
inactive_anon 129220608
active_anon 128761856
inactive_file 605954048
active_file 135913472
unevictable 4096
hierarchical_memory_limit 999997440
hierarchical_memsw_limit 9223372036854771712
total_cache 741965824
total_rss 257912832
total_rss_huge 0
total_mapped_file 36564992
total_writeback 0
total_swap 0
total_pgpgin 374332
total_pgpgout 130221
total_pgfault 240663
total_pgmajfault 488
total_inactive_anon 129220608
total_active_anon 128761856
total_inactive_file 605954048
total_active_file 135913472
total_unevictable 4096
--------------------BLKIO-----------------------
11:0 Read 0
11:0 Write 0
11:0 Sync 0
11:0 Async 0
11:0 Total 0
253:0 Read 870653952
253:0 Write 876544
253:0 Sync 196608
253:0 Async 871333888
253:0 Total 871530496
Total 871530496
--------------------CPUAC-----------------------
user 411
system 347
 
--------------------MEMCG-----------------------
MEM ONLY  : 953 MB
MEM+SWAP  : 953 MB
cache 741982208
rss 257921024
rss_huge 0
mapped_file 36564992
writeback 0
swap 0
pgpgin 384165
pgpgout 140048
pgfault 240695
pgmajfault 488
inactive_anon 129220608
active_anon 128770048
inactive_file 594862080
active_file 147046400
unevictable 4096
hierarchical_memory_limit 999997440
hierarchical_memsw_limit 9223372036854771712
total_cache 741982208
total_rss 257921024
total_rss_huge 0
total_mapped_file 36564992
total_writeback 0
total_swap 0
total_pgpgin 384165
total_pgpgout 140048
total_pgfault 240695
total_pgmajfault 488
total_inactive_anon 129220608
total_active_anon 128770048
total_inactive_file 594862080
total_active_file 147046400
total_unevictable 4096
--------------------BLKIO-----------------------
11:0 Read 0
11:0 Write 0
11:0 Sync 0
11:0 Async 0
11:0 Total 0
253:0 Read 908394496
253:0 Write 905216
253:0 Sync 196608
253:0 Async 909103104
253:0 Total 909299712
Total 909299712
--------------------CPUAC-----------------------
user 433
system 360
 
--------------------MEMCG-----------------------
MEM ONLY  : 953 MB
MEM+SWAP  : 953 MB
cache 742318080
rss 257679360
rss_huge 0
mapped_file 36564992
writeback 0
swap 0
pgpgin 394359
pgpgout 150219
pgfault 240770
pgmajfault 488
inactive_anon 129220608
active_anon 128528384
inactive_file 583135232
active_file 159080448
unevictable 4096
hierarchical_memory_limit 999997440
hierarchical_memsw_limit 9223372036854771712
total_cache 742318080
total_rss 257679360
total_rss_huge 0
total_mapped_file 36564992
total_writeback 0
total_swap 0
total_pgpgin 394359
total_pgpgout 150219
total_pgfault 240770
total_pgmajfault 488
total_inactive_anon 129220608
total_active_anon 128528384
total_inactive_file 583135232
total_active_file 159080448
total_unevictable 4096
--------------------BLKIO-----------------------
11:0 Read 0
11:0 Write 0
11:0 Sync 0
11:0 Async 0
11:0 Total 0
253:0 Read 946061312
253:0 Write 937984
253:0 Sync 196608
253:0 Async 946802688
253:0 Total 946999296
Total 946999296
--------------------CPUAC-----------------------
user 450
system 372
 
--------------------MEMCG-----------------------
MEM ONLY  : 953 MB
MEM+SWAP  : 953 MB
cache 742203392
rss 257695744
rss_huge 0
mapped_file 36564992
writeback 0
swap 0
pgpgin 404874
pgpgout 160758
pgfault 240804
pgmajfault 488
inactive_anon 129220608
active_anon 128544768
inactive_file 570159104
active_file 171933696
unevictable 4096
hierarchical_memory_limit 999997440
hierarchical_memsw_limit 9223372036854771712
total_cache 742203392
total_rss 257695744
total_rss_huge 0
total_mapped_file 36564992
total_writeback 0
total_swap 0
total_pgpgin 404874
total_pgpgout 160758
total_pgfault 240804
total_pgmajfault 488
total_inactive_anon 129220608
total_active_anon 128544768
total_inactive_file 570159104
total_active_file 171933696
total_unevictable 4096
--------------------BLKIO-----------------------
11:0 Read 0
11:0 Write 0
11:0 Sync 0
11:0 Async 0
11:0 Total 0
253:0 Read 984678400
253:0 Write 970752
253:0 Sync 196608
253:0 Async 985452544
253:0 Total 985649152
Total 985649152
--------------------CPUAC-----------------------
user 470
system 385
 
--------------------MEMCG-----------------------
MEM ONLY  : 953 MB
MEM+SWAP  : 953 MB
cache 742158336
rss 257712128
rss_huge 0
mapped_file 36564992
writeback 0
swap 0
pgpgin 415124
pgpgout 171015
pgfault 240838
pgmajfault 488
inactive_anon 129220608
active_anon 128561152
inactive_file 557842432
active_file 184238080
unevictable 4096
hierarchical_memory_limit 999997440
hierarchical_memsw_limit 9223372036854771712
total_cache 742158336
total_rss 257712128
total_rss_huge 0
total_mapped_file 36564992
total_writeback 0
total_swap 0
total_pgpgin 415124
total_pgpgout 171015
total_pgfault 240838
total_pgmajfault 488
total_inactive_anon 129220608
total_active_anon 128561152
total_inactive_file 557842432
total_active_file 184238080
total_unevictable 4096
--------------------BLKIO-----------------------
11:0 Read 0
11:0 Write 0
11:0 Sync 0
11:0 Async 0
11:0 Total 0
253:0 Read 1021554688
253:0 Write 1003520
253:0 Sync 196608
253:0 Async 1022361600
253:0 Total 1022558208
Total 1022558208
--------------------CPUAC-----------------------
user 490
system 404
 
--------------------MEMCG-----------------------
MEM ONLY  : 953 MB
MEM+SWAP  : 953 MB
cache 742154240
rss 257716224
rss_huge 0
mapped_file 36564992
writeback 0
swap 0
pgpgin 425850
pgpgout 181741
pgfault 240869
pgmajfault 488
inactive_anon 129220608
active_anon 128565248
inactive_file 546254848
active_file 195825664
unevictable 4096
hierarchical_memory_limit 999997440
hierarchical_memsw_limit 9223372036854771712
total_cache 742154240
total_rss 257716224
total_rss_huge 0
total_mapped_file 36564992
total_writeback 0
total_swap 0
total_pgpgin 425850
total_pgpgout 181741
total_pgfault 240869
total_pgmajfault 488
total_inactive_anon 129220608
total_active_anon 128565248
total_inactive_file 546254848
total_active_file 195825664
total_unevictable 4096
--------------------BLKIO-----------------------
11:0 Read 0
11:0 Write 0
11:0 Sync 0
11:0 Async 0
11:0 Total 0
253:0 Read 1059844096
253:0 Write 1036288
253:0 Sync 196608
253:0 Async 1060683776
253:0 Total 1060880384
Total 1060880384
--------------------CPUAC-----------------------
user 510
system 418
 
--------------------MEMCG-----------------------
MEM ONLY  : 953 MB
MEM+SWAP  : 953 MB
cache 742002688
rss 257724416
rss_huge 0
mapped_file 36564992
writeback 0
swap 0
pgpgin 436790
pgpgout 192716
pgfault 240901
pgmajfault 488
inactive_anon 129220608
active_anon 128573440
inactive_file 533704704
active_file 208216064
unevictable 4096
hierarchical_memory_limit 999997440
hierarchical_memsw_limit 9223372036854771712
total_cache 742002688
total_rss 257724416
total_rss_huge 0
total_mapped_file 36564992
total_writeback 0
total_swap 0
total_pgpgin 436790
total_pgpgout 192716
total_pgfault 240901
total_pgmajfault 488
total_inactive_anon 129220608
total_active_anon 128573440
total_inactive_file 533704704
total_active_file 208216064
total_unevictable 4096
--------------------BLKIO-----------------------
11:0 Read 0
11:0 Write 0
11:0 Sync 0
11:0 Async 0
11:0 Total 0
253:0 Read 1096699904
253:0 Write 1036288
253:0 Sync 196608
253:0 Async 1097539584
253:0 Total 1097736192
Total 1097736192
--------------------CPUAC-----------------------
user 532
system 432
 
--------------------MEMCG-----------------------
MEM ONLY  : 953 MB
MEM+SWAP  : 953 MB
cache 742244352
rss 257728512
rss_huge 0
mapped_file 36564992
writeback 0
swap 0
pgpgin 448250
pgpgout 204116
pgfault 240932
pgmajfault 488
inactive_anon 129220608
active_anon 128577536
inactive_file 520826880
active_file 221298688
unevictable 4096
hierarchical_memory_limit 999997440
hierarchical_memsw_limit 9223372036854771712
total_cache 742244352
total_rss 257728512
total_rss_huge 0
total_mapped_file 36564992
total_writeback 0
total_swap 0
total_pgpgin 448250
total_pgpgout 204116
total_pgfault 240932
total_pgmajfault 488
total_inactive_anon 129220608
total_active_anon 128577536
total_inactive_file 520826880
total_active_file 221298688
total_unevictable 4096
--------------------BLKIO-----------------------
11:0 Read 0
11:0 Write 0
11:0 Sync 0
11:0 Async 0
11:0 Total 0
253:0 Read 1133752320
253:0 Write 1036288
253:0 Sync 196608
253:0 Async 1134592000
253:0 Total 1134788608
Total 1134788608
--------------------CPUAC-----------------------
user 556
system 448
 
--------------------MEMCG-----------------------
MEM ONLY  : 953 MB
MEM+SWAP  : 953 MB
cache 742338560
rss 257593344
rss_huge 0
mapped_file 36564992
writeback 0
swap 0
pgpgin 459967
pgpgout 215843
pgfault 240962
pgmajfault 488
inactive_anon 129220608
active_anon 128442368
inactive_file 508162048
active_file 234102784
unevictable 4096
hierarchical_memory_limit 999997440
hierarchical_memsw_limit 9223372036854771712
total_cache 742338560
total_rss 257593344
total_rss_huge 0
total_mapped_file 36564992
total_writeback 0
total_swap 0
total_pgpgin 459967
total_pgpgout 215843
total_pgfault 240962
total_pgmajfault 488
total_inactive_anon 129220608
total_active_anon 128442368
total_inactive_file 508162048
total_active_file 234102784
total_unevictable 4096
--------------------BLKIO-----------------------
11:0 Read 0
11:0 Write 0
11:0 Sync 0
11:0 Async 0
11:0 Total 0
253:0 Read 1171300352
253:0 Write 1048576
253:0 Sync 196608
253:0 Async 1172152320
253:0 Total 1172348928
Total 1172348928
--------------------CPUAC-----------------------
user 583
system 464
 
--------------------MEMCG-----------------------
MEM ONLY  : 953 MB
MEM+SWAP  : 953 MB
cache 742141952
rss 257593344
rss_huge 0
mapped_file 36564992
writeback 0
swap 0
pgpgin 472183
pgpgout 228107
pgfault 240992
pgmajfault 488
inactive_anon 129220608
active_anon 128442368
inactive_file 494632960
active_file 247422976
unevictable 4096
hierarchical_memory_limit 999997440
hierarchical_memsw_limit 9223372036854771712
total_cache 742141952
total_rss 257593344
total_rss_huge 0
total_mapped_file 36564992
total_writeback 0
total_swap 0
total_pgpgin 472183
total_pgpgout 228107
total_pgfault 240992
total_pgmajfault 488
total_inactive_anon 129220608
total_active_anon 128442368
total_inactive_file 494632960
total_active_file 247422976
total_unevictable 4096
--------------------BLKIO-----------------------
11:0 Read 0
11:0 Write 0
11:0 Sync 0
11:0 Async 0
11:0 Total 0
253:0 Read 1208975360
253:0 Write 1060864
253:0 Sync 196608
253:0 Async 1209839616
253:0 Total 1210036224
Total 1210036224
--------------------CPUAC-----------------------
user 604
system 481
 
--------------------MEMCG-----------------------
MEM ONLY  : 953 MB
MEM+SWAP  : 953 MB
cache 742256640
rss 257687552
rss_huge 0
mapped_file 36564992
writeback 0
swap 0
pgpgin 484163
pgpgout 240036
pgfault 241047
pgmajfault 488
inactive_anon 129220608
active_anon 128536576
inactive_file 481132544
active_file 261029888
unevictable 4096
hierarchical_memory_limit 999997440
hierarchical_memsw_limit 9223372036854771712
total_cache 742256640
total_rss 257687552
total_rss_huge 0
total_mapped_file 36564992
total_writeback 0
total_swap 0
total_pgpgin 484163
total_pgpgout 240036
total_pgfault 241047
total_pgmajfault 488
total_inactive_anon 129220608
total_active_anon 128536576
total_inactive_file 481132544
total_active_file 261029888
total_unevictable 4096
--------------------BLKIO-----------------------
11:0 Read 0
11:0 Write 0
11:0 Sync 0
11:0 Async 0
11:0 Total 0
253:0 Read 1245540352
253:0 Write 1073152
253:0 Sync 196608
253:0 Async 1246416896
253:0 Total 1246613504
Total 1246613504
--------------------CPUAC-----------------------
user 623
system 500
 
--------------------MEMCG-----------------------
MEM ONLY  : 953 MB
MEM+SWAP  : 953 MB
cache 742129664
rss 257744896
rss_huge 0
mapped_file 36478976
writeback 0
swap 0
pgpgin 496994
pgpgout 252884
pgfault 241092
pgmajfault 488
inactive_anon 129220608
active_anon 128593920
inactive_file 465948672
active_file 276070400
unevictable 4096
hierarchical_memory_limit 999997440
hierarchical_memsw_limit 9223372036854771712
total_cache 742129664
total_rss 257744896
total_rss_huge 0
total_mapped_file 36478976
total_writeback 0
total_swap 0
total_pgpgin 496994
total_pgpgout 252884
total_pgfault 241092
total_pgmajfault 488
total_inactive_anon 129220608
total_active_anon 128593920
total_inactive_file 465948672
total_active_file 276070400
total_unevictable 4096
--------------------BLKIO-----------------------
11:0 Read 0
11:0 Write 0
11:0 Sync 0
11:0 Async 0
11:0 Total 0
253:0 Read 1282842624
253:0 Write 1085440
253:0 Sync 196608
253:0 Async 1283731456
253:0 Total 1283928064
Total 1283928064
--------------------CPUAC-----------------------
user 643
system 514
 
--------------------MEMCG-----------------------
MEM ONLY  : 953 MB
MEM+SWAP  : 953 MB
cache 742223872
rss 257744896
rss_huge 0
mapped_file 36478976
writeback 0
swap 0
pgpgin 510083
pgpgout 265950
pgfault 241122
pgmajfault 488
inactive_anon 129220608
active_anon 128593920
inactive_file 451620864
active_file 290529280
unevictable 4096
hierarchical_memory_limit 999997440
hierarchical_memsw_limit 9223372036854771712
total_cache 742223872
total_rss 257744896
total_rss_huge 0
total_mapped_file 36478976
total_writeback 0
total_swap 0
total_pgpgin 510083
total_pgpgout 265950
total_pgfault 241122
total_pgmajfault 488
total_inactive_anon 129220608
total_active_anon 128593920
total_inactive_file 451620864
total_active_file 290529280
total_unevictable 4096
--------------------BLKIO-----------------------
11:0 Read 0
11:0 Write 0
11:0 Sync 0
11:0 Async 0
11:0 Total 0
253:0 Read 1319563264
253:0 Write 1101824
253:0 Sync 196608
253:0 Async 1320468480
253:0 Total 1320665088
Total 1320665088
--------------------CPUAC-----------------------
user 666
system 531
 
--------------------MEMCG-----------------------
MEM ONLY  : 953 MB
MEM+SWAP  : 953 MB
cache 742031360
rss 257744896
rss_huge 0
mapped_file 36478976
writeback 0
swap 0
pgpgin 523129
pgpgout 279043
pgfault 241152
pgmajfault 488
inactive_anon 129220608
active_anon 128593920
inactive_file 436609024
active_file 305348608
unevictable 4096
hierarchical_memory_limit 999997440
hierarchical_memsw_limit 9223372036854771712
total_cache 742031360
total_rss 257744896
total_rss_huge 0
total_mapped_file 36478976
total_writeback 0
total_swap 0
total_pgpgin 523129
total_pgpgout 279043
total_pgfault 241152
total_pgmajfault 488
total_inactive_anon 129220608
total_active_anon 128593920
total_inactive_file 436609024
total_active_file 305348608
total_unevictable 4096
--------------------BLKIO-----------------------
11:0 Read 0
11:0 Write 0
11:0 Sync 0
11:0 Async 0
11:0 Total 0
253:0 Read 1355341824
253:0 Write 1118208
253:0 Sync 196608
253:0 Async 1356263424
253:0 Total 1356460032
Total 1356460032
--------------------CPUAC-----------------------
user 687
system 548
 
--------------------MEMCG-----------------------
MEM ONLY  : 953 MB
MEM+SWAP  : 953 MB
cache 742002688
rss 257753088
rss_huge 0
mapped_file 36478976
writeback 0
swap 0
pgpgin 536949
pgpgout 292868
pgfault 241184
pgmajfault 488
inactive_anon 129220608
active_anon 128602112
inactive_file 419688448
active_file 322224128
unevictable 4096
hierarchical_memory_limit 999997440
hierarchical_memsw_limit 9223372036854771712
total_cache 742002688
total_rss 257753088
total_rss_huge 0
total_mapped_file 36478976
total_writeback 0
total_swap 0
total_pgpgin 536949
total_pgpgout 292868
total_pgfault 241184
total_pgmajfault 488
total_inactive_anon 129220608
total_active_anon 128602112
total_inactive_file 419688448
total_active_file 322224128
total_unevictable 4096
--------------------BLKIO-----------------------
11:0 Read 0
11:0 Write 0
11:0 Sync 0
11:0 Async 0
11:0 Total 0
253:0 Read 1390698496
253:0 Write 1134592
253:0 Sync 196608
253:0 Async 1391636480
253:0 Total 1391833088
Total 1391833088
--------------------CPUAC-----------------------
user 708
system 567
 
--------------------MEMCG-----------------------
MEM ONLY  : 953 MB
MEM+SWAP  : 953 MB
cache 741892096
rss 258056192
rss_huge 0
mapped_file 36478976
writeback 0
swap 0
pgpgin 550894
pgpgout 306766
pgfault 241288
pgmajfault 488
inactive_anon 129351680
active_anon 128774144
inactive_file 404070400
active_file 337715200
unevictable 4096
hierarchical_memory_limit 999997440
hierarchical_memsw_limit 9223372036854771712
total_cache 741892096
total_rss 258056192
total_rss_huge 0
total_mapped_file 36478976
total_writeback 0
total_swap 0
total_pgpgin 550894
total_pgpgout 306766
total_pgfault 241288
total_pgmajfault 488
total_inactive_anon 129351680
total_active_anon 128774144
total_inactive_file 404070400
total_active_file 337715200
total_unevictable 4096
--------------------BLKIO-----------------------
11:0 Read 0
11:0 Write 0
11:0 Sync 0
11:0 Async 0
11:0 Total 0
253:0 Read 1426874368
253:0 Write 1150976
253:0 Sync 196608
253:0 Async 1427828736
253:0 Total 1428025344
Total 1428025344
--------------------CPUAC-----------------------
user 726
system 584
 
--------------------MEMCG-----------------------
MEM ONLY  : 953 MB
MEM+SWAP  : 953 MB
cache 741830656
rss 258072576
rss_huge 0
mapped_file 36478976
writeback 0
swap 0
pgpgin 565995
pgpgout 321878
pgfault 241322
pgmajfault 488
inactive_anon 129351680
active_anon 128790528
inactive_file 387436544
active_file 354320384
unevictable 4096
hierarchical_memory_limit 999997440
hierarchical_memsw_limit 9223372036854771712
total_cache 741830656
total_rss 258072576
total_rss_huge 0
total_mapped_file 36478976
total_writeback 0
total_swap 0
total_pgpgin 565995
total_pgpgout 321878
total_pgfault 241322
total_pgmajfault 488
total_inactive_anon 129351680
total_active_anon 128790528
total_inactive_file 387436544
total_active_file 354320384
total_unevictable 4096
--------------------BLKIO-----------------------
11:0 Read 0
11:0 Write 0
11:0 Sync 0
11:0 Async 0
11:0 Total 0
253:0 Read 1463906304
253:0 Write 1167360
253:0 Sync 196608
253:0 Async 1464877056
253:0 Total 1465073664
Total 1465073664
--------------------CPUAC-----------------------
user 752
system 607
 
--------------------MEMCG-----------------------
MEM ONLY  : 953 MB
MEM+SWAP  : 953 MB
cache 741900288
rss 258072576
rss_huge 0
mapped_file 36478976
writeback 0
swap 0
pgpgin 581471
pgpgout 337337
pgfault 241352
pgmajfault 488
inactive_anon 129351680
active_anon 128790528
inactive_file 371040256
active_file 370786304
unevictable 4096
hierarchical_memory_limit 999997440
hierarchical_memsw_limit 9223372036854771712
total_cache 741900288
total_rss 258072576
total_rss_huge 0
total_mapped_file 36478976
total_writeback 0
total_swap 0
total_pgpgin 581471
total_pgpgout 337337
total_pgfault 241352
total_pgmajfault 488
total_inactive_anon 129351680
total_active_anon 128790528
total_inactive_file 371040256
total_active_file 370786304
total_unevictable 4096
--------------------BLKIO-----------------------
11:0 Read 0
11:0 Write 0
11:0 Sync 0
11:0 Async 0
11:0 Total 0
253:0 Read 1499934720
253:0 Write 1187840
253:0 Sync 196608
253:0 Async 1500925952
253:0 Total 1501122560
Total 1501122560
--------------------CPUAC-----------------------
user 772
system 627
 
--------------------MEMCG-----------------------
MEM ONLY  : 953 MB
MEM+SWAP  : 953 MB
cache 741941248
rss 257937408
rss_huge 0
mapped_file 36478976
writeback 0
swap 0
pgpgin 597291
pgpgout 353180
pgfault 241417
pgmajfault 488
inactive_anon 129261568
active_anon 128745472
inactive_file 371154944
active_file 370692096
unevictable 4096
hierarchical_memory_limit 999997440
hierarchical_memsw_limit 9223372036854771712
total_cache 741941248
total_rss 257937408
total_rss_huge 0
total_mapped_file 36478976
total_writeback 0
total_swap 0
total_pgpgin 597291
total_pgpgout 353180
total_pgfault 241417
total_pgmajfault 488
total_inactive_anon 129261568
total_active_anon 128745472
total_inactive_file 371154944
total_active_file 370692096
total_unevictable 4096
--------------------BLKIO-----------------------
11:0 Read 0
11:0 Write 0
11:0 Sync 0
11:0 Async 0
11:0 Total 0
253:0 Read 1535377408
253:0 Write 1208320
253:0 Sync 196608
253:0 Async 1536389120
253:0 Total 1536585728
Total 1536585728
--------------------CPUAC-----------------------
user 794
system 644
 
--------------------MEMCG-----------------------
MEM ONLY  : 953 MB
MEM+SWAP  : 953 MB
cache 741994496
rss 257998848
rss_huge 0
mapped_file 36478976
writeback 0
swap 0
pgpgin 613925
pgpgout 369786
pgfault 241533
pgmajfault 488
inactive_anon 129187840
active_anon 128880640
inactive_file 371294208
active_file 370606080
unevictable 4096
hierarchical_memory_limit 999997440
hierarchical_memsw_limit 9223372036854771712
total_cache 741994496
total_rss 257998848
total_rss_huge 0
total_mapped_file 36478976
total_writeback 0
total_swap 0
total_pgpgin 613925
total_pgpgout 369786
total_pgfault 241533
total_pgmajfault 488
total_inactive_anon 129187840
total_active_anon 128880640
total_inactive_file 371294208
total_active_file 370606080
total_unevictable 4096
--------------------BLKIO-----------------------
11:0 Read 0
11:0 Write 0
11:0 Sync 0
11:0 Async 0
11:0 Total 0
253:0 Read 1572032512
253:0 Write 1228800
253:0 Sync 196608
253:0 Async 1573064704
253:0 Total 1573261312
Total 1573261312
--------------------CPUAC-----------------------
user 826
system 661
 
--------------------MEMCG-----------------------
MEM ONLY  : 953 MB
MEM+SWAP  : 953 MB
cache 742285312
rss 257585152
rss_huge 0
mapped_file 36478976
writeback 0
swap 0
pgpgin 631370
pgpgout 387261
pgfault 241574
pgmajfault 488
inactive_anon 129146880
active_anon 128507904
inactive_file 371224576
active_file 370929664
unevictable 4096
hierarchical_memory_limit 999997440
hierarchical_memsw_limit 9223372036854771712
total_cache 742285312
total_rss 257585152
total_rss_huge 0
total_mapped_file 36478976
total_writeback 0
total_swap 0
total_pgpgin 631370
total_pgpgout 387261
total_pgfault 241574
total_pgmajfault 488
total_inactive_anon 129146880
total_active_anon 128507904
total_inactive_file 371224576
total_active_file 370929664
total_unevictable 4096
--------------------BLKIO-----------------------
11:0 Read 0
11:0 Write 0
11:0 Sync 0
11:0 Async 0
11:0 Total 0
253:0 Read 1608134656
253:0 Write 1249280
253:0 Sync 196608
253:0 Async 1609187328
253:0 Total 1609383936
Total 1609383936
--------------------CPUAC-----------------------
user 850
system 680
 
--------------------MEMCG-----------------------
MEM ONLY  : 953 MB
MEM+SWAP  : 953 MB
cache 741941248
rss 258043904
rss_huge 0
mapped_file 36478976
writeback 0
swap 0
pgpgin 648793
pgpgout 404656
pgfault 241716
pgmajfault 488
inactive_anon 129277952
active_anon 128835584
inactive_file 371060736
active_file 370806784
unevictable 4096
hierarchical_memory_limit 999997440
hierarchical_memsw_limit 9223372036854771712
total_cache 741941248
total_rss 258043904
total_rss_huge 0
total_mapped_file 36478976
total_writeback 0
total_swap 0
total_pgpgin 648793
total_pgpgout 404656
total_pgfault 241716
total_pgmajfault 488
total_inactive_anon 129277952
total_active_anon 128835584
total_inactive_file 371060736
total_active_file 370806784
total_unevictable 4096
--------------------BLKIO-----------------------
11:0 Read 0
11:0 Write 0
11:0 Sync 0
11:0 Async 0
11:0 Total 0
253:0 Read 1642876928
253:0 Write 1273856
253:0 Sync 196608
253:0 Async 1643954176
253:0 Total 1644150784
Total 1644150784
--------------------CPUAC-----------------------
user 873
system 698
 
--------------------MEMCG-----------------------
MEM ONLY  : 953 MB
MEM+SWAP  : 953 MB
cache 742232064
rss 257732608
rss_huge 0
mapped_file 36478976
writeback 0
swap 0
pgpgin 667153
pgpgout 423021
pgfault 241747
pgmajfault 488
inactive_anon 128962560
active_anon 128839680
inactive_file 371228672
active_file 370929664
unevictable 4096
hierarchical_memory_limit 999997440
hierarchical_memsw_limit 9223372036854771712
total_cache 742232064
total_rss 257732608
total_rss_huge 0
total_mapped_file 36478976
total_writeback 0
total_swap 0
total_pgpgin 667153
total_pgpgout 423021
total_pgfault 241747
total_pgmajfault 488
total_inactive_anon 128962560
total_active_anon 128839680
total_inactive_file 371228672
total_active_file 370929664
total_unevictable 4096
--------------------BLKIO-----------------------
11:0 Read 0
11:0 Write 0
11:0 Sync 0
11:0 Async 0
11:0 Total 0
253:0 Read 1677758464
253:0 Write 1298432
253:0 Sync 196608
253:0 Async 1678860288
253:0 Total 1679056896
Total 1679056896
--------------------CPUAC-----------------------
user 902
system 721
 
--------------------MEMCG-----------------------
MEM ONLY  : 953 MB
MEM+SWAP  : 953 MB
cache 742367232
rss 257400832
rss_huge 0
mapped_file 36474880
writeback 0
swap 0
pgpgin 686813
pgpgout 442729
pgfault 241788
pgmajfault 488
inactive_anon 128962560
active_anon 128507904
inactive_file 371363840
active_file 370917376
unevictable 4096
hierarchical_memory_limit 999997440
hierarchical_memsw_limit 9223372036854771712
total_cache 742367232
total_rss 257400832
total_rss_huge 0
total_mapped_file 36474880
total_writeback 0
total_swap 0
total_pgpgin 686813
total_pgpgout 442729
total_pgfault 241788
total_pgmajfault 488
total_inactive_anon 128962560
total_active_anon 128507904
total_inactive_file 371363840
total_active_file 370917376
total_unevictable 4096
--------------------BLKIO-----------------------
11:0 Read 0
11:0 Write 0
11:0 Sync 0
11:0 Async 0
11:0 Total 0
253:0 Read 1712783360
253:0 Write 1323008
253:0 Sync 196608
253:0 Async 1713909760
253:0 Total 1714106368
Total 1714106368
--------------------CPUAC-----------------------
user 932
system 748
 
--------------------MEMCG-----------------------
MEM ONLY  : 953 MB
MEM+SWAP  : 953 MB
cache 742203392
rss 257695744
rss_huge 0
mapped_file 36474880
writeback 0
swap 0
pgpgin 707001
pgpgout 462885
pgfault 241996
pgmajfault 488
inactive_anon 129224704
active_anon 128540672
inactive_file 371224576
active_file 370900992
unevictable 4096
hierarchical_memory_limit 999997440
hierarchical_memsw_limit 9223372036854771712
total_cache 742203392
total_rss 257695744
total_rss_huge 0
total_mapped_file 36474880
total_writeback 0
total_swap 0
total_pgpgin 707001
total_pgpgout 462885
total_pgfault 241996
total_pgmajfault 488
total_inactive_anon 129224704
total_active_anon 128540672
total_inactive_file 371224576
total_active_file 370900992
total_unevictable 4096
--------------------BLKIO-----------------------
11:0 Read 0
11:0 Write 0
11:0 Sync 0
11:0 Async 0
11:0 Total 0
253:0 Read 1749106688
253:0 Write 1347584
253:0 Sync 196608
253:0 Async 1750257664
253:0 Total 1750454272
Total 1750454272
--------------------CPUAC-----------------------
user 966
system 771
 
--------------------MEMCG-----------------------
MEM ONLY  : 953 MB
MEM+SWAP  : 953 MB
cache 742555648
rss 257359872
rss_huge 0
mapped_file 33333248
writeback 0
swap 0
pgpgin 727830
pgpgout 483710
pgfault 242056
pgmajfault 488
inactive_anon 129224704
active_anon 128204800
inactive_file 371597312
active_file 370884608
unevictable 4096
hierarchical_memory_limit 999997440
hierarchical_memsw_limit 9223372036854771712
total_cache 742555648
total_rss 257359872
total_rss_huge 0
total_mapped_file 33333248
total_writeback 0
total_swap 0
total_pgpgin 727830
total_pgpgout 483710
total_pgfault 242056
total_pgmajfault 488
total_inactive_anon 129224704
total_active_anon 128204800
total_inactive_file 371597312
total_active_file 370884608
total_unevictable 4096
--------------------BLKIO-----------------------
11:0 Read 0
11:0 Write 0
11:0 Sync 0
11:0 Async 0
11:0 Total 0
253:0 Read 1784020992
253:0 Write 1372160
253:0 Sync 196608
253:0 Async 1785196544
253:0 Total 1785393152
Total 1785393152
--------------------CPUAC-----------------------
user 1002
system 790
 
--------------------MEMCG-----------------------
MEM ONLY  : 953 MB
MEM+SWAP  : 953 MB
cache 742342656
rss 257572864
rss_huge 0
mapped_file 13029376
writeback 0
swap 0
pgpgin 749380
pgpgout 505260
pgfault 242138
pgmajfault 488
inactive_anon 129224704
active_anon 128417792
inactive_file 371372032
active_file 370896896
unevictable 4096
hierarchical_memory_limit 999997440
hierarchical_memsw_limit 9223372036854771712
total_cache 742342656
total_rss 257572864
total_rss_huge 0
total_mapped_file 13029376
total_writeback 0
total_swap 0
total_pgpgin 749380
total_pgpgout 505260
total_pgfault 242138
total_pgmajfault 488
total_inactive_anon 129224704
total_active_anon 128417792
total_inactive_file 371372032
total_active_file 370896896
total_unevictable 4096
--------------------BLKIO-----------------------
11:0 Read 0
11:0 Write 0
11:0 Sync 0
11:0 Async 0
11:0 Total 0
253:0 Read 1818710016
253:0 Write 1400832
253:0 Sync 196608
253:0 Async 1819914240
253:0 Total 1820110848
Total 1820110848
--------------------CPUAC-----------------------
user 1039
system 820
 
--------------------MEMCG-----------------------
MEM ONLY  : 953 MB
MEM+SWAP  : 953 MB
cache 741675008
rss 258244608
rss_huge 0
mapped_file 7110656
writeback 0
swap 0
pgpgin 771575
pgpgout 527454
pgfault 242466
pgmajfault 488
inactive_anon 129486848
active_anon 128827392
inactive_file 370806784
active_file 370765824
unevictable 4096
hierarchical_memory_limit 999997440
hierarchical_memsw_limit 9223372036854771712
total_cache 741675008
total_rss 258244608
total_rss_huge 0
total_mapped_file 7110656
total_writeback 0
total_swap 0
total_pgpgin 771575
total_pgpgout 527454
total_pgfault 242466
total_pgmajfault 488
total_inactive_anon 129486848
total_active_anon 128827392
total_inactive_file 370806784
total_active_file 370765824
total_unevictable 4096
--------------------BLKIO-----------------------
11:0 Read 0
11:0 Write 0
11:0 Sync 0
11:0 Async 0
11:0 Total 0
253:0 Read 1853947904
253:0 Write 1429504
253:0 Sync 196608
253:0 Async 1855180800
253:0 Total 1855377408
Total 1855377408
--------------------CPUAC-----------------------
user 1076
system 849
 
--------------------MEMCG-----------------------
MEM ONLY  : 953 MB
MEM+SWAP  : 953 MB
cache 742379520
rss 257544192
rss_huge 0
mapped_file 7110656
writeback 0
swap 0
pgpgin 792988
pgpgout 548866
pgfault 242503
pgmajfault 488
inactive_anon 129486848
active_anon 128126976
inactive_file 371355648
active_file 370950144
unevictable 4096
hierarchical_memory_limit 999997440
hierarchical_memsw_limit 9223372036854771712
total_cache 742379520
total_rss 257544192
total_rss_huge 0
total_mapped_file 7110656
total_writeback 0
total_swap 0
total_pgpgin 792988
total_pgpgout 548866
total_pgfault 242503
total_pgmajfault 488
total_inactive_anon 129486848
total_active_anon 128126976
total_inactive_file 371355648
total_active_file 370950144
total_unevictable 4096
--------------------BLKIO-----------------------
11:0 Read 0
11:0 Write 0
11:0 Sync 0
11:0 Async 0
11:0 Total 0
253:0 Read 1888854016
253:0 Write 1458176
253:0 Sync 196608
253:0 Async 1890115584
253:0 Total 1890312192
Total 1890312192
--------------------CPUAC-----------------------
user 1106
system 876
 
--------------------MEMCG-----------------------
MEM ONLY  : 953 MB
MEM+SWAP  : 953 MB
cache 742297600
rss 257548288
rss_huge 0
mapped_file 7110656
writeback 0
swap 0
pgpgin 814606
pgpgout 570503
pgfault 242534
pgmajfault 488
inactive_anon 129486848
active_anon 128131072
inactive_file 371167232
active_file 371023872
unevictable 4096
hierarchical_memory_limit 999997440
hierarchical_memsw_limit 9223372036854771712
total_cache 742297600
total_rss 257548288
total_rss_huge 0
total_mapped_file 7110656
total_writeback 0
total_swap 0
total_pgpgin 814606
total_pgpgout 570503
total_pgfault 242534
total_pgmajfault 488
total_inactive_anon 129486848
total_active_anon 128131072
total_inactive_file 371167232
total_active_file 371023872
total_unevictable 4096
--------------------BLKIO-----------------------
11:0 Read 0
11:0 Write 0
11:0 Sync 0
11:0 Async 0
11:0 Total 0
253:0 Read 1923387392
253:0 Write 1486848
253:0 Sync 196608
253:0 Async 1924677632
253:0 Total 1924874240
Total 1924874240
--------------------CPUAC-----------------------
user 1144
system 905
 
--------------------MEMCG-----------------------
MEM ONLY  : 953 MB
MEM+SWAP  : 953 MB
cache 742506496
rss 257388544
rss_huge 0
mapped_file 7110656
writeback 0
swap 0
pgpgin 836458
pgpgout 592343
pgfault 242579
pgmajfault 488
inactive_anon 129486848
active_anon 127971328
inactive_file 371240960
active_file 371118080
unevictable 4096
hierarchical_memory_limit 999997440
hierarchical_memsw_limit 9223372036854771712
total_cache 742506496
total_rss 257388544
total_rss_huge 0
total_mapped_file 7110656
total_writeback 0
total_swap 0
total_pgpgin 836458
total_pgpgout 592343
total_pgfault 242579
total_pgmajfault 488
total_inactive_anon 129486848
total_active_anon 127971328
total_inactive_file 371240960
total_active_file 371118080
total_unevictable 4096
--------------------BLKIO-----------------------
11:0 Read 0
11:0 Write 0
11:0 Sync 0
11:0 Async 0
11:0 Total 0
253:0 Read 1957728256
253:0 Write 1519616
253:0 Sync 196608
253:0 Async 1959051264
253:0 Total 1959247872
Total 1959247872
--------------------CPUAC-----------------------
user 1174
system 932
 
--------------------MEMCG-----------------------
MEM ONLY  : 953 MB
MEM+SWAP  : 953 MB
cache 742301696
rss 257454080
rss_huge 0
mapped_file 7110656
writeback 0
swap 0
pgpgin 858491
pgpgout 614410
pgfault 242625
pgmajfault 488
inactive_anon 129486848
active_anon 128036864
inactive_file 371384320
active_file 370843648
unevictable 4096
hierarchical_memory_limit 999997440
hierarchical_memsw_limit 9223372036854771712
total_cache 742301696
total_rss 257454080
total_rss_huge 0
total_mapped_file 7110656
total_writeback 0
total_swap 0
total_pgpgin 858491
total_pgpgout 614410
total_pgfault 242625
total_pgmajfault 488
total_inactive_anon 129486848
total_active_anon 128036864
total_inactive_file 371384320
total_active_file 370843648
total_unevictable 4096
--------------------BLKIO-----------------------
11:0 Read 0
11:0 Write 0
11:0 Sync 0
11:0 Async 0
11:0 Total 0
253:0 Read 1993330688
253:0 Write 1552384
253:0 Sync 196608
253:0 Async 1994686464
253:0 Total 1994883072
Total 1994883072
--------------------CPUAC-----------------------
user 1205
system 960
 
--------------------MEMCG-----------------------
MEM ONLY  : 953 MB
MEM+SWAP  : 953 MB
cache 742223872
rss 257609728
rss_huge 0
mapped_file 7110656
writeback 0
swap 0
pgpgin 880513
pgpgout 636413
pgfault 242693
pgmajfault 488
inactive_anon 129486848
active_anon 128192512
inactive_file 371200000
active_file 370950144
unevictable 4096
hierarchical_memory_limit 999997440
hierarchical_memsw_limit 9223372036854771712
total_cache 742223872
total_rss 257609728
total_rss_huge 0
total_mapped_file 7110656
total_writeback 0
total_swap 0
total_pgpgin 880513
total_pgpgout 636413
total_pgfault 242693
total_pgmajfault 488
total_inactive_anon 129486848
total_active_anon 128192512
total_inactive_file 371200000
total_active_file 370950144
total_unevictable 4096
--------------------BLKIO-----------------------
11:0 Read 0
11:0 Write 0
11:0 Sync 0
11:0 Async 0
11:0 Total 0
253:0 Read 2028523520
253:0 Write 1585152
253:0 Sync 196608
253:0 Async 2029912064
253:0 Total 2030108672
Total 2030108672
--------------------CPUAC-----------------------
user 1237
system 987
 
--------------------MEMCG-----------------------
MEM ONLY  : 953 MB
MEM+SWAP  : 953 MB
cache 742260736
rss 257728512
rss_huge 0
mapped_file 7110656
writeback 0
swap 0
pgpgin 902278
pgpgout 658140
pgfault 242752
pgmajfault 488
inactive_anon 129486848
active_anon 128311296
inactive_file 371126272
active_file 371056640
unevictable 4096
hierarchical_memory_limit 999997440
hierarchical_memsw_limit 9223372036854771712
total_cache 742260736
total_rss 257728512
total_rss_huge 0
total_mapped_file 7110656
total_writeback 0
total_swap 0
total_pgpgin 902278
total_pgpgout 658140
total_pgfault 242752
total_pgmajfault 488
total_inactive_anon 129486848
total_active_anon 128311296
total_inactive_file 371126272
total_active_file 371056640
total_unevictable 4096
--------------------BLKIO-----------------------
11:0 Read 0
11:0 Write 0
11:0 Sync 0
11:0 Async 0
11:0 Total 0
253:0 Read 2063437824
253:0 Write 1617920
253:0 Sync 196608
253:0 Async 2064859136
253:0 Total 2065055744
Total 2065055744
--------------------CPUAC-----------------------
user 1263
system 1012
 
--------------------MEMCG-----------------------
MEM ONLY  : 953 MB
MEM+SWAP  : 953 MB
cache 742076416
rss 257732608
rss_huge 0
mapped_file 7110656
writeback 0
swap 0
pgpgin 923828
pgpgout 679734
pgfault 242783
pgmajfault 488
inactive_anon 129486848
active_anon 128315392
inactive_file 371036160
active_file 370913280
unevictable 4096
hierarchical_memory_limit 999997440
hierarchical_memsw_limit 9223372036854771712
total_cache 742076416
total_rss 257732608
total_rss_huge 0
total_mapped_file 7110656
total_writeback 0
total_swap 0
total_pgpgin 923828
total_pgpgout 679734
total_pgfault 242783
total_pgmajfault 488
total_inactive_anon 129486848
total_active_anon 128315392
total_inactive_file 371036160
total_active_file 370913280
total_unevictable 4096
--------------------BLKIO-----------------------
11:0 Read 0
11:0 Write 0
11:0 Sync 0
11:0 Async 0
11:0 Total 0
253:0 Read 2098806784
253:0 Write 1654784
253:0 Sync 196608
253:0 Async 2100264960
253:0 Total 2100461568
Total 2100461568
--------------------CPUAC-----------------------
user 1297
system 1038
 
--------------------MEMCG-----------------------
MEM ONLY  : 953 MB
MEM+SWAP  : 953 MB
cache 742084608
rss 257732608
rss_huge 0
mapped_file 7110656
writeback 0
swap 0
pgpgin 946322
pgpgout 702226
pgfault 242813
pgmajfault 488
inactive_anon 129486848
active_anon 128315392
inactive_file 371089408
active_file 370884608
unevictable 4096
hierarchical_memory_limit 999997440
hierarchical_memsw_limit 9223372036854771712
total_cache 742084608
total_rss 257732608
total_rss_huge 0
total_mapped_file 7110656
total_writeback 0
total_swap 0
total_pgpgin 946322
total_pgpgout 702226
total_pgfault 242813
total_pgmajfault 488
total_inactive_anon 129486848
total_active_anon 128315392
total_inactive_file 371089408
total_active_file 370884608
total_unevictable 4096
--------------------BLKIO-----------------------
11:0 Read 0
11:0 Write 0
11:0 Sync 0
11:0 Async 0
11:0 Total 0
253:0 Read 2134241280
253:0 Write 1691648
253:0 Sync 196608
253:0 Async 2135736320
253:0 Total 2135932928
Total 2135932928
--------------------CPUAC-----------------------
user 1326
system 1064
 
--------------------MEMCG-----------------------
MEM ONLY  : 953 MB
MEM+SWAP  : 953 MB
cache 741572608
rss 258191360
rss_huge 0
mapped_file 7110656
writeback 0
swap 0
pgpgin 968530
pgpgout 724447
pgfault 242976
pgmajfault 488
inactive_anon 129445888
active_anon 128815104
inactive_file 370966528
active_file 370532352
unevictable 4096
hierarchical_memory_limit 999997440
hierarchical_memsw_limit 9223372036854771712
total_cache 741572608
total_rss 258191360
total_rss_huge 0
total_mapped_file 7110656
total_writeback 0
total_swap 0
total_pgpgin 968530
total_pgpgout 724447
total_pgfault 242976
total_pgmajfault 488
total_inactive_anon 129445888
total_active_anon 128815104
total_inactive_file 370966528
total_active_file 370532352
total_unevictable 4096
--------------------BLKIO-----------------------
11:0 Read 0
11:0 Write 0
11:0 Sync 0
11:0 Async 0
11:0 Total 0
253:0 Read 2168164352
253:0 Write 1691648
253:0 Sync 196608
253:0 Async 2169659392
253:0 Total 2169856000
Total 2169856000
--------------------CPUAC-----------------------
user 1352
system 1092
 
