--------------------MEMCG-----------------------
MEM ONLY  : 137 MB
MEM+SWAP  : 137 MB
cache 82210816
rss 61861888
rss_huge 0
mapped_file 36925440
writeback 0
swap 0
pgpgin 132346
pgpgout 97172
pgfault 191477
pgmajfault 487
inactive_anon 49152
active_anon 61886464
inactive_file 66592768
active_file 15540224
unevictable 4096
hierarchical_memory_limit 999997440
hierarchical_memsw_limit 9223372036854771712
total_cache 82210816
total_rss 61861888
total_rss_huge 0
total_mapped_file 36925440
total_writeback 0
total_swap 0
total_pgpgin 132346
total_pgpgout 97172
total_pgfault 191477
total_pgmajfault 487
total_inactive_anon 49152
total_active_anon 61886464
total_inactive_file 66592768
total_active_file 15540224
total_unevictable 4096
--------------------BLKIO-----------------------
11:0 Read 0
11:0 Write 0
11:0 Sync 0
11:0 Async 0
11:0 Total 0
253:0 Read 82026496
253:0 Write 290816
253:0 Sync 61440
253:0 Async 82255872
253:0 Total 82317312
Total 82317312
--------------------CPUAC-----------------------
user 58
system 102
 
--------------------MEMCG-----------------------
MEM ONLY  : 197 MB
MEM+SWAP  : 197 MB
cache 113074176
rss 93663232
rss_huge 0
mapped_file 36749312
writeback 0
swap 0
pgpgin 148013
pgpgout 97540
pgfault 199867
pgmajfault 487
inactive_anon 45056
active_anon 93687808
inactive_file 96735232
active_file 16265216
unevictable 4096
hierarchical_memory_limit 999997440
hierarchical_memsw_limit 9223372036854771712
total_cache 113074176
total_rss 93663232
total_rss_huge 0
total_mapped_file 36749312
total_writeback 0
total_swap 0
total_pgpgin 148013
total_pgpgout 97540
total_pgfault 199867
total_pgmajfault 487
total_inactive_anon 45056
total_active_anon 93687808
total_inactive_file 96735232
total_active_file 16265216
total_unevictable 4096
--------------------BLKIO-----------------------
11:0 Read 0
11:0 Write 0
11:0 Sync 0
11:0 Async 0
11:0 Total 0
253:0 Read 112885760
253:0 Write 299008
253:0 Sync 61440
253:0 Async 113123328
253:0 Total 113184768
Total 113184768
--------------------CPUAC-----------------------
user 69
system 114
 
--------------------MEMCG-----------------------
MEM ONLY  : 260 MB
MEM+SWAP  : 260 MB
cache 145641472
rss 127561728
rss_huge 0
mapped_file 36749312
writeback 0
swap 0
pgpgin 164272
pgpgout 97572
pgfault 208181
pgmajfault 487
inactive_anon 45056
active_anon 127557632
inactive_file 129269760
active_file 16273408
unevictable 4096
hierarchical_memory_limit 999997440
hierarchical_memsw_limit 9223372036854771712
total_cache 145641472
total_rss 127561728
total_rss_huge 0
total_mapped_file 36749312
total_writeback 0
total_swap 0
total_pgpgin 164272
total_pgpgout 97572
total_pgfault 208181
total_pgmajfault 487
total_inactive_anon 45056
total_active_anon 127557632
total_inactive_file 129269760
total_active_file 16273408
total_unevictable 4096
--------------------BLKIO-----------------------
11:0 Read 0
11:0 Write 0
11:0 Sync 0
11:0 Async 0
11:0 Total 0
253:0 Read 145448960
253:0 Write 311296
253:0 Sync 61440
253:0 Async 145698816
253:0 Total 145760256
Total 145760256
--------------------CPUAC-----------------------
user 82
system 128
 
--------------------MEMCG-----------------------
MEM ONLY  : 323 MB
MEM+SWAP  : 323 MB
cache 177680384
rss 161181696
rss_huge 0
mapped_file 36749312
writeback 0
swap 0
pgpgin 180335
pgpgout 97605
pgfault 216429
pgmajfault 487
inactive_anon 45056
active_anon 161206272
inactive_file 161333248
active_file 16273408
unevictable 4096
hierarchical_memory_limit 999997440
hierarchical_memsw_limit 9223372036854771712
total_cache 177680384
total_rss 161181696
total_rss_huge 0
total_mapped_file 36749312
total_writeback 0
total_swap 0
total_pgpgin 180335
total_pgpgout 97605
total_pgfault 216429
total_pgmajfault 487
total_inactive_anon 45056
total_active_anon 161206272
total_inactive_file 161333248
total_active_file 16273408
total_unevictable 4096
--------------------BLKIO-----------------------
11:0 Read 0
11:0 Write 0
11:0 Sync 0
11:0 Async 0
11:0 Total 0
253:0 Read 177516544
253:0 Write 323584
253:0 Sync 61440
253:0 Async 177778688
253:0 Total 177840128
Total 177840128
--------------------CPUAC-----------------------
user 94
system 141
 
--------------------MEMCG-----------------------
MEM ONLY  : 391 MB
MEM+SWAP  : 391 MB
cache 213291008
rss 197431296
rss_huge 0
mapped_file 36749312
writeback 0
swap 0
pgpgin 197912
pgpgout 97638
pgfault 225319
pgmajfault 487
inactive_anon 45056
active_anon 197455872
inactive_file 196915200
active_file 16273408
unevictable 4096
hierarchical_memory_limit 999997440
hierarchical_memsw_limit 9223372036854771712
total_cache 213291008
total_rss 197431296
total_rss_huge 0
total_mapped_file 36749312
total_writeback 0
total_swap 0
total_pgpgin 197912
total_pgpgout 97638
total_pgfault 225319
total_pgmajfault 487
total_inactive_anon 45056
total_active_anon 197455872
total_inactive_file 196915200
total_active_file 16273408
total_unevictable 4096
--------------------BLKIO-----------------------
11:0 Read 0
11:0 Write 0
11:0 Sync 0
11:0 Async 0
11:0 Total 0
253:0 Read 213098496
253:0 Write 335872
253:0 Sync 61440
253:0 Async 213372928
253:0 Total 213434368
Total 213434368
--------------------CPUAC-----------------------
user 106
system 152
 
--------------------MEMCG-----------------------
MEM ONLY  : 457 MB
MEM+SWAP  : 457 MB
cache 247562240
rss 232042496
rss_huge 0
mapped_file 36610048
writeback 0
swap 0
pgpgin 214830
pgpgout 97739
pgfault 233889
pgmajfault 487
inactive_anon 45056
active_anon 232067072
inactive_file 231157760
active_file 16314368
unevictable 4096
hierarchical_memory_limit 999997440
hierarchical_memsw_limit 9223372036854771712
total_cache 247562240
total_rss 232042496
total_rss_huge 0
total_mapped_file 36610048
total_writeback 0
total_swap 0
total_pgpgin 214830
total_pgpgout 97739
total_pgfault 233889
total_pgmajfault 487
total_inactive_anon 45056
total_active_anon 232067072
total_inactive_file 231157760
total_active_file 16314368
total_unevictable 4096
--------------------BLKIO-----------------------
11:0 Read 0
11:0 Write 0
11:0 Sync 0
11:0 Async 0
11:0 Total 0
253:0 Read 247345152
253:0 Write 446464
253:0 Sync 159744
253:0 Async 247631872
253:0 Total 247791616
Total 247791616
--------------------CPUAC-----------------------
user 116
system 164
 
--------------------MEMCG-----------------------
MEM ONLY  : 496 MB
MEM+SWAP  : 496 MB
cache 269217792
rss 251633664
rss_huge 0
mapped_file 36610048
writeback 0
swap 0
pgpgin 224936
pgpgout 97775
pgfault 238755
pgmajfault 487
inactive_anon 45056
active_anon 251650048
inactive_file 252452864
active_file 16662528
unevictable 4096
hierarchical_memory_limit 999997440
hierarchical_memsw_limit 9223372036854771712
total_cache 269217792
total_rss 251633664
total_rss_huge 0
total_mapped_file 36610048
total_writeback 0
total_swap 0
total_pgpgin 224936
total_pgpgout 97775
total_pgfault 238755
total_pgmajfault 487
total_inactive_anon 45056
total_active_anon 251650048
total_inactive_file 252452864
total_active_file 16662528
total_unevictable 4096
--------------------BLKIO-----------------------
11:0 Read 0
11:0 Write 0
11:0 Sync 0
11:0 Async 0
11:0 Total 0
253:0 Read 268996608
253:0 Write 462848
253:0 Sync 159744
253:0 Async 269299712
253:0 Total 269459456
Total 269459456
--------------------CPUAC-----------------------
user 123
system 170
 
--------------------MEMCG-----------------------
MEM ONLY  : 518 MB
MEM+SWAP  : 518 MB
cache 289026048
rss 254644224
rss_huge 0
mapped_file 36610048
writeback 0
swap 0
pgpgin 230603
pgpgout 97871
pgfault 239615
pgmajfault 487
inactive_anon 45056
active_anon 254668800
inactive_file 269778944
active_file 19173376
unevictable 4096
hierarchical_memory_limit 999997440
hierarchical_memsw_limit 9223372036854771712
total_cache 289026048
total_rss 254644224
total_rss_huge 0
total_mapped_file 36610048
total_writeback 0
total_swap 0
total_pgpgin 230603
total_pgpgout 97871
total_pgfault 239615
total_pgmajfault 487
total_inactive_anon 45056
total_active_anon 254668800
total_inactive_file 269778944
total_active_file 19173376
total_unevictable 4096
--------------------BLKIO-----------------------
11:0 Read 0
11:0 Write 0
11:0 Sync 0
11:0 Async 0
11:0 Total 0
253:0 Read 288804864
253:0 Write 479232
253:0 Sync 159744
253:0 Async 289124352
253:0 Total 289284096
Total 289284096
--------------------CPUAC-----------------------
user 134
system 177
 
--------------------MEMCG-----------------------
MEM ONLY  : 538 MB
MEM+SWAP  : 538 MB
cache 308617216
rss 256376832
rss_huge 0
mapped_file 36610048
writeback 0
swap 0
pgpgin 235843
pgpgout 97905
pgfault 240068
pgmajfault 487
inactive_anon 45056
active_anon 256401408
inactive_file 287129600
active_file 21413888
unevictable 4096
hierarchical_memory_limit 999997440
hierarchical_memsw_limit 9223372036854771712
total_cache 308617216
total_rss 256376832
total_rss_huge 0
total_mapped_file 36610048
total_writeback 0
total_swap 0
total_pgpgin 235843
total_pgpgout 97905
total_pgfault 240068
total_pgmajfault 487
total_inactive_anon 45056
total_active_anon 256401408
total_inactive_file 287129600
total_active_file 21413888
total_unevictable 4096
--------------------BLKIO-----------------------
11:0 Read 0
11:0 Write 0
11:0 Sync 0
11:0 Async 0
11:0 Total 0
253:0 Read 308396032
253:0 Write 495616
253:0 Sync 159744
253:0 Async 308731904
253:0 Total 308891648
Total 308891648
--------------------CPUAC-----------------------
user 143
system 182
 
--------------------MEMCG-----------------------
MEM ONLY  : 558 MB
MEM+SWAP  : 558 MB
cache 327966720
rss 257273856
rss_huge 0
mapped_file 36610048
writeback 0
swap 0
pgpgin 240820
pgpgout 97939
pgfault 240317
pgmajfault 487
inactive_anon 45056
active_anon 257298432
inactive_file 304513024
active_file 23371776
unevictable 4096
hierarchical_memory_limit 999997440
hierarchical_memsw_limit 9223372036854771712
total_cache 327966720
total_rss 257273856
total_rss_huge 0
total_mapped_file 36610048
total_writeback 0
total_swap 0
total_pgpgin 240820
total_pgpgout 97939
total_pgfault 240317
total_pgmajfault 487
total_inactive_anon 45056
total_active_anon 257298432
total_inactive_file 304513024
total_active_file 23371776
total_unevictable 4096
--------------------BLKIO-----------------------
11:0 Read 0
11:0 Write 0
11:0 Sync 0
11:0 Async 0
11:0 Total 0
253:0 Read 327745536
253:0 Write 512000
253:0 Sync 159744
253:0 Async 328097792
253:0 Total 328257536
Total 328257536
--------------------CPUAC-----------------------
user 154
system 188
 
--------------------MEMCG-----------------------
MEM ONLY  : 579 MB
MEM+SWAP  : 579 MB
cache 349433856
rss 257748992
rss_huge 0
mapped_file 36610048
writeback 0
swap 0
pgpgin 246211
pgpgout 97973
pgfault 240463
pgmajfault 487
inactive_anon 45056
active_anon 257773568
inactive_file 324337664
active_file 24993792
unevictable 4096
hierarchical_memory_limit 999997440
hierarchical_memsw_limit 9223372036854771712
total_cache 349433856
total_rss 257748992
total_rss_huge 0
total_mapped_file 36610048
total_writeback 0
total_swap 0
total_pgpgin 246211
total_pgpgout 97973
total_pgfault 240463
total_pgmajfault 487
total_inactive_anon 45056
total_active_anon 257773568
total_inactive_file 324337664
total_active_file 24993792
total_unevictable 4096
--------------------BLKIO-----------------------
11:0 Read 0
11:0 Write 0
11:0 Sync 0
11:0 Async 0
11:0 Total 0
253:0 Read 349212672
253:0 Write 528384
253:0 Sync 159744
253:0 Async 349581312
253:0 Total 349741056
Total 349741056
--------------------CPUAC-----------------------
user 164
system 193
 
--------------------MEMCG-----------------------
MEM ONLY  : 600 MB
MEM+SWAP  : 600 MB
cache 371417088
rss 257765376
rss_huge 0
mapped_file 36610048
writeback 0
swap 0
pgpgin 251676
pgpgout 98067
pgfault 240556
pgmajfault 487
inactive_anon 45056
active_anon 257789952
inactive_file 344596480
active_file 26746880
unevictable 4096
hierarchical_memory_limit 999997440
hierarchical_memsw_limit 9223372036854771712
total_cache 371417088
total_rss 257765376
total_rss_huge 0
total_mapped_file 36610048
total_writeback 0
total_swap 0
total_pgpgin 251676
total_pgpgout 98067
total_pgfault 240556
total_pgmajfault 487
total_inactive_anon 45056
total_active_anon 257789952
total_inactive_file 344596480
total_active_file 26746880
total_unevictable 4096
--------------------BLKIO-----------------------
11:0 Read 0
11:0 Write 0
11:0 Sync 0
11:0 Async 0
11:0 Total 0
253:0 Read 371187712
253:0 Write 585728
253:0 Sync 196608
253:0 Async 371576832
253:0 Total 371773440
Total 371773440
--------------------CPUAC-----------------------
user 175
system 198
 
--------------------MEMCG-----------------------
MEM ONLY  : 619 MB
MEM+SWAP  : 619 MB
cache 391929856
rss 257912832
rss_huge 0
mapped_file 36610048
writeback 0
swap 0
pgpgin 256755
pgpgout 98102
pgfault 240622
pgmajfault 487
inactive_anon 45056
active_anon 257937408
inactive_file 363380736
active_file 28475392
unevictable 4096
hierarchical_memory_limit 999997440
hierarchical_memsw_limit 9223372036854771712
total_cache 391929856
total_rss 257912832
total_rss_huge 0
total_mapped_file 36610048
total_writeback 0
total_swap 0
total_pgpgin 256755
total_pgpgout 98102
total_pgfault 240622
total_pgmajfault 487
total_inactive_anon 45056
total_active_anon 257937408
total_inactive_file 363380736
total_active_file 28475392
total_unevictable 4096
--------------------BLKIO-----------------------
11:0 Read 0
11:0 Write 0
11:0 Sync 0
11:0 Async 0
11:0 Total 0
253:0 Read 391700480
253:0 Write 606208
253:0 Sync 196608
253:0 Async 392110080
253:0 Total 392306688
Total 392306688
--------------------CPUAC-----------------------
user 186
system 204
 
--------------------MEMCG-----------------------
MEM ONLY  : 642 MB
MEM+SWAP  : 642 MB
cache 414113792
rss 259043328
rss_huge 0
mapped_file 36610048
writeback 0
swap 0
pgpgin 262482
pgpgout 98137
pgfault 240928
pgmajfault 487
inactive_anon 45056
active_anon 259067904
inactive_file 383016960
active_file 30994432
unevictable 4096
hierarchical_memory_limit 999997440
hierarchical_memsw_limit 9223372036854771712
total_cache 414113792
total_rss 259043328
total_rss_huge 0
total_mapped_file 36610048
total_writeback 0
total_swap 0
total_pgpgin 262482
total_pgpgout 98137
total_pgfault 240928
total_pgmajfault 487
total_inactive_anon 45056
total_active_anon 259067904
total_inactive_file 383016960
total_active_file 30994432
total_unevictable 4096
--------------------BLKIO-----------------------
11:0 Read 0
11:0 Write 0
11:0 Sync 0
11:0 Async 0
11:0 Total 0
253:0 Read 413884416
253:0 Write 626688
253:0 Sync 196608
253:0 Async 414314496
253:0 Total 414511104
Total 414511104
--------------------CPUAC-----------------------
user 194
system 213
 
--------------------MEMCG-----------------------
MEM ONLY  : 663 MB
MEM+SWAP  : 663 MB
cache 436379648
rss 259051520
rss_huge 0
mapped_file 36610048
writeback 0
swap 0
pgpgin 267955
pgpgout 98172
pgfault 240960
pgmajfault 487
inactive_anon 45056
active_anon 259076096
inactive_file 402849792
active_file 33456128
unevictable 4096
hierarchical_memory_limit 999997440
hierarchical_memsw_limit 9223372036854771712
total_cache 436379648
total_rss 259051520
total_rss_huge 0
total_mapped_file 36610048
total_writeback 0
total_swap 0
total_pgpgin 267955
total_pgpgout 98172
total_pgfault 240960
total_pgmajfault 487
total_inactive_anon 45056
total_active_anon 259076096
total_inactive_file 402849792
total_active_file 33456128
total_unevictable 4096
--------------------BLKIO-----------------------
11:0 Read 0
11:0 Write 0
11:0 Sync 0
11:0 Async 0
11:0 Total 0
253:0 Read 436150272
253:0 Write 647168
253:0 Sync 196608
253:0 Async 436600832
253:0 Total 436797440
Total 436797440
--------------------CPUAC-----------------------
user 208
system 220
 
--------------------MEMCG-----------------------
MEM ONLY  : 686 MB
MEM+SWAP  : 686 MB
cache 460320768
rss 259063808
rss_huge 0
mapped_file 36610048
writeback 0
swap 0
pgpgin 273841
pgpgout 98210
pgfault 240996
pgmajfault 487
inactive_anon 45056
active_anon 259088384
inactive_file 424775680
active_file 35471360
unevictable 4096
hierarchical_memory_limit 999997440
hierarchical_memsw_limit 9223372036854771712
total_cache 460320768
total_rss 259063808
total_rss_huge 0
total_mapped_file 36610048
total_writeback 0
total_swap 0
total_pgpgin 273841
total_pgpgout 98210
total_pgfault 240996
total_pgmajfault 487
total_inactive_anon 45056
total_active_anon 259088384
total_inactive_file 424775680
total_active_file 35471360
total_unevictable 4096
--------------------BLKIO-----------------------
11:0 Read 0
11:0 Write 0
11:0 Sync 0
11:0 Async 0
11:0 Total 0
253:0 Read 460087296
253:0 Write 671744
253:0 Sync 196608
253:0 Async 460562432
253:0 Total 460759040
Total 460759040
--------------------CPUAC-----------------------
user 224
system 227
 
--------------------MEMCG-----------------------
MEM ONLY  : 708 MB
MEM+SWAP  : 708 MB
cache 483794944
rss 259096576
rss_huge 0
mapped_file 36610048
writeback 0
swap 0
pgpgin 279616
pgpgout 98246
pgfault 241035
pgmajfault 487
inactive_anon 45056
active_anon 259121152
inactive_file 446042112
active_file 37679104
unevictable 4096
hierarchical_memory_limit 999997440
hierarchical_memsw_limit 9223372036854771712
total_cache 483794944
total_rss 259096576
total_rss_huge 0
total_mapped_file 36610048
total_writeback 0
total_swap 0
total_pgpgin 279616
total_pgpgout 98246
total_pgfault 241035
total_pgmajfault 487
total_inactive_anon 45056
total_active_anon 259121152
total_inactive_file 446042112
total_active_file 37679104
total_unevictable 4096
--------------------BLKIO-----------------------
11:0 Read 0
11:0 Write 0
11:0 Sync 0
11:0 Async 0
11:0 Total 0
253:0 Read 483561472
253:0 Write 696320
253:0 Sync 196608
253:0 Async 484061184
253:0 Total 484257792
Total 484257792
--------------------CPUAC-----------------------
user 235
system 234
 
--------------------MEMCG-----------------------
MEM ONLY  : 730 MB
MEM+SWAP  : 730 MB
cache 506912768
rss 259121152
rss_huge 0
mapped_file 36610048
writeback 0
swap 0
pgpgin 285302
pgpgout 98282
pgfault 241071
pgmajfault 487
inactive_anon 45056
active_anon 259145728
inactive_file 466755584
active_file 40083456
unevictable 4096
hierarchical_memory_limit 999997440
hierarchical_memsw_limit 9223372036854771712
total_cache 506912768
total_rss 259121152
total_rss_huge 0
total_mapped_file 36610048
total_writeback 0
total_swap 0
total_pgpgin 285302
total_pgpgout 98282
total_pgfault 241071
total_pgmajfault 487
total_inactive_anon 45056
total_active_anon 259145728
total_inactive_file 466755584
total_active_file 40083456
total_unevictable 4096
--------------------BLKIO-----------------------
11:0 Read 0
11:0 Write 0
11:0 Sync 0
11:0 Async 0
11:0 Total 0
253:0 Read 506679296
253:0 Write 720896
253:0 Sync 196608
253:0 Async 507203584
253:0 Total 507400192
Total 507400192
--------------------CPUAC-----------------------
user 243
system 242
 
--------------------MEMCG-----------------------
MEM ONLY  : 752 MB
MEM+SWAP  : 752 MB
cache 530341888
rss 259129344
rss_huge 0
mapped_file 36610048
writeback 0
swap 0
pgpgin 291060
pgpgout 98318
pgfault 241103
pgmajfault 487
inactive_anon 45056
active_anon 259153920
inactive_file 487858176
active_file 42409984
unevictable 4096
hierarchical_memory_limit 999997440
hierarchical_memsw_limit 9223372036854771712
total_cache 530341888
total_rss 259129344
total_rss_huge 0
total_mapped_file 36610048
total_writeback 0
total_swap 0
total_pgpgin 291060
total_pgpgout 98318
total_pgfault 241103
total_pgmajfault 487
total_inactive_anon 45056
total_active_anon 259153920
total_inactive_file 487858176
total_active_file 42409984
total_unevictable 4096
--------------------BLKIO-----------------------
11:0 Read 0
11:0 Write 0
11:0 Sync 0
11:0 Async 0
11:0 Total 0
253:0 Read 530108416
253:0 Write 745472
253:0 Sync 196608
253:0 Async 530657280
253:0 Total 530853888
Total 530853888
--------------------CPUAC-----------------------
user 256
system 248
 
--------------------MEMCG-----------------------
MEM ONLY  : 774 MB
MEM+SWAP  : 774 MB
cache 552787968
rss 259129344
rss_huge 0
mapped_file 36610048
writeback 0
swap 0
pgpgin 296576
pgpgout 98354
pgfault 241133
pgmajfault 487
inactive_anon 45056
active_anon 259153920
inactive_file 507518976
active_file 45195264
unevictable 4096
hierarchical_memory_limit 999997440
hierarchical_memsw_limit 9223372036854771712
total_cache 552787968
total_rss 259129344
total_rss_huge 0
total_mapped_file 36610048
total_writeback 0
total_swap 0
total_pgpgin 296576
total_pgpgout 98354
total_pgfault 241133
total_pgmajfault 487
total_inactive_anon 45056
total_active_anon 259153920
total_inactive_file 507518976
total_active_file 45195264
total_unevictable 4096
--------------------BLKIO-----------------------
11:0 Read 0
11:0 Write 0
11:0 Sync 0
11:0 Async 0
11:0 Total 0
253:0 Read 552554496
253:0 Write 770048
253:0 Sync 196608
253:0 Async 553127936
253:0 Total 553324544
Total 553324544
--------------------CPUAC-----------------------
user 270
system 257
 
--------------------MEMCG-----------------------
MEM ONLY  : 796 MB
MEM+SWAP  : 795 MB
cache 575500288
rss 259129344
rss_huge 0
mapped_file 36610048
writeback 0
swap 0
pgpgin 302157
pgpgout 98390
pgfault 241164
pgmajfault 487
inactive_anon 45056
active_anon 259153920
inactive_file 527273984
active_file 48152576
unevictable 4096
hierarchical_memory_limit 999997440
hierarchical_memsw_limit 9223372036854771712
total_cache 575500288
total_rss 259129344
total_rss_huge 0
total_mapped_file 36610048
total_writeback 0
total_swap 0
total_pgpgin 302157
total_pgpgout 98390
total_pgfault 241164
total_pgmajfault 487
total_inactive_anon 45056
total_active_anon 259153920
total_inactive_file 527273984
total_active_file 48152576
total_unevictable 4096
--------------------BLKIO-----------------------
11:0 Read 0
11:0 Write 0
11:0 Sync 0
11:0 Async 0
11:0 Total 0
253:0 Read 575262720
253:0 Write 798720
253:0 Sync 196608
253:0 Async 575864832
253:0 Total 576061440
Total 576061440
--------------------CPUAC-----------------------
user 281
system 266
 
--------------------MEMCG-----------------------
MEM ONLY  : 819 MB
MEM+SWAP  : 819 MB
cache 599777280
rss 259149824
rss_huge 0
mapped_file 36610048
writeback 0
swap 0
pgpgin 308126
pgpgout 98427
pgfault 241199
pgmajfault 487
inactive_anon 45056
active_anon 259174400
inactive_file 548274176
active_file 51421184
unevictable 4096
hierarchical_memory_limit 999997440
hierarchical_memsw_limit 9223372036854771712
total_cache 599777280
total_rss 259149824
total_rss_huge 0
total_mapped_file 36610048
total_writeback 0
total_swap 0
total_pgpgin 308126
total_pgpgout 98427
total_pgfault 241199
total_pgmajfault 487
total_inactive_anon 45056
total_active_anon 259174400
total_inactive_file 548274176
total_active_file 51421184
total_unevictable 4096
--------------------BLKIO-----------------------
11:0 Read 0
11:0 Write 0
11:0 Sync 0
11:0 Async 0
11:0 Total 0
253:0 Read 599539712
253:0 Write 827392
253:0 Sync 196608
253:0 Async 600170496
253:0 Total 600367104
Total 600367104
--------------------CPUAC-----------------------
user 293
system 272
 
--------------------MEMCG-----------------------
MEM ONLY  : 844 MB
MEM+SWAP  : 843 MB
cache 625823744
rss 259149824
rss_huge 0
mapped_file 36610048
writeback 0
swap 0
pgpgin 314522
pgpgout 98464
pgfault 241229
pgmajfault 487
inactive_anon 45056
active_anon 259174400
inactive_file 569946112
active_file 55803904
unevictable 4096
hierarchical_memory_limit 999997440
hierarchical_memsw_limit 9223372036854771712
total_cache 625823744
total_rss 259149824
total_rss_huge 0
total_mapped_file 36610048
total_writeback 0
total_swap 0
total_pgpgin 314522
total_pgpgout 98464
total_pgfault 241229
total_pgmajfault 487
total_inactive_anon 45056
total_active_anon 259174400
total_inactive_file 569946112
total_active_file 55803904
total_unevictable 4096
--------------------BLKIO-----------------------
11:0 Read 0
11:0 Write 0
11:0 Sync 0
11:0 Async 0
11:0 Total 0
253:0 Read 625586176
253:0 Write 856064
253:0 Sync 196608
253:0 Async 626245632
253:0 Total 626442240
Total 626442240
--------------------CPUAC-----------------------
user 304
system 279
 
--------------------MEMCG-----------------------
MEM ONLY  : 867 MB
MEM+SWAP  : 867 MB
cache 650100736
rss 259153920
rss_huge 0
mapped_file 36610048
writeback 0
swap 0
pgpgin 320487
pgpgout 98501
pgfault 241260
pgmajfault 487
inactive_anon 45056
active_anon 259178496
inactive_file 590786560
active_file 59240448
unevictable 4096
hierarchical_memory_limit 999997440
hierarchical_memsw_limit 9223372036854771712
total_cache 650100736
total_rss 259153920
total_rss_huge 0
total_mapped_file 36610048
total_writeback 0
total_swap 0
total_pgpgin 320487
total_pgpgout 98501
total_pgfault 241260
total_pgmajfault 487
total_inactive_anon 45056
total_active_anon 259178496
total_inactive_file 590786560
total_active_file 59240448
total_unevictable 4096
--------------------BLKIO-----------------------
11:0 Read 0
11:0 Write 0
11:0 Sync 0
11:0 Async 0
11:0 Total 0
253:0 Read 649863168
253:0 Write 884736
253:0 Sync 196608
253:0 Async 650551296
253:0 Total 650747904
Total 650747904
--------------------CPUAC-----------------------
user 318
system 287
 
--------------------MEMCG-----------------------
MEM ONLY  : 902 MB
MEM+SWAP  : 902 MB
cache 687456256
rss 259129344
rss_huge 0
mapped_file 36610048
writeback 0
swap 0
pgpgin 329644
pgpgout 98544
pgfault 241290
pgmajfault 487
inactive_anon 45056
active_anon 259153920
inactive_file 621260800
active_file 66121728
unevictable 4096
hierarchical_memory_limit 999997440
hierarchical_memsw_limit 9223372036854771712
total_cache 687456256
total_rss 259129344
total_rss_huge 0
total_mapped_file 36610048
total_writeback 0
total_swap 0
total_pgpgin 329644
total_pgpgout 98544
total_pgfault 241290
total_pgmajfault 487
total_inactive_anon 45056
total_active_anon 259153920
total_inactive_file 621260800
total_active_file 66121728
total_unevictable 4096
--------------------BLKIO-----------------------
11:0 Read 0
11:0 Write 0
11:0 Sync 0
11:0 Async 0
11:0 Total 0
253:0 Read 687218688
253:0 Write 913408
253:0 Sync 196608
253:0 Async 687935488
253:0 Total 688132096
Total 688132096
--------------------CPUAC-----------------------
user 336
system 298
 
--------------------MEMCG-----------------------
MEM ONLY  : 938 MB
MEM+SWAP  : 938 MB
cache 725368832
rss 259063808
rss_huge 0
mapped_file 36610048
writeback 0
swap 0
pgpgin 338960
pgpgout 98620
pgfault 241343
pgmajfault 487
inactive_anon 45056
active_anon 259088384
inactive_file 652582912
active_file 72712192
unevictable 4096
hierarchical_memory_limit 999997440
hierarchical_memsw_limit 9223372036854771712
total_cache 725368832
total_rss 259063808
total_rss_huge 0
total_mapped_file 36610048
total_writeback 0
total_swap 0
total_pgpgin 338960
total_pgpgout 98620
total_pgfault 241343
total_pgmajfault 487
total_inactive_anon 45056
total_active_anon 259088384
total_inactive_file 652582912
total_active_file 72712192
total_unevictable 4096
--------------------BLKIO-----------------------
11:0 Read 0
11:0 Write 0
11:0 Sync 0
11:0 Async 0
11:0 Total 0
253:0 Read 725127168
253:0 Write 946176
253:0 Sync 196608
253:0 Async 725876736
253:0 Total 726073344
Total 726073344
--------------------CPUAC-----------------------
user 351
system 306
 
--------------------MEMCG-----------------------
MEM ONLY  : 953 MB
MEM+SWAP  : 953 MB
cache 741003264
rss 258965504
rss_huge 0
mapped_file 36581376
writeback 0
swap 0
pgpgin 348091
pgpgout 103958
pgfault 241387
pgmajfault 487
inactive_anon 45731840
active_anon 213303296
inactive_file 629088256
active_file 111841280
unevictable 4096
hierarchical_memory_limit 999997440
hierarchical_memsw_limit 9223372036854771712
total_cache 741003264
total_rss 258965504
total_rss_huge 0
total_mapped_file 36581376
total_writeback 0
total_swap 0
total_pgpgin 348091
total_pgpgout 103958
total_pgfault 241387
total_pgmajfault 487
total_inactive_anon 45731840
total_active_anon 213303296
total_inactive_file 629088256
total_active_file 111841280
total_unevictable 4096
--------------------BLKIO-----------------------
11:0 Read 0
11:0 Write 0
11:0 Sync 0
11:0 Async 0
11:0 Total 0
253:0 Read 762286080
253:0 Write 978944
253:0 Sync 196608
253:0 Async 763068416
253:0 Total 763265024
Total 763265024
--------------------CPUAC-----------------------
user 366
system 320
 
--------------------MEMCG-----------------------
MEM ONLY  : 953 MB
MEM+SWAP  : 953 MB
cache 740864000
rss 259014656
rss_huge 0
mapped_file 36581376
writeback 0
swap 0
pgpgin 357644
pgpgout 113533
pgfault 241462
pgmajfault 487
inactive_anon 80334848
active_anon 178749440
inactive_file 620761088
active_file 120000512
unevictable 4096
hierarchical_memory_limit 999997440
hierarchical_memsw_limit 9223372036854771712
total_cache 740864000
total_rss 259014656
total_rss_huge 0
total_mapped_file 36581376
total_writeback 0
total_swap 0
total_pgpgin 357644
total_pgpgout 113533
total_pgfault 241462
total_pgmajfault 487
total_inactive_anon 80334848
total_active_anon 178749440
total_inactive_file 620761088
total_active_file 120000512
total_unevictable 4096
--------------------BLKIO-----------------------
11:0 Read 0
11:0 Write 0
11:0 Sync 0
11:0 Async 0
11:0 Total 0
253:0 Read 800641024
253:0 Write 1011712
253:0 Sync 196608
253:0 Async 801456128
253:0 Total 801652736
Total 801652736
--------------------CPUAC-----------------------
user 382
system 340
 
--------------------MEMCG-----------------------
MEM ONLY  : 953 MB
MEM+SWAP  : 953 MB
cache 740966400
rss 258908160
rss_huge 0
mapped_file 36581376
writeback 0
swap 0
pgpgin 367522
pgpgout 123412
pgfault 241511
pgmajfault 487
inactive_anon 116510720
active_anon 142467072
inactive_file 611004416
active_file 129888256
unevictable 4096
hierarchical_memory_limit 999997440
hierarchical_memsw_limit 9223372036854771712
total_cache 740966400
total_rss 258908160
total_rss_huge 0
total_mapped_file 36581376
total_writeback 0
total_swap 0
total_pgpgin 367522
total_pgpgout 123412
total_pgfault 241511
total_pgmajfault 487
total_inactive_anon 116510720
total_active_anon 142467072
total_inactive_file 611004416
total_active_file 129888256
total_unevictable 4096
--------------------BLKIO-----------------------
11:0 Read 0
11:0 Write 0
11:0 Sync 0
11:0 Async 0
11:0 Total 0
253:0 Read 839159808
253:0 Write 1044480
253:0 Sync 196608
253:0 Async 840007680
253:0 Total 840204288
Total 840204288
--------------------CPUAC-----------------------
user 404
system 355
 
--------------------MEMCG-----------------------
MEM ONLY  : 953 MB
MEM+SWAP  : 953 MB
cache 740990976
rss 258883584
rss_huge 0
mapped_file 36581376
writeback 0
swap 0
pgpgin 377567
pgpgout 133457
pgfault 241567
pgmajfault 487
inactive_anon 129617920
active_anon 129335296
inactive_file 599957504
active_file 140959744
unevictable 4096
hierarchical_memory_limit 999997440
hierarchical_memsw_limit 9223372036854771712
total_cache 740990976
total_rss 258883584
total_rss_huge 0
total_mapped_file 36581376
total_writeback 0
total_swap 0
total_pgpgin 377567
total_pgpgout 133457
total_pgfault 241567
total_pgmajfault 487
total_inactive_anon 129617920
total_active_anon 129335296
total_inactive_file 599957504
total_active_file 140959744
total_unevictable 4096
--------------------BLKIO-----------------------
11:0 Read 0
11:0 Write 0
11:0 Sync 0
11:0 Async 0
11:0 Total 0
253:0 Read 878006272
253:0 Write 1044480
253:0 Sync 196608
253:0 Async 878854144
253:0 Total 879050752
Total 879050752
--------------------CPUAC-----------------------
user 428
system 368
 
--------------------MEMCG-----------------------
MEM ONLY  : 953 MB
MEM+SWAP  : 953 MB
cache 740962304
rss 258953216
rss_huge 0
mapped_file 36581376
writeback 0
swap 0
pgpgin 387372
pgpgout 143252
pgfault 241649
pgmajfault 487
inactive_anon 129617920
active_anon 129404928
inactive_file 588070912
active_file 152817664
unevictable 4096
hierarchical_memory_limit 999997440
hierarchical_memsw_limit 9223372036854771712
total_cache 740962304
total_rss 258953216
total_rss_huge 0
total_mapped_file 36581376
total_writeback 0
total_swap 0
total_pgpgin 387372
total_pgpgout 143252
total_pgfault 241649
total_pgmajfault 487
total_inactive_anon 129617920
total_active_anon 129404928
total_inactive_file 588070912
total_active_file 152817664
total_unevictable 4096
--------------------BLKIO-----------------------
11:0 Read 0
11:0 Write 0
11:0 Sync 0
11:0 Async 0
11:0 Total 0
253:0 Read 914989056
253:0 Write 1044480
253:0 Sync 196608
253:0 Async 915836928
253:0 Total 916033536
Total 916033536
--------------------CPUAC-----------------------
user 442
system 380
 
--------------------MEMCG-----------------------
MEM ONLY  : 953 MB
MEM+SWAP  : 953 MB
cache 741060608
rss 258912256
rss_huge 0
mapped_file 36581376
writeback 0
swap 0
pgpgin 397858
pgpgout 153724
pgfault 241699
pgmajfault 487
inactive_anon 129617920
active_anon 129363968
inactive_file 575619072
active_file 165367808
unevictable 4096
hierarchical_memory_limit 999997440
hierarchical_memsw_limit 9223372036854771712
total_cache 741060608
total_rss 258912256
total_rss_huge 0
total_mapped_file 36581376
total_writeback 0
total_swap 0
total_pgpgin 397858
total_pgpgout 153724
total_pgfault 241699
total_pgmajfault 487
total_inactive_anon 129617920
total_active_anon 129363968
total_inactive_file 575619072
total_active_file 165367808
total_unevictable 4096
--------------------BLKIO-----------------------
11:0 Read 0
11:0 Write 0
11:0 Sync 0
11:0 Async 0
11:0 Total 0
253:0 Read 953286656
253:0 Write 1056768
253:0 Sync 196608
253:0 Async 954146816
253:0 Total 954343424
Total 954343424
--------------------CPUAC-----------------------
user 462
system 396
 
--------------------MEMCG-----------------------
MEM ONLY  : 953 MB
MEM+SWAP  : 953 MB
cache 741183488
rss 258785280
rss_huge 0
mapped_file 36581376
writeback 0
swap 0
pgpgin 408228
pgpgout 164095
pgfault 241740
pgmajfault 487
inactive_anon 129576960
active_anon 129277952
inactive_file 562475008
active_file 178634752
unevictable 4096
hierarchical_memory_limit 999997440
hierarchical_memsw_limit 9223372036854771712
total_cache 741183488
total_rss 258785280
total_rss_huge 0
total_mapped_file 36581376
total_writeback 0
total_swap 0
total_pgpgin 408228
total_pgpgout 164095
total_pgfault 241740
total_pgmajfault 487
total_inactive_anon 129576960
total_active_anon 129277952
total_inactive_file 562475008
total_active_file 178634752
total_unevictable 4096
--------------------BLKIO-----------------------
11:0 Read 0
11:0 Write 0
11:0 Sync 0
11:0 Async 0
11:0 Total 0
253:0 Read 990892032
253:0 Write 1069056
253:0 Sync 196608
253:0 Async 991764480
253:0 Total 991961088
Total 991961088
--------------------CPUAC-----------------------
user 480
system 414
 
--------------------MEMCG-----------------------
MEM ONLY  : 953 MB
MEM+SWAP  : 953 MB
cache 741232640
rss 258641920
rss_huge 0
mapped_file 36581376
writeback 0
swap 0
pgpgin 419355
pgpgout 175245
pgfault 241784
pgmajfault 487
inactive_anon 129576960
active_anon 129134592
inactive_file 548012032
active_file 193138688
unevictable 4096
hierarchical_memory_limit 999997440
hierarchical_memsw_limit 9223372036854771712
total_cache 741232640
total_rss 258641920
total_rss_huge 0
total_mapped_file 36581376
total_writeback 0
total_swap 0
total_pgpgin 419355
total_pgpgout 175245
total_pgfault 241784
total_pgmajfault 487
total_inactive_anon 129576960
total_active_anon 129134592
total_inactive_file 548012032
total_active_file 193138688
total_unevictable 4096
--------------------BLKIO-----------------------
11:0 Read 0
11:0 Write 0
11:0 Sync 0
11:0 Async 0
11:0 Total 0
253:0 Read 1029763072
253:0 Write 1081344
253:0 Sync 196608
253:0 Async 1030647808
253:0 Total 1030844416
Total 1030844416
--------------------CPUAC-----------------------
user 496
system 425
 
--------------------MEMCG-----------------------
MEM ONLY  : 953 MB
MEM+SWAP  : 953 MB
cache 741339136
rss 258461696
rss_huge 0
mapped_file 36581376
writeback 0
swap 0
pgpgin 430521
pgpgout 186429
pgfault 241822
pgmajfault 487
inactive_anon 129576960
active_anon 128954368
inactive_file 533172224
active_file 208044032
unevictable 4096
hierarchical_memory_limit 999997440
hierarchical_memsw_limit 9223372036854771712
total_cache 741339136
total_rss 258461696
total_rss_huge 0
total_mapped_file 36581376
total_writeback 0
total_swap 0
total_pgpgin 430521
total_pgpgout 186429
total_pgfault 241822
total_pgmajfault 487
total_inactive_anon 129576960
total_active_anon 128954368
total_inactive_file 533172224
total_active_file 208044032
total_unevictable 4096
--------------------BLKIO-----------------------
11:0 Read 0
11:0 Write 0
11:0 Sync 0
11:0 Async 0
11:0 Total 0
253:0 Read 1067782144
253:0 Write 1093632
253:0 Sync 196608
253:0 Async 1068679168
253:0 Total 1068875776
Total 1068875776
--------------------CPUAC-----------------------
user 512
system 440
 
--------------------MEMCG-----------------------
MEM ONLY  : 953 MB
MEM+SWAP  : 953 MB
cache 741613568
rss 258301952
rss_huge 0
mapped_file 36581376
writeback 0
swap 0
pgpgin 442259
pgpgout 198139
pgfault 241869
pgmajfault 487
inactive_anon 129576960
active_anon 128794624
inactive_file 516554752
active_file 224948224
unevictable 4096
hierarchical_memory_limit 999997440
hierarchical_memsw_limit 9223372036854771712
total_cache 741613568
total_rss 258301952
total_rss_huge 0
total_mapped_file 36581376
total_writeback 0
total_swap 0
total_pgpgin 442259
total_pgpgout 198139
total_pgfault 241869
total_pgmajfault 487
total_inactive_anon 129576960
total_active_anon 128794624
total_inactive_file 516554752
total_active_file 224948224
total_unevictable 4096
--------------------BLKIO-----------------------
11:0 Read 0
11:0 Write 0
11:0 Sync 0
11:0 Async 0
11:0 Total 0
253:0 Read 1106706432
253:0 Write 1110016
253:0 Sync 196608
253:0 Async 1107619840
253:0 Total 1107816448
Total 1107816448
--------------------CPUAC-----------------------
user 530
system 454
 
--------------------MEMCG-----------------------
MEM ONLY  : 953 MB
MEM+SWAP  : 953 MB
cache 741814272
rss 258039808
rss_huge 0
mapped_file 36581376
writeback 0
swap 0
pgpgin 454384
pgpgout 210279
pgfault 241900
pgmajfault 487
inactive_anon 129576960
active_anon 128532480
inactive_file 498278400
active_file 243462144
unevictable 4096
hierarchical_memory_limit 999997440
hierarchical_memsw_limit 9223372036854771712
total_cache 741814272
total_rss 258039808
total_rss_huge 0
total_mapped_file 36581376
total_writeback 0
total_swap 0
total_pgpgin 454384
total_pgpgout 210279
total_pgfault 241900
total_pgmajfault 487
total_inactive_anon 129576960
total_active_anon 128532480
total_inactive_file 498278400
total_active_file 243462144
total_unevictable 4096
--------------------BLKIO-----------------------
11:0 Read 0
11:0 Write 0
11:0 Sync 0
11:0 Async 0
11:0 Total 0
253:0 Read 1144983552
253:0 Write 1126400
253:0 Sync 196608
253:0 Async 1145913344
253:0 Total 1146109952
Total 1146109952
--------------------CPUAC-----------------------
user 548
system 468
 
--------------------MEMCG-----------------------
MEM ONLY  : 953 MB
MEM+SWAP  : 953 MB
cache 741904384
rss 258084864
rss_huge 0
mapped_file 36581376
writeback 0
swap 0
pgpgin 466274
pgpgout 222136
pgfault 241942
pgmajfault 487
inactive_anon 129576960
active_anon 128577536
inactive_file 479289344
active_file 262512640
unevictable 4096
hierarchical_memory_limit 999997440
hierarchical_memsw_limit 9223372036854771712
total_cache 741904384
total_rss 258084864
total_rss_huge 0
total_mapped_file 36581376
total_writeback 0
total_swap 0
total_pgpgin 466274
total_pgpgout 222136
total_pgfault 241942
total_pgmajfault 487
total_inactive_anon 129576960
total_active_anon 128577536
total_inactive_file 479289344
total_active_file 262512640
total_unevictable 4096
--------------------BLKIO-----------------------
11:0 Read 0
11:0 Write 0
11:0 Sync 0
11:0 Async 0
11:0 Total 0
253:0 Read 1181794304
253:0 Write 1142784
253:0 Sync 196608
253:0 Async 1182740480
253:0 Total 1182937088
Total 1182937088
--------------------CPUAC-----------------------
user 566
system 484
 
--------------------MEMCG-----------------------
MEM ONLY  : 953 MB
MEM+SWAP  : 953 MB
cache 741998592
rss 257810432
rss_huge 0
mapped_file 36581376
writeback 0
swap 0
pgpgin 478384
pgpgout 234290
pgfault 241972
pgmajfault 487
inactive_anon 129576960
active_anon 128303104
inactive_file 460271616
active_file 281624576
unevictable 4096
hierarchical_memory_limit 999997440
hierarchical_memsw_limit 9223372036854771712
total_cache 741998592
total_rss 257810432
total_rss_huge 0
total_mapped_file 36581376
total_writeback 0
total_swap 0
total_pgpgin 478384
total_pgpgout 234290
total_pgfault 241972
total_pgmajfault 487
total_inactive_anon 129576960
total_active_anon 128303104
total_inactive_file 460271616
total_active_file 281624576
total_unevictable 4096
--------------------BLKIO-----------------------
11:0 Read 0
11:0 Write 0
11:0 Sync 0
11:0 Async 0
11:0 Total 0
253:0 Read 1219502080
253:0 Write 1159168
253:0 Sync 196608
253:0 Async 1220464640
253:0 Total 1220661248
Total 1220661248
--------------------CPUAC-----------------------
user 584
system 498
 
--------------------MEMCG-----------------------
MEM ONLY  : 953 MB
MEM+SWAP  : 953 MB
cache 742322176
rss 257622016
rss_huge 0
mapped_file 36495360
writeback 0
swap 0
pgpgin 491150
pgpgout 247023
pgfault 242026
pgmajfault 487
inactive_anon 129576960
active_anon 128114688
inactive_file 440238080
active_file 302002176
unevictable 4096
hierarchical_memory_limit 999997440
hierarchical_memsw_limit 9223372036854771712
total_cache 742322176
total_rss 257622016
total_rss_huge 0
total_mapped_file 36495360
total_writeback 0
total_swap 0
total_pgpgin 491150
total_pgpgout 247023
total_pgfault 242026
total_pgmajfault 487
total_inactive_anon 129576960
total_active_anon 128114688
total_inactive_file 440238080
total_active_file 302002176
total_unevictable 4096
--------------------BLKIO-----------------------
11:0 Read 0
11:0 Write 0
11:0 Sync 0
11:0 Async 0
11:0 Total 0
253:0 Read 1256984576
253:0 Write 1175552
253:0 Sync 196608
253:0 Async 1257963520
253:0 Total 1258160128
Total 1258160128
--------------------CPUAC-----------------------
user 606
system 511
 
--------------------MEMCG-----------------------
MEM ONLY  : 953 MB
MEM+SWAP  : 953 MB
cache 742367232
rss 257622016
rss_huge 0
mapped_file 36495360
writeback 0
swap 0
pgpgin 503634
pgpgout 259496
pgfault 242056
pgmajfault 487
inactive_anon 129576960
active_anon 128114688
inactive_file 421134336
active_file 321126400
unevictable 4096
hierarchical_memory_limit 999997440
hierarchical_memsw_limit 9223372036854771712
total_cache 742367232
total_rss 257622016
total_rss_huge 0
total_mapped_file 36495360
total_writeback 0
total_swap 0
total_pgpgin 503634
total_pgpgout 259496
total_pgfault 242056
total_pgmajfault 487
total_inactive_anon 129576960
total_active_anon 128114688
total_inactive_file 421134336
total_active_file 321126400
total_unevictable 4096
--------------------BLKIO-----------------------
11:0 Read 0
11:0 Write 0
11:0 Sync 0
11:0 Async 0
11:0 Total 0
253:0 Read 1293307904
253:0 Write 1196032
253:0 Sync 196608
253:0 Async 1294307328
253:0 Total 1294503936
Total 1294503936
--------------------CPUAC-----------------------
user 626
system 528
 
--------------------MEMCG-----------------------
MEM ONLY  : 953 MB
MEM+SWAP  : 953 MB
cache 742805504
rss 257191936
rss_huge 0
mapped_file 36495360
writeback 0
swap 0
pgpgin 516655
pgpgout 272515
pgfault 242086
pgmajfault 487
inactive_anon 129576960
active_anon 127684608
inactive_file 402808832
active_file 339898368
unevictable 4096
hierarchical_memory_limit 999997440
hierarchical_memsw_limit 9223372036854771712
total_cache 742805504
total_rss 257191936
total_rss_huge 0
total_mapped_file 36495360
total_writeback 0
total_swap 0
total_pgpgin 516655
total_pgpgout 272515
total_pgfault 242086
total_pgmajfault 487
total_inactive_anon 129576960
total_active_anon 127684608
total_inactive_file 402808832
total_active_file 339898368
total_unevictable 4096
--------------------BLKIO-----------------------
11:0 Read 0
11:0 Write 0
11:0 Sync 0
11:0 Async 0
11:0 Total 0
253:0 Read 1330475008
253:0 Write 1216512
253:0 Sync 196608
253:0 Async 1331494912
253:0 Total 1331691520
Total 1331691520
--------------------CPUAC-----------------------
user 650
system 542
 
--------------------MEMCG-----------------------
MEM ONLY  : 953 MB
MEM+SWAP  : 953 MB
cache 742776832
rss 257196032
rss_huge 0
mapped_file 36495360
writeback 0
swap 0
pgpgin 530452
pgpgout 286318
pgfault 242117
pgmajfault 487
inactive_anon 129576960
active_anon 127688704
inactive_file 381378560
active_file 361324544
unevictable 4096
hierarchical_memory_limit 999997440
hierarchical_memsw_limit 9223372036854771712
total_cache 742776832
total_rss 257196032
total_rss_huge 0
total_mapped_file 36495360
total_writeback 0
total_swap 0
total_pgpgin 530452
total_pgpgout 286318
total_pgfault 242117
total_pgmajfault 487
total_inactive_anon 129576960
total_active_anon 127688704
total_inactive_file 381378560
total_active_file 361324544
total_unevictable 4096
--------------------BLKIO-----------------------
11:0 Read 0
11:0 Write 0
11:0 Sync 0
11:0 Async 0
11:0 Total 0
253:0 Read 1367638016
253:0 Write 1236992
253:0 Sync 196608
253:0 Async 1368678400
253:0 Total 1368875008
Total 1368875008
--------------------CPUAC-----------------------
user 672
system 562
 
--------------------MEMCG-----------------------
MEM ONLY  : 953 MB
MEM+SWAP  : 953 MB
cache 743215104
rss 256749568
rss_huge 0
mapped_file 36495360
writeback 0
swap 0
pgpgin 543857
pgpgout 299725
pgfault 242147
pgmajfault 487
inactive_anon 129576960
active_anon 127242240
inactive_file 371621888
active_file 371462144
unevictable 4096
hierarchical_memory_limit 999997440
hierarchical_memsw_limit 9223372036854771712
total_cache 743215104
total_rss 256749568
total_rss_huge 0
total_mapped_file 36495360
total_writeback 0
total_swap 0
total_pgpgin 543857
total_pgpgout 299725
total_pgfault 242147
total_pgmajfault 487
total_inactive_anon 129576960
total_active_anon 127242240
total_inactive_file 371621888
total_active_file 371462144
total_unevictable 4096
--------------------BLKIO-----------------------
11:0 Read 0
11:0 Write 0
11:0 Sync 0
11:0 Async 0
11:0 Total 0
253:0 Read 1404162048
253:0 Write 1257472
253:0 Sync 196608
253:0 Async 1405222912
253:0 Total 1405419520
Total 1405419520
--------------------CPUAC-----------------------
user 696
system 579
 
--------------------MEMCG-----------------------
MEM ONLY  : 953 MB
MEM+SWAP  : 953 MB
cache 743051264
rss 256749568
rss_huge 0
mapped_file 36495360
writeback 0
swap 0
pgpgin 558312
pgpgout 314220
pgfault 242177
pgmajfault 487
inactive_anon 129576960
active_anon 127242240
inactive_file 371646464
active_file 371286016
unevictable 4096
hierarchical_memory_limit 999997440
hierarchical_memsw_limit 9223372036854771712
total_cache 743051264
total_rss 256749568
total_rss_huge 0
total_mapped_file 36495360
total_writeback 0
total_swap 0
total_pgpgin 558312
total_pgpgout 314220
total_pgfault 242177
total_pgmajfault 487
total_inactive_anon 129576960
total_active_anon 127242240
total_inactive_file 371646464
total_active_file 371286016
total_unevictable 4096
--------------------BLKIO-----------------------
11:0 Read 0
11:0 Write 0
11:0 Sync 0
11:0 Async 0
11:0 Total 0
253:0 Read 1441120256
253:0 Write 1282048
253:0 Sync 196608
253:0 Async 1442205696
253:0 Total 1442402304
Total 1442402304
--------------------CPUAC-----------------------
user 721
system 593
 
--------------------MEMCG-----------------------
MEM ONLY  : 953 MB
MEM+SWAP  : 953 MB
cache 743149568
rss 256724992
rss_huge 0
mapped_file 36495360
writeback 0
swap 0
pgpgin 573311
pgpgout 329201
pgfault 242217
pgmajfault 487
inactive_anon 129576960
active_anon 127217664
inactive_file 371638272
active_file 371433472
unevictable 4096
hierarchical_memory_limit 999997440
hierarchical_memsw_limit 9223372036854771712
total_cache 743149568
total_rss 256724992
total_rss_huge 0
total_mapped_file 36495360
total_writeback 0
total_swap 0
total_pgpgin 573311
total_pgpgout 329201
total_pgfault 242217
total_pgmajfault 487
total_inactive_anon 129576960
total_active_anon 127217664
total_inactive_file 371638272
total_active_file 371433472
total_unevictable 4096
--------------------BLKIO-----------------------
11:0 Read 0
11:0 Write 0
11:0 Sync 0
11:0 Async 0
11:0 Total 0
253:0 Read 1477152768
253:0 Write 1306624
253:0 Sync 196608
253:0 Async 1478262784
253:0 Total 1478459392
Total 1478459392
--------------------CPUAC-----------------------
user 743
system 610
 
--------------------MEMCG-----------------------
MEM ONLY  : 953 MB
MEM+SWAP  : 953 MB
cache 743104512
rss 256774144
rss_huge 0
mapped_file 36495360
writeback 0
swap 0
pgpgin 589426
pgpgout 345315
pgfault 242259
pgmajfault 487
inactive_anon 129576960
active_anon 127266816
inactive_file 371732480
active_file 371290112
unevictable 4096
hierarchical_memory_limit 999997440
hierarchical_memsw_limit 9223372036854771712
total_cache 743104512
total_rss 256774144
total_rss_huge 0
total_mapped_file 36495360
total_writeback 0
total_swap 0
total_pgpgin 589426
total_pgpgout 345315
total_pgfault 242259
total_pgmajfault 487
total_inactive_anon 129576960
total_active_anon 127266816
total_inactive_file 371732480
total_active_file 371290112
total_unevictable 4096
--------------------BLKIO-----------------------
11:0 Read 0
11:0 Write 0
11:0 Sync 0
11:0 Async 0
11:0 Total 0
253:0 Read 1514455040
253:0 Write 1331200
253:0 Sync 196608
253:0 Async 1515589632
253:0 Total 1515786240
Total 1515786240
--------------------CPUAC-----------------------
user 768
system 633
 
