--------------------MEMCG-----------------------
MEM ONLY  : 953 MB
MEM+SWAP  : 953 MB
cache 733556736
rss 266063872
rss_huge 0
mapped_file 5591040
writeback 0
swap 0
pgpgin 1182520
pgpgout 938472
pgfault 246955
pgmajfault 590
inactive_anon 133230592
active_anon 132902912
inactive_file 366837760
active_file 366579712
unevictable 4096
hierarchical_memory_limit 999997440
hierarchical_memsw_limit 9223372036854771712
total_cache 733556736
total_rss 266063872
total_rss_huge 0
total_mapped_file 5591040
total_writeback 0
total_swap 0
total_pgpgin 1182520
total_pgpgout 938472
total_pgfault 246955
total_pgmajfault 590
total_inactive_anon 133230592
total_active_anon 132902912
total_inactive_file 366837760
total_active_file 366579712
total_unevictable 4096
--------------------BLKIO-----------------------
11:0 Read 0
11:0 Write 0
11:0 Sync 0
11:0 Async 0
11:0 Total 0
253:0 Read 2244407296
253:0 Write 1949696
253:0 Sync 196608
253:0 Async 2246160384
253:0 Total 2246356992
Total 2246356992
--------------------CPUAC-----------------------
user 1656
system 1299
 
--------------------MEMCG-----------------------
MEM ONLY  : 953 MB
MEM+SWAP  : 953 MB
cache 728936448
rss 270979072
rss_huge 0
mapped_file 5591040
writeback 0
swap 0
pgpgin 1246063
pgpgout 1001943
pgfault 248361
pgmajfault 590
inactive_anon 135602176
active_anon 135446528
inactive_file 364699648
active_file 364113920
unevictable 4096
hierarchical_memory_limit 999997440
hierarchical_memsw_limit 9223372036854771712
total_cache 728936448
total_rss 270979072
total_rss_huge 0
total_mapped_file 5591040
total_writeback 0
total_swap 0
total_pgpgin 1246063
total_pgpgout 1001943
total_pgfault 248361
total_pgmajfault 590
total_inactive_anon 135602176
total_active_anon 135446528
total_inactive_file 364699648
total_active_file 364113920
total_unevictable 4096
--------------------BLKIO-----------------------
11:0 Read 0
11:0 Write 0
11:0 Sync 0
11:0 Async 0
11:0 Total 0
253:0 Read 2275115008
253:0 Write 1961984
253:0 Sync 196608
253:0 Async 2276880384
253:0 Total 2277076992
Total 2277076992
--------------------CPUAC-----------------------
user 1745
system 1363
 
--------------------MEMCG-----------------------
MEM ONLY  : 953 MB
MEM+SWAP  : 953 MB
cache 726577152
rss 273162240
rss_huge 0
mapped_file 5591040
writeback 0
swap 0
pgpgin 1314829
pgpgout 1070752
pgfault 249006
pgmajfault 590
inactive_anon 136708096
active_anon 136523776
inactive_file 363220992
active_file 363204608
unevictable 4096
hierarchical_memory_limit 999997440
hierarchical_memsw_limit 9223372036854771712
total_cache 726577152
total_rss 273162240
total_rss_huge 0
total_mapped_file 5591040
total_writeback 0
total_swap 0
total_pgpgin 1314829
total_pgpgout 1070752
total_pgfault 249006
total_pgmajfault 590
total_inactive_anon 136708096
total_active_anon 136523776
total_inactive_file 363220992
total_active_file 363204608
total_unevictable 4096
--------------------BLKIO-----------------------
11:0 Read 0
11:0 Write 0
11:0 Sync 0
11:0 Async 0
11:0 Total 0
253:0 Read 2305712128
253:0 Write 1978368
253:0 Sync 196608
253:0 Async 2307493888
253:0 Total 2307690496
Total 2307690496
--------------------CPUAC-----------------------
user 1839
system 1433
 
--------------------MEMCG-----------------------
MEM ONLY  : 953 MB
MEM+SWAP  : 953 MB
cache 723247104
rss 276606976
rss_huge 0
mapped_file 5558272
writeback 0
swap 0
pgpgin 1393914
pgpgout 1149809
pgfault 250096
pgmajfault 590
inactive_anon 138420224
active_anon 138256384
inactive_file 361672704
active_file 361455616
unevictable 4096
hierarchical_memory_limit 999997440
hierarchical_memsw_limit 9223372036854771712
total_cache 723247104
total_rss 276606976
total_rss_huge 0
total_mapped_file 5558272
total_writeback 0
total_swap 0
total_pgpgin 1393914
total_pgpgout 1149809
total_pgfault 250096
total_pgmajfault 590
total_inactive_anon 138420224
total_active_anon 138256384
total_inactive_file 361672704
total_active_file 361455616
total_unevictable 4096
--------------------BLKIO-----------------------
11:0 Read 0
11:0 Write 0
11:0 Sync 0
11:0 Async 0
11:0 Total 0
253:0 Read 2333507584
253:0 Write 1994752
253:0 Sync 196608
253:0 Async 2335305728
253:0 Total 2335502336
Total 2335502336
--------------------CPUAC-----------------------
user 1944
system 1509
 
--------------------MEMCG-----------------------
MEM ONLY  : 953 MB
MEM+SWAP  : 953 MB
cache 721334272
rss 278573056
rss_huge 0
mapped_file 5550080
writeback 0
swap 0
pgpgin 1482502
pgpgout 1238384
pgfault 250938
pgmajfault 590
inactive_anon 139493376
active_anon 139149312
inactive_file 360800256
active_file 360419328
unevictable 4096
hierarchical_memory_limit 999997440
hierarchical_memsw_limit 9223372036854771712
total_cache 721334272
total_rss 278573056
total_rss_huge 0
total_mapped_file 5550080
total_writeback 0
total_swap 0
total_pgpgin 1482502
total_pgpgout 1238384
total_pgfault 250938
total_pgmajfault 590
total_inactive_anon 139493376
total_active_anon 139149312
total_inactive_file 360800256
total_active_file 360419328
total_unevictable 4096
--------------------BLKIO-----------------------
11:0 Read 0
11:0 Write 0
11:0 Sync 0
11:0 Async 0
11:0 Total 0
253:0 Read 2361139200
253:0 Write 2011136
253:0 Sync 196608
253:0 Async 2362953728
253:0 Total 2363150336
Total 2363150336
--------------------CPUAC-----------------------
user 2049
system 1593
 
--------------------MEMCG-----------------------
MEM ONLY  : 953 MB
MEM+SWAP  : 953 MB
cache 713211904
rss 286736384
rss_huge 0
mapped_file 4325376
writeback 0
swap 0
pgpgin 1592842
pgpgout 1348714
pgfault 253029
pgmajfault 590
inactive_anon 143491072
active_anon 143314944
inactive_file 356728832
active_file 356405248
unevictable 4096
hierarchical_memory_limit 999997440
hierarchical_memsw_limit 9223372036854771712
total_cache 713211904
total_rss 286736384
total_rss_huge 0
total_mapped_file 4325376
total_writeback 0
total_swap 0
total_pgpgin 1592842
total_pgpgout 1348714
total_pgfault 253029
total_pgmajfault 590
total_inactive_anon 143491072
total_active_anon 143314944
total_inactive_file 356728832
total_active_file 356405248
total_unevictable 4096
--------------------BLKIO-----------------------
11:0 Read 0
11:0 Write 0
11:0 Sync 0
11:0 Async 0
11:0 Total 0
253:0 Read 2386214912
253:0 Write 2031616
253:0 Sync 196608
253:0 Async 2388049920
253:0 Total 2388246528
Total 2388246528
--------------------CPUAC-----------------------
user 2184
system 1694
 
--------------------MEMCG-----------------------
MEM ONLY  : 953 MB
MEM+SWAP  : 953 MB
cache 709578752
rss 290328576
rss_huge 0
mapped_file 2850816
writeback 0
swap 0
pgpgin 1723291
pgpgout 1479173
pgfault 254225
pgmajfault 590
inactive_anon 145235968
active_anon 145162240
inactive_file 354951168
active_file 354541568
unevictable 4096
hierarchical_memory_limit 999997440
hierarchical_memsw_limit 9223372036854771712
total_cache 709578752
total_rss 290328576
total_rss_huge 0
total_mapped_file 2850816
total_writeback 0
total_swap 0
total_pgpgin 1723291
total_pgpgout 1479173
total_pgfault 254225
total_pgmajfault 590
total_inactive_anon 145235968
total_active_anon 145162240
total_inactive_file 354951168
total_active_file 354541568
total_unevictable 4096
--------------------BLKIO-----------------------
11:0 Read 0
11:0 Write 0
11:0 Sync 0
11:0 Async 0
11:0 Total 0
253:0 Read 2409414656
253:0 Write 2052096
253:0 Sync 196608
253:0 Async 2411270144
253:0 Total 2411466752
Total 2411466752
--------------------CPUAC-----------------------
user 2359
system 1808
 
--------------------MEMCG-----------------------
MEM ONLY  : 953 MB
MEM+SWAP  : 953 MB
cache 709738496
rss 289951744
rss_huge 0
mapped_file 2805760
writeback 0
swap 0
pgpgin 1880715
pgpgout 1636650
pgfault 254440
pgmajfault 590
inactive_anon 145326080
active_anon 144695296
inactive_file 354988032
active_file 354586624
unevictable 4096
hierarchical_memory_limit 999997440
hierarchical_memsw_limit 9223372036854771712
total_cache 709738496
total_rss 289951744
total_rss_huge 0
total_mapped_file 2805760
total_writeback 0
total_swap 0
total_pgpgin 1880715
total_pgpgout 1636650
total_pgfault 254440
total_pgmajfault 590
total_inactive_anon 145326080
total_active_anon 144695296
total_inactive_file 354988032
total_active_file 354586624
total_unevictable 4096
--------------------BLKIO-----------------------
11:0 Read 0
11:0 Write 0
11:0 Sync 0
11:0 Async 0
11:0 Total 0
253:0 Read 2429657088
253:0 Write 2072576
253:0 Sync 196608
253:0 Async 2431533056
253:0 Total 2431729664
Total 2431729664
--------------------CPUAC-----------------------
user 2548
system 1956
 
--------------------MEMCG-----------------------
MEM ONLY  : 953 MB
MEM+SWAP  : 953 MB
cache 709664768
rss 290226176
rss_huge 0
mapped_file 2682880
writeback 0
swap 0
pgpgin 2071381
pgpgout 1827267
pgfault 254991
pgmajfault 590
inactive_anon 145432576
active_anon 144863232
inactive_file 354914304
active_file 354664448
unevictable 4096
hierarchical_memory_limit 999997440
hierarchical_memsw_limit 9223372036854771712
total_cache 709664768
total_rss 290226176
total_rss_huge 0
total_mapped_file 2682880
total_writeback 0
total_swap 0
total_pgpgin 2071381
total_pgpgout 1827267
total_pgfault 254991
total_pgmajfault 590
total_inactive_anon 145432576
total_active_anon 144863232
total_inactive_file 354914304
total_active_file 354664448
total_unevictable 4096
--------------------BLKIO-----------------------
11:0 Read 0
11:0 Write 0
11:0 Sync 0
11:0 Async 0
11:0 Total 0
253:0 Read 2445258752
253:0 Write 2097152
253:0 Sync 196608
253:0 Async 2447159296
253:0 Total 2447355904
Total 2447355904
--------------------CPUAC-----------------------
user 2776
system 2148
 
--------------------MEMCG-----------------------
MEM ONLY  : 953 MB
MEM+SWAP  : 953 MB
cache 709787648
rss 290054144
rss_huge 0
mapped_file 2777088
writeback 0
swap 0
pgpgin 2297442
pgpgout 2053340
pgfault 255592
pgmajfault 594
inactive_anon 145399808
active_anon 144723968
inactive_file 354992128
active_file 354697216
unevictable 4096
hierarchical_memory_limit 999997440
hierarchical_memsw_limit 9223372036854771712
total_cache 709787648
total_rss 290054144
total_rss_huge 0
total_mapped_file 2777088
total_writeback 0
total_swap 0
total_pgpgin 2297442
total_pgpgout 2053340
total_pgfault 255592
total_pgmajfault 594
total_inactive_anon 145399808
total_active_anon 144723968
total_inactive_file 354992128
total_active_file 354697216
total_unevictable 4096
--------------------BLKIO-----------------------
11:0 Read 0
11:0 Write 0
11:0 Sync 0
11:0 Async 0
11:0 Total 0
253:0 Read 2457288704
253:0 Write 2121728
253:0 Sync 196608
253:0 Async 2459213824
253:0 Total 2459410432
Total 2459410432
--------------------CPUAC-----------------------
user 3036
system 2375
 
--------------------MEMCG-----------------------
MEM ONLY  : 953 MB
MEM+SWAP  : 953 MB
cache 709566464
rss 290254848
rss_huge 0
mapped_file 2772992
writeback 0
swap 0
pgpgin 2553992
pgpgout 2309895
pgfault 256390
pgmajfault 595
inactive_anon 145354752
active_anon 144969728
inactive_file 354721792
active_file 354656256
unevictable 4096
hierarchical_memory_limit 999997440
hierarchical_memsw_limit 9223372036854771712
total_cache 709566464
total_rss 290254848
total_rss_huge 0
total_mapped_file 2772992
total_writeback 0
total_swap 0
total_pgpgin 2553992
total_pgpgout 2309895
total_pgfault 256390
total_pgmajfault 595
total_inactive_anon 145354752
total_active_anon 144969728
total_inactive_file 354721792
total_active_file 354656256
total_unevictable 4096
--------------------BLKIO-----------------------
11:0 Read 0
11:0 Write 0
11:0 Sync 0
11:0 Async 0
11:0 Total 0
253:0 Read 2464399360
253:0 Write 2146304
253:0 Sync 196608
253:0 Async 2466349056
253:0 Total 2466545664
Total 2466545664
--------------------CPUAC-----------------------
user 3360
system 2620
 
--------------------MEMCG-----------------------
MEM ONLY  : 953 MB
MEM+SWAP  : 953 MB
cache 709402624
rss 290541568
rss_huge 0
mapped_file 3284992
writeback 0
swap 0
pgpgin 2837672
pgpgout 2593545
pgfault 257337
pgmajfault 617
inactive_anon 145436672
active_anon 145174528
inactive_file 354824192
active_file 354463744
unevictable 4096
hierarchical_memory_limit 999997440
hierarchical_memsw_limit 9223372036854771712
total_cache 709406720
total_rss 290541568
total_rss_huge 0
total_mapped_file 3284992
total_writeback 0
total_swap 0
total_pgpgin 2837673
total_pgpgout 2593545
total_pgfault 257337
total_pgmajfault 617
total_inactive_anon 145436672
total_active_anon 145174528
total_inactive_file 354824192
total_active_file 354463744
total_unevictable 4096
--------------------BLKIO-----------------------
11:0 Read 0
11:0 Write 0
11:0 Sync 0
11:0 Async 0
11:0 Total 0
253:0 Read 2468728832
253:0 Write 2146304
253:0 Sync 196608
253:0 Async 2470678528
253:0 Total 2470875136
Total 2470875136
--------------------CPUAC-----------------------
user 3718
system 2874
 
--------------------MEMCG-----------------------
MEM ONLY  : 953 MB
MEM+SWAP  : 953 MB
cache 709574656
rss 290340864
rss_huge 0
mapped_file 3133440
writeback 0
swap 0
pgpgin 3135631
pgpgout 2891543
pgfault 258192
pgmajfault 620
inactive_anon 145567744
active_anon 144842752
inactive_file 354836480
active_file 354504704
unevictable 4096
hierarchical_memory_limit 999997440
hierarchical_memsw_limit 9223372036854771712
total_cache 709443584
total_rss 290340864
total_rss_huge 0
total_mapped_file 3133440
total_writeback 0
total_swap 0
total_pgpgin 3135631
total_pgpgout 2891543
total_pgfault 258192
total_pgmajfault 620
total_inactive_anon 145567744
total_active_anon 144842752
total_inactive_file 354836480
total_active_file 354504704
total_unevictable 4096
--------------------BLKIO-----------------------
11:0 Read 0
11:0 Write 0
11:0 Sync 0
11:0 Async 0
11:0 Total 0
253:0 Read 2470727680
253:0 Write 2146304
253:0 Sync 196608
253:0 Async 2472677376
253:0 Total 2472873984
Total 2472873984
--------------------CPUAC-----------------------
user 4076
system 3162
 
--------------------MEMCG-----------------------
MEM ONLY  : 953 MB
MEM+SWAP  : 953 MB
cache 709591040
rss 290324480
rss_huge 0
mapped_file 2813952
writeback 0
swap 0
pgpgin 3445513
pgpgout 3201393
pgfault 259354
pgmajfault 622
inactive_anon 145592320
active_anon 144801792
inactive_file 354918400
active_file 354549760
unevictable 4096
hierarchical_memory_limit 999997440
hierarchical_memsw_limit 9223372036854771712
total_cache 709591040
total_rss 290324480
total_rss_huge 0
total_mapped_file 2813952
total_writeback 0
total_swap 0
total_pgpgin 3445513
total_pgpgout 3201393
total_pgfault 259354
total_pgmajfault 622
total_inactive_anon 145592320
total_active_anon 144801792
total_inactive_file 354918400
total_active_file 354549760
total_unevictable 4096
--------------------BLKIO-----------------------
11:0 Read 0
11:0 Write 0
11:0 Sync 0
11:0 Async 0
11:0 Total 0
253:0 Read 2471931904
253:0 Write 2158592
253:0 Sync 196608
253:0 Async 2473893888
253:0 Total 2474090496
Total 2474090496
--------------------CPUAC-----------------------
user 4449
system 3472
 
--------------------MEMCG-----------------------
MEM ONLY  : 953 MB
MEM+SWAP  : 953 MB
cache 709369856
rss 290459648
rss_huge 0
mapped_file 2760704
writeback 0
swap 0
pgpgin 3749204
pgpgout 3505105
pgfault 260569
pgmajfault 622
inactive_anon 145432576
active_anon 145096704
inactive_file 354742272
active_file 354500608
unevictable 4096
hierarchical_memory_limit 999997440
hierarchical_memsw_limit 9223372036854771712
total_cache 709369856
total_rss 290459648
total_rss_huge 0
total_mapped_file 2760704
total_writeback 0
total_swap 0
total_pgpgin 3749204
total_pgpgout 3505105
total_pgfault 260569
total_pgmajfault 622
total_inactive_anon 145432576
total_active_anon 145096704
total_inactive_file 354742272
total_active_file 354500608
total_unevictable 4096
--------------------BLKIO-----------------------
11:0 Read 0
11:0 Write 0
11:0 Sync 0
11:0 Async 0
11:0 Total 0
253:0 Read 2472599552
253:0 Write 2170880
253:0 Sync 196608
253:0 Async 2474573824
253:0 Total 2474770432
Total 2474770432
--------------------CPUAC-----------------------
user 4808
system 3770
 
--------------------MEMCG-----------------------
MEM ONLY  : 953 MB
MEM+SWAP  : 953 MB
cache 709955584
rss 289923072
rss_huge 0
mapped_file 2764800
writeback 0
swap 0
pgpgin 4062404
pgpgout 3818292
pgfault 261667
pgmajfault 625
inactive_anon 145448960
active_anon 144543744
inactive_file 355102720
active_file 354738176
unevictable 4096
hierarchical_memory_limit 999997440
hierarchical_memsw_limit 9223372036854771712
total_cache 709959680
total_rss 289923072
total_rss_huge 0
total_mapped_file 2764800
total_writeback 0
total_swap 0
total_pgpgin 4062405
total_pgpgout 3818292
total_pgfault 261667
total_pgmajfault 625
total_inactive_anon 145448960
total_active_anon 144543744
total_inactive_file 355102720
total_active_file 354738176
total_unevictable 4096
--------------------BLKIO-----------------------
11:0 Read 0
11:0 Write 0
11:0 Sync 0
11:0 Async 0
11:0 Total 0
253:0 Read 2472828928
253:0 Write 2187264
253:0 Sync 196608
253:0 Async 2474819584
253:0 Total 2475016192
Total 2475016192
--------------------CPUAC-----------------------
user 5197
system 4072
 
--------------------MEMCG-----------------------
MEM ONLY  : 953 MB
MEM+SWAP  : 953 MB
cache 710344704
rss 289443840
rss_huge 0
mapped_file 2764800
writeback 0
swap 0
pgpgin 4379164
pgpgout 4135074
pgfault 262766
pgmajfault 625
inactive_anon 144887808
active_anon 144625664
inactive_file 355323904
active_file 354942976
unevictable 4096
hierarchical_memory_limit 999997440
hierarchical_memsw_limit 9223372036854771712
total_cache 710352896
total_rss 289443840
total_rss_huge 0
total_mapped_file 2764800
total_writeback 0
total_swap 0
total_pgpgin 4379165
total_pgpgout 4135074
total_pgfault 262766
total_pgmajfault 625
total_inactive_anon 144887808
total_active_anon 144625664
total_inactive_file 355323904
total_active_file 354942976
total_unevictable 4096
--------------------BLKIO-----------------------
11:0 Read 0
11:0 Write 0
11:0 Sync 0
11:0 Async 0
11:0 Total 0
253:0 Read 2473000960
253:0 Write 2203648
253:0 Sync 196608
253:0 Async 2475008000
253:0 Total 2475204608
Total 2475204608
--------------------CPUAC-----------------------
user 5579
system 4380
 
--------------------MEMCG-----------------------
MEM ONLY  : 953 MB
MEM+SWAP  : 953 MB
cache 709533696
rss 290238464
rss_huge 0
mapped_file 3063808
writeback 0
swap 0
pgpgin 4696427
pgpgout 4452342
pgfault 264152
pgmajfault 636
inactive_anon 145207296
active_anon 145100800
inactive_file 354824192
active_file 354590720
unevictable 4096
hierarchical_memory_limit 999997440
hierarchical_memsw_limit 9223372036854771712
total_cache 709533696
total_rss 290238464
total_rss_huge 0
total_mapped_file 3063808
total_writeback 0
total_swap 0
total_pgpgin 4696427
total_pgpgout 4452342
total_pgfault 264152
total_pgmajfault 636
total_inactive_anon 145207296
total_active_anon 145100800
total_inactive_file 354824192
total_active_file 354590720
total_unevictable 4096
--------------------BLKIO-----------------------
11:0 Read 0
11:0 Write 0
11:0 Sync 0
11:0 Async 0
11:0 Total 0
253:0 Read 2473058304
253:0 Write 2220032
253:0 Sync 196608
253:0 Async 2475081728
253:0 Total 2475278336
Total 2475278336
--------------------CPUAC-----------------------
user 5983
system 4678
 
--------------------MEMCG-----------------------
MEM ONLY  : 953 MB
MEM+SWAP  : 953 MB
cache 710070272
rss 289771520
rss_huge 0
mapped_file 2867200
writeback 0
swap 0
pgpgin 5016810
pgpgout 4772708
pgfault 265298
pgmajfault 636
inactive_anon 145272832
active_anon 144568320
inactive_file 355069952
active_file 354881536
unevictable 4096
hierarchical_memory_limit 999997440
hierarchical_memsw_limit 9223372036854771712
total_cache 710070272
total_rss 289771520
total_rss_huge 0
total_mapped_file 2867200
total_writeback 0
total_swap 0
total_pgpgin 5016810
total_pgpgout 4772708
total_pgfault 265298
total_pgmajfault 636
total_inactive_anon 145272832
total_active_anon 144568320
total_inactive_file 355069952
total_active_file 354881536
total_unevictable 4096
--------------------BLKIO-----------------------
11:0 Read 0
11:0 Write 0
11:0 Sync 0
11:0 Async 0
11:0 Total 0
253:0 Read 2473058304
253:0 Write 2240512
253:0 Sync 196608
253:0 Async 2475102208
253:0 Total 2475298816
Total 2475298816
--------------------CPUAC-----------------------
user 6363
system 4985
 
--------------------MEMCG-----------------------
MEM ONLY  : 953 MB
MEM+SWAP  : 953 MB
cache 710184960
rss 289714176
rss_huge 0
mapped_file 3031040
writeback 0
swap 0
pgpgin 5329690
pgpgout 5085574
pgfault 266495
pgmajfault 648
inactive_anon 145063936
active_anon 144719872
inactive_file 355115008
active_file 354938880
unevictable 4096
hierarchical_memory_limit 999997440
hierarchical_memsw_limit 9223372036854771712
total_cache 710184960
total_rss 289714176
total_rss_huge 0
total_mapped_file 3031040
total_writeback 0
total_swap 0
total_pgpgin 5329690
total_pgpgout 5085574
total_pgfault 266495
total_pgmajfault 648
total_inactive_anon 145063936
total_active_anon 144719872
total_inactive_file 355115008
total_active_file 354938880
total_unevictable 4096
--------------------BLKIO-----------------------
11:0 Read 0
11:0 Write 0
11:0 Sync 0
11:0 Async 0
11:0 Total 0
253:0 Read 2473058304
253:0 Write 2260992
253:0 Sync 196608
253:0 Async 2475122688
253:0 Total 2475319296
Total 2475319296
--------------------CPUAC-----------------------
user 6745
system 5288
 
--------------------MEMCG-----------------------
MEM ONLY  : 953 MB
MEM+SWAP  : 953 MB
cache 709734400
rss 290050048
rss_huge 0
mapped_file 2920448
writeback 0
swap 0
pgpgin 5646010
pgpgout 5401922
pgfault 267718
pgmajfault 648
inactive_anon 145354752
active_anon 144764928
inactive_file 354856960
active_file 354775040
unevictable 4096
hierarchical_memory_limit 999997440
hierarchical_memsw_limit 9223372036854771712
total_cache 709734400
total_rss 290050048
total_rss_huge 0
total_mapped_file 2920448
total_writeback 0
total_swap 0
total_pgpgin 5646010
total_pgpgout 5401922
total_pgfault 267718
total_pgmajfault 648
total_inactive_anon 145354752
total_active_anon 144764928
total_inactive_file 354856960
total_active_file 354775040
total_unevictable 4096
--------------------BLKIO-----------------------
11:0 Read 0
11:0 Write 0
11:0 Sync 0
11:0 Async 0
11:0 Total 0
253:0 Read 2473058304
253:0 Write 2281472
253:0 Sync 196608
253:0 Async 2475143168
253:0 Total 2475339776
Total 2475339776
--------------------CPUAC-----------------------
user 7128
system 5612
 
--------------------MEMCG-----------------------
MEM ONLY  : 953 MB
MEM+SWAP  : 953 MB
cache 710459392
rss 289325056
rss_huge 0
mapped_file 2764800
writeback 0
swap 0
pgpgin 5953080
pgpgout 5708992
pgfault 268708
pgmajfault 650
inactive_anon 144891904
active_anon 144502784
inactive_file 355168256
active_file 355168256
unevictable 4096
hierarchical_memory_limit 999997440
hierarchical_memsw_limit 9223372036854771712
total_cache 710459392
total_rss 289325056
total_rss_huge 0
total_mapped_file 2764800
total_writeback 0
total_swap 0
total_pgpgin 5953080
total_pgpgout 5708992
total_pgfault 268708
total_pgmajfault 650
total_inactive_anon 144891904
total_active_anon 144502784
total_inactive_file 355168256
total_active_file 355168256
total_unevictable 4096
--------------------BLKIO-----------------------
11:0 Read 0
11:0 Write 0
11:0 Sync 0
11:0 Async 0
11:0 Total 0
253:0 Read 2473058304
253:0 Write 2306048
253:0 Sync 196608
253:0 Async 2475167744
253:0 Total 2475364352
Total 2475364352
--------------------CPUAC-----------------------
user 7516
system 5931
 
--------------------MEMCG-----------------------
MEM ONLY  : 953 MB
MEM+SWAP  : 953 MB
cache 710025216
rss 289701888
rss_huge 0
mapped_file 2760704
writeback 0
swap 0
pgpgin 6257134
pgpgout 6013060
pgfault 269962
pgmajfault 653
inactive_anon 145203200
active_anon 144568320
inactive_file 354930688
active_file 354983936
unevictable 4096
hierarchical_memory_limit 999997440
hierarchical_memsw_limit 9223372036854771712
total_cache 710025216
total_rss 289701888
total_rss_huge 0
total_mapped_file 2760704
total_writeback 0
total_swap 0
total_pgpgin 6257134
total_pgpgout 6013060
total_pgfault 269962
total_pgmajfault 653
total_inactive_anon 145203200
total_active_anon 144568320
total_inactive_file 354930688
total_active_file 354983936
total_unevictable 4096
--------------------BLKIO-----------------------
11:0 Read 0
11:0 Write 0
11:0 Sync 0
11:0 Async 0
11:0 Total 0
253:0 Read 2473058304
253:0 Write 2330624
253:0 Sync 196608
253:0 Async 2475192320
253:0 Total 2475388928
Total 2475388928
--------------------CPUAC-----------------------
user 7916
system 6226
 
--------------------MEMCG-----------------------
MEM ONLY  : 953 MB
MEM+SWAP  : 953 MB
cache 710168576
rss 289591296
rss_huge 0
mapped_file 3035136
writeback 0
swap 0
pgpgin 6561078
pgpgout 6316996
pgfault 271076
pgmajfault 663
inactive_anon 144953344
active_anon 144707584
inactive_file 355102720
active_file 354947072
unevictable 4096
hierarchical_memory_limit 999997440
hierarchical_memsw_limit 9223372036854771712
total_cache 710168576
total_rss 289591296
total_rss_huge 0
total_mapped_file 3035136
total_writeback 0
total_swap 0
total_pgpgin 6561078
total_pgpgout 6316996
total_pgfault 271076
total_pgmajfault 663
total_inactive_anon 144953344
total_active_anon 144707584
total_inactive_file 355102720
total_active_file 354947072
total_unevictable 4096
--------------------BLKIO-----------------------
11:0 Read 0
11:0 Write 0
11:0 Sync 0
11:0 Async 0
11:0 Total 0
253:0 Read 2473058304
253:0 Write 2355200
253:0 Sync 196608
253:0 Async 2475216896
253:0 Total 2475413504
Total 2475413504
--------------------CPUAC-----------------------
user 8305
system 6536
 
--------------------MEMCG-----------------------
MEM ONLY  : 953 MB
MEM+SWAP  : 953 MB
cache 710467584
rss 289341440
rss_huge 0
mapped_file 2904064
writeback 0
swap 0
pgpgin 6861346
pgpgout 6617252
pgfault 272115
pgmajfault 665
inactive_anon 145309696
active_anon 144101376
inactive_file 355225600
active_file 355127296
unevictable 4096
hierarchical_memory_limit 999997440
hierarchical_memsw_limit 9223372036854771712
total_cache 710467584
total_rss 289341440
total_rss_huge 0
total_mapped_file 2904064
total_writeback 0
total_swap 0
total_pgpgin 6861346
total_pgpgout 6617252
total_pgfault 272115
total_pgmajfault 665
total_inactive_anon 145309696
total_active_anon 144101376
total_inactive_file 355225600
total_active_file 355127296
total_unevictable 4096
--------------------BLKIO-----------------------
11:0 Read 0
11:0 Write 0
11:0 Sync 0
11:0 Async 0
11:0 Total 0
253:0 Read 2473058304
253:0 Write 2383872
253:0 Sync 196608
253:0 Async 2475245568
253:0 Total 2475442176
Total 2475442176
--------------------CPUAC-----------------------
user 8696
system 6834
 
--------------------MEMCG-----------------------
MEM ONLY  : 953 MB
MEM+SWAP  : 953 MB
cache 710270976
rss 289468416
rss_huge 0
mapped_file 2756608
writeback 0
swap 0
pgpgin 7165691
pgpgout 6921614
pgfault 273284
pgmajfault 665
inactive_anon 144908288
active_anon 144629760
inactive_file 355098624
active_file 355028992
unevictable 4096
hierarchical_memory_limit 999997440
hierarchical_memsw_limit 9223372036854771712
total_cache 710270976
total_rss 289468416
total_rss_huge 0
total_mapped_file 2756608
total_writeback 0
total_swap 0
total_pgpgin 7165691
total_pgpgout 6921614
total_pgfault 273284
total_pgmajfault 665
total_inactive_anon 144908288
total_active_anon 144629760
total_inactive_file 355098624
total_active_file 355028992
total_unevictable 4096
--------------------BLKIO-----------------------
11:0 Read 0
11:0 Write 0
11:0 Sync 0
11:0 Async 0
11:0 Total 0
253:0 Read 2473058304
253:0 Write 2412544
253:0 Sync 196608
253:0 Async 2475274240
253:0 Total 2475470848
Total 2475470848
--------------------CPUAC-----------------------
user 9068
system 7136
 
--------------------MEMCG-----------------------
MEM ONLY  : 953 MB
MEM+SWAP  : 953 MB
cache 711057408
rss 288813056
rss_huge 0
mapped_file 2760704
writeback 0
swap 0
pgpgin 7470037
pgpgout 7225928
pgfault 274257
pgmajfault 668
inactive_anon 144875520
active_anon 144007168
inactive_file 355713024
active_file 355233792
unevictable 4096
hierarchical_memory_limit 999997440
hierarchical_memsw_limit 9223372036854771712
total_cache 711057408
total_rss 288813056
total_rss_huge 0
total_mapped_file 2760704
total_writeback 0
total_swap 0
total_pgpgin 7470037
total_pgpgout 7225928
total_pgfault 274257
total_pgmajfault 668
total_inactive_anon 144875520
total_active_anon 144007168
total_inactive_file 355713024
total_active_file 355233792
total_unevictable 4096
--------------------BLKIO-----------------------
11:0 Read 0
11:0 Write 0
11:0 Sync 0
11:0 Async 0
11:0 Total 0
253:0 Read 2473246720
253:0 Write 2441216
253:0 Sync 196608
253:0 Async 2475491328
253:0 Total 2475687936
Total 2475687936
--------------------CPUAC-----------------------
user 9439
system 7451
 
--------------------MEMCG-----------------------
MEM ONLY  : 953 MB
MEM+SWAP  : 953 MB
cache 710963200
rss 289009664
rss_huge 0
mapped_file 2670592
writeback 0
swap 0
pgpgin 7773282
pgpgout 7529148
pgfault 275411
pgmajfault 668
inactive_anon 144982016
active_anon 144097280
inactive_file 355606528
active_file 355237888
unevictable 4096
hierarchical_memory_limit 999997440
hierarchical_memsw_limit 9223372036854771712
total_cache 710963200
total_rss 289009664
total_rss_huge 0
total_mapped_file 2670592
total_writeback 0
total_swap 0
total_pgpgin 7773282
total_pgpgout 7529148
total_pgfault 275411
total_pgmajfault 668
total_inactive_anon 144982016
total_active_anon 144097280
total_inactive_file 355606528
total_active_file 355237888
total_unevictable 4096
--------------------BLKIO-----------------------
11:0 Read 0
11:0 Write 0
11:0 Sync 0
11:0 Async 0
11:0 Total 0
253:0 Read 2473246720
253:0 Write 2473984
253:0 Sync 196608
253:0 Async 2475524096
253:0 Total 2475720704
Total 2475720704
--------------------CPUAC-----------------------
user 9830
system 7738
 
--------------------MEMCG-----------------------
MEM ONLY  : 953 MB
MEM+SWAP  : 953 MB
cache 710914048
rss 288882688
rss_huge 0
mapped_file 2756608
writeback 0
swap 0
pgpgin 8077304
pgpgout 7833213
pgfault 276471
pgmajfault 670
inactive_anon 145059840
active_anon 143892480
inactive_file 355516416
active_file 355254272
unevictable 4096
hierarchical_memory_limit 999997440
hierarchical_memsw_limit 9223372036854771712
total_cache 710914048
total_rss 288882688
total_rss_huge 0
total_mapped_file 2756608
total_writeback 0
total_swap 0
total_pgpgin 8077304
total_pgpgout 7833213
total_pgfault 276471
total_pgmajfault 670
total_inactive_anon 145059840
total_active_anon 143892480
total_inactive_file 355516416
total_active_file 355254272
total_unevictable 4096
--------------------BLKIO-----------------------
11:0 Read 0
11:0 Write 0
11:0 Sync 0
11:0 Async 0
11:0 Total 0
253:0 Read 2473246720
253:0 Write 2506752
253:0 Sync 196608
253:0 Async 2475556864
253:0 Total 2475753472
Total 2475753472
--------------------CPUAC-----------------------
user 10227
system 8035
 
--------------------MEMCG-----------------------
MEM ONLY  : 953 MB
MEM+SWAP  : 953 MB
cache 711176192
rss 288710656
rss_huge 0
mapped_file 2945024
writeback 0
swap 0
pgpgin 8376648
pgpgout 8132535
pgfault 277478
pgmajfault 680
inactive_anon 144896000
active_anon 143884288
inactive_file 355950592
active_file 355127296
unevictable 4096
hierarchical_memory_limit 999997440
hierarchical_memsw_limit 9223372036854771712
total_cache 711176192
total_rss 288710656
total_rss_huge 0
total_mapped_file 2945024
total_writeback 0
total_swap 0
total_pgpgin 8376648
total_pgpgout 8132535
total_pgfault 277478
total_pgmajfault 680
total_inactive_anon 144896000
total_active_anon 143884288
total_inactive_file 355950592
total_active_file 355127296
total_unevictable 4096
--------------------BLKIO-----------------------
11:0 Read 0
11:0 Write 0
11:0 Sync 0
11:0 Async 0
11:0 Total 0
253:0 Read 2473275392
253:0 Write 2539520
253:0 Sync 196608
253:0 Async 2475618304
253:0 Total 2475814912
Total 2475814912
--------------------CPUAC-----------------------
user 10596
system 8352
 
--------------------MEMCG-----------------------
MEM ONLY  : 953 MB
MEM+SWAP  : 953 MB
cache 711069696
rss 288768000
rss_huge 0
mapped_file 2875392
writeback 0
swap 0
pgpgin 8681165
pgpgout 8437064
pgfault 278635
pgmajfault 681
inactive_anon 144777216
active_anon 144060416
inactive_file 355631104
active_file 355340288
unevictable 4096
hierarchical_memory_limit 999997440
hierarchical_memsw_limit 9223372036854771712
total_cache 711069696
total_rss 288768000
total_rss_huge 0
total_mapped_file 2875392
total_writeback 0
total_swap 0
total_pgpgin 8681165
total_pgpgout 8437064
total_pgfault 278635
total_pgmajfault 681
total_inactive_anon 144777216
total_active_anon 144060416
total_inactive_file 355631104
total_active_file 355340288
total_unevictable 4096
--------------------BLKIO-----------------------
11:0 Read 0
11:0 Write 0
11:0 Sync 0
11:0 Async 0
11:0 Total 0
253:0 Read 2473275392
253:0 Write 2576384
253:0 Sync 196608
253:0 Async 2475655168
253:0 Total 2475851776
Total 2475851776
--------------------CPUAC-----------------------
user 11000
system 8650
 
--------------------MEMCG-----------------------
MEM ONLY  : 953 MB
MEM+SWAP  : 953 MB
cache 710955008
rss 289042432
rss_huge 0
mapped_file 2674688
writeback 0
swap 0
pgpgin 8993524
pgpgout 8749384
pgfault 279772
pgmajfault 681
inactive_anon 144687104
active_anon 144424960
inactive_file 355528704
active_file 355282944
unevictable 4096
hierarchical_memory_limit 999997440
hierarchical_memsw_limit 9223372036854771712
total_cache 710955008
total_rss 289042432
total_rss_huge 0
total_mapped_file 2674688
total_writeback 0
total_swap 0
total_pgpgin 8993524
total_pgpgout 8749384
total_pgfault 279772
total_pgmajfault 681
total_inactive_anon 144687104
total_active_anon 144424960
total_inactive_file 355528704
total_active_file 355282944
total_unevictable 4096
--------------------BLKIO-----------------------
11:0 Read 0
11:0 Write 0
11:0 Sync 0
11:0 Async 0
11:0 Total 0
253:0 Read 2473275392
253:0 Write 2613248
253:0 Sync 196608
253:0 Async 2475692032
253:0 Total 2475888640
Total 2475888640
--------------------CPUAC-----------------------
user 11394
system 8945
 
--------------------MEMCG-----------------------
MEM ONLY  : 953 MB
MEM+SWAP  : 953 MB
cache 711327744
rss 288526336
rss_huge 0
mapped_file 2764800
writeback 0
swap 0
pgpgin 9297458
pgpgout 9053353
pgfault 280706
pgmajfault 685
inactive_anon 144564224
active_anon 144031744
inactive_file 355614720
active_file 355508224
unevictable 4096
hierarchical_memory_limit 999997440
hierarchical_memsw_limit 9223372036854771712
total_cache 711327744
total_rss 288526336
total_rss_huge 0
total_mapped_file 2764800
total_writeback 0
total_swap 0
total_pgpgin 9297458
total_pgpgout 9053353
total_pgfault 280706
total_pgmajfault 685
total_inactive_anon 144564224
total_active_anon 144031744
total_inactive_file 355614720
total_active_file 355508224
total_unevictable 4096
--------------------BLKIO-----------------------
11:0 Read 0
11:0 Write 0
11:0 Sync 0
11:0 Async 0
11:0 Total 0
253:0 Read 2473345024
253:0 Write 2650112
253:0 Sync 196608
253:0 Async 2475798528
253:0 Total 2475995136
Total 2475995136
--------------------CPUAC-----------------------
user 11785
system 9251
 
--------------------MEMCG-----------------------
MEM ONLY  : 953 MB
MEM+SWAP  : 953 MB
cache 710864896
rss 288800768
rss_huge 0
mapped_file 2736128
writeback 0
swap 0
pgpgin 9598161
pgpgout 9354102
pgfault 281836
pgmajfault 686
inactive_anon 144670720
active_anon 144199680
inactive_file 355528704
active_file 355213312
unevictable 4096
hierarchical_memory_limit 999997440
hierarchical_memsw_limit 9223372036854771712
total_cache 710864896
total_rss 288800768
total_rss_huge 0
total_mapped_file 2736128
total_writeback 0
total_swap 0
total_pgpgin 9598161
total_pgpgout 9354102
total_pgfault 281836
total_pgmajfault 686
total_inactive_anon 144670720
total_active_anon 144199680
total_inactive_file 355528704
total_active_file 355213312
total_unevictable 4096
--------------------BLKIO-----------------------
11:0 Read 0
11:0 Write 0
11:0 Sync 0
11:0 Async 0
11:0 Total 0
253:0 Read 2473345024
253:0 Write 2691072
253:0 Sync 196608
253:0 Async 2475839488
253:0 Total 2476036096
Total 2476036096
--------------------CPUAC-----------------------
user 12170
system 9555
 
--------------------MEMCG-----------------------
MEM ONLY  : 953 MB
MEM+SWAP  : 953 MB
cache 711405568
rss 288493568
rss_huge 0
mapped_file 2719744
writeback 0
swap 0
pgpgin 9900215
pgpgout 9656099
pgfault 282815
pgmajfault 686
inactive_anon 144379904
active_anon 144183296
inactive_file 355782656
active_file 355536896
unevictable 4096
hierarchical_memory_limit 999997440
hierarchical_memsw_limit 9223372036854771712
total_cache 711405568
total_rss 288493568
total_rss_huge 0
total_mapped_file 2719744
total_writeback 0
total_swap 0
total_pgpgin 9900215
total_pgpgout 9656099
total_pgfault 282815
total_pgmajfault 686
total_inactive_anon 144379904
total_active_anon 144183296
total_inactive_file 355782656
total_active_file 355536896
total_unevictable 4096
--------------------BLKIO-----------------------
11:0 Read 0
11:0 Write 0
11:0 Sync 0
11:0 Async 0
11:0 Total 0
253:0 Read 2473345024
253:0 Write 2732032
253:0 Sync 196608
253:0 Async 2475880448
253:0 Total 2476077056
Total 2476077056
--------------------CPUAC-----------------------
user 12551
system 9847
 
--------------------MEMCG-----------------------
MEM ONLY  : 953 MB
MEM+SWAP  : 953 MB
cache 711393280
rss 288411648
rss_huge 0
mapped_file 2994176
writeback 0
swap 0
pgpgin 10200689
pgpgout 9956596
pgfault 283833
pgmajfault 697
inactive_anon 144482304
active_anon 143998976
inactive_file 355823616
active_file 355479552
unevictable 4096
hierarchical_memory_limit 999997440
hierarchical_memsw_limit 9223372036854771712
total_cache 711393280
total_rss 288411648
total_rss_huge 0
total_mapped_file 2994176
total_writeback 0
total_swap 0
total_pgpgin 10200689
total_pgpgout 9956596
total_pgfault 283833
total_pgmajfault 697
total_inactive_anon 144482304
total_active_anon 143998976
total_inactive_file 355823616
total_active_file 355479552
total_unevictable 4096
--------------------BLKIO-----------------------
11:0 Read 0
11:0 Write 0
11:0 Sync 0
11:0 Async 0
11:0 Total 0
253:0 Read 2473345024
253:0 Write 2772992
253:0 Sync 196608
253:0 Async 2475921408
253:0 Total 2476118016
Total 2476118016
--------------------CPUAC-----------------------
user 12945
system 10150
 
--------------------MEMCG-----------------------
MEM ONLY  : 953 MB
MEM+SWAP  : 953 MB
cache 711385088
rss 288432128
rss_huge 0
mapped_file 2867200
writeback 0
swap 0
pgpgin 10503292
pgpgout 10259195
pgfault 284876
pgmajfault 698
inactive_anon 144596992
active_anon 143904768
inactive_file 355737600
active_file 355491840
unevictable 4096
hierarchical_memory_limit 999997440
hierarchical_memsw_limit 9223372036854771712
total_cache 711393280
total_rss 288432128
total_rss_huge 0
total_mapped_file 2867200
total_writeback 0
total_swap 0
total_pgpgin 10503294
total_pgpgout 10259195
total_pgfault 284876
total_pgmajfault 698
total_inactive_anon 144596992
total_active_anon 143904768
total_inactive_file 355737600
total_active_file 355491840
total_unevictable 4096
--------------------BLKIO-----------------------
11:0 Read 0
11:0 Write 0
11:0 Sync 0
11:0 Async 0
11:0 Total 0
253:0 Read 2473345024
253:0 Write 2818048
253:0 Sync 196608
253:0 Async 2475966464
253:0 Total 2476163072
Total 2476163072
--------------------CPUAC-----------------------
user 13327
system 10448
 
--------------------MEMCG-----------------------
MEM ONLY  : 953 MB
MEM+SWAP  : 953 MB
cache 711532544
rss 288227328
rss_huge 0
mapped_file 2756608
writeback 0
swap 0
pgpgin 10804274
pgpgout 10560192
pgfault 285822
pgmajfault 700
inactive_anon 144617472
active_anon 143679488
inactive_file 355811328
active_file 355631104
unevictable 4096
hierarchical_memory_limit 999997440
hierarchical_memsw_limit 9223372036854771712
total_cache 711532544
total_rss 288227328
total_rss_huge 0
total_mapped_file 2756608
total_writeback 0
total_swap 0
total_pgpgin 10804274
total_pgpgout 10560192
total_pgfault 285822
total_pgmajfault 700
total_inactive_anon 144617472
total_active_anon 143679488
total_inactive_file 355811328
total_active_file 355631104
total_unevictable 4096
--------------------BLKIO-----------------------
11:0 Read 0
11:0 Write 0
11:0 Sync 0
11:0 Async 0
11:0 Total 0
253:0 Read 2473345024
253:0 Write 2863104
253:0 Sync 196608
253:0 Async 2476011520
253:0 Total 2476208128
Total 2476208128
--------------------CPUAC-----------------------
user 13705
system 10757
 
--------------------MEMCG-----------------------
MEM ONLY  : 953 MB
MEM+SWAP  : 953 MB
cache 711262208
rss 288567296
rss_huge 0
mapped_file 2670592
writeback 0
swap 0
pgpgin 11105738
pgpgout 10861638
pgfault 286813
pgmajfault 700
inactive_anon 144502784
active_anon 144134144
inactive_file 355811328
active_file 355328000
unevictable 4096
hierarchical_memory_limit 999997440
hierarchical_memsw_limit 9223372036854771712
total_cache 711266304
total_rss 288567296
total_rss_huge 0
total_mapped_file 2670592
total_writeback 0
total_swap 0
total_pgpgin 11105739
total_pgpgout 10861638
total_pgfault 286813
total_pgmajfault 700
total_inactive_anon 144502784
total_active_anon 144134144
total_inactive_file 355811328
total_active_file 355328000
total_unevictable 4096
--------------------BLKIO-----------------------
11:0 Read 0
11:0 Write 0
11:0 Sync 0
11:0 Async 0
11:0 Total 0
253:0 Read 2473345024
253:0 Write 2908160
253:0 Sync 196608
253:0 Async 2476056576
253:0 Total 2476253184
Total 2476253184
--------------------CPUAC-----------------------
user 14074
system 11066
 
--------------------MEMCG-----------------------
MEM ONLY  : 953 MB
MEM+SWAP  : 953 MB
cache 711917568
rss 287870976
rss_huge 0
mapped_file 2760704
writeback 0
swap 0
pgpgin 11409292
pgpgout 11165203
pgfault 287760
pgmajfault 703
inactive_anon 144408576
active_anon 143532032
inactive_file 356016128
active_file 355721216
unevictable 4096
hierarchical_memory_limit 999997440
hierarchical_memsw_limit 9223372036854771712
total_cache 711917568
total_rss 287870976
total_rss_huge 0
total_mapped_file 2760704
total_writeback 0
total_swap 0
total_pgpgin 11409292
total_pgpgout 11165203
total_pgfault 287760
total_pgmajfault 703
total_inactive_anon 144408576
total_active_anon 143532032
total_inactive_file 356016128
total_active_file 355721216
total_unevictable 4096
--------------------BLKIO-----------------------
11:0 Read 0
11:0 Write 0
11:0 Sync 0
11:0 Async 0
11:0 Total 0
253:0 Read 2473345024
253:0 Write 2953216
253:0 Sync 196608
253:0 Async 2476101632
253:0 Total 2476298240
Total 2476298240
--------------------CPUAC-----------------------
user 14471
system 11356
 
--------------------MEMCG-----------------------
MEM ONLY  : 953 MB
MEM+SWAP  : 953 MB
cache 711610368
rss 288235520
rss_huge 0
mapped_file 2678784
writeback 0
swap 0
pgpgin 11713800
pgpgout 11469697
pgfault 288851
pgmajfault 704
inactive_anon 144363520
active_anon 143941632
inactive_file 355905536
active_file 355573760
unevictable 4096
hierarchical_memory_limit 999997440
hierarchical_memsw_limit 9223372036854771712
total_cache 711610368
total_rss 288235520
total_rss_huge 0
total_mapped_file 2678784
total_writeback 0
total_swap 0
total_pgpgin 11713800
total_pgpgout 11469697
total_pgfault 288851
total_pgmajfault 704
total_inactive_anon 144363520
total_active_anon 143941632
total_inactive_file 355905536
total_active_file 355573760
total_unevictable 4096
--------------------BLKIO-----------------------
11:0 Read 0
11:0 Write 0
11:0 Sync 0
11:0 Async 0
11:0 Total 0
253:0 Read 2473345024
253:0 Write 3002368
253:0 Sync 196608
253:0 Async 2476150784
253:0 Total 2476347392
Total 2476347392
--------------------CPUAC-----------------------
user 14861
system 11646
 
--------------------MEMCG-----------------------
MEM ONLY  : 953 MB
MEM+SWAP  : 953 MB
cache 712290304
rss 287682560
rss_huge 0
mapped_file 3100672
writeback 0
swap 0
pgpgin 12017622
pgpgout 11773488
pgfault 289629
pgmajfault 718
inactive_anon 144244736
active_anon 143507456
inactive_file 356413440
active_file 355762176
unevictable 4096
hierarchical_memory_limit 999997440
hierarchical_memsw_limit 9223372036854771712
total_cache 712290304
total_rss 287682560
total_rss_huge 0
total_mapped_file 3100672
total_writeback 0
total_swap 0
total_pgpgin 12017622
total_pgpgout 11773488
total_pgfault 289629
total_pgmajfault 718
total_inactive_anon 144244736
total_active_anon 143507456
total_inactive_file 356413440
total_active_file 355762176
total_unevictable 4096
--------------------BLKIO-----------------------
11:0 Read 0
11:0 Write 0
11:0 Sync 0
11:0 Async 0
11:0 Total 0
253:0 Read 2473476096
253:0 Write 3002368
253:0 Sync 196608
253:0 Async 2476281856
253:0 Total 2476478464
Total 2476478464
--------------------CPUAC-----------------------
user 15256
system 11954
 
--------------------MEMCG-----------------------
MEM ONLY  : 953 MB
MEM+SWAP  : 953 MB
cache 712450048
rss 287424512
rss_huge 0
mapped_file 3022848
writeback 0
swap 0
pgpgin 12322525
pgpgout 12078415
pgfault 290668
pgmajfault 724
inactive_anon 144048128
active_anon 143446016
inactive_file 356380672
active_file 355966976
unevictable 4096
hierarchical_memory_limit 999997440
hierarchical_memsw_limit 9223372036854771712
total_cache 712450048
total_rss 287424512
total_rss_huge 0
total_mapped_file 3022848
total_writeback 0
total_swap 0
total_pgpgin 12322525
total_pgpgout 12078415
total_pgfault 290668
total_pgmajfault 724
total_inactive_anon 144048128
total_active_anon 143446016
total_inactive_file 356380672
total_active_file 355966976
total_unevictable 4096
--------------------BLKIO-----------------------
11:0 Read 0
11:0 Write 0
11:0 Sync 0
11:0 Async 0
11:0 Total 0
253:0 Read 2473476096
253:0 Write 3002368
253:0 Sync 196608
253:0 Async 2476281856
253:0 Total 2476478464
Total 2476478464
--------------------CPUAC-----------------------
user 15642
system 12266
 
--------------------MEMCG-----------------------
MEM ONLY  : 953 MB
MEM+SWAP  : 953 MB
cache 711626752
rss 288329728
rss_huge 0
mapped_file 2813952
writeback 0
swap 0
pgpgin 12624025
pgpgout 12379895
pgfault 292072
pgmajfault 725
inactive_anon 144429056
active_anon 143970304
inactive_file 355860480
active_file 355659776
unevictable 4096
hierarchical_memory_limit 999997440
hierarchical_memsw_limit 9223372036854771712
total_cache 711626752
total_rss 288329728
total_rss_huge 0
total_mapped_file 2813952
total_writeback 0
total_swap 0
total_pgpgin 12624025
total_pgpgout 12379895
total_pgfault 292072
total_pgmajfault 725
total_inactive_anon 144429056
total_active_anon 143970304
total_inactive_file 355860480
total_active_file 355659776
total_unevictable 4096
--------------------BLKIO-----------------------
11:0 Read 0
11:0 Write 0
11:0 Sync 0
11:0 Async 0
11:0 Total 0
253:0 Read 2473476096
253:0 Write 3014656
253:0 Sync 196608
253:0 Async 2476294144
253:0 Total 2476490752
Total 2476490752
--------------------CPUAC-----------------------
user 16036
system 12557
 
--------------------MEMCG-----------------------
MEM ONLY  : 953 MB
MEM+SWAP  : 953 MB
cache 712171520
rss 287371264
rss_huge 0
mapped_file 2760704
writeback 0
swap 0
pgpgin 12931026
pgpgout 12687004
pgfault 293077
pgmajfault 728
inactive_anon 143990784
active_anon 143450112
inactive_file 356139008
active_file 355901440
unevictable 4096
hierarchical_memory_limit 999997440
hierarchical_memsw_limit 9223372036854771712
total_cache 712146944
total_rss 287371264
total_rss_huge 0
total_mapped_file 2760704
total_writeback 0
total_swap 0
total_pgpgin 12931028
total_pgpgout 12687004
total_pgfault 293077
total_pgmajfault 728
total_inactive_anon 143990784
total_active_anon 143450112
total_inactive_file 356139008
total_active_file 355901440
total_unevictable 4096
--------------------BLKIO-----------------------
11:0 Read 0
11:0 Write 0
11:0 Sync 0
11:0 Async 0
11:0 Total 0
253:0 Read 2473476096
253:0 Write 3026944
253:0 Sync 196608
253:0 Async 2476306432
253:0 Total 2476503040
Total 2476503040
--------------------CPUAC-----------------------
user 16431
system 12854
 
--------------------MEMCG-----------------------
MEM ONLY  : 953 MB
MEM+SWAP  : 953 MB
cache 711700480
rss 288194560
rss_huge 0
mapped_file 2760704
writeback 0
swap 0
pgpgin 13233831
pgpgout 12989716
pgfault 294477
pgmajfault 728
inactive_anon 144330752
active_anon 143929344
inactive_file 356077568
active_file 355463168
unevictable 4096
hierarchical_memory_limit 999997440
hierarchical_memsw_limit 9223372036854771712
total_cache 711700480
total_rss 288194560
total_rss_huge 0
total_mapped_file 2760704
total_writeback 0
total_swap 0
total_pgpgin 13233831
total_pgpgout 12989716
total_pgfault 294477
total_pgmajfault 728
total_inactive_anon 144330752
total_active_anon 143929344
total_inactive_file 356077568
total_active_file 355463168
total_unevictable 4096
--------------------BLKIO-----------------------
11:0 Read 0
11:0 Write 0
11:0 Sync 0
11:0 Async 0
11:0 Total 0
253:0 Read 2473476096
253:0 Write 3043328
253:0 Sync 196608
253:0 Async 2476322816
253:0 Total 2476519424
Total 2476519424
--------------------CPUAC-----------------------
user 16805
system 13162
 
--------------------MEMCG-----------------------
MEM ONLY  : 953 MB
MEM+SWAP  : 953 MB
cache 712073216
rss 287711232
rss_huge 0
mapped_file 2764800
writeback 0
swap 0
pgpgin 13531691
pgpgout 13287602
pgfault 295591
pgmajfault 731
inactive_anon 144257024
active_anon 143523840
inactive_file 356241408
active_file 355758080
unevictable 4096
hierarchical_memory_limit 999997440
hierarchical_memsw_limit 9223372036854771712
total_cache 712085504
total_rss 287711232
total_rss_huge 0
total_mapped_file 2764800
total_writeback 0
total_swap 0
total_pgpgin 13531694
total_pgpgout 13287602
total_pgfault 295591
total_pgmajfault 731
total_inactive_anon 144257024
total_active_anon 143523840
total_inactive_file 356241408
total_active_file 355758080
total_unevictable 4096
--------------------BLKIO-----------------------
11:0 Read 0
11:0 Write 0
11:0 Sync 0
11:0 Async 0
11:0 Total 0
253:0 Read 2473541632
253:0 Write 3059712
253:0 Sync 196608
253:0 Async 2476404736
253:0 Total 2476601344
Total 2476601344
--------------------CPUAC-----------------------
user 17189
system 13471
 
--------------------MEMCG-----------------------
MEM ONLY  : 953 MB
MEM+SWAP  : 953 MB
cache 712204288
rss 287662080
rss_huge 0
mapped_file 3031040
writeback 0
swap 0
pgpgin 13837032
pgpgout 13592924
pgfault 296850
pgmajfault 740
inactive_anon 144453632
active_anon 143278080
inactive_file 356184064
active_file 355844096
unevictable 4096
hierarchical_memory_limit 999997440
hierarchical_memsw_limit 9223372036854771712
total_cache 712204288
total_rss 287662080
total_rss_huge 0
total_mapped_file 3031040
total_writeback 0
total_swap 0
total_pgpgin 13837032
total_pgpgout 13592924
total_pgfault 296850
total_pgmajfault 740
total_inactive_anon 144453632
total_active_anon 143278080
total_inactive_file 356184064
total_active_file 355844096
total_unevictable 4096
--------------------BLKIO-----------------------
11:0 Read 0
11:0 Write 0
11:0 Sync 0
11:0 Async 0
11:0 Total 0
253:0 Read 2473541632
253:0 Write 3076096
253:0 Sync 196608
253:0 Async 2476421120
253:0 Total 2476617728
Total 2476617728
--------------------CPUAC-----------------------
user 17591
system 13765
 
--------------------MEMCG-----------------------
MEM ONLY  : 953 MB
MEM+SWAP  : 953 MB
cache 712867840
rss 287129600
rss_huge 0
mapped_file 2899968
writeback 0
swap 0
pgpgin 14139528
pgpgout 13895388
pgfault 297912
pgmajfault 743
inactive_anon 143982592
active_anon 143216640
inactive_file 356528128
active_file 356245504
unevictable 4096
hierarchical_memory_limit 999997440
hierarchical_memsw_limit 9223372036854771712
total_cache 712867840
total_rss 287129600
total_rss_huge 0
total_mapped_file 2899968
total_writeback 0
total_swap 0
total_pgpgin 14139528
total_pgpgout 13895388
total_pgfault 297912
total_pgmajfault 743
total_inactive_anon 143982592
total_active_anon 143216640
total_inactive_file 356528128
total_active_file 356245504
total_unevictable 4096
--------------------BLKIO-----------------------
11:0 Read 0
11:0 Write 0
11:0 Sync 0
11:0 Async 0
11:0 Total 0
253:0 Read 2473545728
253:0 Write 3096576
253:0 Sync 196608
253:0 Async 2476445696
253:0 Total 2476642304
Total 2476642304
--------------------CPUAC-----------------------
user 17971
system 14054
 
--------------------MEMCG-----------------------
MEM ONLY  : 953 MB
MEM+SWAP  : 953 MB
cache 712577024
rss 287264768
rss_huge 0
mapped_file 2678784
writeback 0
swap 0
pgpgin 14452383
pgpgout 14208281
pgfault 299028
pgmajfault 744
inactive_anon 143802368
active_anon 143532032
inactive_file 356524032
active_file 355950592
unevictable 4096
hierarchical_memory_limit 999997440
hierarchical_memsw_limit 9223372036854771712
total_cache 712577024
total_rss 287264768
total_rss_huge 0
total_mapped_file 2678784
total_writeback 0
total_swap 0
total_pgpgin 14452383
total_pgpgout 14208281
total_pgfault 299028
total_pgmajfault 744
total_inactive_anon 143802368
total_active_anon 143532032
total_inactive_file 356524032
total_active_file 355950592
total_unevictable 4096
--------------------BLKIO-----------------------
11:0 Read 0
11:0 Write 0
11:0 Sync 0
11:0 Async 0
11:0 Total 0
253:0 Read 2473545728
253:0 Write 3117056
253:0 Sync 196608
253:0 Async 2476466176
253:0 Total 2476662784
Total 2476662784
--------------------CPUAC-----------------------
user 18358
system 14362
 
--------------------MEMCG-----------------------
MEM ONLY  : 953 MB
MEM+SWAP  : 953 MB
cache 711610368
rss 288202752
rss_huge 0
mapped_file 2760704
writeback 0
swap 0
pgpgin 14766763
pgpgout 14522668
pgfault 300505
pgmajfault 746
inactive_anon 144535552
active_anon 143736832
inactive_file 355790848
active_file 355700736
unevictable 4096
hierarchical_memory_limit 999997440
hierarchical_memsw_limit 9223372036854771712
total_cache 711610368
total_rss 288202752
total_rss_huge 0
total_mapped_file 2760704
total_writeback 0
total_swap 0
total_pgpgin 14766763
total_pgpgout 14522668
total_pgfault 300505
total_pgmajfault 746
total_inactive_anon 144535552
total_active_anon 143736832
total_inactive_file 355790848
total_active_file 355700736
total_unevictable 4096
--------------------BLKIO-----------------------
11:0 Read 0
11:0 Write 0
11:0 Sync 0
11:0 Async 0
11:0 Total 0
253:0 Read 2473545728
253:0 Write 3137536
253:0 Sync 196608
253:0 Async 2476486656
253:0 Total 2476683264
Total 2476683264
--------------------CPUAC-----------------------
user 18723
system 14668
 
--------------------MEMCG-----------------------
MEM ONLY  : 953 MB
MEM+SWAP  : 953 MB
cache 712085504
rss 287821824
rss_huge 0
mapped_file 2674688
writeback 0
swap 0
pgpgin 15084975
pgpgout 14840857
pgfault 301625
pgmajfault 746
inactive_anon 144457728
active_anon 143433728
inactive_file 356134912
active_file 355844096
unevictable 4096
hierarchical_memory_limit 999997440
hierarchical_memsw_limit 9223372036854771712
total_cache 712085504
total_rss 287821824
total_rss_huge 0
total_mapped_file 2674688
total_writeback 0
total_swap 0
total_pgpgin 15084975
total_pgpgout 14840857
total_pgfault 301625
total_pgmajfault 746
total_inactive_anon 144457728
total_active_anon 143433728
total_inactive_file 356134912
total_active_file 355844096
total_unevictable 4096
--------------------BLKIO-----------------------
11:0 Read 0
11:0 Write 0
11:0 Sync 0
11:0 Async 0
11:0 Total 0
253:0 Read 2473672704
253:0 Write 3162112
253:0 Sync 196608
253:0 Async 2476638208
253:0 Total 2476834816
Total 2476834816
--------------------CPUAC-----------------------
user 19102
system 14966
 
--------------------MEMCG-----------------------
MEM ONLY  : 953 MB
MEM+SWAP  : 953 MB
cache 712130560
rss 287834112
rss_huge 0
mapped_file 2764800
writeback 0
swap 0
pgpgin 15402809
pgpgout 15158677
pgfault 302644
pgmajfault 749
inactive_anon 144097280
active_anon 143806464
inactive_file 356196352
active_file 355827712
unevictable 4096
hierarchical_memory_limit 999997440
hierarchical_memsw_limit 9223372036854771712
total_cache 712130560
total_rss 287834112
total_rss_huge 0
total_mapped_file 2764800
total_writeback 0
total_swap 0
total_pgpgin 15402809
total_pgpgout 15158677
total_pgfault 302644
total_pgmajfault 749
total_inactive_anon 144097280
total_active_anon 143806464
total_inactive_file 356196352
total_active_file 355827712
total_unevictable 4096
--------------------BLKIO-----------------------
11:0 Read 0
11:0 Write 0
11:0 Sync 0
11:0 Async 0
11:0 Total 0
253:0 Read 2473672704
253:0 Write 3186688
253:0 Sync 196608
253:0 Async 2476662784
253:0 Total 2476859392
Total 2476859392
--------------------CPUAC-----------------------
user 19492
system 15280
 
--------------------MEMCG-----------------------
MEM ONLY  : 953 MB
MEM+SWAP  : 953 MB
cache 711696384
rss 288088064
rss_huge 0
mapped_file 3010560
writeback 0
swap 0
pgpgin 15718294
pgpgout 15474204
pgfault 303843
pgmajfault 759
inactive_anon 144310272
active_anon 143847424
inactive_file 355930112
active_file 355659776
unevictable 4096
hierarchical_memory_limit 999997440
hierarchical_memsw_limit 9223372036854771712
total_cache 711708672
total_rss 288088064
total_rss_huge 0
total_mapped_file 3010560
total_writeback 0
total_swap 0
total_pgpgin 15718295
total_pgpgout 15474204
total_pgfault 303843
total_pgmajfault 759
total_inactive_anon 144310272
total_active_anon 143847424
total_inactive_file 355930112
total_active_file 355659776
total_unevictable 4096
--------------------BLKIO-----------------------
11:0 Read 0
11:0 Write 0
11:0 Sync 0
11:0 Async 0
11:0 Total 0
253:0 Read 2473672704
253:0 Write 3211264
253:0 Sync 196608
253:0 Async 2476687360
253:0 Total 2476883968
Total 2476883968
--------------------CPUAC-----------------------
user 19878
system 15576
 
--------------------MEMCG-----------------------
MEM ONLY  : 953 MB
MEM+SWAP  : 953 MB
cache 711983104
rss 287870976
rss_huge 0
mapped_file 2895872
writeback 0
swap 0
pgpgin 16033750
pgpgout 15789645
pgfault 304956
pgmajfault 759
inactive_anon 144216064
active_anon 143724544
inactive_file 356163584
active_file 355700736
unevictable 4096
hierarchical_memory_limit 999997440
hierarchical_memsw_limit 9223372036854771712
total_cache 711983104
total_rss 287870976
total_rss_huge 0
total_mapped_file 2895872
total_writeback 0
total_swap 0
total_pgpgin 16033750
total_pgpgout 15789645
total_pgfault 304956
total_pgmajfault 759
total_inactive_anon 144216064
total_active_anon 143724544
total_inactive_file 356163584
total_active_file 355700736
total_unevictable 4096
--------------------BLKIO-----------------------
11:0 Read 0
11:0 Write 0
11:0 Sync 0
11:0 Async 0
11:0 Total 0
253:0 Read 2473807872
253:0 Write 3239936
253:0 Sync 196608
253:0 Async 2476851200
253:0 Total 2477047808
Total 2477047808
--------------------CPUAC-----------------------
user 20273
system 15884
 
--------------------MEMCG-----------------------
MEM ONLY  : 953 MB
MEM+SWAP  : 953 MB
cache 711995392
rss 287830016
rss_huge 0
mapped_file 2740224
writeback 0
swap 0
pgpgin 16352541
pgpgout 16108443
pgfault 305989
pgmajfault 761
inactive_anon 144101376
active_anon 143798272
inactive_file 356118528
active_file 355762176
unevictable 4096
hierarchical_memory_limit 999997440
hierarchical_memsw_limit 9223372036854771712
total_cache 711995392
total_rss 287830016
total_rss_huge 0
total_mapped_file 2740224
total_writeback 0
total_swap 0
total_pgpgin 16352541
total_pgpgout 16108443
total_pgfault 305989
total_pgmajfault 761
total_inactive_anon 144101376
total_active_anon 143798272
total_inactive_file 356118528
total_active_file 355762176
total_unevictable 4096
--------------------BLKIO-----------------------
11:0 Read 0
11:0 Write 0
11:0 Sync 0
11:0 Async 0
11:0 Total 0
253:0 Read 2473807872
253:0 Write 3268608
253:0 Sync 196608
253:0 Async 2476879872
253:0 Total 2477076480
Total 2477076480
--------------------CPUAC-----------------------
user 20658
system 16182
 
--------------------MEMCG-----------------------
MEM ONLY  : 953 MB
MEM+SWAP  : 953 MB
cache 712204288
rss 287612928
rss_huge 0
mapped_file 2723840
writeback 0
swap 0
pgpgin 16670047
pgpgout 16425951
pgfault 307035
pgmajfault 761
inactive_anon 143933440
active_anon 143749120
inactive_file 356225024
active_file 355864576
unevictable 4096
hierarchical_memory_limit 999997440
hierarchical_memsw_limit 9223372036854771712
total_cache 712204288
total_rss 287612928
total_rss_huge 0
total_mapped_file 2723840
total_writeback 0
total_swap 0
total_pgpgin 16670047
total_pgpgout 16425951
total_pgfault 307035
total_pgmajfault 761
total_inactive_anon 143933440
total_active_anon 143749120
total_inactive_file 356225024
total_active_file 355864576
total_unevictable 4096
--------------------BLKIO-----------------------
11:0 Read 0
11:0 Write 0
11:0 Sync 0
11:0 Async 0
11:0 Total 0
253:0 Read 2473807872
253:0 Write 3297280
253:0 Sync 196608
253:0 Async 2476908544
253:0 Total 2477105152
Total 2477105152
--------------------CPUAC-----------------------
user 21048
system 16487
 
--------------------MEMCG-----------------------
MEM ONLY  : 953 MB
MEM+SWAP  : 953 MB
cache 712695808
rss 287264768
rss_huge 0
mapped_file 2760704
writeback 0
swap 0
pgpgin 16984265
pgpgout 16740134
pgfault 308168
pgmajfault 763
inactive_anon 143982592
active_anon 143351808
inactive_file 356597760
active_file 355995648
unevictable 4096
hierarchical_memory_limit 999997440
hierarchical_memsw_limit 9223372036854771712
total_cache 712695808
total_rss 287264768
total_rss_huge 0
total_mapped_file 2760704
total_writeback 0
total_swap 0
total_pgpgin 16984265
total_pgpgout 16740134
total_pgfault 308168
total_pgmajfault 763
total_inactive_anon 143982592
total_active_anon 143351808
total_inactive_file 356597760
total_active_file 355995648
total_unevictable 4096
--------------------BLKIO-----------------------
11:0 Read 0
11:0 Write 0
11:0 Sync 0
11:0 Async 0
11:0 Total 0
253:0 Read 2473807872
253:0 Write 3330048
253:0 Sync 196608
253:0 Async 2476941312
253:0 Total 2477137920
Total 2477137920
--------------------CPUAC-----------------------
user 21442
system 16781
 
--------------------MEMCG-----------------------
MEM ONLY  : 953 MB
MEM+SWAP  : 953 MB
cache 713129984
rss 286777344
rss_huge 0
mapped_file 2760704
writeback 0
swap 0
pgpgin 17299950
pgpgout 17055832
pgfault 309187
pgmajfault 763
inactive_anon 143925248
active_anon 142921728
inactive_file 356601856
active_file 356356096
unevictable 4096
hierarchical_memory_limit 999997440
hierarchical_memsw_limit 9223372036854771712
total_cache 713129984
total_rss 286777344
total_rss_huge 0
total_mapped_file 2760704
total_writeback 0
total_swap 0
total_pgpgin 17299950
total_pgpgout 17055832
total_pgfault 309187
total_pgmajfault 763
total_inactive_anon 143925248
total_active_anon 142921728
total_inactive_file 356601856
total_active_file 356356096
total_unevictable 4096
--------------------BLKIO-----------------------
11:0 Read 0
11:0 Write 0
11:0 Sync 0
11:0 Async 0
11:0 Total 0
253:0 Read 2473807872
253:0 Write 3362816
253:0 Sync 196608
253:0 Async 2476974080
253:0 Total 2477170688
Total 2477170688
--------------------CPUAC-----------------------
user 21816
system 17082
 
