--------------------MEMCG-----------------------
MEM ONLY  : 187 MB
MEM+SWAP  : 187 MB
cache 108179456
rss 87920640
rss_huge 0
mapped_file 36749312
writeback 0
swap 0
pgpgin 145492
pgpgout 97616
pgfault 198512
pgmajfault 487
inactive_anon 45056
active_anon 87945216
inactive_file 91680768
active_file 16424960
unevictable 4096
hierarchical_memory_limit 999997440
hierarchical_memsw_limit 9223372036854771712
total_cache 108179456
total_rss 87920640
total_rss_huge 0
total_mapped_file 36749312
total_writeback 0
total_swap 0
total_pgpgin 145492
total_pgpgout 97616
total_pgfault 198512
total_pgmajfault 487
total_inactive_anon 45056
total_active_anon 87945216
total_inactive_file 91680768
total_active_file 16424960
total_unevictable 4096
--------------------BLKIO-----------------------
11:0 Read 0
11:0 Write 0
11:0 Sync 0
11:0 Async 0
11:0 Total 0
253:0 Read 107925504
253:0 Write 327680
253:0 Sync 61440
253:0 Async 108191744
253:0 Total 108253184
Total 108253184
--------------------CPUAC-----------------------
user 68
system 106
 
--------------------MEMCG-----------------------
MEM ONLY  : 248 MB
MEM+SWAP  : 248 MB
cache 139845632
rss 120459264
rss_huge 0
mapped_file 36749312
writeback 0
swap 0
pgpgin 161199
pgpgout 97648
pgfault 206496
pgmajfault 487
inactive_anon 45056
active_anon 120483840
inactive_file 123338752
active_file 16424960
unevictable 4096
hierarchical_memory_limit 999997440
hierarchical_memsw_limit 9223372036854771712
total_cache 139845632
total_rss 120459264
total_rss_huge 0
total_mapped_file 36749312
total_writeback 0
total_swap 0
total_pgpgin 161199
total_pgpgout 97648
total_pgfault 206496
total_pgmajfault 487
total_inactive_anon 45056
total_active_anon 120483840
total_inactive_file 123338752
total_active_file 16424960
total_unevictable 4096
--------------------BLKIO-----------------------
11:0 Read 0
11:0 Write 0
11:0 Sync 0
11:0 Async 0
11:0 Total 0
253:0 Read 139587584
253:0 Write 339968
253:0 Sync 61440
253:0 Async 139866112
253:0 Total 139927552
Total 139927552
--------------------CPUAC-----------------------
user 78
system 115
 
--------------------MEMCG-----------------------
MEM ONLY  : 313 MB
MEM+SWAP  : 313 MB
cache 173522944
rss 155611136
rss_huge 0
mapped_file 36749312
writeback 0
swap 0
pgpgin 178036
pgpgout 97681
pgfault 215118
pgmajfault 487
inactive_anon 45056
active_anon 155631616
inactive_file 157007872
active_file 16424960
unevictable 4096
hierarchical_memory_limit 999997440
hierarchical_memsw_limit 9223372036854771712
total_cache 173522944
total_rss 155611136
total_rss_huge 0
total_mapped_file 36749312
total_writeback 0
total_swap 0
total_pgpgin 178036
total_pgpgout 97681
total_pgfault 215118
total_pgmajfault 487
total_inactive_anon 45056
total_active_anon 155631616
total_inactive_file 157007872
total_active_file 16424960
total_unevictable 4096
--------------------BLKIO-----------------------
11:0 Read 0
11:0 Write 0
11:0 Sync 0
11:0 Async 0
11:0 Total 0
253:0 Read 173264896
253:0 Write 352256
253:0 Sync 61440
253:0 Async 173555712
253:0 Total 173617152
Total 173617152
--------------------CPUAC-----------------------
user 94
system 122
 
--------------------MEMCG-----------------------
MEM ONLY  : 381 MB
MEM+SWAP  : 381 MB
cache 208433152
rss 191483904
rss_huge 0
mapped_file 36749312
writeback 0
swap 0
pgpgin 195350
pgpgout 97714
pgfault 223916
pgmajfault 487
inactive_anon 45056
active_anon 191504384
inactive_file 191934464
active_file 16424960
unevictable 4096
hierarchical_memory_limit 999997440
hierarchical_memsw_limit 9223372036854771712
total_cache 208433152
total_rss 191483904
total_rss_huge 0
total_mapped_file 36749312
total_writeback 0
total_swap 0
total_pgpgin 195350
total_pgpgout 97714
total_pgfault 223916
total_pgmajfault 487
total_inactive_anon 45056
total_active_anon 191504384
total_inactive_file 191934464
total_active_file 16424960
total_unevictable 4096
--------------------BLKIO-----------------------
11:0 Read 0
11:0 Write 0
11:0 Sync 0
11:0 Async 0
11:0 Total 0
253:0 Read 208175104
253:0 Write 364544
253:0 Sync 61440
253:0 Async 208478208
253:0 Total 208539648
Total 208539648
--------------------CPUAC-----------------------
user 110
system 132
 
--------------------MEMCG-----------------------
MEM ONLY  : 445 MB
MEM+SWAP  : 445 MB
cache 241917952
rss 225607680
rss_huge 0
mapped_file 36610048
writeback 0
swap 0
pgpgin 211957
pgpgout 97815
pgfault 232367
pgmajfault 487
inactive_anon 45056
active_anon 225632256
inactive_file 225390592
active_file 16453632
unevictable 4096
hierarchical_memory_limit 999997440
hierarchical_memsw_limit 9223372036854771712
total_cache 241917952
total_rss 225607680
total_rss_huge 0
total_mapped_file 36610048
total_writeback 0
total_swap 0
total_pgpgin 211957
total_pgpgout 97815
total_pgfault 232367
total_pgmajfault 487
total_inactive_anon 45056
total_active_anon 225632256
total_inactive_file 225390592
total_active_file 16453632
total_unevictable 4096
--------------------BLKIO-----------------------
11:0 Read 0
11:0 Write 0
11:0 Sync 0
11:0 Async 0
11:0 Total 0
253:0 Read 241643520
253:0 Write 475136
253:0 Sync 159744
253:0 Async 241958912
253:0 Total 242118656
Total 242118656
--------------------CPUAC-----------------------
user 124
system 142
 
--------------------MEMCG-----------------------
MEM ONLY  : 505 MB
MEM+SWAP  : 505 MB
cache 276615168
rss 253644800
rss_huge 0
mapped_file 36610048
writeback 0
swap 0
pgpgin 227306
pgpgout 97848
pgfault 239252
pgmajfault 487
inactive_anon 45056
active_anon 253644800
inactive_file 259010560
active_file 17502208
unevictable 4096
hierarchical_memory_limit 999997440
hierarchical_memsw_limit 9223372036854771712
total_cache 276615168
total_rss 253644800
total_rss_huge 0
total_mapped_file 36610048
total_writeback 0
total_swap 0
total_pgpgin 227306
total_pgpgout 97848
total_pgfault 239252
total_pgmajfault 487
total_inactive_anon 45056
total_active_anon 253644800
total_inactive_file 259010560
total_active_file 17502208
total_unevictable 4096
--------------------BLKIO-----------------------
11:0 Read 0
11:0 Write 0
11:0 Sync 0
11:0 Async 0
11:0 Total 0
253:0 Read 276336640
253:0 Write 491520
253:0 Sync 159744
253:0 Async 276668416
253:0 Total 276828160
Total 276828160
--------------------CPUAC-----------------------
user 140
system 152
 
--------------------MEMCG-----------------------
MEM ONLY  : 542 MB
MEM+SWAP  : 542 MB
cache 312094720
rss 256389120
rss_huge 0
mapped_file 36610048
writeback 0
swap 0
pgpgin 236675
pgpgout 97885
pgfault 239955
pgmajfault 487
inactive_anon 45056
active_anon 256413696
inactive_file 290611200
active_file 21397504
unevictable 4096
hierarchical_memory_limit 999997440
hierarchical_memsw_limit 9223372036854771712
total_cache 312094720
total_rss 256389120
total_rss_huge 0
total_mapped_file 36610048
total_writeback 0
total_swap 0
total_pgpgin 236675
total_pgpgout 97885
total_pgfault 239955
total_pgmajfault 487
total_inactive_anon 45056
total_active_anon 256413696
total_inactive_file 290611200
total_active_file 21397504
total_unevictable 4096
--------------------BLKIO-----------------------
11:0 Read 0
11:0 Write 0
11:0 Sync 0
11:0 Async 0
11:0 Total 0
253:0 Read 311816192
253:0 Write 507904
253:0 Sync 159744
253:0 Async 312164352
253:0 Total 312324096
Total 312324096
--------------------CPUAC-----------------------
user 154
system 162
 
--------------------MEMCG-----------------------
MEM ONLY  : 577 MB
MEM+SWAP  : 577 MB
cache 348327936
rss 257556480
rss_huge 0
mapped_file 36610048
writeback 0
swap 0
pgpgin 245840
pgpgout 97919
pgfault 240270
pgmajfault 487
inactive_anon 45056
active_anon 257581056
inactive_file 323665920
active_file 24547328
unevictable 4096
hierarchical_memory_limit 999997440
hierarchical_memsw_limit 9223372036854771712
total_cache 348327936
total_rss 257556480
total_rss_huge 0
total_mapped_file 36610048
total_writeback 0
total_swap 0
total_pgpgin 245840
total_pgpgout 97919
total_pgfault 240270
total_pgmajfault 487
total_inactive_anon 45056
total_active_anon 257581056
total_inactive_file 323665920
total_active_file 24547328
total_unevictable 4096
--------------------BLKIO-----------------------
11:0 Read 0
11:0 Write 0
11:0 Sync 0
11:0 Async 0
11:0 Total 0
253:0 Read 348049408
253:0 Write 524288
253:0 Sync 159744
253:0 Async 348413952
253:0 Total 348573696
Total 348573696
--------------------CPUAC-----------------------
user 175
system 172
 
--------------------MEMCG-----------------------
MEM ONLY  : 611 MB
MEM+SWAP  : 611 MB
cache 382930944
rss 257921024
rss_huge 0
mapped_file 36610048
writeback 0
swap 0
pgpgin 254432
pgpgout 97974
pgfault 240410
pgmajfault 487
inactive_anon 45056
active_anon 257945600
inactive_file 355868672
active_file 26955776
unevictable 4096
hierarchical_memory_limit 999997440
hierarchical_memsw_limit 9223372036854771712
total_cache 382930944
total_rss 257921024
total_rss_huge 0
total_mapped_file 36610048
total_writeback 0
total_swap 0
total_pgpgin 254432
total_pgpgout 97974
total_pgfault 240410
total_pgmajfault 487
total_inactive_anon 45056
total_active_anon 257945600
total_inactive_file 355868672
total_active_file 26955776
total_unevictable 4096
--------------------BLKIO-----------------------
11:0 Read 0
11:0 Write 0
11:0 Sync 0
11:0 Async 0
11:0 Total 0
253:0 Read 382652416
253:0 Write 540672
253:0 Sync 159744
253:0 Async 383033344
253:0 Total 383193088
Total 383193088
--------------------CPUAC-----------------------
user 191
system 183
 
--------------------MEMCG-----------------------
MEM ONLY  : 645 MB
MEM+SWAP  : 645 MB
cache 418488320
rss 258387968
rss_huge 0
mapped_file 36610048
writeback 0
swap 0
pgpgin 263295
pgpgout 98042
pgfault 240588
pgmajfault 487
inactive_anon 45056
active_anon 258412544
inactive_file 388071424
active_file 30326784
unevictable 4096
hierarchical_memory_limit 999997440
hierarchical_memsw_limit 9223372036854771712
total_cache 418488320
total_rss 258387968
total_rss_huge 0
total_mapped_file 36610048
total_writeback 0
total_swap 0
total_pgpgin 263295
total_pgpgout 98042
total_pgfault 240588
total_pgmajfault 487
total_inactive_anon 45056
total_active_anon 258412544
total_inactive_file 388071424
total_active_file 30326784
total_unevictable 4096
--------------------BLKIO-----------------------
11:0 Read 0
11:0 Write 0
11:0 Sync 0
11:0 Async 0
11:0 Total 0
253:0 Read 418209792
253:0 Write 557056
253:0 Sync 159744
253:0 Async 418607104
253:0 Total 418766848
Total 418766848
--------------------CPUAC-----------------------
user 206
system 196
 
--------------------MEMCG-----------------------
MEM ONLY  : 678 MB
MEM+SWAP  : 678 MB
cache 452648960
rss 258310144
rss_huge 0
mapped_file 36610048
writeback 0
swap 0
pgpgin 271689
pgpgout 98115
pgfault 240638
pgmajfault 487
inactive_anon 45056
active_anon 258334720
inactive_file 419127296
active_file 33447936
unevictable 4096
hierarchical_memory_limit 999997440
hierarchical_memsw_limit 9223372036854771712
total_cache 452648960
total_rss 258310144
total_rss_huge 0
total_mapped_file 36610048
total_writeback 0
total_swap 0
total_pgpgin 271689
total_pgpgout 98115
total_pgfault 240638
total_pgmajfault 487
total_inactive_anon 45056
total_active_anon 258334720
total_inactive_file 419127296
total_active_file 33447936
total_unevictable 4096
--------------------BLKIO-----------------------
11:0 Read 0
11:0 Write 0
11:0 Sync 0
11:0 Async 0
11:0 Total 0
253:0 Read 452366336
253:0 Write 614400
253:0 Sync 196608
253:0 Async 452784128
253:0 Total 452980736
Total 452980736
--------------------CPUAC-----------------------
user 224
system 202
 
--------------------MEMCG-----------------------
MEM ONLY  : 712 MB
MEM+SWAP  : 712 MB
cache 488407040
rss 258211840
rss_huge 0
mapped_file 36610048
writeback 0
swap 0
pgpgin 280462
pgpgout 98182
pgfault 240676
pgmajfault 487
inactive_anon 45056
active_anon 258236416
inactive_file 451407872
active_file 36925440
unevictable 4096
hierarchical_memory_limit 999997440
hierarchical_memsw_limit 9223372036854771712
total_cache 488407040
total_rss 258211840
total_rss_huge 0
total_mapped_file 36610048
total_writeback 0
total_swap 0
total_pgpgin 280462
total_pgpgout 98182
total_pgfault 240676
total_pgmajfault 487
total_inactive_anon 45056
total_active_anon 258236416
total_inactive_file 451407872
total_active_file 36925440
total_unevictable 4096
--------------------BLKIO-----------------------
11:0 Read 0
11:0 Write 0
11:0 Sync 0
11:0 Async 0
11:0 Total 0
253:0 Read 488120320
253:0 Write 634880
253:0 Sync 196608
253:0 Async 488558592
253:0 Total 488755200
Total 488755200
--------------------CPUAC-----------------------
user 240
system 214
 
--------------------MEMCG-----------------------
MEM ONLY  : 744 MB
MEM+SWAP  : 744 MB
cache 522203136
rss 258265088
rss_huge 0
mapped_file 36610048
writeback 0
swap 0
pgpgin 288779
pgpgout 98235
pgfault 240737
pgmajfault 487
inactive_anon 45056
active_anon 258289664
inactive_file 482000896
active_file 40128512
unevictable 4096
hierarchical_memory_limit 999997440
hierarchical_memsw_limit 9223372036854771712
total_cache 522203136
total_rss 258265088
total_rss_huge 0
total_mapped_file 36610048
total_writeback 0
total_swap 0
total_pgpgin 288779
total_pgpgout 98235
total_pgfault 240737
total_pgmajfault 487
total_inactive_anon 45056
total_active_anon 258289664
total_inactive_file 482000896
total_active_file 40128512
total_unevictable 4096
--------------------BLKIO-----------------------
11:0 Read 0
11:0 Write 0
11:0 Sync 0
11:0 Async 0
11:0 Total 0
253:0 Read 521916416
253:0 Write 655360
253:0 Sync 196608
253:0 Async 522375168
253:0 Total 522571776
Total 522571776
--------------------CPUAC-----------------------
user 254
system 224
 
--------------------MEMCG-----------------------
MEM ONLY  : 780 MB
MEM+SWAP  : 780 MB
cache 559767552
rss 258228224
rss_huge 0
mapped_file 36610048
writeback 0
swap 0
pgpgin 298017
pgpgout 98311
pgfault 240799
pgmajfault 487
inactive_anon 45056
active_anon 258252800
inactive_file 515190784
active_file 44503040
unevictable 4096
hierarchical_memory_limit 999997440
hierarchical_memsw_limit 9223372036854771712
total_cache 559767552
total_rss 258228224
total_rss_huge 0
total_mapped_file 36610048
total_writeback 0
total_swap 0
total_pgpgin 298017
total_pgpgout 98311
total_pgfault 240799
total_pgmajfault 487
total_inactive_anon 45056
total_active_anon 258252800
total_inactive_file 515190784
total_active_file 44503040
total_unevictable 4096
--------------------BLKIO-----------------------
11:0 Read 0
11:0 Write 0
11:0 Sync 0
11:0 Async 0
11:0 Total 0
253:0 Read 559480832
253:0 Write 675840
253:0 Sync 196608
253:0 Async 559960064
253:0 Total 560156672
Total 560156672
--------------------CPUAC-----------------------
user 272
system 234
 
--------------------MEMCG-----------------------
MEM ONLY  : 813 MB
MEM+SWAP  : 813 MB
cache 594931712
rss 258027520
rss_huge 0
mapped_file 36610048
writeback 0
swap 0
pgpgin 306638
pgpgout 98396
pgfault 240830
pgmajfault 487
inactive_anon 45056
active_anon 258052096
inactive_file 545792000
active_file 49033216
unevictable 4096
hierarchical_memory_limit 999997440
hierarchical_memsw_limit 9223372036854771712
total_cache 594931712
total_rss 258027520
total_rss_huge 0
total_mapped_file 36610048
total_writeback 0
total_swap 0
total_pgpgin 306638
total_pgpgout 98396
total_pgfault 240830
total_pgmajfault 487
total_inactive_anon 45056
total_active_anon 258052096
total_inactive_file 545792000
total_active_file 49033216
total_unevictable 4096
--------------------BLKIO-----------------------
11:0 Read 0
11:0 Write 0
11:0 Sync 0
11:0 Async 0
11:0 Total 0
253:0 Read 594640896
253:0 Write 700416
253:0 Sync 196608
253:0 Async 595144704
253:0 Total 595341312
Total 595341312
--------------------CPUAC-----------------------
user 292
system 246
 
--------------------MEMCG-----------------------
MEM ONLY  : 847 MB
MEM+SWAP  : 847 MB
cache 630390784
rss 257904640
rss_huge 0
mapped_file 36610048
writeback 0
swap 0
pgpgin 315340
pgpgout 98471
pgfault 240869
pgmajfault 487
inactive_anon 45056
active_anon 257929216
inactive_file 575602688
active_file 54657024
unevictable 4096
hierarchical_memory_limit 999997440
hierarchical_memsw_limit 9223372036854771712
total_cache 630390784
total_rss 257904640
total_rss_huge 0
total_mapped_file 36610048
total_writeback 0
total_swap 0
total_pgpgin 315340
total_pgpgout 98471
total_pgfault 240869
total_pgmajfault 487
total_inactive_anon 45056
total_active_anon 257929216
total_inactive_file 575602688
total_active_file 54657024
total_unevictable 4096
--------------------BLKIO-----------------------
11:0 Read 0
11:0 Write 0
11:0 Sync 0
11:0 Async 0
11:0 Total 0
253:0 Read 630099968
253:0 Write 724992
253:0 Sync 196608
253:0 Async 630628352
253:0 Total 630824960
Total 630824960
--------------------CPUAC-----------------------
user 313
system 258
 
--------------------MEMCG-----------------------
MEM ONLY  : 883 MB
MEM+SWAP  : 883 MB
cache 667942912
rss 257953792
rss_huge 0
mapped_file 36610048
writeback 0
swap 0
pgpgin 324556
pgpgout 98507
pgfault 240911
pgmajfault 487
inactive_anon 45056
active_anon 257978368
inactive_file 606203904
active_file 61665280
unevictable 4096
hierarchical_memory_limit 999997440
hierarchical_memsw_limit 9223372036854771712
total_cache 667942912
total_rss 257953792
total_rss_huge 0
total_mapped_file 36610048
total_writeback 0
total_swap 0
total_pgpgin 324556
total_pgpgout 98507
total_pgfault 240911
total_pgmajfault 487
total_inactive_anon 45056
total_active_anon 257978368
total_inactive_file 606203904
total_active_file 61665280
total_unevictable 4096
--------------------BLKIO-----------------------
11:0 Read 0
11:0 Write 0
11:0 Sync 0
11:0 Async 0
11:0 Total 0
253:0 Read 667652096
253:0 Write 749568
253:0 Sync 196608
253:0 Async 668205056
253:0 Total 668401664
Total 668401664
--------------------CPUAC-----------------------
user 332
system 268
 
--------------------MEMCG-----------------------
MEM ONLY  : 918 MB
MEM+SWAP  : 918 MB
cache 705441792
rss 258019328
rss_huge 0
mapped_file 36610048
writeback 0
swap 0
pgpgin 333763
pgpgout 98543
pgfault 240957
pgmajfault 487
inactive_anon 45056
active_anon 258043904
inactive_file 637571072
active_file 67796992
unevictable 4096
hierarchical_memory_limit 999997440
hierarchical_memsw_limit 9223372036854771712
total_cache 705441792
total_rss 258019328
total_rss_huge 0
total_mapped_file 36610048
total_writeback 0
total_swap 0
total_pgpgin 333763
total_pgpgout 98543
total_pgfault 240957
total_pgmajfault 487
total_inactive_anon 45056
total_active_anon 258043904
total_inactive_file 637571072
total_active_file 67796992
total_unevictable 4096
--------------------BLKIO-----------------------
11:0 Read 0
11:0 Write 0
11:0 Sync 0
11:0 Async 0
11:0 Total 0
253:0 Read 705150976
253:0 Write 774144
253:0 Sync 196608
253:0 Async 705728512
253:0 Total 705925120
Total 705925120
--------------------CPUAC-----------------------
user 350
system 281
 
--------------------MEMCG-----------------------
MEM ONLY  : 953 MB
MEM+SWAP  : 953 MB
cache 741765120
rss 258101248
rss_huge 0
mapped_file 36610048
writeback 0
swap 0
pgpgin 343312
pgpgout 99204
pgfault 241008
pgmajfault 487
inactive_anon 4476928
active_anon 253693952
inactive_file 666828800
active_file 74846208
unevictable 4096
hierarchical_memory_limit 999997440
hierarchical_memsw_limit 9223372036854771712
total_cache 741765120
total_rss 258101248
total_rss_huge 0
total_mapped_file 36610048
total_writeback 0
total_swap 0
total_pgpgin 343312
total_pgpgout 99204
total_pgfault 241008
total_pgmajfault 487
total_inactive_anon 4476928
total_active_anon 253693952
total_inactive_file 666828800
total_active_file 74846208
total_unevictable 4096
--------------------BLKIO-----------------------
11:0 Read 0
11:0 Write 0
11:0 Sync 0
11:0 Async 0
11:0 Total 0
253:0 Read 744034304
253:0 Write 798720
253:0 Sync 196608
253:0 Async 744636416
253:0 Total 744833024
Total 744833024
--------------------CPUAC-----------------------
user 369
system 293
 
--------------------MEMCG-----------------------
MEM ONLY  : 953 MB
MEM+SWAP  : 953 MB
cache 741883904
rss 258105344
rss_huge 0
mapped_file 36581376
writeback 0
swap 0
pgpgin 352860
pgpgout 108722
pgfault 241039
pgmajfault 487
inactive_anon 63291392
active_anon 194883584
inactive_file 628056064
active_file 113717248
unevictable 4096
hierarchical_memory_limit 999997440
hierarchical_memsw_limit 9223372036854771712
total_cache 741883904
total_rss 258105344
total_rss_huge 0
total_mapped_file 36581376
total_writeback 0
total_swap 0
total_pgpgin 352860
total_pgpgout 108722
total_pgfault 241039
total_pgmajfault 487
total_inactive_anon 63291392
total_active_anon 194883584
total_inactive_file 628056064
total_active_file 113717248
total_unevictable 4096
--------------------BLKIO-----------------------
11:0 Read 0
11:0 Write 0
11:0 Sync 0
11:0 Async 0
11:0 Total 0
253:0 Read 782864384
253:0 Write 827392
253:0 Sync 196608
253:0 Async 783495168
253:0 Total 783691776
Total 783691776
--------------------CPUAC-----------------------
user 389
system 310
 
--------------------MEMCG-----------------------
MEM ONLY  : 953 MB
MEM+SWAP  : 953 MB
cache 741777408
rss 258109440
rss_huge 0
mapped_file 36581376
writeback 0
swap 0
pgpgin 362585
pgpgout 118472
pgfault 241070
pgmajfault 487
inactive_anon 98680832
active_anon 159498240
inactive_file 618950656
active_file 122720256
unevictable 4096
hierarchical_memory_limit 999997440
hierarchical_memsw_limit 9223372036854771712
total_cache 741777408
total_rss 258109440
total_rss_huge 0
total_mapped_file 36581376
total_writeback 0
total_swap 0
total_pgpgin 362585
total_pgpgout 118472
total_pgfault 241070
total_pgmajfault 487
total_inactive_anon 98680832
total_active_anon 159498240
total_inactive_file 618950656
total_active_file 122720256
total_unevictable 4096
--------------------BLKIO-----------------------
11:0 Read 0
11:0 Write 0
11:0 Sync 0
11:0 Async 0
11:0 Total 0
253:0 Read 822083584
253:0 Write 856064
253:0 Sync 196608
253:0 Async 822743040
253:0 Total 822939648
Total 822939648
--------------------CPUAC-----------------------
user 412
system 322
 
--------------------MEMCG-----------------------
MEM ONLY  : 953 MB
MEM+SWAP  : 953 MB
cache 741752832
rss 258134016
rss_huge 0
mapped_file 36581376
writeback 0
swap 0
pgpgin 372352
pgpgout 128239
pgfault 241106
pgmajfault 487
inactive_anon 129220608
active_anon 128983040
inactive_file 609300480
active_file 132378624
unevictable 4096
hierarchical_memory_limit 999997440
hierarchical_memsw_limit 9223372036854771712
total_cache 741752832
total_rss 258134016
total_rss_huge 0
total_mapped_file 36581376
total_writeback 0
total_swap 0
total_pgpgin 372352
total_pgpgout 128239
total_pgfault 241106
total_pgmajfault 487
total_inactive_anon 129220608
total_active_anon 128983040
total_inactive_file 609300480
total_active_file 132378624
total_unevictable 4096
--------------------BLKIO-----------------------
11:0 Read 0
11:0 Write 0
11:0 Sync 0
11:0 Async 0
11:0 Total 0
253:0 Read 860655616
253:0 Write 884736
253:0 Sync 196608
253:0 Async 861343744
253:0 Total 861540352
Total 861540352
--------------------CPUAC-----------------------
user 433
system 334
 
--------------------MEMCG-----------------------
MEM ONLY  : 953 MB
MEM+SWAP  : 953 MB
cache 741707776
rss 258146304
rss_huge 0
mapped_file 36581376
writeback 0
swap 0
pgpgin 382441
pgpgout 138336
pgfault 241139
pgmajfault 487
inactive_anon 129351680
active_anon 128864256
inactive_file 598405120
active_file 143228928
unevictable 4096
hierarchical_memory_limit 999997440
hierarchical_memsw_limit 9223372036854771712
total_cache 741707776
total_rss 258146304
total_rss_huge 0
total_mapped_file 36581376
total_writeback 0
total_swap 0
total_pgpgin 382441
total_pgpgout 138336
total_pgfault 241139
total_pgmajfault 487
total_inactive_anon 129351680
total_active_anon 128864256
total_inactive_file 598405120
total_active_file 143228928
total_unevictable 4096
--------------------BLKIO-----------------------
11:0 Read 0
11:0 Write 0
11:0 Sync 0
11:0 Async 0
11:0 Total 0
253:0 Read 899366912
253:0 Write 913408
253:0 Sync 196608
253:0 Async 900083712
253:0 Total 900280320
Total 900280320
--------------------CPUAC-----------------------
user 452
system 348
 
--------------------MEMCG-----------------------
MEM ONLY  : 953 MB
MEM+SWAP  : 953 MB
cache 741789696
rss 258170880
rss_huge 0
mapped_file 36581376
writeback 0
swap 0
pgpgin 392194
pgpgout 148063
pgfault 241175
pgmajfault 487
inactive_anon 129351680
active_anon 128888832
inactive_file 587055104
active_file 154603520
unevictable 4096
hierarchical_memory_limit 999997440
hierarchical_memsw_limit 9223372036854771712
total_cache 741789696
total_rss 258170880
total_rss_huge 0
total_mapped_file 36581376
total_writeback 0
total_swap 0
total_pgpgin 392194
total_pgpgout 148063
total_pgfault 241175
total_pgmajfault 487
total_inactive_anon 129351680
total_active_anon 128888832
total_inactive_file 587055104
total_active_file 154603520
total_unevictable 4096
--------------------BLKIO-----------------------
11:0 Read 0
11:0 Write 0
11:0 Sync 0
11:0 Async 0
11:0 Total 0
253:0 Read 936386560
253:0 Write 942080
253:0 Sync 196608
253:0 Async 937132032
253:0 Total 937328640
Total 937328640
--------------------CPUAC-----------------------
user 475
system 365
 
--------------------MEMCG-----------------------
MEM ONLY  : 953 MB
MEM+SWAP  : 953 MB
cache 741711872
rss 258191360
rss_huge 0
mapped_file 36581376
writeback 0
swap 0
pgpgin 402660
pgpgout 158543
pgfault 241210
pgmajfault 487
inactive_anon 129351680
active_anon 128909312
inactive_file 574234624
active_file 167399424
unevictable 4096
hierarchical_memory_limit 999997440
hierarchical_memsw_limit 9223372036854771712
total_cache 741711872
total_rss 258191360
total_rss_huge 0
total_mapped_file 36581376
total_writeback 0
total_swap 0
total_pgpgin 402660
total_pgpgout 158543
total_pgfault 241210
total_pgmajfault 487
total_inactive_anon 129351680
total_active_anon 128909312
total_inactive_file 574234624
total_active_file 167399424
total_unevictable 4096
--------------------BLKIO-----------------------
11:0 Read 0
11:0 Write 0
11:0 Sync 0
11:0 Async 0
11:0 Total 0
253:0 Read 974594048
253:0 Write 974848
253:0 Sync 196608
253:0 Async 975372288
253:0 Total 975568896
Total 975568896
--------------------CPUAC-----------------------
user 495
system 383
 
--------------------MEMCG-----------------------
MEM ONLY  : 953 MB
MEM+SWAP  : 953 MB
cache 741658624
rss 258191360
rss_huge 0
mapped_file 36581376
writeback 0
swap 0
pgpgin 413146
pgpgout 169042
pgfault 241240
pgmajfault 487
inactive_anon 129351680
active_anon 128909312
inactive_file 562659328
active_file 178921472
unevictable 4096
hierarchical_memory_limit 999997440
hierarchical_memsw_limit 9223372036854771712
total_cache 741658624
total_rss 258191360
total_rss_huge 0
total_mapped_file 36581376
total_writeback 0
total_swap 0
total_pgpgin 413146
total_pgpgout 169042
total_pgfault 241240
total_pgmajfault 487
total_inactive_anon 129351680
total_active_anon 128909312
total_inactive_file 562659328
total_active_file 178921472
total_unevictable 4096
--------------------BLKIO-----------------------
11:0 Read 0
11:0 Write 0
11:0 Sync 0
11:0 Async 0
11:0 Total 0
253:0 Read 1013329920
253:0 Write 1007616
253:0 Sync 196608
253:0 Async 1014140928
253:0 Total 1014337536
Total 1014337536
--------------------CPUAC-----------------------
user 518
system 399
 
--------------------MEMCG-----------------------
MEM ONLY  : 953 MB
MEM+SWAP  : 953 MB
cache 741830656
rss 258093056
rss_huge 0
mapped_file 36581376
writeback 0
swap 0
pgpgin 423854
pgpgout 179732
pgfault 241271
pgmajfault 487
inactive_anon 129269760
active_anon 128892928
inactive_file 550027264
active_file 191729664
unevictable 4096
hierarchical_memory_limit 999997440
hierarchical_memsw_limit 9223372036854771712
total_cache 741830656
total_rss 258093056
total_rss_huge 0
total_mapped_file 36581376
total_writeback 0
total_swap 0
total_pgpgin 423854
total_pgpgout 179732
total_pgfault 241271
total_pgmajfault 487
total_inactive_anon 129269760
total_active_anon 128892928
total_inactive_file 550027264
total_active_file 191729664
total_unevictable 4096
--------------------BLKIO-----------------------
11:0 Read 0
11:0 Write 0
11:0 Sync 0
11:0 Async 0
11:0 Total 0
253:0 Read 1051279360
253:0 Write 1040384
253:0 Sync 196608
253:0 Async 1052123136
253:0 Total 1052319744
Total 1052319744
--------------------CPUAC-----------------------
user 536
system 414
 
--------------------MEMCG-----------------------
MEM ONLY  : 953 MB
MEM+SWAP  : 953 MB
cache 741847040
rss 258084864
rss_huge 0
mapped_file 36581376
writeback 0
swap 0
pgpgin 434876
pgpgout 190752
pgfault 241337
pgmajfault 487
inactive_anon 129282048
active_anon 128872448
inactive_file 536694784
active_file 205078528
unevictable 4096
hierarchical_memory_limit 999997440
hierarchical_memsw_limit 9223372036854771712
total_cache 741847040
total_rss 258084864
total_rss_huge 0
total_mapped_file 36581376
total_writeback 0
total_swap 0
total_pgpgin 434876
total_pgpgout 190752
total_pgfault 241337
total_pgmajfault 487
total_inactive_anon 129282048
total_active_anon 128872448
total_inactive_file 536694784
total_active_file 205078528
total_unevictable 4096
--------------------BLKIO-----------------------
11:0 Read 0
11:0 Write 0
11:0 Sync 0
11:0 Async 0
11:0 Total 0
253:0 Read 1089167360
253:0 Write 1073152
253:0 Sync 196608
253:0 Async 1090043904
253:0 Total 1090240512
Total 1090240512
--------------------CPUAC-----------------------
user 561
system 425
 
--------------------MEMCG-----------------------
MEM ONLY  : 953 MB
MEM+SWAP  : 953 MB
cache 741765120
rss 257986560
rss_huge 0
mapped_file 36581376
writeback 0
swap 0
pgpgin 446756
pgpgout 202676
pgfault 241403
pgmajfault 487
inactive_anon 129196032
active_anon 128860160
inactive_file 523792384
active_file 217845760
unevictable 4096
hierarchical_memory_limit 999997440
hierarchical_memsw_limit 9223372036854771712
total_cache 741765120
total_rss 257986560
total_rss_huge 0
total_mapped_file 36581376
total_writeback 0
total_swap 0
total_pgpgin 446756
total_pgpgout 202676
total_pgfault 241403
total_pgmajfault 487
total_inactive_anon 129196032
total_active_anon 128860160
total_inactive_file 523792384
total_active_file 217845760
total_unevictable 4096
--------------------BLKIO-----------------------
11:0 Read 0
11:0 Write 0
11:0 Sync 0
11:0 Async 0
11:0 Total 0
253:0 Read 1127915520
253:0 Write 1073152
253:0 Sync 196608
253:0 Async 1128792064
253:0 Total 1128988672
Total 1128988672
--------------------CPUAC-----------------------
user 584
system 440
 
--------------------MEMCG-----------------------
MEM ONLY  : 953 MB
MEM+SWAP  : 953 MB
cache 742191104
rss 257802240
rss_huge 0
mapped_file 36581376
writeback 0
swap 0
pgpgin 458086
pgpgout 213947
pgfault 241440
pgmajfault 487
inactive_anon 129085440
active_anon 128786432
inactive_file 511901696
active_file 230207488
unevictable 4096
hierarchical_memory_limit 999997440
hierarchical_memsw_limit 9223372036854771712
total_cache 742191104
total_rss 257802240
total_rss_huge 0
total_mapped_file 36581376
total_writeback 0
total_swap 0
total_pgpgin 458086
total_pgpgout 213947
total_pgfault 241440
total_pgmajfault 487
total_inactive_anon 129085440
total_active_anon 128786432
total_inactive_file 511901696
total_active_file 230207488
total_unevictable 4096
--------------------BLKIO-----------------------
11:0 Read 0
11:0 Write 0
11:0 Sync 0
11:0 Async 0
11:0 Total 0
253:0 Read 1165619200
253:0 Write 1073152
253:0 Sync 196608
253:0 Async 1166495744
253:0 Total 1166692352
Total 1166692352
--------------------CPUAC-----------------------
user 601
system 456
 
--------------------MEMCG-----------------------
MEM ONLY  : 953 MB
MEM+SWAP  : 953 MB
cache 741724160
rss 258027520
rss_huge 0
mapped_file 36581376
writeback 0
swap 0
pgpgin 470071
pgpgout 225991
pgfault 241567
pgmajfault 487
inactive_anon 129216512
active_anon 128880640
inactive_file 498675712
active_file 242962432
unevictable 4096
hierarchical_memory_limit 999997440
hierarchical_memsw_limit 9223372036854771712
total_cache 741724160
total_rss 258027520
total_rss_huge 0
total_mapped_file 36581376
total_writeback 0
total_swap 0
total_pgpgin 470071
total_pgpgout 225991
total_pgfault 241567
total_pgmajfault 487
total_inactive_anon 129216512
total_active_anon 128880640
total_inactive_file 498675712
total_active_file 242962432
total_unevictable 4096
--------------------BLKIO-----------------------
11:0 Read 0
11:0 Write 0
11:0 Sync 0
11:0 Async 0
11:0 Total 0
253:0 Read 1203159040
253:0 Write 1085440
253:0 Sync 196608
253:0 Async 1204047872
253:0 Total 1204244480
Total 1204244480
--------------------CPUAC-----------------------
user 622
system 472
 
--------------------MEMCG-----------------------
MEM ONLY  : 953 MB
MEM+SWAP  : 953 MB
cache 741818368
rss 258011136
rss_huge 0
mapped_file 36581376
writeback 0
swap 0
pgpgin 482831
pgpgout 238732
pgfault 241636
pgmajfault 487
inactive_anon 129216512
active_anon 128864256
inactive_file 485609472
active_file 256135168
unevictable 4096
hierarchical_memory_limit 999997440
hierarchical_memsw_limit 9223372036854771712
total_cache 741818368
total_rss 258011136
total_rss_huge 0
total_mapped_file 36581376
total_writeback 0
total_swap 0
total_pgpgin 482831
total_pgpgout 238732
total_pgfault 241636
total_pgmajfault 487
total_inactive_anon 129216512
total_active_anon 128864256
total_inactive_file 485609472
total_active_file 256135168
total_unevictable 4096
--------------------BLKIO-----------------------
11:0 Read 0
11:0 Write 0
11:0 Sync 0
11:0 Async 0
11:0 Total 0
253:0 Read 1241341952
253:0 Write 1097728
253:0 Sync 196608
253:0 Async 1242243072
253:0 Total 1242439680
Total 1242439680
--------------------CPUAC-----------------------
user 647
system 487
 
--------------------MEMCG-----------------------
MEM ONLY  : 953 MB
MEM+SWAP  : 953 MB
cache 742068224
rss 257810432
rss_huge 0
mapped_file 36495360
writeback 0
swap 0
pgpgin 495989
pgpgout 251878
pgfault 241666
pgmajfault 487
inactive_anon 129216512
active_anon 128663552
inactive_file 470835200
active_file 271151104
unevictable 4096
hierarchical_memory_limit 999997440
hierarchical_memsw_limit 9223372036854771712
total_cache 742068224
total_rss 257810432
total_rss_huge 0
total_mapped_file 36495360
total_writeback 0
total_swap 0
total_pgpgin 495989
total_pgpgout 251878
total_pgfault 241666
total_pgmajfault 487
total_inactive_anon 129216512
total_active_anon 128663552
total_inactive_file 470835200
total_active_file 271151104
total_unevictable 4096
--------------------BLKIO-----------------------
11:0 Read 0
11:0 Write 0
11:0 Sync 0
11:0 Async 0
11:0 Total 0
253:0 Read 1279180800
253:0 Write 1110016
253:0 Sync 196608
253:0 Async 1280094208
253:0 Total 1280290816
Total 1280290816
--------------------CPUAC-----------------------
user 672
system 500
 
--------------------MEMCG-----------------------
MEM ONLY  : 953 MB
MEM+SWAP  : 953 MB
cache 742035456
rss 257761280
rss_huge 0
mapped_file 36495360
writeback 0
swap 0
pgpgin 509391
pgpgout 265300
pgfault 241740
pgmajfault 487
inactive_anon 129216512
active_anon 128614400
inactive_file 455819264
active_file 286113792
unevictable 4096
hierarchical_memory_limit 999997440
hierarchical_memsw_limit 9223372036854771712
total_cache 742035456
total_rss 257761280
total_rss_huge 0
total_mapped_file 36495360
total_writeback 0
total_swap 0
total_pgpgin 509391
total_pgpgout 265300
total_pgfault 241740
total_pgmajfault 487
total_inactive_anon 129216512
total_active_anon 128614400
total_inactive_file 455819264
total_active_file 286113792
total_unevictable 4096
--------------------BLKIO-----------------------
11:0 Read 0
11:0 Write 0
11:0 Sync 0
11:0 Async 0
11:0 Total 0
253:0 Read 1316552704
253:0 Write 1122304
253:0 Sync 196608
253:0 Async 1317478400
253:0 Total 1317675008
Total 1317675008
--------------------CPUAC-----------------------
user 690
system 517
 
--------------------MEMCG-----------------------
MEM ONLY  : 953 MB
MEM+SWAP  : 953 MB
cache 742252544
rss 257576960
rss_huge 0
mapped_file 36495360
writeback 0
swap 0
pgpgin 522996
pgpgout 278897
pgfault 241784
pgmajfault 487
inactive_anon 129216512
active_anon 128430080
inactive_file 440553472
active_file 301588480
unevictable 4096
hierarchical_memory_limit 999997440
hierarchical_memsw_limit 9223372036854771712
total_cache 742252544
total_rss 257576960
total_rss_huge 0
total_mapped_file 36495360
total_writeback 0
total_swap 0
total_pgpgin 522996
total_pgpgout 278897
total_pgfault 241784
total_pgmajfault 487
total_inactive_anon 129216512
total_active_anon 128430080
total_inactive_file 440553472
total_active_file 301588480
total_unevictable 4096
--------------------BLKIO-----------------------
11:0 Read 0
11:0 Write 0
11:0 Sync 0
11:0 Async 0
11:0 Total 0
253:0 Read 1353768960
253:0 Write 1138688
253:0 Sync 196608
253:0 Async 1354711040
253:0 Total 1354907648
Total 1354907648
--------------------CPUAC-----------------------
user 707
system 536
 
--------------------MEMCG-----------------------
MEM ONLY  : 953 MB
MEM+SWAP  : 953 MB
cache 742400000
rss 257536000
rss_huge 0
mapped_file 36495360
writeback 0
swap 0
pgpgin 537269
pgpgout 293144
pgfault 241876
pgmajfault 487
inactive_anon 129216512
active_anon 128389120
inactive_file 426041344
active_file 316260352
unevictable 4096
hierarchical_memory_limit 999997440
hierarchical_memsw_limit 9223372036854771712
total_cache 742400000
total_rss 257536000
total_rss_huge 0
total_mapped_file 36495360
total_writeback 0
total_swap 0
total_pgpgin 537269
total_pgpgout 293144
total_pgfault 241876
total_pgmajfault 487
total_inactive_anon 129216512
total_active_anon 128389120
total_inactive_file 426041344
total_active_file 316260352
total_unevictable 4096
--------------------BLKIO-----------------------
11:0 Read 0
11:0 Write 0
11:0 Sync 0
11:0 Async 0
11:0 Total 0
253:0 Read 1391558656
253:0 Write 1155072
253:0 Sync 196608
253:0 Async 1392517120
253:0 Total 1392713728
Total 1392713728
--------------------CPUAC-----------------------
user 733
system 552
 
--------------------MEMCG-----------------------
MEM ONLY  : 953 MB
MEM+SWAP  : 953 MB
cache 742715392
rss 257224704
rss_huge 0
mapped_file 36495360
writeback 0
swap 0
pgpgin 551240
pgpgout 307114
pgfault 241907
pgmajfault 487
inactive_anon 129216512
active_anon 128077824
inactive_file 411570176
active_file 331071488
unevictable 4096
hierarchical_memory_limit 999997440
hierarchical_memsw_limit 9223372036854771712
total_cache 742715392
total_rss 257224704
total_rss_huge 0
total_mapped_file 36495360
total_writeback 0
total_swap 0
total_pgpgin 551240
total_pgpgout 307114
total_pgfault 241907
total_pgmajfault 487
total_inactive_anon 129216512
total_active_anon 128077824
total_inactive_file 411570176
total_active_file 331071488
total_unevictable 4096
--------------------BLKIO-----------------------
11:0 Read 0
11:0 Write 0
11:0 Sync 0
11:0 Async 0
11:0 Total 0
253:0 Read 1428889600
253:0 Write 1171456
253:0 Sync 196608
253:0 Async 1429864448
253:0 Total 1430061056
Total 1430061056
--------------------CPUAC-----------------------
user 754
system 568
 
--------------------MEMCG-----------------------
MEM ONLY  : 953 MB
MEM+SWAP  : 953 MB
cache 742625280
rss 257228800
rss_huge 0
mapped_file 36495360
writeback 0
swap 0
pgpgin 566655
pgpgout 322550
pgfault 241938
pgmajfault 487
inactive_anon 129216512
active_anon 128081920
inactive_file 393822208
active_file 348729344
unevictable 4096
hierarchical_memory_limit 999997440
hierarchical_memsw_limit 9223372036854771712
total_cache 742625280
total_rss 257228800
total_rss_huge 0
total_mapped_file 36495360
total_writeback 0
total_swap 0
total_pgpgin 566655
total_pgpgout 322550
total_pgfault 241938
total_pgmajfault 487
total_inactive_anon 129216512
total_active_anon 128081920
total_inactive_file 393822208
total_active_file 348729344
total_unevictable 4096
--------------------BLKIO-----------------------
11:0 Read 0
11:0 Write 0
11:0 Sync 0
11:0 Async 0
11:0 Total 0
253:0 Read 1466417152
253:0 Write 1187840
253:0 Sync 196608
253:0 Async 1467408384
253:0 Total 1467604992
Total 1467604992
--------------------CPUAC-----------------------
user 775
system 586
 
--------------------MEMCG-----------------------
MEM ONLY  : 953 MB
MEM+SWAP  : 953 MB
cache 743047168
rss 256884736
rss_huge 0
mapped_file 36495360
writeback 0
swap 0
pgpgin 581863
pgpgout 337739
pgfault 241968
pgmajfault 487
inactive_anon 129216512
active_anon 127737856
inactive_file 376184832
active_file 366755840
unevictable 4096
hierarchical_memory_limit 999997440
hierarchical_memsw_limit 9223372036854771712
total_cache 743047168
total_rss 256884736
total_rss_huge 0
total_mapped_file 36495360
total_writeback 0
total_swap 0
total_pgpgin 581863
total_pgpgout 337739
total_pgfault 241968
total_pgmajfault 487
total_inactive_anon 129216512
total_active_anon 127737856
total_inactive_file 376184832
total_active_file 366755840
total_unevictable 4096
--------------------BLKIO-----------------------
11:0 Read 0
11:0 Write 0
11:0 Sync 0
11:0 Async 0
11:0 Total 0
253:0 Read 1502584832
253:0 Write 1204224
253:0 Sync 196608
253:0 Async 1503592448
253:0 Total 1503789056
Total 1503789056
--------------------CPUAC-----------------------
user 804
system 605
 
--------------------MEMCG-----------------------
MEM ONLY  : 953 MB
MEM+SWAP  : 953 MB
cache 743280640
rss 256487424
rss_huge 0
mapped_file 36495360
writeback 0
swap 0
pgpgin 597151
pgpgout 353067
pgfault 241998
pgmajfault 487
inactive_anon 129216512
active_anon 127340544
inactive_file 371527680
active_file 371666944
unevictable 4096
hierarchical_memory_limit 999997440
hierarchical_memsw_limit 9223372036854771712
total_cache 743280640
total_rss 256487424
total_rss_huge 0
total_mapped_file 36495360
total_writeback 0
total_swap 0
total_pgpgin 597151
total_pgpgout 353067
total_pgfault 241998
total_pgmajfault 487
total_inactive_anon 129216512
total_active_anon 127340544
total_inactive_file 371527680
total_active_file 371666944
total_unevictable 4096
--------------------BLKIO-----------------------
11:0 Read 0
11:0 Write 0
11:0 Sync 0
11:0 Async 0
11:0 Total 0
253:0 Read 1538068480
253:0 Write 1224704
253:0 Sync 196608
253:0 Async 1539096576
253:0 Total 1539293184
Total 1539293184
--------------------CPUAC-----------------------
user 832
system 628
 
--------------------MEMCG-----------------------
MEM ONLY  : 953 MB
MEM+SWAP  : 953 MB
cache 743174144
rss 256663552
rss_huge 0
mapped_file 36495360
writeback 0
swap 0
pgpgin 614227
pgpgout 370126
pgfault 242071
pgmajfault 487
inactive_anon 129216512
active_anon 127516672
inactive_file 371675136
active_file 371400704
unevictable 4096
hierarchical_memory_limit 999997440
hierarchical_memsw_limit 9223372036854771712
total_cache 743174144
total_rss 256663552
total_rss_huge 0
total_mapped_file 36495360
total_writeback 0
total_swap 0
total_pgpgin 614227
total_pgpgout 370126
total_pgfault 242071
total_pgmajfault 487
total_inactive_anon 129216512
total_active_anon 127516672
total_inactive_file 371675136
total_active_file 371400704
total_unevictable 4096
--------------------BLKIO-----------------------
11:0 Read 0
11:0 Write 0
11:0 Sync 0
11:0 Async 0
11:0 Total 0
253:0 Read 1575256064
253:0 Write 1245184
253:0 Sync 196608
253:0 Async 1576304640
253:0 Total 1576501248
Total 1576501248
--------------------CPUAC-----------------------
user 860
system 643
 
--------------------MEMCG-----------------------
MEM ONLY  : 953 MB
MEM+SWAP  : 953 MB
cache 743788544
rss 256208896
rss_huge 0
mapped_file 36495360
writeback 0
swap 0
pgpgin 631138
pgpgout 386998
pgfault 242123
pgmajfault 487
inactive_anon 129216512
active_anon 127062016
inactive_file 372199424
active_file 371490816
unevictable 4096
hierarchical_memory_limit 999997440
hierarchical_memsw_limit 9223372036854771712
total_cache 743788544
total_rss 256208896
total_rss_huge 0
total_mapped_file 36495360
total_writeback 0
total_swap 0
total_pgpgin 631138
total_pgpgout 386998
total_pgfault 242123
total_pgmajfault 487
total_inactive_anon 129216512
total_active_anon 127062016
total_inactive_file 372199424
total_active_file 371490816
total_unevictable 4096
--------------------BLKIO-----------------------
11:0 Read 0
11:0 Write 0
11:0 Sync 0
11:0 Async 0
11:0 Total 0
253:0 Read 1610956800
253:0 Write 1265664
253:0 Sync 196608
253:0 Async 1612025856
253:0 Total 1612222464
Total 1612222464
--------------------CPUAC-----------------------
user 885
system 668
 
--------------------MEMCG-----------------------
MEM ONLY  : 953 MB
MEM+SWAP  : 953 MB
cache 743530496
rss 256413696
rss_huge 0
mapped_file 36495360
writeback 0
swap 0
pgpgin 648995
pgpgout 404868
pgfault 242203
pgmajfault 487
inactive_anon 129216512
active_anon 127266816
inactive_file 371986432
active_file 371470336
unevictable 4096
hierarchical_memory_limit 999997440
hierarchical_memsw_limit 9223372036854771712
total_cache 743530496
total_rss 256413696
total_rss_huge 0
total_mapped_file 36495360
total_writeback 0
total_swap 0
total_pgpgin 648995
total_pgpgout 404868
total_pgfault 242203
total_pgmajfault 487
total_inactive_anon 129216512
total_active_anon 127266816
total_inactive_file 371986432
total_active_file 371470336
total_unevictable 4096
--------------------BLKIO-----------------------
11:0 Read 0
11:0 Write 0
11:0 Sync 0
11:0 Async 0
11:0 Total 0
253:0 Read 1647038464
253:0 Write 1286144
253:0 Sync 196608
253:0 Async 1648128000
253:0 Total 1648324608
Total 1648324608
--------------------CPUAC-----------------------
user 911
system 683
 
--------------------MEMCG-----------------------
MEM ONLY  : 953 MB
MEM+SWAP  : 953 MB
cache 743448576
rss 256495616
rss_huge 0
mapped_file 36495360
writeback 0
swap 0
pgpgin 667919
pgpgout 423792
pgfault 242289
pgmajfault 487
inactive_anon 129216512
active_anon 127348736
inactive_file 371810304
active_file 371564544
unevictable 4096
hierarchical_memory_limit 999997440
hierarchical_memsw_limit 9223372036854771712
total_cache 743448576
total_rss 256495616
total_rss_huge 0
total_mapped_file 36495360
total_writeback 0
total_swap 0
total_pgpgin 667919
total_pgpgout 423792
total_pgfault 242289
total_pgmajfault 487
total_inactive_anon 129216512
total_active_anon 127348736
total_inactive_file 371810304
total_active_file 371564544
total_unevictable 4096
--------------------BLKIO-----------------------
11:0 Read 0
11:0 Write 0
11:0 Sync 0
11:0 Async 0
11:0 Total 0
253:0 Read 1683660800
253:0 Write 1310720
253:0 Sync 196608
253:0 Async 1684774912
253:0 Total 1684971520
Total 1684971520
--------------------CPUAC-----------------------
user 938
system 704
 
--------------------MEMCG-----------------------
MEM ONLY  : 953 MB
MEM+SWAP  : 953 MB
cache 742768640
rss 257134592
rss_huge 0
mapped_file 36491264
writeback 0
swap 0
pgpgin 687747
pgpgout 443630
pgfault 242475
pgmajfault 487
inactive_anon 129216512
active_anon 127987712
inactive_file 371564544
active_file 371130368
unevictable 4096
hierarchical_memory_limit 999997440
hierarchical_memsw_limit 9223372036854771712
total_cache 742768640
total_rss 257134592
total_rss_huge 0
total_mapped_file 36491264
total_writeback 0
total_swap 0
total_pgpgin 687747
total_pgpgout 443630
total_pgfault 242475
total_pgmajfault 487
total_inactive_anon 129216512
total_active_anon 127987712
total_inactive_file 371564544
total_active_file 371130368
total_unevictable 4096
--------------------BLKIO-----------------------
11:0 Read 0
11:0 Write 0
11:0 Sync 0
11:0 Async 0
11:0 Total 0
253:0 Read 1719750656
253:0 Write 1335296
253:0 Sync 196608
253:0 Async 1720889344
253:0 Total 1721085952
Total 1721085952
--------------------CPUAC-----------------------
user 969
system 726
 
--------------------MEMCG-----------------------
MEM ONLY  : 953 MB
MEM+SWAP  : 953 MB
cache 742584320
rss 257159168
rss_huge 0
mapped_file 36491264
writeback 0
swap 0
pgpgin 707959
pgpgout 463881
pgfault 242512
pgmajfault 487
inactive_anon 129216512
active_anon 128012288
inactive_file 371417088
active_file 371036160
unevictable 4096
hierarchical_memory_limit 999997440
hierarchical_memsw_limit 9223372036854771712
total_cache 742584320
total_rss 257159168
total_rss_huge 0
total_mapped_file 36491264
total_writeback 0
total_swap 0
total_pgpgin 707959
total_pgpgout 463881
total_pgfault 242512
total_pgmajfault 487
total_inactive_anon 129216512
total_active_anon 128012288
total_inactive_file 371417088
total_active_file 371036160
total_unevictable 4096
--------------------BLKIO-----------------------
11:0 Read 0
11:0 Write 0
11:0 Sync 0
11:0 Async 0
11:0 Total 0
253:0 Read 1754554368
253:0 Write 1359872
253:0 Sync 196608
253:0 Async 1755717632
253:0 Total 1755914240
Total 1755914240
--------------------CPUAC-----------------------
user 1000
system 748
 
--------------------MEMCG-----------------------
MEM ONLY  : 953 MB
MEM+SWAP  : 953 MB
cache 742490112
rss 257380352
rss_huge 0
mapped_file 36491264
writeback 0
swap 0
pgpgin 728891
pgpgout 484782
pgfault 242596
pgmajfault 487
inactive_anon 129216512
active_anon 128233472
inactive_file 371474432
active_file 370937856
unevictable 4096
hierarchical_memory_limit 999997440
hierarchical_memsw_limit 9223372036854771712
total_cache 742490112
total_rss 257380352
total_rss_huge 0
total_mapped_file 36491264
total_writeback 0
total_swap 0
total_pgpgin 728891
total_pgpgout 484782
total_pgfault 242596
total_pgmajfault 487
total_inactive_anon 129216512
total_active_anon 128233472
total_inactive_file 371474432
total_active_file 370937856
total_unevictable 4096
--------------------BLKIO-----------------------
11:0 Read 0
11:0 Write 0
11:0 Sync 0
11:0 Async 0
11:0 Total 0
253:0 Read 1788788736
253:0 Write 1384448
253:0 Sync 196608
253:0 Async 1789976576
253:0 Total 1790173184
Total 1790173184
--------------------CPUAC-----------------------
user 1035
system 774
 
--------------------MEMCG-----------------------
MEM ONLY  : 953 MB
MEM+SWAP  : 953 MB
cache 742248448
rss 257536000
rss_huge 0
mapped_file 16715776
writeback 0
swap 0
pgpgin 750713
pgpgout 506625
pgfault 242664
pgmajfault 487
inactive_anon 129216512
active_anon 128389120
inactive_file 371085312
active_file 371056640
unevictable 4096
hierarchical_memory_limit 999997440
hierarchical_memsw_limit 9223372036854771712
total_cache 742248448
total_rss 257536000
total_rss_huge 0
total_mapped_file 16715776
total_writeback 0
total_swap 0
total_pgpgin 750713
total_pgpgout 506625
total_pgfault 242664
total_pgmajfault 487
total_inactive_anon 129216512
total_active_anon 128389120
total_inactive_file 371085312
total_active_file 371056640
total_unevictable 4096
--------------------BLKIO-----------------------
11:0 Read 0
11:0 Write 0
11:0 Sync 0
11:0 Async 0
11:0 Total 0
253:0 Read 1824264192
253:0 Write 1409024
253:0 Sync 196608
253:0 Async 1825476608
253:0 Total 1825673216
Total 1825673216
--------------------CPUAC-----------------------
user 1064
system 798
 
--------------------MEMCG-----------------------
MEM ONLY  : 953 MB
MEM+SWAP  : 953 MB
cache 742170624
rss 257654784
rss_huge 0
mapped_file 7106560
writeback 0
swap 0
pgpgin 774594
pgpgout 530496
pgfault 242789
pgmajfault 487
inactive_anon 129114112
active_anon 128610304
inactive_file 371175424
active_file 370921472
unevictable 4096
hierarchical_memory_limit 999997440
hierarchical_memsw_limit 9223372036854771712
total_cache 742170624
total_rss 257654784
total_rss_huge 0
total_mapped_file 7106560
total_writeback 0
total_swap 0
total_pgpgin 774594
total_pgpgout 530496
total_pgfault 242789
total_pgmajfault 487
total_inactive_anon 129114112
total_active_anon 128610304
total_inactive_file 371175424
total_active_file 370921472
total_unevictable 4096
--------------------BLKIO-----------------------
11:0 Read 0
11:0 Write 0
11:0 Sync 0
11:0 Async 0
11:0 Total 0
253:0 Read 1860050944
253:0 Write 1437696
253:0 Sync 196608
253:0 Async 1861292032
253:0 Total 1861488640
Total 1861488640
--------------------CPUAC-----------------------
user 1096
system 825
 
--------------------MEMCG-----------------------
MEM ONLY  : 953 MB
MEM+SWAP  : 953 MB
cache 742445056
rss 257339392
rss_huge 0
mapped_file 7106560
writeback 0
swap 0
pgpgin 798278
pgpgout 554190
pgfault 242918
pgmajfault 487
inactive_anon 129118208
active_anon 128290816
inactive_file 371286016
active_file 371052544
unevictable 4096
hierarchical_memory_limit 999997440
hierarchical_memsw_limit 9223372036854771712
total_cache 742445056
total_rss 257339392
total_rss_huge 0
total_mapped_file 7106560
total_writeback 0
total_swap 0
total_pgpgin 798278
total_pgpgout 554190
total_pgfault 242918
total_pgmajfault 487
total_inactive_anon 129118208
total_active_anon 128290816
total_inactive_file 371286016
total_active_file 371052544
total_unevictable 4096
--------------------BLKIO-----------------------
11:0 Read 0
11:0 Write 0
11:0 Sync 0
11:0 Async 0
11:0 Total 0
253:0 Read 1895219200
253:0 Write 1466368
253:0 Sync 196608
253:0 Async 1896488960
253:0 Total 1896685568
Total 1896685568
--------------------CPUAC-----------------------
user 1137
system 859
 
--------------------MEMCG-----------------------
MEM ONLY  : 953 MB
MEM+SWAP  : 953 MB
cache 742072320
rss 257892352
rss_huge 0
mapped_file 7106560
writeback 0
swap 0
pgpgin 823314
pgpgout 579182
pgfault 243083
pgmajfault 487
inactive_anon 129380352
active_anon 128581632
inactive_file 371261440
active_file 370733056
unevictable 4096
hierarchical_memory_limit 999997440
hierarchical_memsw_limit 9223372036854771712
total_cache 742072320
total_rss 257892352
total_rss_huge 0
total_mapped_file 7106560
total_writeback 0
total_swap 0
total_pgpgin 823314
total_pgpgout 579182
total_pgfault 243083
total_pgmajfault 487
total_inactive_anon 129380352
total_active_anon 128581632
total_inactive_file 371261440
total_active_file 370733056
total_unevictable 4096
--------------------BLKIO-----------------------
11:0 Read 0
11:0 Write 0
11:0 Sync 0
11:0 Async 0
11:0 Total 0
253:0 Read 1929543680
253:0 Write 1495040
253:0 Sync 196608
253:0 Async 1930842112
253:0 Total 1931038720
Total 1931038720
--------------------CPUAC-----------------------
user 1179
system 889
 
--------------------MEMCG-----------------------
MEM ONLY  : 953 MB
MEM+SWAP  : 953 MB
cache 741781504
rss 258207744
rss_huge 0
mapped_file 7106560
writeback 0
swap 0
pgpgin 850738
pgpgout 606600
pgfault 243233
pgmajfault 487
inactive_anon 129511424
active_anon 128765952
inactive_file 370925568
active_file 370782208
unevictable 4096
hierarchical_memory_limit 999997440
hierarchical_memsw_limit 9223372036854771712
total_cache 741781504
total_rss 258207744
total_rss_huge 0
total_mapped_file 7106560
total_writeback 0
total_swap 0
total_pgpgin 850738
total_pgpgout 606600
total_pgfault 243233
total_pgmajfault 487
total_inactive_anon 129511424
total_active_anon 128765952
total_inactive_file 370925568
total_active_file 370782208
total_unevictable 4096
--------------------BLKIO-----------------------
11:0 Read 0
11:0 Write 0
11:0 Sync 0
11:0 Async 0
11:0 Total 0
253:0 Read 1963630592
253:0 Write 1523712
253:0 Sync 196608
253:0 Async 1964957696
253:0 Total 1965154304
Total 1965154304
--------------------CPUAC-----------------------
user 1218
system 919
 
--------------------MEMCG-----------------------
MEM ONLY  : 953 MB
MEM+SWAP  : 953 MB
cache 741847040
rss 258076672
rss_huge 0
mapped_file 7106560
writeback 0
swap 0
pgpgin 877328
pgpgout 633206
pgfault 243263
pgmajfault 487
inactive_anon 129511424
active_anon 128634880
inactive_file 371171328
active_file 370601984
unevictable 4096
hierarchical_memory_limit 999997440
hierarchical_memsw_limit 9223372036854771712
total_cache 741847040
total_rss 258076672
total_rss_huge 0
total_mapped_file 7106560
total_writeback 0
total_swap 0
total_pgpgin 877328
total_pgpgout 633206
total_pgfault 243263
total_pgmajfault 487
total_inactive_anon 129511424
total_active_anon 128634880
total_inactive_file 371171328
total_active_file 370601984
total_unevictable 4096
--------------------BLKIO-----------------------
11:0 Read 0
11:0 Write 0
11:0 Sync 0
11:0 Async 0
11:0 Total 0
253:0 Read 1998135296
253:0 Write 1556480
253:0 Sync 196608
253:0 Async 1999495168
253:0 Total 1999691776
Total 1999691776
--------------------CPUAC-----------------------
user 1256
system 954
 
--------------------MEMCG-----------------------
MEM ONLY  : 953 MB
MEM+SWAP  : 953 MB
cache 741040128
rss 258813952
rss_huge 0
mapped_file 7106560
writeback 0
swap 0
pgpgin 907863
pgpgout 663758
pgfault 243473
pgmajfault 487
inactive_anon 129642496
active_anon 129241088
inactive_file 370569216
active_file 370393088
unevictable 4096
hierarchical_memory_limit 999997440
hierarchical_memsw_limit 9223372036854771712
total_cache 741040128
total_rss 258813952
total_rss_huge 0
total_mapped_file 7106560
total_writeback 0
total_swap 0
total_pgpgin 907863
total_pgpgout 663758
total_pgfault 243473
total_pgmajfault 487
total_inactive_anon 129642496
total_active_anon 129241088
total_inactive_file 370569216
total_active_file 370393088
total_unevictable 4096
--------------------BLKIO-----------------------
11:0 Read 0
11:0 Write 0
11:0 Sync 0
11:0 Async 0
11:0 Total 0
253:0 Read 2032058368
253:0 Write 1589248
253:0 Sync 196608
253:0 Async 2033451008
253:0 Total 2033647616
Total 2033647616
--------------------CPUAC-----------------------
user 1298
system 993
 
--------------------MEMCG-----------------------
MEM ONLY  : 953 MB
MEM+SWAP  : 953 MB
cache 740356096
rss 259579904
rss_huge 0
mapped_file 7110656
writeback 0
swap 0
pgpgin 941072
pgpgout 696947
pgfault 243701
pgmajfault 488
inactive_anon 130011136
active_anon 129638400
inactive_file 370262016
active_file 370016256
unevictable 4096
hierarchical_memory_limit 999997440
hierarchical_memsw_limit 9223372036854771712
total_cache 740356096
total_rss 259579904
total_rss_huge 0
total_mapped_file 7110656
total_writeback 0
total_swap 0
total_pgpgin 941072
total_pgpgout 696947
total_pgfault 243701
total_pgmajfault 488
total_inactive_anon 130011136
total_active_anon 129638400
total_inactive_file 370262016
total_active_file 370016256
total_unevictable 4096
--------------------BLKIO-----------------------
11:0 Read 0
11:0 Write 0
11:0 Sync 0
11:0 Async 0
11:0 Total 0
253:0 Read 2065903616
253:0 Write 1622016
253:0 Sync 196608
253:0 Async 2067329024
253:0 Total 2067525632
Total 2067525632
--------------------CPUAC-----------------------
user 1351
system 1026
 
--------------------MEMCG-----------------------
MEM ONLY  : 953 MB
MEM+SWAP  : 953 MB
cache 739229696
rss 260673536
rss_huge 0
mapped_file 7110656
writeback 0
swap 0
pgpgin 974947
pgpgout 730830
pgfault 244111
pgmajfault 488
inactive_anon 130473984
active_anon 130269184
inactive_file 369778688
active_file 369344512
unevictable 4096
hierarchical_memory_limit 999997440
hierarchical_memsw_limit 9223372036854771712
total_cache 739229696
total_rss 260673536
total_rss_huge 0
total_mapped_file 7110656
total_writeback 0
total_swap 0
total_pgpgin 974947
total_pgpgout 730830
total_pgfault 244111
total_pgmajfault 488
total_inactive_anon 130473984
total_active_anon 130269184
total_inactive_file 369778688
total_active_file 369344512
total_unevictable 4096
--------------------BLKIO-----------------------
11:0 Read 0
11:0 Write 0
11:0 Sync 0
11:0 Async 0
11:0 Total 0
253:0 Read 2098933760
253:0 Write 1658880
253:0 Sync 196608
253:0 Async 2100396032
253:0 Total 2100592640
Total 2100592640
--------------------CPUAC-----------------------
user 1390
system 1069
 
--------------------MEMCG-----------------------
MEM ONLY  : 953 MB
MEM+SWAP  : 953 MB
cache 737857536
rss 262008832
rss_huge 0
mapped_file 2879488
writeback 0
swap 0
pgpgin 1012456
pgpgout 768348
pgfault 244467
pgmajfault 488
inactive_anon 131129344
active_anon 130949120
inactive_file 369164288
active_file 368619520
unevictable 4096
hierarchical_memory_limit 999997440
hierarchical_memsw_limit 9223372036854771712
total_cache 737857536
total_rss 262008832
total_rss_huge 0
total_mapped_file 2879488
total_writeback 0
total_swap 0
total_pgpgin 1012456
total_pgpgout 768348
total_pgfault 244467
total_pgmajfault 488
total_inactive_anon 131129344
total_active_anon 130949120
total_inactive_file 369164288
total_active_file 368619520
total_unevictable 4096
--------------------BLKIO-----------------------
11:0 Read 0
11:0 Write 0
11:0 Sync 0
11:0 Async 0
11:0 Total 0
253:0 Read 2131365888
253:0 Write 1695744
253:0 Sync 196608
253:0 Async 2132865024
253:0 Total 2133061632
Total 2133061632
--------------------CPUAC-----------------------
user 1436
system 1119
 
--------------------MEMCG-----------------------
MEM ONLY  : 953 MB
MEM+SWAP  : 953 MB
cache 735989760
rss 263991296
rss_huge 0
mapped_file 2879488
writeback 0
swap 0
pgpgin 1056731
pgpgout 812595
pgfault 244981
pgmajfault 488
inactive_anon 132046848
active_anon 132014080
inactive_file 368189440
active_file 367722496
unevictable 4096
hierarchical_memory_limit 999997440
hierarchical_memsw_limit 9223372036854771712
total_cache 735989760
total_rss 263991296
total_rss_huge 0
total_mapped_file 2879488
total_writeback 0
total_swap 0
total_pgpgin 1056731
total_pgpgout 812595
total_pgfault 244981
total_pgmajfault 488
total_inactive_anon 132046848
total_active_anon 132014080
total_inactive_file 368189440
total_active_file 367722496
total_unevictable 4096
--------------------BLKIO-----------------------
11:0 Read 0
11:0 Write 0
11:0 Sync 0
11:0 Async 0
11:0 Total 0
253:0 Read 2164973568
253:0 Write 1732608
253:0 Sync 196608
253:0 Async 2166509568
253:0 Total 2166706176
Total 2166706176
--------------------CPUAC-----------------------
user 1498
system 1168
 
--------------------MEMCG-----------------------
MEM ONLY  : 953 MB
MEM+SWAP  : 953 MB
cache 735830016
rss 263987200
rss_huge 0
mapped_file 2940928
writeback 0
swap 0
pgpgin 1102843
pgpgout 858747
pgfault 245173
pgmajfault 490
inactive_anon 132186112
active_anon 131870720
inactive_file 367927296
active_file 367824896
unevictable 4096
hierarchical_memory_limit 999997440
hierarchical_memsw_limit 9223372036854771712
total_cache 735830016
total_rss 263987200
total_rss_huge 0
total_mapped_file 2940928
total_writeback 0
total_swap 0
total_pgpgin 1102843
total_pgpgout 858747
total_pgfault 245173
total_pgmajfault 490
total_inactive_anon 132186112
total_active_anon 131870720
total_inactive_file 367927296
total_active_file 367824896
total_unevictable 4096
--------------------BLKIO-----------------------
11:0 Read 0
11:0 Write 0
11:0 Sync 0
11:0 Async 0
11:0 Total 0
253:0 Read 2197528576
253:0 Write 1732608
253:0 Sync 196608
253:0 Async 2199064576
253:0 Total 2199261184
Total 2199261184
--------------------CPUAC-----------------------
user 1566
system 1214
 
