========== Container 1 Memory STATS ==============
cache 741412864
rss 258457600
rss_huge 0
mapped_file 10448896
writeback 0
swap 0
pgpgin 801577
pgpgout 557468
pgfault 249798
pgmajfault 583
inactive_anon 129495040
active_anon 129032192
inactive_file 370769920
active_file 370511872
unevictable 4096
hierarchical_memory_limit 999997440
hierarchical_memsw_limit 9223372036854771712
total_cache 741412864
total_rss 258457600
total_rss_huge 0
total_mapped_file 10448896
total_writeback 0
total_swap 0
total_pgpgin 801577
total_pgpgout 557468
total_pgfault 249798
total_pgmajfault 583
total_inactive_anon 129495040
total_active_anon 129032192
total_inactive_file 370769920
total_active_file 370511872
total_unevictable 4096
======== END Container STATS ======
========== Container 1 Memory STATS AT END ==============
cache 742998016
rss 256913408
rss_huge 0
mapped_file 7081984
writeback 0
swap 0
pgpgin 1153783
pgpgout 909664
pgfault 253868
pgmajfault 600
inactive_anon 129441792
active_anon 127541248
inactive_file 371372032
active_file 371552256
unevictable 4096
hierarchical_memory_limit 999997440
hierarchical_memsw_limit 9223372036854771712
total_cache 742998016
total_rss 256913408
total_rss_huge 0
total_mapped_file 7081984
total_writeback 0
total_swap 0
total_pgpgin 1153783
total_pgpgout 909664
total_pgfault 253868
total_pgmajfault 600
total_inactive_anon 129441792
total_active_anon 127541248
total_inactive_file 371372032
total_active_file 371552256
total_unevictable 4096
======== END Container STATS ======
