========== Container 2 Memory STATS ==============
cache 22183936
rss 7671808
rss_huge 0
mapped_file 7823360
writeback 0
swap 0
pgpgin 78161
pgpgout 70872
pgfault 176619
pgmajfault 183
inactive_anon 45056
active_anon 7700480
inactive_file 10670080
active_file 11440128
unevictable 0
hierarchical_memory_limit 999997440
hierarchical_memsw_limit 9223372036854771712
total_cache 22183936
total_rss 7671808
total_rss_huge 0
total_mapped_file 7823360
total_writeback 0
total_swap 0
total_pgpgin 78161
total_pgpgout 70872
total_pgfault 176619
total_pgmajfault 183
total_inactive_anon 45056
total_active_anon 7700480
total_inactive_file 10670080
total_active_file 11440128
total_unevictable 0
======== END Container STATS ======
========== Container 2 Memory STATS AT END ==============
cache 909127680
rss 7200768
rss_huge 0
mapped_file 3190784
writeback 0
swap 0
pgpgin 26508905
pgpgout 26285192
pgfault 5698129
pgmajfault 363
inactive_anon 7192576
active_anon 77824
inactive_file 454467584
active_file 454590464
unevictable 0
hierarchical_memory_limit 999997440
hierarchical_memsw_limit 9223372036854771712
total_cache 909127680
total_rss 7200768
total_rss_huge 0
total_mapped_file 3190784
total_writeback 0
total_swap 0
total_pgpgin 26508905
total_pgpgout 26285192
total_pgfault 5698129
total_pgmajfault 363
total_inactive_anon 7192576
total_active_anon 77824
total_inactive_file 454467584
total_active_file 454590464
total_unevictable 0
======== END Container STATS ======
