========== Container 4 Memory STATS ==============
cache 991141888
rss 8773632
rss_huge 0
mapped_file 43462656
writeback 483328
swap 0
pgpgin 5213444
pgpgout 4969324
pgfault 1272499
pgmajfault 377
inactive_anon 6512640
active_anon 2342912
inactive_file 530665472
active_file 460390400
unevictable 0
hierarchical_memory_limit 999997440
hierarchical_memsw_limit 9223372036854771712
total_cache 991141888
total_rss 8773632
total_rss_huge 0
total_mapped_file 43462656
total_writeback 483328
total_swap 0
total_pgpgin 5213444
total_pgpgout 4969324
total_pgfault 1272499
total_pgmajfault 377
total_inactive_anon 6512640
total_active_anon 2342912
total_inactive_file 530665472
total_active_file 460390400
total_unevictable 0
======== END Container STATS ======
========== Container 4 Memory STATS AT END ==============
cache 905388032
rss 6574080
rss_huge 0
mapped_file 3760128
writeback 0
swap 40960
pgpgin 5845276
pgpgout 5622629
pgfault 1468446
pgmajfault 428
inactive_anon 6496256
active_anon 118784
inactive_file 454041600
active_file 451305472
unevictable 0
hierarchical_memory_limit 999997440
hierarchical_memsw_limit 9223372036854771712
total_cache 905388032
total_rss 6574080
total_rss_huge 0
total_mapped_file 3760128
total_writeback 0
total_swap 40960
total_pgpgin 5845276
total_pgpgout 5622629
total_pgfault 1468446
total_pgmajfault 428
total_inactive_anon 6496256
total_active_anon 118784
total_inactive_file 454041600
total_active_file 451305472
total_unevictable 0
======== END Container STATS ======
