========== START: Container 1 Memory STATS ==============
cache 742506496
rss 257417216
rss_huge 0
mapped_file 37269504
writeback 0
swap 0
pgpgin 630336
pgpgout 386214
pgfault 241439
pgmajfault 499
inactive_anon 129204224
active_anon 128282624
inactive_file 371462144
active_file 370970624
unevictable 4096
hierarchical_memory_limit 999997440
hierarchical_memsw_limit 9223372036854771712
total_cache 742506496
total_rss 257417216
total_rss_huge 0
total_mapped_file 37269504
total_writeback 0
total_swap 0
total_pgpgin 630336
total_pgpgout 386214
total_pgfault 241439
total_pgmajfault 499
total_inactive_anon 129204224
total_active_anon 128282624
total_inactive_file 371462144
total_active_file 370970624
total_unevictable 4096
======== END Container STATS ======
java -cp /home/ubuntu/ycsb/mongodb-binding/conf:/home/ubuntu/ycsb/conf:/home/ubuntu/ycsb/lib/jackson-mapper-asl-1.9.4.jar:/home/ubuntu/ycsb/lib/jackson-core-asl-1.9.4.jar:/home/ubuntu/ycsb/lib/htrace-core4-4.1.0-incubating.jar:/home/ubuntu/ycsb/lib/core-0.12.0.jar:/home/ubuntu/ycsb/lib/HdrHistogram-2.1.4.jar:/home/ubuntu/ycsb/mongodb-binding/lib/mongo-java-driver-3.0.3.jar:/home/ubuntu/ycsb/mongodb-binding/lib/logback-core-1.1.2.jar:/home/ubuntu/ycsb/mongodb-binding/lib/mongodb-binding-0.12.0.jar:/home/ubuntu/ycsb/mongodb-binding/lib/logback-classic-1.1.2.jar:/home/ubuntu/ycsb/mongodb-binding/lib/mongodb-async-driver-2.0.1.jar:/home/ubuntu/ycsb/mongodb-binding/lib/slf4j-api-1.6.4.jar com.yahoo.ycsb.Client -db com.yahoo.ycsb.db.MongoDbClient -s -P /home/ubuntu/ycsb/workloads/workload1 -p mongodb.url=mongodb://10.0.3.220:27017/ycsb?w=0 -p maxexecutiontime=600 -t
YCSB Client 0.12.0
Command line: -db com.yahoo.ycsb.db.MongoDbClient -s -P /home/ubuntu/ycsb/workloads/workload1 -p mongodb.url=mongodb://10.0.3.220:27017/ycsb?w=0 -p maxexecutiontime=600 -t
Loading workload...
Starting test.
Maximum execution time specified as: 600 secs
2017-06-08 16:33:57:116 0 sec: 0 operations; est completion in 0 seconds 
mongo client connection created with mongodb://10.0.3.220:27017/ycsb?w=0
DBWrapper: report latency for each error is false and specific error codes to track for latency are: []
2017-06-08 16:34:07:102 10 sec: 1245 operations; 124.5 current ops/sec; est completion in 22 hours 18 minutes [READ: Count=1245, Max=71487, Min=206, Avg=7766.6, 90=15071, 99=23087, 99.9=57983, 99.99=71487] 
2017-06-08 16:34:17:102 20 sec: 2594 operations; 134.9 current ops/sec; est completion in 21 hours 24 minutes [READ: Count=1349, Max=33567, Min=163, Avg=7397.31, 90=14903, 99=19231, 99.9=32159, 99.99=33567] 
2017-06-08 16:34:27:102 30 sec: 3883 operations; 128.9 current ops/sec; est completion in 21 hours 27 minutes [READ: Count=1290, Max=48799, Min=151, Avg=7746.48, 90=15215, 99=19103, 99.9=39871, 99.99=48799] 
2017-06-08 16:34:37:102 40 sec: 5271 operations; 138.8 current ops/sec; est completion in 21 hours 4 minutes [READ: Count=1387, Max=84479, Min=149, Avg=7196.01, 90=14679, 99=18223, 99.9=81983, 99.99=84479] 
2017-06-08 16:34:47:102 50 sec: 6614 operations; 134.3 current ops/sec; est completion in 20 hours 59 minutes [READ: Count=1343, Max=121663, Min=129, Avg=7429.29, 90=14951, 99=20767, 99.9=57311, 99.99=121663] 
2017-06-08 16:34:57:102 60 sec: 7894 operations; 128 current ops/sec; est completion in 21 hours 5 minutes [READ: Count=1280, Max=37087, Min=120, Avg=7806.25, 90=15335, 99=23487, 99.9=34751, 99.99=37087] 
2017-06-08 16:35:07:102 70 sec: 9302 operations; 140.8 current ops/sec; est completion in 20 hours 53 minutes [READ: Count=1408, Max=75199, Min=115, Avg=7094.39, 90=14439, 99=20767, 99.9=37951, 99.99=75199] 
2017-06-08 16:35:17:102 80 sec: 10704 operations; 140.2 current ops/sec; est completion in 20 hours 44 minutes [READ: Count=1402, Max=87359, Min=115, Avg=7125.99, 90=14895, 99=19007, 99.9=26863, 99.99=87359] 
2017-06-08 16:35:27:102 90 sec: 12062 operations; 135.8 current ops/sec; est completion in 20 hours 42 minutes [READ: Count=1358, Max=103551, Min=115, Avg=7358.43, 90=14775, 99=19455, 99.9=41695, 99.99=103551] 
2017-06-08 16:35:37:102 100 sec: 13446 operations; 138.4 current ops/sec; est completion in 20 hours 37 minutes [READ: Count=1384, Max=49983, Min=115, Avg=7209.06, 90=14711, 99=17951, 99.9=31279, 99.99=49983] 
2017-06-08 16:35:47:102 110 sec: 14851 operations; 140.5 current ops/sec; est completion in 20 hours 32 minutes [READ: Count=1405, Max=57631, Min=117, Avg=7119.77, 90=14599, 99=18143, 99.9=40447, 99.99=57631] 
2017-06-08 16:35:57:102 120 sec: 16275 operations; 142.4 current ops/sec; est completion in 20 hours 26 minutes [READ: Count=1424, Max=133631, Min=115, Avg=7019.25, 90=14567, 99=18911, 99.9=29551, 99.99=133631] 
2017-06-08 16:36:07:102 130 sec: 17691 operations; 141.6 current ops/sec; est completion in 20 hours 22 minutes [READ: Count=1416, Max=60127, Min=115, Avg=7052.82, 90=14919, 99=19551, 99.9=46079, 99.99=60127] 
2017-06-08 16:36:17:102 140 sec: 19104 operations; 141.3 current ops/sec; est completion in 20 hours 19 minutes [READ: Count=1413, Max=42399, Min=116, Avg=7074.23, 90=14799, 99=17375, 99.9=37599, 99.99=42399] 
2017-06-08 16:36:27:102 150 sec: 20495 operations; 139.1 current ops/sec; est completion in 20 hours 17 minutes [READ: Count=1391, Max=45919, Min=114, Avg=7185.21, 90=14735, 99=19967, 99.9=45567, 99.99=45919] 
2017-06-08 16:36:37:102 160 sec: 21908 operations; 141.3 current ops/sec; est completion in 20 hours 14 minutes [READ: Count=1413, Max=121919, Min=115, Avg=7070.79, 90=14407, 99=18559, 99.9=28015, 99.99=121919] 
2017-06-08 16:36:47:102 170 sec: 23337 operations; 142.9 current ops/sec; est completion in 20 hours 11 minutes [READ: Count=1429, Max=57759, Min=114, Avg=6991.32, 90=14927, 99=19599, 99.9=55199, 99.99=57759] 
2017-06-08 16:36:57:102 180 sec: 24713 operations; 137.6 current ops/sec; est completion in 20 hours 10 minutes [READ: Count=1376, Max=39359, Min=115, Avg=7265.79, 90=14863, 99=20847, 99.9=38527, 99.99=39359] 
2017-06-08 16:37:07:102 190 sec: 26144 operations; 143.1 current ops/sec; est completion in 20 hours 8 minutes [READ: Count=1431, Max=43679, Min=117, Avg=6946.83, 90=14383, 99=17519, 99.9=43199, 99.99=43679] 
2017-06-08 16:37:17:102 200 sec: 27510 operations; 136.6 current ops/sec; est completion in 20 hours 8 minutes [READ: Count=1366, Max=141055, Min=117, Avg=7348.6, 90=14823, 99=19807, 99.9=54687, 99.99=141055] 
2017-06-08 16:37:27:102 210 sec: 29001 operations; 149.1 current ops/sec; est completion in 20 hours 3 minutes [READ: Count=1491, Max=58719, Min=117, Avg=6704.87, 90=14199, 99=18479, 99.9=34943, 99.99=58719] 
2017-06-08 16:37:37:102 220 sec: 30414 operations; 141.3 current ops/sec; est completion in 20 hours 1 minutes [READ: Count=1413, Max=43711, Min=116, Avg=7068.54, 90=14463, 99=18815, 99.9=38975, 99.99=43711] 
2017-06-08 16:37:47:102 230 sec: 31823 operations; 140.9 current ops/sec; est completion in 20 hours [READ: Count=1409, Max=43775, Min=116, Avg=7091.65, 90=14751, 99=19647, 99.9=37055, 99.99=43775] 
2017-06-08 16:37:57:102 240 sec: 33198 operations; 137.5 current ops/sec; est completion in 20 hours [READ: Count=1375, Max=104959, Min=118, Avg=7268.25, 90=14703, 99=18575, 99.9=45343, 99.99=104959] 
2017-06-08 16:38:07:102 250 sec: 34582 operations; 138.4 current ops/sec; est completion in 20 hours [READ: Count=1384, Max=45695, Min=116, Avg=7219.13, 90=14775, 99=17839, 99.9=42367, 99.99=45695] 
2017-06-08 16:38:17:102 260 sec: 36006 operations; 142.4 current ops/sec; est completion in 19 hours 59 minutes [READ: Count=1424, Max=60735, Min=117, Avg=7013.54, 90=14463, 99=18319, 99.9=37375, 99.99=60735] 
2017-06-08 16:38:27:102 270 sec: 37409 operations; 140.3 current ops/sec; est completion in 19 hours 58 minutes [READ: Count=1403, Max=43743, Min=115, Avg=7120.9, 90=14847, 99=17359, 99.9=38911, 99.99=43743] 
2017-06-08 16:38:37:102 280 sec: 38812 operations; 140.3 current ops/sec; est completion in 19 hours 57 minutes [READ: Count=1403, Max=142463, Min=116, Avg=7130.66, 90=14839, 99=19999, 99.9=32799, 99.99=142463] 
2017-06-08 16:38:47:102 290 sec: 40244 operations; 143.2 current ops/sec; est completion in 19 hours 56 minutes [READ: Count=1432, Max=56063, Min=117, Avg=6976.83, 90=14847, 99=19791, 99.9=41983, 99.99=56063] 
2017-06-08 16:38:57:102 300 sec: 41618 operations; 137.4 current ops/sec; est completion in 19 hours 56 minutes [READ: Count=1374, Max=60767, Min=114, Avg=7273.75, 90=14895, 99=19375, 99.9=42079, 99.99=60767] 
2017-06-08 16:39:07:102 310 sec: 43046 operations; 142.8 current ops/sec; est completion in 19 hours 55 minutes [READ: Count=1428, Max=74751, Min=115, Avg=6994.37, 90=14463, 99=17167, 99.9=37567, 99.99=74751] 
2017-06-08 16:39:17:102 320 sec: 44498 operations; 145.2 current ops/sec; est completion in 19 hours 53 minutes [READ: Count=1452, Max=132863, Min=116, Avg=6883.87, 90=14727, 99=19743, 99.9=55231, 99.99=132863] 
2017-06-08 16:39:27:102 330 sec: 45840 operations; 134.2 current ops/sec; est completion in 19 hours 54 minutes [READ: Count=1342, Max=45599, Min=118, Avg=7447.34, 90=14815, 99=18383, 99.9=44287, 99.99=45599] 
2017-06-08 16:39:37:102 340 sec: 47194 operations; 135.4 current ops/sec; est completion in 19 hours 55 minutes [READ: Count=1354, Max=43263, Min=119, Avg=7376.58, 90=15071, 99=20351, 99.9=35903, 99.99=43263] 
2017-06-08 16:39:47:103 350 sec: 48671 operations; 147.7 current ops/sec; est completion in 19 hours 52 minutes [READ: Count=1477, Max=42047, Min=116, Avg=6767.23, 90=14063, 99=18031, 99.9=38463, 99.99=42047] 
2017-06-08 16:39:57:102 360 sec: 50032 operations; 136.1 current ops/sec; est completion in 19 hours 53 minutes [READ: Count=1362, Max=145535, Min=114, Avg=7339.99, 90=15199, 99=18719, 99.9=57471, 99.99=145535] 
2017-06-08 16:40:07:102 370 sec: 51465 operations; 143.3 current ops/sec; est completion in 19 hours 52 minutes [READ: Count=1432, Max=47839, Min=115, Avg=6972.54, 90=14791, 99=18399, 99.9=42463, 99.99=47839] 
2017-06-08 16:40:17:102 380 sec: 52851 operations; 138.6 current ops/sec; est completion in 19 hours 52 minutes [READ: Count=1386, Max=57695, Min=116, Avg=7205.81, 90=14807, 99=19599, 99.9=49055, 99.99=57695] 
2017-06-08 16:40:27:102 390 sec: 54253 operations; 140.2 current ops/sec; est completion in 19 hours 51 minutes [READ: Count=1402, Max=41023, Min=117, Avg=7128.28, 90=14831, 99=18783, 99.9=32895, 99.99=41023] 
2017-06-08 16:40:37:102 400 sec: 55650 operations; 139.7 current ops/sec; est completion in 19 hours 51 minutes [READ: Count=1397, Max=90687, Min=115, Avg=7152.94, 90=14823, 99=20271, 99.9=48991, 99.99=90687] 
2017-06-08 16:40:47:102 410 sec: 57038 operations; 138.8 current ops/sec; est completion in 19 hours 51 minutes [READ: Count=1388, Max=56511, Min=115, Avg=7198.52, 90=14943, 99=18095, 99.9=43103, 99.99=56511] 
2017-06-08 16:40:57:102 420 sec: 58413 operations; 137.5 current ops/sec; est completion in 19 hours 51 minutes [READ: Count=1375, Max=50559, Min=117, Avg=7266.6, 90=14655, 99=18719, 99.9=44351, 99.99=50559] 
2017-06-08 16:41:07:102 430 sec: 59809 operations; 139.6 current ops/sec; est completion in 19 hours 51 minutes [READ: Count=1396, Max=56479, Min=115, Avg=7151.4, 90=14935, 99=22975, 99.9=56095, 99.99=56479] 
2017-06-08 16:41:17:102 440 sec: 61221 operations; 141.2 current ops/sec; est completion in 19 hours 50 minutes [READ: Count=1412, Max=60319, Min=118, Avg=7082.23, 90=14655, 99=19135, 99.9=49151, 99.99=60319] 
2017-06-08 16:41:27:102 450 sec: 62654 operations; 143.3 current ops/sec; est completion in 19 hours 49 minutes [READ: Count=1433, Max=42719, Min=116, Avg=6975.91, 90=14503, 99=20879, 99.9=39839, 99.99=42719] 
2017-06-08 16:41:37:102 460 sec: 64028 operations; 137.4 current ops/sec; est completion in 19 hours 49 minutes [READ: Count=1374, Max=37279, Min=120, Avg=7269.5, 90=15103, 99=18991, 99.9=31519, 99.99=37279] 
2017-06-08 16:41:47:102 470 sec: 65377 operations; 134.9 current ops/sec; est completion in 19 hours 50 minutes [READ: Count=1349, Max=168063, Min=117, Avg=7406.77, 90=15143, 99=19311, 99.9=28127, 99.99=168063] 
2017-06-08 16:41:57:102 480 sec: 66739 operations; 136.2 current ops/sec; est completion in 19 hours 50 minutes [READ: Count=1362, Max=69183, Min=115, Avg=7344.52, 90=15143, 99=21759, 99.9=51519, 99.99=69183] 
2017-06-08 16:42:07:102 490 sec: 68089 operations; 135 current ops/sec; est completion in 19 hours 51 minutes [READ: Count=1350, Max=48191, Min=120, Avg=7402.48, 90=15263, 99=22367, 99.9=37151, 99.99=48191] 
2017-06-08 16:42:17:103 500 sec: 69480 operations; 139.1 current ops/sec; est completion in 19 hours 51 minutes [READ: Count=1391, Max=56799, Min=119, Avg=7185.18, 90=14703, 99=20719, 99.9=35615, 99.99=56799] 
2017-06-08 16:42:27:105 510 sec: 70856 operations; 137.6 current ops/sec; est completion in 19 hours 51 minutes [READ: Count=1376, Max=108095, Min=117, Avg=7259.64, 90=14999, 99=22783, 99.9=48767, 99.99=108095] 
2017-06-08 16:42:37:102 520 sec: 72242 operations; 138.6 current ops/sec; est completion in 19 hours 51 minutes [READ: Count=1386, Max=50527, Min=116, Avg=7203.15, 90=14951, 99=22591, 99.9=38143, 99.99=50527] 
2017-06-08 16:42:47:102 530 sec: 73619 operations; 137.7 current ops/sec; est completion in 19 hours 51 minutes [READ: Count=1377, Max=50111, Min=114, Avg=7273.43, 90=14935, 99=19167, 99.9=35007, 99.99=50111] 
2017-06-08 16:42:57:102 540 sec: 75051 operations; 143.2 current ops/sec; est completion in 19 hours 50 minutes [READ: Count=1432, Max=85439, Min=116, Avg=6979.85, 90=14463, 99=18575, 99.9=50623, 99.99=85439] 
2017-06-08 16:43:07:102 550 sec: 76444 operations; 139.3 current ops/sec; est completion in 19 hours 49 minutes [READ: Count=1393, Max=99263, Min=114, Avg=7172.92, 90=14887, 99=20063, 99.9=40031, 99.99=99263] 
2017-06-08 16:43:17:102 560 sec: 77834 operations; 139 current ops/sec; est completion in 19 hours 49 minutes [READ: Count=1390, Max=56575, Min=118, Avg=7187.16, 90=14463, 99=18303, 99.9=42207, 99.99=56575] 
2017-06-08 16:43:27:102 570 sec: 79285 operations; 145.1 current ops/sec; est completion in 19 hours 48 minutes [READ: Count=1451, Max=47999, Min=114, Avg=6892.15, 90=14471, 99=18879, 99.9=43743, 99.99=47999] 
2017-06-08 16:43:37:102 580 sec: 80646 operations; 136.1 current ops/sec; est completion in 19 hours 49 minutes [READ: Count=1361, Max=49567, Min=115, Avg=7343.5, 90=15031, 99=19183, 99.9=40095, 99.99=49567] 
2017-06-08 16:43:47:102 590 sec: 82038 operations; 139.2 current ops/sec; est completion in 19 hours 48 minutes [READ: Count=1392, Max=120639, Min=120, Avg=7180.82, 90=14951, 99=20319, 99.9=36927, 99.99=120639] 
2017-06-08 16:43:57:102 600 sec: 83430 operations; 139.2 current ops/sec; est completion in 19 hours 48 minutes [READ: Count=1392, Max=38015, Min=117, Avg=7183.35, 90=14727, 99=19247, 99.9=37663, 99.99=38015] 
Maximum time elapsed. Requesting stop for the workload.
Stop requested for workload. Now Joining!
2017-06-08 16:43:57:116 600 sec: 83431 operations; 71.43 current ops/sec; est completion in 19 hours 48 minutes [READ: Count=1, Max=12599, Min=12592, Avg=12596, 90=12599, 99=12599, 99.9=12599, 99.99=12599] [CLEANUP: Count=1, Max=1474, Min=1474, Avg=1474, 90=1474, 99=1474, 99.9=1474, 99.99=1474] 
[OVERALL], RunTime(ms), 600015.0
[OVERALL], Throughput(ops/sec), 139.0481904619051
[TOTAL_GCS_PS_Scavenge], Count, 71.0
[TOTAL_GC_TIME_PS_Scavenge], Time(ms), 340.0
[TOTAL_GC_TIME_%_PS_Scavenge], Time(%), 0.05666525003541578
[TOTAL_GCS_PS_MarkSweep], Count, 0.0
[TOTAL_GC_TIME_PS_MarkSweep], Time(ms), 0.0
[TOTAL_GC_TIME_%_PS_MarkSweep], Time(%), 0.0
[TOTAL_GCs], Count, 71.0
[TOTAL_GC_TIME], Time(ms), 340.0
[TOTAL_GC_TIME_%], Time(%), 0.05666525003541578
[READ], Operations, 83431.0
[READ], AverageLatency(us), 7182.265536790881
[READ], MinLatency(us), 114.0
[READ], MaxLatency(us), 168063.0
[READ], 95thPercentileLatency(us), 15999.0
[READ], 99thPercentileLatency(us), 19663.0
[READ], Return=OK, 83431
[CLEANUP], Operations, 1.0
[CLEANUP], AverageLatency(us), 1474.0
[CLEANUP], MinLatency(us), 1474.0
[CLEANUP], MaxLatency(us), 1474.0
[CLEANUP], 95thPercentileLatency(us), 1474.0
[CLEANUP], 99thPercentileLatency(us), 1474.0
========== STOP: Container 1 Memory STATS ==============
cache 742494208
rss 257466368
rss_huge 0
mapped_file 4653056
writeback 0
swap 0
pgpgin 1113243
pgpgout 869112
pgfault 244605
pgmajfault 515
inactive_anon 129351680
active_anon 128184320
inactive_file 371408896
active_file 371011584
unevictable 4096
hierarchical_memory_limit 999997440
hierarchical_memsw_limit 9223372036854771712
total_cache 742494208
total_rss 257466368
total_rss_huge 0
total_mapped_file 4653056
total_writeback 0
total_swap 0
total_pgpgin 1113243
total_pgpgout 869112
total_pgfault 244605
total_pgmajfault 515
total_inactive_anon 129351680
total_active_anon 128184320
total_inactive_file 371408896
total_active_file 371011584
total_unevictable 4096
======== END Container STATS ======
