========== START: Container mongo Memory STATS ==============
cache 63115264
rss 37441536
rss_huge 0
mapped_file 36761600
writeback 0
swap 0
pgpgin 120669
pgpgout 96119
pgfault 183206
pgmajfault 487
inactive_anon 49152
active_anon 37437440
inactive_file 47841280
active_file 15196160
unevictable 4096
hierarchical_memory_limit 9223372036854771712
hierarchical_memsw_limit 9223372036854771712
total_cache 63115264
total_rss 37441536
total_rss_huge 0
total_mapped_file 36761600
total_writeback 0
total_swap 0
total_pgpgin 120669
total_pgpgout 96119
total_pgfault 183206
total_pgmajfault 487
total_inactive_anon 49152
total_active_anon 37437440
total_inactive_file 47841280
total_active_file 15196160
total_unevictable 4096
======== END Container STATS ======
java -cp /home/ubuntu/ycsb/mongodb-binding/conf:/home/ubuntu/ycsb/conf:/home/ubuntu/ycsb/lib/jackson-mapper-asl-1.9.4.jar:/home/ubuntu/ycsb/lib/jackson-core-asl-1.9.4.jar:/home/ubuntu/ycsb/lib/htrace-core4-4.1.0-incubating.jar:/home/ubuntu/ycsb/lib/core-0.12.0.jar:/home/ubuntu/ycsb/lib/HdrHistogram-2.1.4.jar:/home/ubuntu/ycsb/mongodb-binding/lib/mongo-java-driver-3.0.3.jar:/home/ubuntu/ycsb/mongodb-binding/lib/logback-core-1.1.2.jar:/home/ubuntu/ycsb/mongodb-binding/lib/mongodb-binding-0.12.0.jar:/home/ubuntu/ycsb/mongodb-binding/lib/logback-classic-1.1.2.jar:/home/ubuntu/ycsb/mongodb-binding/lib/mongodb-async-driver-2.0.1.jar:/home/ubuntu/ycsb/mongodb-binding/lib/slf4j-api-1.6.4.jar com.yahoo.ycsb.Client -db com.yahoo.ycsb.db.MongoDbClient -s -P /home/ubuntu/ycsb/workloads/workload1 -p mongodb.url=mongodb://10.0.3.220:27017/ycsb?w=0 -p maxexecutiontime=600 -t
YCSB Client 0.12.0
Command line: -db com.yahoo.ycsb.db.MongoDbClient -s -P /home/ubuntu/ycsb/workloads/workload1 -p mongodb.url=mongodb://10.0.3.220:27017/ycsb?w=0 -p maxexecutiontime=600 -t
Loading workload...
Starting test.
Maximum execution time specified as: 600 secs
2017-05-31 11:47:47:633 0 sec: 0 operations; est completion in 0 seconds 
mongo client connection created with mongodb://10.0.3.220:27017/ycsb?w=0
DBWrapper: report latency for each error is false and specific error codes to track for latency are: []
2017-05-31 11:47:57:464 10 sec: 507 operations; 50.7 current ops/sec; est completion in 2 days 6 hours [READ: Count=507, Max=223103, Min=895, Avg=17821.09, 90=27631, 99=38239, 99.9=148607, 99.99=223103] 
2017-05-31 11:48:07:465 20 sec: 1251 operations; 74.4 current ops/sec; est completion in 1 days 20 hours [READ: Count=744, Max=57695, Min=219, Avg=13417.53, 90=22799, 99=31679, 99.9=37951, 99.99=57695] 
2017-05-31 11:48:17:464 30 sec: 2124 operations; 87.3 current ops/sec; est completion in 1 days 15 hours [READ: Count=873, Max=46879, Min=185, Avg=11435.43, 90=17439, 99=28687, 99.9=43327, 99.99=46879] 
2017-05-31 11:48:27:464 40 sec: 3096 operations; 97.2 current ops/sec; est completion in 1 days 11 hours [READ: Count=972, Max=75711, Min=196, Avg=10281.37, 90=15735, 99=26767, 99.9=75327, 99.99=75711] 
2017-05-31 11:48:37:464 50 sec: 4079 operations; 98.3 current ops/sec; est completion in 1 days 10 hours [READ: Count=983, Max=133759, Min=175, Avg=10156.12, 90=15607, 99=28639, 99.9=64255, 99.99=133759] 
2017-05-31 11:48:47:464 60 sec: 5054 operations; 97.5 current ops/sec; est completion in 1 days 8 hours [READ: Count=975, Max=47871, Min=162, Avg=10246.68, 90=15647, 99=27983, 99.9=42623, 99.99=47871] 
2017-05-31 11:48:57:464 70 sec: 6090 operations; 103.6 current ops/sec; est completion in 1 days 7 hours [READ: Count=1037, Max=52223, Min=143, Avg=9633.86, 90=15415, 99=19887, 99.9=35711, 99.99=52223] 
2017-05-31 11:49:07:464 80 sec: 7120 operations; 103 current ops/sec; est completion in 1 days 7 hours [READ: Count=1029, Max=125247, Min=143, Avg=9702.52, 90=15407, 99=18991, 99.9=45343, 99.99=125247] 
2017-05-31 11:49:17:465 90 sec: 8181 operations; 106.1 current ops/sec; est completion in 1 days 6 hours [READ: Count=1061, Max=54367, Min=125, Avg=9424.9, 90=15279, 99=16943, 99.9=43743, 99.99=54367] 
2017-05-31 11:49:27:464 100 sec: 9256 operations; 107.5 current ops/sec; est completion in 1 days 5 hours [READ: Count=1075, Max=35167, Min=131, Avg=9289.7, 90=15239, 99=17519, 99.9=33887, 99.99=35167] 
2017-05-31 11:49:37:465 110 sec: 10352 operations; 109.6 current ops/sec; est completion in 1 days 5 hours [READ: Count=1096, Max=65343, Min=119, Avg=9119.78, 90=14951, 99=16783, 99.9=56511, 99.99=65343] 
2017-05-31 11:49:47:464 120 sec: 11422 operations; 107 current ops/sec; est completion in 1 days 5 hours [READ: Count=1070, Max=110783, Min=120, Avg=9331.08, 90=15247, 99=19503, 99.9=105663, 99.99=110783] 
2017-05-31 11:49:57:465 130 sec: 12564 operations; 114.2 current ops/sec; est completion in 1 days 4 hours [READ: Count=1142, Max=43423, Min=123, Avg=8761.18, 90=15031, 99=16639, 99.9=35199, 99.99=43423] 
2017-05-31 11:50:07:464 140 sec: 13721 operations; 115.7 current ops/sec; est completion in 1 days 4 hours [READ: Count=1157, Max=43327, Min=119, Avg=8639.22, 90=15127, 99=19791, 99.9=42143, 99.99=43327] 
2017-05-31 11:50:17:464 150 sec: 14899 operations; 117.8 current ops/sec; est completion in 1 days 3 hours [READ: Count=1178, Max=59039, Min=116, Avg=8483.66, 90=15111, 99=16783, 99.9=48031, 99.99=59039] 
2017-05-31 11:50:27:464 160 sec: 16069 operations; 117 current ops/sec; est completion in 1 days 3 hours [READ: Count=1170, Max=85119, Min=121, Avg=8539.65, 90=14783, 99=16799, 99.9=31263, 99.99=85119] 
2017-05-31 11:50:37:464 170 sec: 17255 operations; 118.6 current ops/sec; est completion in 1 days 3 hours [READ: Count=1186, Max=53823, Min=121, Avg=8420.43, 90=15079, 99=18255, 99.9=41791, 99.99=53823] 
2017-05-31 11:50:47:464 180 sec: 18478 operations; 122.3 current ops/sec; est completion in 1 days 3 hours [READ: Count=1223, Max=60415, Min=121, Avg=8179.68, 90=14687, 99=19215, 99.9=38623, 99.99=60415] 
2017-05-31 11:50:57:464 190 sec: 19744 operations; 126.6 current ops/sec; est completion in 1 days 2 hours [READ: Count=1266, Max=91903, Min=115, Avg=7888.93, 90=14799, 99=18799, 99.9=35807, 99.99=91903] 
2017-05-31 11:51:07:464 200 sec: 21021 operations; 127.7 current ops/sec; est completion in 1 days 2 hours [READ: Count=1277, Max=97663, Min=120, Avg=7822.91, 90=14815, 99=20799, 99.9=42527, 99.99=97663] 
2017-05-31 11:51:17:464 210 sec: 22337 operations; 131.6 current ops/sec; est completion in 1 days 2 hours [READ: Count=1316, Max=45567, Min=120, Avg=7599.66, 90=14439, 99=16895, 99.9=42079, 99.99=45567] 
2017-05-31 11:51:27:464 220 sec: 23620 operations; 128.3 current ops/sec; est completion in 1 days 1 hours [READ: Count=1283, Max=60511, Min=119, Avg=7784.46, 90=14831, 99=17535, 99.9=38239, 99.99=60511] 
2017-05-31 11:51:37:464 230 sec: 24987 operations; 136.7 current ops/sec; est completion in 1 days 1 hours [READ: Count=1367, Max=62175, Min=118, Avg=7314.67, 90=14407, 99=17391, 99.9=59135, 99.99=62175] 
2017-05-31 11:51:47:464 240 sec: 26377 operations; 139 current ops/sec; est completion in 1 days 1 hours [READ: Count=1390, Max=136959, Min=118, Avg=7185.1, 90=14407, 99=17327, 99.9=117823, 99.99=136959] 
2017-05-31 11:51:57:464 250 sec: 27729 operations; 135.2 current ops/sec; est completion in 1 days [READ: Count=1352, Max=46783, Min=119, Avg=7394.69, 90=14719, 99=19519, 99.9=42687, 99.99=46783] 
2017-05-31 11:52:07:464 260 sec: 29149 operations; 142 current ops/sec; est completion in 1 days [READ: Count=1420, Max=41503, Min=120, Avg=7037.25, 90=14583, 99=19567, 99.9=38399, 99.99=41503] 
2017-05-31 11:52:17:464 270 sec: 30621 operations; 147.2 current ops/sec; est completion in 1 days [READ: Count=1472, Max=32991, Min=118, Avg=6789.45, 90=14279, 99=17839, 99.9=32095, 99.99=32991] 
2017-05-31 11:52:27:464 280 sec: 32053 operations; 143.2 current ops/sec; est completion in 1 days [READ: Count=1432, Max=83135, Min=119, Avg=6979.93, 90=14471, 99=18799, 99.9=48415, 99.99=83135] 
2017-05-31 11:52:37:464 290 sec: 33488 operations; 143.5 current ops/sec; est completion in 23 hours 58 minutes [READ: Count=1435, Max=56447, Min=119, Avg=6961.62, 90=14599, 99=18831, 99.9=38335, 99.99=56447] 
2017-05-31 11:52:47:464 300 sec: 35010 operations; 152.2 current ops/sec; est completion in 23 hours 43 minutes [READ: Count=1522, Max=38559, Min=116, Avg=6564.77, 90=14207, 99=19199, 99.9=33407, 99.99=38559] 
2017-05-31 11:52:57:464 310 sec: 36542 operations; 153.2 current ops/sec; est completion in 23 hours 28 minutes [READ: Count=1532, Max=40415, Min=116, Avg=6521.01, 90=14207, 99=17503, 99.9=27615, 99.99=40415] 
2017-05-31 11:53:07:464 320 sec: 38021 operations; 147.9 current ops/sec; est completion in 23 hours 17 minutes [READ: Count=1479, Max=91199, Min=119, Avg=6762.58, 90=14271, 99=17263, 99.9=43423, 99.99=91199] 
2017-05-31 11:53:17:464 330 sec: 39586 operations; 156.5 current ops/sec; est completion in 23 hours 3 minutes [READ: Count=1565, Max=51423, Min=116, Avg=6383.66, 90=14215, 99=18047, 99.9=34079, 99.99=51423] 
2017-05-31 11:53:27:464 340 sec: 41214 operations; 162.8 current ops/sec; est completion in 22 hours 49 minutes [READ: Count=1628, Max=50751, Min=117, Avg=6139.62, 90=14207, 99=17375, 99.9=30975, 99.99=50751] 
2017-05-31 11:53:37:464 350 sec: 42787 operations; 157.3 current ops/sec; est completion in 22 hours 37 minutes [READ: Count=1573, Max=58847, Min=116, Avg=6347.43, 90=14175, 99=19487, 99.9=51615, 99.99=58847] 
2017-05-31 11:53:47:464 360 sec: 44401 operations; 161.4 current ops/sec; est completion in 22 hours 25 minutes [READ: Count=1614, Max=124287, Min=120, Avg=6196.34, 90=14391, 99=19263, 99.9=35103, 99.99=124287] 
2017-05-31 11:53:57:464 370 sec: 46024 operations; 162.3 current ops/sec; est completion in 22 hours 13 minutes [READ: Count=1623, Max=50335, Min=116, Avg=6154.87, 90=14063, 99=20671, 99.9=33759, 99.99=50335] 
2017-05-31 11:54:07:464 380 sec: 47627 operations; 160.3 current ops/sec; est completion in 22 hours 3 minutes [READ: Count=1603, Max=37823, Min=117, Avg=6236.11, 90=13831, 99=20431, 99.9=29087, 99.99=37823] 
2017-05-31 11:54:17:464 390 sec: 49375 operations; 174.8 current ops/sec; est completion in 21 hours 49 minutes [READ: Count=1748, Max=40863, Min=116, Avg=5716.7, 90=14015, 99=20287, 99.9=34303, 99.99=40863] 
2017-05-31 11:54:27:464 400 sec: 51097 operations; 172.2 current ops/sec; est completion in 21 hours 38 minutes [READ: Count=1722, Max=139903, Min=119, Avg=5801.28, 90=13951, 99=20047, 99.9=33887, 99.99=139903] 
2017-05-31 11:54:37:464 410 sec: 52892 operations; 179.5 current ops/sec; est completion in 21 hours 25 minutes [READ: Count=1795, Max=54463, Min=118, Avg=5567.23, 90=13799, 99=19087, 99.9=25967, 99.99=54463] 
2017-05-31 11:54:47:464 420 sec: 54758 operations; 186.6 current ops/sec; est completion in 21 hours 11 minutes [READ: Count=1866, Max=45503, Min=116, Avg=5355.26, 90=13759, 99=16943, 99.9=36383, 99.99=45503] 
2017-05-31 11:54:57:464 430 sec: 56628 operations; 187 current ops/sec; est completion in 20 hours 58 minutes [READ: Count=1870, Max=58239, Min=117, Avg=5344.53, 90=13511, 99=18511, 99.9=33343, 99.99=58239] 
2017-05-31 11:55:07:464 440 sec: 58558 operations; 193 current ops/sec; est completion in 20 hours 45 minutes [READ: Count=1930, Max=95807, Min=119, Avg=5176.14, 90=13303, 99=19327, 99.9=34815, 99.99=95807] 
2017-05-31 11:55:17:464 450 sec: 60396 operations; 183.8 current ops/sec; est completion in 20 hours 34 minutes [READ: Count=1838, Max=42399, Min=117, Avg=5432.42, 90=13479, 99=18143, 99.9=28079, 99.99=42399] 
2017-05-31 11:55:27:464 460 sec: 62284 operations; 188.8 current ops/sec; est completion in 20 hours 23 minutes [READ: Count=1888, Max=82559, Min=116, Avg=5297.61, 90=13599, 99=22159, 99.9=54815, 99.99=82559] 
2017-05-31 11:55:37:464 470 sec: 64170 operations; 188.6 current ops/sec; est completion in 20 hours 12 minutes [READ: Count=1886, Max=76479, Min=115, Avg=5292.58, 90=13887, 99=20223, 99.9=30319, 99.99=76479] 
2017-05-31 11:55:47:464 480 sec: 66239 operations; 206.9 current ops/sec; est completion in 19 hours 59 minutes [READ: Count=2069, Max=59711, Min=115, Avg=4833.94, 90=13407, 99=19951, 99.9=40479, 99.99=59711] 
2017-05-31 11:55:57:464 490 sec: 68335 operations; 209.6 current ops/sec; est completion in 19 hours 46 minutes [READ: Count=2096, Max=75391, Min=118, Avg=4770.4, 90=12943, 99=18415, 99.9=30527, 99.99=75391] 
2017-05-31 11:56:07:464 500 sec: 70449 operations; 211.4 current ops/sec; est completion in 19 hours 34 minutes [READ: Count=2114, Max=64063, Min=118, Avg=4724.22, 90=12647, 99=16671, 99.9=25119, 99.99=64063] 
2017-05-31 11:56:17:465 510 sec: 72512 operations; 206.3 current ops/sec; est completion in 19 hours 23 minutes [READ: Count=2063, Max=100415, Min=119, Avg=4846.42, 90=12823, 99=18591, 99.9=32255, 99.99=100415] 
2017-05-31 11:56:27:464 520 sec: 74626 operations; 211.4 current ops/sec; est completion in 19 hours 12 minutes [READ: Count=2114, Max=62559, Min=116, Avg=4728.25, 90=13295, 99=19967, 99.9=34463, 99.99=62559] 
2017-05-31 11:56:37:464 530 sec: 76838 operations; 221.2 current ops/sec; est completion in 19 hours [READ: Count=2212, Max=57439, Min=142, Avg=4512.57, 90=12719, 99=18879, 99.9=30959, 99.99=57439] 
2017-05-31 11:56:47:464 540 sec: 79156 operations; 231.8 current ops/sec; est completion in 18 hours 48 minutes [READ: Count=2318, Max=41215, Min=116, Avg=4314.56, 90=12263, 99=17807, 99.9=35423, 99.99=41215] 
2017-05-31 11:56:57:464 550 sec: 81462 operations; 230.6 current ops/sec; est completion in 18 hours 36 minutes [READ: Count=2306, Max=134143, Min=116, Avg=4333.98, 90=12607, 99=17119, 99.9=24815, 99.99=134143] 
2017-05-31 11:57:07:464 560 sec: 83867 operations; 240.5 current ops/sec; est completion in 18 hours 23 minutes [READ: Count=2405, Max=49439, Min=115, Avg=4152.71, 90=12183, 99=18831, 99.9=31839, 99.99=49439] 
2017-05-31 11:57:17:464 570 sec: 86064 operations; 219.7 current ops/sec; est completion in 18 hours 14 minutes [READ: Count=2197, Max=51167, Min=115, Avg=4546.82, 90=12415, 99=20143, 99.9=31295, 99.99=51167] 
2017-05-31 11:57:27:464 580 sec: 87140 operations; 107.6 current ops/sec; est completion in 18 hours 19 minutes [READ: Count=1076, Max=96255, Min=117, Avg=9286.17, 90=19135, 99=43359, 99.9=76991, 99.99=96255] 
2017-05-31 11:57:37:464 590 sec: 88931 operations; 179.1 current ops/sec; est completion in 18 hours 15 minutes [READ: Count=1791, Max=61727, Min=119, Avg=5587.2, 90=14679, 99=28175, 99.9=45279, 99.99=61727] 
Maximum time elapsed. Requesting stop for the workload.
Stop requested for workload. Now Joining!
2017-05-31 11:57:47:464 600 sec: 91474 operations; 254.3 current ops/sec; est completion in 18 hours 3 minutes [READ: Count=2543, Max=42463, Min=117, Avg=3925.26, 90=12023, 99=18127, 99.9=30751, 99.99=42463] 
2017-05-31 11:57:47:480 600 sec: 91475 operations; 62.5 current ops/sec; est completion in 18 hours 3 minutes [READ: Count=1, Max=26047, Min=26032, Avg=26040, 90=26047, 99=26047, 99.9=26047, 99.99=26047] [CLEANUP: Count=1, Max=1624, Min=1624, Avg=1624, 90=1624, 99=1624, 99.9=1624, 99.99=1624] 
[OVERALL], RunTime(ms), 600016.0
[OVERALL], Throughput(ops/sec), 152.4542678861897
[TOTAL_GCS_PS_Scavenge], Count, 80.0
[TOTAL_GC_TIME_PS_Scavenge], Time(ms), 430.0
[TOTAL_GC_TIME_%_PS_Scavenge], Time(%), 0.07166475560651717
[TOTAL_GCS_PS_MarkSweep], Count, 0.0
[TOTAL_GC_TIME_PS_MarkSweep], Time(ms), 0.0
[TOTAL_GC_TIME_%_PS_MarkSweep], Time(%), 0.0
[TOTAL_GCs], Count, 80.0
[TOTAL_GC_TIME], Time(ms), 430.0
[TOTAL_GC_TIME_%], Time(%), 0.07166475560651717
[READ], Operations, 91475.0
[READ], AverageLatency(us), 6543.97528286417
[READ], MinLatency(us), 115.0
[READ], MaxLatency(us), 223103.0
[READ], 95thPercentileLatency(us), 15935.0
[READ], 99thPercentileLatency(us), 21999.0
[READ], Return=OK, 91475
[CLEANUP], Operations, 1.0
[CLEANUP], AverageLatency(us), 1624.0
[CLEANUP], MinLatency(us), 1624.0
[CLEANUP], MaxLatency(us), 1624.0
[CLEANUP], 95thPercentileLatency(us), 1624.0
[CLEANUP], 99thPercentileLatency(us), 1624.0
========== STOP: Container mongo Memory STATS ==============
cache 742027264
rss 257794048
rss_huge 0
mapped_file 29188096
writeback 0
swap 0
pgpgin 728326
pgpgout 484229
pgfault 241373
pgmajfault 512
inactive_anon 129179648
active_anon 128684032
inactive_file 371073024
active_file 370880512
unevictable 4096
hierarchical_memory_limit 999997440
hierarchical_memsw_limit 9223372036854771712
total_cache 742027264
total_rss 257794048
total_rss_huge 0
total_mapped_file 29188096
total_writeback 0
total_swap 0
total_pgpgin 728326
total_pgpgout 484229
total_pgfault 241373
total_pgmajfault 512
total_inactive_anon 129179648
total_active_anon 128684032
total_inactive_file 371073024
total_active_file 370880512
total_unevictable 4096
======== END Container STATS ======
