========== START: Container 1 Memory STATS ==============
cache 741605376
rss 257765376
rss_huge 0
mapped_file 26828800
writeback 0
swap 0
pgpgin 736812
pgpgout 492825
pgfault 243045
pgmajfault 512
inactive_anon 129511424
active_anon 128323584
inactive_file 370769920
active_file 370761728
unevictable 4096
hierarchical_memory_limit 999997440
hierarchical_memsw_limit 9223372036854771712
total_cache 741605376
total_rss 257765376
total_rss_huge 0
total_mapped_file 26828800
total_writeback 0
total_swap 0
total_pgpgin 736812
total_pgpgout 492825
total_pgfault 243045
total_pgmajfault 512
total_inactive_anon 129511424
total_active_anon 128323584
total_inactive_file 370769920
total_active_file 370761728
total_unevictable 4096
======== END Container STATS ======
java -cp /home/ubuntu/ycsb/mongodb-binding/conf:/home/ubuntu/ycsb/conf:/home/ubuntu/ycsb/lib/jackson-mapper-asl-1.9.4.jar:/home/ubuntu/ycsb/lib/jackson-core-asl-1.9.4.jar:/home/ubuntu/ycsb/lib/htrace-core4-4.1.0-incubating.jar:/home/ubuntu/ycsb/lib/core-0.12.0.jar:/home/ubuntu/ycsb/lib/HdrHistogram-2.1.4.jar:/home/ubuntu/ycsb/mongodb-binding/lib/mongo-java-driver-3.0.3.jar:/home/ubuntu/ycsb/mongodb-binding/lib/logback-core-1.1.2.jar:/home/ubuntu/ycsb/mongodb-binding/lib/mongodb-binding-0.12.0.jar:/home/ubuntu/ycsb/mongodb-binding/lib/logback-classic-1.1.2.jar:/home/ubuntu/ycsb/mongodb-binding/lib/mongodb-async-driver-2.0.1.jar:/home/ubuntu/ycsb/mongodb-binding/lib/slf4j-api-1.6.4.jar com.yahoo.ycsb.Client -db com.yahoo.ycsb.db.MongoDbClient -s -P /home/ubuntu/ycsb/workloads/workload1 -p mongodb.url=mongodb://10.0.3.220:27017/ycsb?w=0 -p maxexecutiontime=600 -t
YCSB Client 0.12.0
Command line: -db com.yahoo.ycsb.db.MongoDbClient -s -P /home/ubuntu/ycsb/workloads/workload1 -p mongodb.url=mongodb://10.0.3.220:27017/ycsb?w=0 -p maxexecutiontime=600 -t
Loading workload...
Starting test.
Maximum execution time specified as: 600 secs
2017-05-31 00:14:46:429 0 sec: 0 operations; est completion in 0 seconds 
mongo client connection created with mongodb://10.0.3.220:27017/ycsb?w=0
DBWrapper: report latency for each error is false and specific error codes to track for latency are: []
2017-05-31 00:14:56:415 10 sec: 2025 operations; 202.5 current ops/sec; est completion in 13 hours 42 minutes [READ: Count=2025, Max=130623, Min=166, Avg=4765.98, 90=13511, 99=17471, 99.9=30495, 99.99=130623] 
2017-05-31 00:15:06:415 20 sec: 3933 operations; 190.8 current ops/sec; est completion in 14 hours 7 minutes [READ: Count=1908, Max=49343, Min=152, Avg=5230.84, 90=13375, 99=19183, 99.9=32191, 99.99=49343] 
2017-05-31 00:15:16:415 30 sec: 6178 operations; 224.5 current ops/sec; est completion in 13 hours 28 minutes [READ: Count=2245, Max=34943, Min=143, Avg=4440.73, 90=13287, 99=18271, 99.9=29695, 99.99=34943] 
2017-05-31 00:15:26:415 40 sec: 8358 operations; 218 current ops/sec; est completion in 13 hours 16 minutes [READ: Count=2180, Max=57951, Min=136, Avg=4587.12, 90=12903, 99=18847, 99.9=36191, 99.99=57951] 
2017-05-31 00:15:36:415 50 sec: 10546 operations; 218.8 current ops/sec; est completion in 13 hours 9 minutes [READ: Count=2188, Max=158079, Min=115, Avg=4563.79, 90=13047, 99=19039, 99.9=31503, 99.99=158079] 
2017-05-31 00:15:46:415 60 sec: 12772 operations; 222.6 current ops/sec; est completion in 13 hours 1 minutes [READ: Count=2226, Max=39999, Min=117, Avg=4486.96, 90=12911, 99=19711, 99.9=31999, 99.99=39999] 
2017-05-31 00:15:56:415 70 sec: 14935 operations; 216.3 current ops/sec; est completion in 13 hours [READ: Count=2163, Max=56511, Min=115, Avg=4617.91, 90=13575, 99=21455, 99.9=43071, 99.99=56511] 
2017-05-31 00:16:06:415 80 sec: 16906 operations; 197.1 current ops/sec; est completion in 13 hours 7 minutes [READ: Count=1971, Max=58879, Min=117, Avg=5064.43, 90=13487, 99=22655, 99.9=49631, 99.99=58879] 
2017-05-31 00:16:16:415 90 sec: 19089 operations; 218.3 current ops/sec; est completion in 13 hours 4 minutes [READ: Count=2183, Max=48447, Min=114, Avg=4581.58, 90=13367, 99=18847, 99.9=32863, 99.99=48447] 
2017-05-31 00:16:26:415 100 sec: 21256 operations; 216.7 current ops/sec; est completion in 13 hours 2 minutes [READ: Count=2167, Max=37887, Min=116, Avg=4610.56, 90=12999, 99=19823, 99.9=35455, 99.99=37887] 
2017-05-31 00:16:36:415 110 sec: 23498 operations; 224.2 current ops/sec; est completion in 12 hours 58 minutes [READ: Count=2242, Max=77183, Min=115, Avg=4456.33, 90=12671, 99=19711, 99.9=35423, 99.99=77183] 
2017-05-31 00:16:46:415 120 sec: 25733 operations; 223.5 current ops/sec; est completion in 12 hours 55 minutes [READ: Count=2235, Max=77247, Min=118, Avg=4471.56, 90=12727, 99=18927, 99.9=28975, 99.99=77247] 
2017-05-31 00:16:56:415 130 sec: 27973 operations; 224 current ops/sec; est completion in 12 hours 52 minutes [READ: Count=2240, Max=44319, Min=116, Avg=4460.08, 90=12567, 99=19071, 99.9=31663, 99.99=44319] 
2017-05-31 00:17:06:415 140 sec: 29927 operations; 195.4 current ops/sec; est completion in 12 hours 57 minutes [READ: Count=1954, Max=96895, Min=115, Avg=5108.59, 90=13647, 99=23503, 99.9=43263, 99.99=96895] 
2017-05-31 00:17:16:415 150 sec: 31945 operations; 201.8 current ops/sec; est completion in 13 hours [READ: Count=2018, Max=34495, Min=116, Avg=4955.3, 90=13199, 99=20079, 99.9=32751, 99.99=34495] 
2017-05-31 00:17:26:415 160 sec: 34184 operations; 223.9 current ops/sec; est completion in 12 hours 57 minutes [READ: Count=2239, Max=82623, Min=116, Avg=4462.72, 90=12679, 99=19391, 99.9=34623, 99.99=82623] 
2017-05-31 00:17:36:415 170 sec: 36305 operations; 212.1 current ops/sec; est completion in 12 hours 57 minutes [READ: Count=2121, Max=74175, Min=113, Avg=4710.69, 90=13079, 99=20767, 99.9=36671, 99.99=74175] 
2017-05-31 00:17:46:415 180 sec: 38502 operations; 219.7 current ops/sec; est completion in 12 hours 56 minutes [READ: Count=2197, Max=36735, Min=117, Avg=4547.82, 90=12847, 99=18767, 99.9=29935, 99.99=36735] 
2017-05-31 00:17:56:415 190 sec: 40758 operations; 225.6 current ops/sec; est completion in 12 hours 53 minutes [READ: Count=2256, Max=108607, Min=113, Avg=4428.57, 90=12799, 99=17903, 99.9=34047, 99.99=108607] 
2017-05-31 00:18:06:415 200 sec: 42791 operations; 203.3 current ops/sec; est completion in 12 hours 55 minutes [READ: Count=2033, Max=54463, Min=115, Avg=4912.73, 90=13103, 99=21103, 99.9=37855, 99.99=54463] 
2017-05-31 00:18:16:415 210 sec: 44209 operations; 141.8 current ops/sec; est completion in 13 hours 8 minutes [READ: Count=1418, Max=44671, Min=120, Avg=7045.47, 90=14951, 99=24719, 99.9=40031, 99.99=44671] 
2017-05-31 00:18:26:415 220 sec: 45707 operations; 149.8 current ops/sec; est completion in 13 hours 18 minutes [READ: Count=1498, Max=57535, Min=117, Avg=6669.25, 90=15655, 99=35487, 99.9=56575, 99.99=57535] 
2017-05-31 00:18:36:415 230 sec: 47768 operations; 206.1 current ops/sec; est completion in 13 hours 18 minutes [READ: Count=2061, Max=73599, Min=113, Avg=4851.82, 90=13543, 99=21183, 99.9=36511, 99.99=73599] 
2017-05-31 00:18:46:415 240 sec: 49936 operations; 216.8 current ops/sec; est completion in 13 hours 17 minutes [READ: Count=2168, Max=36351, Min=117, Avg=4609.61, 90=12871, 99=16943, 99.9=28319, 99.99=36351] 
2017-05-31 00:18:56:415 250 sec: 52127 operations; 219.1 current ops/sec; est completion in 13 hours 15 minutes [READ: Count=2191, Max=53311, Min=115, Avg=4555.4, 90=13103, 99=19391, 99.9=36415, 99.99=53311] 
2017-05-31 00:19:06:415 260 sec: 54424 operations; 229.7 current ops/sec; est completion in 13 hours 11 minutes [READ: Count=2297, Max=90623, Min=117, Avg=4353.77, 90=12439, 99=19919, 99.9=57279, 99.99=90623] 
2017-05-31 00:19:16:415 270 sec: 56463 operations; 203.9 current ops/sec; est completion in 13 hours 12 minutes [READ: Count=2039, Max=45855, Min=116, Avg=4899.72, 90=13239, 99=20047, 99.9=34047, 99.99=45855] 
2017-05-31 00:19:26:415 280 sec: 58705 operations; 224.2 current ops/sec; est completion in 13 hours 10 minutes [READ: Count=2242, Max=42879, Min=116, Avg=4455.62, 90=12727, 99=19247, 99.9=37983, 99.99=42879] 
2017-05-31 00:19:36:415 290 sec: 60936 operations; 223.1 current ops/sec; est completion in 13 hours 8 minutes [READ: Count=2231, Max=94399, Min=116, Avg=4475.98, 90=12879, 99=19759, 99.9=40863, 99.99=94399] 
2017-05-31 00:19:46:415 300 sec: 63232 operations; 229.6 current ops/sec; est completion in 13 hours 5 minutes [READ: Count=2296, Max=31951, Min=114, Avg=4352.99, 90=12599, 99=17663, 99.9=25551, 99.99=31951] 
2017-05-31 00:19:56:415 310 sec: 65420 operations; 218.8 current ops/sec; est completion in 13 hours 4 minutes [READ: Count=2188, Max=58431, Min=116, Avg=4569.88, 90=12679, 99=19439, 99.9=38591, 99.99=58431] 
2017-05-31 00:20:06:415 320 sec: 67669 operations; 224.9 current ops/sec; est completion in 13 hours 2 minutes [READ: Count=2249, Max=60479, Min=114, Avg=4439.82, 90=13143, 99=19359, 99.9=41695, 99.99=60479] 
2017-05-31 00:20:16:415 330 sec: 69815 operations; 214.6 current ops/sec; est completion in 13 hours 2 minutes [READ: Count=2146, Max=96831, Min=114, Avg=4658.99, 90=12479, 99=17503, 99.9=28431, 99.99=96831] 
2017-05-31 00:20:26:415 340 sec: 72025 operations; 221 current ops/sec; est completion in 13 hours 1 minutes [READ: Count=2210, Max=53823, Min=115, Avg=4521.98, 90=12655, 99=18607, 99.9=30191, 99.99=53823] 
2017-05-31 00:20:36:415 350 sec: 74327 operations; 230.2 current ops/sec; est completion in 12 hours 59 minutes [READ: Count=2302, Max=36447, Min=118, Avg=4342.08, 90=12559, 99=19871, 99.9=32751, 99.99=36447] 
2017-05-31 00:20:46:415 360 sec: 76734 operations; 240.7 current ops/sec; est completion in 12 hours 55 minutes [READ: Count=2407, Max=47295, Min=113, Avg=4152.84, 90=12183, 99=17983, 99.9=28447, 99.99=47295] 
2017-05-31 00:20:56:415 370 sec: 78911 operations; 217.7 current ops/sec; est completion in 12 hours 55 minutes [READ: Count=2177, Max=115263, Min=114, Avg=4590.41, 90=13175, 99=18639, 99.9=37343, 99.99=115263] 
2017-05-31 00:21:06:415 380 sec: 81149 operations; 223.8 current ops/sec; est completion in 12 hours 54 minutes [READ: Count=2238, Max=60799, Min=118, Avg=4465.04, 90=12679, 99=20271, 99.9=47487, 99.99=60799] 
2017-05-31 00:21:16:415 390 sec: 83277 operations; 212.8 current ops/sec; est completion in 12 hours 54 minutes [READ: Count=2128, Max=37343, Min=119, Avg=4688.74, 90=12983, 99=19839, 99.9=29599, 99.99=37343] 
2017-05-31 00:21:26:415 400 sec: 85435 operations; 215.8 current ops/sec; est completion in 12 hours 53 minutes [READ: Count=2158, Max=82623, Min=114, Avg=4630.2, 90=12879, 99=19167, 99.9=28607, 99.99=82623] 
2017-05-31 00:21:36:415 410 sec: 87776 operations; 234.1 current ops/sec; est completion in 12 hours 51 minutes [READ: Count=2341, Max=67967, Min=113, Avg=4271.99, 90=12527, 99=19327, 99.9=32623, 99.99=67967] 
2017-05-31 00:21:46:415 420 sec: 90107 operations; 233.1 current ops/sec; est completion in 12 hours 49 minutes [READ: Count=2331, Max=30239, Min=112, Avg=4283.36, 90=12447, 99=18831, 99.9=26639, 99.99=30239] 
2017-05-31 00:21:56:415 430 sec: 92397 operations; 229 current ops/sec; est completion in 12 hours 48 minutes [READ: Count=2290, Max=46079, Min=116, Avg=4364.51, 90=13031, 99=18607, 99.9=38047, 99.99=46079] 
2017-05-31 00:22:06:415 440 sec: 94688 operations; 229.1 current ops/sec; est completion in 12 hours 47 minutes [READ: Count=2291, Max=66111, Min=117, Avg=4361.39, 90=12599, 99=20639, 99.9=28767, 99.99=66111] 
2017-05-31 00:22:16:415 450 sec: 96766 operations; 207.8 current ops/sec; est completion in 12 hours 47 minutes [READ: Count=2078, Max=47103, Min=116, Avg=4813.44, 90=12839, 99=17599, 99.9=25071, 99.99=47103] 
2017-05-31 00:22:26:415 460 sec: 98990 operations; 222.4 current ops/sec; est completion in 12 hours 46 minutes [READ: Count=2224, Max=62783, Min=115, Avg=4493.56, 90=12791, 99=19407, 99.9=37279, 99.99=62783] 
2017-05-31 00:22:36:415 470 sec: 101291 operations; 230.1 current ops/sec; est completion in 12 hours 45 minutes [READ: Count=2301, Max=61055, Min=115, Avg=4343.38, 90=12527, 99=21759, 99.9=35359, 99.99=61055] 
2017-05-31 00:22:46:415 480 sec: 103531 operations; 224 current ops/sec; est completion in 12 hours 44 minutes [READ: Count=2240, Max=159999, Min=118, Avg=4462.4, 90=12575, 99=18111, 99.9=28367, 99.99=159999] 
2017-05-31 00:22:56:415 490 sec: 105754 operations; 222.3 current ops/sec; est completion in 12 hours 44 minutes [READ: Count=2223, Max=46879, Min=115, Avg=4491.5, 90=12703, 99=19871, 99.9=43583, 99.99=46879] 
2017-05-31 00:23:06:415 500 sec: 108043 operations; 228.9 current ops/sec; est completion in 12 hours 42 minutes [READ: Count=2289, Max=66687, Min=115, Avg=4368.4, 90=12607, 99=18719, 99.9=34079, 99.99=66687] 
2017-05-31 00:23:16:415 510 sec: 110125 operations; 208.2 current ops/sec; est completion in 12 hours 43 minutes [READ: Count=2082, Max=40223, Min=118, Avg=4800.95, 90=13047, 99=19119, 99.9=38207, 99.99=40223] 
2017-05-31 00:23:26:415 520 sec: 112408 operations; 228.3 current ops/sec; est completion in 12 hours 42 minutes [READ: Count=2283, Max=60767, Min=115, Avg=4376.19, 90=13111, 99=18271, 99.9=35967, 99.99=60767] 
2017-05-31 00:23:36:415 530 sec: 114823 operations; 241.5 current ops/sec; est completion in 12 hours 40 minutes [READ: Count=2415, Max=41055, Min=117, Avg=4136.67, 90=12095, 99=17695, 99.9=27071, 99.99=41055] 
2017-05-31 00:23:46:415 540 sec: 117223 operations; 240 current ops/sec; est completion in 12 hours 38 minutes [READ: Count=2400, Max=40319, Min=120, Avg=4164.01, 90=12167, 99=19519, 99.9=28591, 99.99=40319] 
2017-05-31 00:23:56:415 550 sec: 119413 operations; 219 current ops/sec; est completion in 12 hours 38 minutes [READ: Count=2190, Max=60415, Min=117, Avg=4564.08, 90=13271, 99=20063, 99.9=32687, 99.99=60415] 
2017-05-31 00:24:06:415 560 sec: 121753 operations; 234 current ops/sec; est completion in 12 hours 37 minutes [READ: Count=2340, Max=60191, Min=116, Avg=4272.43, 90=12447, 99=18543, 99.9=38143, 99.99=60191] 
2017-05-31 00:24:16:415 570 sec: 123800 operations; 204.7 current ops/sec; est completion in 12 hours 37 minutes [READ: Count=2047, Max=37983, Min=118, Avg=4882.53, 90=12807, 99=17359, 99.9=26543, 99.99=37983] 
2017-05-31 00:24:26:415 580 sec: 126159 operations; 235.9 current ops/sec; est completion in 12 hours 36 minutes [READ: Count=2359, Max=36607, Min=119, Avg=4234.78, 90=12695, 99=17151, 99.9=32063, 99.99=36607] 
2017-05-31 00:24:36:415 590 sec: 128266 operations; 210.7 current ops/sec; est completion in 12 hours 36 minutes [READ: Count=2107, Max=64287, Min=118, Avg=4742.37, 90=13295, 99=18911, 99.9=29695, 99.99=64287] 
Maximum time elapsed. Requesting stop for the workload.
Stop requested for workload. Now Joining!
2017-05-31 00:24:46:415 600 sec: 130367 operations; 210.1 current ops/sec; est completion in 12 hours 37 minutes [READ: Count=2101, Max=35775, Min=119, Avg=4759.95, 90=13487, 99=22159, 99.9=31039, 99.99=35775] 
2017-05-31 00:24:46:419 600 sec: 130368 operations; 250 current ops/sec; est completion in 12 hours 37 minutes [READ: Count=1, Max=2953, Min=2952, Avg=2953, 90=2953, 99=2953, 99.9=2953, 99.99=2953] [CLEANUP: Count=1, Max=1630, Min=1630, Avg=1630, 90=1630, 99=1630, 99.9=1630, 99.99=1630] 
[OVERALL], RunTime(ms), 600004.0
[OVERALL], Throughput(ops/sec), 217.27855147632349
[TOTAL_GCS_PS_Scavenge], Count, 124.0
[TOTAL_GC_TIME_PS_Scavenge], Time(ms), 385.0
[TOTAL_GC_TIME_%_PS_Scavenge], Time(%), 0.06416623889174072
[TOTAL_GCS_PS_MarkSweep], Count, 0.0
[TOTAL_GC_TIME_PS_MarkSweep], Time(ms), 0.0
[TOTAL_GC_TIME_%_PS_MarkSweep], Time(%), 0.0
[TOTAL_GCs], Count, 124.0
[TOTAL_GC_TIME], Time(ms), 385.0
[TOTAL_GC_TIME_%], Time(%), 0.06416623889174072
[READ], Operations, 130368.0
[READ], AverageLatency(us), 4596.008652430044
[READ], MinLatency(us), 112.0
[READ], MaxLatency(us), 159999.0
[READ], 95thPercentileLatency(us), 15239.0
[READ], 99thPercentileLatency(us), 19887.0
[READ], Return=OK, 130368
[CLEANUP], Operations, 1.0
[CLEANUP], AverageLatency(us), 1630.0
[CLEANUP], MinLatency(us), 1630.0
[CLEANUP], MaxLatency(us), 1630.0
[CLEANUP], 95thPercentileLatency(us), 1630.0
[CLEANUP], 99thPercentileLatency(us), 1630.0
========== STOP: Container 1 Memory STATS ==============
cache 740237312
rss 259584000
rss_huge 0
mapped_file 4505600
writeback 0
swap 0
pgpgin 1491616
pgpgout 1247519
pgfault 247726
pgmajfault 576
inactive_anon 130068480
active_anon 129585152
inactive_file 370348032
active_file 369815552
unevictable 4096
hierarchical_memory_limit 999997440
hierarchical_memsw_limit 9223372036854771712
total_cache 740237312
total_rss 259584000
total_rss_huge 0
total_mapped_file 4505600
total_writeback 0
total_swap 0
total_pgpgin 1491616
total_pgpgout 1247519
total_pgfault 247726
total_pgmajfault 576
total_inactive_anon 130068480
total_active_anon 129585152
total_inactive_file 370348032
total_active_file 369815552
total_unevictable 4096
======== END Container STATS ======
