========== START: Container 1 Memory STATS ==============
cache 741924864
rss 257216512
rss_huge 0
mapped_file 14217216
writeback 0
swap 0
pgpgin 747645
pgpgout 503714
pgfault 248052
pgmajfault 568
inactive_anon 129286144
active_anon 128000000
inactive_file 370880512
active_file 370970624
unevictable 4096
hierarchical_memory_limit 999997440
hierarchical_memsw_limit 9223372036854771712
total_cache 741924864
total_rss 257216512
total_rss_huge 0
total_mapped_file 14217216
total_writeback 0
total_swap 0
total_pgpgin 747645
total_pgpgout 503714
total_pgfault 248052
total_pgmajfault 568
total_inactive_anon 129286144
total_active_anon 128000000
total_inactive_file 370880512
total_active_file 370970624
total_unevictable 4096
======== END Container STATS ======
java -cp /home/ubuntu/ycsb/mongodb-binding/conf:/home/ubuntu/ycsb/conf:/home/ubuntu/ycsb/lib/jackson-mapper-asl-1.9.4.jar:/home/ubuntu/ycsb/lib/jackson-core-asl-1.9.4.jar:/home/ubuntu/ycsb/lib/htrace-core4-4.1.0-incubating.jar:/home/ubuntu/ycsb/lib/core-0.12.0.jar:/home/ubuntu/ycsb/lib/HdrHistogram-2.1.4.jar:/home/ubuntu/ycsb/mongodb-binding/lib/mongo-java-driver-3.0.3.jar:/home/ubuntu/ycsb/mongodb-binding/lib/logback-core-1.1.2.jar:/home/ubuntu/ycsb/mongodb-binding/lib/mongodb-binding-0.12.0.jar:/home/ubuntu/ycsb/mongodb-binding/lib/logback-classic-1.1.2.jar:/home/ubuntu/ycsb/mongodb-binding/lib/mongodb-async-driver-2.0.1.jar:/home/ubuntu/ycsb/mongodb-binding/lib/slf4j-api-1.6.4.jar com.yahoo.ycsb.Client -db com.yahoo.ycsb.db.MongoDbClient -s -P /home/ubuntu/ycsb/workloads/workload1 -p mongodb.url=mongodb://10.0.3.220:27017/ycsb?w=0 -p maxexecutiontime=600 -t
YCSB Client 0.12.0
Command line: -db com.yahoo.ycsb.db.MongoDbClient -s -P /home/ubuntu/ycsb/workloads/workload1 -p mongodb.url=mongodb://10.0.3.220:27017/ycsb?w=0 -p maxexecutiontime=600 -t
Loading workload...
Starting test.
Maximum execution time specified as: 600 secs
2017-05-31 12:47:42:872 0 sec: 0 operations; est completion in 0 seconds 
mongo client connection created with mongodb://10.0.3.220:27017/ycsb?w=0
DBWrapper: report latency for each error is false and specific error codes to track for latency are: []
2017-05-31 12:47:52:854 10 sec: 2551 operations; 255.1 current ops/sec; est completion in 10 hours 53 minutes [READ: Count=2551, Max=132735, Min=160, Avg=3783.98, 90=11767, 99=18639, 99.9=35743, 99.99=132735] 
2017-05-31 12:48:02:854 20 sec: 5337 operations; 278.6 current ops/sec; est completion in 10 hours 24 minutes [READ: Count=2786, Max=31295, Min=146, Avg=3579, 90=11471, 99=16895, 99.9=23407, 99.99=31295] 
2017-05-31 12:48:12:854 30 sec: 8024 operations; 268.7 current ops/sec; est completion in 10 hours 22 minutes [READ: Count=2687, Max=55295, Min=131, Avg=3712.37, 90=11551, 99=18127, 99.9=26815, 99.99=55295] 
2017-05-31 12:48:22:854 40 sec: 10511 operations; 248.7 current ops/sec; est completion in 10 hours 33 minutes [READ: Count=2487, Max=39871, Min=143, Avg=4015.47, 90=11607, 99=18383, 99.9=31375, 99.99=39871] 
2017-05-31 12:48:32:854 50 sec: 13556 operations; 304.5 current ops/sec; est completion in 10 hours 13 minutes [READ: Count=3045, Max=60607, Min=114, Avg=3278.04, 90=10591, 99=16607, 99.9=31855, 99.99=60607] 
2017-05-31 12:48:42:854 60 sec: 16506 operations; 295 current ops/sec; est completion in 10 hours 4 minutes [READ: Count=2950, Max=52447, Min=115, Avg=3384.66, 90=10855, 99=16655, 99.9=28607, 99.99=52447] 
2017-05-31 12:48:52:854 70 sec: 19620 operations; 311.4 current ops/sec; est completion in 9 hours 53 minutes [READ: Count=3114, Max=39551, Min=113, Avg=3208.13, 90=10503, 99=16735, 99.9=28895, 99.99=39551] 
2017-05-31 12:49:02:854 80 sec: 22489 operations; 286.9 current ops/sec; est completion in 9 hours 51 minutes [READ: Count=2869, Max=46015, Min=113, Avg=3481.18, 90=10935, 99=16783, 99.9=43263, 99.99=46015] 
2017-05-31 12:49:12:854 90 sec: 25315 operations; 282.6 current ops/sec; est completion in 9 hours 51 minutes [READ: Count=2826, Max=36223, Min=114, Avg=3534.23, 90=10407, 99=17071, 99.9=28911, 99.99=36223] 
2017-05-31 12:49:22:854 100 sec: 28610 operations; 329.5 current ops/sec; est completion in 9 hours 40 minutes [READ: Count=3295, Max=34879, Min=115, Avg=3029.07, 90=10255, 99=16447, 99.9=26975, 99.99=34879] 
2017-05-31 12:49:32:854 110 sec: 31996 operations; 338.6 current ops/sec; est completion in 9 hours 31 minutes [READ: Count=3386, Max=62687, Min=114, Avg=2947.72, 90=9647, 99=18735, 99.9=45503, 99.99=62687] 
2017-05-31 12:49:42:854 120 sec: 35518 operations; 352.2 current ops/sec; est completion in 9 hours 21 minutes [READ: Count=3522, Max=38335, Min=114, Avg=2835.7, 90=9295, 99=16335, 99.9=21759, 99.99=38335] 
2017-05-31 12:49:52:856 130 sec: 38849 operations; 333.1 current ops/sec; est completion in 9 hours 15 minutes [READ: Count=3331, Max=34111, Min=114, Avg=2997.16, 90=9231, 99=16119, 99.9=23375, 99.99=34111] 
2017-05-31 12:50:02:855 140 sec: 42449 operations; 360 current ops/sec; est completion in 9 hours 7 minutes [READ: Count=3600, Max=63167, Min=113, Avg=2773.73, 90=9207, 99=16575, 99.9=23407, 99.99=63167] 
2017-05-31 12:50:12:854 150 sec: 46172 operations; 372.3 current ops/sec; est completion in 8 hours 58 minutes [READ: Count=3723, Max=51295, Min=114, Avg=2682.65, 90=8671, 99=16087, 99.9=27999, 99.99=51295] 
2017-05-31 12:50:22:854 160 sec: 49713 operations; 354.1 current ops/sec; est completion in 8 hours 53 minutes [READ: Count=3542, Max=35839, Min=114, Avg=2819.37, 90=8231, 99=15911, 99.9=23711, 99.99=35839] 
2017-05-31 12:50:32:854 170 sec: 53504 operations; 379.1 current ops/sec; est completion in 8 hours 46 minutes [READ: Count=3790, Max=55871, Min=112, Avg=2633.85, 90=8599, 99=16311, 99.9=25647, 99.99=55871] 
2017-05-31 12:50:42:854 180 sec: 57580 operations; 407.6 current ops/sec; est completion in 8 hours 38 minutes [READ: Count=4076, Max=43327, Min=112, Avg=2449.61, 90=7291, 99=16079, 99.9=23871, 99.99=43327] 
2017-05-31 12:50:52:854 190 sec: 61792 operations; 421.2 current ops/sec; est completion in 8 hours 29 minutes [READ: Count=4212, Max=36351, Min=112, Avg=2370.3, 90=6927, 99=16039, 99.9=22783, 99.99=36351] 
2017-05-31 12:51:02:854 200 sec: 64064 operations; 227.2 current ops/sec; est completion in 8 hours 36 minutes [READ: Count=2272, Max=55391, Min=124, Avg=4397.56, 90=10847, 99=23279, 99.9=46399, 99.99=55391] 
2017-05-31 12:51:12:854 210 sec: 68019 operations; 395.5 current ops/sec; est completion in 8 hours 31 minutes [READ: Count=3955, Max=59583, Min=114, Avg=2525.75, 90=6919, 99=15991, 99.9=22927, 99.99=59583] 
2017-05-31 12:51:22:854 220 sec: 72370 operations; 435.1 current ops/sec; est completion in 8 hours 23 minutes [READ: Count=4351, Max=49183, Min=112, Avg=2294.52, 90=5843, 99=15407, 99.9=24847, 99.99=49183] 
2017-05-31 12:51:32:854 230 sec: 76439 operations; 406.9 current ops/sec; est completion in 8 hours 17 minutes [READ: Count=4069, Max=48703, Min=112, Avg=2455.53, 90=6119, 99=15943, 99.9=25423, 99.99=48703] 
2017-05-31 12:51:42:854 240 sec: 81112 operations; 467.3 current ops/sec; est completion in 8 hours 9 minutes [READ: Count=4673, Max=47999, Min=112, Avg=2138.69, 90=5015, 99=15207, 99.9=20239, 99.99=47999] 
2017-05-31 12:51:52:856 250 sec: 85881 operations; 476.85 current ops/sec; est completion in 8 hours 1 minutes [READ: Count=4769, Max=43743, Min=112, Avg=2093.74, 90=4743, 99=14951, 99.9=23855, 99.99=43743] 
2017-05-31 12:52:02:854 260 sec: 90072 operations; 419.14 current ops/sec; est completion in 7 hours 56 minutes [READ: Count=4191, Max=35807, Min=113, Avg=2383.78, 90=5231, 99=15023, 99.9=25359, 99.99=35807] 
2017-05-31 12:52:12:854 270 sec: 94764 operations; 469.2 current ops/sec; est completion in 7 hours 50 minutes [READ: Count=4692, Max=32959, Min=113, Avg=2128.63, 90=4695, 99=15479, 99.9=23087, 99.99=32959] 
2017-05-31 12:52:22:854 280 sec: 99500 operations; 473.6 current ops/sec; est completion in 7 hours 44 minutes [READ: Count=4736, Max=51327, Min=112, Avg=2108.98, 90=4515, 99=15127, 99.9=21759, 99.99=51327] 
2017-05-31 12:52:32:854 290 sec: 103829 operations; 432.9 current ops/sec; est completion in 7 hours 40 minutes [READ: Count=4329, Max=72895, Min=111, Avg=2306.69, 90=5055, 99=15535, 99.9=25551, 99.99=72895] 
2017-05-31 12:52:42:854 300 sec: 108922 operations; 509.3 current ops/sec; est completion in 7 hours 34 minutes [READ: Count=5099, Max=32111, Min=112, Avg=1959.56, 90=4247, 99=14527, 99.9=17647, 99.99=21855] 
2017-05-31 12:52:52:854 310 sec: 114248 operations; 532.6 current ops/sec; est completion in 7 hours 27 minutes [READ: Count=5320, Max=28879, Min=113, Avg=1876.42, 90=4119, 99=13831, 99.9=17727, 99.99=20255] 
2017-05-31 12:53:02:854 320 sec: 118854 operations; 460.6 current ops/sec; est completion in 7 hours 23 minutes [READ: Count=4607, Max=49471, Min=112, Avg=2168.39, 90=4575, 99=14695, 99.9=21935, 99.99=49471] 
2017-05-31 12:53:12:854 330 sec: 123965 operations; 511.1 current ops/sec; est completion in 7 hours 18 minutes [READ: Count=5110, Max=161151, Min=112, Avg=1954.01, 90=4025, 99=14183, 99.9=21263, 99.99=94591] 
2017-05-31 12:53:22:854 340 sec: 128278 operations; 431.3 current ops/sec; est completion in 7 hours 16 minutes [READ: Count=4313, Max=128447, Min=138, Avg=2315.44, 90=5475, 99=15559, 99.9=33023, 99.99=128447] 
2017-05-31 12:53:32:854 350 sec: 131487 operations; 320.9 current ops/sec; est completion in 7 hours 17 minutes [READ: Count=3209, Max=40511, Min=112, Avg=3114.49, 90=7019, 99=17711, 99.9=28991, 99.99=40511] 
2017-05-31 12:53:42:854 360 sec: 136998 operations; 551.1 current ops/sec; est completion in 7 hours 11 minutes [READ: Count=5511, Max=47391, Min=138, Avg=1811.45, 90=3707, 99=12759, 99.9=16375, 99.99=25295] 
2017-05-31 12:53:52:854 370 sec: 141787 operations; 478.9 current ops/sec; est completion in 7 hours 8 minutes [READ: Count=4789, Max=138623, Min=118, Avg=2085.1, 90=4307, 99=13927, 99.9=17983, 99.99=138623] 
2017-05-31 12:54:02:854 380 sec: 146935 operations; 514.8 current ops/sec; est completion in 7 hours 4 minutes [READ: Count=5148, Max=132095, Min=115, Avg=1939.91, 90=4019, 99=13047, 99.9=19007, 99.99=29791] 
2017-05-31 12:54:12:854 390 sec: 152602 operations; 566.7 current ops/sec; est completion in 6 hours 59 minutes [READ: Count=5667, Max=23727, Min=138, Avg=1761.04, 90=3353, 99=11831, 99.9=16463, 99.99=21231] 
2017-05-31 12:54:22:854 400 sec: 155320 operations; 271.8 current ops/sec; est completion in 7 hours 2 minutes [READ: Count=2718, Max=92415, Min=112, Avg=3677.5, 90=9087, 99=25807, 99.9=52959, 99.99=92415] 
2017-05-31 12:54:32:854 410 sec: 158454 operations; 313.4 current ops/sec; est completion in 7 hours 4 minutes [READ: Count=3134, Max=70527, Min=113, Avg=3189.6, 90=8903, 99=19583, 99.9=45695, 99.99=70527] 
2017-05-31 12:54:42:854 420 sec: 164429 operations; 597.5 current ops/sec; est completion in 6 hours 58 minutes [READ: Count=5975, Max=68351, Min=137, Avg=1670.54, 90=3057, 99=12231, 99.9=16479, 99.99=21647] 
2017-05-31 12:54:52:854 430 sec: 169068 operations; 463.9 current ops/sec; est completion in 6 hours 56 minutes [READ: Count=4640, Max=34975, Min=136, Avg=2152.92, 90=4679, 99=14039, 99.9=22335, 99.99=34975] 
2017-05-31 12:55:02:854 440 sec: 175165 operations; 609.7 current ops/sec; est completion in 6 hours 51 minutes [READ: Count=6096, Max=19871, Min=118, Avg=1637.13, 90=3151, 99=10935, 99.9=16191, 99.99=19807] 
2017-05-31 12:55:12:854 450 sec: 180868 operations; 570.3 current ops/sec; est completion in 6 hours 47 minutes [READ: Count=5704, Max=105215, Min=118, Avg=1750.87, 90=3689, 99=10727, 99.9=16447, 99.99=36415] 
2017-05-31 12:55:22:854 460 sec: 186318 operations; 545 current ops/sec; est completion in 6 hours 43 minutes [READ: Count=5449, Max=117887, Min=111, Avg=1832.24, 90=3747, 99=12663, 99.9=17999, 99.99=25935] 
2017-05-31 12:55:32:854 470 sec: 192472 operations; 615.4 current ops/sec; est completion in 6 hours 39 minutes [READ: Count=6154, Max=37087, Min=112, Avg=1621.93, 90=3043, 99=10791, 99.9=16463, 99.99=34623] 
2017-05-31 12:55:42:854 480 sec: 197499 operations; 502.7 current ops/sec; est completion in 6 hours 37 minutes [READ: Count=5027, Max=52415, Min=112, Avg=1986.84, 90=4183, 99=12351, 99.9=23327, 99.99=35359] 
2017-05-31 12:55:52:854 490 sec: 203669 operations; 617 current ops/sec; est completion in 6 hours 32 minutes [READ: Count=6170, Max=28975, Min=116, Avg=1618.02, 90=3089, 99=10215, 99.9=15807, 99.99=20255] 
2017-05-31 12:56:02:854 500 sec: 209043 operations; 537.4 current ops/sec; est completion in 6 hours 30 minutes [READ: Count=5374, Max=38911, Min=113, Avg=1857.95, 90=3927, 99=10743, 99.9=18303, 99.99=22655] 
2017-05-31 12:56:12:856 510 sec: 215288 operations; 624.5 current ops/sec; est completion in 6 hours 26 minutes [READ: Count=6245, Max=96639, Min=111, Avg=1598.73, 90=3039, 99=10095, 99.9=15519, 99.99=23279] 
2017-05-31 12:56:22:854 520 sec: 220623 operations; 533.5 current ops/sec; est completion in 6 hours 24 minutes [READ: Count=5337, Max=45727, Min=118, Avg=1871.21, 90=3859, 99=10599, 99.9=19663, 99.99=38271] 
2017-05-31 12:56:32:854 530 sec: 227079 operations; 645.6 current ops/sec; est completion in 6 hours 20 minutes [READ: Count=6454, Max=17263, Min=113, Avg=1546.57, 90=2931, 99=8999, 99.9=15215, 99.99=16671] 
2017-05-31 12:56:42:854 540 sec: 233031 operations; 595.2 current ops/sec; est completion in 6 hours 17 minutes [READ: Count=5952, Max=74687, Min=138, Avg=1677.23, 90=3105, 99=10039, 99.9=16479, 99.99=35103] 
2017-05-31 12:56:52:854 550 sec: 239190 operations; 615.9 current ops/sec; est completion in 6 hours 14 minutes [READ: Count=6160, Max=75071, Min=136, Avg=1620.91, 90=3073, 99=8879, 99.9=16495, 99.99=21823] 
2017-05-31 12:57:02:854 560 sec: 245763 operations; 657.3 current ops/sec; est completion in 6 hours 10 minutes [READ: Count=6572, Max=17519, Min=138, Avg=1518.64, 90=2833, 99=8039, 99.9=14383, 99.99=16511] 
2017-05-31 12:57:12:854 570 sec: 247565 operations; 180.2 current ops/sec; est completion in 6 hours 14 minutes [READ: Count=1802, Max=95871, Min=115, Avg=5529.81, 90=9271, 99=25951, 99.9=48447, 99.99=95871] 
2017-05-31 12:57:22:854 580 sec: 253493 operations; 592.8 current ops/sec; est completion in 6 hours 11 minutes [READ: Count=5929, Max=53023, Min=113, Avg=1689.32, 90=3409, 99=9711, 99.9=24399, 99.99=49631] 
2017-05-31 12:57:32:854 590 sec: 259423 operations; 593 current ops/sec; est completion in 6 hours 9 minutes [READ: Count=5929, Max=37951, Min=139, Avg=1683.29, 90=3471, 99=9751, 99.9=17775, 99.99=37247] 
Maximum time elapsed. Requesting stop for the workload.
Stop requested for workload. Now Joining!
2017-05-31 12:57:42:854 600 sec: 265702 operations; 627.9 current ops/sec; est completion in 6 hours 6 minutes [READ: Count=6279, Max=21439, Min=139, Avg=1589.52, 90=3179, 99=8439, 99.9=15623, 99.99=19279] 
2017-05-31 12:57:42:857 600 sec: 265703 operations; 333.33 current ops/sec; est completion in 6 hours 6 minutes [READ: Count=1, Max=4643, Min=4640, Avg=4642, 90=4643, 99=4643, 99.9=4643, 99.99=4643] [CLEANUP: Count=1, Max=1537, Min=1537, Avg=1537, 90=1537, 99=1537, 99.9=1537, 99.99=1537] 
[OVERALL], RunTime(ms), 600003.0
[OVERALL], Throughput(ops/sec), 442.8361191527376
[TOTAL_GCS_PS_Scavenge], Count, 277.0
[TOTAL_GC_TIME_PS_Scavenge], Time(ms), 544.0
[TOTAL_GC_TIME_%_PS_Scavenge], Time(%), 0.09066621333559999
[TOTAL_GCS_PS_MarkSweep], Count, 0.0
[TOTAL_GC_TIME_PS_MarkSweep], Time(ms), 0.0
[TOTAL_GC_TIME_%_PS_MarkSweep], Time(%), 0.0
[TOTAL_GCs], Count, 277.0
[TOTAL_GC_TIME], Time(ms), 544.0
[TOTAL_GC_TIME_%], Time(%), 0.09066621333559999
[READ], Operations, 265703.0
[READ], AverageLatency(us), 2253.675216312951
[READ], MinLatency(us), 111.0
[READ], MaxLatency(us), 161151.0
[READ], 95thPercentileLatency(us), 9375.0
[READ], 99thPercentileLatency(us), 15407.0
[READ], Return=OK, 265703
[CLEANUP], Operations, 1.0
[CLEANUP], AverageLatency(us), 1537.0
[CLEANUP], MinLatency(us), 1537.0
[CLEANUP], MaxLatency(us), 1537.0
[CLEANUP], 95thPercentileLatency(us), 1537.0
[CLEANUP], 99thPercentileLatency(us), 1537.0
========== STOP: Container 1 Memory STATS ==============
cache 732413952
rss 267472896
rss_huge 0
mapped_file 3723264
writeback 0
swap 0
pgpgin 2291374
pgpgout 2047261
pgfault 255128
pgmajfault 627
inactive_anon 134139904
active_anon 133402624
inactive_file 366510080
active_file 365813760
unevictable 4096
hierarchical_memory_limit 999997440
hierarchical_memsw_limit 9223372036854771712
total_cache 732413952
total_rss 267472896
total_rss_huge 0
total_mapped_file 3723264
total_writeback 0
total_swap 0
total_pgpgin 2291375
total_pgpgout 2047261
total_pgfault 255128
total_pgmajfault 627
total_inactive_anon 134139904
total_active_anon 133402624
total_inactive_file 366510080
total_active_file 365813760
total_unevictable 4096
======== END Container STATS ======
