========== START: Container 1 Memory STATS ==============
cache 741646336
rss 258109440
rss_huge 0
mapped_file 37265408
writeback 0
swap 0
pgpgin 670311
pgpgout 426230
pgfault 241335
pgmajfault 500
inactive_anon 129298432
active_anon 128880640
inactive_file 371040256
active_file 370532352
unevictable 4096
hierarchical_memory_limit 999997440
hierarchical_memsw_limit 9223372036854771712
total_cache 741646336
total_rss 258109440
total_rss_huge 0
total_mapped_file 37265408
total_writeback 0
total_swap 0
total_pgpgin 670311
total_pgpgout 426230
total_pgfault 241335
total_pgmajfault 500
total_inactive_anon 129298432
total_active_anon 128880640
total_inactive_file 371040256
total_active_file 370532352
total_unevictable 4096
======== END Container STATS ======
java -cp /home/ubuntu/ycsb/mongodb-binding/conf:/home/ubuntu/ycsb/conf:/home/ubuntu/ycsb/lib/jackson-mapper-asl-1.9.4.jar:/home/ubuntu/ycsb/lib/jackson-core-asl-1.9.4.jar:/home/ubuntu/ycsb/lib/htrace-core4-4.1.0-incubating.jar:/home/ubuntu/ycsb/lib/core-0.12.0.jar:/home/ubuntu/ycsb/lib/HdrHistogram-2.1.4.jar:/home/ubuntu/ycsb/mongodb-binding/lib/mongo-java-driver-3.0.3.jar:/home/ubuntu/ycsb/mongodb-binding/lib/logback-core-1.1.2.jar:/home/ubuntu/ycsb/mongodb-binding/lib/mongodb-binding-0.12.0.jar:/home/ubuntu/ycsb/mongodb-binding/lib/logback-classic-1.1.2.jar:/home/ubuntu/ycsb/mongodb-binding/lib/mongodb-async-driver-2.0.1.jar:/home/ubuntu/ycsb/mongodb-binding/lib/slf4j-api-1.6.4.jar com.yahoo.ycsb.Client -db com.yahoo.ycsb.db.MongoDbClient -s -P /home/ubuntu/ycsb/workloads/workload1 -p mongodb.url=mongodb://10.0.3.220:27017/ycsb?w=0 -p maxexecutiontime=600 -t
YCSB Client 0.12.0
Command line: -db com.yahoo.ycsb.db.MongoDbClient -s -P /home/ubuntu/ycsb/workloads/workload1 -p mongodb.url=mongodb://10.0.3.220:27017/ycsb?w=0 -p maxexecutiontime=600 -t
Loading workload...
Starting test.
Maximum execution time specified as: 600 secs
2017-05-30 22:46:50:889 0 sec: 0 operations; est completion in 0 seconds 
mongo client connection created with mongodb://10.0.3.220:27017/ycsb?w=0
DBWrapper: report latency for each error is false and specific error codes to track for latency are: []
2017-05-30 22:47:00:875 10 sec: 1472 operations; 147.19 current ops/sec; est completion in 18 hours 52 minutes [READ: Count=1472, Max=40543, Min=182, Avg=6568.03, 90=14511, 99=20143, 99.9=36895, 99.99=40543] 
2017-05-30 22:47:10:875 20 sec: 2914 operations; 144.2 current ops/sec; est completion in 19 hours 3 minutes [READ: Count=1442, Max=95807, Min=158, Avg=6915.98, 90=14895, 99=23407, 99.9=77823, 99.99=95807] 
2017-05-30 22:47:20:875 30 sec: 4426 operations; 151.22 current ops/sec; est completion in 18 hours 49 minutes [READ: Count=1513, Max=52255, Min=151, Avg=6604.11, 90=14591, 99=23247, 99.9=38815, 99.99=52255] 
2017-05-30 22:47:30:875 40 sec: 5984 operations; 155.78 current ops/sec; est completion in 18 hours 33 minutes [READ: Count=1557, Max=242943, Min=144, Avg=6411.48, 90=14191, 99=18335, 99.9=32639, 99.99=242943] 
2017-05-30 22:47:40:875 50 sec: 7466 operations; 148.21 current ops/sec; est completion in 18 hours 35 minutes [READ: Count=1482, Max=43263, Min=145, Avg=6741.52, 90=14751, 99=20271, 99.9=37791, 99.99=43263] 
2017-05-30 22:47:50:875 60 sec: 9002 operations; 153.58 current ops/sec; est completion in 18 hours 29 minutes [READ: Count=1536, Max=52799, Min=125, Avg=6501.88, 90=14527, 99=20799, 99.9=36607, 99.99=52799] 
2017-05-30 22:48:00:875 70 sec: 10592 operations; 159 current ops/sec; est completion in 18 hours 20 minutes [READ: Count=1592, Max=40319, Min=117, Avg=6279.06, 90=14143, 99=19055, 99.9=34847, 99.99=40319] 
2017-05-30 22:48:10:875 80 sec: 12116 operations; 152.42 current ops/sec; est completion in 18 hours 19 minutes [READ: Count=1522, Max=147327, Min=116, Avg=6558.07, 90=14591, 99=21615, 99.9=37663, 99.99=147327] 
2017-05-30 22:48:20:875 90 sec: 13740 operations; 162.4 current ops/sec; est completion in 18 hours 10 minutes [READ: Count=1624, Max=44959, Min=118, Avg=6152.28, 90=14287, 99=18351, 99.9=29311, 99.99=44959] 
2017-05-30 22:48:30:875 100 sec: 15251 operations; 151.08 current ops/sec; est completion in 18 hours 11 minutes [READ: Count=1511, Max=75327, Min=119, Avg=6611.03, 90=14783, 99=24367, 99.9=57503, 99.99=75327] 
2017-05-30 22:48:40:875 110 sec: 16784 operations; 153.32 current ops/sec; est completion in 18 hours 10 minutes [READ: Count=1533, Max=87359, Min=115, Avg=6525.45, 90=14247, 99=21887, 99.9=38495, 99.99=87359] 
2017-05-30 22:48:50:875 120 sec: 18361 operations; 157.7 current ops/sec; est completion in 18 hours 7 minutes [READ: Count=1577, Max=36863, Min=114, Avg=6335.91, 90=14479, 99=18431, 99.9=28175, 99.99=36863] 
2017-05-30 22:49:00:875 130 sec: 19989 operations; 162.78 current ops/sec; est completion in 18 hours 1 minutes [READ: Count=1628, Max=40607, Min=119, Avg=6137.94, 90=13959, 99=20655, 99.9=38367, 99.99=40607] 
2017-05-30 22:49:10:875 140 sec: 21561 operations; 157.2 current ops/sec; est completion in 17 hours 59 minutes [READ: Count=1572, Max=95551, Min=116, Avg=6359.22, 90=13975, 99=18351, 99.9=80639, 99.99=95551] 
2017-05-30 22:49:20:875 150 sec: 23157 operations; 159.62 current ops/sec; est completion in 17 hours 57 minutes [READ: Count=1596, Max=41279, Min=117, Avg=6260.64, 90=14447, 99=17839, 99.9=29679, 99.99=41279] 
2017-05-30 22:49:30:875 160 sec: 24725 operations; 156.78 current ops/sec; est completion in 17 hours 55 minutes [READ: Count=1568, Max=60927, Min=116, Avg=6372.01, 90=14231, 99=18719, 99.9=55967, 99.99=60927] 
2017-05-30 22:49:40:875 170 sec: 26333 operations; 160.82 current ops/sec; est completion in 17 hours 53 minutes [READ: Count=1608, Max=55007, Min=116, Avg=6216.11, 90=14319, 99=18463, 99.9=38463, 99.99=55007] 
2017-05-30 22:49:50:875 180 sec: 27935 operations; 160.2 current ops/sec; est completion in 17 hours 50 minutes [READ: Count=1602, Max=60063, Min=115, Avg=6229.65, 90=14407, 99=18687, 99.9=27359, 99.99=60063] 
2017-05-30 22:50:00:875 190 sec: 29558 operations; 162.28 current ops/sec; est completion in 17 hours 48 minutes [READ: Count=1623, Max=36543, Min=114, Avg=6159.33, 90=14279, 99=22559, 99.9=34335, 99.99=36543] 
2017-05-30 22:50:10:875 200 sec: 31162 operations; 160.4 current ops/sec; est completion in 17 hours 46 minutes [READ: Count=1604, Max=74687, Min=116, Avg=6233.48, 90=14455, 99=19151, 99.9=47039, 99.99=74687] 
2017-05-30 22:50:20:875 210 sec: 32832 operations; 167.02 current ops/sec; est completion in 17 hours 42 minutes [READ: Count=1670, Max=39263, Min=117, Avg=5981.26, 90=14255, 99=18271, 99.9=29791, 99.99=39263] 
2017-05-30 22:50:30:875 220 sec: 34377 operations; 154.5 current ops/sec; est completion in 17 hours 42 minutes [READ: Count=1545, Max=88191, Min=117, Avg=6470.64, 90=14479, 99=20767, 99.9=47071, 99.99=88191] 
2017-05-30 22:50:40:875 230 sec: 36007 operations; 163 current ops/sec; est completion in 17 hours 40 minutes [READ: Count=1630, Max=38047, Min=116, Avg=6131.35, 90=14383, 99=20815, 99.9=31759, 99.99=38047] 
2017-05-30 22:50:50:875 240 sec: 37614 operations; 160.7 current ops/sec; est completion in 17 hours 39 minutes [READ: Count=1607, Max=43647, Min=119, Avg=6219.34, 90=14063, 99=18191, 99.9=28495, 99.99=43647] 
2017-05-30 22:51:00:875 250 sec: 39225 operations; 161.08 current ops/sec; est completion in 17 hours 38 minutes [READ: Count=1611, Max=39327, Min=114, Avg=6200.78, 90=14479, 99=22527, 99.9=36447, 99.99=39327] 
2017-05-30 22:51:10:875 260 sec: 40817 operations; 159.2 current ops/sec; est completion in 17 hours 37 minutes [READ: Count=1592, Max=142847, Min=118, Avg=6278.57, 90=14559, 99=19359, 99.9=31807, 99.99=142847] 
2017-05-30 22:51:20:875 270 sec: 42486 operations; 166.92 current ops/sec; est completion in 17 hours 34 minutes [READ: Count=1669, Max=40063, Min=119, Avg=5984.35, 90=14007, 99=18495, 99.9=28735, 99.99=40063] 
2017-05-30 22:51:30:875 280 sec: 44059 operations; 157.3 current ops/sec; est completion in 17 hours 34 minutes [READ: Count=1573, Max=61247, Min=119, Avg=6347.25, 90=14295, 99=19839, 99.9=32927, 99.99=61247] 
2017-05-30 22:51:40:875 290 sec: 45703 operations; 164.38 current ops/sec; est completion in 17 hours 32 minutes [READ: Count=1644, Max=95103, Min=117, Avg=6086.5, 90=14191, 99=19487, 99.9=45663, 99.99=95103] 
2017-05-30 22:51:50:875 300 sec: 47286 operations; 158.32 current ops/sec; est completion in 17 hours 32 minutes [READ: Count=1583, Max=63807, Min=119, Avg=6311.07, 90=14911, 99=19711, 99.9=30415, 99.99=63807] 
2017-05-30 22:52:00:875 310 sec: 48928 operations; 164.2 current ops/sec; est completion in 17 hours 30 minutes [READ: Count=1642, Max=43359, Min=113, Avg=6079.65, 90=13991, 99=19247, 99.9=33919, 99.99=43359] 
2017-05-30 22:52:10:875 320 sec: 50570 operations; 164.2 current ops/sec; est completion in 17 hours 29 minutes [READ: Count=1642, Max=66495, Min=117, Avg=6091.54, 90=13807, 99=19839, 99.9=46623, 99.99=66495] 
2017-05-30 22:52:20:875 330 sec: 52200 operations; 163 current ops/sec; est completion in 17 hours 28 minutes [READ: Count=1630, Max=88511, Min=117, Avg=6127.13, 90=14031, 99=19071, 99.9=27951, 99.99=88511] 
2017-05-30 22:52:30:875 340 sec: 53856 operations; 165.6 current ops/sec; est completion in 17 hours 26 minutes [READ: Count=1656, Max=54879, Min=114, Avg=6035.76, 90=14167, 99=19359, 99.9=36031, 99.99=54879] 
2017-05-30 22:52:40:875 350 sec: 55489 operations; 163.3 current ops/sec; est completion in 17 hours 25 minutes [READ: Count=1633, Max=49823, Min=120, Avg=6120.36, 90=14319, 99=20975, 99.9=35423, 99.99=49823] 
2017-05-30 22:52:50:875 360 sec: 57107 operations; 161.8 current ops/sec; est completion in 17 hours 24 minutes [READ: Count=1618, Max=48159, Min=116, Avg=6178.81, 90=14439, 99=18719, 99.9=26959, 99.99=48159] 
2017-05-30 22:53:00:875 370 sec: 58700 operations; 159.3 current ops/sec; est completion in 17 hours 24 minutes [READ: Count=1593, Max=112831, Min=119, Avg=6271.56, 90=14375, 99=19263, 99.9=44415, 99.99=112831] 
2017-05-30 22:53:10:875 380 sec: 60232 operations; 153.2 current ops/sec; est completion in 17 hours 25 minutes [READ: Count=1532, Max=85887, Min=122, Avg=6516.73, 90=14663, 99=21647, 99.9=38975, 99.99=85887] 
2017-05-30 22:53:20:875 390 sec: 61854 operations; 162.2 current ops/sec; est completion in 17 hours 24 minutes [READ: Count=1622, Max=41535, Min=117, Avg=6161.57, 90=14151, 99=19359, 99.9=25071, 99.99=41535] 
2017-05-30 22:53:30:875 400 sec: 63537 operations; 168.3 current ops/sec; est completion in 17 hours 22 minutes [READ: Count=1683, Max=61535, Min=115, Avg=5941.89, 90=14295, 99=19743, 99.9=39903, 99.99=61535] 
2017-05-30 22:53:40:875 410 sec: 65136 operations; 159.9 current ops/sec; est completion in 17 hours 22 minutes [READ: Count=1599, Max=107775, Min=116, Avg=6246.46, 90=14367, 99=20255, 99.9=39423, 99.99=107775] 
2017-05-30 22:53:50:875 420 sec: 66747 operations; 161.1 current ops/sec; est completion in 17 hours 21 minutes [READ: Count=1611, Max=48383, Min=117, Avg=6209.08, 90=14199, 99=19247, 99.9=29423, 99.99=48383] 
2017-05-30 22:54:00:875 430 sec: 68367 operations; 162 current ops/sec; est completion in 17 hours 21 minutes [READ: Count=1620, Max=47519, Min=120, Avg=6166.98, 90=14535, 99=21823, 99.9=45087, 99.99=47519] 
2017-05-30 22:54:10:875 440 sec: 70007 operations; 163.98 current ops/sec; est completion in 17 hours 20 minutes [READ: Count=1640, Max=109567, Min=118, Avg=6094.7, 90=14255, 99=18287, 99.9=38847, 99.99=109567] 
2017-05-30 22:54:20:875 450 sec: 71606 operations; 159.92 current ops/sec; est completion in 17 hours 19 minutes [READ: Count=1599, Max=64767, Min=118, Avg=6250.25, 90=14423, 99=20687, 99.9=38751, 99.99=64767] 
2017-05-30 22:54:30:875 460 sec: 73253 operations; 164.7 current ops/sec; est completion in 17 hours 18 minutes [READ: Count=1647, Max=62271, Min=118, Avg=6067.63, 90=14127, 99=19807, 99.9=32799, 99.99=62271] 
2017-05-30 22:54:40:875 470 sec: 74951 operations; 169.8 current ops/sec; est completion in 17 hours 17 minutes [READ: Count=1698, Max=61887, Min=117, Avg=5884.96, 90=13831, 99=20447, 99.9=32703, 99.99=61887] 
2017-05-30 22:54:50:875 480 sec: 76560 operations; 160.9 current ops/sec; est completion in 17 hours 16 minutes [READ: Count=1609, Max=85119, Min=119, Avg=6216.68, 90=14455, 99=19711, 99.9=23743, 99.99=85119] 
2017-05-30 22:55:00:875 490 sec: 78198 operations; 163.8 current ops/sec; est completion in 17 hours 16 minutes [READ: Count=1638, Max=47167, Min=117, Avg=6101.1, 90=14255, 99=19103, 99.9=38271, 99.99=47167] 
2017-05-30 22:55:10:875 500 sec: 79760 operations; 156.2 current ops/sec; est completion in 17 hours 16 minutes [READ: Count=1562, Max=60959, Min=115, Avg=6399.73, 90=14535, 99=19535, 99.9=35455, 99.99=60959] 
2017-05-30 22:55:20:875 510 sec: 81405 operations; 164.5 current ops/sec; est completion in 17 hours 15 minutes [READ: Count=1645, Max=50303, Min=112, Avg=6075.78, 90=13935, 99=21039, 99.9=31199, 99.99=50303] 
2017-05-30 22:55:30:875 520 sec: 83061 operations; 165.6 current ops/sec; est completion in 17 hours 14 minutes [READ: Count=1656, Max=124863, Min=119, Avg=6033.2, 90=14375, 99=18655, 99.9=28127, 99.99=124863] 
2017-05-30 22:55:40:875 530 sec: 84736 operations; 167.5 current ops/sec; est completion in 17 hours 13 minutes [READ: Count=1675, Max=96703, Min=114, Avg=5969.27, 90=13983, 99=19279, 99.9=35039, 99.99=96703] 
2017-05-30 22:55:50:875 540 sec: 86396 operations; 166 current ops/sec; est completion in 17 hours 12 minutes [READ: Count=1660, Max=57791, Min=116, Avg=6019.09, 90=14199, 99=19983, 99.9=29471, 99.99=57791] 
2017-05-30 22:56:00:876 550 sec: 88018 operations; 162.17 current ops/sec; est completion in 17 hours 12 minutes [READ: Count=1622, Max=51455, Min=115, Avg=6162.73, 90=14167, 99=19407, 99.9=46111, 99.99=51455] 
2017-05-30 22:56:10:875 560 sec: 89610 operations; 159.23 current ops/sec; est completion in 17 hours 12 minutes [READ: Count=1592, Max=127423, Min=113, Avg=6270.67, 90=14375, 99=19663, 99.9=30271, 99.99=127423] 
2017-05-30 22:56:20:875 570 sec: 91242 operations; 163.18 current ops/sec; est completion in 17 hours 11 minutes [READ: Count=1632, Max=43135, Min=115, Avg=6129.76, 90=14551, 99=20671, 99.9=32447, 99.99=43135] 
2017-05-30 22:56:30:875 580 sec: 92773 operations; 153.12 current ops/sec; est completion in 17 hours 12 minutes [READ: Count=1531, Max=54527, Min=118, Avg=6530.92, 90=14919, 99=21103, 99.9=39871, 99.99=54527] 
2017-05-30 22:56:40:875 590 sec: 94349 operations; 157.6 current ops/sec; est completion in 17 hours 12 minutes [READ: Count=1576, Max=105727, Min=113, Avg=6340.88, 90=14327, 99=22431, 99.9=56895, 99.99=105727] 
Maximum time elapsed. Requesting stop for the workload.
Stop requested for workload. Now Joining!
2017-05-30 22:56:50:875 600 sec: 95973 operations; 162.4 current ops/sec; est completion in 17 hours 11 minutes [READ: Count=1624, Max=66623, Min=113, Avg=6154.39, 90=14359, 99=18335, 99.9=37151, 99.99=66623] 
2017-05-30 22:56:50:878 600 sec: 95974 operations; 250 current ops/sec; est completion in 17 hours 11 minutes [READ: Count=1, Max=5571, Min=5568, Avg=5570, 90=5571, 99=5571, 99.9=5571, 99.99=5571] [CLEANUP: Count=1, Max=1453, Min=1453, Avg=1453, 90=1453, 99=1453, 99.9=1453, 99.99=1453] 
[OVERALL], RunTime(ms), 600006.0
[OVERALL], Throughput(ops/sec), 159.95506711599552
[TOTAL_GCS_PS_Scavenge], Count, 85.0
[TOTAL_GC_TIME_PS_Scavenge], Time(ms), 260.0
[TOTAL_GC_TIME_%_PS_Scavenge], Time(%), 0.04333290000433329
[TOTAL_GCS_PS_MarkSweep], Count, 0.0
[TOTAL_GC_TIME_PS_MarkSweep], Time(ms), 0.0
[TOTAL_GC_TIME_%_PS_MarkSweep], Time(%), 0.0
[TOTAL_GCs], Count, 85.0
[TOTAL_GC_TIME], Time(ms), 260.0
[TOTAL_GC_TIME_%], Time(%), 0.04333290000433329
[READ], Operations, 95974.0
[READ], AverageLatency(us), 6243.840519307312
[READ], MinLatency(us), 112.0
[READ], MaxLatency(us), 242943.0
[READ], 95thPercentileLatency(us), 15807.0
[READ], 99thPercentileLatency(us), 20127.0
[READ], Return=OK, 95974
[CLEANUP], Operations, 1.0
[CLEANUP], AverageLatency(us), 1453.0
[CLEANUP], MinLatency(us), 1453.0
[CLEANUP], MaxLatency(us), 1453.0
[CLEANUP], 95thPercentileLatency(us), 1453.0
[CLEANUP], 99thPercentileLatency(us), 1453.0
========== STOP: Container 1 Memory STATS ==============
cache 740597760
rss 259215360
rss_huge 0
mapped_file 4558848
writeback 0
swap 0
pgpgin 1221321
pgpgout 977226
pgfault 245033
pgmajfault 526
inactive_anon 129781760
active_anon 129503232
inactive_file 370429952
active_file 370094080
unevictable 4096
hierarchical_memory_limit 999997440
hierarchical_memsw_limit 9223372036854771712
total_cache 740597760
total_rss 259215360
total_rss_huge 0
total_mapped_file 4558848
total_writeback 0
total_swap 0
total_pgpgin 1221321
total_pgpgout 977226
total_pgfault 245033
total_pgmajfault 526
total_inactive_anon 129781760
total_active_anon 129503232
total_inactive_file 370429952
total_active_file 370094080
total_unevictable 4096
======== END Container STATS ======
