========== START: Container mongo Memory STATS ==============
cache 62935040
rss 37982208
rss_huge 0
mapped_file 36917248
writeback 0
swap 0
pgpgin 120920
pgpgout 96282
pgfault 183492
pgmajfault 487
inactive_anon 49152
active_anon 38010880
inactive_file 47837184
active_file 15015936
unevictable 4096
hierarchical_memory_limit 9223372036854771712
hierarchical_memsw_limit 9223372036854771712
total_cache 62935040
total_rss 37982208
total_rss_huge 0
total_mapped_file 36917248
total_writeback 0
total_swap 0
total_pgpgin 120920
total_pgpgout 96282
total_pgfault 183492
total_pgmajfault 487
total_inactive_anon 49152
total_active_anon 38010880
total_inactive_file 47837184
total_active_file 15015936
total_unevictable 4096
======== END Container STATS ======
java -cp /home/ubuntu/ycsb/mongodb-binding/conf:/home/ubuntu/ycsb/conf:/home/ubuntu/ycsb/lib/jackson-mapper-asl-1.9.4.jar:/home/ubuntu/ycsb/lib/jackson-core-asl-1.9.4.jar:/home/ubuntu/ycsb/lib/htrace-core4-4.1.0-incubating.jar:/home/ubuntu/ycsb/lib/core-0.12.0.jar:/home/ubuntu/ycsb/lib/HdrHistogram-2.1.4.jar:/home/ubuntu/ycsb/mongodb-binding/lib/mongo-java-driver-3.0.3.jar:/home/ubuntu/ycsb/mongodb-binding/lib/logback-core-1.1.2.jar:/home/ubuntu/ycsb/mongodb-binding/lib/mongodb-binding-0.12.0.jar:/home/ubuntu/ycsb/mongodb-binding/lib/logback-classic-1.1.2.jar:/home/ubuntu/ycsb/mongodb-binding/lib/mongodb-async-driver-2.0.1.jar:/home/ubuntu/ycsb/mongodb-binding/lib/slf4j-api-1.6.4.jar com.yahoo.ycsb.Client -db com.yahoo.ycsb.db.MongoDbClient -s -P /home/ubuntu/ycsb/workloads/workload1 -p mongodb.url=mongodb://10.0.3.220:27017/ycsb?w=0 -p maxexecutiontime=600 -t
YCSB Client 0.12.0
Command line: -db com.yahoo.ycsb.db.MongoDbClient -s -P /home/ubuntu/ycsb/workloads/workload1 -p mongodb.url=mongodb://10.0.3.220:27017/ycsb?w=0 -p maxexecutiontime=600 -t
Loading workload...
Starting test.
Maximum execution time specified as: 600 secs
2017-05-31 00:01:41:994 0 sec: 0 operations; est completion in 0 seconds 
mongo client connection created with mongodb://10.0.3.220:27017/ycsb?w=0
DBWrapper: report latency for each error is false and specific error codes to track for latency are: []
2017-05-31 00:01:51:842 10 sec: 530 operations; 53 current ops/sec; est completion in 2 days 4 hours [READ: Count=531, Max=126527, Min=1661, Avg=17058.78, 90=27103, 99=39903, 99.9=62367, 99.99=126527] 
2017-05-31 00:02:01:842 20 sec: 1223 operations; 69.3 current ops/sec; est completion in 1 days 21 hours [READ: Count=692, Max=333055, Min=253, Avg=14349.28, 90=23599, 99=33631, 99.9=86591, 99.99=333055] 
2017-05-31 00:02:11:842 30 sec: 2077 operations; 85.4 current ops/sec; est completion in 1 days 16 hours [READ: Count=854, Max=94911, Min=208, Avg=11681.7, 90=19231, 99=28623, 99.9=40127, 99.99=94911] 
2017-05-31 00:02:21:842 40 sec: 3005 operations; 92.8 current ops/sec; est completion in 1 days 12 hours [READ: Count=928, Max=88447, Min=176, Avg=10782.31, 90=15879, 99=29391, 99.9=88319, 99.99=88447] 
2017-05-31 00:02:31:842 50 sec: 4027 operations; 102.2 current ops/sec; est completion in 1 days 10 hours [READ: Count=1022, Max=35903, Min=165, Avg=9765.23, 90=15359, 99=23695, 99.9=34719, 99.99=35903] 
2017-05-31 00:02:41:842 60 sec: 5015 operations; 98.8 current ops/sec; est completion in 1 days 9 hours [READ: Count=988, Max=183423, Min=162, Avg=10108.36, 90=15407, 99=28063, 99.9=61055, 99.99=183423] 
2017-05-31 00:02:51:842 70 sec: 6078 operations; 106.3 current ops/sec; est completion in 1 days 7 hours [READ: Count=1063, Max=67711, Min=143, Avg=9394.61, 90=14815, 99=16783, 99.9=55583, 99.99=67711] 
2017-05-31 00:03:01:842 80 sec: 7171 operations; 109.3 current ops/sec; est completion in 1 days 6 hours [READ: Count=1093, Max=65247, Min=135, Avg=9142.92, 90=14871, 99=17167, 99.9=58751, 99.99=65247] 
2017-05-31 00:03:11:842 90 sec: 8256 operations; 108.5 current ops/sec; est completion in 1 days 6 hours [READ: Count=1085, Max=48063, Min=127, Avg=9213.08, 90=14983, 99=17055, 99.9=37791, 99.99=48063] 
2017-05-31 00:03:21:842 100 sec: 9322 operations; 106.6 current ops/sec; est completion in 1 days 5 hours [READ: Count=1066, Max=163839, Min=126, Avg=9373.58, 90=15039, 99=16815, 99.9=40383, 99.99=163839] 
2017-05-31 00:03:31:842 110 sec: 10433 operations; 111.1 current ops/sec; est completion in 1 days 5 hours [READ: Count=1111, Max=43807, Min=147, Avg=8989.12, 90=15135, 99=18095, 99.9=41247, 99.99=43807] 
2017-05-31 00:03:41:842 120 sec: 11538 operations; 110.5 current ops/sec; est completion in 1 days 4 hours [READ: Count=1105, Max=61887, Min=130, Avg=9041.81, 90=15119, 99=21519, 99.9=46783, 99.99=61887] 
2017-05-31 00:03:51:842 130 sec: 12720 operations; 118.2 current ops/sec; est completion in 1 days 4 hours [READ: Count=1182, Max=41663, Min=122, Avg=8465.36, 90=14647, 99=16591, 99.9=33727, 99.99=41663] 
2017-05-31 00:04:01:842 140 sec: 13876 operations; 115.6 current ops/sec; est completion in 1 days 3 hours [READ: Count=1156, Max=171391, Min=122, Avg=8637.01, 90=15071, 99=19471, 99.9=54623, 99.99=171391] 
2017-05-31 00:04:11:842 150 sec: 15036 operations; 116 current ops/sec; est completion in 1 days 3 hours [READ: Count=1160, Max=48191, Min=122, Avg=8617.25, 90=15239, 99=17695, 99.9=41119, 99.99=48191] 
2017-05-31 00:04:21:842 160 sec: 16189 operations; 115.3 current ops/sec; est completion in 1 days 3 hours [READ: Count=1153, Max=60159, Min=123, Avg=8666.71, 90=14959, 99=16671, 99.9=42879, 99.99=60159] 
2017-05-31 00:04:31:842 170 sec: 17369 operations; 118 current ops/sec; est completion in 1 days 3 hours [READ: Count=1180, Max=129471, Min=124, Avg=8475.38, 90=14903, 99=16799, 99.9=36063, 99.99=129471] 
2017-05-31 00:04:41:842 180 sec: 18615 operations; 124.6 current ops/sec; est completion in 1 days 2 hours [READ: Count=1246, Max=54143, Min=122, Avg=8022.2, 90=14727, 99=18511, 99.9=38015, 99.99=54143] 
2017-05-31 00:04:51:842 190 sec: 19870 operations; 125.5 current ops/sec; est completion in 1 days 2 hours [READ: Count=1255, Max=49663, Min=123, Avg=7952.43, 90=15007, 99=19615, 99.9=39615, 99.99=49663] 
2017-05-31 00:05:01:842 200 sec: 21092 operations; 122.2 current ops/sec; est completion in 1 days 2 hours [READ: Count=1222, Max=57983, Min=120, Avg=8189.38, 90=14855, 99=19215, 99.9=56863, 99.99=57983] 
2017-05-31 00:05:11:842 210 sec: 22428 operations; 133.6 current ops/sec; est completion in 1 days 1 hours [READ: Count=1336, Max=107263, Min=120, Avg=7476.85, 90=14615, 99=16767, 99.9=26591, 99.99=107263] 
2017-05-31 00:05:21:842 220 sec: 23694 operations; 126.6 current ops/sec; est completion in 1 days 1 hours [READ: Count=1266, Max=49407, Min=123, Avg=7895.98, 90=15047, 99=17695, 99.9=35711, 99.99=49407] 
2017-05-31 00:05:31:842 230 sec: 24995 operations; 130.1 current ops/sec; est completion in 1 days 1 hours [READ: Count=1301, Max=91263, Min=121, Avg=7675.42, 90=14823, 99=17375, 99.9=40799, 99.99=91263] 
2017-05-31 00:05:41:842 240 sec: 26335 operations; 134 current ops/sec; est completion in 1 days 1 hours [READ: Count=1340, Max=110271, Min=120, Avg=7464.95, 90=14927, 99=16879, 99.9=73023, 99.99=110271] 
2017-05-31 00:05:51:842 250 sec: 27697 operations; 136.2 current ops/sec; est completion in 1 days 1 hours [READ: Count=1362, Max=55231, Min=119, Avg=7333.05, 90=14375, 99=17967, 99.9=40255, 99.99=55231] 
2017-05-31 00:06:01:842 260 sec: 29124 operations; 142.7 current ops/sec; est completion in 1 days [READ: Count=1427, Max=60991, Min=117, Avg=7003.65, 90=14775, 99=19583, 99.9=39967, 99.99=60991] 
2017-05-31 00:06:11:842 270 sec: 30518 operations; 139.4 current ops/sec; est completion in 1 days [READ: Count=1394, Max=65919, Min=116, Avg=7163.73, 90=14631, 99=17743, 99.9=36639, 99.99=65919] 
2017-05-31 00:06:21:842 280 sec: 31944 operations; 142.6 current ops/sec; est completion in 1 days [READ: Count=1426, Max=76863, Min=119, Avg=7016.01, 90=14359, 99=18895, 99.9=48543, 99.99=76863] 
2017-05-31 00:06:31:842 290 sec: 33437 operations; 149.3 current ops/sec; est completion in 1 days [READ: Count=1493, Max=50271, Min=114, Avg=6692.76, 90=14343, 99=20511, 99.9=40383, 99.99=50271] 
2017-05-31 00:06:41:842 300 sec: 34965 operations; 152.8 current ops/sec; est completion in 23 hours 45 minutes [READ: Count=1528, Max=34591, Min=118, Avg=6539.38, 90=14479, 99=21119, 99.9=28239, 99.99=34591] 
2017-05-31 00:06:51:842 310 sec: 36447 operations; 148.2 current ops/sec; est completion in 23 hours 32 minutes [READ: Count=1482, Max=91327, Min=122, Avg=6744.48, 90=14327, 99=19711, 99.9=43423, 99.99=91327] 
2017-05-31 00:07:01:842 320 sec: 37991 operations; 154.4 current ops/sec; est completion in 23 hours 18 minutes [READ: Count=1544, Max=56479, Min=119, Avg=6468.94, 90=14335, 99=20063, 99.9=33663, 99.99=56479] 
2017-05-31 00:07:11:842 330 sec: 39613 operations; 162.2 current ops/sec; est completion in 23 hours 2 minutes [READ: Count=1622, Max=48607, Min=118, Avg=6160.85, 90=14311, 99=19151, 99.9=28703, 99.99=48607] 
2017-05-31 00:07:21:842 340 sec: 41248 operations; 163.5 current ops/sec; est completion in 22 hours 48 minutes [READ: Count=1635, Max=51391, Min=116, Avg=6110.5, 90=14143, 99=19871, 99.9=36799, 99.99=51391] 
2017-05-31 00:07:31:842 350 sec: 42815 operations; 156.7 current ops/sec; est completion in 22 hours 36 minutes [READ: Count=1567, Max=42815, Min=116, Avg=6378.16, 90=14039, 99=18543, 99.9=27551, 99.99=42815] 
2017-05-31 00:07:41:842 360 sec: 44428 operations; 161.3 current ops/sec; est completion in 22 hours 24 minutes [READ: Count=1613, Max=121983, Min=116, Avg=6195.96, 90=14439, 99=22895, 99.9=35359, 99.99=121983] 
2017-05-31 00:07:51:842 370 sec: 46143 operations; 171.5 current ops/sec; est completion in 22 hours 10 minutes [READ: Count=1715, Max=31999, Min=116, Avg=5828.04, 90=13663, 99=17295, 99.9=31791, 99.99=31999] 
2017-05-31 00:08:01:842 380 sec: 47848 operations; 170.5 current ops/sec; est completion in 21 hours 57 minutes [READ: Count=1705, Max=62879, Min=120, Avg=5861.77, 90=14103, 99=19743, 99.9=34623, 99.99=62879] 
2017-05-31 00:08:11:842 390 sec: 49626 operations; 177.8 current ops/sec; est completion in 21 hours 43 minutes [READ: Count=1778, Max=33279, Min=114, Avg=5619.44, 90=13983, 99=18751, 99.9=31583, 99.99=33279] 
2017-05-31 00:08:21:844 400 sec: 51355 operations; 172.88 current ops/sec; est completion in 21 hours 31 minutes [READ: Count=1729, Max=116223, Min=118, Avg=5779.09, 90=14095, 99=19583, 99.9=44991, 99.99=116223] 
2017-05-31 00:08:31:842 410 sec: 53164 operations; 180.92 current ops/sec; est completion in 21 hours 18 minutes [READ: Count=1809, Max=37951, Min=117, Avg=5517.94, 90=14023, 99=18351, 99.9=25775, 99.99=37951] 
2017-05-31 00:08:41:842 420 sec: 54952 operations; 178.8 current ops/sec; est completion in 21 hours 6 minutes [READ: Count=1788, Max=38783, Min=117, Avg=5591.54, 90=13839, 99=19759, 99.9=34239, 99.99=38783] 
2017-05-31 00:08:51:842 430 sec: 56732 operations; 178 current ops/sec; est completion in 20 hours 56 minutes [READ: Count=1780, Max=106111, Min=118, Avg=5600.71, 90=13711, 99=20031, 99.9=29823, 99.99=106111] 
2017-05-31 00:09:01:842 440 sec: 58656 operations; 192.4 current ops/sec; est completion in 20 hours 42 minutes [READ: Count=1924, Max=54943, Min=116, Avg=5206, 90=13663, 99=18559, 99.9=42143, 99.99=54943] 
2017-05-31 00:09:11:842 450 sec: 60640 operations; 198.4 current ops/sec; est completion in 20 hours 29 minutes [READ: Count=1984, Max=40127, Min=118, Avg=5036.11, 90=13271, 99=18015, 99.9=28063, 99.99=40127] 
2017-05-31 00:09:21:842 460 sec: 62620 operations; 198 current ops/sec; est completion in 20 hours 16 minutes [READ: Count=1980, Max=55359, Min=115, Avg=5044.15, 90=13471, 99=18671, 99.9=48191, 99.99=55359] 
2017-05-31 00:09:31:842 470 sec: 64538 operations; 191.8 current ops/sec; est completion in 20 hours 5 minutes [READ: Count=1918, Max=106623, Min=115, Avg=5214.69, 90=13215, 99=18175, 99.9=44255, 99.99=106623] 
2017-05-31 00:09:41:842 480 sec: 66584 operations; 204.6 current ops/sec; est completion in 19 hours 53 minutes [READ: Count=2046, Max=67135, Min=114, Avg=4880.9, 90=13319, 99=19215, 99.9=34879, 99.99=67135] 
2017-05-31 00:09:51:842 490 sec: 68552 operations; 196.8 current ops/sec; est completion in 19 hours 43 minutes [READ: Count=1968, Max=67007, Min=118, Avg=5083.52, 90=13071, 99=18431, 99.9=35935, 99.99=67007] 
2017-05-31 00:10:01:842 500 sec: 70619 operations; 206.7 current ops/sec; est completion in 19 hours 31 minutes [READ: Count=2067, Max=57407, Min=115, Avg=4828.76, 90=13175, 99=19471, 99.9=26255, 99.99=57407] 
2017-05-31 00:10:11:842 510 sec: 72888 operations; 226.9 current ops/sec; est completion in 19 hours 17 minutes [READ: Count=2269, Max=40671, Min=114, Avg=4409.55, 90=12495, 99=17775, 99.9=30687, 99.99=40671] 
2017-05-31 00:10:21:842 520 sec: 75007 operations; 211.9 current ops/sec; est completion in 19 hours 6 minutes [READ: Count=2119, Max=134783, Min=115, Avg=4716.03, 90=13215, 99=18687, 99.9=35487, 99.99=134783] 
2017-05-31 00:10:31:842 530 sec: 77167 operations; 216 current ops/sec; est completion in 18 hours 55 minutes [READ: Count=2160, Max=39839, Min=117, Avg=4623.09, 90=12823, 99=17711, 99.9=31919, 99.99=39839] 
2017-05-31 00:10:41:842 540 sec: 79346 operations; 217.9 current ops/sec; est completion in 18 hours 45 minutes [READ: Count=2179, Max=39231, Min=114, Avg=4589.87, 90=13055, 99=18031, 99.9=24463, 99.99=39231] 
2017-05-31 00:10:51:842 550 sec: 81437 operations; 209.1 current ops/sec; est completion in 18 hours 36 minutes [READ: Count=2091, Max=38655, Min=114, Avg=4772.99, 90=13351, 99=20255, 99.9=35839, 99.99=38655] 
2017-05-31 00:11:01:842 560 sec: 83534 operations; 209.7 current ops/sec; est completion in 18 hours 27 minutes [READ: Count=2097, Max=64127, Min=116, Avg=4772.69, 90=13023, 99=19055, 99.9=51871, 99.99=64127] 
2017-05-31 00:11:11:842 570 sec: 85686 operations; 215.2 current ops/sec; est completion in 18 hours 19 minutes [READ: Count=2152, Max=45599, Min=117, Avg=4643.54, 90=13135, 99=19039, 99.9=29983, 99.99=45599] 
2017-05-31 00:11:21:842 580 sec: 87895 operations; 220.9 current ops/sec; est completion in 18 hours 10 minutes [READ: Count=2209, Max=36031, Min=114, Avg=4518.18, 90=12831, 99=20655, 99.9=34399, 99.99=36031] 
2017-05-31 00:11:31:842 590 sec: 90073 operations; 217.8 current ops/sec; est completion in 18 hours 1 minutes [READ: Count=2178, Max=96127, Min=115, Avg=4583.1, 90=13087, 99=19599, 99.9=44479, 99.99=96127] 
Maximum time elapsed. Requesting stop for the workload.
Stop requested for workload. Now Joining!
2017-05-31 00:11:41:842 600 sec: 92265 operations; 219.2 current ops/sec; est completion in 17 hours 53 minutes [READ: Count=2192, Max=62143, Min=116, Avg=4565.06, 90=12959, 99=18527, 99.9=35935, 99.99=62143] 
2017-05-31 00:11:41:848 600 sec: 92266 operations; 166.67 current ops/sec; est completion in 17 hours 53 minutes [READ: Count=1, Max=15943, Min=15936, Avg=15940, 90=15943, 99=15943, 99.9=15943, 99.99=15943] [CLEANUP: Count=1, Max=1477, Min=1477, Avg=1477, 90=1477, 99=1477, 99.9=1477, 99.99=1477] 
[OVERALL], RunTime(ms), 600008.0
[OVERALL], Throughput(ops/sec), 153.77461633844882
[TOTAL_GCS_PS_Scavenge], Count, 81.0
[TOTAL_GC_TIME_PS_Scavenge], Time(ms), 342.0
[TOTAL_GC_TIME_%_PS_Scavenge], Time(%), 0.0569992400101332
[TOTAL_GCS_PS_MarkSweep], Count, 0.0
[TOTAL_GC_TIME_PS_MarkSweep], Time(ms), 0.0
[TOTAL_GC_TIME_%_PS_MarkSweep], Time(%), 0.0
[TOTAL_GCs], Count, 81.0
[TOTAL_GC_TIME], Time(ms), 342.0
[TOTAL_GC_TIME_%], Time(%), 0.0569992400101332
[READ], Operations, 92266.0
[READ], AverageLatency(us), 6487.515227711183
[READ], MinLatency(us), 114.0
[READ], MaxLatency(us), 333055.0
[READ], 95thPercentileLatency(us), 15871.0
[READ], 99thPercentileLatency(us), 21247.0
[READ], Return=OK, 92266
[CLEANUP], Operations, 1.0
[CLEANUP], AverageLatency(us), 1477.0
[CLEANUP], MinLatency(us), 1477.0
[CLEANUP], MaxLatency(us), 1477.0
[CLEANUP], 95thPercentileLatency(us), 1477.0
[CLEANUP], 99thPercentileLatency(us), 1477.0
========== STOP: Container mongo Memory STATS ==============
cache 741838848
rss 258142208
rss_huge 0
mapped_file 26849280
writeback 0
swap 0
pgpgin 736212
pgpgout 492076
pgfault 242493
pgmajfault 512
inactive_anon 129511424
active_anon 128700416
inactive_file 370970624
active_file 370794496
unevictable 4096
hierarchical_memory_limit 999997440
hierarchical_memsw_limit 9223372036854771712
total_cache 741838848
total_rss 258142208
total_rss_huge 0
total_mapped_file 26849280
total_writeback 0
total_swap 0
total_pgpgin 736212
total_pgpgout 492076
total_pgfault 242493
total_pgmajfault 512
total_inactive_anon 129511424
total_active_anon 128700416
total_inactive_file 370970624
total_active_file 370794496
total_unevictable 4096
======== END Container STATS ======
