========== START: Container 1 Memory STATS ==============
cache 741089280
rss 257744896
rss_huge 0
mapped_file 37392384
writeback 0
swap 0
pgpgin 705141
pgpgout 461285
pgfault 248597
pgmajfault 537
inactive_anon 129720320
active_anon 128094208
inactive_file 370384896
active_file 370630656
unevictable 4096
hierarchical_memory_limit 999997440
hierarchical_memsw_limit 9223372036854771712
total_cache 741089280
total_rss 257744896
total_rss_huge 0
total_mapped_file 37392384
total_writeback 0
total_swap 0
total_pgpgin 705141
total_pgpgout 461285
total_pgfault 248597
total_pgmajfault 537
total_inactive_anon 129720320
total_active_anon 128094208
total_inactive_file 370384896
total_active_file 370630656
total_unevictable 4096
======== END Container STATS ======
java -cp /home/ubuntu/ycsb/mongodb-binding/conf:/home/ubuntu/ycsb/conf:/home/ubuntu/ycsb/lib/jackson-mapper-asl-1.9.4.jar:/home/ubuntu/ycsb/lib/jackson-core-asl-1.9.4.jar:/home/ubuntu/ycsb/lib/htrace-core4-4.1.0-incubating.jar:/home/ubuntu/ycsb/lib/core-0.12.0.jar:/home/ubuntu/ycsb/lib/HdrHistogram-2.1.4.jar:/home/ubuntu/ycsb/mongodb-binding/lib/mongo-java-driver-3.0.3.jar:/home/ubuntu/ycsb/mongodb-binding/lib/logback-core-1.1.2.jar:/home/ubuntu/ycsb/mongodb-binding/lib/mongodb-binding-0.12.0.jar:/home/ubuntu/ycsb/mongodb-binding/lib/logback-classic-1.1.2.jar:/home/ubuntu/ycsb/mongodb-binding/lib/mongodb-async-driver-2.0.1.jar:/home/ubuntu/ycsb/mongodb-binding/lib/slf4j-api-1.6.4.jar com.yahoo.ycsb.Client -db com.yahoo.ycsb.db.MongoDbClient -s -P /home/ubuntu/ycsb/workloads/workload1 -p mongodb.url=mongodb://10.0.3.220:27017/ycsb?w=0 -p maxexecutiontime=600 -t
YCSB Client 0.12.0
Command line: -db com.yahoo.ycsb.db.MongoDbClient -s -P /home/ubuntu/ycsb/workloads/workload1 -p mongodb.url=mongodb://10.0.3.220:27017/ycsb?w=0 -p maxexecutiontime=600 -t
Loading workload...
Starting test.
Maximum execution time specified as: 600 secs
2017-05-30 23:47:39:511 0 sec: 0 operations; est completion in 0 seconds 
mongo client connection created with mongodb://10.0.3.220:27017/ycsb?w=0
DBWrapper: report latency for each error is false and specific error codes to track for latency are: []
2017-05-30 23:47:49:498 10 sec: 1700 operations; 170 current ops/sec; est completion in 16 hours 20 minutes [READ: Count=1700, Max=56351, Min=168, Avg=5672.53, 90=14351, 99=19695, 99.9=43039, 99.99=56351] 
2017-05-30 23:47:59:497 20 sec: 3505 operations; 180.5 current ops/sec; est completion in 15 hours 50 minutes [READ: Count=1805, Max=40255, Min=153, Avg=5538.27, 90=13983, 99=20495, 99.9=37183, 99.99=40255] 
2017-05-30 23:48:09:497 30 sec: 5215 operations; 171 current ops/sec; est completion in 15 hours 58 minutes [READ: Count=1710, Max=127359, Min=152, Avg=5830.7, 90=14079, 99=20895, 99.9=32463, 99.99=127359] 
2017-05-30 23:48:19:498 40 sec: 6989 operations; 177.4 current ops/sec; est completion in 15 hours 53 minutes [READ: Count=1774, Max=88831, Min=141, Avg=5611.17, 90=14143, 99=19247, 99.9=36127, 99.99=88831] 
2017-05-30 23:48:29:498 50 sec: 8817 operations; 182.78 current ops/sec; est completion in 15 hours 44 minutes [READ: Count=1828, Max=46847, Min=129, Avg=5467.46, 90=13687, 99=20175, 99.9=33823, 99.99=46847] 
2017-05-30 23:48:39:498 60 sec: 10688 operations; 187.12 current ops/sec; est completion in 15 hours 34 minutes [READ: Count=1871, Max=32831, Min=118, Avg=5340.15, 90=13503, 99=19375, 99.9=30543, 99.99=32831] 
2017-05-30 23:48:49:498 70 sec: 12499 operations; 181.1 current ops/sec; est completion in 15 hours 32 minutes [READ: Count=1811, Max=141055, Min=115, Avg=5511.45, 90=13647, 99=20879, 99.9=32831, 99.99=141055] 
2017-05-30 23:48:59:497 80 sec: 14358 operations; 185.9 current ops/sec; est completion in 15 hours 27 minutes [READ: Count=1859, Max=40927, Min=114, Avg=5380.65, 90=13463, 99=18399, 99.9=33055, 99.99=40927] 
2017-05-30 23:49:09:498 90 sec: 16248 operations; 189 current ops/sec; est completion in 15 hours 21 minutes [READ: Count=1890, Max=79743, Min=115, Avg=5285.07, 90=13447, 99=18639, 99.9=26239, 99.99=79743] 
2017-05-30 23:49:19:498 100 sec: 18066 operations; 181.8 current ops/sec; est completion in 15 hours 20 minutes [READ: Count=1818, Max=34367, Min=114, Avg=5499.97, 90=13703, 99=20351, 99.9=33791, 99.99=34367] 
2017-05-30 23:49:29:497 110 sec: 19915 operations; 184.9 current ops/sec; est completion in 15 hours 18 minutes [READ: Count=1849, Max=36415, Min=116, Avg=5401.86, 90=13639, 99=17295, 99.9=33503, 99.99=36415] 
2017-05-30 23:49:39:497 120 sec: 21731 operations; 181.6 current ops/sec; est completion in 15 hours 18 minutes [READ: Count=1816, Max=43679, Min=116, Avg=5502.45, 90=14079, 99=19215, 99.9=32383, 99.99=43679] 
2017-05-30 23:49:49:497 130 sec: 23502 operations; 177.1 current ops/sec; est completion in 15 hours 19 minutes [READ: Count=1771, Max=97087, Min=115, Avg=5644.5, 90=13839, 99=21615, 99.9=39071, 99.99=97087] 
2017-05-30 23:49:59:497 140 sec: 25323 operations; 182.1 current ops/sec; est completion in 15 hours 19 minutes [READ: Count=1821, Max=56991, Min=114, Avg=5486.74, 90=14231, 99=20703, 99.9=26991, 99.99=56991] 
2017-05-30 23:50:09:498 150 sec: 27114 operations; 179.1 current ops/sec; est completion in 15 hours 19 minutes [READ: Count=1791, Max=51583, Min=115, Avg=5580.34, 90=13679, 99=18511, 99.9=36159, 99.99=51583] 
2017-05-30 23:50:19:497 160 sec: 28913 operations; 179.9 current ops/sec; est completion in 15 hours 19 minutes [READ: Count=1799, Max=57951, Min=119, Avg=5552.65, 90=14175, 99=20639, 99.9=29583, 99.99=57951] 
2017-05-30 23:50:29:497 170 sec: 30766 operations; 185.3 current ops/sec; est completion in 15 hours 18 minutes [READ: Count=1853, Max=36671, Min=117, Avg=5392.21, 90=13783, 99=19663, 99.9=32863, 99.99=36671] 
2017-05-30 23:50:39:497 180 sec: 32624 operations; 185.8 current ops/sec; est completion in 15 hours 16 minutes [READ: Count=1858, Max=45983, Min=114, Avg=5377.29, 90=13647, 99=19487, 99.9=31455, 99.99=45983] 
2017-05-30 23:50:49:497 190 sec: 34502 operations; 187.8 current ops/sec; est completion in 15 hours 14 minutes [READ: Count=1878, Max=61023, Min=119, Avg=5321.84, 90=13799, 99=17199, 99.9=26319, 99.99=61023] 
2017-05-30 23:50:59:497 200 sec: 36250 operations; 174.8 current ops/sec; est completion in 15 hours 16 minutes [READ: Count=1748, Max=149375, Min=118, Avg=5718.69, 90=13903, 99=20383, 99.9=35103, 99.99=149375] 
2017-05-30 23:51:09:497 210 sec: 38198 operations; 194.8 current ops/sec; est completion in 15 hours 12 minutes [READ: Count=1948, Max=85183, Min=115, Avg=5125.66, 90=13207, 99=19679, 99.9=31887, 99.99=85183] 
2017-05-30 23:51:19:497 220 sec: 40091 operations; 189.3 current ops/sec; est completion in 15 hours 10 minutes [READ: Count=1893, Max=55615, Min=115, Avg=5282.66, 90=13799, 99=19903, 99.9=28367, 99.99=55615] 
2017-05-30 23:51:29:497 230 sec: 41946 operations; 185.5 current ops/sec; est completion in 15 hours 10 minutes [READ: Count=1855, Max=44703, Min=114, Avg=5384.53, 90=13583, 99=22431, 99.9=41695, 99.99=44703] 
2017-05-30 23:51:39:497 240 sec: 43861 operations; 191.5 current ops/sec; est completion in 15 hours 7 minutes [READ: Count=1915, Max=128767, Min=115, Avg=5214.99, 90=13791, 99=20351, 99.9=37855, 99.99=128767] 
2017-05-30 23:51:49:497 250 sec: 45715 operations; 185.4 current ops/sec; est completion in 15 hours 7 minutes [READ: Count=1854, Max=67903, Min=116, Avg=5393.52, 90=13847, 99=19791, 99.9=39231, 99.99=67903] 
2017-05-30 23:51:59:497 260 sec: 47556 operations; 184.1 current ops/sec; est completion in 15 hours 6 minutes [READ: Count=1841, Max=38847, Min=115, Avg=5428.07, 90=13951, 99=19759, 99.9=28943, 99.99=38847] 
2017-05-30 23:52:09:497 270 sec: 49385 operations; 182.9 current ops/sec; est completion in 15 hours 6 minutes [READ: Count=1829, Max=34847, Min=119, Avg=5460.58, 90=13487, 99=19279, 99.9=31919, 99.99=34847] 
2017-05-30 23:52:19:497 280 sec: 51211 operations; 182.6 current ops/sec; est completion in 15 hours 6 minutes [READ: Count=1826, Max=72383, Min=115, Avg=5474.7, 90=13487, 99=18591, 99.9=37055, 99.99=72383] 
2017-05-30 23:52:29:497 290 sec: 53097 operations; 188.6 current ops/sec; est completion in 15 hours 5 minutes [READ: Count=1886, Max=72127, Min=117, Avg=5292.97, 90=13655, 99=19391, 99.9=28815, 99.99=72127] 
2017-05-30 23:52:39:497 300 sec: 54959 operations; 186.2 current ops/sec; est completion in 15 hours 4 minutes [READ: Count=1862, Max=41023, Min=113, Avg=5372.76, 90=13799, 99=19567, 99.9=33279, 99.99=41023] 
2017-05-30 23:52:49:497 310 sec: 56823 operations; 186.4 current ops/sec; est completion in 15 hours 4 minutes [READ: Count=1864, Max=113215, Min=115, Avg=5359.13, 90=13351, 99=19615, 99.9=44575, 99.99=113215] 
2017-05-30 23:52:59:497 320 sec: 58699 operations; 187.6 current ops/sec; est completion in 15 hours 3 minutes [READ: Count=1876, Max=36671, Min=115, Avg=5327.9, 90=14015, 99=21375, 99.9=29599, 99.99=36671] 
2017-05-30 23:53:09:497 330 sec: 60541 operations; 184.2 current ops/sec; est completion in 15 hours 2 minutes [READ: Count=1842, Max=47871, Min=116, Avg=5423.15, 90=13799, 99=19135, 99.9=25807, 99.99=47871] 
2017-05-30 23:53:19:498 340 sec: 62447 operations; 190.58 current ops/sec; est completion in 15 hours 1 minutes [READ: Count=1906, Max=46847, Min=113, Avg=5242.82, 90=13663, 99=19631, 99.9=35999, 99.99=46847] 
2017-05-30 23:53:29:497 350 sec: 64326 operations; 187.92 current ops/sec; est completion in 15 hours 1 minutes [READ: Count=1879, Max=63007, Min=116, Avg=5312.55, 90=13455, 99=20015, 99.9=34975, 99.99=63007] 
2017-05-30 23:53:39:497 360 sec: 66142 operations; 181.6 current ops/sec; est completion in 15 hours 1 minutes [READ: Count=1816, Max=43935, Min=115, Avg=5507.49, 90=13999, 99=19407, 99.9=36511, 99.99=43935] 
2017-05-30 23:53:49:497 370 sec: 68008 operations; 186.6 current ops/sec; est completion in 15 hours [READ: Count=1866, Max=58207, Min=142, Avg=5358.07, 90=13719, 99=18959, 99.9=38559, 99.99=58207] 
2017-05-30 23:53:59:498 380 sec: 69917 operations; 190.9 current ops/sec; est completion in 14 hours 59 minutes [READ: Count=1909, Max=71807, Min=117, Avg=5229.24, 90=13863, 99=19439, 99.9=39071, 99.99=71807] 
2017-05-30 23:54:09:497 390 sec: 71782 operations; 186.5 current ops/sec; est completion in 14 hours 59 minutes [READ: Count=1865, Max=132607, Min=112, Avg=5363.27, 90=13799, 99=19071, 99.9=31375, 99.99=132607] 
2017-05-30 23:54:19:498 400 sec: 73692 operations; 191 current ops/sec; est completion in 14 hours 58 minutes [READ: Count=1910, Max=35743, Min=113, Avg=5235.7, 90=13519, 99=18831, 99.9=28735, 99.99=35743] 
2017-05-30 23:54:29:497 410 sec: 75511 operations; 181.9 current ops/sec; est completion in 14 hours 58 minutes [READ: Count=1819, Max=37055, Min=116, Avg=5494.64, 90=13703, 99=19727, 99.9=33215, 99.99=37055] 
2017-05-30 23:54:39:497 420 sec: 77335 operations; 182.4 current ops/sec; est completion in 14 hours 58 minutes [READ: Count=1824, Max=40415, Min=114, Avg=5476.05, 90=14079, 99=20655, 99.9=35423, 99.99=40415] 
2017-05-30 23:54:49:497 430 sec: 79173 operations; 183.8 current ops/sec; est completion in 14 hours 58 minutes [READ: Count=1838, Max=107647, Min=113, Avg=5438.12, 90=14295, 99=20735, 99.9=37375, 99.99=107647] 
2017-05-30 23:54:59:497 440 sec: 80982 operations; 180.9 current ops/sec; est completion in 14 hours 58 minutes [READ: Count=1809, Max=50335, Min=114, Avg=5523.84, 90=13935, 99=20127, 99.9=36095, 99.99=50335] 
2017-05-30 23:55:09:497 450 sec: 82909 operations; 192.7 current ops/sec; est completion in 14 hours 57 minutes [READ: Count=1927, Max=40063, Min=112, Avg=5189.83, 90=13591, 99=19135, 99.9=34367, 99.99=40063] 
2017-05-30 23:55:19:497 460 sec: 84752 operations; 184.3 current ops/sec; est completion in 14 hours 56 minutes [READ: Count=1843, Max=55743, Min=113, Avg=5423.4, 90=14031, 99=18895, 99.9=29375, 99.99=55743] 
2017-05-30 23:55:29:497 470 sec: 86694 operations; 194.2 current ops/sec; est completion in 14 hours 55 minutes [READ: Count=1942, Max=33151, Min=115, Avg=5138.9, 90=13687, 99=19567, 99.9=31263, 99.99=33151] 
2017-05-30 23:55:39:497 480 sec: 88584 operations; 189 current ops/sec; est completion in 14 hours 55 minutes [READ: Count=1890, Max=104063, Min=116, Avg=5292.32, 90=13791, 99=20175, 99.9=34847, 99.99=104063] 
2017-05-30 23:55:49:498 490 sec: 90106 operations; 152.2 current ops/sec; est completion in 14 hours 58 minutes [READ: Count=1522, Max=73599, Min=117, Avg=6570.78, 90=14727, 99=23615, 99.9=52703, 99.99=73599] 
2017-05-30 23:55:59:498 500 sec: 92018 operations; 191.2 current ops/sec; est completion in 14 hours 57 minutes [READ: Count=1912, Max=42879, Min=114, Avg=5229.54, 90=13583, 99=22591, 99.9=33919, 99.99=42879] 
2017-05-30 23:56:09:497 510 sec: 93941 operations; 192.3 current ops/sec; est completion in 14 hours 56 minutes [READ: Count=1923, Max=79295, Min=115, Avg=5197.86, 90=13511, 99=19743, 99.9=29487, 99.99=79295] 
2017-05-30 23:56:19:498 520 sec: 95842 operations; 190.1 current ops/sec; est completion in 14 hours 55 minutes [READ: Count=1901, Max=36671, Min=114, Avg=5248.56, 90=13295, 99=18831, 99.9=29391, 99.99=36671] 
2017-05-30 23:56:29:497 530 sec: 97819 operations; 197.7 current ops/sec; est completion in 14 hours 54 minutes [READ: Count=1977, Max=36223, Min=115, Avg=5062.14, 90=13391, 99=18415, 99.9=26303, 99.99=36223] 
2017-05-30 23:56:39:497 540 sec: 99639 operations; 182 current ops/sec; est completion in 14 hours 54 minutes [READ: Count=1820, Max=144511, Min=115, Avg=5490.36, 90=14095, 99=21551, 99.9=32959, 99.99=144511] 
2017-05-30 23:56:49:497 550 sec: 101473 operations; 183.4 current ops/sec; est completion in 14 hours 54 minutes [READ: Count=1834, Max=56959, Min=114, Avg=5453.2, 90=14151, 99=19391, 99.9=30783, 99.99=56959] 
2017-05-30 23:56:59:497 560 sec: 103242 operations; 176.9 current ops/sec; est completion in 14 hours 54 minutes [READ: Count=1769, Max=56159, Min=114, Avg=5644.43, 90=13511, 99=20111, 99.9=34719, 99.99=56159] 
2017-05-30 23:57:09:497 570 sec: 105132 operations; 189 current ops/sec; est completion in 14 hours 54 minutes [READ: Count=1890, Max=41823, Min=114, Avg=5292.87, 90=13815, 99=19007, 99.9=31007, 99.99=41823] 
2017-05-30 23:57:19:497 580 sec: 106978 operations; 184.6 current ops/sec; est completion in 14 hours 53 minutes [READ: Count=1846, Max=123327, Min=116, Avg=5413.59, 90=14023, 99=19887, 99.9=40351, 99.99=123327] 
2017-05-30 23:57:29:497 590 sec: 108907 operations; 192.9 current ops/sec; est completion in 14 hours 53 minutes [READ: Count=1929, Max=46911, Min=114, Avg=5181.64, 90=13551, 99=19487, 99.9=33695, 99.99=46911] 
Maximum time elapsed. Requesting stop for the workload.
Stop requested for workload. Now Joining!
2017-05-30 23:57:39:497 600 sec: 110804 operations; 189.7 current ops/sec; est completion in 14 hours 52 minutes [READ: Count=1897, Max=43775, Min=114, Avg=5268.13, 90=13783, 99=20447, 99.9=36767, 99.99=43775] 
2017-05-30 23:57:39:505 600 sec: 110805 operations; 125 current ops/sec; est completion in 14 hours 52 minutes [READ: Count=1, Max=9063, Min=9056, Avg=9060, 90=9063, 99=9063, 99.9=9063, 99.99=9063] [CLEANUP: Count=1, Max=1677, Min=1677, Avg=1677, 90=1677, 99=1677, 99.9=1677, 99.99=1677] 
[OVERALL], RunTime(ms), 600008.0
[OVERALL], Throughput(ops/sec), 184.67253769949733
[TOTAL_GCS_PS_Scavenge], Count, 101.0
[TOTAL_GC_TIME_PS_Scavenge], Time(ms), 313.0
[TOTAL_GC_TIME_%_PS_Scavenge], Time(%), 0.05216597112038506
[TOTAL_GCS_PS_MarkSweep], Count, 0.0
[TOTAL_GC_TIME_PS_MarkSweep], Time(ms), 0.0
[TOTAL_GC_TIME_%_PS_MarkSweep], Time(%), 0.0
[TOTAL_GCs], Count, 101.0
[TOTAL_GC_TIME], Time(ms), 313.0
[TOTAL_GC_TIME_%], Time(%), 0.05216597112038506
[READ], Operations, 110805.0
[READ], AverageLatency(us), 5407.774315238482
[READ], MinLatency(us), 112.0
[READ], MaxLatency(us), 149375.0
[READ], 95thPercentileLatency(us), 15583.0
[READ], 99thPercentileLatency(us), 19839.0
[READ], Return=OK, 110805
[CLEANUP], Operations, 1.0
[CLEANUP], AverageLatency(us), 1677.0
[CLEANUP], MinLatency(us), 1677.0
[CLEANUP], MaxLatency(us), 1677.0
[CLEANUP], 95thPercentileLatency(us), 1677.0
[CLEANUP], 99thPercentileLatency(us), 1677.0
========== STOP: Container 1 Memory STATS ==============
cache 742252544
rss 257556480
rss_huge 0
mapped_file 4087808
writeback 0
swap 0
pgpgin 1346283
pgpgout 1102189
pgfault 251953
pgmajfault 574
inactive_anon 129671168
active_anon 127954944
inactive_file 371331072
active_file 370847744
unevictable 4096
hierarchical_memory_limit 999997440
hierarchical_memsw_limit 9223372036854771712
total_cache 742252544
total_rss 257556480
total_rss_huge 0
total_mapped_file 4087808
total_writeback 0
total_swap 0
total_pgpgin 1346283
total_pgpgout 1102189
total_pgfault 251953
total_pgmajfault 574
total_inactive_anon 129671168
total_active_anon 127954944
total_inactive_file 371331072
total_active_file 370847744
total_unevictable 4096
======== END Container STATS ======
