--------------------MEMCG-----------------------
MEM ONLY  : 266 MB
MEM+SWAP  : 266 MB
cache 186064896
rss 93364224
rss_huge 0
mapped_file 46534656
writeback 0
swap 0
pgpgin 145693
pgpgout 77473
pgfault 212960
pgmajfault 217
inactive_anon 53248
active_anon 93384704
inactive_file 156385280
active_file 29560832
unevictable 0
hierarchical_memory_limit 999997440
hierarchical_memsw_limit 9223372036854771712
total_cache 186064896
total_rss 93364224
total_rss_huge 0
total_mapped_file 46534656
total_writeback 0
total_swap 0
total_pgpgin 145693
total_pgpgout 77473
total_pgfault 212960
total_pgmajfault 217
total_inactive_anon 53248
total_active_anon 93384704
total_inactive_file 156385280
total_active_file 29560832
total_unevictable 0
--------------------BLKIO-----------------------
11:0 Read 0
11:0 Write 0
11:0 Sync 0
11:0 Async 0
11:0 Total 0
253:0 Read 146305024
253:0 Write 229376
253:0 Sync 0
253:0 Async 146534400
253:0 Total 146534400
Total 146534400
--------------------CPUAC-----------------------
user 85
system 170
 
--------------------MEMCG-----------------------
MEM ONLY  : 613 MB
MEM+SWAP  : 613 MB
cache 550105088
rss 93151232
rss_huge 0
mapped_file 46514176
writeback 0
swap 0
pgpgin 253041
pgpgout 95996
pgfault 232753
pgmajfault 217
inactive_anon 49152
active_anon 93184000
inactive_file 489480192
active_file 60510208
unevictable 0
hierarchical_memory_limit 999997440
hierarchical_memsw_limit 9223372036854771712
total_cache 550105088
total_rss 93151232
total_rss_huge 0
total_mapped_file 46514176
total_writeback 0
total_swap 0
total_pgpgin 253041
total_pgpgout 95996
total_pgfault 232753
total_pgmajfault 217
total_inactive_anon 49152
total_active_anon 93184000
total_inactive_file 489480192
total_active_file 60510208
total_unevictable 0
--------------------BLKIO-----------------------
11:0 Read 0
11:0 Write 0
11:0 Sync 0
11:0 Async 0
11:0 Total 0
253:0 Read 510345216
253:0 Write 229376
253:0 Sync 0
253:0 Async 510574592
253:0 Total 510574592
Total 510574592
--------------------CPUAC-----------------------
user 95
system 242
 
--------------------MEMCG-----------------------
MEM ONLY  : 953 MB
MEM+SWAP  : 953 MB
cache 906735616
rss 93151232
rss_huge 0
mapped_file 46485504
writeback 0
swap 0
pgpgin 363782
pgpgout 119669
pgfault 255196
pgmajfault 217
inactive_anon 17006592
active_anon 76226560
inactive_file 751575040
active_file 155078656
unevictable 0
hierarchical_memory_limit 999997440
hierarchical_memsw_limit 9223372036854771712
total_cache 906735616
total_rss 93151232
total_rss_huge 0
total_mapped_file 46485504
total_writeback 0
total_swap 0
total_pgpgin 363782
total_pgpgout 119669
total_pgfault 255196
total_pgmajfault 217
total_inactive_anon 17006592
total_active_anon 76226560
total_inactive_file 751575040
total_active_file 155078656
total_unevictable 0
--------------------BLKIO-----------------------
11:0 Read 0
11:0 Write 0
11:0 Sync 0
11:0 Async 0
11:0 Total 0
253:0 Read 875761664
253:0 Write 229376
253:0 Sync 0
253:0 Async 875991040
253:0 Total 875991040
Total 875991040
--------------------CPUAC-----------------------
user 108
system 318
 
--------------------MEMCG-----------------------
MEM ONLY  : 953 MB
MEM+SWAP  : 953 MB
cache 907022336
rss 92884992
rss_huge 0
mapped_file 46346240
writeback 0
swap 0
pgpgin 481657
pgpgout 237539
pgfault 279926
pgmajfault 217
inactive_anon 46641152
active_anon 46325760
inactive_file 630837248
active_file 276045824
unevictable 0
hierarchical_memory_limit 999997440
hierarchical_memsw_limit 9223372036854771712
total_cache 907022336
total_rss 92884992
total_rss_huge 0
total_mapped_file 46346240
total_writeback 0
total_swap 0
total_pgpgin 481657
total_pgpgout 237539
total_pgfault 279926
total_pgmajfault 217
total_inactive_anon 46641152
total_active_anon 46325760
total_inactive_file 630837248
total_active_file 276045824
total_unevictable 0
--------------------BLKIO-----------------------
11:0 Read 0
11:0 Write 0
11:0 Sync 0
11:0 Async 0
11:0 Total 0
253:0 Read 1229996032
253:0 Write 229376
253:0 Sync 0
253:0 Async 1230225408
253:0 Total 1230225408
Total 1230225408
--------------------CPUAC-----------------------
user 118
system 445
 
--------------------MEMCG-----------------------
MEM ONLY  : 953 MB
MEM+SWAP  : 953 MB
cache 907087872
rss 92884992
rss_huge 0
mapped_file 12468224
writeback 0
swap 0
pgpgin 622845
pgpgout 378711
pgfault 309408
pgmajfault 217
inactive_anon 46641152
active_anon 46325760
inactive_file 485773312
active_file 421199872
unevictable 0
hierarchical_memory_limit 999997440
hierarchical_memsw_limit 9223372036854771712
total_cache 907087872
total_rss 92884992
total_rss_huge 0
total_mapped_file 12468224
total_writeback 0
total_swap 0
total_pgpgin 622845
total_pgpgout 378711
total_pgfault 309408
total_pgmajfault 217
total_inactive_anon 46641152
total_active_anon 46325760
total_inactive_file 485773312
total_active_file 421199872
total_unevictable 0
--------------------BLKIO-----------------------
11:0 Read 0
11:0 Write 0
11:0 Sync 0
11:0 Async 0
11:0 Total 0
253:0 Read 1584766976
253:0 Write 229376
253:0 Sync 0
253:0 Async 1584996352
253:0 Total 1584996352
Total 1584996352
--------------------CPUAC-----------------------
user 139
system 586
 
--------------------MEMCG-----------------------
MEM ONLY  : 953 MB
MEM+SWAP  : 953 MB
cache 907067392
rss 92884992
rss_huge 0
mapped_file 12468224
writeback 0
swap 0
pgpgin 802562
pgpgout 558433
pgfault 346188
pgmajfault 217
inactive_anon 46641152
active_anon 46325760
inactive_file 453713920
active_file 453271552
unevictable 0
hierarchical_memory_limit 999997440
hierarchical_memsw_limit 9223372036854771712
total_cache 907067392
total_rss 92884992
total_rss_huge 0
total_mapped_file 12468224
total_writeback 0
total_swap 0
total_pgpgin 802562
total_pgpgout 558433
total_pgfault 346188
total_pgmajfault 217
total_inactive_anon 46641152
total_active_anon 46325760
total_inactive_file 453713920
total_active_file 453271552
total_unevictable 0
--------------------BLKIO-----------------------
11:0 Read 0
11:0 Write 0
11:0 Sync 0
11:0 Async 0
11:0 Total 0
253:0 Read 1948930048
253:0 Write 229376
253:0 Sync 0
253:0 Async 1949159424
253:0 Total 1949159424
Total 1949159424
--------------------CPUAC-----------------------
user 159
system 752
 
--------------------MEMCG-----------------------
MEM ONLY  : 953 MB
MEM+SWAP  : 953 MB
cache 907038720
rss 92884992
rss_huge 0
mapped_file 8577024
writeback 0
swap 0
pgpgin 1033086
pgpgout 788964
pgfault 395145
pgmajfault 217
inactive_anon 46641152
active_anon 46325760
inactive_file 453636096
active_file 453287936
unevictable 0
hierarchical_memory_limit 999997440
hierarchical_memsw_limit 9223372036854771712
total_cache 907038720
total_rss 92884992
total_rss_huge 0
total_mapped_file 8577024
total_writeback 0
total_swap 0
total_pgpgin 1033086
total_pgpgout 788964
total_pgfault 395145
total_pgmajfault 217
total_inactive_anon 46641152
total_active_anon 46325760
total_inactive_file 453636096
total_active_file 453287936
total_unevictable 0
--------------------BLKIO-----------------------
11:0 Read 0
11:0 Write 0
11:0 Sync 0
11:0 Async 0
11:0 Total 0
253:0 Read 2307661824
253:0 Write 229376
253:0 Sync 0
253:0 Async 2307891200
253:0 Total 2307891200
Total 2307891200
--------------------CPUAC-----------------------
user 183
system 973
 
--------------------MEMCG-----------------------
MEM ONLY  : 953 MB
MEM+SWAP  : 953 MB
cache 906850304
rss 92884992
rss_huge 0
mapped_file 3387392
writeback 0
swap 0
pgpgin 1375531
pgpgout 1131455
pgfault 467804
pgmajfault 217
inactive_anon 46641152
active_anon 46325760
inactive_file 453599232
active_file 453165056
unevictable 0
hierarchical_memory_limit 999997440
hierarchical_memsw_limit 9223372036854771712
total_cache 906850304
total_rss 92884992
total_rss_huge 0
total_mapped_file 3387392
total_writeback 0
total_swap 0
total_pgpgin 1375531
total_pgpgout 1131455
total_pgfault 467804
total_pgmajfault 217
total_inactive_anon 46641152
total_active_anon 46325760
total_inactive_file 453599232
total_active_file 453165056
total_unevictable 0
--------------------BLKIO-----------------------
11:0 Read 0
11:0 Write 0
11:0 Sync 0
11:0 Async 0
11:0 Total 0
253:0 Read 2666635264
253:0 Write 229376
253:0 Sync 0
253:0 Async 2666864640
253:0 Total 2666864640
Total 2666864640
--------------------CPUAC-----------------------
user 217
system 1284
 
--------------------MEMCG-----------------------
MEM ONLY  : 953 MB
MEM+SWAP  : 953 MB
cache 907022336
rss 92884992
rss_huge 0
mapped_file 3325952
writeback 0
swap 0
pgpgin 2095028
pgpgout 1850910
pgfault 617555
pgmajfault 217
inactive_anon 46641152
active_anon 46325760
inactive_file 453640192
active_file 453300224
unevictable 0
hierarchical_memory_limit 999997440
hierarchical_memsw_limit 9223372036854771712
total_cache 907022336
total_rss 92884992
total_rss_huge 0
total_mapped_file 3325952
total_writeback 0
total_swap 0
total_pgpgin 2095028
total_pgpgout 1850910
total_pgfault 617555
total_pgmajfault 217
total_inactive_anon 46641152
total_active_anon 46325760
total_inactive_file 453640192
total_active_file 453300224
total_unevictable 0
--------------------BLKIO-----------------------
11:0 Read 0
11:0 Write 0
11:0 Sync 0
11:0 Async 0
11:0 Total 0
253:0 Read 3022651392
253:0 Write 229376
253:0 Sync 0
253:0 Async 3022880768
253:0 Total 3022880768
Total 3022880768
--------------------CPUAC-----------------------
user 290
system 1906
 
--------------------MEMCG-----------------------
MEM ONLY  : 953 MB
MEM+SWAP  : 953 MB
cache 906944512
rss 92901376
rss_huge 0
mapped_file 3334144
writeback 0
swap 0
pgpgin 3979519
pgpgout 3735415
pgfault 1008674
pgmajfault 226
inactive_anon 46641152
active_anon 46325760
inactive_file 453648384
active_file 453214208
unevictable 0
hierarchical_memory_limit 999997440
hierarchical_memsw_limit 9223372036854771712
total_cache 906944512
total_rss 92913664
total_rss_huge 0
total_mapped_file 3334144
total_writeback 0
total_swap 0
total_pgpgin 3979521
total_pgpgout 3735415
total_pgfault 1008675
total_pgmajfault 226
total_inactive_anon 46641152
total_active_anon 46354432
total_inactive_file 453648384
total_active_file 453214208
total_unevictable 0
--------------------BLKIO-----------------------
11:0 Read 0
11:0 Write 0
11:0 Sync 0
11:0 Async 0
11:0 Total 0
253:0 Read 3209666560
253:0 Write 229376
253:0 Sync 0
253:0 Async 3209895936
253:0 Total 3209895936
Total 3209895936
--------------------CPUAC-----------------------
user 464
system 3574
 
--------------------MEMCG-----------------------
MEM ONLY  : 953 MB
MEM+SWAP  : 953 MB
cache 906874880
rss 92889088
rss_huge 0
mapped_file 3334144
writeback 0
swap 0
pgpgin 5990770
pgpgout 5746687
pgfault 1425413
pgmajfault 226
inactive_anon 46641152
active_anon 46329856
inactive_file 453689344
active_file 453103616
unevictable 0
hierarchical_memory_limit 999997440
hierarchical_memsw_limit 9223372036854771712
total_cache 906874880
total_rss 92889088
total_rss_huge 0
total_mapped_file 3334144
total_writeback 0
total_swap 0
total_pgpgin 5990770
total_pgpgout 5746687
total_pgfault 1425413
total_pgmajfault 226
total_inactive_anon 46641152
total_active_anon 46329856
total_inactive_file 453689344
total_active_file 453103616
total_unevictable 0
--------------------BLKIO-----------------------
11:0 Read 0
11:0 Write 0
11:0 Sync 0
11:0 Async 0
11:0 Total 0
253:0 Read 3223666688
253:0 Write 229376
253:0 Sync 0
253:0 Async 3223896064
253:0 Total 3223896064
Total 3223896064
--------------------CPUAC-----------------------
user 644
system 5383
 
--------------------MEMCG-----------------------
MEM ONLY  : 953 MB
MEM+SWAP  : 953 MB
cache 906846208
rss 92897280
rss_huge 0
mapped_file 3375104
writeback 0
swap 0
pgpgin 7998963
pgpgout 7754885
pgfault 1840791
pgmajfault 227
inactive_anon 46641152
active_anon 46338048
inactive_file 453709824
active_file 453054464
unevictable 0
hierarchical_memory_limit 999997440
hierarchical_memsw_limit 9223372036854771712
total_cache 906846208
total_rss 92897280
total_rss_huge 0
total_mapped_file 3375104
total_writeback 0
total_swap 0
total_pgpgin 7998963
total_pgpgout 7754886
total_pgfault 1840791
total_pgmajfault 227
total_inactive_anon 46641152
total_active_anon 46333952
total_inactive_file 453709824
total_active_file 453054464
total_unevictable 0
--------------------BLKIO-----------------------
11:0 Read 0
11:0 Write 0
11:0 Sync 0
11:0 Async 0
11:0 Total 0
253:0 Read 3224858624
253:0 Write 229376
253:0 Sync 0
253:0 Async 3225088000
253:0 Total 3225088000
Total 3225088000
--------------------CPUAC-----------------------
user 837
system 7184
 
--------------------MEMCG-----------------------
MEM ONLY  : 953 MB
MEM+SWAP  : 953 MB
cache 907075584
rss 92897280
rss_huge 0
mapped_file 3325952
writeback 0
swap 0
pgpgin 10009389
pgpgout 9765254
pgfault 2257672
pgmajfault 233
inactive_anon 46641152
active_anon 46338048
inactive_file 453869568
active_file 453087232
unevictable 0
hierarchical_memory_limit 999997440
hierarchical_memsw_limit 9223372036854771712
total_cache 907083776
total_rss 92897280
total_rss_huge 0
total_mapped_file 3325952
total_writeback 0
total_swap 0
total_pgpgin 10009391
total_pgpgout 9765254
total_pgfault 2257672
total_pgmajfault 233
total_inactive_anon 46641152
total_active_anon 46338048
total_inactive_file 453869568
total_active_file 453087232
total_unevictable 0
--------------------BLKIO-----------------------
11:0 Read 0
11:0 Write 0
11:0 Sync 0
11:0 Async 0
11:0 Total 0
253:0 Read 3224858624
253:0 Write 229376
253:0 Sync 0
253:0 Async 3225088000
253:0 Total 3225088000
Total 3225088000
--------------------CPUAC-----------------------
user 1024
system 8998
 
--------------------MEMCG-----------------------
MEM ONLY  : 953 MB
MEM+SWAP  : 953 MB
cache 906866688
rss 92897280
rss_huge 0
mapped_file 3334144
writeback 0
swap 0
pgpgin 12009937
pgpgout 11765855
pgfault 2670212
pgmajfault 234
inactive_anon 46641152
active_anon 46333952
inactive_file 453664768
active_file 453120000
unevictable 0
hierarchical_memory_limit 999997440
hierarchical_memsw_limit 9223372036854771712
total_cache 906870784
total_rss 92893184
total_rss_huge 0
total_mapped_file 3334144
total_writeback 0
total_swap 0
total_pgpgin 12009938
total_pgpgout 11765855
total_pgfault 2670212
total_pgmajfault 234
total_inactive_anon 46641152
total_active_anon 46333952
total_inactive_file 453664768
total_active_file 453120000
total_unevictable 0
--------------------BLKIO-----------------------
11:0 Read 0
11:0 Write 0
11:0 Sync 0
11:0 Async 0
11:0 Total 0
253:0 Read 3224858624
253:0 Write 229376
253:0 Sync 0
253:0 Async 3225088000
253:0 Total 3225088000
Total 3225088000
--------------------CPUAC-----------------------
user 1225
system 10792
 
--------------------MEMCG-----------------------
MEM ONLY  : 953 MB
MEM+SWAP  : 953 MB
cache 907034624
rss 92893184
rss_huge 0
mapped_file 3334144
writeback 0
swap 0
pgpgin 14019559
pgpgout 13775436
pgfault 3081746
pgmajfault 235
inactive_anon 46641152
active_anon 46333952
inactive_file 453955584
active_file 452997120
unevictable 0
hierarchical_memory_limit 999997440
hierarchical_memsw_limit 9223372036854771712
total_cache 907034624
total_rss 92893184
total_rss_huge 0
total_mapped_file 3334144
total_writeback 0
total_swap 0
total_pgpgin 14019559
total_pgpgout 13775436
total_pgfault 3081746
total_pgmajfault 235
total_inactive_anon 46641152
total_active_anon 46333952
total_inactive_file 453955584
total_active_file 452997120
total_unevictable 0
--------------------BLKIO-----------------------
11:0 Read 0
11:0 Write 0
11:0 Sync 0
11:0 Async 0
11:0 Total 0
253:0 Read 3224858624
253:0 Write 229376
253:0 Sync 0
253:0 Async 3225088000
253:0 Total 3225088000
Total 3225088000
--------------------CPUAC-----------------------
user 1410
system 12609
 
--------------------MEMCG-----------------------
MEM ONLY  : 953 MB
MEM+SWAP  : 953 MB
cache 906842112
rss 92901376
rss_huge 0
mapped_file 3334144
writeback 0
swap 0
pgpgin 16022824
pgpgout 15778744
pgfault 3495051
pgmajfault 241
inactive_anon 46641152
active_anon 46342144
inactive_file 453492736
active_file 453255168
unevictable 0
hierarchical_memory_limit 999997440
hierarchical_memsw_limit 9223372036854771712
total_cache 906854400
total_rss 92901376
total_rss_huge 0
total_mapped_file 3334144
total_writeback 0
total_swap 0
total_pgpgin 16022826
total_pgpgout 15778744
total_pgfault 3495051
total_pgmajfault 241
total_inactive_anon 46641152
total_active_anon 46342144
total_inactive_file 453492736
total_active_file 453255168
total_unevictable 0
--------------------BLKIO-----------------------
11:0 Read 0
11:0 Write 0
11:0 Sync 0
11:0 Async 0
11:0 Total 0
253:0 Read 3224858624
253:0 Write 229376
253:0 Sync 0
253:0 Async 3225088000
253:0 Total 3225088000
Total 3225088000
--------------------CPUAC-----------------------
user 1618
system 14400
 
--------------------MEMCG-----------------------
MEM ONLY  : 953 MB
MEM+SWAP  : 953 MB
cache 906833920
rss 92909568
rss_huge 0
mapped_file 3334144
writeback 0
swap 0
pgpgin 18028107
pgpgout 17784029
pgfault 3907829
pgmajfault 241
inactive_anon 46641152
active_anon 46350336
inactive_file 453533696
active_file 453206016
unevictable 0
hierarchical_memory_limit 999997440
hierarchical_memsw_limit 9223372036854771712
total_cache 906833920
total_rss 92909568
total_rss_huge 0
total_mapped_file 3334144
total_writeback 0
total_swap 0
total_pgpgin 18028107
total_pgpgout 17784029
total_pgfault 3907829
total_pgmajfault 241
total_inactive_anon 46641152
total_active_anon 46350336
total_inactive_file 453533696
total_active_file 453206016
total_unevictable 0
--------------------BLKIO-----------------------
11:0 Read 0
11:0 Write 0
11:0 Sync 0
11:0 Async 0
11:0 Total 0
253:0 Read 3224858624
253:0 Write 229376
253:0 Sync 0
253:0 Async 3225088000
253:0 Total 3225088000
Total 3225088000
--------------------CPUAC-----------------------
user 1827
system 16192
 
--------------------MEMCG-----------------------
MEM ONLY  : 953 MB
MEM+SWAP  : 953 MB
cache 906981376
rss 92901376
rss_huge 0
mapped_file 3334144
writeback 0
swap 0
pgpgin 20028981
pgpgout 19784868
pgfault 4320959
pgmajfault 242
inactive_anon 46641152
active_anon 46342144
inactive_file 453787648
active_file 453062656
unevictable 0
hierarchical_memory_limit 999997440
hierarchical_memsw_limit 9223372036854771712
total_cache 906993664
total_rss 92901376
total_rss_huge 0
total_mapped_file 3334144
total_writeback 0
total_swap 0
total_pgpgin 20028983
total_pgpgout 19784868
total_pgfault 4320959
total_pgmajfault 242
total_inactive_anon 46641152
total_active_anon 46342144
total_inactive_file 453844992
total_active_file 453062656
total_unevictable 0
--------------------BLKIO-----------------------
11:0 Read 0
11:0 Write 0
11:0 Sync 0
11:0 Async 0
11:0 Total 0
253:0 Read 3224858624
253:0 Write 229376
253:0 Sync 0
253:0 Async 3225088000
253:0 Total 3225088000
Total 3225088000
--------------------CPUAC-----------------------
user 2017
system 18002
 
--------------------MEMCG-----------------------
MEM ONLY  : 953 MB
MEM+SWAP  : 953 MB
cache 906862592
rss 92893184
rss_huge 0
mapped_file 3375104
writeback 0
swap 0
pgpgin 22032541
pgpgout 21788460
pgfault 4733701
pgmajfault 249
inactive_anon 46641152
active_anon 46333952
inactive_file 453664768
active_file 453083136
unevictable 0
hierarchical_memory_limit 999997440
hierarchical_memsw_limit 9223372036854771712
total_cache 906862592
total_rss 92893184
total_rss_huge 0
total_mapped_file 3375104
total_writeback 0
total_swap 0
total_pgpgin 22032541
total_pgpgout 21788460
total_pgfault 4733701
total_pgmajfault 249
total_inactive_anon 46641152
total_active_anon 46333952
total_inactive_file 453664768
total_active_file 453083136
total_unevictable 0
--------------------BLKIO-----------------------
11:0 Read 0
11:0 Write 0
11:0 Sync 0
11:0 Async 0
11:0 Total 0
253:0 Read 3224858624
253:0 Write 229376
253:0 Sync 0
253:0 Async 3225088000
253:0 Total 3225088000
Total 3225088000
--------------------CPUAC-----------------------
user 2208
system 19811
 
--------------------MEMCG-----------------------
MEM ONLY  : 953 MB
MEM+SWAP  : 953 MB
cache 906932224
rss 92897280
rss_huge 0
mapped_file 3375104
writeback 0
swap 0
pgpgin 24038610
pgpgout 23794511
pgfault 5145153
pgmajfault 250
inactive_anon 46641152
active_anon 46338048
inactive_file 453697536
active_file 453152768
unevictable 0
hierarchical_memory_limit 999997440
hierarchical_memsw_limit 9223372036854771712
total_cache 906932224
total_rss 92897280
total_rss_huge 0
total_mapped_file 3375104
total_writeback 0
total_swap 0
total_pgpgin 24038610
total_pgpgout 23794511
total_pgfault 5145153
total_pgmajfault 250
total_inactive_anon 46641152
total_active_anon 46338048
total_inactive_file 453697536
total_active_file 453152768
total_unevictable 0
--------------------BLKIO-----------------------
11:0 Read 0
11:0 Write 0
11:0 Sync 0
11:0 Async 0
11:0 Total 0
253:0 Read 3224858624
253:0 Write 229376
253:0 Sync 0
253:0 Async 3225088000
253:0 Total 3225088000
Total 3225088000
--------------------CPUAC-----------------------
user 2398
system 21622
 
--------------------MEMCG-----------------------
MEM ONLY  : 953 MB
MEM+SWAP  : 953 MB
cache 906944512
rss 92897280
rss_huge 0
mapped_file 3334144
writeback 0
swap 0
pgpgin 26039343
pgpgout 25795239
pgfault 5556328
pgmajfault 251
inactive_anon 46641152
active_anon 46338048
inactive_file 453509120
active_file 453357568
unevictable 0
hierarchical_memory_limit 999997440
hierarchical_memsw_limit 9223372036854771712
total_cache 906956800
total_rss 92897280
total_rss_huge 0
total_mapped_file 3334144
total_writeback 0
total_swap 0
total_pgpgin 26039344
total_pgpgout 25795239
total_pgfault 5556328
total_pgmajfault 251
total_inactive_anon 46641152
total_active_anon 46338048
total_inactive_file 453509120
total_active_file 453357568
total_unevictable 0
--------------------BLKIO-----------------------
11:0 Read 0
11:0 Write 0
11:0 Sync 0
11:0 Async 0
11:0 Total 0
253:0 Read 3224858624
253:0 Write 229376
253:0 Sync 0
253:0 Async 3225088000
253:0 Total 3225088000
Total 3225088000
--------------------CPUAC-----------------------
user 2590
system 23432
 
--------------------MEMCG-----------------------
MEM ONLY  : 953 MB
MEM+SWAP  : 953 MB
cache 906993664
rss 92893184
rss_huge 0
mapped_file 3375104
writeback 0
swap 0
pgpgin 28040143
pgpgout 27796028
pgfault 5970188
pgmajfault 258
inactive_anon 46641152
active_anon 46333952
inactive_file 453623808
active_file 453238784
unevictable 0
hierarchical_memory_limit 999997440
hierarchical_memsw_limit 9223372036854771712
total_cache 907005952
total_rss 92893184
total_rss_huge 0
total_mapped_file 3375104
total_writeback 0
total_swap 0
total_pgpgin 28040144
total_pgpgout 27796028
total_pgfault 5970188
total_pgmajfault 258
total_inactive_anon 46641152
total_active_anon 46333952
total_inactive_file 453681152
total_active_file 453238784
total_unevictable 0
--------------------BLKIO-----------------------
11:0 Read 0
11:0 Write 0
11:0 Sync 0
11:0 Async 0
11:0 Total 0
253:0 Read 3224858624
253:0 Write 229376
253:0 Sync 0
253:0 Async 3225088000
253:0 Total 3225088000
Total 3225088000
--------------------CPUAC-----------------------
user 2778
system 25244
 
--------------------MEMCG-----------------------
MEM ONLY  : 953 MB
MEM+SWAP  : 953 MB
cache 907100160
rss 92884992
rss_huge 0
mapped_file 3334144
writeback 0
swap 0
pgpgin 30036233
pgpgout 29792095
pgfault 6384656
pgmajfault 259
inactive_anon 46641152
active_anon 46325760
inactive_file 453492736
active_file 453521408
unevictable 0
hierarchical_memory_limit 999997440
hierarchical_memsw_limit 9223372036854771712
total_cache 907108352
total_rss 92884992
total_rss_huge 0
total_mapped_file 3334144
total_writeback 0
total_swap 0
total_pgpgin 30036235
total_pgpgout 29792095
total_pgfault 6384656
total_pgmajfault 259
total_inactive_anon 46641152
total_active_anon 46325760
total_inactive_file 453492736
total_active_file 453521408
total_unevictable 0
--------------------BLKIO-----------------------
11:0 Read 0
11:0 Write 0
11:0 Sync 0
11:0 Async 0
11:0 Total 0
253:0 Read 3224858624
253:0 Write 229376
253:0 Sync 0
253:0 Async 3225088000
253:0 Total 3225088000
Total 3225088000
--------------------CPUAC-----------------------
user 2974
system 27048
 
--------------------MEMCG-----------------------
MEM ONLY  : 953 MB
MEM+SWAP  : 953 MB
cache 907001856
rss 92897280
rss_huge 0
mapped_file 3375104
writeback 0
swap 0
pgpgin 32040264
pgpgout 31796148
pgfault 6795875
pgmajfault 260
inactive_anon 46641152
active_anon 46338048
inactive_file 453357568
active_file 453431296
unevictable 0
hierarchical_memory_limit 999997440
hierarchical_memsw_limit 9223372036854771712
total_cache 907001856
total_rss 92897280
total_rss_huge 0
total_mapped_file 3375104
total_writeback 0
total_swap 0
total_pgpgin 32040264
total_pgpgout 31796148
total_pgfault 6795875
total_pgmajfault 260
total_inactive_anon 46641152
total_active_anon 46338048
total_inactive_file 453357568
total_active_file 453431296
total_unevictable 0
--------------------BLKIO-----------------------
11:0 Read 0
11:0 Write 0
11:0 Sync 0
11:0 Async 0
11:0 Total 0
253:0 Read 3224858624
253:0 Write 229376
253:0 Sync 0
253:0 Async 3225088000
253:0 Total 3225088000
Total 3225088000
--------------------CPUAC-----------------------
user 3163
system 28859
 
--------------------MEMCG-----------------------
MEM ONLY  : 953 MB
MEM+SWAP  : 953 MB
cache 906944512
rss 92901376
rss_huge 0
mapped_file 3334144
writeback 0
swap 0
pgpgin 34041653
pgpgout 33797548
pgfault 7208375
pgmajfault 266
inactive_anon 46641152
active_anon 46342144
inactive_file 453378048
active_file 453476352
unevictable 0
hierarchical_memory_limit 999997440
hierarchical_memsw_limit 9223372036854771712
total_cache 906956800
total_rss 92901376
total_rss_huge 0
total_mapped_file 3334144
total_writeback 0
total_swap 0
total_pgpgin 34041655
total_pgpgout 33797548
total_pgfault 7208375
total_pgmajfault 266
total_inactive_anon 46641152
total_active_anon 46342144
total_inactive_file 453378048
total_active_file 453476352
total_unevictable 0
--------------------BLKIO-----------------------
11:0 Read 0
11:0 Write 0
11:0 Sync 0
11:0 Async 0
11:0 Total 0
253:0 Read 3224858624
253:0 Write 229376
253:0 Sync 0
253:0 Async 3225088000
253:0 Total 3225088000
Total 3225088000
--------------------CPUAC-----------------------
user 3367
system 30655
 
--------------------MEMCG-----------------------
MEM ONLY  : 953 MB
MEM+SWAP  : 953 MB
cache 907079680
rss 92905472
rss_huge 0
mapped_file 3375104
writeback 0
swap 0
pgpgin 36045661
pgpgout 35801523
pgfault 7618867
pgmajfault 267
inactive_anon 46641152
active_anon 46346240
inactive_file 453603328
active_file 453394432
unevictable 0
hierarchical_memory_limit 999997440
hierarchical_memsw_limit 9223372036854771712
total_cache 907083776
total_rss 92905472
total_rss_huge 0
total_mapped_file 3375104
total_writeback 0
total_swap 0
total_pgpgin 36045662
total_pgpgout 35801523
total_pgfault 7618867
total_pgmajfault 267
total_inactive_anon 46641152
total_active_anon 46346240
total_inactive_file 453603328
total_active_file 453394432
total_unevictable 0
--------------------BLKIO-----------------------
11:0 Read 0
11:0 Write 0
11:0 Sync 0
11:0 Async 0
11:0 Total 0
253:0 Read 3224858624
253:0 Write 229376
253:0 Sync 0
253:0 Async 3225088000
253:0 Total 3225088000
Total 3225088000
--------------------CPUAC-----------------------
user 3556
system 32468
 
--------------------MEMCG-----------------------
MEM ONLY  : 953 MB
MEM+SWAP  : 953 MB
cache 906932224
rss 92897280
rss_huge 0
mapped_file 3325952
writeback 0
swap 0
pgpgin 38049151
pgpgout 37805052
pgfault 8031654
pgmajfault 267
inactive_anon 46641152
active_anon 46338048
inactive_file 453693440
active_file 453156864
unevictable 0
hierarchical_memory_limit 999997440
hierarchical_memsw_limit 9223372036854771712
total_cache 906932224
total_rss 92897280
total_rss_huge 0
total_mapped_file 3325952
total_writeback 0
total_swap 0
total_pgpgin 38049151
total_pgpgout 37805053
total_pgfault 8031654
total_pgmajfault 267
total_inactive_anon 46641152
total_active_anon 46333952
total_inactive_file 453693440
total_active_file 453156864
total_unevictable 0
--------------------BLKIO-----------------------
11:0 Read 0
11:0 Write 0
11:0 Sync 0
11:0 Async 0
11:0 Total 0
253:0 Read 3224858624
253:0 Write 229376
253:0 Sync 0
253:0 Async 3225088000
253:0 Total 3225088000
Total 3225088000
--------------------CPUAC-----------------------
user 3746
system 34278
 
--------------------MEMCG-----------------------
MEM ONLY  : 953 MB
MEM+SWAP  : 953 MB
cache 907096064
rss 92901376
rss_huge 0
mapped_file 3334144
writeback 0
swap 0
pgpgin 40049794
pgpgout 39805654
pgfault 8446062
pgmajfault 274
inactive_anon 46641152
active_anon 46342144
inactive_file 453644288
active_file 453275648
unevictable 0
hierarchical_memory_limit 999997440
hierarchical_memsw_limit 9223372036854771712
total_cache 907096064
total_rss 92901376
total_rss_huge 0
total_mapped_file 3334144
total_writeback 0
total_swap 0
total_pgpgin 40049794
total_pgpgout 39805654
total_pgfault 8446062
total_pgmajfault 274
total_inactive_anon 46641152
total_active_anon 46342144
total_inactive_file 453644288
total_active_file 453275648
total_unevictable 0
--------------------BLKIO-----------------------
11:0 Read 0
11:0 Write 0
11:0 Sync 0
11:0 Async 0
11:0 Total 0
253:0 Read 3224858624
253:0 Write 229376
253:0 Sync 0
253:0 Async 3225088000
253:0 Total 3225088000
Total 3225088000
--------------------CPUAC-----------------------
user 3942
system 36082
 
--------------------MEMCG-----------------------
MEM ONLY  : 953 MB
MEM+SWAP  : 953 MB
cache 906903552
rss 92897280
rss_huge 0
mapped_file 3334144
writeback 0
swap 0
pgpgin 42053305
pgpgout 41809213
pgfault 8857450
pgmajfault 274
inactive_anon 46641152
active_anon 46338048
inactive_file 453472256
active_file 453349376
unevictable 0
hierarchical_memory_limit 999997440
hierarchical_memsw_limit 9223372036854771712
total_cache 906903552
total_rss 92897280
total_rss_huge 0
total_mapped_file 3334144
total_writeback 0
total_swap 0
total_pgpgin 42053305
total_pgpgout 41809213
total_pgfault 8857450
total_pgmajfault 274
total_inactive_anon 46641152
total_active_anon 46338048
total_inactive_file 453472256
total_active_file 453349376
total_unevictable 0
--------------------BLKIO-----------------------
11:0 Read 0
11:0 Write 0
11:0 Sync 0
11:0 Async 0
11:0 Total 0
253:0 Read 3224858624
253:0 Write 229376
253:0 Sync 0
253:0 Async 3225088000
253:0 Total 3225088000
Total 3225088000
--------------------CPUAC-----------------------
user 4126
system 37898
 
--------------------MEMCG-----------------------
MEM ONLY  : 953 MB
MEM+SWAP  : 953 MB
cache 906887168
rss 92905472
rss_huge 0
mapped_file 3334144
writeback 0
swap 0
pgpgin 44055197
pgpgout 43811107
pgfault 9268150
pgmajfault 274
inactive_anon 46641152
active_anon 46346240
inactive_file 453500928
active_file 453251072
unevictable 0
hierarchical_memory_limit 999997440
hierarchical_memsw_limit 9223372036854771712
total_cache 906891264
total_rss 92905472
total_rss_huge 0
total_mapped_file 3334144
total_writeback 0
total_swap 0
total_pgpgin 44055199
total_pgpgout 43811107
total_pgfault 9268150
total_pgmajfault 274
total_inactive_anon 46641152
total_active_anon 46346240
total_inactive_file 453558272
total_active_file 453251072
total_unevictable 0
--------------------BLKIO-----------------------
11:0 Read 0
11:0 Write 0
11:0 Sync 0
11:0 Async 0
11:0 Total 0
253:0 Read 3224858624
253:0 Write 229376
253:0 Sync 0
253:0 Async 3225088000
253:0 Total 3225088000
Total 3225088000
--------------------CPUAC-----------------------
user 4312
system 39712
 
--------------------MEMCG-----------------------
MEM ONLY  : 953 MB
MEM+SWAP  : 953 MB
cache 907079680
rss 92901376
rss_huge 0
mapped_file 3334144
writeback 0
swap 0
pgpgin 46054588
pgpgout 45810452
pgfault 9682605
pgmajfault 281
inactive_anon 46641152
active_anon 46342144
inactive_file 453685248
active_file 453283840
unevictable 0
hierarchical_memory_limit 999997440
hierarchical_memsw_limit 9223372036854771712
total_cache 907079680
total_rss 92901376
total_rss_huge 0
total_mapped_file 3334144
total_writeback 0
total_swap 0
total_pgpgin 46054588
total_pgpgout 45810452
total_pgfault 9682605
total_pgmajfault 281
total_inactive_anon 46641152
total_active_anon 46338048
total_inactive_file 453713920
total_active_file 453283840
total_unevictable 0
--------------------BLKIO-----------------------
11:0 Read 0
11:0 Write 0
11:0 Sync 0
11:0 Async 0
11:0 Total 0
253:0 Read 3224858624
253:0 Write 229376
253:0 Sync 0
253:0 Async 3225088000
253:0 Total 3225088000
Total 3225088000
--------------------CPUAC-----------------------
user 4494
system 41532
 
--------------------MEMCG-----------------------
MEM ONLY  : 953 MB
MEM+SWAP  : 953 MB
cache 907001856
rss 92897280
rss_huge 0
mapped_file 3334144
writeback 0
swap 0
pgpgin 48054096
pgpgout 47809978
pgfault 10095459
pgmajfault 282
inactive_anon 46641152
active_anon 46338048
inactive_file 453689344
active_file 453222400
unevictable 0
hierarchical_memory_limit 999997440
hierarchical_memsw_limit 9223372036854771712
total_cache 907014144
total_rss 92897280
total_rss_huge 0
total_mapped_file 3334144
total_writeback 0
total_swap 0
total_pgpgin 48054098
total_pgpgout 47809978
total_pgfault 10095459
total_pgmajfault 282
total_inactive_anon 46641152
total_active_anon 46338048
total_inactive_file 453689344
total_active_file 453222400
total_unevictable 0
--------------------BLKIO-----------------------
11:0 Read 0
11:0 Write 0
11:0 Sync 0
11:0 Async 0
11:0 Total 0
253:0 Read 3224858624
253:0 Write 229376
253:0 Sync 0
253:0 Async 3225088000
253:0 Total 3225088000
Total 3225088000
--------------------CPUAC-----------------------
user 4684
system 43342
 
--------------------MEMCG-----------------------
MEM ONLY  : 953 MB
MEM+SWAP  : 953 MB
cache 907014144
rss 92905472
rss_huge 0
mapped_file 3334144
writeback 0
swap 0
pgpgin 50056172
pgpgout 49812051
pgfault 10506714
pgmajfault 283
inactive_anon 46641152
active_anon 46342144
inactive_file 453767168
active_file 453165056
unevictable 0
hierarchical_memory_limit 999997440
hierarchical_memsw_limit 9223372036854771712
total_cache 907014144
total_rss 92901376
total_rss_huge 0
total_mapped_file 3334144
total_writeback 0
total_swap 0
total_pgpgin 50056172
total_pgpgout 49812052
total_pgfault 10506714
total_pgmajfault 283
total_inactive_anon 46641152
total_active_anon 46342144
total_inactive_file 453767168
total_active_file 453165056
total_unevictable 0
--------------------BLKIO-----------------------
11:0 Read 0
11:0 Write 0
11:0 Sync 0
11:0 Async 0
11:0 Total 0
253:0 Read 3224858624
253:0 Write 229376
253:0 Sync 0
253:0 Async 3225088000
253:0 Total 3225088000
Total 3225088000
--------------------CPUAC-----------------------
user 4874
system 45153
 
--------------------MEMCG-----------------------
MEM ONLY  : 953 MB
MEM+SWAP  : 953 MB
cache 906989568
rss 92884992
rss_huge 0
mapped_file 3334144
writeback 0
swap 0
pgpgin 52054355
pgpgout 51810245
pgfault 10917968
pgmajfault 289
inactive_anon 46641152
active_anon 46325760
inactive_file 453128192
active_file 453779456
unevictable 0
hierarchical_memory_limit 999997440
hierarchical_memsw_limit 9223372036854771712
total_cache 906989568
total_rss 92884992
total_rss_huge 0
total_mapped_file 3334144
total_writeback 0
total_swap 0
total_pgpgin 52054355
total_pgpgout 51810245
total_pgfault 10917969
total_pgmajfault 289
total_inactive_anon 46641152
total_active_anon 46325760
total_inactive_file 453128192
total_active_file 453779456
total_unevictable 0
--------------------BLKIO-----------------------
11:0 Read 0
11:0 Write 0
11:0 Sync 0
11:0 Async 0
11:0 Total 0
253:0 Read 3224858624
253:0 Write 229376
253:0 Sync 0
253:0 Async 3225088000
253:0 Total 3225088000
Total 3225088000
--------------------CPUAC-----------------------
user 5057
system 46964
 
--------------------MEMCG-----------------------
MEM ONLY  : 953 MB
MEM+SWAP  : 953 MB
cache 906903552
rss 92897280
rss_huge 0
mapped_file 3325952
writeback 0
swap 0
pgpgin 54047974
pgpgout 53803882
pgfault 11330266
pgmajfault 289
inactive_anon 46641152
active_anon 46338048
inactive_file 453562368
active_file 453251072
unevictable 0
hierarchical_memory_limit 999997440
hierarchical_memsw_limit 9223372036854771712
total_cache 906903552
total_rss 92897280
total_rss_huge 0
total_mapped_file 3325952
total_writeback 0
total_swap 0
total_pgpgin 54047974
total_pgpgout 53803882
total_pgfault 11330266
total_pgmajfault 289
total_inactive_anon 46641152
total_active_anon 46338048
total_inactive_file 453562368
total_active_file 453251072
total_unevictable 0
--------------------BLKIO-----------------------
11:0 Read 0
11:0 Write 0
11:0 Sync 0
11:0 Async 0
11:0 Total 0
253:0 Read 3224858624
253:0 Write 229376
253:0 Sync 0
253:0 Async 3225088000
253:0 Total 3225088000
Total 3225088000
--------------------CPUAC-----------------------
user 5252
system 48764
 
--------------------MEMCG-----------------------
MEM ONLY  : 953 MB
MEM+SWAP  : 953 MB
cache 907014144
rss 92897280
rss_huge 0
mapped_file 3334144
writeback 0
swap 0
pgpgin 56042323
pgpgout 55798204
pgfault 11742718
pgmajfault 290
inactive_anon 46641152
active_anon 46329856
inactive_file 453709824
active_file 453210112
unevictable 0
hierarchical_memory_limit 999997440
hierarchical_memsw_limit 9223372036854771712
total_cache 907001856
total_rss 92897280
total_rss_huge 0
total_mapped_file 3334144
total_writeback 0
total_swap 0
total_pgpgin 56042323
total_pgpgout 55798207
total_pgfault 11742718
total_pgmajfault 290
total_inactive_anon 46641152
total_active_anon 46338048
total_inactive_file 453578752
total_active_file 453210112
total_unevictable 0
--------------------BLKIO-----------------------
11:0 Read 0
11:0 Write 0
11:0 Sync 0
11:0 Async 0
11:0 Total 0
253:0 Read 3224858624
253:0 Write 229376
253:0 Sync 0
253:0 Async 3225088000
253:0 Total 3225088000
Total 3225088000
--------------------CPUAC-----------------------
user 5451
system 50561
 
--------------------MEMCG-----------------------
MEM ONLY  : 953 MB
MEM+SWAP  : 953 MB
cache 907087872
rss 92909568
rss_huge 0
mapped_file 3334144
writeback 0
swap 0
pgpgin 58046030
pgpgout 57801890
pgfault 12153882
pgmajfault 297
inactive_anon 46641152
active_anon 46350336
inactive_file 453480448
active_file 453431296
unevictable 0
hierarchical_memory_limit 999997440
hierarchical_memsw_limit 9223372036854771712
total_cache 907087872
total_rss 92909568
total_rss_huge 0
total_mapped_file 3334144
total_writeback 0
total_swap 0
total_pgpgin 58046030
total_pgpgout 57801890
total_pgfault 12153882
total_pgmajfault 297
total_inactive_anon 46641152
total_active_anon 46350336
total_inactive_file 453480448
total_active_file 453431296
total_unevictable 0
--------------------BLKIO-----------------------
11:0 Read 0
11:0 Write 0
11:0 Sync 0
11:0 Async 0
11:0 Total 0
253:0 Read 3224858624
253:0 Write 229376
253:0 Sync 0
253:0 Async 3225088000
253:0 Total 3225088000
Total 3225088000
--------------------CPUAC-----------------------
user 5640
system 52373
 
--------------------MEMCG-----------------------
MEM ONLY  : 953 MB
MEM+SWAP  : 953 MB
cache 906928128
rss 92901376
rss_huge 0
mapped_file 3334144
writeback 0
swap 0
pgpgin 60046856
pgpgout 59802757
pgfault 12566928
pgmajfault 298
inactive_anon 46641152
active_anon 46342144
inactive_file 453566464
active_file 453279744
unevictable 0
hierarchical_memory_limit 999997440
hierarchical_memsw_limit 9223372036854771712
total_cache 906928128
total_rss 92901376
total_rss_huge 0
total_mapped_file 3334144
total_writeback 0
total_swap 0
total_pgpgin 60046856
total_pgpgout 59802757
total_pgfault 12566928
total_pgmajfault 298
total_inactive_anon 46641152
total_active_anon 46342144
total_inactive_file 453566464
total_active_file 453279744
total_unevictable 0
--------------------BLKIO-----------------------
11:0 Read 0
11:0 Write 0
11:0 Sync 0
11:0 Async 0
11:0 Total 0
253:0 Read 3224858624
253:0 Write 229376
253:0 Sync 0
253:0 Async 3225088000
253:0 Total 3225088000
Total 3225088000
--------------------CPUAC-----------------------
user 5826
system 54188
 
--------------------MEMCG-----------------------
MEM ONLY  : 953 MB
MEM+SWAP  : 953 MB
cache 906997760
rss 92893184
rss_huge 0
mapped_file 3375104
writeback 0
swap 0
pgpgin 62052112
pgpgout 61807998
pgfault 12979675
pgmajfault 300
inactive_anon 46641152
active_anon 46333952
inactive_file 453443584
active_file 453341184
unevictable 0
hierarchical_memory_limit 999997440
hierarchical_memsw_limit 9223372036854771712
total_cache 906997760
total_rss 92893184
total_rss_huge 0
total_mapped_file 3375104
total_writeback 0
total_swap 0
total_pgpgin 62052112
total_pgpgout 61807998
total_pgfault 12979675
total_pgmajfault 300
total_inactive_anon 46641152
total_active_anon 46333952
total_inactive_file 453443584
total_active_file 453341184
total_unevictable 0
--------------------BLKIO-----------------------
11:0 Read 0
11:0 Write 0
11:0 Sync 0
11:0 Async 0
11:0 Total 0
253:0 Read 3224858624
253:0 Write 229376
253:0 Sync 0
253:0 Async 3225088000
253:0 Total 3225088000
Total 3225088000
--------------------CPUAC-----------------------
user 6018
system 55996
 
--------------------MEMCG-----------------------
MEM ONLY  : 953 MB
MEM+SWAP  : 953 MB
cache 906924032
rss 92889088
rss_huge 0
mapped_file 3334144
writeback 0
swap 0
pgpgin 64053738
pgpgout 63809643
pgfault 13391477
pgmajfault 306
inactive_anon 46641152
active_anon 46325760
inactive_file 453525504
active_file 453189632
unevictable 0
hierarchical_memory_limit 999997440
hierarchical_memsw_limit 9223372036854771712
total_cache 906924032
total_rss 92893184
total_rss_huge 0
total_mapped_file 3334144
total_writeback 0
total_swap 0
total_pgpgin 64053740
total_pgpgout 63809643
total_pgfault 13391479
total_pgmajfault 306
total_inactive_anon 46641152
total_active_anon 46325760
total_inactive_file 453525504
total_active_file 453189632
total_unevictable 0
--------------------BLKIO-----------------------
11:0 Read 0
11:0 Write 0
11:0 Sync 0
11:0 Async 0
11:0 Total 0
253:0 Read 3224858624
253:0 Write 229376
253:0 Sync 0
253:0 Async 3225088000
253:0 Total 3225088000
Total 3225088000
--------------------CPUAC-----------------------
user 6217
system 57798
 
--------------------MEMCG-----------------------
MEM ONLY  : 953 MB
MEM+SWAP  : 953 MB
cache 906911744
rss 92884992
rss_huge 0
mapped_file 3334144
writeback 0
swap 0
pgpgin 66058171
pgpgout 65814080
pgfault 13805914
pgmajfault 307
inactive_anon 46641152
active_anon 46325760
inactive_file 453386240
active_file 453443584
unevictable 0
hierarchical_memory_limit 999997440
hierarchical_memsw_limit 9223372036854771712
total_cache 906911744
total_rss 92889088
total_rss_huge 0
total_mapped_file 3334144
total_writeback 0
total_swap 0
total_pgpgin 66058173
total_pgpgout 65814080
total_pgfault 13805915
total_pgmajfault 307
total_inactive_anon 46641152
total_active_anon 46325760
total_inactive_file 453386240
total_active_file 453443584
total_unevictable 0
--------------------BLKIO-----------------------
11:0 Read 0
11:0 Write 0
11:0 Sync 0
11:0 Async 0
11:0 Total 0
253:0 Read 3224858624
253:0 Write 229376
253:0 Sync 0
253:0 Async 3225088000
253:0 Total 3225088000
Total 3225088000
--------------------CPUAC-----------------------
user 6421
system 59595
 
--------------------MEMCG-----------------------
MEM ONLY  : 953 MB
MEM+SWAP  : 953 MB
cache 906985472
rss 92889088
rss_huge 0
mapped_file 3325952
writeback 0
swap 0
pgpgin 68057860
pgpgout 67813749
pgfault 14218138
pgmajfault 308
inactive_anon 46641152
active_anon 46329856
inactive_file 453619712
active_file 453279744
unevictable 0
hierarchical_memory_limit 999997440
hierarchical_memsw_limit 9223372036854771712
total_cache 906993664
total_rss 92889088
total_rss_huge 0
total_mapped_file 3325952
total_writeback 0
total_swap 0
total_pgpgin 68057862
total_pgpgout 67813749
total_pgfault 14218138
total_pgmajfault 308
total_inactive_anon 46641152
total_active_anon 46329856
total_inactive_file 453619712
total_active_file 453279744
total_unevictable 0
--------------------BLKIO-----------------------
11:0 Read 0
11:0 Write 0
11:0 Sync 0
11:0 Async 0
11:0 Total 0
253:0 Read 3224858624
253:0 Write 229376
253:0 Sync 0
253:0 Async 3225088000
253:0 Total 3225088000
Total 3225088000
--------------------CPUAC-----------------------
user 6621
system 61395
 
--------------------MEMCG-----------------------
MEM ONLY  : 953 MB
MEM+SWAP  : 953 MB
cache 906907648
rss 92905472
rss_huge 0
mapped_file 3334144
writeback 0
swap 0
pgpgin 70060846
pgpgout 69816750
pgfault 14630102
pgmajfault 315
inactive_anon 46641152
active_anon 46346240
inactive_file 453410816
active_file 453398528
unevictable 0
hierarchical_memory_limit 999997440
hierarchical_memsw_limit 9223372036854771712
total_cache 906915840
total_rss 92905472
total_rss_huge 0
total_mapped_file 3334144
total_writeback 0
total_swap 0
total_pgpgin 70060848
total_pgpgout 69816750
total_pgfault 14630102
total_pgmajfault 315
total_inactive_anon 46641152
total_active_anon 46346240
total_inactive_file 453410816
total_active_file 453398528
total_unevictable 0
--------------------BLKIO-----------------------
11:0 Read 0
11:0 Write 0
11:0 Sync 0
11:0 Async 0
11:0 Total 0
253:0 Read 3224858624
253:0 Write 229376
253:0 Sync 0
253:0 Async 3225088000
253:0 Total 3225088000
Total 3225088000
--------------------CPUAC-----------------------
user 6809
system 63208
 
--------------------MEMCG-----------------------
MEM ONLY  : 953 MB
MEM+SWAP  : 953 MB
cache 907001856
rss 92901376
rss_huge 0
mapped_file 3334144
writeback 0
swap 0
pgpgin 72060867
pgpgout 71816754
pgfault 15043142
pgmajfault 315
inactive_anon 46641152
active_anon 46342144
inactive_file 453685248
active_file 453165056
unevictable 0
hierarchical_memory_limit 999997440
hierarchical_memsw_limit 9223372036854771712
total_cache 906985472
total_rss 92901376
total_rss_huge 0
total_mapped_file 3334144
total_writeback 0
total_swap 0
total_pgpgin 72060867
total_pgpgout 71816754
total_pgfault 15043142
total_pgmajfault 315
total_inactive_anon 46641152
total_active_anon 46342144
total_inactive_file 453607424
total_active_file 453165056
total_unevictable 0
--------------------BLKIO-----------------------
11:0 Read 0
11:0 Write 0
11:0 Sync 0
11:0 Async 0
11:0 Total 0
253:0 Read 3224858624
253:0 Write 229376
253:0 Sync 0
253:0 Async 3225088000
253:0 Total 3225088000
Total 3225088000
--------------------CPUAC-----------------------
user 7010
system 65008
 
--------------------MEMCG-----------------------
MEM ONLY  : 953 MB
MEM+SWAP  : 953 MB
cache 906993664
rss 92901376
rss_huge 0
mapped_file 3334144
writeback 0
swap 0
pgpgin 74065579
pgpgout 73821464
pgfault 15454527
pgmajfault 315
inactive_anon 46641152
active_anon 46342144
inactive_file 453296128
active_file 453484544
unevictable 0
hierarchical_memory_limit 999997440
hierarchical_memsw_limit 9223372036854771712
total_cache 906993664
total_rss 92901376
total_rss_huge 0
total_mapped_file 3334144
total_writeback 0
total_swap 0
total_pgpgin 74065579
total_pgpgout 73821464
total_pgfault 15454527
total_pgmajfault 315
total_inactive_anon 46641152
total_active_anon 46342144
total_inactive_file 453296128
total_active_file 453484544
total_unevictable 0
--------------------BLKIO-----------------------
11:0 Read 0
11:0 Write 0
11:0 Sync 0
11:0 Async 0
11:0 Total 0
253:0 Read 3224858624
253:0 Write 229376
253:0 Sync 0
253:0 Async 3225088000
253:0 Total 3225088000
Total 3225088000
--------------------CPUAC-----------------------
user 7211
system 66808
 
