--------------------MEMCG-----------------------
MEM ONLY  : 367 MB
MEM+SWAP  : 367 MB
cache 293376000
rss 92467200
rss_huge 0
mapped_file 44863488
writeback 0
swap 0
pgpgin 75060853
pgpgout 74966653
pgfault 15702865
pgmajfault 567
inactive_anon 6443008
active_anon 86106112
inactive_file 266354688
active_file 26939392
unevictable 0
hierarchical_memory_limit 999997440
hierarchical_memsw_limit 9223372036854771712
total_cache 293376000
total_rss 92467200
total_rss_huge 0
total_mapped_file 44863488
total_writeback 0
total_swap 0
total_pgpgin 75060853
total_pgpgout 74966653
total_pgfault 15702865
total_pgmajfault 567
total_inactive_anon 6443008
total_active_anon 86106112
total_inactive_file 266354688
total_active_file 26939392
total_unevictable 0
--------------------BLKIO-----------------------
11:0 Read 0
11:0 Write 0
11:0 Sync 0
11:0 Async 0
11:0 Total 0
253:0 Read 3398086656
253:0 Write 229376
253:0 Sync 0
253:0 Async 3398316032
253:0 Total 3398316032
Total 3398316032
--------------------CPUAC-----------------------
user 8010
system 67280
 
--------------------MEMCG-----------------------
MEM ONLY  : 81 MB
MEM+SWAP  : 81 MB
cache 75735040
rss 9801728
rss_huge 0
mapped_file 45801472
writeback 0
swap 0
pgpgin 91478
pgpgout 70595
pgfault 184295
pgmajfault 217
inactive_anon 53248
active_anon 9838592
inactive_file 49905664
active_file 25739264
unevictable 0
hierarchical_memory_limit 999997440
hierarchical_memsw_limit 9223372036854771712
total_cache 75735040
total_rss 9801728
total_rss_huge 0
total_mapped_file 45801472
total_writeback 0
total_swap 0
total_pgpgin 91478
total_pgpgout 70595
total_pgfault 184295
total_pgmajfault 217
total_inactive_anon 53248
total_active_anon 9838592
total_inactive_file 49905664
total_active_file 25739264
total_unevictable 0
--------------------BLKIO-----------------------
11:0 Read 0
11:0 Write 0
11:0 Sync 0
11:0 Async 0
11:0 Total 0
253:0 Read 36212736
253:0 Write 229376
253:0 Sync 0
253:0 Async 36442112
253:0 Total 36442112
Total 36442112
--------------------CPUAC-----------------------
user 54
system 107
 
--------------------MEMCG-----------------------
MEM ONLY  : 474 MB
MEM+SWAP  : 474 MB
cache 404574208
rss 92758016
rss_huge 0
mapped_file 46514176
writeback 0
swap 0
pgpgin 208283
pgpgout 86864
pgfault 223130
pgmajfault 217
inactive_anon 49152
active_anon 92790784
inactive_file 362061824
active_file 42393600
unevictable 0
hierarchical_memory_limit 999997440
hierarchical_memsw_limit 9223372036854771712
total_cache 404574208
total_rss 92758016
total_rss_huge 0
total_mapped_file 46514176
total_writeback 0
total_swap 0
total_pgpgin 208283
total_pgpgout 86864
total_pgfault 223130
total_pgmajfault 217
total_inactive_anon 49152
total_active_anon 92790784
total_inactive_file 362061824
total_active_file 42393600
total_unevictable 0
--------------------BLKIO-----------------------
11:0 Read 0
11:0 Write 0
11:0 Sync 0
11:0 Async 0
11:0 Total 0
253:0 Read 364785664
253:0 Write 229376
253:0 Sync 0
253:0 Async 365015040
253:0 Total 365015040
Total 365015040
--------------------CPUAC-----------------------
user 83
system 221
 
--------------------MEMCG-----------------------
MEM ONLY  : 822 MB
MEM+SWAP  : 822 MB
cache 769691648
rss 92758016
rss_huge 0
mapped_file 46514176
writeback 0
swap 0
pgpgin 317763
pgpgout 107204
pgfault 244116
pgmajfault 217
inactive_anon 49152
active_anon 92790784
inactive_file 662999040
active_file 106577920
unevictable 0
hierarchical_memory_limit 999997440
hierarchical_memsw_limit 9223372036854771712
total_cache 769691648
total_rss 92758016
total_rss_huge 0
total_mapped_file 46514176
total_writeback 0
total_swap 0
total_pgpgin 317763
total_pgpgout 107204
total_pgfault 244116
total_pgmajfault 217
total_inactive_anon 49152
total_active_anon 92790784
total_inactive_file 662999040
total_active_file 106577920
total_unevictable 0
--------------------BLKIO-----------------------
11:0 Read 0
11:0 Write 0
11:0 Sync 0
11:0 Async 0
11:0 Total 0
253:0 Read 729903104
253:0 Write 229376
253:0 Sync 0
253:0 Async 730132480
253:0 Total 730132480
Total 730132480
--------------------CPUAC-----------------------
user 96
system 293
 
--------------------MEMCG-----------------------
MEM ONLY  : 953 MB
MEM+SWAP  : 953 MB
cache 907370496
rss 92491776
rss_huge 0
mapped_file 46346240
writeback 0
swap 0
pgpgin 431120
pgpgout 187013
pgfault 267443
pgmajfault 217
inactive_anon 46370816
active_anon 46202880
inactive_file 686592000
active_file 220676096
unevictable 0
hierarchical_memory_limit 999997440
hierarchical_memsw_limit 9223372036854771712
total_cache 907370496
total_rss 92491776
total_rss_huge 0
total_mapped_file 46346240
total_writeback 0
total_swap 0
total_pgpgin 431120
total_pgpgout 187013
total_pgfault 267443
total_pgmajfault 217
total_inactive_anon 46370816
total_active_anon 46202880
total_inactive_file 686592000
total_active_file 220676096
total_unevictable 0
--------------------BLKIO-----------------------
11:0 Read 0
11:0 Write 0
11:0 Sync 0
11:0 Async 0
11:0 Total 0
253:0 Read 1090068480
253:0 Write 229376
253:0 Sync 0
253:0 Async 1090297856
253:0 Total 1090297856
Total 1090297856
--------------------CPUAC-----------------------
user 110
system 393
 
--------------------MEMCG-----------------------
MEM ONLY  : 953 MB
MEM+SWAP  : 953 MB
cache 907395072
rss 92491776
rss_huge 0
mapped_file 26071040
writeback 0
swap 0
pgpgin 561701
pgpgout 317588
pgfault 295087
pgmajfault 217
inactive_anon 46370816
active_anon 46202880
inactive_file 549244928
active_file 358047744
unevictable 0
hierarchical_memory_limit 999997440
hierarchical_memsw_limit 9223372036854771712
total_cache 907395072
total_rss 92491776
total_rss_huge 0
total_mapped_file 26071040
total_writeback 0
total_swap 0
total_pgpgin 561701
total_pgpgout 317588
total_pgfault 295087
total_pgmajfault 217
total_inactive_anon 46370816
total_active_anon 46202880
total_inactive_file 549244928
total_active_file 358047744
total_unevictable 0
--------------------BLKIO-----------------------
11:0 Read 0
11:0 Write 0
11:0 Sync 0
11:0 Async 0
11:0 Total 0
253:0 Read 1441234944
253:0 Write 229376
253:0 Sync 0
253:0 Async 1441464320
253:0 Total 1441464320
Total 1441464320
--------------------CPUAC-----------------------
user 128
system 513
 
--------------------MEMCG-----------------------
MEM ONLY  : 953 MB
MEM+SWAP  : 953 MB
cache 907448320
rss 92491776
rss_huge 0
mapped_file 12468224
writeback 0
swap 0
pgpgin 726328
pgpgout 482202
pgfault 329706
pgmajfault 217
inactive_anon 46370816
active_anon 46202880
inactive_file 453967872
active_file 453398528
unevictable 0
hierarchical_memory_limit 999997440
hierarchical_memsw_limit 9223372036854771712
total_cache 907448320
total_rss 92491776
total_rss_huge 0
total_mapped_file 12468224
total_writeback 0
total_swap 0
total_pgpgin 726328
total_pgpgout 482202
total_pgfault 329706
total_pgmajfault 217
total_inactive_anon 46370816
total_active_anon 46202880
total_inactive_file 453967872
total_active_file 453398528
total_unevictable 0
--------------------BLKIO-----------------------
11:0 Read 0
11:0 Write 0
11:0 Sync 0
11:0 Async 0
11:0 Total 0
253:0 Read 1801261056
253:0 Write 229376
253:0 Sync 0
253:0 Async 1801490432
253:0 Total 1801490432
Total 1801490432
--------------------CPUAC-----------------------
user 142
system 672
 
--------------------MEMCG-----------------------
MEM ONLY  : 953 MB
MEM+SWAP  : 953 MB
cache 907370496
rss 92491776
rss_huge 0
mapped_file 8667136
writeback 733184
swap 0
pgpgin 926937
pgpgout 682830
pgfault 371423
pgmajfault 217
inactive_anon 46370816
active_anon 46202880
inactive_file 454094848
active_file 453193728
unevictable 0
hierarchical_memory_limit 999997440
hierarchical_memsw_limit 9223372036854771712
total_cache 907370496
total_rss 92491776
total_rss_huge 0
total_mapped_file 8667136
total_writeback 733184
total_swap 0
total_pgpgin 926937
total_pgpgout 682830
total_pgfault 371423
total_pgmajfault 217
total_inactive_anon 46370816
total_active_anon 46202880
total_inactive_file 454094848
total_active_file 453193728
total_unevictable 0
--------------------BLKIO-----------------------
11:0 Read 0
11:0 Write 0
11:0 Sync 0
11:0 Async 0
11:0 Total 0
253:0 Read 2159341568
253:0 Write 229376
253:0 Sync 0
253:0 Async 2159570944
253:0 Total 2159570944
Total 2159570944
--------------------CPUAC-----------------------
user 165
system 858
 
--------------------MEMCG-----------------------
MEM ONLY  : 953 MB
MEM+SWAP  : 953 MB
cache 907337728
rss 92491776
rss_huge 0
mapped_file 7774208
writeback 0
swap 0
pgpgin 1212258
pgpgout 968159
pgfault 431423
pgmajfault 217
inactive_anon 46370816
active_anon 46202880
inactive_file 453775360
active_file 453447680
unevictable 0
hierarchical_memory_limit 999997440
hierarchical_memsw_limit 9223372036854771712
total_cache 907337728
total_rss 92491776
total_rss_huge 0
total_mapped_file 7774208
total_writeback 0
total_swap 0
total_pgpgin 1212258
total_pgpgout 968159
total_pgfault 431423
total_pgmajfault 217
total_inactive_anon 46370816
total_active_anon 46202880
total_inactive_file 453775360
total_active_file 453447680
total_unevictable 0
--------------------BLKIO-----------------------
11:0 Read 0
11:0 Write 0
11:0 Sync 0
11:0 Async 0
11:0 Total 0
253:0 Read 2518708224
253:0 Write 229376
253:0 Sync 0
253:0 Async 2518937600
253:0 Total 2518937600
Total 2518937600
--------------------CPUAC-----------------------
user 198
system 1106
 
--------------------MEMCG-----------------------
MEM ONLY  : 953 MB
MEM+SWAP  : 953 MB
cache 907415552
rss 92491776
rss_huge 0
mapped_file 3448832
writeback 0
swap 0
pgpgin 1700096
pgpgout 1455978
pgfault 534810
pgmajfault 220
inactive_anon 46370816
active_anon 46202880
inactive_file 453775360
active_file 453558272
unevictable 0
hierarchical_memory_limit 999997440
hierarchical_memsw_limit 9223372036854771712
total_cache 907415552
total_rss 92491776
total_rss_huge 0
total_mapped_file 3448832
total_writeback 0
total_swap 0
total_pgpgin 1700096
total_pgpgout 1455978
total_pgfault 534810
total_pgmajfault 220
total_inactive_anon 46370816
total_active_anon 46202880
total_inactive_file 453775360
total_active_file 453558272
total_unevictable 0
--------------------BLKIO-----------------------
11:0 Read 0
11:0 Write 0
11:0 Sync 0
11:0 Async 0
11:0 Total 0
253:0 Read 2871574528
253:0 Write 229376
253:0 Sync 0
253:0 Async 2871803904
253:0 Total 2871803904
Total 2871803904
--------------------CPUAC-----------------------
user 245
system 1538
 
--------------------MEMCG-----------------------
MEM ONLY  : 953 MB
MEM+SWAP  : 953 MB
cache 907399168
rss 92491776
rss_huge 0
mapped_file 3375104
writeback 0
swap 0
pgpgin 3099260
pgpgout 2855144
pgfault 824934
pgmajfault 221
inactive_anon 46370816
active_anon 46202880
inactive_file 453808128
active_file 453464064
unevictable 0
hierarchical_memory_limit 999997440
hierarchical_memsw_limit 9223372036854771712
total_cache 907411456
total_rss 92491776
total_rss_huge 0
total_mapped_file 3375104
total_writeback 0
total_swap 0
total_pgpgin 3099261
total_pgpgout 2855144
total_pgfault 824934
total_pgmajfault 221
total_inactive_anon 46370816
total_active_anon 46202880
total_inactive_file 453808128
total_active_file 453464064
total_unevictable 0
--------------------BLKIO-----------------------
11:0 Read 0
11:0 Write 0
11:0 Sync 0
11:0 Async 0
11:0 Total 0
253:0 Read 3176386560
253:0 Write 229376
253:0 Sync 0
253:0 Async 3176615936
253:0 Total 3176615936
Total 3176615936
--------------------CPUAC-----------------------
user 390
system 2742
 
--------------------MEMCG-----------------------
MEM ONLY  : 953 MB
MEM+SWAP  : 953 MB
cache 907423744
rss 92512256
rss_huge 0
mapped_file 3334144
writeback 0
swap 0
pgpgin 5121526
pgpgout 4877401
pgfault 1244462
pgmajfault 224
inactive_anon 46370816
active_anon 46223360
inactive_file 453619712
active_file 453722112
unevictable 0
hierarchical_memory_limit 999997440
hierarchical_memsw_limit 9223372036854771712
total_cache 907423744
total_rss 92512256
total_rss_huge 0
total_mapped_file 3334144
total_writeback 0
total_swap 0
total_pgpgin 5121526
total_pgpgout 4877402
total_pgfault 1244462
total_pgmajfault 224
total_inactive_anon 46370816
total_active_anon 46219264
total_inactive_file 453619712
total_active_file 453722112
total_unevictable 0
--------------------BLKIO-----------------------
11:0 Read 0
11:0 Write 0
11:0 Sync 0
11:0 Async 0
11:0 Total 0
253:0 Read 3221594112
253:0 Write 229376
253:0 Sync 0
253:0 Async 3221823488
253:0 Total 3221823488
Total 3221823488
--------------------CPUAC-----------------------
user 609
system 4521
 
--------------------MEMCG-----------------------
MEM ONLY  : 953 MB
MEM+SWAP  : 953 MB
cache 907251712
rss 92495872
rss_huge 0
mapped_file 3334144
writeback 0
swap 0
pgpgin 7137413
pgpgout 6893334
pgfault 1660947
pgmajfault 230
inactive_anon 46370816
active_anon 46202880
inactive_file 453640192
active_file 453529600
unevictable 0
hierarchical_memory_limit 999997440
hierarchical_memsw_limit 9223372036854771712
total_cache 907251712
total_rss 92504064
total_rss_huge 0
total_mapped_file 3334144
total_writeback 0
total_swap 0
total_pgpgin 7137415
total_pgpgout 6893334
total_pgfault 1660949
total_pgmajfault 230
total_inactive_anon 46370816
total_active_anon 46202880
total_inactive_file 453640192
total_active_file 453529600
total_unevictable 0
--------------------BLKIO-----------------------
11:0 Read 0
11:0 Write 0
11:0 Sync 0
11:0 Async 0
11:0 Total 0
253:0 Read 3224834048
253:0 Write 229376
253:0 Sync 0
253:0 Async 3225063424
253:0 Total 3225063424
Total 3225063424
--------------------CPUAC-----------------------
user 812
system 6312
 
--------------------MEMCG-----------------------
MEM ONLY  : 953 MB
MEM+SWAP  : 953 MB
cache 907399168
rss 92504064
rss_huge 0
mapped_file 3334144
writeback 0
swap 0
pgpgin 9149625
pgpgout 8905508
pgfault 2073590
pgmajfault 230
inactive_anon 46370816
active_anon 46215168
inactive_file 453722112
active_file 453595136
unevictable 0
hierarchical_memory_limit 999997440
hierarchical_memsw_limit 9223372036854771712
total_cache 907399168
total_rss 92504064
total_rss_huge 0
total_mapped_file 3334144
total_writeback 0
total_swap 0
total_pgpgin 9149625
total_pgpgout 8905508
total_pgfault 2073590
total_pgmajfault 230
total_inactive_anon 46370816
total_active_anon 46211072
total_inactive_file 453722112
total_active_file 453595136
total_unevictable 0
--------------------BLKIO-----------------------
11:0 Read 0
11:0 Write 0
11:0 Sync 0
11:0 Async 0
11:0 Total 0
253:0 Read 3225014272
253:0 Write 229376
253:0 Sync 0
253:0 Async 3225243648
253:0 Total 3225243648
Total 3225243648
--------------------CPUAC-----------------------
user 1039
system 8086
 
--------------------MEMCG-----------------------
MEM ONLY  : 953 MB
MEM+SWAP  : 953 MB
cache 907325440
rss 92516352
rss_huge 0
mapped_file 3334144
writeback 0
swap 0
pgpgin 11157505
pgpgout 10913403
pgfault 2488064
pgmajfault 231
inactive_anon 46370816
active_anon 46227456
inactive_file 453607424
active_file 453582848
unevictable 0
hierarchical_memory_limit 999997440
hierarchical_memsw_limit 9223372036854771712
total_cache 907325440
total_rss 92516352
total_rss_huge 0
total_mapped_file 3334144
total_writeback 0
total_swap 0
total_pgpgin 11157505
total_pgpgout 10913403
total_pgfault 2488064
total_pgmajfault 231
total_inactive_anon 46370816
total_active_anon 46227456
total_inactive_file 453607424
total_active_file 453582848
total_unevictable 0
--------------------BLKIO-----------------------
11:0 Read 0
11:0 Write 0
11:0 Sync 0
11:0 Async 0
11:0 Total 0
253:0 Read 3225014272
253:0 Write 229376
253:0 Sync 0
253:0 Async 3225243648
253:0 Total 3225243648
Total 3225243648
--------------------CPUAC-----------------------
user 1251
system 9874
 
--------------------MEMCG-----------------------
MEM ONLY  : 953 MB
MEM+SWAP  : 953 MB
cache 907468800
rss 92495872
rss_huge 0
mapped_file 3375104
writeback 0
swap 0
pgpgin 13160301
pgpgout 12916169
pgfault 2898976
pgmajfault 238
inactive_anon 46370816
active_anon 46202880
inactive_file 453545984
active_file 453840896
unevictable 0
hierarchical_memory_limit 999997440
hierarchical_memsw_limit 9223372036854771712
total_cache 907468800
total_rss 92499968
total_rss_huge 0
total_mapped_file 3375104
total_writeback 0
total_swap 0
total_pgpgin 13160303
total_pgpgout 12916169
total_pgfault 2898978
total_pgmajfault 238
total_inactive_anon 46370816
total_active_anon 46202880
total_inactive_file 453545984
total_active_file 453840896
total_unevictable 0
--------------------BLKIO-----------------------
11:0 Read 0
11:0 Write 0
11:0 Sync 0
11:0 Async 0
11:0 Total 0
253:0 Read 3225014272
253:0 Write 229376
253:0 Sync 0
253:0 Async 3225243648
253:0 Total 3225243648
Total 3225243648
--------------------CPUAC-----------------------
user 1459
system 11666
 
--------------------MEMCG-----------------------
MEM ONLY  : 953 MB
MEM+SWAP  : 953 MB
cache 907317248
rss 92499968
rss_huge 0
mapped_file 3334144
writeback 0
swap 0
pgpgin 15156849
pgpgout 14912752
pgfault 3310055
pgmajfault 238
inactive_anon 46370816
active_anon 46211072
inactive_file 453521408
active_file 453693440
unevictable 0
hierarchical_memory_limit 999997440
hierarchical_memsw_limit 9223372036854771712
total_cache 907329536
total_rss 92499968
total_rss_huge 0
total_mapped_file 3334144
total_writeback 0
total_swap 0
total_pgpgin 15156851
total_pgpgout 14912752
total_pgfault 3310055
total_pgmajfault 238
total_inactive_anon 46370816
total_active_anon 46211072
total_inactive_file 453521408
total_active_file 453693440
total_unevictable 0
--------------------BLKIO-----------------------
11:0 Read 0
11:0 Write 0
11:0 Sync 0
11:0 Async 0
11:0 Total 0
253:0 Read 3225014272
253:0 Write 229376
253:0 Sync 0
253:0 Async 3225243648
253:0 Total 3225243648
Total 3225243648
--------------------CPUAC-----------------------
user 1664
system 13456
 
--------------------MEMCG-----------------------
MEM ONLY  : 953 MB
MEM+SWAP  : 953 MB
cache 907407360
rss 92495872
rss_huge 0
mapped_file 3334144
writeback 0
swap 0
pgpgin 17161458
pgpgout 16917341
pgfault 3722653
pgmajfault 238
inactive_anon 46370816
active_anon 46206976
inactive_file 453447680
active_file 453746688
unevictable 0
hierarchical_memory_limit 999997440
hierarchical_memsw_limit 9223372036854771712
total_cache 907407360
total_rss 92495872
total_rss_huge 0
total_mapped_file 3334144
total_writeback 0
total_swap 0
total_pgpgin 17161458
total_pgpgout 16917341
total_pgfault 3722653
total_pgmajfault 238
total_inactive_anon 46370816
total_active_anon 46206976
total_inactive_file 453447680
total_active_file 453746688
total_unevictable 0
--------------------BLKIO-----------------------
11:0 Read 0
11:0 Write 0
11:0 Sync 0
11:0 Async 0
11:0 Total 0
253:0 Read 3225014272
253:0 Write 229376
253:0 Sync 0
253:0 Async 3225243648
253:0 Total 3225243648
Total 3225243648
--------------------CPUAC-----------------------
user 1878
system 15243
 
--------------------MEMCG-----------------------
MEM ONLY  : 953 MB
MEM+SWAP  : 953 MB
cache 907452416
rss 92516352
rss_huge 0
mapped_file 3334144
writeback 0
swap 0
pgpgin 19154091
pgpgout 18909958
pgfault 4137393
pgmajfault 244
inactive_anon 46370816
active_anon 46227456
inactive_file 453783552
active_file 453586944
unevictable 0
hierarchical_memory_limit 999997440
hierarchical_memsw_limit 9223372036854771712
total_cache 907452416
total_rss 92516352
total_rss_huge 0
total_mapped_file 3334144
total_writeback 0
total_swap 0
total_pgpgin 19154091
total_pgpgout 18909958
total_pgfault 4137393
total_pgmajfault 244
total_inactive_anon 46370816
total_active_anon 46227456
total_inactive_file 453783552
total_active_file 453586944
total_unevictable 0
--------------------BLKIO-----------------------
11:0 Read 0
11:0 Write 0
11:0 Sync 0
11:0 Async 0
11:0 Total 0
253:0 Read 3225014272
253:0 Write 229376
253:0 Sync 0
253:0 Async 3225243648
253:0 Total 3225243648
Total 3225243648
--------------------CPUAC-----------------------
user 2094
system 17027
 
--------------------MEMCG-----------------------
MEM ONLY  : 953 MB
MEM+SWAP  : 953 MB
cache 907485184
rss 92512256
rss_huge 0
mapped_file 3334144
writeback 0
swap 0
pgpgin 21166458
pgpgout 20922318
pgfault 4549485
pgmajfault 245
inactive_anon 46370816
active_anon 46223360
inactive_file 454057984
active_file 453251072
unevictable 0
hierarchical_memory_limit 999997440
hierarchical_memsw_limit 9223372036854771712
total_cache 907485184
total_rss 92512256
total_rss_huge 0
total_mapped_file 3334144
total_writeback 0
total_swap 0
total_pgpgin 21166458
total_pgpgout 20922318
total_pgfault 4549485
total_pgmajfault 245
total_inactive_anon 46370816
total_active_anon 46223360
total_inactive_file 454057984
total_active_file 453251072
total_unevictable 0
--------------------BLKIO-----------------------
11:0 Read 0
11:0 Write 0
11:0 Sync 0
11:0 Async 0
11:0 Total 0
253:0 Read 3225014272
253:0 Write 229376
253:0 Sync 0
253:0 Async 3225243648
253:0 Total 3225243648
Total 3225243648
--------------------CPUAC-----------------------
user 2310
system 18811
 
--------------------MEMCG-----------------------
MEM ONLY  : 953 MB
MEM+SWAP  : 953 MB
cache 907362304
rss 92504064
rss_huge 0
mapped_file 3325952
writeback 0
swap 0
pgpgin 23174645
pgpgout 22930536
pgfault 4962499
pgmajfault 245
inactive_anon 46370816
active_anon 46215168
inactive_file 453685248
active_file 453599232
unevictable 0
hierarchical_memory_limit 999997440
hierarchical_memsw_limit 9223372036854771712
total_cache 907370496
total_rss 92504064
total_rss_huge 0
total_mapped_file 3325952
total_writeback 0
total_swap 0
total_pgpgin 23174647
total_pgpgout 22930536
total_pgfault 4962499
total_pgmajfault 245
total_inactive_anon 46370816
total_active_anon 46215168
total_inactive_file 453685248
total_active_file 453599232
total_unevictable 0
--------------------BLKIO-----------------------
11:0 Read 0
11:0 Write 0
11:0 Sync 0
11:0 Async 0
11:0 Total 0
253:0 Read 3225014272
253:0 Write 229376
253:0 Sync 0
253:0 Async 3225243648
253:0 Total 3225243648
Total 3225243648
--------------------CPUAC-----------------------
user 2512
system 20610
 
--------------------MEMCG-----------------------
MEM ONLY  : 953 MB
MEM+SWAP  : 953 MB
cache 907481088
rss 92516352
rss_huge 0
mapped_file 3334144
writeback 0
swap 0
pgpgin 25181602
pgpgout 24937462
pgfault 5376090
pgmajfault 253
inactive_anon 46370816
active_anon 46227456
inactive_file 453844992
active_file 453459968
unevictable 0
hierarchical_memory_limit 999997440
hierarchical_memsw_limit 9223372036854771712
total_cache 907481088
total_rss 92516352
total_rss_huge 0
total_mapped_file 3334144
total_writeback 0
total_swap 0
total_pgpgin 25181602
total_pgpgout 24937462
total_pgfault 5376090
total_pgmajfault 253
total_inactive_anon 46370816
total_active_anon 46227456
total_inactive_file 453844992
total_active_file 453459968
total_unevictable 0
--------------------BLKIO-----------------------
11:0 Read 0
11:0 Write 0
11:0 Sync 0
11:0 Async 0
11:0 Total 0
253:0 Read 3225018368
253:0 Write 229376
253:0 Sync 0
253:0 Async 3225247744
253:0 Total 3225247744
Total 3225247744
--------------------CPUAC-----------------------
user 2740
system 22380
 
--------------------MEMCG-----------------------
MEM ONLY  : 953 MB
MEM+SWAP  : 953 MB
cache 907427840
rss 92508160
rss_huge 0
mapped_file 3325952
writeback 0
swap 0
pgpgin 27188466
pgpgout 26944340
pgfault 5789773
pgmajfault 253
inactive_anon 46370816
active_anon 46219264
inactive_file 453980160
active_file 453361664
unevictable 0
hierarchical_memory_limit 999997440
hierarchical_memsw_limit 9223372036854771712
total_cache 907436032
total_rss 92508160
total_rss_huge 0
total_mapped_file 3325952
total_writeback 0
total_swap 0
total_pgpgin 27188467
total_pgpgout 26944340
total_pgfault 5789773
total_pgmajfault 253
total_inactive_anon 46370816
total_active_anon 46219264
total_inactive_file 453980160
total_active_file 453361664
total_unevictable 0
--------------------BLKIO-----------------------
11:0 Read 0
11:0 Write 0
11:0 Sync 0
11:0 Async 0
11:0 Total 0
253:0 Read 3225018368
253:0 Write 229376
253:0 Sync 0
253:0 Async 3225247744
253:0 Total 3225247744
Total 3225247744
--------------------CPUAC-----------------------
user 2950
system 24171
 
--------------------MEMCG-----------------------
MEM ONLY  : 953 MB
MEM+SWAP  : 953 MB
cache 907317248
rss 92491776
rss_huge 0
mapped_file 3334144
writeback 0
swap 0
pgpgin 29192636
pgpgout 28948541
pgfault 6206216
pgmajfault 254
inactive_anon 46370816
active_anon 46202880
inactive_file 453464064
active_file 453722112
unevictable 0
hierarchical_memory_limit 999997440
hierarchical_memsw_limit 9223372036854771712
total_cache 907329536
total_rss 92491776
total_rss_huge 0
total_mapped_file 3334144
total_writeback 0
total_swap 0
total_pgpgin 29192638
total_pgpgout 28948541
total_pgfault 6206216
total_pgmajfault 254
total_inactive_anon 46370816
total_active_anon 46202880
total_inactive_file 453464064
total_active_file 453779456
total_unevictable 0
--------------------BLKIO-----------------------
11:0 Read 0
11:0 Write 0
11:0 Sync 0
11:0 Async 0
11:0 Total 0
253:0 Read 3225018368
253:0 Write 229376
253:0 Sync 0
253:0 Async 3225247744
253:0 Total 3225247744
Total 3225247744
--------------------CPUAC-----------------------
user 3176
system 25942
 
--------------------MEMCG-----------------------
MEM ONLY  : 953 MB
MEM+SWAP  : 953 MB
cache 907485184
rss 92512256
rss_huge 0
mapped_file 3375104
writeback 0
swap 0
pgpgin 31198699
pgpgout 30954559
pgfault 6620903
pgmajfault 262
inactive_anon 46370816
active_anon 46223360
inactive_file 453799936
active_file 453509120
unevictable 0
hierarchical_memory_limit 999997440
hierarchical_memsw_limit 9223372036854771712
total_cache 907485184
total_rss 92512256
total_rss_huge 0
total_mapped_file 3375104
total_writeback 0
total_swap 0
total_pgpgin 31198699
total_pgpgout 30954559
total_pgfault 6620903
total_pgmajfault 262
total_inactive_anon 46370816
total_active_anon 46223360
total_inactive_file 453799936
total_active_file 453509120
total_unevictable 0
--------------------BLKIO-----------------------
11:0 Read 0
11:0 Write 0
11:0 Sync 0
11:0 Async 0
11:0 Total 0
253:0 Read 3225018368
253:0 Write 229376
253:0 Sync 0
253:0 Async 3225247744
253:0 Total 3225247744
Total 3225247744
--------------------CPUAC-----------------------
user 3398
system 27721
 
--------------------MEMCG-----------------------
MEM ONLY  : 953 MB
MEM+SWAP  : 953 MB
cache 907264000
rss 92512256
rss_huge 0
mapped_file 3334144
writeback 0
swap 0
pgpgin 33209372
pgpgout 32965285
pgfault 7032804
pgmajfault 262
inactive_anon 46370816
active_anon 46223360
inactive_file 453611520
active_file 453533696
unevictable 0
hierarchical_memory_limit 999997440
hierarchical_memsw_limit 9223372036854771712
total_cache 907272192
total_rss 92512256
total_rss_huge 0
total_mapped_file 3334144
total_writeback 0
total_swap 0
total_pgpgin 33209374
total_pgpgout 32965285
total_pgfault 7032804
total_pgmajfault 262
total_inactive_anon 46370816
total_active_anon 46223360
total_inactive_file 453611520
total_active_file 453533696
total_unevictable 0
--------------------BLKIO-----------------------
11:0 Read 0
11:0 Write 0
11:0 Sync 0
11:0 Async 0
11:0 Total 0
253:0 Read 3225018368
253:0 Write 229376
253:0 Sync 0
253:0 Async 3225247744
253:0 Total 3225247744
Total 3225247744
--------------------CPUAC-----------------------
user 3615
system 29505
 
--------------------MEMCG-----------------------
MEM ONLY  : 953 MB
MEM+SWAP  : 953 MB
cache 907264000
rss 92495872
rss_huge 0
mapped_file 3334144
writeback 0
swap 0
pgpgin 35213340
pgpgout 34969257
pgfault 7446260
pgmajfault 262
inactive_anon 46370816
active_anon 46206976
inactive_file 453681152
active_file 453468160
unevictable 0
hierarchical_memory_limit 999997440
hierarchical_memsw_limit 9223372036854771712
total_cache 907272192
total_rss 92495872
total_rss_huge 0
total_mapped_file 3334144
total_writeback 0
total_swap 0
total_pgpgin 35213342
total_pgpgout 34969257
total_pgfault 7446260
total_pgmajfault 262
total_inactive_anon 46370816
total_active_anon 46206976
total_inactive_file 453681152
total_active_file 453468160
total_unevictable 0
--------------------BLKIO-----------------------
11:0 Read 0
11:0 Write 0
11:0 Sync 0
11:0 Async 0
11:0 Total 0
253:0 Read 3225018368
253:0 Write 229376
253:0 Sync 0
253:0 Async 3225247744
253:0 Total 3225247744
Total 3225247744
--------------------CPUAC-----------------------
user 3826
system 31294
 
--------------------MEMCG-----------------------
MEM ONLY  : 953 MB
MEM+SWAP  : 953 MB
cache 907255808
rss 92499968
rss_huge 0
mapped_file 3334144
writeback 0
swap 0
pgpgin 37221999
pgpgout 36977918
pgfault 7859235
pgmajfault 268
inactive_anon 46370816
active_anon 46211072
inactive_file 453672960
active_file 453468160
unevictable 0
hierarchical_memory_limit 999997440
hierarchical_memsw_limit 9223372036854771712
total_cache 907255808
total_rss 92499968
total_rss_huge 0
total_mapped_file 3334144
total_writeback 0
total_swap 0
total_pgpgin 37221999
total_pgpgout 36977926
total_pgfault 7859235
total_pgmajfault 268
total_inactive_anon 46370816
total_active_anon 46211072
total_inactive_file 453672960
total_active_file 453468160
total_unevictable 0
--------------------BLKIO-----------------------
11:0 Read 0
11:0 Write 0
11:0 Sync 0
11:0 Async 0
11:0 Total 0
253:0 Read 3225018368
253:0 Write 229376
253:0 Sync 0
253:0 Async 3225247744
253:0 Total 3225247744
Total 3225247744
--------------------CPUAC-----------------------
user 4029
system 33091
 
--------------------MEMCG-----------------------
MEM ONLY  : 953 MB
MEM+SWAP  : 953 MB
cache 907251712
rss 92508160
rss_huge 0
mapped_file 3334144
writeback 0
swap 0
pgpgin 39231447
pgpgout 38987371
pgfault 8272679
pgmajfault 269
inactive_anon 46370816
active_anon 46219264
inactive_file 453607424
active_file 453533696
unevictable 0
hierarchical_memory_limit 999997440
hierarchical_memsw_limit 9223372036854771712
total_cache 907227136
total_rss 92508160
total_rss_huge 0
total_mapped_file 3334144
total_writeback 0
total_swap 0
total_pgpgin 39231447
total_pgpgout 38987371
total_pgfault 8272679
total_pgmajfault 269
total_inactive_anon 46370816
total_active_anon 46219264
total_inactive_file 453607424
total_active_file 453533696
total_unevictable 0
--------------------BLKIO-----------------------
11:0 Read 0
11:0 Write 0
11:0 Sync 0
11:0 Async 0
11:0 Total 0
253:0 Read 3225018368
253:0 Write 229376
253:0 Sync 0
253:0 Async 3225247744
253:0 Total 3225247744
Total 3225247744
--------------------CPUAC-----------------------
user 4239
system 34882
 
--------------------MEMCG-----------------------
MEM ONLY  : 953 MB
MEM+SWAP  : 953 MB
cache 907337728
rss 92504064
rss_huge 0
mapped_file 3334144
writeback 0
swap 0
pgpgin 41241736
pgpgout 40997633
pgfault 8686421
pgmajfault 269
inactive_anon 46370816
active_anon 46215168
inactive_file 453492736
active_file 453713920
unevictable 0
hierarchical_memory_limit 999997440
hierarchical_memsw_limit 9223372036854771712
total_cache 907341824
total_rss 92504064
total_rss_huge 0
total_mapped_file 3334144
total_writeback 0
total_swap 0
total_pgpgin 41241736
total_pgpgout 40997633
total_pgfault 8686421
total_pgmajfault 269
total_inactive_anon 46370816
total_active_anon 46215168
total_inactive_file 453492736
total_active_file 453713920
total_unevictable 0
--------------------BLKIO-----------------------
11:0 Read 0
11:0 Write 0
11:0 Sync 0
11:0 Async 0
11:0 Total 0
253:0 Read 3225018368
253:0 Write 229376
253:0 Sync 0
253:0 Async 3225247744
253:0 Total 3225247744
Total 3225247744
--------------------CPUAC-----------------------
user 4444
system 36678
 
--------------------MEMCG-----------------------
MEM ONLY  : 953 MB
MEM+SWAP  : 953 MB
cache 907476992
rss 92504064
rss_huge 0
mapped_file 3375104
writeback 0
swap 0
pgpgin 43250737
pgpgout 43006601
pgfault 9098938
pgmajfault 277
inactive_anon 46370816
active_anon 46215168
inactive_file 453570560
active_file 453791744
unevictable 0
hierarchical_memory_limit 999997440
hierarchical_memsw_limit 9223372036854771712
total_cache 907476992
total_rss 92504064
total_rss_huge 0
total_mapped_file 3375104
total_writeback 0
total_swap 0
total_pgpgin 43250737
total_pgpgout 43006601
total_pgfault 9098938
total_pgmajfault 277
total_inactive_anon 46370816
total_active_anon 46215168
total_inactive_file 453570560
total_active_file 453791744
total_unevictable 0
--------------------BLKIO-----------------------
11:0 Read 0
11:0 Write 0
11:0 Sync 0
11:0 Async 0
11:0 Total 0
253:0 Read 3225018368
253:0 Write 229376
253:0 Sync 0
253:0 Async 3225247744
253:0 Total 3225247744
Total 3225247744
--------------------CPUAC-----------------------
user 4638
system 38485
 
--------------------MEMCG-----------------------
MEM ONLY  : 953 MB
MEM+SWAP  : 953 MB
cache 907251712
rss 92495872
rss_huge 0
mapped_file 3375104
writeback 0
swap 0
pgpgin 45254966
pgpgout 45010887
pgfault 9513400
pgmajfault 278
inactive_anon 46370816
active_anon 46206976
inactive_file 453718016
active_file 453423104
unevictable 0
hierarchical_memory_limit 999997440
hierarchical_memsw_limit 9223372036854771712
total_cache 907251712
total_rss 92495872
total_rss_huge 0
total_mapped_file 3375104
total_writeback 0
total_swap 0
total_pgpgin 45254966
total_pgpgout 45010887
total_pgfault 9513400
total_pgmajfault 278
total_inactive_anon 46370816
total_active_anon 46206976
total_inactive_file 453718016
total_active_file 453423104
total_unevictable 0
--------------------BLKIO-----------------------
11:0 Read 0
11:0 Write 0
11:0 Sync 0
11:0 Async 0
11:0 Total 0
253:0 Read 3225018368
253:0 Write 229376
253:0 Sync 0
253:0 Async 3225247744
253:0 Total 3225247744
Total 3225247744
--------------------CPUAC-----------------------
user 4842
system 40281
 
--------------------MEMCG-----------------------
MEM ONLY  : 953 MB
MEM+SWAP  : 953 MB
cache 907370496
rss 92516352
rss_huge 0
mapped_file 3334144
writeback 0
swap 0
pgpgin 47259542
pgpgout 47015429
pgfault 9929614
pgmajfault 279
inactive_anon 46370816
active_anon 46227456
inactive_file 453697536
active_file 453459968
unevictable 0
hierarchical_memory_limit 999997440
hierarchical_memsw_limit 9223372036854771712
total_cache 907370496
total_rss 92516352
total_rss_huge 0
total_mapped_file 3334144
total_writeback 0
total_swap 0
total_pgpgin 47259542
total_pgpgout 47015429
total_pgfault 9929614
total_pgmajfault 279
total_inactive_anon 46370816
total_active_anon 46227456
total_inactive_file 453697536
total_active_file 453459968
total_unevictable 0
--------------------BLKIO-----------------------
11:0 Read 0
11:0 Write 0
11:0 Sync 0
11:0 Async 0
11:0 Total 0
253:0 Read 3225018368
253:0 Write 229376
253:0 Sync 0
253:0 Async 3225247744
253:0 Total 3225247744
Total 3225247744
--------------------CPUAC-----------------------
user 5055
system 42069
 
--------------------MEMCG-----------------------
MEM ONLY  : 953 MB
MEM+SWAP  : 953 MB
cache 907321344
rss 92512256
rss_huge 0
mapped_file 3334144
writeback 0
swap 0
pgpgin 49266749
pgpgout 49022649
pgfault 10341035
pgmajfault 285
inactive_anon 46370816
active_anon 46223360
inactive_file 453824512
active_file 453414912
unevictable 0
hierarchical_memory_limit 999997440
hierarchical_memsw_limit 9223372036854771712
total_cache 907321344
total_rss 92512256
total_rss_huge 0
total_mapped_file 3334144
total_writeback 0
total_swap 0
total_pgpgin 49266749
total_pgpgout 49022649
total_pgfault 10341035
total_pgmajfault 285
total_inactive_anon 46370816
total_active_anon 46223360
total_inactive_file 453824512
total_active_file 453414912
total_unevictable 0
--------------------BLKIO-----------------------
11:0 Read 0
11:0 Write 0
11:0 Sync 0
11:0 Async 0
11:0 Total 0
253:0 Read 3225018368
253:0 Write 229376
253:0 Sync 0
253:0 Async 3225247744
253:0 Total 3225247744
Total 3225247744
--------------------CPUAC-----------------------
user 5271
system 43853
 
--------------------MEMCG-----------------------
MEM ONLY  : 953 MB
MEM+SWAP  : 953 MB
cache 907399168
rss 92491776
rss_huge 0
mapped_file 3375104
writeback 0
swap 0
pgpgin 51265616
pgpgout 51021502
pgfault 10753066
pgmajfault 286
inactive_anon 46370816
active_anon 46202880
inactive_file 453787648
active_file 453353472
unevictable 0
hierarchical_memory_limit 999997440
hierarchical_memsw_limit 9223372036854771712
total_cache 907399168
total_rss 92491776
total_rss_huge 0
total_mapped_file 3375104
total_writeback 0
total_swap 0
total_pgpgin 51265616
total_pgpgout 51021502
total_pgfault 10753066
total_pgmajfault 286
total_inactive_anon 46370816
total_active_anon 46202880
total_inactive_file 453787648
total_active_file 453353472
total_unevictable 0
--------------------BLKIO-----------------------
11:0 Read 0
11:0 Write 0
11:0 Sync 0
11:0 Async 0
11:0 Total 0
253:0 Read 3225018368
253:0 Write 229376
253:0 Sync 0
253:0 Async 3225247744
253:0 Total 3225247744
Total 3225247744
--------------------CPUAC-----------------------
user 5494
system 45630
 
--------------------MEMCG-----------------------
MEM ONLY  : 953 MB
MEM+SWAP  : 953 MB
cache 907358208
rss 92491776
rss_huge 0
mapped_file 3334144
writeback 0
swap 0
pgpgin 53263967
pgpgout 53019863
pgfault 11164462
pgmajfault 287
inactive_anon 46370816
active_anon 46202880
inactive_file 453861376
active_file 453414912
unevictable 0
hierarchical_memory_limit 999997440
hierarchical_memsw_limit 9223372036854771712
total_cache 907358208
total_rss 92491776
total_rss_huge 0
total_mapped_file 3334144
total_writeback 0
total_swap 0
total_pgpgin 53263967
total_pgpgout 53019863
total_pgfault 11164463
total_pgmajfault 287
total_inactive_anon 46370816
total_active_anon 46202880
total_inactive_file 453861376
total_active_file 453414912
total_unevictable 0
--------------------BLKIO-----------------------
11:0 Read 0
11:0 Write 0
11:0 Sync 0
11:0 Async 0
11:0 Total 0
253:0 Read 3225018368
253:0 Write 229376
253:0 Sync 0
253:0 Async 3225247744
253:0 Total 3225247744
Total 3225247744
--------------------CPUAC-----------------------
user 5703
system 47421
 
--------------------MEMCG-----------------------
MEM ONLY  : 953 MB
MEM+SWAP  : 953 MB
cache 907460608
rss 92512256
rss_huge 0
mapped_file 3334144
writeback 0
swap 0
pgpgin 55247826
pgpgout 55003690
pgfault 11577160
pgmajfault 294
inactive_anon 46370816
active_anon 46223360
inactive_file 453943296
active_file 453398528
unevictable 0
hierarchical_memory_limit 999997440
hierarchical_memsw_limit 9223372036854771712
total_cache 907472896
total_rss 92512256
total_rss_huge 0
total_mapped_file 3334144
total_writeback 0
total_swap 0
total_pgpgin 55247828
total_pgpgout 55003690
total_pgfault 11577160
total_pgmajfault 294
total_inactive_anon 46370816
total_active_anon 46223360
total_inactive_file 453943296
total_active_file 453398528
total_unevictable 0
--------------------BLKIO-----------------------
11:0 Read 0
11:0 Write 0
11:0 Sync 0
11:0 Async 0
11:0 Total 0
253:0 Read 3225018368
253:0 Write 229376
253:0 Sync 0
253:0 Async 3225247744
253:0 Total 3225247744
Total 3225247744
--------------------CPUAC-----------------------
user 5928
system 49187
 
--------------------MEMCG-----------------------
MEM ONLY  : 953 MB
MEM+SWAP  : 953 MB
cache 907247616
rss 92516352
rss_huge 0
mapped_file 3375104
writeback 0
swap 0
pgpgin 57250691
pgpgout 57006607
pgfault 11989439
pgmajfault 296
inactive_anon 46370816
active_anon 46227456
inactive_file 453664768
active_file 453468160
unevictable 0
hierarchical_memory_limit 999997440
hierarchical_memsw_limit 9223372036854771712
total_cache 907255808
total_rss 92516352
total_rss_huge 0
total_mapped_file 3375104
total_writeback 0
total_swap 0
total_pgpgin 57250693
total_pgpgout 57006607
total_pgfault 11989439
total_pgmajfault 296
total_inactive_anon 46370816
total_active_anon 46227456
total_inactive_file 453664768
total_active_file 453468160
total_unevictable 0
--------------------BLKIO-----------------------
11:0 Read 0
11:0 Write 0
11:0 Sync 0
11:0 Async 0
11:0 Total 0
253:0 Read 3225018368
253:0 Write 229376
253:0 Sync 0
253:0 Async 3225247744
253:0 Total 3225247744
Total 3225247744
--------------------CPUAC-----------------------
user 6139
system 50976
 
--------------------MEMCG-----------------------
MEM ONLY  : 953 MB
MEM+SWAP  : 953 MB
cache 907354112
rss 92495872
rss_huge 0
mapped_file 3375104
writeback 0
swap 0
pgpgin 59256241
pgpgout 59012137
pgfault 12401366
pgmajfault 297
inactive_anon 46370816
active_anon 46206976
inactive_file 453959680
active_file 453300224
unevictable 0
hierarchical_memory_limit 999997440
hierarchical_memsw_limit 9223372036854771712
total_cache 907354112
total_rss 92495872
total_rss_huge 0
total_mapped_file 3375104
total_writeback 0
total_swap 0
total_pgpgin 59256241
total_pgpgout 59012137
total_pgfault 12401366
total_pgmajfault 297
total_inactive_anon 46370816
total_active_anon 46206976
total_inactive_file 453959680
total_active_file 453300224
total_unevictable 0
--------------------BLKIO-----------------------
11:0 Read 0
11:0 Write 0
11:0 Sync 0
11:0 Async 0
11:0 Total 0
253:0 Read 3225018368
253:0 Write 229376
253:0 Sync 0
253:0 Async 3225247744
253:0 Total 3225247744
Total 3225247744
--------------------CPUAC-----------------------
user 6347
system 52769
 
--------------------MEMCG-----------------------
MEM ONLY  : 953 MB
MEM+SWAP  : 953 MB
cache 907259904
rss 92491776
rss_huge 0
mapped_file 3334144
writeback 0
swap 0
pgpgin 61258944
pgpgout 61014863
pgfault 12816442
pgmajfault 303
inactive_anon 46370816
active_anon 46202880
inactive_file 453758976
active_file 453390336
unevictable 0
hierarchical_memory_limit 999997440
hierarchical_memsw_limit 9223372036854771712
total_cache 907264000
total_rss 92491776
total_rss_huge 0
total_mapped_file 3334144
total_writeback 0
total_swap 0
total_pgpgin 61258945
total_pgpgout 61014863
total_pgfault 12816442
total_pgmajfault 303
total_inactive_anon 46370816
total_active_anon 46202880
total_inactive_file 453758976
total_active_file 453390336
total_unevictable 0
--------------------BLKIO-----------------------
11:0 Read 0
11:0 Write 0
11:0 Sync 0
11:0 Async 0
11:0 Total 0
253:0 Read 3225018368
253:0 Write 229376
253:0 Sync 0
253:0 Async 3225247744
253:0 Total 3225247744
Total 3225247744
--------------------CPUAC-----------------------
user 6570
system 54546
 
--------------------MEMCG-----------------------
MEM ONLY  : 953 MB
MEM+SWAP  : 953 MB
cache 907399168
rss 92504064
rss_huge 0
mapped_file 3375104
writeback 0
swap 0
pgpgin 63267448
pgpgout 63023329
pgfault 13230042
pgmajfault 305
inactive_anon 46370816
active_anon 46215168
inactive_file 453840896
active_file 453459968
unevictable 0
hierarchical_memory_limit 999997440
hierarchical_memsw_limit 9223372036854771712
total_cache 907411456
total_rss 92504064
total_rss_huge 0
total_mapped_file 3375104
total_writeback 0
total_swap 0
total_pgpgin 63267449
total_pgpgout 63023329
total_pgfault 13230042
total_pgmajfault 305
total_inactive_anon 46370816
total_active_anon 46215168
total_inactive_file 453840896
total_active_file 453459968
total_unevictable 0
--------------------BLKIO-----------------------
11:0 Read 0
11:0 Write 0
11:0 Sync 0
11:0 Async 0
11:0 Total 0
253:0 Read 3225018368
253:0 Write 229376
253:0 Sync 0
253:0 Async 3225247744
253:0 Total 3225247744
Total 3225247744
--------------------CPUAC-----------------------
user 6782
system 56334
 
--------------------MEMCG-----------------------
MEM ONLY  : 953 MB
MEM+SWAP  : 953 MB
cache 907382784
rss 92504064
rss_huge 0
mapped_file 3334144
writeback 0
swap 0
pgpgin 65271449
pgpgout 65027368
pgfault 13645293
pgmajfault 305
inactive_anon 46370816
active_anon 46215168
inactive_file 453644288
active_file 453492736
unevictable 0
hierarchical_memory_limit 999997440
hierarchical_memsw_limit 9223372036854771712
total_cache 907251712
total_rss 92504064
total_rss_huge 0
total_mapped_file 3334144
total_writeback 0
total_swap 0
total_pgpgin 65271449
total_pgpgout 65027368
total_pgfault 13645293
total_pgmajfault 305
total_inactive_anon 46370816
total_active_anon 46215168
total_inactive_file 453644288
total_active_file 453492736
total_unevictable 0
--------------------BLKIO-----------------------
11:0 Read 0
11:0 Write 0
11:0 Sync 0
11:0 Async 0
11:0 Total 0
253:0 Read 3225018368
253:0 Write 229376
253:0 Sync 0
253:0 Async 3225247744
253:0 Total 3225247744
Total 3225247744
--------------------CPUAC-----------------------
user 6992
system 58124
 
--------------------MEMCG-----------------------
MEM ONLY  : 953 MB
MEM+SWAP  : 953 MB
cache 907395072
rss 92495872
rss_huge 0
mapped_file 3334144
writeback 0
swap 0
pgpgin 67281669
pgpgout 67037553
pgfault 14060919
pgmajfault 311
inactive_anon 46370816
active_anon 46206976
inactive_file 453664768
active_file 453607424
unevictable 0
hierarchical_memory_limit 999997440
hierarchical_memsw_limit 9223372036854771712
total_cache 907407360
total_rss 92495872
total_rss_huge 0
total_mapped_file 3334144
total_writeback 0
total_swap 0
total_pgpgin 67281671
total_pgpgout 67037553
total_pgfault 14060919
total_pgmajfault 311
total_inactive_anon 46370816
total_active_anon 46206976
total_inactive_file 453664768
total_active_file 453607424
total_unevictable 0
--------------------BLKIO-----------------------
11:0 Read 0
11:0 Write 0
11:0 Sync 0
11:0 Async 0
11:0 Total 0
253:0 Read 3225018368
253:0 Write 229376
253:0 Sync 0
253:0 Async 3225247744
253:0 Total 3225247744
Total 3225247744
--------------------CPUAC-----------------------
user 7218
system 59900
 
--------------------MEMCG-----------------------
MEM ONLY  : 953 MB
MEM+SWAP  : 953 MB
cache 907485184
rss 92491776
rss_huge 0
mapped_file 3334144
writeback 0
swap 0
pgpgin 69287077
pgpgout 69042942
pgfault 14473128
pgmajfault 311
inactive_anon 46370816
active_anon 46202880
inactive_file 454025216
active_file 453378048
unevictable 0
hierarchical_memory_limit 999997440
hierarchical_memsw_limit 9223372036854771712
total_cache 907485184
total_rss 92491776
total_rss_huge 0
total_mapped_file 3334144
total_writeback 0
total_swap 0
total_pgpgin 69287077
total_pgpgout 69042942
total_pgfault 14473129
total_pgmajfault 311
total_inactive_anon 46370816
total_active_anon 46202880
total_inactive_file 454025216
total_active_file 453378048
total_unevictable 0
--------------------BLKIO-----------------------
11:0 Read 0
11:0 Write 0
11:0 Sync 0
11:0 Async 0
11:0 Total 0
253:0 Read 3225018368
253:0 Write 229376
253:0 Sync 0
253:0 Async 3225247744
253:0 Total 3225247744
Total 3225247744
--------------------CPUAC-----------------------
user 7428
system 61691
 
--------------------MEMCG-----------------------
MEM ONLY  : 953 MB
MEM+SWAP  : 953 MB
cache 907284480
rss 92495872
rss_huge 0
mapped_file 3334144
writeback 0
swap 0
pgpgin 71289333
pgpgout 71045245
pgfault 14887859
pgmajfault 311
inactive_anon 46370816
active_anon 46206976
inactive_file 453632000
active_file 453550080
unevictable 0
hierarchical_memory_limit 999997440
hierarchical_memsw_limit 9223372036854771712
total_cache 907292672
total_rss 92495872
total_rss_huge 0
total_mapped_file 3334144
total_writeback 0
total_swap 0
total_pgpgin 71289335
total_pgpgout 71045245
total_pgfault 14887859
total_pgmajfault 311
total_inactive_anon 46370816
total_active_anon 46206976
total_inactive_file 453632000
total_active_file 453550080
total_unevictable 0
--------------------BLKIO-----------------------
11:0 Read 0
11:0 Write 0
11:0 Sync 0
11:0 Async 0
11:0 Total 0
253:0 Read 3225018368
253:0 Write 229376
253:0 Sync 0
253:0 Async 3225247744
253:0 Total 3225247744
Total 3225247744
--------------------CPUAC-----------------------
user 7636
system 63484
 
--------------------MEMCG-----------------------
MEM ONLY  : 953 MB
MEM+SWAP  : 953 MB
cache 907505664
rss 92491776
rss_huge 0
mapped_file 3334144
writeback 0
swap 0
pgpgin 73284545
pgpgout 73040405
pgfault 15298681
pgmajfault 318
inactive_anon 46370816
active_anon 46202880
inactive_file 453988352
active_file 453308416
unevictable 0
hierarchical_memory_limit 999997440
hierarchical_memsw_limit 9223372036854771712
total_cache 907505664
total_rss 92491776
total_rss_huge 0
total_mapped_file 3334144
total_writeback 0
total_swap 0
total_pgpgin 73284545
total_pgpgout 73040405
total_pgfault 15298681
total_pgmajfault 318
total_inactive_anon 46370816
total_active_anon 46202880
total_inactive_file 453988352
total_active_file 453308416
total_unevictable 0
--------------------BLKIO-----------------------
11:0 Read 0
11:0 Write 0
11:0 Sync 0
11:0 Async 0
11:0 Total 0
253:0 Read 3225018368
253:0 Write 229376
253:0 Sync 0
253:0 Async 3225247744
253:0 Total 3225247744
Total 3225247744
--------------------CPUAC-----------------------
user 7846
system 65267
 
--------------------MEMCG-----------------------
MEM ONLY  : 953 MB
MEM+SWAP  : 953 MB
cache 907440128
rss 92512256
rss_huge 0
mapped_file 3334144
writeback 0
swap 0
pgpgin 75282135
pgpgout 75038006
pgfault 15715080
pgmajfault 318
inactive_anon 46370816
active_anon 46223360
inactive_file 453939200
active_file 453419008
unevictable 0
hierarchical_memory_limit 999997440
hierarchical_memsw_limit 9223372036854771712
total_cache 907440128
total_rss 92512256
total_rss_huge 0
total_mapped_file 3334144
total_writeback 0
total_swap 0
total_pgpgin 75282135
total_pgpgout 75038007
total_pgfault 15715080
total_pgmajfault 318
total_inactive_anon 46370816
total_active_anon 46219264
total_inactive_file 453939200
total_active_file 453419008
total_unevictable 0
--------------------BLKIO-----------------------
11:0 Read 0
11:0 Write 0
11:0 Sync 0
11:0 Async 0
11:0 Total 0
253:0 Read 3225018368
253:0 Write 229376
253:0 Sync 0
253:0 Async 3225247744
253:0 Total 3225247744
Total 3225247744
--------------------CPUAC-----------------------
user 8058
system 67055
 
