--------------------MEMCG-----------------------
MEM ONLY  : 299 MB
MEM+SWAP  : 299 MB
cache 220721152
rss 93396992
rss_huge 0
mapped_file 46669824
writeback 0
swap 0
pgpgin 155469
pgpgout 78780
pgfault 215865
pgmajfault 217
inactive_anon 53248
active_anon 93364224
inactive_file 189689856
active_file 30887936
unevictable 0
hierarchical_memory_limit 999997440
hierarchical_memsw_limit 9223372036854771712
total_cache 220721152
total_rss 93396992
total_rss_huge 0
total_mapped_file 46669824
total_writeback 0
total_swap 0
total_pgpgin 155469
total_pgpgout 78780
total_pgfault 215865
total_pgmajfault 217
total_inactive_anon 53248
total_active_anon 93364224
total_inactive_file 189689856
total_active_file 30887936
total_unevictable 0
--------------------BLKIO-----------------------
11:0 Read 0
11:0 Write 0
11:0 Sync 0
11:0 Async 0
11:0 Total 0
253:0 Read 180936704
253:0 Write 229376
253:0 Sync 0
253:0 Async 181166080
253:0 Total 181166080
Total 181166080
--------------------CPUAC-----------------------
user 82
system 178
 
--------------------MEMCG-----------------------
MEM ONLY  : 895 MB
MEM+SWAP  : 895 MB
cache 846581760
rss 92827648
rss_huge 0
mapped_file 46514176
writeback 0
swap 0
pgpgin 341945
pgpgout 112597
pgfault 250863
pgmajfault 217
inactive_anon 49152
active_anon 92860416
inactive_file 720642048
active_file 125825024
unevictable 0
hierarchical_memory_limit 999997440
hierarchical_memsw_limit 9223372036854771712
total_cache 846581760
total_rss 92827648
total_rss_huge 0
total_mapped_file 46514176
total_writeback 0
total_swap 0
total_pgpgin 341945
total_pgpgout 112597
total_pgfault 250863
total_pgmajfault 217
total_inactive_anon 49152
total_active_anon 92860416
total_inactive_file 720642048
total_active_file 125825024
total_unevictable 0
--------------------BLKIO-----------------------
11:0 Read 0
11:0 Write 0
11:0 Sync 0
11:0 Async 0
11:0 Total 0
253:0 Read 806801408
253:0 Write 229376
253:0 Sync 0
253:0 Async 807030784
253:0 Total 807030784
Total 807030784
--------------------CPUAC-----------------------
user 102
system 272
 
--------------------MEMCG-----------------------
MEM ONLY  : 953 MB
MEM+SWAP  : 953 MB
cache 907309056
rss 92561408
rss_huge 0
mapped_file 46346240
writeback 0
swap 0
pgpgin 400528
pgpgout 156419
pgfault 263459
pgmajfault 217
inactive_anon 46514176
active_anon 46129152
inactive_file 722415616
active_file 184782848
unevictable 0
hierarchical_memory_limit 999997440
hierarchical_memsw_limit 9223372036854771712
total_cache 907309056
total_rss 92561408
total_rss_huge 0
total_mapped_file 46346240
total_writeback 0
total_swap 0
total_pgpgin 400528
total_pgpgout 156419
total_pgfault 263459
total_pgmajfault 217
total_inactive_anon 46514176
total_active_anon 46129152
total_inactive_file 722415616
total_active_file 184782848
total_unevictable 0
--------------------BLKIO-----------------------
11:0 Read 0
11:0 Write 0
11:0 Sync 0
11:0 Async 0
11:0 Total 0
253:0 Read 998211584
253:0 Write 229376
253:0 Sync 0
253:0 Async 998440960
253:0 Total 998440960
Total 998440960
--------------------CPUAC-----------------------
user 111
system 316
 
--------------------MEMCG-----------------------
MEM ONLY  : 953 MB
MEM+SWAP  : 953 MB
cache 907436032
rss 92561408
rss_huge 0
mapped_file 46346240
writeback 0
swap 0
pgpgin 480198
pgpgout 236058
pgfault 280434
pgmajfault 217
inactive_anon 46514176
active_anon 46129152
inactive_file 631889920
active_file 275464192
unevictable 0
hierarchical_memory_limit 999997440
hierarchical_memsw_limit 9223372036854771712
total_cache 907436032
total_rss 92561408
total_rss_huge 0
total_mapped_file 46346240
total_writeback 0
total_swap 0
total_pgpgin 480198
total_pgpgout 236058
total_pgfault 280434
total_pgmajfault 217
total_inactive_anon 46514176
total_active_anon 46129152
total_inactive_file 631889920
total_active_file 275464192
total_unevictable 0
--------------------BLKIO-----------------------
11:0 Read 0
11:0 Write 0
11:0 Sync 0
11:0 Async 0
11:0 Total 0
253:0 Read 1227198464
253:0 Write 229376
253:0 Sync 0
253:0 Async 1227427840
253:0 Total 1227427840
Total 1227427840
--------------------CPUAC-----------------------
user 122
system 380
 
--------------------MEMCG-----------------------
MEM ONLY  : 953 MB
MEM+SWAP  : 953 MB
cache 907390976
rss 92561408
rss_huge 0
mapped_file 46280704
writeback 0
swap 0
pgpgin 555570
pgpgout 311441
pgfault 296451
pgmajfault 217
inactive_anon 46514176
active_anon 46129152
inactive_file 555139072
active_file 352137216
unevictable 0
hierarchical_memory_limit 999997440
hierarchical_memsw_limit 9223372036854771712
total_cache 907390976
total_rss 92561408
total_rss_huge 0
total_mapped_file 46280704
total_writeback 0
total_swap 0
total_pgpgin 555570
total_pgpgout 311441
total_pgfault 296451
total_pgmajfault 217
total_inactive_anon 46514176
total_active_anon 46129152
total_inactive_file 555139072
total_active_file 352137216
total_unevictable 0
--------------------BLKIO-----------------------
11:0 Read 0
11:0 Write 0
11:0 Sync 0
11:0 Async 0
11:0 Total 0
253:0 Read 1424654336
253:0 Write 229376
253:0 Sync 0
253:0 Async 1424883712
253:0 Total 1424883712
Total 1424883712
--------------------CPUAC-----------------------
user 129
system 442
 
--------------------MEMCG-----------------------
MEM ONLY  : 953 MB
MEM+SWAP  : 953 MB
cache 907341824
rss 92561408
rss_huge 0
mapped_file 12468224
writeback 0
swap 0
pgpgin 635394
pgpgout 391277
pgfault 312820
pgmajfault 217
inactive_anon 46514176
active_anon 46129152
inactive_file 472436736
active_file 434790400
unevictable 0
hierarchical_memory_limit 999997440
hierarchical_memsw_limit 9223372036854771712
total_cache 907341824
total_rss 92561408
total_rss_huge 0
total_mapped_file 12468224
total_writeback 0
total_swap 0
total_pgpgin 635394
total_pgpgout 391277
total_pgfault 312820
total_pgmajfault 217
total_inactive_anon 46514176
total_active_anon 46129152
total_inactive_file 472436736
total_active_file 434790400
total_unevictable 0
--------------------BLKIO-----------------------
11:0 Read 0
11:0 Write 0
11:0 Sync 0
11:0 Async 0
11:0 Total 0
253:0 Read 1613582336
253:0 Write 229376
253:0 Sync 0
253:0 Async 1613811712
253:0 Total 1613811712
Total 1613811712
--------------------CPUAC-----------------------
user 139
system 495
 
--------------------MEMCG-----------------------
MEM ONLY  : 953 MB
MEM+SWAP  : 953 MB
cache 907227136
rss 92561408
rss_huge 0
mapped_file 12468224
writeback 0
swap 0
pgpgin 726511
pgpgout 482422
pgfault 332054
pgmajfault 217
inactive_anon 46514176
active_anon 46129152
inactive_file 453734400
active_file 453406720
unevictable 0
hierarchical_memory_limit 999997440
hierarchical_memsw_limit 9223372036854771712
total_cache 907227136
total_rss 92561408
total_rss_huge 0
total_mapped_file 12468224
total_writeback 0
total_swap 0
total_pgpgin 726511
total_pgpgout 482422
total_pgfault 332054
total_pgmajfault 217
total_inactive_anon 46514176
total_active_anon 46129152
total_inactive_file 453734400
total_active_file 453406720
total_unevictable 0
--------------------BLKIO-----------------------
11:0 Read 0
11:0 Write 0
11:0 Sync 0
11:0 Async 0
11:0 Total 0
253:0 Read 1799352320
253:0 Write 229376
253:0 Sync 0
253:0 Async 1799581696
253:0 Total 1799581696
Total 1799581696
--------------------CPUAC-----------------------
user 148
system 568
 
--------------------MEMCG-----------------------
MEM ONLY  : 953 MB
MEM+SWAP  : 953 MB
cache 907427840
rss 92561408
rss_huge 0
mapped_file 12468224
writeback 0
swap 0
pgpgin 839393
pgpgout 595255
pgfault 355135
pgmajfault 217
inactive_anon 46514176
active_anon 46129152
inactive_file 453427200
active_file 453885952
unevictable 0
hierarchical_memory_limit 999997440
hierarchical_memsw_limit 9223372036854771712
total_cache 907427840
total_rss 92561408
total_rss_huge 0
total_mapped_file 12468224
total_writeback 0
total_swap 0
total_pgpgin 839393
total_pgpgout 595255
total_pgfault 355135
total_pgmajfault 217
total_inactive_anon 46514176
total_active_anon 46129152
total_inactive_file 453427200
total_active_file 453885952
total_unevictable 0
--------------------BLKIO-----------------------
11:0 Read 0
11:0 Write 0
11:0 Sync 0
11:0 Async 0
11:0 Total 0
253:0 Read 2016174080
253:0 Write 229376
253:0 Sync 0
253:0 Async 2016403456
253:0 Total 2016403456
Total 2016403456
--------------------CPUAC-----------------------
user 158
system 652
 
--------------------MEMCG-----------------------
MEM ONLY  : 953 MB
MEM+SWAP  : 953 MB
cache 907382784
rss 92561408
rss_huge 0
mapped_file 8577024
writeback 0
swap 0
pgpgin 966740
pgpgout 722613
pgfault 382558
pgmajfault 217
inactive_anon 46514176
active_anon 46129152
inactive_file 453832704
active_file 453435392
unevictable 0
hierarchical_memory_limit 999997440
hierarchical_memsw_limit 9223372036854771712
total_cache 907382784
total_rss 92561408
total_rss_huge 0
total_mapped_file 8577024
total_writeback 0
total_swap 0
total_pgpgin 966740
total_pgpgout 722613
total_pgfault 382558
total_pgmajfault 217
total_inactive_anon 46514176
total_active_anon 46129152
total_inactive_file 453832704
total_active_file 453435392
total_unevictable 0
--------------------BLKIO-----------------------
11:0 Read 0
11:0 Write 0
11:0 Sync 0
11:0 Async 0
11:0 Total 0
253:0 Read 2216210432
253:0 Write 229376
253:0 Sync 0
253:0 Async 2216439808
253:0 Total 2216439808
Total 2216439808
--------------------CPUAC-----------------------
user 172
system 736
 
--------------------MEMCG-----------------------
MEM ONLY  : 953 MB
MEM+SWAP  : 953 MB
cache 907378688
rss 92561408
rss_huge 0
mapped_file 8577024
writeback 0
swap 0
pgpgin 1111832
pgpgout 867706
pgfault 412461
pgmajfault 217
inactive_anon 46514176
active_anon 46129152
inactive_file 453820416
active_file 453472256
unevictable 0
hierarchical_memory_limit 999997440
hierarchical_memsw_limit 9223372036854771712
total_cache 907378688
total_rss 92561408
total_rss_huge 0
total_mapped_file 8577024
total_writeback 0
total_swap 0
total_pgpgin 1111832
total_pgpgout 867706
total_pgfault 412461
total_pgmajfault 217
total_inactive_anon 46514176
total_active_anon 46129152
total_inactive_file 453820416
total_active_file 453472256
total_unevictable 0
--------------------BLKIO-----------------------
11:0 Read 0
11:0 Write 0
11:0 Sync 0
11:0 Async 0
11:0 Total 0
253:0 Read 2413182976
253:0 Write 229376
253:0 Sync 0
253:0 Async 2413412352
253:0 Total 2413412352
Total 2413412352
--------------------CPUAC-----------------------
user 184
system 843
 
--------------------MEMCG-----------------------
MEM ONLY  : 953 MB
MEM+SWAP  : 953 MB
cache 907436032
rss 92561408
rss_huge 0
mapped_file 3325952
writeback 0
swap 0
pgpgin 2206339
pgpgout 1962199
pgfault 641282
pgmajfault 217
inactive_anon 46514176
active_anon 46129152
inactive_file 454004736
active_file 453316608
unevictable 0
hierarchical_memory_limit 999997440
hierarchical_memsw_limit 9223372036854771712
total_cache 907436032
total_rss 92561408
total_rss_huge 0
total_mapped_file 3325952
total_writeback 0
total_swap 0
total_pgpgin 2206339
total_pgpgout 1962199
total_pgfault 641282
total_pgmajfault 217
total_inactive_anon 46514176
total_active_anon 46129152
total_inactive_file 454004736
total_active_file 453316608
total_unevictable 0
--------------------BLKIO-----------------------
11:0 Read 0
11:0 Write 0
11:0 Sync 0
11:0 Async 0
11:0 Total 0
253:0 Read 3052613632
253:0 Write 229376
253:0 Sync 0
253:0 Async 3052843008
253:0 Total 3052843008
Total 3052843008
--------------------CPUAC-----------------------
user 294
system 1598
 
--------------------MEMCG-----------------------
MEM ONLY  : 953 MB
MEM+SWAP  : 953 MB
cache 907186176
rss 92577792
rss_huge 0
mapped_file 3518464
writeback 0
swap 0
pgpgin 3577843
pgpgout 3333760
pgfault 926481
pgmajfault 220
inactive_anon 46514176
active_anon 46145536
inactive_file 453779456
active_file 453292032
unevictable 0
hierarchical_memory_limit 999997440
hierarchical_memsw_limit 9223372036854771712
total_cache 907186176
total_rss 92577792
total_rss_huge 0
total_mapped_file 3518464
total_writeback 0
total_swap 0
total_pgpgin 3577843
total_pgpgout 3333760
total_pgfault 926481
total_pgmajfault 220
total_inactive_anon 46514176
total_active_anon 46145536
total_inactive_file 453779456
total_active_file 453292032
total_unevictable 0
--------------------BLKIO-----------------------
11:0 Read 0
11:0 Write 0
11:0 Sync 0
11:0 Async 0
11:0 Total 0
253:0 Read 3197997056
253:0 Write 229376
253:0 Sync 0
253:0 Async 3198226432
253:0 Total 3198226432
Total 3198226432
--------------------CPUAC-----------------------
user 432
system 2574
 
--------------------MEMCG-----------------------
MEM ONLY  : 953 MB
MEM+SWAP  : 953 MB
cache 907390976
rss 92581888
rss_huge 0
mapped_file 3526656
writeback 0
swap 0
pgpgin 4857662
pgpgout 4613526
pgfault 1193232
pgmajfault 227
inactive_anon 46514176
active_anon 46149632
inactive_file 454082560
active_file 453201920
unevictable 0
hierarchical_memory_limit 999997440
hierarchical_memsw_limit 9223372036854771712
total_cache 907399168
total_rss 92581888
total_rss_huge 0
total_mapped_file 3526656
total_writeback 0
total_swap 0
total_pgpgin 4857663
total_pgpgout 4613526
total_pgfault 1193232
total_pgmajfault 227
total_inactive_anon 46514176
total_active_anon 46149632
total_inactive_file 454082560
total_active_file 453201920
total_unevictable 0
--------------------BLKIO-----------------------
11:0 Read 0
11:0 Write 0
11:0 Sync 0
11:0 Async 0
11:0 Total 0
253:0 Read 3220111360
253:0 Write 229376
253:0 Sync 0
253:0 Async 3220340736
253:0 Total 3220340736
Total 3220340736
--------------------CPUAC-----------------------
user 574
system 3500
 
--------------------MEMCG-----------------------
MEM ONLY  : 953 MB
MEM+SWAP  : 953 MB
cache 907235328
rss 92573696
rss_huge 0
mapped_file 3334144
writeback 0
swap 0
pgpgin 6162045
pgpgout 5917951
pgfault 1463222
pgmajfault 230
inactive_anon 46514176
active_anon 46141440
inactive_file 453812224
active_file 453341184
unevictable 0
hierarchical_memory_limit 999997440
hierarchical_memsw_limit 9223372036854771712
total_cache 907235328
total_rss 92573696
total_rss_huge 0
total_mapped_file 3334144
total_writeback 0
total_swap 0
total_pgpgin 6162045
total_pgpgout 5917951
total_pgfault 1463222
total_pgmajfault 230
total_inactive_anon 46514176
total_active_anon 46141440
total_inactive_file 453812224
total_active_file 453341184
total_unevictable 0
--------------------BLKIO-----------------------
11:0 Read 0
11:0 Write 0
11:0 Sync 0
11:0 Async 0
11:0 Total 0
253:0 Read 3223932928
253:0 Write 229376
253:0 Sync 0
253:0 Async 3224162304
253:0 Total 3224162304
Total 3224162304
--------------------CPUAC-----------------------
user 710
system 4450
 
--------------------MEMCG-----------------------
MEM ONLY  : 953 MB
MEM+SWAP  : 953 MB
cache 907325440
rss 92581888
rss_huge 0
mapped_file 3375104
writeback 0
swap 0
pgpgin 7415934
pgpgout 7171814
pgfault 1723116
pgmajfault 231
inactive_anon 46514176
active_anon 46149632
inactive_file 453709824
active_file 453509120
unevictable 0
hierarchical_memory_limit 999997440
hierarchical_memsw_limit 9223372036854771712
total_cache 907333632
total_rss 92581888
total_rss_huge 0
total_mapped_file 3375104
total_writeback 0
total_swap 0
total_pgpgin 7415935
total_pgpgout 7171814
total_pgfault 1723116
total_pgmajfault 231
total_inactive_anon 46514176
total_active_anon 46149632
total_inactive_file 453709824
total_active_file 453509120
total_unevictable 0
--------------------BLKIO-----------------------
11:0 Read 0
11:0 Write 0
11:0 Sync 0
11:0 Async 0
11:0 Total 0
253:0 Read 3224535040
253:0 Write 229376
253:0 Sync 0
253:0 Async 3224764416
253:0 Total 3224764416
Total 3224764416
--------------------CPUAC-----------------------
user 852
system 5359
 
--------------------MEMCG-----------------------
MEM ONLY  : 953 MB
MEM+SWAP  : 953 MB
cache 907382784
rss 92569600
rss_huge 0
mapped_file 3375104
writeback 0
swap 0
pgpgin 8688910
pgpgout 8444779
pgfault 1985897
pgmajfault 232
inactive_anon 46514176
active_anon 46137344
inactive_file 453816320
active_file 453443584
unevictable 0
hierarchical_memory_limit 999997440
hierarchical_memsw_limit 9223372036854771712
total_cache 907395072
total_rss 92569600
total_rss_huge 0
total_mapped_file 3375104
total_writeback 0
total_swap 0
total_pgpgin 8688912
total_pgpgout 8444779
total_pgfault 1985897
total_pgmajfault 232
total_inactive_anon 46514176
total_active_anon 46137344
total_inactive_file 453873664
total_active_file 453443584
total_unevictable 0
--------------------BLKIO-----------------------
11:0 Read 0
11:0 Write 0
11:0 Sync 0
11:0 Async 0
11:0 Total 0
253:0 Read 3224535040
253:0 Write 229376
253:0 Sync 0
253:0 Async 3224764416
253:0 Total 3224764416
Total 3224764416
--------------------CPUAC-----------------------
user 988
system 6295
 
--------------------MEMCG-----------------------
MEM ONLY  : 953 MB
MEM+SWAP  : 953 MB
cache 907370496
rss 92573696
rss_huge 0
mapped_file 3375104
writeback 0
swap 0
pgpgin 10297670
pgpgout 10053543
pgfault 2317814
pgmajfault 233
inactive_anon 46514176
active_anon 46141440
inactive_file 453877760
active_file 453410816
unevictable 0
hierarchical_memory_limit 999997440
hierarchical_memsw_limit 9223372036854771712
total_cache 907370496
total_rss 92573696
total_rss_huge 0
total_mapped_file 3375104
total_writeback 0
total_swap 0
total_pgpgin 10297670
total_pgpgout 10053543
total_pgfault 2317814
total_pgmajfault 233
total_inactive_anon 46514176
total_active_anon 46137344
total_inactive_file 453877760
total_active_file 453410816
total_unevictable 0
--------------------BLKIO-----------------------
11:0 Read 0
11:0 Write 0
11:0 Sync 0
11:0 Async 0
11:0 Total 0
253:0 Read 3224535040
253:0 Write 229376
253:0 Sync 0
253:0 Async 3224764416
253:0 Total 3224764416
Total 3224764416
--------------------CPUAC-----------------------
user 1166
system 7468
 
--------------------MEMCG-----------------------
MEM ONLY  : 953 MB
MEM+SWAP  : 953 MB
cache 907419648
rss 92577792
rss_huge 0
mapped_file 3485696
writeback 0
swap 0
pgpgin 11657726
pgpgout 11413586
pgfault 2599054
pgmajfault 239
inactive_anon 46514176
active_anon 46145536
inactive_file 453951488
active_file 453259264
unevictable 0
hierarchical_memory_limit 999997440
hierarchical_memsw_limit 9223372036854771712
total_cache 907419648
total_rss 92577792
total_rss_huge 0
total_mapped_file 3485696
total_writeback 0
total_swap 0
total_pgpgin 11657726
total_pgpgout 11413586
total_pgfault 2599054
total_pgmajfault 239
total_inactive_anon 46514176
total_active_anon 46145536
total_inactive_file 453951488
total_active_file 453259264
total_unevictable 0
--------------------BLKIO-----------------------
11:0 Read 0
11:0 Write 0
11:0 Sync 0
11:0 Async 0
11:0 Total 0
253:0 Read 3224535040
253:0 Write 229376
253:0 Sync 0
253:0 Async 3224764416
253:0 Total 3224764416
Total 3224764416
--------------------CPUAC-----------------------
user 1295
system 8484
 
--------------------MEMCG-----------------------
MEM ONLY  : 953 MB
MEM+SWAP  : 953 MB
cache 907325440
rss 92573696
rss_huge 0
mapped_file 3325952
writeback 0
swap 0
pgpgin 13104753
pgpgout 12860637
pgfault 2895625
pgmajfault 239
inactive_anon 46514176
active_anon 46141440
inactive_file 453062656
active_file 454049792
unevictable 0
hierarchical_memory_limit 999997440
hierarchical_memsw_limit 9223372036854771712
total_cache 907325440
total_rss 92573696
total_rss_huge 0
total_mapped_file 3325952
total_writeback 0
total_swap 0
total_pgpgin 13104753
total_pgpgout 12860637
total_pgfault 2895625
total_pgmajfault 239
total_inactive_anon 46514176
total_active_anon 46141440
total_inactive_file 453062656
total_active_file 454049792
total_unevictable 0
--------------------BLKIO-----------------------
11:0 Read 0
11:0 Write 0
11:0 Sync 0
11:0 Async 0
11:0 Total 0
253:0 Read 3224535040
253:0 Write 229376
253:0 Sync 0
253:0 Async 3224764416
253:0 Total 3224764416
Total 3224764416
--------------------CPUAC-----------------------
user 1445
system 9544
 
--------------------MEMCG-----------------------
MEM ONLY  : 953 MB
MEM+SWAP  : 953 MB
cache 907210752
rss 92561408
rss_huge 0
mapped_file 3334144
writeback 0
swap 0
pgpgin 14383112
pgpgout 14139026
pgfault 3158008
pgmajfault 240
inactive_anon 46514176
active_anon 46129152
inactive_file 453713920
active_file 453373952
unevictable 0
hierarchical_memory_limit 999997440
hierarchical_memsw_limit 9223372036854771712
total_cache 907223040
total_rss 92561408
total_rss_huge 0
total_mapped_file 3334144
total_writeback 0
total_swap 0
total_pgpgin 14383115
total_pgpgout 14139026
total_pgfault 3158008
total_pgmajfault 240
total_inactive_anon 46514176
total_active_anon 46129152
total_inactive_file 453771264
total_active_file 453373952
total_unevictable 0
--------------------BLKIO-----------------------
11:0 Read 0
11:0 Write 0
11:0 Sync 0
11:0 Async 0
11:0 Total 0
253:0 Read 3224535040
253:0 Write 229376
253:0 Sync 0
253:0 Async 3224764416
253:0 Total 3224764416
Total 3224764416
--------------------CPUAC-----------------------
user 1580
system 10483
 
--------------------MEMCG-----------------------
MEM ONLY  : 953 MB
MEM+SWAP  : 953 MB
cache 907374592
rss 92573696
rss_huge 0
mapped_file 3334144
writeback 0
swap 0
pgpgin 16010046
pgpgout 15765918
pgfault 3492791
pgmajfault 240
inactive_anon 46514176
active_anon 46141440
inactive_file 453693440
active_file 453599232
unevictable 0
hierarchical_memory_limit 999997440
hierarchical_memsw_limit 9223372036854771712
total_cache 907374592
total_rss 92573696
total_rss_huge 0
total_mapped_file 3334144
total_writeback 0
total_swap 0
total_pgpgin 16010046
total_pgpgout 15765918
total_pgfault 3492791
total_pgmajfault 240
total_inactive_anon 46514176
total_active_anon 46141440
total_inactive_file 453693440
total_active_file 453599232
total_unevictable 0
--------------------BLKIO-----------------------
11:0 Read 0
11:0 Write 0
11:0 Sync 0
11:0 Async 0
11:0 Total 0
253:0 Read 3224535040
253:0 Write 229376
253:0 Sync 0
253:0 Async 3224764416
253:0 Total 3224764416
Total 3224764416
--------------------CPUAC-----------------------
user 1748
system 11678
 
--------------------MEMCG-----------------------
MEM ONLY  : 953 MB
MEM+SWAP  : 953 MB
cache 907378688
rss 92577792
rss_huge 0
mapped_file 3334144
writeback 0
swap 0
pgpgin 17301510
pgpgout 17057378
pgfault 3758763
pgmajfault 240
inactive_anon 46514176
active_anon 46145536
inactive_file 453898240
active_file 453402624
unevictable 0
hierarchical_memory_limit 999997440
hierarchical_memsw_limit 9223372036854771712
total_cache 907390976
total_rss 92577792
total_rss_huge 0
total_mapped_file 3334144
total_writeback 0
total_swap 0
total_pgpgin 17301513
total_pgpgout 17057378
total_pgfault 3758763
total_pgmajfault 240
total_inactive_anon 46514176
total_active_anon 46145536
total_inactive_file 453898240
total_active_file 453402624
total_unevictable 0
--------------------BLKIO-----------------------
11:0 Read 0
11:0 Write 0
11:0 Sync 0
11:0 Async 0
11:0 Total 0
253:0 Read 3224535040
253:0 Write 229376
253:0 Sync 0
253:0 Async 3224764416
253:0 Total 3224764416
Total 3224764416
--------------------CPUAC-----------------------
user 1888
system 12626
 
--------------------MEMCG-----------------------
MEM ONLY  : 953 MB
MEM+SWAP  : 953 MB
cache 907317248
rss 92569600
rss_huge 0
mapped_file 3485696
writeback 0
swap 0
pgpgin 18706916
pgpgout 18462801
pgfault 4050544
pgmajfault 246
inactive_anon 46514176
active_anon 46137344
inactive_file 453828608
active_file 453386240
unevictable 0
hierarchical_memory_limit 999997440
hierarchical_memsw_limit 9223372036854771712
total_cache 907333632
total_rss 92569600
total_rss_huge 0
total_mapped_file 3485696
total_writeback 0
total_swap 0
total_pgpgin 18706919
total_pgpgout 18462801
total_pgfault 4050544
total_pgmajfault 246
total_inactive_anon 46514176
total_active_anon 46137344
total_inactive_file 453828608
total_active_file 453386240
total_unevictable 0
--------------------BLKIO-----------------------
11:0 Read 0
11:0 Write 0
11:0 Sync 0
11:0 Async 0
11:0 Total 0
253:0 Read 3224535040
253:0 Write 229376
253:0 Sync 0
253:0 Async 3224764416
253:0 Total 3224764416
Total 3224764416
--------------------CPUAC-----------------------
user 2046
system 13659
 
--------------------MEMCG-----------------------
MEM ONLY  : 953 MB
MEM+SWAP  : 953 MB
cache 907304960
rss 92581888
rss_huge 0
mapped_file 3325952
writeback 0
swap 0
pgpgin 19904202
pgpgout 19660089
pgfault 4297660
pgmajfault 246
inactive_anon 46514176
active_anon 46149632
inactive_file 453980160
active_file 453193728
unevictable 0
hierarchical_memory_limit 999997440
hierarchical_memsw_limit 9223372036854771712
total_cache 907304960
total_rss 92581888
total_rss_huge 0
total_mapped_file 3325952
total_writeback 0
total_swap 0
total_pgpgin 19904202
total_pgpgout 19660089
total_pgfault 4297660
total_pgmajfault 246
total_inactive_anon 46514176
total_active_anon 46149632
total_inactive_file 453980160
total_active_file 453193728
total_unevictable 0
--------------------BLKIO-----------------------
11:0 Read 0
11:0 Write 0
11:0 Sync 0
11:0 Async 0
11:0 Total 0
253:0 Read 3224535040
253:0 Write 229376
253:0 Sync 0
253:0 Async 3224764416
253:0 Total 3224764416
Total 3224764416
--------------------CPUAC-----------------------
user 2177
system 14550
 
--------------------MEMCG-----------------------
MEM ONLY  : 953 MB
MEM+SWAP  : 953 MB
cache 907370496
rss 92585984
rss_huge 0
mapped_file 3334144
writeback 0
swap 0
pgpgin 22319301
pgpgout 22075171
pgfault 4795476
pgmajfault 247
inactive_anon 46514176
active_anon 46153728
inactive_file 454078464
active_file 453210112
unevictable 0
hierarchical_memory_limit 999997440
hierarchical_memsw_limit 9223372036854771712
total_cache 907370496
total_rss 92585984
total_rss_huge 0
total_mapped_file 3334144
total_writeback 0
total_swap 0
total_pgpgin 22319301
total_pgpgout 22075171
total_pgfault 4795476
total_pgmajfault 247
total_inactive_anon 46514176
total_active_anon 46153728
total_inactive_file 454078464
total_active_file 453210112
total_unevictable 0
--------------------BLKIO-----------------------
11:0 Read 0
11:0 Write 0
11:0 Sync 0
11:0 Async 0
11:0 Total 0
253:0 Read 3224535040
253:0 Write 229376
253:0 Sync 0
253:0 Async 3224764416
253:0 Total 3224764416
Total 3224764416
--------------------CPUAC-----------------------
user 2444
system 16313
 
--------------------MEMCG-----------------------
MEM ONLY  : 953 MB
MEM+SWAP  : 953 MB
cache 907337728
rss 92598272
rss_huge 0
mapped_file 3547136
writeback 0
swap 0
pgpgin 25684726
pgpgout 25440601
pgfault 5488452
pgmajfault 257
inactive_anon 46514176
active_anon 46166016
inactive_file 453160960
active_file 454094848
unevictable 0
hierarchical_memory_limit 999997440
hierarchical_memsw_limit 9223372036854771712
total_cache 907337728
total_rss 92598272
total_rss_huge 0
total_mapped_file 3547136
total_writeback 0
total_swap 0
total_pgpgin 25684726
total_pgpgout 25440601
total_pgfault 5488452
total_pgmajfault 257
total_inactive_anon 46514176
total_active_anon 46161920
total_inactive_file 453160960
total_active_file 454094848
total_unevictable 0
--------------------BLKIO-----------------------
11:0 Read 0
11:0 Write 0
11:0 Sync 0
11:0 Async 0
11:0 Total 0
253:0 Read 3224535040
253:0 Write 229376
253:0 Sync 0
253:0 Async 3224764416
253:0 Total 3224764416
Total 3224764416
--------------------CPUAC-----------------------
user 2808
system 18780
 
--------------------MEMCG-----------------------
MEM ONLY  : 953 MB
MEM+SWAP  : 953 MB
cache 907165696
rss 92590080
rss_huge 0
mapped_file 3375104
writeback 0
swap 0
pgpgin 26969394
pgpgout 26725313
pgfault 5754611
pgmajfault 294
inactive_anon 46620672
active_anon 46051328
inactive_file 453677056
active_file 453382144
unevictable 0
hierarchical_memory_limit 999997440
hierarchical_memsw_limit 9223372036854771712
total_cache 907165696
total_rss 92590080
total_rss_huge 0
total_mapped_file 3375104
total_writeback 0
total_swap 0
total_pgpgin 26969394
total_pgpgout 26725313
total_pgfault 5754611
total_pgmajfault 294
total_inactive_anon 46620672
total_active_anon 46051328
total_inactive_file 453701632
total_active_file 453382144
total_unevictable 0
--------------------BLKIO-----------------------
11:0 Read 0
11:0 Write 0
11:0 Sync 0
11:0 Async 0
11:0 Total 0
253:0 Read 3224891392
253:0 Write 229376
253:0 Sync 0
253:0 Async 3225120768
253:0 Total 3225120768
Total 3225120768
--------------------CPUAC-----------------------
user 2925
system 19746
 
--------------------MEMCG-----------------------
MEM ONLY  : 953 MB
MEM+SWAP  : 953 MB
cache 907415552
rss 92581888
rss_huge 0
mapped_file 3334144
writeback 0
swap 0
pgpgin 28352540
pgpgout 28108421
pgfault 6043009
pgmajfault 294
inactive_anon 46620672
active_anon 46043136
inactive_file 453574656
active_file 453668864
unevictable 0
hierarchical_memory_limit 999997440
hierarchical_memsw_limit 9223372036854771712
total_cache 907329536
total_rss 92581888
total_rss_huge 0
total_mapped_file 3334144
total_writeback 0
total_swap 0
total_pgpgin 28352540
total_pgpgout 28108421
total_pgfault 6043009
total_pgmajfault 294
total_inactive_anon 46620672
total_active_anon 46043136
total_inactive_file 453566464
total_active_file 453668864
total_unevictable 0
--------------------BLKIO-----------------------
11:0 Read 0
11:0 Write 0
11:0 Sync 0
11:0 Async 0
11:0 Total 0
253:0 Read 3224891392
253:0 Write 229376
253:0 Sync 0
253:0 Async 3225120768
253:0 Total 3225120768
Total 3225120768
--------------------CPUAC-----------------------
user 3074
system 20770
 
--------------------MEMCG-----------------------
MEM ONLY  : 953 MB
MEM+SWAP  : 953 MB
cache 907169792
rss 92585984
rss_huge 0
mapped_file 3334144
writeback 0
swap 0
pgpgin 29686570
pgpgout 29442487
pgfault 6317246
pgmajfault 294
inactive_anon 46620672
active_anon 46047232
inactive_file 453623808
active_file 453451776
unevictable 0
hierarchical_memory_limit 999997440
hierarchical_memsw_limit 9223372036854771712
total_cache 907186176
total_rss 92585984
total_rss_huge 0
total_mapped_file 3334144
total_writeback 0
total_swap 0
total_pgpgin 29686573
total_pgpgout 29442487
total_pgfault 6317246
total_pgmajfault 294
total_inactive_anon 46620672
total_active_anon 46047232
total_inactive_file 453623808
total_active_file 453451776
total_unevictable 0
--------------------BLKIO-----------------------
11:0 Read 0
11:0 Write 0
11:0 Sync 0
11:0 Async 0
11:0 Total 0
253:0 Read 3224891392
253:0 Write 229376
253:0 Sync 0
253:0 Async 3225120768
253:0 Total 3225120768
Total 3225120768
--------------------CPUAC-----------------------
user 3234
system 21747
 
--------------------MEMCG-----------------------
MEM ONLY  : 953 MB
MEM+SWAP  : 953 MB
cache 907304960
rss 92581888
rss_huge 0
mapped_file 3334144
writeback 0
swap 0
pgpgin 30932836
pgpgout 30688723
pgfault 6571497
pgmajfault 294
inactive_anon 46620672
active_anon 46043136
inactive_file 453574656
active_file 453632000
unevictable 0
hierarchical_memory_limit 999997440
hierarchical_memsw_limit 9223372036854771712
total_cache 907304960
total_rss 92581888
total_rss_huge 0
total_mapped_file 3334144
total_writeback 0
total_swap 0
total_pgpgin 30932836
total_pgpgout 30688723
total_pgfault 6571497
total_pgmajfault 294
total_inactive_anon 46620672
total_active_anon 46043136
total_inactive_file 453574656
total_active_file 453632000
total_unevictable 0
--------------------BLKIO-----------------------
11:0 Read 0
11:0 Write 0
11:0 Sync 0
11:0 Async 0
11:0 Total 0
253:0 Read 3224891392
253:0 Write 229376
253:0 Sync 0
253:0 Async 3225120768
253:0 Total 3225120768
Total 3225120768
--------------------CPUAC-----------------------
user 3368
system 22656
 
--------------------MEMCG-----------------------
MEM ONLY  : 953 MB
MEM+SWAP  : 953 MB
cache 907382784
rss 92569600
rss_huge 0
mapped_file 3485696
writeback 0
swap 0
pgpgin 33393195
pgpgout 33149066
pgfault 7075792
pgmajfault 300
inactive_anon 46620672
active_anon 46030848
inactive_file 453636096
active_file 453533696
unevictable 0
hierarchical_memory_limit 999997440
hierarchical_memsw_limit 9223372036854771712
total_cache 907251712
total_rss 92569600
total_rss_huge 0
total_mapped_file 3485696
total_writeback 0
total_swap 0
total_pgpgin 33393195
total_pgpgout 33149098
total_pgfault 7075792
total_pgmajfault 300
total_inactive_anon 46620672
total_active_anon 46030848
total_inactive_file 453611520
total_active_file 453533696
total_unevictable 0
--------------------BLKIO-----------------------
11:0 Read 0
11:0 Write 0
11:0 Sync 0
11:0 Async 0
11:0 Total 0
253:0 Read 3224891392
253:0 Write 229376
253:0 Sync 0
253:0 Async 3225120768
253:0 Total 3225120768
Total 3225120768
--------------------CPUAC-----------------------
user 3621
system 24481
 
--------------------MEMCG-----------------------
MEM ONLY  : 953 MB
MEM+SWAP  : 953 MB
cache 907296768
rss 92590080
rss_huge 0
mapped_file 3334144
writeback 0
swap 0
pgpgin 37204129
pgpgout 36960016
pgfault 7859379
pgmajfault 300
inactive_anon 46620672
active_anon 46051328
inactive_file 453799936
active_file 453365760
unevictable 0
hierarchical_memory_limit 999997440
hierarchical_memsw_limit 9223372036854771712
total_cache 907296768
total_rss 92590080
total_rss_huge 0
total_mapped_file 3334144
total_writeback 0
total_swap 0
total_pgpgin 37204129
total_pgpgout 36960016
total_pgfault 7859379
total_pgmajfault 300
total_inactive_anon 46620672
total_active_anon 46051328
total_inactive_file 453799936
total_active_file 453365760
total_unevictable 0
--------------------BLKIO-----------------------
11:0 Read 0
11:0 Write 0
11:0 Sync 0
11:0 Async 0
11:0 Total 0
253:0 Read 3224891392
253:0 Write 229376
253:0 Sync 0
253:0 Async 3225120768
253:0 Total 3225120768
Total 3225120768
--------------------CPUAC-----------------------
user 4024
system 27282
 
--------------------MEMCG-----------------------
MEM ONLY  : 953 MB
MEM+SWAP  : 953 MB
cache 907182080
rss 92590080
rss_huge 0
mapped_file 3334144
writeback 0
swap 0
pgpgin 39579758
pgpgout 39335673
pgfault 8348497
pgmajfault 301
inactive_anon 46620672
active_anon 46051328
inactive_file 453607424
active_file 453451776
unevictable 0
hierarchical_memory_limit 999997440
hierarchical_memsw_limit 9223372036854771712
total_cache 907182080
total_rss 92590080
total_rss_huge 0
total_mapped_file 3334144
total_writeback 0
total_swap 0
total_pgpgin 39579758
total_pgpgout 39335673
total_pgfault 8348497
total_pgmajfault 301
total_inactive_anon 46620672
total_active_anon 46051328
total_inactive_file 453607424
total_active_file 453451776
total_unevictable 0
--------------------BLKIO-----------------------
11:0 Read 0
11:0 Write 0
11:0 Sync 0
11:0 Async 0
11:0 Total 0
253:0 Read 3224891392
253:0 Write 229376
253:0 Sync 0
253:0 Async 3225120768
253:0 Total 3225120768
Total 3225120768
--------------------CPUAC-----------------------
user 4274
system 29036
 
--------------------MEMCG-----------------------
MEM ONLY  : 953 MB
MEM+SWAP  : 953 MB
cache 907341824
rss 92565504
rss_huge 0
mapped_file 3334144
writeback 0
swap 0
pgpgin 40803682
pgpgout 40559564
pgfault 8600488
pgmajfault 307
inactive_anon 46620672
active_anon 46026752
inactive_file 453775360
active_file 453484544
unevictable 0
hierarchical_memory_limit 999997440
hierarchical_memsw_limit 9223372036854771712
total_cache 907341824
total_rss 92565504
total_rss_huge 0
total_mapped_file 3334144
total_writeback 0
total_swap 0
total_pgpgin 40803683
total_pgpgout 40559564
total_pgfault 8600489
total_pgmajfault 307
total_inactive_anon 46620672
total_active_anon 46026752
total_inactive_file 453775360
total_active_file 453484544
total_unevictable 0
--------------------BLKIO-----------------------
11:0 Read 0
11:0 Write 0
11:0 Sync 0
11:0 Async 0
11:0 Total 0
253:0 Read 3224891392
253:0 Write 229376
253:0 Sync 0
253:0 Async 3225120768
253:0 Total 3225120768
Total 3225120768
--------------------CPUAC-----------------------
user 4406
system 29932
 
--------------------MEMCG-----------------------
MEM ONLY  : 953 MB
MEM+SWAP  : 953 MB
cache 907411456
rss 92585984
rss_huge 0
mapped_file 3334144
writeback 0
swap 0
pgpgin 42104997
pgpgout 41860857
pgfault 8867550
pgmajfault 307
inactive_anon 46620672
active_anon 46047232
inactive_file 453853184
active_file 453382144
unevictable 0
hierarchical_memory_limit 999997440
hierarchical_memsw_limit 9223372036854771712
total_cache 907411456
total_rss 92585984
total_rss_huge 0
total_mapped_file 3334144
total_writeback 0
total_swap 0
total_pgpgin 42104997
total_pgpgout 41860857
total_pgfault 8867550
total_pgmajfault 307
total_inactive_anon 46620672
total_active_anon 46047232
total_inactive_file 453853184
total_active_file 453382144
total_unevictable 0
--------------------BLKIO-----------------------
11:0 Read 0
11:0 Write 0
11:0 Sync 0
11:0 Async 0
11:0 Total 0
253:0 Read 3224891392
253:0 Write 229376
253:0 Sync 0
253:0 Async 3225120768
253:0 Total 3225120768
Total 3225120768
--------------------CPUAC-----------------------
user 4550
system 30885
 
--------------------MEMCG-----------------------
MEM ONLY  : 953 MB
MEM+SWAP  : 953 MB
cache 907186176
rss 92581888
rss_huge 0
mapped_file 3375104
writeback 0
swap 0
pgpgin 43483887
pgpgout 43239801
pgfault 9150252
pgmajfault 308
inactive_anon 46620672
active_anon 46043136
inactive_file 453296128
active_file 453779456
unevictable 0
hierarchical_memory_limit 999997440
hierarchical_memsw_limit 9223372036854771712
total_cache 907202560
total_rss 92581888
total_rss_huge 0
total_mapped_file 3375104
total_writeback 0
total_swap 0
total_pgpgin 43483890
total_pgpgout 43239801
total_pgfault 9150252
total_pgmajfault 308
total_inactive_anon 46620672
total_active_anon 46043136
total_inactive_file 453296128
total_active_file 453779456
total_unevictable 0
--------------------BLKIO-----------------------
11:0 Read 0
11:0 Write 0
11:0 Sync 0
11:0 Async 0
11:0 Total 0
253:0 Read 3224891392
253:0 Write 229376
253:0 Sync 0
253:0 Async 3225120768
253:0 Total 3225120768
Total 3225120768
--------------------CPUAC-----------------------
user 4691
system 31899
 
--------------------MEMCG-----------------------
MEM ONLY  : 953 MB
MEM+SWAP  : 953 MB
cache 907366400
rss 92577792
rss_huge 0
mapped_file 3334144
writeback 0
swap 0
pgpgin 44713402
pgpgout 44469274
pgfault 9404602
pgmajfault 308
inactive_anon 46620672
active_anon 46039040
inactive_file 453795840
active_file 453488640
unevictable 0
hierarchical_memory_limit 999997440
hierarchical_memsw_limit 9223372036854771712
total_cache 907370496
total_rss 92577792
total_rss_huge 0
total_mapped_file 3334144
total_writeback 0
total_swap 0
total_pgpgin 44713402
total_pgpgout 44469274
total_pgfault 9404602
total_pgmajfault 308
total_inactive_anon 46620672
total_active_anon 46039040
total_inactive_file 453795840
total_active_file 453488640
total_unevictable 0
--------------------BLKIO-----------------------
11:0 Read 0
11:0 Write 0
11:0 Sync 0
11:0 Async 0
11:0 Total 0
253:0 Read 3224891392
253:0 Write 229376
253:0 Sync 0
253:0 Async 3225120768
253:0 Total 3225120768
Total 3225120768
--------------------CPUAC-----------------------
user 4800
system 32827
 
--------------------MEMCG-----------------------
MEM ONLY  : 953 MB
MEM+SWAP  : 953 MB
cache 907423744
rss 92573696
rss_huge 0
mapped_file 3334144
writeback 0
swap 0
pgpgin 45938338
pgpgout 45694198
pgfault 9657831
pgmajfault 308
inactive_anon 46620672
active_anon 46034944
inactive_file 453955584
active_file 453292032
unevictable 0
hierarchical_memory_limit 999997440
hierarchical_memsw_limit 9223372036854771712
total_cache 907423744
total_rss 92573696
total_rss_huge 0
total_mapped_file 3334144
total_writeback 0
total_swap 0
total_pgpgin 45938338
total_pgpgout 45694198
total_pgfault 9657831
total_pgmajfault 308
total_inactive_anon 46620672
total_active_anon 46034944
total_inactive_file 453955584
total_active_file 453292032
total_unevictable 0
--------------------BLKIO-----------------------
11:0 Read 0
11:0 Write 0
11:0 Sync 0
11:0 Async 0
11:0 Total 0
253:0 Read 3224891392
253:0 Write 229376
253:0 Sync 0
253:0 Async 3225120768
253:0 Total 3225120768
Total 3225120768
--------------------CPUAC-----------------------
user 4931
system 33725
 
--------------------MEMCG-----------------------
MEM ONLY  : 953 MB
MEM+SWAP  : 953 MB
cache 907321344
rss 92577792
rss_huge 0
mapped_file 3477504
writeback 0
swap 0
pgpgin 47327296
pgpgout 47083181
pgfault 9946315
pgmajfault 314
inactive_anon 46620672
active_anon 46034944
inactive_file 453709824
active_file 453529600
unevictable 0
hierarchical_memory_limit 999997440
hierarchical_memsw_limit 9223372036854771712
total_cache 907321344
total_rss 92573696
total_rss_huge 0
total_mapped_file 3477504
total_writeback 0
total_swap 0
total_pgpgin 47327296
total_pgpgout 47083181
total_pgfault 9946315
total_pgmajfault 314
total_inactive_anon 46620672
total_active_anon 46034944
total_inactive_file 453709824
total_active_file 453529600
total_unevictable 0
--------------------BLKIO-----------------------
11:0 Read 0
11:0 Write 0
11:0 Sync 0
11:0 Async 0
11:0 Total 0
253:0 Read 3224891392
253:0 Write 229376
253:0 Sync 0
253:0 Async 3225120768
253:0 Total 3225120768
Total 3225120768
--------------------CPUAC-----------------------
user 5091
system 34751
 
--------------------MEMCG-----------------------
MEM ONLY  : 953 MB
MEM+SWAP  : 953 MB
cache 907399168
rss 92581888
rss_huge 0
mapped_file 3334144
writeback 0
swap 0
pgpgin 48550554
pgpgout 48306417
pgfault 10197996
pgmajfault 315
inactive_anon 46620672
active_anon 46043136
inactive_file 453885952
active_file 453394432
unevictable 0
hierarchical_memory_limit 999997440
hierarchical_memsw_limit 9223372036854771712
total_cache 907407360
total_rss 92581888
total_rss_huge 0
total_mapped_file 3334144
total_writeback 0
total_swap 0
total_pgpgin 48550556
total_pgpgout 48306417
total_pgfault 10197996
total_pgmajfault 315
total_inactive_anon 46620672
total_active_anon 46043136
total_inactive_file 453885952
total_active_file 453394432
total_unevictable 0
--------------------BLKIO-----------------------
11:0 Read 0
11:0 Write 0
11:0 Sync 0
11:0 Async 0
11:0 Total 0
253:0 Read 3224891392
253:0 Write 229376
253:0 Sync 0
253:0 Async 3225120768
253:0 Total 3225120768
Total 3225120768
--------------------CPUAC-----------------------
user 5217
system 35654
 
--------------------MEMCG-----------------------
MEM ONLY  : 953 MB
MEM+SWAP  : 953 MB
cache 907190272
rss 92577792
rss_huge 0
mapped_file 3334144
writeback 0
swap 0
pgpgin 49773020
pgpgout 49528936
pgfault 10448942
pgmajfault 315
inactive_anon 46620672
active_anon 46039040
inactive_file 453652480
active_file 453455872
unevictable 0
hierarchical_memory_limit 999997440
hierarchical_memsw_limit 9223372036854771712
total_cache 907190272
total_rss 92577792
total_rss_huge 0
total_mapped_file 3334144
total_writeback 0
total_swap 0
total_pgpgin 49773020
total_pgpgout 49528936
total_pgfault 10448942
total_pgmajfault 315
total_inactive_anon 46620672
total_active_anon 46039040
total_inactive_file 453652480
total_active_file 453455872
total_unevictable 0
--------------------BLKIO-----------------------
11:0 Read 0
11:0 Write 0
11:0 Sync 0
11:0 Async 0
11:0 Total 0
253:0 Read 3224891392
253:0 Write 229376
253:0 Sync 0
253:0 Async 3225120768
253:0 Total 3225120768
Total 3225120768
--------------------CPUAC-----------------------
user 5348
system 36551
 
--------------------MEMCG-----------------------
MEM ONLY  : 953 MB
MEM+SWAP  : 953 MB
cache 907370496
rss 92581888
rss_huge 0
mapped_file 3334144
writeback 0
swap 0
pgpgin 51053166
pgpgout 50809035
pgfault 10712087
pgmajfault 315
inactive_anon 46620672
active_anon 46043136
inactive_file 453603328
active_file 453668864
unevictable 0
hierarchical_memory_limit 999997440
hierarchical_memsw_limit 9223372036854771712
total_cache 907382784
total_rss 92581888
total_rss_huge 0
total_mapped_file 3334144
total_writeback 0
total_swap 0
total_pgpgin 51053168
total_pgpgout 50809035
total_pgfault 10712087
total_pgmajfault 315
total_inactive_anon 46620672
total_active_anon 46043136
total_inactive_file 453603328
total_active_file 453668864
total_unevictable 0
--------------------BLKIO-----------------------
11:0 Read 0
11:0 Write 0
11:0 Sync 0
11:0 Async 0
11:0 Total 0
253:0 Read 3224891392
253:0 Write 229376
253:0 Sync 0
253:0 Async 3225120768
253:0 Total 3225120768
Total 3225120768
--------------------CPUAC-----------------------
user 5479
system 37500
 
--------------------MEMCG-----------------------
MEM ONLY  : 953 MB
MEM+SWAP  : 953 MB
cache 907280384
rss 92590080
rss_huge 0
mapped_file 3325952
writeback 0
swap 0
pgpgin 52273311
pgpgout 52029202
pgfault 10963173
pgmajfault 315
inactive_anon 46620672
active_anon 46051328
inactive_file 453513216
active_file 453627904
unevictable 0
hierarchical_memory_limit 999997440
hierarchical_memsw_limit 9223372036854771712
total_cache 907280384
total_rss 92590080
total_rss_huge 0
total_mapped_file 3325952
total_writeback 0
total_swap 0
total_pgpgin 52273311
total_pgpgout 52029203
total_pgfault 10963173
total_pgmajfault 315
total_inactive_anon 46620672
total_active_anon 46047232
total_inactive_file 453570560
total_active_file 453627904
total_unevictable 0
--------------------BLKIO-----------------------
11:0 Read 0
11:0 Write 0
11:0 Sync 0
11:0 Async 0
11:0 Total 0
253:0 Read 3224891392
253:0 Write 229376
253:0 Sync 0
253:0 Async 3225120768
253:0 Total 3225120768
Total 3225120768
--------------------CPUAC-----------------------
user 5610
system 38400
 
--------------------MEMCG-----------------------
MEM ONLY  : 953 MB
MEM+SWAP  : 953 MB
cache 907321344
rss 92565504
rss_huge 0
mapped_file 3334144
writeback 0
swap 0
pgpgin 53599961
pgpgout 53355848
pgfault 11236454
pgmajfault 316
inactive_anon 46620672
active_anon 46026752
inactive_file 453775360
active_file 453464064
unevictable 0
hierarchical_memory_limit 999997440
hierarchical_memsw_limit 9223372036854771712
total_cache 907321344
total_rss 92569600
total_rss_huge 0
total_mapped_file 3334144
total_writeback 0
total_swap 0
total_pgpgin 53599962
total_pgpgout 53355848
total_pgfault 11236455
total_pgmajfault 316
total_inactive_anon 46620672
total_active_anon 46026752
total_inactive_file 453775360
total_active_file 453464064
total_unevictable 0
--------------------BLKIO-----------------------
11:0 Read 0
11:0 Write 0
11:0 Sync 0
11:0 Async 0
11:0 Total 0
253:0 Read 3224891392
253:0 Write 229376
253:0 Sync 0
253:0 Async 3225120768
253:0 Total 3225120768
Total 3225120768
--------------------CPUAC-----------------------
user 5755
system 39370
 
--------------------MEMCG-----------------------
MEM ONLY  : 953 MB
MEM+SWAP  : 953 MB
cache 907186176
rss 92577792
rss_huge 0
mapped_file 3334144
writeback 0
swap 0
pgpgin 54996937
pgpgout 54752860
pgfault 11526034
pgmajfault 323
inactive_anon 46620672
active_anon 46039040
inactive_file 453615616
active_file 453464064
unevictable 0
hierarchical_memory_limit 999997440
hierarchical_memsw_limit 9223372036854771712
total_cache 907165696
total_rss 92577792
total_rss_huge 0
total_mapped_file 3334144
total_writeback 0
total_swap 0
total_pgpgin 54996939
total_pgpgout 54752860
total_pgfault 11526034
total_pgmajfault 323
total_inactive_anon 46620672
total_active_anon 46039040
total_inactive_file 453615616
total_active_file 453464064
total_unevictable 0
--------------------BLKIO-----------------------
11:0 Read 0
11:0 Write 0
11:0 Sync 0
11:0 Async 0
11:0 Total 0
253:0 Read 3224891392
253:0 Write 229376
253:0 Sync 0
253:0 Async 3225120768
253:0 Total 3225120768
Total 3225120768
--------------------CPUAC-----------------------
user 5888
system 40412
 
--------------------MEMCG-----------------------
MEM ONLY  : 953 MB
MEM+SWAP  : 953 MB
cache 907407360
rss 92590080
rss_huge 0
mapped_file 3375104
writeback 0
swap 0
pgpgin 56225510
pgpgout 55981370
pgfault 11778454
pgmajfault 324
inactive_anon 46620672
active_anon 46051328
inactive_file 453804032
active_file 453427200
unevictable 0
hierarchical_memory_limit 999997440
hierarchical_memsw_limit 9223372036854771712
total_cache 907407360
total_rss 92590080
total_rss_huge 0
total_mapped_file 3375104
total_writeback 0
total_swap 0
total_pgpgin 56225510
total_pgpgout 55981393
total_pgfault 11778454
total_pgmajfault 324
total_inactive_anon 46620672
total_active_anon 46051328
total_inactive_file 453787648
total_active_file 453427200
total_unevictable 0
--------------------BLKIO-----------------------
11:0 Read 0
11:0 Write 0
11:0 Sync 0
11:0 Async 0
11:0 Total 0
253:0 Read 3224891392
253:0 Write 229376
253:0 Sync 0
253:0 Async 3225120768
253:0 Total 3225120768
Total 3225120768
--------------------CPUAC-----------------------
user 6030
system 41300
 
--------------------MEMCG-----------------------
MEM ONLY  : 953 MB
MEM+SWAP  : 953 MB
cache 907350016
rss 92577792
rss_huge 0
mapped_file 3375104
writeback 0
swap 0
pgpgin 57445557
pgpgout 57201433
pgfault 12029956
pgmajfault 325
inactive_anon 46620672
active_anon 46039040
inactive_file 453623808
active_file 453607424
unevictable 0
hierarchical_memory_limit 999997440
hierarchical_memsw_limit 9223372036854771712
total_cache 907362304
total_rss 92577792
total_rss_huge 0
total_mapped_file 3375104
total_writeback 0
total_swap 0
total_pgpgin 57445560
total_pgpgout 57201433
total_pgfault 12029956
total_pgmajfault 325
total_inactive_anon 46620672
total_active_anon 46039040
total_inactive_file 453623808
total_active_file 453607424
total_unevictable 0
--------------------BLKIO-----------------------
11:0 Read 0
11:0 Write 0
11:0 Sync 0
11:0 Async 0
11:0 Total 0
253:0 Read 3224891392
253:0 Write 229376
253:0 Sync 0
253:0 Async 3225120768
253:0 Total 3225120768
Total 3225120768
--------------------CPUAC-----------------------
user 6159
system 42199
 
--------------------MEMCG-----------------------
MEM ONLY  : 953 MB
MEM+SWAP  : 953 MB
cache 907137024
rss 92573696
rss_huge 0
mapped_file 3375104
writeback 0
swap 0
pgpgin 58663885
pgpgout 58419815
pgfault 12279045
pgmajfault 326
inactive_anon 46620672
active_anon 46034944
inactive_file 453697536
active_file 453357568
unevictable 0
hierarchical_memory_limit 999997440
hierarchical_memsw_limit 9223372036854771712
total_cache 907137024
total_rss 92573696
total_rss_huge 0
total_mapped_file 3375104
total_writeback 0
total_swap 0
total_pgpgin 58663885
total_pgpgout 58419815
total_pgfault 12279045
total_pgmajfault 326
total_inactive_anon 46620672
total_active_anon 46034944
total_inactive_file 453697536
total_active_file 453357568
total_unevictable 0
--------------------BLKIO-----------------------
11:0 Read 0
11:0 Write 0
11:0 Sync 0
11:0 Async 0
11:0 Total 0
253:0 Read 3224891392
253:0 Write 229376
253:0 Sync 0
253:0 Async 3225120768
253:0 Total 3225120768
Total 3225120768
--------------------CPUAC-----------------------
user 6294
system 43087
 
--------------------MEMCG-----------------------
MEM ONLY  : 953 MB
MEM+SWAP  : 953 MB
cache 907337728
rss 92577792
rss_huge 0
mapped_file 3334144
writeback 0
swap 0
pgpgin 59890684
pgpgout 59646564
pgfault 12533295
pgmajfault 326
inactive_anon 46620672
active_anon 46039040
inactive_file 453484544
active_file 453771264
unevictable 0
hierarchical_memory_limit 999997440
hierarchical_memsw_limit 9223372036854771712
total_cache 907337728
total_rss 92577792
total_rss_huge 0
total_mapped_file 3334144
total_writeback 0
total_swap 0
total_pgpgin 59890684
total_pgpgout 59646564
total_pgfault 12533295
total_pgmajfault 326
total_inactive_anon 46620672
total_active_anon 46039040
total_inactive_file 453484544
total_active_file 453771264
total_unevictable 0
--------------------BLKIO-----------------------
11:0 Read 0
11:0 Write 0
11:0 Sync 0
11:0 Async 0
11:0 Total 0
253:0 Read 3224891392
253:0 Write 229376
253:0 Sync 0
253:0 Async 3225120768
253:0 Total 3225120768
Total 3225120768
--------------------CPUAC-----------------------
user 6409
system 44001
 
--------------------MEMCG-----------------------
MEM ONLY  : 953 MB
MEM+SWAP  : 953 MB
cache 907350016
rss 92573696
rss_huge 0
mapped_file 3477504
writeback 0
swap 0
pgpgin 61286742
pgpgout 61042621
pgfault 12820674
pgmajfault 332
inactive_anon 46620672
active_anon 46030848
inactive_file 453857280
active_file 453410816
unevictable 0
hierarchical_memory_limit 999997440
hierarchical_memsw_limit 9223372036854771712
total_cache 907350016
total_rss 92569600
total_rss_huge 0
total_mapped_file 3477504
total_writeback 0
total_swap 0
total_pgpgin 61286742
total_pgpgout 61042621
total_pgfault 12820674
total_pgmajfault 332
total_inactive_anon 46620672
total_active_anon 46030848
total_inactive_file 453857280
total_active_file 453410816
total_unevictable 0
--------------------BLKIO-----------------------
11:0 Read 0
11:0 Write 0
11:0 Sync 0
11:0 Async 0
11:0 Total 0
253:0 Read 3224891392
253:0 Write 229376
253:0 Sync 0
253:0 Async 3225120768
253:0 Total 3225120768
Total 3225120768
--------------------CPUAC-----------------------
user 6575
system 45010
 
--------------------MEMCG-----------------------
MEM ONLY  : 953 MB
MEM+SWAP  : 953 MB
cache 907165696
rss 92573696
rss_huge 0
mapped_file 3375104
writeback 0
swap 0
pgpgin 62507778
pgpgout 62263701
pgfault 13071703
pgmajfault 333
inactive_anon 46620672
active_anon 46034944
inactive_file 453550080
active_file 453533696
unevictable 0
hierarchical_memory_limit 999997440
hierarchical_memsw_limit 9223372036854771712
total_cache 907165696
total_rss 92569600
total_rss_huge 0
total_mapped_file 3375104
total_writeback 0
total_swap 0
total_pgpgin 62507778
total_pgpgout 62263702
total_pgfault 13071703
total_pgmajfault 333
total_inactive_anon 46620672
total_active_anon 46030848
total_inactive_file 453550080
total_active_file 453533696
total_unevictable 0
--------------------BLKIO-----------------------
11:0 Read 0
11:0 Write 0
11:0 Sync 0
11:0 Async 0
11:0 Total 0
253:0 Read 3224891392
253:0 Write 229376
253:0 Sync 0
253:0 Async 3225120768
253:0 Total 3225120768
Total 3225120768
--------------------CPUAC-----------------------
user 6714
system 45899
 
--------------------MEMCG-----------------------
MEM ONLY  : 953 MB
MEM+SWAP  : 953 MB
cache 907382784
rss 92565504
rss_huge 0
mapped_file 3375104
writeback 0
swap 0
pgpgin 63727753
pgpgout 63483624
pgfault 13323982
pgmajfault 334
inactive_anon 46620672
active_anon 46026752
inactive_file 453693440
active_file 453578752
unevictable 0
hierarchical_memory_limit 999997440
hierarchical_memsw_limit 9223372036854771712
total_cache 907390976
total_rss 92565504
total_rss_huge 0
total_mapped_file 3375104
total_writeback 0
total_swap 0
total_pgpgin 63727755
total_pgpgout 63483624
total_pgfault 13323982
total_pgmajfault 334
total_inactive_anon 46620672
total_active_anon 46026752
total_inactive_file 453693440
total_active_file 453578752
total_unevictable 0
--------------------BLKIO-----------------------
11:0 Read 0
11:0 Write 0
11:0 Sync 0
11:0 Async 0
11:0 Total 0
253:0 Read 3224891392
253:0 Write 229376
253:0 Sync 0
253:0 Async 3225120768
253:0 Total 3225120768
Total 3225120768
--------------------CPUAC-----------------------
user 6846
system 46796
 
--------------------MEMCG-----------------------
MEM ONLY  : 953 MB
MEM+SWAP  : 953 MB
cache 907333632
rss 92585984
rss_huge 0
mapped_file 3334144
writeback 0
swap 0
pgpgin 65015283
pgpgout 64771160
pgfault 13589438
pgmajfault 334
inactive_anon 46620672
active_anon 46047232
inactive_file 453783552
active_file 453459968
unevictable 0
hierarchical_memory_limit 999997440
hierarchical_memsw_limit 9223372036854771712
total_cache 907341824
total_rss 92585984
total_rss_huge 0
total_mapped_file 3334144
total_writeback 0
total_swap 0
total_pgpgin 65015284
total_pgpgout 64771160
total_pgfault 13589438
total_pgmajfault 334
total_inactive_anon 46620672
total_active_anon 46047232
total_inactive_file 453783552
total_active_file 453459968
total_unevictable 0
--------------------BLKIO-----------------------
11:0 Read 0
11:0 Write 0
11:0 Sync 0
11:0 Async 0
11:0 Total 0
253:0 Read 3224891392
253:0 Write 229376
253:0 Sync 0
253:0 Async 3225120768
253:0 Total 3225120768
Total 3225120768
--------------------CPUAC-----------------------
user 6980
system 47748
 
--------------------MEMCG-----------------------
MEM ONLY  : 953 MB
MEM+SWAP  : 953 MB
cache 907325440
rss 92573696
rss_huge 0
mapped_file 3334144
writeback 0
swap 0
pgpgin 66231994
pgpgout 65987877
pgfault 13841053
pgmajfault 334
inactive_anon 46620672
active_anon 46034944
inactive_file 453652480
active_file 453554176
unevictable 0
hierarchical_memory_limit 999997440
hierarchical_memsw_limit 9223372036854771712
total_cache 907333632
total_rss 92573696
total_rss_huge 0
total_mapped_file 3334144
total_writeback 0
total_swap 0
total_pgpgin 66231995
total_pgpgout 65987877
total_pgfault 13841053
total_pgmajfault 334
total_inactive_anon 46620672
total_active_anon 46034944
total_inactive_file 453652480
total_active_file 453554176
total_unevictable 0
--------------------BLKIO-----------------------
11:0 Read 0
11:0 Write 0
11:0 Sync 0
11:0 Async 0
11:0 Total 0
253:0 Read 3224891392
253:0 Write 229376
253:0 Sync 0
253:0 Async 3225120768
253:0 Total 3225120768
Total 3225120768
--------------------CPUAC-----------------------
user 7110
system 48646
 
--------------------MEMCG-----------------------
MEM ONLY  : 953 MB
MEM+SWAP  : 953 MB
cache 907223040
rss 92565504
rss_huge 0
mapped_file 3375104
writeback 0
swap 0
pgpgin 67685764
pgpgout 67441673
pgfault 14141045
pgmajfault 335
inactive_anon 46620672
active_anon 46026752
inactive_file 453771264
active_file 453279744
unevictable 0
hierarchical_memory_limit 999997440
hierarchical_memsw_limit 9223372036854771712
total_cache 907231232
total_rss 92565504
total_rss_huge 0
total_mapped_file 3375104
total_writeback 0
total_swap 0
total_pgpgin 67685764
total_pgpgout 67441673
total_pgfault 14141045
total_pgmajfault 335
total_inactive_anon 46620672
total_active_anon 46026752
total_inactive_file 453771264
total_active_file 453279744
total_unevictable 0
--------------------BLKIO-----------------------
11:0 Read 0
11:0 Write 0
11:0 Sync 0
11:0 Async 0
11:0 Total 0
253:0 Read 3224891392
253:0 Write 229376
253:0 Sync 0
253:0 Async 3225120768
253:0 Total 3225120768
Total 3225120768
--------------------CPUAC-----------------------
user 7264
system 49728
 
--------------------MEMCG-----------------------
MEM ONLY  : 953 MB
MEM+SWAP  : 953 MB
cache 907190272
rss 92577792
rss_huge 0
mapped_file 3526656
writeback 0
swap 0
pgpgin 68907629
pgpgout 68663550
pgfault 14391597
pgmajfault 342
inactive_anon 46620672
active_anon 46039040
inactive_file 453689344
active_file 453390336
unevictable 0
hierarchical_memory_limit 999997440
hierarchical_memsw_limit 9223372036854771712
total_cache 907177984
total_rss 92577792
total_rss_huge 0
total_mapped_file 3526656
total_writeback 0
total_swap 0
total_pgpgin 68907632
total_pgpgout 68663550
total_pgfault 14391597
total_pgmajfault 342
total_inactive_anon 46620672
total_active_anon 46039040
total_inactive_file 453689344
total_active_file 453390336
total_unevictable 0
--------------------BLKIO-----------------------
11:0 Read 0
11:0 Write 0
11:0 Sync 0
11:0 Async 0
11:0 Total 0
253:0 Read 3224891392
253:0 Write 229376
253:0 Sync 0
253:0 Async 3225120768
253:0 Total 3225120768
Total 3225120768
--------------------CPUAC-----------------------
user 7388
system 50633
 
--------------------MEMCG-----------------------
MEM ONLY  : 953 MB
MEM+SWAP  : 953 MB
cache 902549504
rss 97214464
rss_huge 0
mapped_file 8593408
writeback 0
swap 0
pgpgin 72824572
pgpgout 72580490
pgfault 15206169
pgmajfault 660
inactive_anon 48791552
active_anon 48504832
inactive_file 451342336
active_file 451121152
unevictable 0
hierarchical_memory_limit 999997440
hierarchical_memsw_limit 9223372036854771712
total_cache 902549504
total_rss 97210368
total_rss_huge 0
total_mapped_file 8593408
total_writeback 0
total_swap 0
total_pgpgin 72824572
total_pgpgout 72580490
total_pgfault 15206169
total_pgmajfault 660
total_inactive_anon 48791552
total_active_anon 48504832
total_inactive_file 451342336
total_active_file 451121152
total_unevictable 0
--------------------BLKIO-----------------------
11:0 Read 0
11:0 Write 0
11:0 Sync 0
11:0 Async 0
11:0 Total 0
253:0 Read 3231969280
253:0 Write 229376
253:0 Sync 0
253:0 Async 3232198656
253:0 Total 3232198656
Total 3232198656
--------------------CPUAC-----------------------
user 7807
system 53545
 
--------------------MEMCG-----------------------
MEM ONLY  : 953 MB
MEM+SWAP  : 953 MB
cache 902733824
rss 97210368
rss_huge 0
mapped_file 4390912
writeback 0
swap 0
pgpgin 74110825
pgpgout 73866695
pgfault 15471225
pgmajfault 665
inactive_anon 48922624
active_anon 48373760
inactive_file 451723264
active_file 450891776
unevictable 0
hierarchical_memory_limit 999997440
hierarchical_memsw_limit 9223372036854771712
total_cache 902750208
total_rss 97210368
total_rss_huge 0
total_mapped_file 4390912
total_writeback 0
total_swap 0
total_pgpgin 74110827
total_pgpgout 73866695
total_pgfault 15471225
total_pgmajfault 665
total_inactive_anon 48922624
total_active_anon 48373760
total_inactive_file 451768320
total_active_file 450891776
total_unevictable 0
--------------------BLKIO-----------------------
11:0 Read 0
11:0 Write 0
11:0 Sync 0
11:0 Async 0
11:0 Total 0
253:0 Read 3231969280
253:0 Write 229376
253:0 Sync 0
253:0 Async 3232198656
253:0 Total 3232198656
Total 3232198656
--------------------CPUAC-----------------------
user 7955
system 54494
 
--------------------MEMCG-----------------------
MEM ONLY  : 953 MB
MEM+SWAP  : 953 MB
cache 902524928
rss 97218560
rss_huge 0
mapped_file 3338240
writeback 0
swap 0
pgpgin 75343158
pgpgout 75099080
pgfault 15728206
pgmajfault 665
inactive_anon 48922624
active_anon 48381952
inactive_file 451448832
active_file 450990080
unevictable 0
hierarchical_memory_limit 999997440
hierarchical_memsw_limit 9223372036854771712
total_cache 902524928
total_rss 97214464
total_rss_huge 0
total_mapped_file 3338240
total_writeback 0
total_swap 0
total_pgpgin 75343158
total_pgpgout 75099081
total_pgfault 15728206
total_pgmajfault 665
total_inactive_anon 48922624
total_active_anon 48377856
total_inactive_file 451448832
total_active_file 450990080
total_unevictable 0
--------------------BLKIO-----------------------
11:0 Read 0
11:0 Write 0
11:0 Sync 0
11:0 Async 0
11:0 Total 0
253:0 Read 3231969280
253:0 Write 229376
253:0 Sync 0
253:0 Async 3232198656
253:0 Total 3232198656
Total 3232198656
--------------------CPUAC-----------------------
user 8073
system 55421
 
--------------------MEMCG-----------------------
MEM ONLY  : 953 MB
MEM+SWAP  : 953 MB
cache 902656000
rss 97218560
rss_huge 0
mapped_file 3338240
writeback 0
swap 0
pgpgin 76658570
pgpgout 76414461
pgfault 15998454
pgmajfault 671
inactive_anon 48922624
active_anon 48377856
inactive_file 451530752
active_file 451039232
unevictable 0
hierarchical_memory_limit 999997440
hierarchical_memsw_limit 9223372036854771712
total_cache 902656000
total_rss 97214464
total_rss_huge 0
total_mapped_file 3338240
total_writeback 0
total_swap 0
total_pgpgin 76658570
total_pgpgout 76414461
total_pgfault 15998454
total_pgmajfault 671
total_inactive_anon 48922624
total_active_anon 48377856
total_inactive_file 451530752
total_active_file 451039232
total_unevictable 0
--------------------BLKIO-----------------------
11:0 Read 0
11:0 Write 0
11:0 Sync 0
11:0 Async 0
11:0 Total 0
253:0 Read 3231969280
253:0 Write 229376
253:0 Sync 0
253:0 Async 3232198656
253:0 Total 3232198656
Total 3232198656
--------------------CPUAC-----------------------
user 8210
system 56392
 
--------------------MEMCG-----------------------
MEM ONLY  : 953 MB
MEM+SWAP  : 953 MB
cache 902602752
rss 97210368
rss_huge 0
mapped_file 3338240
writeback 0
swap 0
pgpgin 77936749
pgpgout 77692654
pgfault 16259679
pgmajfault 671
inactive_anon 48922624
active_anon 48373760
inactive_file 451391488
active_file 451125248
unevictable 0
hierarchical_memory_limit 999997440
hierarchical_memsw_limit 9223372036854771712
total_cache 902602752
total_rss 97210368
total_rss_huge 0
total_mapped_file 3338240
total_writeback 0
total_swap 0
total_pgpgin 77936749
total_pgpgout 77692655
total_pgfault 16259679
total_pgmajfault 671
total_inactive_anon 48922624
total_active_anon 48369664
total_inactive_file 451391488
total_active_file 451125248
total_unevictable 0
--------------------BLKIO-----------------------
11:0 Read 0
11:0 Write 0
11:0 Sync 0
11:0 Async 0
11:0 Total 0
253:0 Read 3231969280
253:0 Write 229376
253:0 Sync 0
253:0 Async 3232198656
253:0 Total 3232198656
Total 3232198656
--------------------CPUAC-----------------------
user 8347
system 57335
 
--------------------MEMCG-----------------------
MEM ONLY  : 953 MB
MEM+SWAP  : 953 MB
cache 905596928
rss 94314496
rss_huge 0
mapped_file 4669440
writeback 0
swap 0
pgpgin 79157805
pgpgout 78913686
pgfault 16511704
pgmajfault 751
inactive_anon 48922624
active_anon 45477888
inactive_file 452919296
active_file 452591616
unevictable 0
hierarchical_memory_limit 999997440
hierarchical_memsw_limit 9223372036854771712
total_cache 905596928
total_rss 94314496
total_rss_huge 0
total_mapped_file 4669440
total_writeback 0
total_swap 0
total_pgpgin 79157805
total_pgpgout 78913686
total_pgfault 16511704
total_pgmajfault 751
total_inactive_anon 48922624
total_active_anon 45477888
total_inactive_file 452919296
total_active_file 452591616
total_unevictable 0
--------------------BLKIO-----------------------
11:0 Read 0
11:0 Write 0
11:0 Sync 0
11:0 Async 0
11:0 Total 0
253:0 Read 3232804864
253:0 Write 233472
253:0 Sync 4096
253:0 Async 3233034240
253:0 Total 3233038336
Total 3233038336
--------------------CPUAC-----------------------
user 8469
system 58241
 
--------------------MEMCG-----------------------
MEM ONLY  : 953 MB
MEM+SWAP  : 953 MB
cache 905424896
rss 94310400
rss_huge 0
mapped_file 3338240
writeback 0
swap 0
pgpgin 80410589
pgpgout 80166512
pgfault 16770620
pgmajfault 751
inactive_anon 48922624
active_anon 45453312
inactive_file 452956160
active_file 452382720
unevictable 0
hierarchical_memory_limit 999997440
hierarchical_memsw_limit 9223372036854771712
total_cache 905424896
total_rss 94318592
total_rss_huge 0
total_mapped_file 3338240
total_writeback 0
total_swap 0
total_pgpgin 80410590
total_pgpgout 80166512
total_pgfault 16770621
total_pgmajfault 751
total_inactive_anon 48922624
total_active_anon 45477888
total_inactive_file 452956160
total_active_file 452382720
total_unevictable 0
--------------------BLKIO-----------------------
11:0 Read 0
11:0 Write 0
11:0 Sync 0
11:0 Async 0
11:0 Total 0
253:0 Read 3232804864
253:0 Write 233472
253:0 Sync 4096
253:0 Async 3233034240
253:0 Total 3233038336
Total 3233038336
--------------------CPUAC-----------------------
user 8596
system 59167
 
--------------------MEMCG-----------------------
MEM ONLY  : 953 MB
MEM+SWAP  : 953 MB
cache 905633792
rss 94298112
rss_huge 0
mapped_file 3330048
writeback 0
swap 0
pgpgin 81641728
pgpgout 81397605
pgfault 17023590
pgmajfault 751
inactive_anon 48922624
active_anon 45457408
inactive_file 453025792
active_file 452505600
unevictable 0
hierarchical_memory_limit 999997440
hierarchical_memsw_limit 9223372036854771712
total_cache 905633792
total_rss 94294016
total_rss_huge 0
total_mapped_file 3330048
total_writeback 0
total_swap 0
total_pgpgin 81641728
total_pgpgout 81397605
total_pgfault 17023590
total_pgmajfault 751
total_inactive_anon 48922624
total_active_anon 45457408
total_inactive_file 453025792
total_active_file 452505600
total_unevictable 0
--------------------BLKIO-----------------------
11:0 Read 0
11:0 Write 0
11:0 Sync 0
11:0 Async 0
11:0 Total 0
253:0 Read 3232804864
253:0 Write 233472
253:0 Sync 4096
253:0 Async 3233034240
253:0 Total 3233038336
Total 3233038336
--------------------CPUAC-----------------------
user 8722
system 60077
 
--------------------MEMCG-----------------------
MEM ONLY  : 953 MB
MEM+SWAP  : 953 MB
cache 905490432
rss 94314496
rss_huge 0
mapped_file 3489792
writeback 0
swap 0
pgpgin 82865152
pgpgout 82621059
pgfault 17274174
pgmajfault 758
inactive_anon 48922624
active_anon 45477888
inactive_file 452608000
active_file 452796416
unevictable 0
hierarchical_memory_limit 999997440
hierarchical_memsw_limit 9223372036854771712
total_cache 905490432
total_rss 94314496
total_rss_huge 0
total_mapped_file 3489792
total_writeback 0
total_swap 0
total_pgpgin 82865152
total_pgpgout 82621059
total_pgfault 17274174
total_pgmajfault 758
total_inactive_anon 48922624
total_active_anon 45477888
total_inactive_file 452608000
total_active_file 452796416
total_unevictable 0
--------------------BLKIO-----------------------
11:0 Read 0
11:0 Write 0
11:0 Sync 0
11:0 Async 0
11:0 Total 0
253:0 Read 3232804864
253:0 Write 233472
253:0 Sync 4096
253:0 Async 3233034240
253:0 Total 3233038336
Total 3233038336
--------------------CPUAC-----------------------
user 8857
system 60972
 
--------------------MEMCG-----------------------
MEM ONLY  : 953 MB
MEM+SWAP  : 953 MB
cache 905510912
rss 94298112
rss_huge 0
mapped_file 3379200
writeback 0
swap 0
pgpgin 84087660
pgpgout 83843566
pgfault 17525793
pgmajfault 759
inactive_anon 48922624
active_anon 45461504
inactive_file 452595712
active_file 452816896
unevictable 0
hierarchical_memory_limit 999997440
hierarchical_memsw_limit 9223372036854771712
total_cache 905510912
total_rss 94298112
total_rss_huge 0
total_mapped_file 3379200
total_writeback 0
total_swap 0
total_pgpgin 84087660
total_pgpgout 83843566
total_pgfault 17525793
total_pgmajfault 759
total_inactive_anon 48922624
total_active_anon 45461504
total_inactive_file 452595712
total_active_file 452816896
total_unevictable 0
--------------------BLKIO-----------------------
11:0 Read 0
11:0 Write 0
11:0 Sync 0
11:0 Async 0
11:0 Total 0
253:0 Read 3232804864
253:0 Write 233472
253:0 Sync 4096
253:0 Async 3233034240
253:0 Total 3233038336
Total 3233038336
--------------------CPUAC-----------------------
user 8989
system 61870
 
--------------------MEMCG-----------------------
MEM ONLY  : 953 MB
MEM+SWAP  : 953 MB
cache 905682944
rss 94314496
rss_huge 0
mapped_file 3338240
writeback 0
swap 0
pgpgin 85315805
pgpgout 85071665
pgfault 17776853
pgmajfault 759
inactive_anon 48922624
active_anon 45477888
inactive_file 452808704
active_file 452706304
unevictable 0
hierarchical_memory_limit 999997440
hierarchical_memsw_limit 9223372036854771712
total_cache 905682944
total_rss 94314496
total_rss_huge 0
total_mapped_file 3338240
total_writeback 0
total_swap 0
total_pgpgin 85315805
total_pgpgout 85071665
total_pgfault 17776853
total_pgmajfault 759
total_inactive_anon 48922624
total_active_anon 45477888
total_inactive_file 452808704
total_active_file 452706304
total_unevictable 0
--------------------BLKIO-----------------------
11:0 Read 0
11:0 Write 0
11:0 Sync 0
11:0 Async 0
11:0 Total 0
253:0 Read 3232804864
253:0 Write 233472
253:0 Sync 4096
253:0 Async 3233034240
253:0 Total 3233038336
Total 3233038336
--------------------CPUAC-----------------------
user 9120
system 62768
 
--------------------MEMCG-----------------------
MEM ONLY  : 953 MB
MEM+SWAP  : 953 MB
cache 905682944
rss 94310400
rss_huge 0
mapped_file 3338240
writeback 0
swap 0
pgpgin 87553212
pgpgout 87309072
pgfault 18236177
pgmajfault 759
inactive_anon 48922624
active_anon 45473792
inactive_file 453115904
active_file 452395008
unevictable 0
hierarchical_memory_limit 999997440
hierarchical_memsw_limit 9223372036854771712
total_cache 905687040
total_rss 94310400
total_rss_huge 0
total_mapped_file 3338240
total_writeback 0
total_swap 0
total_pgpgin 87553212
total_pgpgout 87309072
total_pgfault 18236177
total_pgmajfault 759
total_inactive_anon 48922624
total_active_anon 45473792
total_inactive_file 453115904
total_active_file 452395008
total_unevictable 0
--------------------BLKIO-----------------------
11:0 Read 0
11:0 Write 0
11:0 Sync 0
11:0 Async 0
11:0 Total 0
253:0 Read 3232804864
253:0 Write 233472
253:0 Sync 4096
253:0 Async 3233034240
253:0 Total 3233038336
Total 3233038336
--------------------CPUAC-----------------------
user 9366
system 64397
 
--------------------MEMCG-----------------------
MEM ONLY  : 953 MB
MEM+SWAP  : 953 MB
cache 905449472
rss 94310400
rss_huge 0
mapped_file 3338240
writeback 0
swap 0
pgpgin 88783281
pgpgout 88539199
pgfault 18487564
pgmajfault 759
inactive_anon 48922624
active_anon 45473792
inactive_file 452792320
active_file 452538368
unevictable 0
hierarchical_memory_limit 999997440
hierarchical_memsw_limit 9223372036854771712
total_cache 905449472
total_rss 94310400
total_rss_huge 0
total_mapped_file 3338240
total_writeback 0
total_swap 0
total_pgpgin 88783282
total_pgpgout 88539207
total_pgfault 18487564
total_pgmajfault 759
total_inactive_anon 48922624
total_active_anon 45473792
total_inactive_file 452792320
total_active_file 452538368
total_unevictable 0
--------------------BLKIO-----------------------
11:0 Read 0
11:0 Write 0
11:0 Sync 0
11:0 Async 0
11:0 Total 0
253:0 Read 3232804864
253:0 Write 233472
253:0 Sync 4096
253:0 Async 3233034240
253:0 Total 3233038336
Total 3233038336
--------------------CPUAC-----------------------
user 9504
system 65290
 
