--------------------MEMCG-----------------------
MEM ONLY  : 725 MB
MEM+SWAP  : 725 MB
cache 666365952
rss 93868032
rss_huge 0
mapped_file 46514176
writeback 0
swap 0
pgpgin 300872
pgpgout 115268
pgfault 252616
pgmajfault 218
inactive_anon 49152
active_anon 93880320
inactive_file 583163904
active_file 83087360
unevictable 0
hierarchical_memory_limit 999997440
hierarchical_memsw_limit 9223372036854771712
total_cache 666365952
total_rss 93868032
total_rss_huge 0
total_mapped_file 46514176
total_writeback 0
total_swap 0
total_pgpgin 300872
total_pgpgout 115268
total_pgfault 252616
total_pgmajfault 218
total_inactive_anon 49152
total_active_anon 93880320
total_inactive_file 583163904
total_active_file 83087360
total_unevictable 0
--------------------BLKIO-----------------------
11:0 Read 0
11:0 Write 0
11:0 Sync 0
11:0 Async 0
11:0 Total 0
253:0 Read 626618368
253:0 Write 229376
253:0 Sync 0
253:0 Async 626847744
253:0 Total 626847744
Total 626847744
--------------------CPUAC-----------------------
user 89
system 280
 
--------------------MEMCG-----------------------
MEM ONLY  : 953 MB
MEM+SWAP  : 953 MB
cache 906264576
rss 93601792
rss_huge 0
mapped_file 46346240
writeback 0
swap 0
pgpgin 410291
pgpgout 166183
pgfault 275393
pgmajfault 218
inactive_anon 46895104
active_anon 46768128
inactive_file 724471808
active_file 181686272
unevictable 0
hierarchical_memory_limit 999997440
hierarchical_memsw_limit 9223372036854771712
total_cache 906264576
total_rss 93601792
total_rss_huge 0
total_mapped_file 46346240
total_writeback 0
total_swap 0
total_pgpgin 410291
total_pgpgout 166183
total_pgfault 275393
total_pgmajfault 218
total_inactive_anon 46895104
total_active_anon 46768128
total_inactive_file 724471808
total_active_file 181686272
total_unevictable 0
--------------------BLKIO-----------------------
11:0 Read 0
11:0 Write 0
11:0 Sync 0
11:0 Async 0
11:0 Total 0
253:0 Read 986390528
253:0 Write 229376
253:0 Sync 0
253:0 Async 986619904
253:0 Total 986619904
Total 986619904
--------------------CPUAC-----------------------
user 102
system 369
 
--------------------MEMCG-----------------------
MEM ONLY  : 953 MB
MEM+SWAP  : 953 MB
cache 906379264
rss 93581312
rss_huge 0
mapped_file 46346240
writeback 0
swap 0
pgpgin 531619
pgpgout 287488
pgfault 301133
pgmajfault 218
inactive_anon 46895104
active_anon 46768128
inactive_file 593305600
active_file 312991744
unevictable 0
hierarchical_memory_limit 999997440
hierarchical_memsw_limit 9223372036854771712
total_cache 906379264
total_rss 93581312
total_rss_huge 0
total_mapped_file 46346240
total_writeback 0
total_swap 0
total_pgpgin 531619
total_pgpgout 287488
total_pgfault 301133
total_pgmajfault 218
total_inactive_anon 46895104
total_active_anon 46768128
total_inactive_file 593305600
total_active_file 312991744
total_unevictable 0
--------------------BLKIO-----------------------
11:0 Read 0
11:0 Write 0
11:0 Sync 0
11:0 Async 0
11:0 Total 0
253:0 Read 1332404224
253:0 Write 229376
253:0 Sync 0
253:0 Async 1332633600
253:0 Total 1332633600
Total 1332633600
--------------------CPUAC-----------------------
user 116
system 492
 
--------------------MEMCG-----------------------
MEM ONLY  : 953 MB
MEM+SWAP  : 953 MB
cache 906227712
rss 93581312
rss_huge 0
mapped_file 12468224
writeback 0
swap 0
pgpgin 686172
pgpgout 442078
pgfault 333141
pgmajfault 218
inactive_anon 46895104
active_anon 46768128
inactive_file 453197824
active_file 452915200
unevictable 0
hierarchical_memory_limit 999997440
hierarchical_memsw_limit 9223372036854771712
total_cache 906227712
total_rss 93581312
total_rss_huge 0
total_mapped_file 12468224
total_writeback 0
total_swap 0
total_pgpgin 686172
total_pgpgout 442078
total_pgfault 333141
total_pgmajfault 218
total_inactive_anon 46895104
total_active_anon 46768128
total_inactive_file 453197824
total_active_file 452915200
total_unevictable 0
--------------------BLKIO-----------------------
11:0 Read 0
11:0 Write 0
11:0 Sync 0
11:0 Async 0
11:0 Total 0
253:0 Read 1693892608
253:0 Write 229376
253:0 Sync 0
253:0 Async 1694121984
253:0 Total 1694121984
Total 1694121984
--------------------CPUAC-----------------------
user 135
system 630
 
--------------------MEMCG-----------------------
MEM ONLY  : 953 MB
MEM+SWAP  : 953 MB
cache 906145792
rss 93581312
rss_huge 0
mapped_file 12111872
writeback 0
swap 0
pgpgin 875871
pgpgout 631797
pgfault 372442
pgmajfault 218
inactive_anon 46895104
active_anon 46768128
inactive_file 453234688
active_file 452825088
unevictable 0
hierarchical_memory_limit 999997440
hierarchical_memsw_limit 9223372036854771712
total_cache 906145792
total_rss 93581312
total_rss_huge 0
total_mapped_file 12111872
total_writeback 0
total_swap 0
total_pgpgin 875871
total_pgpgout 631797
total_pgfault 372442
total_pgmajfault 218
total_inactive_anon 46895104
total_active_anon 46768128
total_inactive_file 453234688
total_active_file 452825088
total_unevictable 0
--------------------BLKIO-----------------------
11:0 Read 0
11:0 Write 0
11:0 Sync 0
11:0 Async 0
11:0 Total 0
253:0 Read 2053890048
253:0 Write 229376
253:0 Sync 0
253:0 Async 2054119424
253:0 Total 2054119424
Total 2054119424
--------------------CPUAC-----------------------
user 157
system 808
 
--------------------MEMCG-----------------------
MEM ONLY  : 953 MB
MEM+SWAP  : 953 MB
cache 906215424
rss 93581312
rss_huge 0
mapped_file 8577024
writeback 0
swap 0
pgpgin 1125626
pgpgout 881535
pgfault 425169
pgmajfault 218
inactive_anon 46895104
active_anon 46768128
inactive_file 453275648
active_file 452849664
unevictable 0
hierarchical_memory_limit 999997440
hierarchical_memsw_limit 9223372036854771712
total_cache 906215424
total_rss 93581312
total_rss_huge 0
total_mapped_file 8577024
total_writeback 0
total_swap 0
total_pgpgin 1125626
total_pgpgout 881535
total_pgfault 425169
total_pgmajfault 218
total_inactive_anon 46895104
total_active_anon 46768128
total_inactive_file 453275648
total_active_file 452849664
total_unevictable 0
--------------------BLKIO-----------------------
11:0 Read 0
11:0 Write 0
11:0 Sync 0
11:0 Async 0
11:0 Total 0
253:0 Read 2412335104
253:0 Write 229376
253:0 Sync 0
253:0 Async 2412564480
253:0 Total 2412564480
Total 2412564480
--------------------CPUAC-----------------------
user 181
system 1027
 
--------------------MEMCG-----------------------
MEM ONLY  : 953 MB
MEM+SWAP  : 953 MB
cache 906379264
rss 93581312
rss_huge 0
mapped_file 3387392
writeback 0
swap 0
pgpgin 1537888
pgpgout 1293757
pgfault 512827
pgmajfault 218
inactive_anon 46895104
active_anon 46768128
inactive_file 453357568
active_file 452927488
unevictable 0
hierarchical_memory_limit 999997440
hierarchical_memsw_limit 9223372036854771712
total_cache 906379264
total_rss 93581312
total_rss_huge 0
total_mapped_file 3387392
total_writeback 0
total_swap 0
total_pgpgin 1537888
total_pgpgout 1293757
total_pgfault 512827
total_pgmajfault 218
total_inactive_anon 46895104
total_active_anon 46768128
total_inactive_file 453357568
total_active_file 452927488
total_unevictable 0
--------------------BLKIO-----------------------
11:0 Read 0
11:0 Write 0
11:0 Sync 0
11:0 Async 0
11:0 Total 0
253:0 Read 2773295104
253:0 Write 229376
253:0 Sync 0
253:0 Async 2773524480
253:0 Total 2773524480
Total 2773524480
--------------------CPUAC-----------------------
user 218
system 1379
 
--------------------MEMCG-----------------------
MEM ONLY  : 953 MB
MEM+SWAP  : 953 MB
cache 906305536
rss 93581312
rss_huge 0
mapped_file 3670016
writeback 0
swap 0
pgpgin 2569246
pgpgout 2325133
pgfault 725353
pgmajfault 227
inactive_anon 46895104
active_anon 46768128
inactive_file 453197824
active_file 452882432
unevictable 0
hierarchical_memory_limit 999997440
hierarchical_memsw_limit 9223372036854771712
total_cache 906305536
total_rss 93581312
total_rss_huge 0
total_mapped_file 3670016
total_writeback 0
total_swap 0
total_pgpgin 2569246
total_pgpgout 2325133
total_pgfault 725353
total_pgmajfault 227
total_inactive_anon 46895104
total_active_anon 46768128
total_inactive_file 453197824
total_active_file 452882432
total_unevictable 0
--------------------BLKIO-----------------------
11:0 Read 0
11:0 Write 0
11:0 Sync 0
11:0 Async 0
11:0 Total 0
253:0 Read 3120553984
253:0 Write 229376
253:0 Sync 0
253:0 Async 3120783360
253:0 Total 3120783360
Total 3120783360
--------------------CPUAC-----------------------
user 314
system 2257
 
--------------------MEMCG-----------------------
MEM ONLY  : 953 MB
MEM+SWAP  : 953 MB
cache 906231808
rss 93593600
rss_huge 0
mapped_file 3334144
writeback 0
swap 0
pgpgin 4566198
pgpgout 4322098
pgfault 1139918
pgmajfault 228
inactive_anon 46895104
active_anon 46780416
inactive_file 453169152
active_file 452960256
unevictable 0
hierarchical_memory_limit 999997440
hierarchical_memsw_limit 9223372036854771712
total_cache 906244096
total_rss 93593600
total_rss_huge 0
total_mapped_file 3334144
total_writeback 0
total_swap 0
total_pgpgin 4566200
total_pgpgout 4322098
total_pgfault 1139918
total_pgmajfault 228
total_inactive_anon 46895104
total_active_anon 46780416
total_inactive_file 453169152
total_active_file 452960256
total_unevictable 0
--------------------BLKIO-----------------------
11:0 Read 0
11:0 Write 0
11:0 Sync 0
11:0 Async 0
11:0 Total 0
253:0 Read 3219095552
253:0 Write 229376
253:0 Sync 0
253:0 Async 3219324928
253:0 Total 3219324928
Total 3219324928
--------------------CPUAC-----------------------
user 508
system 4044
 
--------------------MEMCG-----------------------
MEM ONLY  : 953 MB
MEM+SWAP  : 953 MB
cache 906170368
rss 93605888
rss_huge 0
mapped_file 3334144
writeback 0
swap 0
pgpgin 6581831
pgpgout 6337745
pgfault 1556181
pgmajfault 228
inactive_anon 46895104
active_anon 46792704
inactive_file 452382720
active_file 453705728
unevictable 0
hierarchical_memory_limit 999997440
hierarchical_memsw_limit 9223372036854771712
total_cache 906170368
total_rss 93605888
total_rss_huge 0
total_mapped_file 3334144
total_writeback 0
total_swap 0
total_pgpgin 6581831
total_pgpgout 6337745
total_pgfault 1556181
total_pgmajfault 228
total_inactive_anon 46895104
total_active_anon 46788608
total_inactive_file 452382720
total_active_file 453705728
total_unevictable 0
--------------------BLKIO-----------------------
11:0 Read 0
11:0 Write 0
11:0 Sync 0
11:0 Async 0
11:0 Total 0
253:0 Read 3224809472
253:0 Write 229376
253:0 Sync 0
253:0 Async 3225038848
253:0 Total 3225038848
Total 3225038848
--------------------CPUAC-----------------------
user 734
system 5818
 
--------------------MEMCG-----------------------
MEM ONLY  : 953 MB
MEM+SWAP  : 953 MB
cache 906194944
rss 93605888
rss_huge 0
mapped_file 3526656
writeback 0
swap 0
pgpgin 8583180
pgpgout 8339088
pgfault 1968698
pgmajfault 236
inactive_anon 46895104
active_anon 46792704
inactive_file 453312512
active_file 452800512
unevictable 0
hierarchical_memory_limit 999997440
hierarchical_memsw_limit 9223372036854771712
total_cache 906194944
total_rss 93605888
total_rss_huge 0
total_mapped_file 3526656
total_writeback 0
total_swap 0
total_pgpgin 8583180
total_pgpgout 8339089
total_pgfault 1968698
total_pgmajfault 236
total_inactive_anon 46895104
total_active_anon 46788608
total_inactive_file 453312512
total_active_file 452800512
total_unevictable 0
--------------------BLKIO-----------------------
11:0 Read 0
11:0 Write 0
11:0 Sync 0
11:0 Async 0
11:0 Total 0
253:0 Read 3224989696
253:0 Write 229376
253:0 Sync 0
253:0 Async 3225219072
253:0 Total 3225219072
Total 3225219072
--------------------CPUAC-----------------------
user 945
system 7603
 
--------------------MEMCG-----------------------
MEM ONLY  : 953 MB
MEM+SWAP  : 953 MB
cache 906285056
rss 93593600
rss_huge 0
mapped_file 3375104
writeback 0
swap 0
pgpgin 10579170
pgpgout 10335059
pgfault 2382521
pgmajfault 237
inactive_anon 46895104
active_anon 46780416
inactive_file 453312512
active_file 452866048
unevictable 0
hierarchical_memory_limit 999997440
hierarchical_memsw_limit 9223372036854771712
total_cache 906285056
total_rss 93593600
total_rss_huge 0
total_mapped_file 3375104
total_writeback 0
total_swap 0
total_pgpgin 10579170
total_pgpgout 10335059
total_pgfault 2382521
total_pgmajfault 237
total_inactive_anon 46895104
total_active_anon 46780416
total_inactive_file 453312512
total_active_file 452866048
total_unevictable 0
--------------------BLKIO-----------------------
11:0 Read 0
11:0 Write 0
11:0 Sync 0
11:0 Async 0
11:0 Total 0
253:0 Read 3224989696
253:0 Write 229376
253:0 Sync 0
253:0 Async 3225219072
253:0 Total 3225219072
Total 3225219072
--------------------CPUAC-----------------------
user 1148
system 9399
 
--------------------MEMCG-----------------------
MEM ONLY  : 953 MB
MEM+SWAP  : 953 MB
cache 906145792
rss 93581312
rss_huge 0
mapped_file 3325952
writeback 0
swap 0
pgpgin 12575465
pgpgout 12331391
pgfault 2790448
pgmajfault 237
inactive_anon 46895104
active_anon 46768128
inactive_file 453083136
active_file 452980736
unevictable 0
hierarchical_memory_limit 999997440
hierarchical_memsw_limit 9223372036854771712
total_cache 906145792
total_rss 93585408
total_rss_huge 0
total_mapped_file 3325952
total_writeback 0
total_swap 0
total_pgpgin 12575466
total_pgpgout 12331391
total_pgfault 2790449
total_pgmajfault 237
total_inactive_anon 46895104
total_active_anon 46768128
total_inactive_file 453083136
total_active_file 452980736
total_unevictable 0
--------------------BLKIO-----------------------
11:0 Read 0
11:0 Write 0
11:0 Sync 0
11:0 Async 0
11:0 Total 0
253:0 Read 3224989696
253:0 Write 229376
253:0 Sync 0
253:0 Async 3225219072
253:0 Total 3225219072
Total 3225219072
--------------------CPUAC-----------------------
user 1368
system 11173
 
--------------------MEMCG-----------------------
MEM ONLY  : 953 MB
MEM+SWAP  : 953 MB
cache 906309632
rss 93601792
rss_huge 0
mapped_file 3485696
writeback 0
swap 0
pgpgin 14572401
pgpgout 14328281
pgfault 3201708
pgmajfault 244
inactive_anon 46895104
active_anon 46788608
inactive_file 453296128
active_file 452915200
unevictable 0
hierarchical_memory_limit 999997440
hierarchical_memsw_limit 9223372036854771712
total_cache 906317824
total_rss 93601792
total_rss_huge 0
total_mapped_file 3485696
total_writeback 0
total_swap 0
total_pgpgin 14572403
total_pgpgout 14328281
total_pgfault 3201708
total_pgmajfault 244
total_inactive_anon 46895104
total_active_anon 46788608
total_inactive_file 453296128
total_active_file 452915200
total_unevictable 0
--------------------BLKIO-----------------------
11:0 Read 0
11:0 Write 0
11:0 Sync 0
11:0 Async 0
11:0 Total 0
253:0 Read 3224989696
253:0 Write 229376
253:0 Sync 0
253:0 Async 3225219072
253:0 Total 3225219072
Total 3225219072
--------------------CPUAC-----------------------
user 1570
system 12972
 
--------------------MEMCG-----------------------
MEM ONLY  : 953 MB
MEM+SWAP  : 953 MB
cache 906383360
rss 93581312
rss_huge 0
mapped_file 3334144
writeback 0
swap 0
pgpgin 16570206
pgpgout 16326073
pgfault 3613525
pgmajfault 245
inactive_anon 46895104
active_anon 46768128
inactive_file 453398528
active_file 452902912
unevictable 0
hierarchical_memory_limit 999997440
hierarchical_memsw_limit 9223372036854771712
total_cache 906387456
total_rss 93581312
total_rss_huge 0
total_mapped_file 3334144
total_writeback 0
total_swap 0
total_pgpgin 16570207
total_pgpgout 16326073
total_pgfault 3613525
total_pgmajfault 245
total_inactive_anon 46895104
total_active_anon 46768128
total_inactive_file 453398528
total_active_file 452902912
total_unevictable 0
--------------------BLKIO-----------------------
11:0 Read 0
11:0 Write 0
11:0 Sync 0
11:0 Async 0
11:0 Total 0
253:0 Read 3224989696
253:0 Write 229376
253:0 Sync 0
253:0 Async 3225219072
253:0 Total 3225219072
Total 3225219072
--------------------CPUAC-----------------------
user 1770
system 14772
 
--------------------MEMCG-----------------------
MEM ONLY  : 953 MB
MEM+SWAP  : 953 MB
cache 906280960
rss 93593600
rss_huge 0
mapped_file 3325952
writeback 0
swap 0
pgpgin 18568332
pgpgout 18324223
pgfault 4026601
pgmajfault 245
inactive_anon 46895104
active_anon 46776320
inactive_file 453349376
active_file 452849664
unevictable 0
hierarchical_memory_limit 999997440
hierarchical_memsw_limit 9223372036854771712
total_cache 906280960
total_rss 93589504
total_rss_huge 0
total_mapped_file 3325952
total_writeback 0
total_swap 0
total_pgpgin 18568332
total_pgpgout 18324223
total_pgfault 4026601
total_pgmajfault 245
total_inactive_anon 46895104
total_active_anon 46776320
total_inactive_file 453349376
total_active_file 452849664
total_unevictable 0
--------------------BLKIO-----------------------
11:0 Read 0
11:0 Write 0
11:0 Sync 0
11:0 Async 0
11:0 Total 0
253:0 Read 3224989696
253:0 Write 229376
253:0 Sync 0
253:0 Async 3225219072
253:0 Total 3225219072
Total 3225219072
--------------------CPUAC-----------------------
user 1984
system 16559
 
--------------------MEMCG-----------------------
MEM ONLY  : 953 MB
MEM+SWAP  : 953 MB
cache 906326016
rss 93605888
rss_huge 0
mapped_file 4943872
writeback 0
swap 0
pgpgin 20551607
pgpgout 20307481
pgfault 4437189
pgmajfault 290
inactive_anon 47263744
active_anon 46424064
inactive_file 453550080
active_file 452624384
unevictable 0
hierarchical_memory_limit 999997440
hierarchical_memsw_limit 9223372036854771712
total_cache 906338304
total_rss 93605888
total_rss_huge 0
total_mapped_file 4943872
total_writeback 0
total_swap 0
total_pgpgin 20551609
total_pgpgout 20307481
total_pgfault 4437189
total_pgmajfault 290
total_inactive_anon 47263744
total_active_anon 46424064
total_inactive_file 453550080
total_active_file 452624384
total_unevictable 0
--------------------BLKIO-----------------------
11:0 Read 0
11:0 Write 0
11:0 Sync 0
11:0 Async 0
11:0 Total 0
253:0 Read 3225473024
253:0 Write 229376
253:0 Sync 0
253:0 Async 3225702400
253:0 Total 3225702400
Total 3225702400
--------------------CPUAC-----------------------
user 2192
system 18351
 
--------------------MEMCG-----------------------
MEM ONLY  : 953 MB
MEM+SWAP  : 953 MB
cache 906149888
rss 93593600
rss_huge 0
mapped_file 3334144
writeback 0
swap 0
pgpgin 22535489
pgpgout 22291409
pgfault 4846837
pgmajfault 290
inactive_anon 47263744
active_anon 46411776
inactive_file 453169152
active_file 452882432
unevictable 0
hierarchical_memory_limit 999997440
hierarchical_memsw_limit 9223372036854771712
total_cache 906162176
total_rss 93593600
total_rss_huge 0
total_mapped_file 3334144
total_writeback 0
total_swap 0
total_pgpgin 22535491
total_pgpgout 22291409
total_pgfault 4846837
total_pgmajfault 290
total_inactive_anon 47263744
total_active_anon 46411776
total_inactive_file 453169152
total_active_file 452882432
total_unevictable 0
--------------------BLKIO-----------------------
11:0 Read 0
11:0 Write 0
11:0 Sync 0
11:0 Async 0
11:0 Total 0
253:0 Read 3225473024
253:0 Write 229376
253:0 Sync 0
253:0 Async 3225702400
253:0 Total 3225702400
Total 3225702400
--------------------CPUAC-----------------------
user 2394
system 20141
 
--------------------MEMCG-----------------------
MEM ONLY  : 953 MB
MEM+SWAP  : 953 MB
cache 906285056
rss 93601792
rss_huge 0
mapped_file 3334144
writeback 0
swap 0
pgpgin 24531340
pgpgout 24287227
pgfault 5258671
pgmajfault 291
inactive_anon 47263744
active_anon 46419968
inactive_file 453083136
active_file 453120000
unevictable 0
hierarchical_memory_limit 999997440
hierarchical_memsw_limit 9223372036854771712
total_cache 906285056
total_rss 93601792
total_rss_huge 0
total_mapped_file 3334144
total_writeback 0
total_swap 0
total_pgpgin 24531340
total_pgpgout 24287227
total_pgfault 5258671
total_pgmajfault 291
total_inactive_anon 47263744
total_active_anon 46415872
total_inactive_file 453083136
total_active_file 453120000
total_unevictable 0
--------------------BLKIO-----------------------
11:0 Read 0
11:0 Write 0
11:0 Sync 0
11:0 Async 0
11:0 Total 0
253:0 Read 3225473024
253:0 Write 229376
253:0 Sync 0
253:0 Async 3225702400
253:0 Total 3225702400
Total 3225702400
--------------------CPUAC-----------------------
user 2614
system 21922
 
--------------------MEMCG-----------------------
MEM ONLY  : 953 MB
MEM+SWAP  : 953 MB
cache 906223616
rss 93597696
rss_huge 0
mapped_file 3485696
writeback 0
swap 0
pgpgin 26524306
pgpgout 26280210
pgfault 5670039
pgmajfault 297
inactive_anon 47263744
active_anon 46411776
inactive_file 453386240
active_file 452755456
unevictable 0
hierarchical_memory_limit 999997440
hierarchical_memsw_limit 9223372036854771712
total_cache 906223616
total_rss 93593600
total_rss_huge 0
total_mapped_file 3485696
total_writeback 0
total_swap 0
total_pgpgin 26524306
total_pgpgout 26280210
total_pgfault 5670039
total_pgmajfault 297
total_inactive_anon 47263744
total_active_anon 46411776
total_inactive_file 453386240
total_active_file 452755456
total_unevictable 0
--------------------BLKIO-----------------------
11:0 Read 0
11:0 Write 0
11:0 Sync 0
11:0 Async 0
11:0 Total 0
253:0 Read 3225473024
253:0 Write 229376
253:0 Sync 0
253:0 Async 3225702400
253:0 Total 3225702400
Total 3225702400
--------------------CPUAC-----------------------
user 2829
system 23702
 
--------------------MEMCG-----------------------
MEM ONLY  : 953 MB
MEM+SWAP  : 953 MB
cache 906317824
rss 93593600
rss_huge 0
mapped_file 3334144
writeback 0
swap 0
pgpgin 28515913
pgpgout 28271794
pgfault 6083026
pgmajfault 297
inactive_anon 47263744
active_anon 46411776
inactive_file 453259264
active_file 452939776
unevictable 0
hierarchical_memory_limit 999997440
hierarchical_memsw_limit 9223372036854771712
total_cache 906317824
total_rss 93597696
total_rss_huge 0
total_mapped_file 3334144
total_writeback 0
total_swap 0
total_pgpgin 28515914
total_pgpgout 28271794
total_pgfault 6083027
total_pgmajfault 297
total_inactive_anon 47263744
total_active_anon 46411776
total_inactive_file 453283840
total_active_file 452939776
total_unevictable 0
--------------------BLKIO-----------------------
11:0 Read 0
11:0 Write 0
11:0 Sync 0
11:0 Async 0
11:0 Total 0
253:0 Read 3225473024
253:0 Write 229376
253:0 Sync 0
253:0 Async 3225702400
253:0 Total 3225702400
Total 3225702400
--------------------CPUAC-----------------------
user 3036
system 25496
 
--------------------MEMCG-----------------------
MEM ONLY  : 953 MB
MEM+SWAP  : 953 MB
cache 906223616
rss 93593600
rss_huge 0
mapped_file 3325952
writeback 0
swap 0
pgpgin 30509117
pgpgout 30265019
pgfault 6492264
pgmajfault 298
inactive_anon 47263744
active_anon 46411776
inactive_file 453107712
active_file 453021696
unevictable 0
hierarchical_memory_limit 999997440
hierarchical_memsw_limit 9223372036854771712
total_cache 906235904
total_rss 93593600
total_rss_huge 0
total_mapped_file 3325952
total_writeback 0
total_swap 0
total_pgpgin 30509119
total_pgpgout 30265019
total_pgfault 6492264
total_pgmajfault 298
total_inactive_anon 47263744
total_active_anon 46411776
total_inactive_file 453107712
total_active_file 453021696
total_unevictable 0
--------------------BLKIO-----------------------
11:0 Read 0
11:0 Write 0
11:0 Sync 0
11:0 Async 0
11:0 Total 0
253:0 Read 3225473024
253:0 Write 229376
253:0 Sync 0
253:0 Async 3225702400
253:0 Total 3225702400
Total 3225702400
--------------------CPUAC-----------------------
user 3247
system 27282
 
--------------------MEMCG-----------------------
MEM ONLY  : 953 MB
MEM+SWAP  : 953 MB
cache 906280960
rss 93601792
rss_huge 0
mapped_file 3375104
writeback 0
swap 0
pgpgin 32508668
pgpgout 32264554
pgfault 6900018
pgmajfault 305
inactive_anon 47263744
active_anon 46419968
inactive_file 453238784
active_file 452915200
unevictable 0
hierarchical_memory_limit 999997440
hierarchical_memsw_limit 9223372036854771712
total_cache 906293248
total_rss 93601792
total_rss_huge 0
total_mapped_file 3375104
total_writeback 0
total_swap 0
total_pgpgin 32508670
total_pgpgout 32264554
total_pgfault 6900018
total_pgmajfault 305
total_inactive_anon 47263744
total_active_anon 46419968
total_inactive_file 453238784
total_active_file 452915200
total_unevictable 0
--------------------BLKIO-----------------------
11:0 Read 0
11:0 Write 0
11:0 Sync 0
11:0 Async 0
11:0 Total 0
253:0 Read 3225473024
253:0 Write 229376
253:0 Sync 0
253:0 Async 3225702400
253:0 Total 3225702400
Total 3225702400
--------------------CPUAC-----------------------
user 3451
system 29078
 
--------------------MEMCG-----------------------
MEM ONLY  : 953 MB
MEM+SWAP  : 953 MB
cache 906371072
rss 93597696
rss_huge 0
mapped_file 3334144
writeback 0
swap 0
pgpgin 34495375
pgpgout 34251242
pgfault 7310998
pgmajfault 305
inactive_anon 47263744
active_anon 46415872
inactive_file 453271552
active_file 453017600
unevictable 0
hierarchical_memory_limit 999997440
hierarchical_memsw_limit 9223372036854771712
total_cache 906375168
total_rss 93597696
total_rss_huge 0
total_mapped_file 3334144
total_writeback 0
total_swap 0
total_pgpgin 34495376
total_pgpgout 34251242
total_pgfault 7310998
total_pgmajfault 305
total_inactive_anon 47263744
total_active_anon 46415872
total_inactive_file 453271552
total_active_file 453017600
total_unevictable 0
--------------------BLKIO-----------------------
11:0 Read 0
11:0 Write 0
11:0 Sync 0
11:0 Async 0
11:0 Total 0
253:0 Read 3225473024
253:0 Write 229376
253:0 Sync 0
253:0 Async 3225702400
253:0 Total 3225702400
Total 3225702400
--------------------CPUAC-----------------------
user 3668
system 30856
 
--------------------MEMCG-----------------------
MEM ONLY  : 953 MB
MEM+SWAP  : 953 MB
cache 906305536
rss 93614080
rss_huge 0
mapped_file 3334144
writeback 0
swap 0
pgpgin 36487396
pgpgout 36243276
pgfault 7720278
pgmajfault 305
inactive_anon 47263744
active_anon 46428160
inactive_file 453246976
active_file 452976640
unevictable 0
hierarchical_memory_limit 999997440
hierarchical_memsw_limit 9223372036854771712
total_cache 906305536
total_rss 93609984
total_rss_huge 0
total_mapped_file 3334144
total_writeback 0
total_swap 0
total_pgpgin 36487396
total_pgpgout 36243276
total_pgfault 7720278
total_pgmajfault 305
total_inactive_anon 47263744
total_active_anon 46428160
total_inactive_file 453246976
total_active_file 452976640
total_unevictable 0
--------------------BLKIO-----------------------
11:0 Read 0
11:0 Write 0
11:0 Sync 0
11:0 Async 0
11:0 Total 0
253:0 Read 3225473024
253:0 Write 229376
253:0 Sync 0
253:0 Async 3225702400
253:0 Total 3225702400
Total 3225702400
--------------------CPUAC-----------------------
user 3879
system 32638
 
--------------------MEMCG-----------------------
MEM ONLY  : 953 MB
MEM+SWAP  : 953 MB
cache 906153984
rss 93601792
rss_huge 0
mapped_file 3526656
writeback 0
swap 0
pgpgin 38483780
pgpgout 38239699
pgfault 8129148
pgmajfault 312
inactive_anon 47263744
active_anon 46419968
inactive_file 453283840
active_file 452755456
unevictable 0
hierarchical_memory_limit 999997440
hierarchical_memsw_limit 9223372036854771712
total_cache 906125312
total_rss 93601792
total_rss_huge 0
total_mapped_file 3526656
total_writeback 0
total_swap 0
total_pgpgin 38483781
total_pgpgout 38239707
total_pgfault 8129148
total_pgmajfault 312
total_inactive_anon 47263744
total_active_anon 46419968
total_inactive_file 453283840
total_active_file 452755456
total_unevictable 0
--------------------BLKIO-----------------------
11:0 Read 0
11:0 Write 0
11:0 Sync 0
11:0 Async 0
11:0 Total 0
253:0 Read 3225473024
253:0 Write 229376
253:0 Sync 0
253:0 Async 3225702400
253:0 Total 3225702400
Total 3225702400
--------------------CPUAC-----------------------
user 4087
system 34430
 
--------------------MEMCG-----------------------
MEM ONLY  : 953 MB
MEM+SWAP  : 953 MB
cache 906338304
rss 93601792
rss_huge 0
mapped_file 3375104
writeback 0
swap 0
pgpgin 40478514
pgpgout 40234387
pgfault 8539661
pgmajfault 313
inactive_anon 47263744
active_anon 46419968
inactive_file 453337088
active_file 452919296
unevictable 0
hierarchical_memory_limit 999997440
hierarchical_memsw_limit 9223372036854771712
total_cache 906342400
total_rss 93601792
total_rss_huge 0
total_mapped_file 3375104
total_writeback 0
total_swap 0
total_pgpgin 40478515
total_pgpgout 40234387
total_pgfault 8539661
total_pgmajfault 313
total_inactive_anon 47263744
total_active_anon 46419968
total_inactive_file 453337088
total_active_file 452919296
total_unevictable 0
--------------------BLKIO-----------------------
11:0 Read 0
11:0 Write 0
11:0 Sync 0
11:0 Async 0
11:0 Total 0
253:0 Read 3225473024
253:0 Write 229376
253:0 Sync 0
253:0 Async 3225702400
253:0 Total 3225702400
Total 3225702400
--------------------CPUAC-----------------------
user 4291
system 36227
 
--------------------MEMCG-----------------------
MEM ONLY  : 953 MB
MEM+SWAP  : 953 MB
cache 906215424
rss 93609984
rss_huge 0
mapped_file 3334144
writeback 0
swap 0
pgpgin 42474666
pgpgout 42230567
pgfault 8949237
pgmajfault 313
inactive_anon 47263744
active_anon 46428160
inactive_file 453251072
active_file 452837376
unevictable 0
hierarchical_memory_limit 999997440
hierarchical_memsw_limit 9223372036854771712
total_cache 906223616
total_rss 93609984
total_rss_huge 0
total_mapped_file 3334144
total_writeback 0
total_swap 0
total_pgpgin 42474668
total_pgpgout 42230567
total_pgfault 8949237
total_pgmajfault 313
total_inactive_anon 47263744
total_active_anon 46428160
total_inactive_file 453308416
total_active_file 452837376
total_unevictable 0
--------------------BLKIO-----------------------
11:0 Read 0
11:0 Write 0
11:0 Sync 0
11:0 Async 0
11:0 Total 0
253:0 Read 3225473024
253:0 Write 229376
253:0 Sync 0
253:0 Async 3225702400
253:0 Total 3225702400
Total 3225702400
--------------------CPUAC-----------------------
user 4508
system 38010
 
--------------------MEMCG-----------------------
MEM ONLY  : 953 MB
MEM+SWAP  : 953 MB
cache 906326016
rss 93593600
rss_huge 0
mapped_file 3477504
writeback 0
swap 0
pgpgin 44470284
pgpgout 44226163
pgfault 9359662
pgmajfault 319
inactive_anon 47263744
active_anon 46411776
inactive_file 453353472
active_file 452870144
unevictable 0
hierarchical_memory_limit 999997440
hierarchical_memsw_limit 9223372036854771712
total_cache 906326016
total_rss 93593600
total_rss_huge 0
total_mapped_file 3477504
total_writeback 0
total_swap 0
total_pgpgin 44470284
total_pgpgout 44226163
total_pgfault 9359662
total_pgmajfault 319
total_inactive_anon 47263744
total_active_anon 46411776
total_inactive_file 453353472
total_active_file 452870144
total_unevictable 0
--------------------BLKIO-----------------------
11:0 Read 0
11:0 Write 0
11:0 Sync 0
11:0 Async 0
11:0 Total 0
253:0 Read 3225473024
253:0 Write 229376
253:0 Sync 0
253:0 Async 3225702400
253:0 Total 3225702400
Total 3225702400
--------------------CPUAC-----------------------
user 4720
system 39800
 
--------------------MEMCG-----------------------
MEM ONLY  : 953 MB
MEM+SWAP  : 953 MB
cache 906280960
rss 93605888
rss_huge 0
mapped_file 3334144
writeback 0
swap 0
pgpgin 46462446
pgpgout 46218331
pgfault 9773407
pgmajfault 320
inactive_anon 47263744
active_anon 46424064
inactive_file 453312512
active_file 452870144
unevictable 0
hierarchical_memory_limit 999997440
hierarchical_memsw_limit 9223372036854771712
total_cache 906293248
total_rss 93605888
total_rss_huge 0
total_mapped_file 3334144
total_writeback 0
total_swap 0
total_pgpgin 46462448
total_pgpgout 46218331
total_pgfault 9773407
total_pgmajfault 320
total_inactive_anon 47263744
total_active_anon 46424064
total_inactive_file 453312512
total_active_file 452870144
total_unevictable 0
--------------------BLKIO-----------------------
11:0 Read 0
11:0 Write 0
11:0 Sync 0
11:0 Async 0
11:0 Total 0
253:0 Read 3225473024
253:0 Write 229376
253:0 Sync 0
253:0 Async 3225702400
253:0 Total 3225702400
Total 3225702400
--------------------CPUAC-----------------------
user 4948
system 41573
 
--------------------MEMCG-----------------------
MEM ONLY  : 953 MB
MEM+SWAP  : 953 MB
cache 906289152
rss 93597696
rss_huge 0
mapped_file 3334144
writeback 0
swap 0
pgpgin 48449558
pgpgout 48205445
pgfault 10184113
pgmajfault 321
inactive_anon 47263744
active_anon 46403584
inactive_file 453136384
active_file 453070848
unevictable 0
hierarchical_memory_limit 999997440
hierarchical_memsw_limit 9223372036854771712
total_cache 906289152
total_rss 93605888
total_rss_huge 0
total_mapped_file 3334144
total_writeback 0
total_swap 0
total_pgpgin 48449560
total_pgpgout 48205445
total_pgfault 10184115
total_pgmajfault 321
total_inactive_anon 47263744
total_active_anon 46403584
total_inactive_file 453136384
total_active_file 453070848
total_unevictable 0
--------------------BLKIO-----------------------
11:0 Read 0
11:0 Write 0
11:0 Sync 0
11:0 Async 0
11:0 Total 0
253:0 Read 3225473024
253:0 Write 229376
253:0 Sync 0
253:0 Async 3225702400
253:0 Total 3225702400
Total 3225702400
--------------------CPUAC-----------------------
user 5170
system 43351
 
--------------------MEMCG-----------------------
MEM ONLY  : 953 MB
MEM+SWAP  : 953 MB
cache 906211328
rss 93589504
rss_huge 0
mapped_file 3485696
writeback 0
swap 0
pgpgin 50441410
pgpgout 50197318
pgfault 10593209
pgmajfault 327
inactive_anon 47263744
active_anon 46407680
inactive_file 453038080
active_file 453042176
unevictable 0
hierarchical_memory_limit 999997440
hierarchical_memsw_limit 9223372036854771712
total_cache 906211328
total_rss 93589504
total_rss_huge 0
total_mapped_file 3485696
total_writeback 0
total_swap 0
total_pgpgin 50441410
total_pgpgout 50197318
total_pgfault 10593209
total_pgmajfault 327
total_inactive_anon 47263744
total_active_anon 46407680
total_inactive_file 453038080
total_active_file 453042176
total_unevictable 0
--------------------BLKIO-----------------------
11:0 Read 0
11:0 Write 0
11:0 Sync 0
11:0 Async 0
11:0 Total 0
253:0 Read 3225473024
253:0 Write 229376
253:0 Sync 0
253:0 Async 3225702400
253:0 Total 3225702400
Total 3225702400
--------------------CPUAC-----------------------
user 5379
system 45143
 
--------------------MEMCG-----------------------
MEM ONLY  : 953 MB
MEM+SWAP  : 953 MB
cache 906194944
rss 93609984
rss_huge 0
mapped_file 3375104
writeback 0
swap 0
pgpgin 52429206
pgpgout 52185113
pgfault 11002697
pgmajfault 328
inactive_anon 47263744
active_anon 46424064
inactive_file 453087232
active_file 453025792
unevictable 0
hierarchical_memory_limit 999997440
hierarchical_memsw_limit 9223372036854771712
total_cache 906194944
total_rss 93605888
total_rss_huge 0
total_mapped_file 3375104
total_writeback 0
total_swap 0
total_pgpgin 52429206
total_pgpgout 52185114
total_pgfault 11002697
total_pgmajfault 328
total_inactive_anon 47263744
total_active_anon 46424064
total_inactive_file 453087232
total_active_file 453025792
total_unevictable 0
--------------------BLKIO-----------------------
11:0 Read 0
11:0 Write 0
11:0 Sync 0
11:0 Async 0
11:0 Total 0
253:0 Read 3225473024
253:0 Write 229376
253:0 Sync 0
253:0 Async 3225702400
253:0 Total 3225702400
Total 3225702400
--------------------CPUAC-----------------------
user 5584
system 46933
 
--------------------MEMCG-----------------------
MEM ONLY  : 953 MB
MEM+SWAP  : 953 MB
cache 906309632
rss 93601792
rss_huge 0
mapped_file 3334144
writeback 0
swap 0
pgpgin 54425357
pgpgout 54181239
pgfault 11413663
pgmajfault 328
inactive_anon 47263744
active_anon 46415872
inactive_file 453255168
active_file 452972544
unevictable 0
hierarchical_memory_limit 999997440
hierarchical_memsw_limit 9223372036854771712
total_cache 906309632
total_rss 93597696
total_rss_huge 0
total_mapped_file 3334144
total_writeback 0
total_swap 0
total_pgpgin 54425357
total_pgpgout 54181239
total_pgfault 11413663
total_pgmajfault 328
total_inactive_anon 47263744
total_active_anon 46415872
total_inactive_file 453255168
total_active_file 452972544
total_unevictable 0
--------------------BLKIO-----------------------
11:0 Read 0
11:0 Write 0
11:0 Sync 0
11:0 Async 0
11:0 Total 0
253:0 Read 3225473024
253:0 Write 229376
253:0 Sync 0
253:0 Async 3225702400
253:0 Total 3225702400
Total 3225702400
--------------------CPUAC-----------------------
user 5789
system 48728
 
--------------------MEMCG-----------------------
MEM ONLY  : 953 MB
MEM+SWAP  : 953 MB
cache 906395648
rss 93601792
rss_huge 0
mapped_file 3485696
writeback 0
swap 0
pgpgin 56419457
pgpgout 56175317
pgfault 11824907
pgmajfault 334
inactive_anon 47263744
active_anon 46419968
inactive_file 453120000
active_file 453099520
unevictable 0
hierarchical_memory_limit 999997440
hierarchical_memsw_limit 9223372036854771712
total_cache 906395648
total_rss 93601792
total_rss_huge 0
total_mapped_file 3485696
total_writeback 0
total_swap 0
total_pgpgin 56419457
total_pgpgout 56175317
total_pgfault 11824907
total_pgmajfault 334
total_inactive_anon 47263744
total_active_anon 46419968
total_inactive_file 453120000
total_active_file 453099520
total_unevictable 0
--------------------BLKIO-----------------------
11:0 Read 0
11:0 Write 0
11:0 Sync 0
11:0 Async 0
11:0 Total 0
253:0 Read 3225473024
253:0 Write 229376
253:0 Sync 0
253:0 Async 3225702400
253:0 Total 3225702400
Total 3225702400
--------------------CPUAC-----------------------
user 6004
system 50514
 
--------------------MEMCG-----------------------
MEM ONLY  : 953 MB
MEM+SWAP  : 953 MB
cache 906190848
rss 93585408
rss_huge 0
mapped_file 3334144
writeback 0
swap 0
pgpgin 58410342
pgpgout 58166255
pgfault 12234612
pgmajfault 335
inactive_anon 47263744
active_anon 46403584
inactive_file 453173248
active_file 452882432
unevictable 0
hierarchical_memory_limit 999997440
hierarchical_memsw_limit 9223372036854771712
total_cache 906199040
total_rss 93585408
total_rss_huge 0
total_mapped_file 3334144
total_writeback 0
total_swap 0
total_pgpgin 58410343
total_pgpgout 58166255
total_pgfault 12234612
total_pgmajfault 335
total_inactive_anon 47263744
total_active_anon 46403584
total_inactive_file 453230592
total_active_file 452882432
total_unevictable 0
--------------------BLKIO-----------------------
11:0 Read 0
11:0 Write 0
11:0 Sync 0
11:0 Async 0
11:0 Total 0
253:0 Read 3225473024
253:0 Write 229376
253:0 Sync 0
253:0 Async 3225702400
253:0 Total 3225702400
Total 3225702400
--------------------CPUAC-----------------------
user 6206
system 52313
 
--------------------MEMCG-----------------------
MEM ONLY  : 953 MB
MEM+SWAP  : 953 MB
cache 906338304
rss 93585408
rss_huge 0
mapped_file 3334144
writeback 0
swap 0
pgpgin 60393207
pgpgout 60149083
pgfault 12645705
pgmajfault 335
inactive_anon 47263744
active_anon 46403584
inactive_file 453185536
active_file 453046272
unevictable 0
hierarchical_memory_limit 999997440
hierarchical_memsw_limit 9223372036854771712
total_cache 906346496
total_rss 93585408
total_rss_huge 0
total_mapped_file 3334144
total_writeback 0
total_swap 0
total_pgpgin 60393207
total_pgpgout 60149083
total_pgfault 12645705
total_pgmajfault 335
total_inactive_anon 47263744
total_active_anon 46403584
total_inactive_file 453185536
total_active_file 453046272
total_unevictable 0
--------------------BLKIO-----------------------
11:0 Read 0
11:0 Write 0
11:0 Sync 0
11:0 Async 0
11:0 Total 0
253:0 Read 3225473024
253:0 Write 229376
253:0 Sync 0
253:0 Async 3225702400
253:0 Total 3225702400
Total 3225702400
--------------------CPUAC-----------------------
user 6411
system 54109
 
--------------------MEMCG-----------------------
MEM ONLY  : 953 MB
MEM+SWAP  : 953 MB
cache 906199040
rss 93601792
rss_huge 0
mapped_file 3526656
writeback 0
swap 0
pgpgin 62378185
pgpgout 62134092
pgfault 13053328
pgmajfault 342
inactive_anon 47263744
active_anon 46419968
inactive_file 452718592
active_file 453398528
unevictable 0
hierarchical_memory_limit 999997440
hierarchical_memsw_limit 9223372036854771712
total_cache 906207232
total_rss 93601792
total_rss_huge 0
total_mapped_file 3526656
total_writeback 0
total_swap 0
total_pgpgin 62378187
total_pgpgout 62134092
total_pgfault 13053328
total_pgmajfault 342
total_inactive_anon 47263744
total_active_anon 46419968
total_inactive_file 452718592
total_active_file 453398528
total_unevictable 0
--------------------BLKIO-----------------------
11:0 Read 0
11:0 Write 0
11:0 Sync 0
11:0 Async 0
11:0 Total 0
253:0 Read 3225473024
253:0 Write 229376
253:0 Sync 0
253:0 Async 3225702400
253:0 Total 3225702400
Total 3225702400
--------------------CPUAC-----------------------
user 6615
system 55899
 
--------------------MEMCG-----------------------
MEM ONLY  : 953 MB
MEM+SWAP  : 953 MB
cache 906158080
rss 93605888
rss_huge 0
mapped_file 3375104
writeback 0
swap 0
pgpgin 64370634
pgpgout 64126551
pgfault 13466299
pgmajfault 343
inactive_anon 47263744
active_anon 46424064
inactive_file 453226496
active_file 452849664
unevictable 0
hierarchical_memory_limit 999997440
hierarchical_memsw_limit 9223372036854771712
total_cache 906158080
total_rss 93601792
total_rss_huge 0
total_mapped_file 3375104
total_writeback 0
total_swap 0
total_pgpgin 64370634
total_pgpgout 64126552
total_pgfault 13466299
total_pgmajfault 343
total_inactive_anon 47263744
total_active_anon 46419968
total_inactive_file 453226496
total_active_file 452849664
total_unevictable 0
--------------------BLKIO-----------------------
11:0 Read 0
11:0 Write 0
11:0 Sync 0
11:0 Async 0
11:0 Total 0
253:0 Read 3225473024
253:0 Write 229376
253:0 Sync 0
253:0 Async 3225702400
253:0 Total 3225702400
Total 3225702400
--------------------CPUAC-----------------------
user 6832
system 57683
 
--------------------MEMCG-----------------------
MEM ONLY  : 953 MB
MEM+SWAP  : 953 MB
cache 906289152
rss 93605888
rss_huge 0
mapped_file 3334144
writeback 0
swap 0
pgpgin 66364335
pgpgout 66120219
pgfault 13879083
pgmajfault 343
inactive_anon 47263744
active_anon 46424064
inactive_file 453255168
active_file 452952064
unevictable 0
hierarchical_memory_limit 999997440
hierarchical_memsw_limit 9223372036854771712
total_cache 906297344
total_rss 93605888
total_rss_huge 0
total_mapped_file 3334144
total_writeback 0
total_swap 0
total_pgpgin 66364337
total_pgpgout 66120219
total_pgfault 13879083
total_pgmajfault 343
total_inactive_anon 47263744
total_active_anon 46424064
total_inactive_file 453255168
total_active_file 452952064
total_unevictable 0
--------------------BLKIO-----------------------
11:0 Read 0
11:0 Write 0
11:0 Sync 0
11:0 Async 0
11:0 Total 0
253:0 Read 3225473024
253:0 Write 229376
253:0 Sync 0
253:0 Async 3225702400
253:0 Total 3225702400
Total 3225702400
--------------------CPUAC-----------------------
user 7054
system 59462
 
--------------------MEMCG-----------------------
MEM ONLY  : 953 MB
MEM+SWAP  : 953 MB
cache 906285056
rss 93605888
rss_huge 0
mapped_file 3477504
writeback 0
swap 0
pgpgin 68359037
pgpgout 68114923
pgfault 14291233
pgmajfault 349
inactive_anon 47263744
active_anon 46424064
inactive_file 453165056
active_file 452907008
unevictable 0
hierarchical_memory_limit 999997440
hierarchical_memsw_limit 9223372036854771712
total_cache 906285056
total_rss 93605888
total_rss_huge 0
total_mapped_file 3477504
total_writeback 0
total_swap 0
total_pgpgin 68359037
total_pgpgout 68114923
total_pgfault 14291233
total_pgmajfault 349
total_inactive_anon 47263744
total_active_anon 46424064
total_inactive_file 453165056
total_active_file 452907008
total_unevictable 0
--------------------BLKIO-----------------------
11:0 Read 0
11:0 Write 0
11:0 Sync 0
11:0 Async 0
11:0 Total 0
253:0 Read 3225473024
253:0 Write 229376
253:0 Sync 0
253:0 Async 3225702400
253:0 Total 3225702400
Total 3225702400
--------------------CPUAC-----------------------
user 7265
system 61252
 
--------------------MEMCG-----------------------
MEM ONLY  : 953 MB
MEM+SWAP  : 953 MB
cache 906162176
rss 93609984
rss_huge 0
mapped_file 3334144
writeback 0
swap 0
pgpgin 70352490
pgpgout 70108405
pgfault 14702062
pgmajfault 350
inactive_anon 47263744
active_anon 46428160
inactive_file 453361664
active_file 452718592
unevictable 0
hierarchical_memory_limit 999997440
hierarchical_memsw_limit 9223372036854771712
total_cache 906162176
total_rss 93609984
total_rss_huge 0
total_mapped_file 3334144
total_writeback 0
total_swap 0
total_pgpgin 70352490
total_pgpgout 70108405
total_pgfault 14702062
total_pgmajfault 350
total_inactive_anon 47263744
total_active_anon 46428160
total_inactive_file 453361664
total_active_file 452718592
total_unevictable 0
--------------------BLKIO-----------------------
11:0 Read 0
11:0 Write 0
11:0 Sync 0
11:0 Async 0
11:0 Total 0
253:0 Read 3225473024
253:0 Write 229376
253:0 Sync 0
253:0 Async 3225702400
253:0 Total 3225702400
Total 3225702400
--------------------CPUAC-----------------------
user 7486
system 63032
 
--------------------MEMCG-----------------------
MEM ONLY  : 953 MB
MEM+SWAP  : 953 MB
cache 906285056
rss 93601792
rss_huge 0
mapped_file 3334144
writeback 0
swap 0
pgpgin 72347898
pgpgout 72103785
pgfault 15113281
pgmajfault 351
inactive_anon 47263744
active_anon 46419968
inactive_file 453128192
active_file 452943872
unevictable 0
hierarchical_memory_limit 999997440
hierarchical_memsw_limit 9223372036854771712
total_cache 906285056
total_rss 93601792
total_rss_huge 0
total_mapped_file 3334144
total_writeback 0
total_swap 0
total_pgpgin 72347898
total_pgpgout 72103785
total_pgfault 15113281
total_pgmajfault 351
total_inactive_anon 47263744
total_active_anon 46419968
total_inactive_file 453128192
total_active_file 452943872
total_unevictable 0
--------------------BLKIO-----------------------
11:0 Read 0
11:0 Write 0
11:0 Sync 0
11:0 Async 0
11:0 Total 0
253:0 Read 3225473024
253:0 Write 229376
253:0 Sync 0
253:0 Async 3225702400
253:0 Total 3225702400
Total 3225702400
--------------------CPUAC-----------------------
user 7693
system 64826
 
--------------------MEMCG-----------------------
MEM ONLY  : 953 MB
MEM+SWAP  : 953 MB
cache 906338304
rss 93597696
rss_huge 0
mapped_file 3485696
writeback 0
swap 0
pgpgin 74329456
pgpgout 74085331
pgfault 15524324
pgmajfault 357
inactive_anon 47263744
active_anon 46415872
inactive_file 453083136
active_file 453173248
unevictable 0
hierarchical_memory_limit 999997440
hierarchical_memsw_limit 9223372036854771712
total_cache 906338304
total_rss 93597696
total_rss_huge 0
total_mapped_file 3485696
total_writeback 0
total_swap 0
total_pgpgin 74329456
total_pgpgout 74085331
total_pgfault 15524324
total_pgmajfault 357
total_inactive_anon 47263744
total_active_anon 46415872
total_inactive_file 453083136
total_active_file 453173248
total_unevictable 0
--------------------BLKIO-----------------------
11:0 Read 0
11:0 Write 0
11:0 Sync 0
11:0 Async 0
11:0 Total 0
253:0 Read 3225473024
253:0 Write 229376
253:0 Sync 0
253:0 Async 3225702400
253:0 Total 3225702400
Total 3225702400
--------------------CPUAC-----------------------
user 7897
system 66612
 
