--------------------MEMCG-----------------------
MEM ONLY  : 315 MB
MEM+SWAP  : 315 MB
cache 237367296
rss 93532160
rss_huge 0
mapped_file 46669824
writeback 0
swap 0
pgpgin 159612
pgpgout 78826
pgfault 214896
pgmajfault 217
inactive_anon 53248
active_anon 93564928
inactive_file 205619200
active_file 31629312
unevictable 0
hierarchical_memory_limit 999997440
hierarchical_memsw_limit 9223372036854771712
total_cache 237367296
total_rss 93532160
total_rss_huge 0
total_mapped_file 46669824
total_writeback 0
total_swap 0
total_pgpgin 159612
total_pgpgout 78826
total_pgfault 214896
total_pgmajfault 217
total_inactive_anon 53248
total_active_anon 93564928
total_inactive_file 205619200
total_active_file 31629312
total_unevictable 0
--------------------BLKIO-----------------------
11:0 Read 0
11:0 Write 0
11:0 Sync 0
11:0 Async 0
11:0 Total 0
253:0 Read 197586944
253:0 Write 229376
253:0 Sync 0
253:0 Async 197816320
253:0 Total 197816320
Total 197816320
--------------------CPUAC-----------------------
user 70
system 177
 
--------------------MEMCG-----------------------
MEM ONLY  : 677 MB
MEM+SWAP  : 677 MB
cache 617660416
rss 92991488
rss_huge 0
mapped_file 46514176
writeback 0
swap 0
pgpgin 272095
pgpgout 98596
pgfault 235537
pgmajfault 217
inactive_anon 49152
active_anon 93024256
inactive_file 542363648
active_file 75182080
unevictable 0
hierarchical_memory_limit 999997440
hierarchical_memsw_limit 9223372036854771712
total_cache 617660416
total_rss 92991488
total_rss_huge 0
total_mapped_file 46514176
total_writeback 0
total_swap 0
total_pgpgin 272095
total_pgpgout 98596
total_pgfault 235537
total_pgmajfault 217
total_inactive_anon 49152
total_active_anon 93024256
total_inactive_file 542363648
total_active_file 75182080
total_unevictable 0
--------------------BLKIO-----------------------
11:0 Read 0
11:0 Write 0
11:0 Sync 0
11:0 Async 0
11:0 Total 0
253:0 Read 577884160
253:0 Write 229376
253:0 Sync 0
253:0 Async 578113536
253:0 Total 578113536
Total 578113536
--------------------CPUAC-----------------------
user 83
system 244
 
--------------------MEMCG-----------------------
MEM ONLY  : 953 MB
MEM+SWAP  : 953 MB
cache 906993664
rss 92991488
rss_huge 0
mapped_file 46485504
writeback 0
swap 0
pgpgin 385720
pgpgout 141580
pgfault 259159
pgmajfault 217
inactive_anon 46628864
active_anon 46444544
inactive_file 731000832
active_file 175923200
unevictable 0
hierarchical_memory_limit 999997440
hierarchical_memsw_limit 9223372036854771712
total_cache 907005952
total_rss 92991488
total_rss_huge 0
total_mapped_file 46485504
total_writeback 0
total_swap 0
total_pgpgin 385720
total_pgpgout 141580
total_pgfault 259159
total_pgmajfault 217
total_inactive_anon 46628864
total_active_anon 46444544
total_inactive_file 730869760
total_active_file 175923200
total_unevictable 0
--------------------BLKIO-----------------------
11:0 Read 0
11:0 Write 0
11:0 Sync 0
11:0 Async 0
11:0 Total 0
253:0 Read 951955456
253:0 Write 229376
253:0 Sync 0
253:0 Async 952184832
253:0 Total 952184832
Total 952184832
--------------------CPUAC-----------------------
user 95
system 311
 
--------------------MEMCG-----------------------
MEM ONLY  : 953 MB
MEM+SWAP  : 953 MB
cache 907190272
rss 92725248
rss_huge 0
mapped_file 46346240
writeback 0
swap 0
pgpgin 508234
pgpgout 264114
pgfault 284892
pgmajfault 217
inactive_anon 46632960
active_anon 46174208
inactive_file 602832896
active_file 304271360
unevictable 0
hierarchical_memory_limit 999997440
hierarchical_memsw_limit 9223372036854771712
total_cache 907190272
total_rss 92725248
total_rss_huge 0
total_mapped_file 46346240
total_writeback 0
total_swap 0
total_pgpgin 508234
total_pgpgout 264114
total_pgfault 284892
total_pgmajfault 217
total_inactive_anon 46632960
total_active_anon 46174208
total_inactive_file 602832896
total_active_file 304271360
total_unevictable 0
--------------------BLKIO-----------------------
11:0 Read 0
11:0 Write 0
11:0 Sync 0
11:0 Async 0
11:0 Total 0
253:0 Read 1308147712
253:0 Write 229376
253:0 Sync 0
253:0 Async 1308377088
253:0 Total 1308377088
Total 1308377088
--------------------CPUAC-----------------------
user 110
system 407
 
--------------------MEMCG-----------------------
MEM ONLY  : 953 MB
MEM+SWAP  : 953 MB
cache 907087872
rss 92725248
rss_huge 0
mapped_file 12468224
writeback 0
swap 0
pgpgin 659558
pgpgout 415463
pgfault 316071
pgmajfault 217
inactive_anon 46632960
active_anon 46174208
inactive_file 453586944
active_file 453390336
unevictable 0
hierarchical_memory_limit 999997440
hierarchical_memsw_limit 9223372036854771712
total_cache 907087872
total_rss 92725248
total_rss_huge 0
total_mapped_file 12468224
total_writeback 0
total_swap 0
total_pgpgin 659558
total_pgpgout 415463
total_pgfault 316071
total_pgmajfault 217
total_inactive_anon 46632960
total_active_anon 46174208
total_inactive_file 453586944
total_active_file 453390336
total_unevictable 0
--------------------BLKIO-----------------------
11:0 Read 0
11:0 Write 0
11:0 Sync 0
11:0 Async 0
11:0 Total 0
253:0 Read 1668689920
253:0 Write 229376
253:0 Sync 0
253:0 Async 1668919296
253:0 Total 1668919296
Total 1668919296
--------------------CPUAC-----------------------
user 126
system 534
 
--------------------MEMCG-----------------------
MEM ONLY  : 953 MB
MEM+SWAP  : 953 MB
cache 907157504
rss 92725248
rss_huge 0
mapped_file 12468224
writeback 0
swap 0
pgpgin 845554
pgpgout 601442
pgfault 354773
pgmajfault 217
inactive_anon 46632960
active_anon 46174208
inactive_file 453816320
active_file 453214208
unevictable 0
hierarchical_memory_limit 999997440
hierarchical_memsw_limit 9223372036854771712
total_cache 907157504
total_rss 92725248
total_rss_huge 0
total_mapped_file 12468224
total_writeback 0
total_swap 0
total_pgpgin 845554
total_pgpgout 601442
total_pgfault 354773
total_pgmajfault 217
total_inactive_anon 46632960
total_active_anon 46174208
total_inactive_file 453816320
total_active_file 453214208
total_unevictable 0
--------------------BLKIO-----------------------
11:0 Read 0
11:0 Write 0
11:0 Sync 0
11:0 Async 0
11:0 Total 0
253:0 Read 2028273664
253:0 Write 229376
253:0 Sync 0
253:0 Async 2028503040
253:0 Total 2028503040
Total 2028503040
--------------------CPUAC-----------------------
user 143
system 672
 
--------------------MEMCG-----------------------
MEM ONLY  : 953 MB
MEM+SWAP  : 953 MB
cache 907124736
rss 92729344
rss_huge 0
mapped_file 8577024
writeback 0
swap 0
pgpgin 1090763
pgpgout 846659
pgfault 406301
pgmajfault 217
inactive_anon 46632960
active_anon 46174208
inactive_file 452927488
active_file 454115328
unevictable 0
hierarchical_memory_limit 999997440
hierarchical_memsw_limit 9223372036854771712
total_cache 907124736
total_rss 92725248
total_rss_huge 0
total_mapped_file 8577024
total_writeback 0
total_swap 0
total_pgpgin 1090763
total_pgpgout 846659
total_pgfault 406301
total_pgmajfault 217
total_inactive_anon 46632960
total_active_anon 46174208
total_inactive_file 452927488
total_active_file 454119424
total_unevictable 0
--------------------BLKIO-----------------------
11:0 Read 0
11:0 Write 0
11:0 Sync 0
11:0 Async 0
11:0 Total 0
253:0 Read 2384551936
253:0 Write 229376
253:0 Sync 0
253:0 Async 2384781312
253:0 Total 2384781312
Total 2384781312
--------------------CPUAC-----------------------
user 168
system 852
 
--------------------MEMCG-----------------------
MEM ONLY  : 953 MB
MEM+SWAP  : 953 MB
cache 907141120
rss 92725248
rss_huge 0
mapped_file 3457024
writeback 0
swap 0
pgpgin 1490678
pgpgout 1246570
pgfault 491426
pgmajfault 222
inactive_anon 46632960
active_anon 46174208
inactive_file 453500928
active_file 453550080
unevictable 0
hierarchical_memory_limit 999997440
hierarchical_memsw_limit 9223372036854771712
total_cache 907141120
total_rss 92729344
total_rss_huge 0
total_mapped_file 3457024
total_writeback 0
total_swap 0
total_pgpgin 1490679
total_pgpgout 1246571
total_pgfault 491427
total_pgmajfault 222
total_inactive_anon 46632960
total_active_anon 46174208
total_inactive_file 453500928
total_active_file 453550080
total_unevictable 0
--------------------BLKIO-----------------------
11:0 Read 0
11:0 Write 0
11:0 Sync 0
11:0 Async 0
11:0 Total 0
253:0 Read 2750304256
253:0 Write 229376
253:0 Sync 0
253:0 Async 2750533632
253:0 Total 2750533632
Total 2750533632
--------------------CPUAC-----------------------
user 204
system 1138
 
--------------------MEMCG-----------------------
MEM ONLY  : 953 MB
MEM+SWAP  : 953 MB
cache 907022336
rss 92725248
rss_huge 0
mapped_file 3436544
writeback 0
swap 0
pgpgin 2071482
pgpgout 1827403
pgfault 613024
pgmajfault 222
inactive_anon 46632960
active_anon 46174208
inactive_file 453591040
active_file 453332992
unevictable 0
hierarchical_memory_limit 999997440
hierarchical_memsw_limit 9223372036854771712
total_cache 907022336
total_rss 92725248
total_rss_huge 0
total_mapped_file 3436544
total_writeback 0
total_swap 0
total_pgpgin 2071482
total_pgpgout 1827403
total_pgfault 613024
total_pgmajfault 222
total_inactive_anon 46632960
total_active_anon 46174208
total_inactive_file 453591040
total_active_file 453332992
total_unevictable 0
--------------------BLKIO-----------------------
11:0 Read 0
11:0 Write 0
11:0 Sync 0
11:0 Async 0
11:0 Total 0
253:0 Read 3102539776
253:0 Write 229376
253:0 Sync 0
253:0 Async 3102769152
253:0 Total 3102769152
Total 3102769152
--------------------CPUAC-----------------------
user 248
system 1560
 
--------------------MEMCG-----------------------
MEM ONLY  : 953 MB
MEM+SWAP  : 953 MB
cache 907018240
rss 92725248
rss_huge 0
mapped_file 3325952
writeback 0
swap 0
pgpgin 2678612
pgpgout 2434534
pgfault 739157
pgmajfault 222
inactive_anon 46632960
active_anon 46174208
inactive_file 453746688
active_file 453169152
unevictable 0
hierarchical_memory_limit 999997440
hierarchical_memsw_limit 9223372036854771712
total_cache 907018240
total_rss 92725248
total_rss_huge 0
total_mapped_file 3325952
total_writeback 0
total_swap 0
total_pgpgin 2678612
total_pgpgout 2434534
total_pgfault 739157
total_pgmajfault 222
total_inactive_anon 46632960
total_active_anon 46174208
total_inactive_file 453746688
total_active_file 453169152
total_unevictable 0
--------------------BLKIO-----------------------
11:0 Read 0
11:0 Write 0
11:0 Sync 0
11:0 Async 0
11:0 Total 0
253:0 Read 3460567040
253:0 Write 229376
253:0 Sync 0
253:0 Async 3460796416
253:0 Total 3460796416
Total 3460796416
--------------------CPUAC-----------------------
user 304
system 2002
 
--------------------MEMCG-----------------------
MEM ONLY  : 953 MB
MEM+SWAP  : 953 MB
cache 907014144
rss 92725248
rss_huge 0
mapped_file 3457024
writeback 0
swap 0
pgpgin 3289977
pgpgout 3045900
pgfault 866806
pgmajfault 228
inactive_anon 46632960
active_anon 46174208
inactive_file 453640192
active_file 453292032
unevictable 0
hierarchical_memory_limit 999997440
hierarchical_memsw_limit 9223372036854771712
total_cache 907014144
total_rss 92725248
total_rss_huge 0
total_mapped_file 3457024
total_writeback 0
total_swap 0
total_pgpgin 3289977
total_pgpgout 3045900
total_pgfault 866806
total_pgmajfault 228
total_inactive_anon 46632960
total_active_anon 46174208
total_inactive_file 453640192
total_active_file 453292032
total_unevictable 0
--------------------BLKIO-----------------------
11:0 Read 0
11:0 Write 0
11:0 Sync 0
11:0 Async 0
11:0 Total 0
253:0 Read 3822379008
253:0 Write 229376
253:0 Sync 0
253:0 Async 3822608384
253:0 Total 3822608384
Total 3822608384
--------------------CPUAC-----------------------
user 363
system 2463
 
--------------------MEMCG-----------------------
MEM ONLY  : 953 MB
MEM+SWAP  : 953 MB
cache 907083776
rss 92725248
rss_huge 0
mapped_file 3325952
writeback 0
swap 0
pgpgin 3904493
pgpgout 3660399
pgfault 995086
pgmajfault 228
inactive_anon 46632960
active_anon 46174208
inactive_file 453693440
active_file 453308416
unevictable 0
hierarchical_memory_limit 999997440
hierarchical_memsw_limit 9223372036854771712
total_cache 907083776
total_rss 92725248
total_rss_huge 0
total_mapped_file 3325952
total_writeback 0
total_swap 0
total_pgpgin 3904493
total_pgpgout 3660399
total_pgfault 995086
total_pgmajfault 228
total_inactive_anon 46632960
total_active_anon 46174208
total_inactive_file 453693440
total_active_file 453308416
total_unevictable 0
--------------------BLKIO-----------------------
11:0 Read 0
11:0 Write 0
11:0 Sync 0
11:0 Async 0
11:0 Total 0
253:0 Read 4178128896
253:0 Write 229376
253:0 Sync 0
253:0 Async 4178358272
253:0 Total 4178358272
Total 4178358272
--------------------CPUAC-----------------------
user 423
system 2892
 
--------------------MEMCG-----------------------
MEM ONLY  : 953 MB
MEM+SWAP  : 953 MB
cache 907104256
rss 92725248
rss_huge 0
mapped_file 3325952
writeback 0
swap 0
pgpgin 4501719
pgpgout 4257620
pgfault 1119560
pgmajfault 228
inactive_anon 46632960
active_anon 46174208
inactive_file 453644288
active_file 453361664
unevictable 0
hierarchical_memory_limit 999997440
hierarchical_memsw_limit 9223372036854771712
total_cache 907104256
total_rss 92725248
total_rss_huge 0
total_mapped_file 3325952
total_writeback 0
total_swap 0
total_pgpgin 4501719
total_pgpgout 4257620
total_pgfault 1119560
total_pgmajfault 228
total_inactive_anon 46632960
total_active_anon 46174208
total_inactive_file 453644288
total_active_file 453361664
total_unevictable 0
--------------------BLKIO-----------------------
11:0 Read 0
11:0 Write 0
11:0 Sync 0
11:0 Async 0
11:0 Total 0
253:0 Read 4541091840
253:0 Write 229376
253:0 Sync 0
253:0 Async 4541321216
253:0 Total 4541321216
Total 4541321216
--------------------CPUAC-----------------------
user 480
system 3326
 
--------------------MEMCG-----------------------
MEM ONLY  : 953 MB
MEM+SWAP  : 953 MB
cache 907268096
rss 92725248
rss_huge 0
mapped_file 3457024
writeback 0
swap 0
pgpgin 5110976
pgpgout 4866837
pgfault 1247382
pgmajfault 234
inactive_anon 46632960
active_anon 46174208
inactive_file 453947392
active_file 453206016
unevictable 0
hierarchical_memory_limit 999997440
hierarchical_memsw_limit 9223372036854771712
total_cache 907268096
total_rss 92725248
total_rss_huge 0
total_mapped_file 3457024
total_writeback 0
total_swap 0
total_pgpgin 5110976
total_pgpgout 4866837
total_pgfault 1247382
total_pgmajfault 234
total_inactive_anon 46632960
total_active_anon 46174208
total_inactive_file 453947392
total_active_file 453206016
total_unevictable 0
--------------------BLKIO-----------------------
11:0 Read 0
11:0 Write 0
11:0 Sync 0
11:0 Async 0
11:0 Total 0
253:0 Read 4898398208
253:0 Write 229376
253:0 Sync 0
253:0 Async 4898627584
253:0 Total 4898627584
Total 4898627584
--------------------CPUAC-----------------------
user 540
system 3781
 
--------------------MEMCG-----------------------
MEM ONLY  : 953 MB
MEM+SWAP  : 953 MB
cache 907112448
rss 92725248
rss_huge 0
mapped_file 3325952
writeback 0
swap 0
pgpgin 5703066
pgpgout 5458965
pgfault 1369723
pgmajfault 234
inactive_anon 46632960
active_anon 46174208
inactive_file 453324800
active_file 453705728
unevictable 0
hierarchical_memory_limit 999997440
hierarchical_memsw_limit 9223372036854771712
total_cache 907112448
total_rss 92725248
total_rss_huge 0
total_mapped_file 3325952
total_writeback 0
total_swap 0
total_pgpgin 5703066
total_pgpgout 5458965
total_pgfault 1369723
total_pgmajfault 234
total_inactive_anon 46632960
total_active_anon 46174208
total_inactive_file 453324800
total_active_file 453705728
total_unevictable 0
--------------------BLKIO-----------------------
11:0 Read 0
11:0 Write 0
11:0 Sync 0
11:0 Async 0
11:0 Total 0
253:0 Read 5257867264
253:0 Write 229376
253:0 Sync 0
253:0 Async 5258096640
253:0 Total 5258096640
Total 5258096640
--------------------CPUAC-----------------------
user 600
system 4219
 
--------------------MEMCG-----------------------
MEM ONLY  : 953 MB
MEM+SWAP  : 953 MB
cache 907149312
rss 92725248
rss_huge 0
mapped_file 3325952
writeback 0
swap 0
pgpgin 6324187
pgpgout 6080075
pgfault 1499579
pgmajfault 234
inactive_anon 46632960
active_anon 46174208
inactive_file 453365760
active_file 453685248
unevictable 0
hierarchical_memory_limit 999997440
hierarchical_memsw_limit 9223372036854771712
total_cache 907165696
total_rss 92725248
total_rss_huge 0
total_mapped_file 3325952
total_writeback 0
total_swap 0
total_pgpgin 6324189
total_pgpgout 6080075
total_pgfault 1499579
total_pgmajfault 234
total_inactive_anon 46632960
total_active_anon 46174208
total_inactive_file 453365760
total_active_file 453685248
total_unevictable 0
--------------------BLKIO-----------------------
11:0 Read 0
11:0 Write 0
11:0 Sync 0
11:0 Async 0
11:0 Total 0
253:0 Read 5613211648
253:0 Write 229376
253:0 Sync 0
253:0 Async 5613441024
253:0 Total 5613441024
Total 5613441024
--------------------CPUAC-----------------------
user 662
system 4675
 
--------------------MEMCG-----------------------
MEM ONLY  : 953 MB
MEM+SWAP  : 953 MB
cache 907046912
rss 92725248
rss_huge 0
mapped_file 3457024
writeback 0
swap 0
pgpgin 6950454
pgpgout 6706367
pgfault 1629014
pgmajfault 240
inactive_anon 46632960
active_anon 46174208
inactive_file 453566464
active_file 453365760
unevictable 0
hierarchical_memory_limit 999997440
hierarchical_memsw_limit 9223372036854771712
total_cache 907059200
total_rss 92725248
total_rss_huge 0
total_mapped_file 3457024
total_writeback 0
total_swap 0
total_pgpgin 6950457
total_pgpgout 6706367
total_pgfault 1629014
total_pgmajfault 240
total_inactive_anon 46632960
total_active_anon 46174208
total_inactive_file 453566464
total_active_file 453365760
total_unevictable 0
--------------------BLKIO-----------------------
11:0 Read 0
11:0 Write 0
11:0 Sync 0
11:0 Async 0
11:0 Total 0
253:0 Read 5968187392
253:0 Write 229376
253:0 Sync 0
253:0 Async 5968416768
253:0 Total 5968416768
Total 5968416768
--------------------CPUAC-----------------------
user 725
system 5129
 
--------------------MEMCG-----------------------
MEM ONLY  : 953 MB
MEM+SWAP  : 953 MB
cache 907141120
rss 92725248
rss_huge 0
mapped_file 3325952
writeback 0
swap 0
pgpgin 7550215
pgpgout 7306107
pgfault 1754652
pgmajfault 240
inactive_anon 46632960
active_anon 46174208
inactive_file 453701632
active_file 453337088
unevictable 0
hierarchical_memory_limit 999997440
hierarchical_memsw_limit 9223372036854771712
total_cache 907141120
total_rss 92725248
total_rss_huge 0
total_mapped_file 3325952
total_writeback 0
total_swap 0
total_pgpgin 7550215
total_pgpgout 7306107
total_pgfault 1754652
total_pgmajfault 240
total_inactive_anon 46632960
total_active_anon 46174208
total_inactive_file 453701632
total_active_file 453337088
total_unevictable 0
--------------------BLKIO-----------------------
11:0 Read 0
11:0 Write 0
11:0 Sync 0
11:0 Async 0
11:0 Total 0
253:0 Read 6332760064
253:0 Write 229376
253:0 Sync 0
253:0 Async 6332989440
253:0 Total 6332989440
Total 6332989440
--------------------CPUAC-----------------------
user 776
system 5588
 
--------------------MEMCG-----------------------
MEM ONLY  : 953 MB
MEM+SWAP  : 953 MB
cache 907071488
rss 92729344
rss_huge 0
mapped_file 3325952
writeback 0
swap 0
pgpgin 8131318
pgpgout 7887226
pgfault 1876465
pgmajfault 240
inactive_anon 46632960
active_anon 46174208
inactive_file 453550080
active_file 453439488
unevictable 0
hierarchical_memory_limit 999997440
hierarchical_memsw_limit 9223372036854771712
total_cache 907071488
total_rss 92725248
total_rss_huge 0
total_mapped_file 3325952
total_writeback 0
total_swap 0
total_pgpgin 8131318
total_pgpgout 7887227
total_pgfault 1876465
total_pgmajfault 240
total_inactive_anon 46632960
total_active_anon 46174208
total_inactive_file 453550080
total_active_file 453439488
total_unevictable 0
--------------------BLKIO-----------------------
11:0 Read 0
11:0 Write 0
11:0 Sync 0
11:0 Async 0
11:0 Total 0
253:0 Read 6681956352
253:0 Write 229376
253:0 Sync 0
253:0 Async 6682185728
253:0 Total 6682185728
Total 6682185728
--------------------CPUAC-----------------------
user 834
system 6017
 
--------------------MEMCG-----------------------
MEM ONLY  : 953 MB
MEM+SWAP  : 953 MB
cache 907059200
rss 92725248
rss_huge 0
mapped_file 3457024
writeback 0
swap 0
pgpgin 8747018
pgpgout 8502928
pgfault 2002808
pgmajfault 246
inactive_anon 46632960
active_anon 46174208
inactive_file 453451776
active_file 453488640
unevictable 0
hierarchical_memory_limit 999997440
hierarchical_memsw_limit 9223372036854771712
total_cache 907075584
total_rss 92725248
total_rss_huge 0
total_mapped_file 3457024
total_writeback 0
total_swap 0
total_pgpgin 8747021
total_pgpgout 8502928
total_pgfault 2002808
total_pgmajfault 246
total_inactive_anon 46632960
total_active_anon 46174208
total_inactive_file 453509120
total_active_file 453488640
total_unevictable 0
--------------------BLKIO-----------------------
11:0 Read 0
11:0 Write 0
11:0 Sync 0
11:0 Async 0
11:0 Total 0
253:0 Read 7043440640
253:0 Write 229376
253:0 Sync 0
253:0 Async 7043670016
253:0 Total 7043670016
Total 7043670016
--------------------CPUAC-----------------------
user 882
system 6465
 
--------------------MEMCG-----------------------
MEM ONLY  : 953 MB
MEM+SWAP  : 953 MB
cache 907157504
rss 92725248
rss_huge 0
mapped_file 3325952
writeback 0
swap 0
pgpgin 9356951
pgpgout 9112839
pgfault 2129542
pgmajfault 246
inactive_anon 46632960
active_anon 46174208
inactive_file 453791744
active_file 453238784
unevictable 0
hierarchical_memory_limit 999997440
hierarchical_memsw_limit 9223372036854771712
total_cache 907157504
total_rss 92725248
total_rss_huge 0
total_mapped_file 3325952
total_writeback 0
total_swap 0
total_pgpgin 9356951
total_pgpgout 9112839
total_pgfault 2129542
total_pgmajfault 246
total_inactive_anon 46632960
total_active_anon 46174208
total_inactive_file 453791744
total_active_file 453238784
total_unevictable 0
--------------------BLKIO-----------------------
11:0 Read 0
11:0 Write 0
11:0 Sync 0
11:0 Async 0
11:0 Total 0
253:0 Read 7400361984
253:0 Write 229376
253:0 Sync 0
253:0 Async 7400591360
253:0 Total 7400591360
Total 7400591360
--------------------CPUAC-----------------------
user 938
system 6927
 
--------------------MEMCG-----------------------
MEM ONLY  : 953 MB
MEM+SWAP  : 953 MB
cache 907063296
rss 92725248
rss_huge 0
mapped_file 3325952
writeback 0
swap 0
pgpgin 9987303
pgpgout 9743212
pgfault 2261129
pgmajfault 246
inactive_anon 46632960
active_anon 46174208
inactive_file 453570560
active_file 453365760
unevictable 0
hierarchical_memory_limit 999997440
hierarchical_memsw_limit 9223372036854771712
total_cache 907079680
total_rss 92725248
total_rss_huge 0
total_mapped_file 3325952
total_writeback 0
total_swap 0
total_pgpgin 9987305
total_pgpgout 9743212
total_pgfault 2261129
total_pgmajfault 246
total_inactive_anon 46632960
total_active_anon 46174208
total_inactive_file 453627904
total_active_file 453365760
total_unevictable 0
--------------------BLKIO-----------------------
11:0 Read 0
11:0 Write 0
11:0 Sync 0
11:0 Async 0
11:0 Total 0
253:0 Read 7756759040
253:0 Write 229376
253:0 Sync 0
253:0 Async 7756988416
253:0 Total 7756988416
Total 7756988416
--------------------CPUAC-----------------------
user 997
system 7397
 
--------------------MEMCG-----------------------
MEM ONLY  : 953 MB
MEM+SWAP  : 953 MB
cache 907145216
rss 92725248
rss_huge 0
mapped_file 3457024
writeback 0
swap 0
pgpgin 10589166
pgpgout 10345057
pgfault 2385975
pgmajfault 252
inactive_anon 46632960
active_anon 46174208
inactive_file 453869568
active_file 453193728
unevictable 0
hierarchical_memory_limit 999997440
hierarchical_memsw_limit 9223372036854771712
total_cache 907145216
total_rss 92725248
total_rss_huge 0
total_mapped_file 3457024
total_writeback 0
total_swap 0
total_pgpgin 10589166
total_pgpgout 10345057
total_pgfault 2385975
total_pgmajfault 252
total_inactive_anon 46632960
total_active_anon 46174208
total_inactive_file 453812224
total_active_file 453251072
total_unevictable 0
--------------------BLKIO-----------------------
11:0 Read 0
11:0 Write 0
11:0 Sync 0
11:0 Async 0
11:0 Total 0
253:0 Read 8111308800
253:0 Write 229376
253:0 Sync 0
253:0 Async 8111538176
253:0 Total 8111538176
Total 8111538176
--------------------CPUAC-----------------------
user 1055
system 7844
 
--------------------MEMCG-----------------------
MEM ONLY  : 953 MB
MEM+SWAP  : 953 MB
cache 907214848
rss 92725248
rss_huge 0
mapped_file 3325952
writeback 0
swap 0
pgpgin 11222697
pgpgout 10978571
pgfault 2516825
pgmajfault 252
inactive_anon 46632960
active_anon 46174208
inactive_file 453619712
active_file 453484544
unevictable 0
hierarchical_memory_limit 999997440
hierarchical_memsw_limit 9223372036854771712
total_cache 907214848
total_rss 92725248
total_rss_huge 0
total_mapped_file 3325952
total_writeback 0
total_swap 0
total_pgpgin 11222697
total_pgpgout 10978571
total_pgfault 2516825
total_pgmajfault 252
total_inactive_anon 46632960
total_active_anon 46174208
total_inactive_file 453619712
total_active_file 453484544
total_unevictable 0
--------------------BLKIO-----------------------
11:0 Read 0
11:0 Write 0
11:0 Sync 0
11:0 Async 0
11:0 Total 0
253:0 Read 8471793664
253:0 Write 229376
253:0 Sync 0
253:0 Async 8472023040
253:0 Total 8472023040
Total 8472023040
--------------------CPUAC-----------------------
user 1112
system 8309
 
--------------------MEMCG-----------------------
MEM ONLY  : 953 MB
MEM+SWAP  : 953 MB
cache 907112448
rss 92725248
rss_huge 0
mapped_file 3325952
writeback 0
swap 0
pgpgin 11822549
pgpgout 11578448
pgfault 2640411
pgmajfault 252
inactive_anon 46632960
active_anon 46174208
inactive_file 453566464
active_file 453414912
unevictable 0
hierarchical_memory_limit 999997440
hierarchical_memsw_limit 9223372036854771712
total_cache 907112448
total_rss 92725248
total_rss_huge 0
total_mapped_file 3325952
total_writeback 0
total_swap 0
total_pgpgin 11822549
total_pgpgout 11578448
total_pgfault 2640411
total_pgmajfault 252
total_inactive_anon 46632960
total_active_anon 46174208
total_inactive_file 453566464
total_active_file 453414912
total_unevictable 0
--------------------BLKIO-----------------------
11:0 Read 0
11:0 Write 0
11:0 Sync 0
11:0 Async 0
11:0 Total 0
253:0 Read 8836898816
253:0 Write 229376
253:0 Sync 0
253:0 Async 8837128192
253:0 Total 8837128192
Total 8837128192
--------------------CPUAC-----------------------
user 1160
system 8770
 
--------------------MEMCG-----------------------
MEM ONLY  : 953 MB
MEM+SWAP  : 953 MB
cache 907071488
rss 92725248
rss_huge 0
mapped_file 3457024
writeback 0
swap 0
pgpgin 12413551
pgpgout 12169460
pgfault 2760460
pgmajfault 258
inactive_anon 46632960
active_anon 46174208
inactive_file 453443584
active_file 453513216
unevictable 0
hierarchical_memory_limit 999997440
hierarchical_memsw_limit 9223372036854771712
total_cache 907071488
total_rss 92725248
total_rss_huge 0
total_mapped_file 3457024
total_writeback 0
total_swap 0
total_pgpgin 12413551
total_pgpgout 12169460
total_pgfault 2760460
total_pgmajfault 258
total_inactive_anon 46632960
total_active_anon 46174208
total_inactive_file 453443584
total_active_file 453513216
total_unevictable 0
--------------------BLKIO-----------------------
11:0 Read 0
11:0 Write 0
11:0 Sync 0
11:0 Async 0
11:0 Total 0
253:0 Read 9204719616
253:0 Write 229376
253:0 Sync 0
253:0 Async 9204948992
253:0 Total 9204948992
Total 9204948992
--------------------CPUAC-----------------------
user 1212
system 9219
 
--------------------MEMCG-----------------------
MEM ONLY  : 953 MB
MEM+SWAP  : 953 MB
cache 907227136
rss 92725248
rss_huge 0
mapped_file 3325952
writeback 0
swap 0
pgpgin 13028775
pgpgout 12784645
pgfault 2887635
pgmajfault 258
inactive_anon 46632960
active_anon 46174208
inactive_file 453623808
active_file 453517312
unevictable 0
hierarchical_memory_limit 999997440
hierarchical_memsw_limit 9223372036854771712
total_cache 907239424
total_rss 92725248
total_rss_huge 0
total_mapped_file 3325952
total_writeback 0
total_swap 0
total_pgpgin 13028779
total_pgpgout 12784645
total_pgfault 2887635
total_pgmajfault 258
total_inactive_anon 46632960
total_active_anon 46174208
total_inactive_file 453623808
total_active_file 453517312
total_unevictable 0
--------------------BLKIO-----------------------
11:0 Read 0
11:0 Write 0
11:0 Sync 0
11:0 Async 0
11:0 Total 0
253:0 Read 9561231360
253:0 Write 229376
253:0 Sync 0
253:0 Async 9561460736
253:0 Total 9561460736
Total 9561460736
--------------------CPUAC-----------------------
user 1270
system 9659
 
--------------------MEMCG-----------------------
MEM ONLY  : 953 MB
MEM+SWAP  : 953 MB
cache 907272192
rss 92725248
rss_huge 0
mapped_file 3325952
writeback 0
swap 0
pgpgin 13645444
pgpgout 13401304
pgfault 3015022
pgmajfault 258
inactive_anon 46632960
active_anon 46174208
inactive_file 453746688
active_file 453349376
unevictable 0
hierarchical_memory_limit 999997440
hierarchical_memsw_limit 9223372036854771712
total_cache 907272192
total_rss 92725248
total_rss_huge 0
total_mapped_file 3325952
total_writeback 0
total_swap 0
total_pgpgin 13645444
total_pgpgout 13401304
total_pgfault 3015022
total_pgmajfault 258
total_inactive_anon 46632960
total_active_anon 46174208
total_inactive_file 453746688
total_active_file 453349376
total_unevictable 0
--------------------BLKIO-----------------------
11:0 Read 0
11:0 Write 0
11:0 Sync 0
11:0 Async 0
11:0 Total 0
253:0 Read 9916944384
253:0 Write 229376
253:0 Sync 0
253:0 Async 9917173760
253:0 Total 9917173760
Total 9917173760
--------------------CPUAC-----------------------
user 1334
system 10092
 
--------------------MEMCG-----------------------
MEM ONLY  : 953 MB
MEM+SWAP  : 953 MB
cache 907116544
rss 92725248
rss_huge 0
mapped_file 3457024
writeback 0
swap 0
pgpgin 14256078
pgpgout 14011976
pgfault 3140911
pgmajfault 264
inactive_anon 46632960
active_anon 46174208
inactive_file 453660672
active_file 453373952
unevictable 0
hierarchical_memory_limit 999997440
hierarchical_memsw_limit 9223372036854771712
total_cache 907116544
total_rss 92725248
total_rss_huge 0
total_mapped_file 3457024
total_writeback 0
total_swap 0
total_pgpgin 14256078
total_pgpgout 14011976
total_pgfault 3140911
total_pgmajfault 264
total_inactive_anon 46632960
total_active_anon 46174208
total_inactive_file 453660672
total_active_file 453373952
total_unevictable 0
--------------------BLKIO-----------------------
11:0 Read 0
11:0 Write 0
11:0 Sync 0
11:0 Async 0
11:0 Total 0
253:0 Read 10275700736
253:0 Write 229376
253:0 Sync 0
253:0 Async 10275930112
253:0 Total 10275930112
Total 10275930112
--------------------CPUAC-----------------------
user 1402
system 10553
 
--------------------MEMCG-----------------------
MEM ONLY  : 953 MB
MEM+SWAP  : 953 MB
cache 907190272
rss 92725248
rss_huge 0
mapped_file 3325952
writeback 0
swap 0
pgpgin 14844922
pgpgout 14600802
pgfault 3262495
pgmajfault 264
inactive_anon 46632960
active_anon 46174208
inactive_file 453795840
active_file 453300224
unevictable 0
hierarchical_memory_limit 999997440
hierarchical_memsw_limit 9223372036854771712
total_cache 907194368
total_rss 92725248
total_rss_huge 0
total_mapped_file 3325952
total_writeback 0
total_swap 0
total_pgpgin 14844923
total_pgpgout 14600802
total_pgfault 3262495
total_pgmajfault 264
total_inactive_anon 46632960
total_active_anon 46174208
total_inactive_file 453795840
total_active_file 453300224
total_unevictable 0
--------------------BLKIO-----------------------
11:0 Read 0
11:0 Write 0
11:0 Sync 0
11:0 Async 0
11:0 Total 0
253:0 Read 10639175680
253:0 Write 229376
253:0 Sync 0
253:0 Async 10639405056
253:0 Total 10639405056
Total 10639405056
--------------------CPUAC-----------------------
user 1455
system 11001
 
--------------------MEMCG-----------------------
MEM ONLY  : 953 MB
MEM+SWAP  : 953 MB
cache 907059200
rss 92725248
rss_huge 0
mapped_file 3325952
writeback 0
swap 0
pgpgin 15443404
pgpgout 15199316
pgfault 3386246
pgmajfault 264
inactive_anon 46632960
active_anon 46174208
inactive_file 453599232
active_file 453345280
unevictable 0
hierarchical_memory_limit 999997440
hierarchical_memsw_limit 9223372036854771712
total_cache 907059200
total_rss 92725248
total_rss_huge 0
total_mapped_file 3325952
total_writeback 0
total_swap 0
total_pgpgin 15443404
total_pgpgout 15199316
total_pgfault 3386246
total_pgmajfault 264
total_inactive_anon 46632960
total_active_anon 46174208
total_inactive_file 453599232
total_active_file 453345280
total_unevictable 0
--------------------BLKIO-----------------------
11:0 Read 0
11:0 Write 0
11:0 Sync 0
11:0 Async 0
11:0 Total 0
253:0 Read 10998218752
253:0 Write 229376
253:0 Sync 0
253:0 Async 10998448128
253:0 Total 10998448128
Total 10998448128
--------------------CPUAC-----------------------
user 1507
system 11452
 
--------------------MEMCG-----------------------
MEM ONLY  : 953 MB
MEM+SWAP  : 953 MB
cache 907247616
rss 92725248
rss_huge 0
mapped_file 3457024
writeback 0
swap 0
pgpgin 16058437
pgpgout 15814303
pgfault 3513437
pgmajfault 270
inactive_anon 46632960
active_anon 46174208
inactive_file 453480448
active_file 453652480
unevictable 0
hierarchical_memory_limit 999997440
hierarchical_memsw_limit 9223372036854771712
total_cache 907247616
total_rss 92725248
total_rss_huge 0
total_mapped_file 3457024
total_writeback 0
total_swap 0
total_pgpgin 16058437
total_pgpgout 15814303
total_pgfault 3513437
total_pgmajfault 270
total_inactive_anon 46632960
total_active_anon 46174208
total_inactive_file 453480448
total_active_file 453652480
total_unevictable 0
--------------------BLKIO-----------------------
11:0 Read 0
11:0 Write 0
11:0 Sync 0
11:0 Async 0
11:0 Total 0
253:0 Read 11354648576
253:0 Write 229376
253:0 Sync 0
253:0 Async 11354877952
253:0 Total 11354877952
Total 11354877952
--------------------CPUAC-----------------------
user 1566
system 11892
 
--------------------MEMCG-----------------------
MEM ONLY  : 953 MB
MEM+SWAP  : 953 MB
cache 907251712
rss 92725248
rss_huge 0
mapped_file 3325952
writeback 0
swap 0
pgpgin 16666821
pgpgout 16422686
pgfault 3639771
pgmajfault 270
inactive_anon 46632960
active_anon 46174208
inactive_file 453099520
active_file 454017024
unevictable 0
hierarchical_memory_limit 999997440
hierarchical_memsw_limit 9223372036854771712
total_cache 907251712
total_rss 92725248
total_rss_huge 0
total_mapped_file 3325952
total_writeback 0
total_swap 0
total_pgpgin 16666821
total_pgpgout 16422686
total_pgfault 3639771
total_pgmajfault 270
total_inactive_anon 46632960
total_active_anon 46174208
total_inactive_file 453099520
total_active_file 454017024
total_unevictable 0
--------------------BLKIO-----------------------
11:0 Read 0
11:0 Write 0
11:0 Sync 0
11:0 Async 0
11:0 Total 0
253:0 Read 11722559488
253:0 Write 229376
253:0 Sync 0
253:0 Async 11722788864
253:0 Total 11722788864
Total 11722788864
--------------------CPUAC-----------------------
user 1622
system 12347
 
--------------------MEMCG-----------------------
MEM ONLY  : 953 MB
MEM+SWAP  : 953 MB
cache 907022336
rss 92725248
rss_huge 0
mapped_file 3514368
writeback 0
swap 0
pgpgin 17283579
pgpgout 17039500
pgfault 3767041
pgmajfault 273
inactive_anon 46632960
active_anon 46174208
inactive_file 453746688
active_file 453169152
unevictable 0
hierarchical_memory_limit 999997440
hierarchical_memsw_limit 9223372036854771712
total_cache 907022336
total_rss 92725248
total_rss_huge 0
total_mapped_file 3514368
total_writeback 0
total_swap 0
total_pgpgin 17283579
total_pgpgout 17039500
total_pgfault 3767041
total_pgmajfault 273
total_inactive_anon 46632960
total_active_anon 46174208
total_inactive_file 453746688
total_active_file 453169152
total_unevictable 0
--------------------BLKIO-----------------------
11:0 Read 0
11:0 Write 0
11:0 Sync 0
11:0 Async 0
11:0 Total 0
253:0 Read 12081139712
253:0 Write 229376
253:0 Sync 0
253:0 Async 12081369088
253:0 Total 12081369088
Total 12081369088
--------------------CPUAC-----------------------
user 1673
system 12801
 
--------------------MEMCG-----------------------
MEM ONLY  : 953 MB
MEM+SWAP  : 953 MB
cache 907231232
rss 92725248
rss_huge 0
mapped_file 3457024
writeback 0
swap 0
pgpgin 17905493
pgpgout 17661363
pgfault 3896609
pgmajfault 279
inactive_anon 46632960
active_anon 46174208
inactive_file 453718016
active_file 453398528
unevictable 0
hierarchical_memory_limit 999997440
hierarchical_memsw_limit 9223372036854771712
total_cache 907231232
total_rss 92725248
total_rss_huge 0
total_mapped_file 3457024
total_writeback 0
total_swap 0
total_pgpgin 17905493
total_pgpgout 17661363
total_pgfault 3896609
total_pgmajfault 279
total_inactive_anon 46632960
total_active_anon 46174208
total_inactive_file 453718016
total_active_file 453398528
total_unevictable 0
--------------------BLKIO-----------------------
11:0 Read 0
11:0 Write 0
11:0 Sync 0
11:0 Async 0
11:0 Total 0
253:0 Read 12433661952
253:0 Write 229376
253:0 Sync 0
253:0 Async 12433891328
253:0 Total 12433891328
Total 12433891328
--------------------CPUAC-----------------------
user 1745
system 13254
 
--------------------MEMCG-----------------------
MEM ONLY  : 953 MB
MEM+SWAP  : 953 MB
cache 907091968
rss 92725248
rss_huge 0
mapped_file 3325952
writeback 0
swap 0
pgpgin 18526813
pgpgout 18282717
pgfault 4026470
pgmajfault 279
inactive_anon 46632960
active_anon 46174208
inactive_file 453660672
active_file 453312512
unevictable 0
hierarchical_memory_limit 999997440
hierarchical_memsw_limit 9223372036854771712
total_cache 907091968
total_rss 92725248
total_rss_huge 0
total_mapped_file 3325952
total_writeback 0
total_swap 0
total_pgpgin 18526813
total_pgpgout 18282717
total_pgfault 4026470
total_pgmajfault 279
total_inactive_anon 46632960
total_active_anon 46174208
total_inactive_file 453660672
total_active_file 453312512
total_unevictable 0
--------------------BLKIO-----------------------
11:0 Read 0
11:0 Write 0
11:0 Sync 0
11:0 Async 0
11:0 Total 0
253:0 Read 12794560512
253:0 Write 229376
253:0 Sync 0
253:0 Async 12794789888
253:0 Total 12794789888
Total 12794789888
--------------------CPUAC-----------------------
user 1819
system 13700
 
--------------------MEMCG-----------------------
MEM ONLY  : 953 MB
MEM+SWAP  : 953 MB
cache 907046912
rss 92725248
rss_huge 0
mapped_file 3325952
writeback 0
swap 0
pgpgin 19138191
pgpgout 18894106
pgfault 4153872
pgmajfault 279
inactive_anon 46632960
active_anon 46174208
inactive_file 453664768
active_file 453251072
unevictable 0
hierarchical_memory_limit 999997440
hierarchical_memsw_limit 9223372036854771712
total_cache 907046912
total_rss 92725248
total_rss_huge 0
total_mapped_file 3325952
total_writeback 0
total_swap 0
total_pgpgin 19138191
total_pgpgout 18894106
total_pgfault 4153872
total_pgmajfault 279
total_inactive_anon 46632960
total_active_anon 46174208
total_inactive_file 453664768
total_active_file 453251072
total_unevictable 0
--------------------BLKIO-----------------------
11:0 Read 0
11:0 Write 0
11:0 Sync 0
11:0 Async 0
11:0 Total 0
253:0 Read 13152202752
253:0 Write 229376
253:0 Sync 0
253:0 Async 13152432128
253:0 Total 13152432128
Total 13152432128
--------------------CPUAC-----------------------
user 1878
system 14156
 
--------------------MEMCG-----------------------
MEM ONLY  : 953 MB
MEM+SWAP  : 953 MB
cache 907251712
rss 92725248
rss_huge 0
mapped_file 3457024
writeback 0
swap 0
pgpgin 19774044
pgpgout 19529908
pgfault 4285006
pgmajfault 285
inactive_anon 46632960
active_anon 46178304
inactive_file 453922816
active_file 453246976
unevictable 0
hierarchical_memory_limit 999997440
hierarchical_memsw_limit 9223372036854771712
total_cache 907251712
total_rss 92725248
total_rss_huge 0
total_mapped_file 3457024
total_writeback 0
total_swap 0
total_pgpgin 19774044
total_pgpgout 19529909
total_pgfault 4285006
total_pgmajfault 285
total_inactive_anon 46632960
total_active_anon 46174208
total_inactive_file 453922816
total_active_file 453246976
total_unevictable 0
--------------------BLKIO-----------------------
11:0 Read 0
11:0 Write 0
11:0 Sync 0
11:0 Async 0
11:0 Total 0
253:0 Read 13514301440
253:0 Write 229376
253:0 Sync 0
253:0 Async 13514530816
253:0 Total 13514530816
Total 13514530816
--------------------CPUAC-----------------------
user 1932
system 14625
 
--------------------MEMCG-----------------------
MEM ONLY  : 953 MB
MEM+SWAP  : 953 MB
cache 907059200
rss 92725248
rss_huge 0
mapped_file 3325952
writeback 0
swap 0
pgpgin 20385438
pgpgout 20141350
pgfault 4411413
pgmajfault 285
inactive_anon 46632960
active_anon 46174208
inactive_file 453378048
active_file 453554176
unevictable 0
hierarchical_memory_limit 999997440
hierarchical_memsw_limit 9223372036854771712
total_cache 907059200
total_rss 92725248
total_rss_huge 0
total_mapped_file 3325952
total_writeback 0
total_swap 0
total_pgpgin 20385438
total_pgpgout 20141350
total_pgfault 4411413
total_pgmajfault 285
total_inactive_anon 46632960
total_active_anon 46174208
total_inactive_file 453378048
total_active_file 453554176
total_unevictable 0
--------------------BLKIO-----------------------
11:0 Read 0
11:0 Write 0
11:0 Sync 0
11:0 Async 0
11:0 Total 0
253:0 Read 13877194752
253:0 Write 229376
253:0 Sync 0
253:0 Async 13877424128
253:0 Total 13877424128
Total 13877424128
--------------------CPUAC-----------------------
user 1986
system 15087
 
--------------------MEMCG-----------------------
MEM ONLY  : 953 MB
MEM+SWAP  : 953 MB
cache 907169792
rss 92725248
rss_huge 0
mapped_file 3375104
writeback 0
swap 0
pgpgin 21000380
pgpgout 20756265
pgfault 4539363
pgmajfault 286
inactive_anon 46632960
active_anon 46174208
inactive_file 453779456
active_file 453251072
unevictable 0
hierarchical_memory_limit 999997440
hierarchical_memsw_limit 9223372036854771712
total_cache 907169792
total_rss 92725248
total_rss_huge 0
total_mapped_file 3375104
total_writeback 0
total_swap 0
total_pgpgin 21000380
total_pgpgout 20756265
total_pgfault 4539363
total_pgmajfault 286
total_inactive_anon 46632960
total_active_anon 46174208
total_inactive_file 453779456
total_active_file 453251072
total_unevictable 0
--------------------BLKIO-----------------------
11:0 Read 0
11:0 Write 0
11:0 Sync 0
11:0 Async 0
11:0 Total 0
253:0 Read 14238105600
253:0 Write 229376
253:0 Sync 0
253:0 Async 14238334976
253:0 Total 14238334976
Total 14238334976
--------------------CPUAC-----------------------
user 2045
system 15541
 
--------------------MEMCG-----------------------
MEM ONLY  : 953 MB
MEM+SWAP  : 953 MB
cache 907059200
rss 92725248
rss_huge 0
mapped_file 3457024
writeback 0
swap 0
pgpgin 21610510
pgpgout 21366422
pgfault 4665186
pgmajfault 292
inactive_anon 46632960
active_anon 46174208
inactive_file 453513216
active_file 453419008
unevictable 0
hierarchical_memory_limit 999997440
hierarchical_memsw_limit 9223372036854771712
total_cache 907059200
total_rss 92725248
total_rss_huge 0
total_mapped_file 3457024
total_writeback 0
total_swap 0
total_pgpgin 21610510
total_pgpgout 21366422
total_pgfault 4665186
total_pgmajfault 292
total_inactive_anon 46632960
total_active_anon 46174208
total_inactive_file 453513216
total_active_file 453419008
total_unevictable 0
--------------------BLKIO-----------------------
11:0 Read 0
11:0 Write 0
11:0 Sync 0
11:0 Async 0
11:0 Total 0
253:0 Read 14592712704
253:0 Write 229376
253:0 Sync 0
253:0 Async 14592942080
253:0 Total 14592942080
Total 14592942080
--------------------CPUAC-----------------------
user 2099
system 15990
 
--------------------MEMCG-----------------------
MEM ONLY  : 953 MB
MEM+SWAP  : 953 MB
cache 907132928
rss 92725248
rss_huge 0
mapped_file 3325952
writeback 0
swap 0
pgpgin 22225206
pgpgout 21981100
pgfault 4791814
pgmajfault 292
inactive_anon 46632960
active_anon 46174208
inactive_file 453783552
active_file 453234688
unevictable 0
hierarchical_memory_limit 999997440
hierarchical_memsw_limit 9223372036854771712
total_cache 907132928
total_rss 92725248
total_rss_huge 0
total_mapped_file 3325952
total_writeback 0
total_swap 0
total_pgpgin 22225206
total_pgpgout 21981100
total_pgfault 4791814
total_pgmajfault 292
total_inactive_anon 46632960
total_active_anon 46174208
total_inactive_file 453783552
total_active_file 453234688
total_unevictable 0
--------------------BLKIO-----------------------
11:0 Read 0
11:0 Write 0
11:0 Sync 0
11:0 Async 0
11:0 Total 0
253:0 Read 14954811392
253:0 Write 229376
253:0 Sync 0
253:0 Async 14955040768
253:0 Total 14955040768
Total 14955040768
--------------------CPUAC-----------------------
user 2150
system 16444
 
--------------------MEMCG-----------------------
MEM ONLY  : 953 MB
MEM+SWAP  : 953 MB
cache 907272192
rss 92725248
rss_huge 0
mapped_file 3325952
writeback 0
swap 0
pgpgin 22851567
pgpgout 22607427
pgfault 4921242
pgmajfault 292
inactive_anon 46632960
active_anon 46174208
inactive_file 453697536
active_file 453398528
unevictable 0
hierarchical_memory_limit 999997440
hierarchical_memsw_limit 9223372036854771712
total_cache 907272192
total_rss 92725248
total_rss_huge 0
total_mapped_file 3325952
total_writeback 0
total_swap 0
total_pgpgin 22851567
total_pgpgout 22607427
total_pgfault 4921242
total_pgmajfault 292
total_inactive_anon 46632960
total_active_anon 46174208
total_inactive_file 453697536
total_active_file 453398528
total_unevictable 0
--------------------BLKIO-----------------------
11:0 Read 0
11:0 Write 0
11:0 Sync 0
11:0 Async 0
11:0 Total 0
253:0 Read 15309930496
253:0 Write 229376
253:0 Sync 0
253:0 Async 15310159872
253:0 Total 15310159872
Total 15310159872
--------------------CPUAC-----------------------
user 2202
system 16909
 
--------------------MEMCG-----------------------
MEM ONLY  : 953 MB
MEM+SWAP  : 953 MB
cache 907251712
rss 92725248
rss_huge 0
mapped_file 3457024
writeback 0
swap 0
pgpgin 23457872
pgpgout 23213737
pgfault 5045341
pgmajfault 298
inactive_anon 46632960
active_anon 46174208
inactive_file 453353472
active_file 453783552
unevictable 0
hierarchical_memory_limit 999997440
hierarchical_memsw_limit 9223372036854771712
total_cache 907251712
total_rss 92725248
total_rss_huge 0
total_mapped_file 3457024
total_writeback 0
total_swap 0
total_pgpgin 23457872
total_pgpgout 23213737
total_pgfault 5045341
total_pgmajfault 298
total_inactive_anon 46632960
total_active_anon 46174208
total_inactive_file 453353472
total_active_file 453783552
total_unevictable 0
--------------------BLKIO-----------------------
11:0 Read 0
11:0 Write 0
11:0 Sync 0
11:0 Async 0
11:0 Total 0
253:0 Read 15666929664
253:0 Write 229376
253:0 Sync 0
253:0 Async 15667159040
253:0 Total 15667159040
Total 15667159040
--------------------CPUAC-----------------------
user 2257
system 17351
 
--------------------MEMCG-----------------------
MEM ONLY  : 953 MB
MEM+SWAP  : 953 MB
cache 907153408
rss 92725248
rss_huge 0
mapped_file 3325952
writeback 0
swap 0
pgpgin 24065203
pgpgout 23821092
pgfault 5171187
pgmajfault 298
inactive_anon 46632960
active_anon 46174208
inactive_file 453689344
active_file 453349376
unevictable 0
hierarchical_memory_limit 999997440
hierarchical_memsw_limit 9223372036854771712
total_cache 907153408
total_rss 92725248
total_rss_huge 0
total_mapped_file 3325952
total_writeback 0
total_swap 0
total_pgpgin 24065203
total_pgpgout 23821092
total_pgfault 5171187
total_pgmajfault 298
total_inactive_anon 46632960
total_active_anon 46174208
total_inactive_file 453689344
total_active_file 453349376
total_unevictable 0
--------------------BLKIO-----------------------
11:0 Read 0
11:0 Write 0
11:0 Sync 0
11:0 Async 0
11:0 Total 0
253:0 Read 16030838784
253:0 Write 229376
253:0 Sync 0
253:0 Async 16031068160
253:0 Total 16031068160
Total 16031068160
--------------------CPUAC-----------------------
user 2315
system 17794
 
