--------------------MEMCG-----------------------
MEM ONLY  : 586 MB
MEM+SWAP  : 586 MB
cache 101052416
rss 514056192
rss_huge 0
mapped_file 20729856
writeback 0
swap 0
pgpgin 230413
pgpgout 80240
pgfault 316275
pgmajfault 352
inactive_anon 45056
active_anon 514068480
inactive_file 82812928
active_file 18132992
unevictable 0
hierarchical_memory_limit 999997440
hierarchical_memsw_limit 9223372036854771712
total_cache 101052416
total_rss 514056192
total_rss_huge 0
total_mapped_file 20729856
total_writeback 0
total_swap 0
total_pgpgin 230413
total_pgpgout 80240
total_pgfault 316275
total_pgmajfault 352
total_inactive_anon 45056
total_active_anon 514068480
total_inactive_file 82812928
total_active_file 18132992
total_unevictable 0
--------------------BLKIO-----------------------
11:0 Read 0
11:0 Write 0
11:0 Sync 0
11:0 Async 0
11:0 Total 0
253:0 Read 100548608
253:0 Write 610304
253:0 Sync 368640
253:0 Async 100790272
253:0 Total 101158912
Total 101158912
--------------------CPUAC-----------------------
user 78
system 142
 
--------------------MEMCG-----------------------
MEM ONLY  : 709 MB
MEM+SWAP  : 709 MB
cache 165113856
rss 578375680
rss_huge 0
mapped_file 20590592
writeback 0
swap 0
pgpgin 261821
pgpgout 80305
pgfault 332050
pgmajfault 352
inactive_anon 45056
active_anon 578404352
inactive_file 146907136
active_file 18132992
unevictable 0
hierarchical_memory_limit 999997440
hierarchical_memsw_limit 9223372036854771712
total_cache 165113856
total_rss 578375680
total_rss_huge 0
total_mapped_file 20590592
total_writeback 0
total_swap 0
total_pgpgin 261821
total_pgpgout 80305
total_pgfault 332050
total_pgmajfault 352
total_inactive_anon 45056
total_active_anon 578404352
total_inactive_file 146907136
total_active_file 18132992
total_unevictable 0
--------------------BLKIO-----------------------
11:0 Read 0
11:0 Write 0
11:0 Sync 0
11:0 Async 0
11:0 Total 0
253:0 Read 164610048
253:0 Write 1187840
253:0 Sync 946176
253:0 Async 164851712
253:0 Total 165797888
Total 165797888
--------------------CPUAC-----------------------
user 126
system 167
 
--------------------MEMCG-----------------------
MEM ONLY  : 787 MB
MEM+SWAP  : 787 MB
cache 228864000
rss 596856832
rss_huge 0
mapped_file 20590592
writeback 0
swap 0
pgpgin 281897
pgpgout 80305
pgfault 336562
pgmajfault 352
inactive_anon 45056
active_anon 596885504
inactive_file 209674240
active_file 19116032
unevictable 0
hierarchical_memory_limit 999997440
hierarchical_memsw_limit 9223372036854771712
total_cache 228864000
total_rss 596856832
total_rss_huge 0
total_mapped_file 20590592
total_writeback 0
total_swap 0
total_pgpgin 281897
total_pgpgout 80305
total_pgfault 336562
total_pgmajfault 352
total_inactive_anon 45056
total_active_anon 596885504
total_inactive_file 209674240
total_active_file 19116032
total_unevictable 0
--------------------BLKIO-----------------------
11:0 Read 0
11:0 Write 0
11:0 Sync 0
11:0 Async 0
11:0 Total 0
253:0 Read 228360192
253:0 Write 1802240
253:0 Sync 1560576
253:0 Async 228601856
253:0 Total 230162432
Total 230162432
--------------------CPUAC-----------------------
user 178
system 197
 
--------------------MEMCG-----------------------
MEM ONLY  : 849 MB
MEM+SWAP  : 849 MB
cache 294088704
rss 596856832
rss_huge 0
mapped_file 20590592
writeback 0
swap 0
pgpgin 297821
pgpgout 80305
pgfault 336562
pgmajfault 352
inactive_anon 45056
active_anon 596885504
inactive_file 271032320
active_file 22982656
unevictable 0
hierarchical_memory_limit 999997440
hierarchical_memsw_limit 9223372036854771712
total_cache 294088704
total_rss 596856832
total_rss_huge 0
total_mapped_file 20590592
total_writeback 0
total_swap 0
total_pgpgin 297821
total_pgpgout 80305
total_pgfault 336562
total_pgmajfault 352
total_inactive_anon 45056
total_active_anon 596885504
total_inactive_file 271032320
total_active_file 22982656
total_unevictable 0
--------------------BLKIO-----------------------
11:0 Read 0
11:0 Write 0
11:0 Sync 0
11:0 Async 0
11:0 Total 0
253:0 Read 293584896
253:0 Write 2453504
253:0 Sync 2211840
253:0 Async 293826560
253:0 Total 296038400
Total 296038400
--------------------CPUAC-----------------------
user 238
system 226
 
--------------------MEMCG-----------------------
MEM ONLY  : 912 MB
MEM+SWAP  : 912 MB
cache 360148992
rss 596856832
rss_huge 0
mapped_file 20590592
writeback 0
swap 0
pgpgin 313949
pgpgout 80305
pgfault 336562
pgmajfault 352
inactive_anon 45056
active_anon 596885504
inactive_file 331014144
active_file 29061120
unevictable 0
hierarchical_memory_limit 999997440
hierarchical_memsw_limit 9223372036854771712
total_cache 360148992
total_rss 596856832
total_rss_huge 0
total_mapped_file 20590592
total_writeback 0
total_swap 0
total_pgpgin 313949
total_pgpgout 80305
total_pgfault 336562
total_pgmajfault 352
total_inactive_anon 45056
total_active_anon 596885504
total_inactive_file 331014144
total_active_file 29061120
total_unevictable 0
--------------------BLKIO-----------------------
11:0 Read 0
11:0 Write 0
11:0 Sync 0
11:0 Async 0
11:0 Total 0
253:0 Read 359645184
253:0 Write 3112960
253:0 Sync 2871296
253:0 Async 359886848
253:0 Total 362758144
Total 362758144
--------------------CPUAC-----------------------
user 292
system 254
 
--------------------MEMCG-----------------------
MEM ONLY  : 953 MB
MEM+SWAP  : 953 MB
cache 402989056
rss 596856832
rss_huge 0
mapped_file 20561920
writeback 0
swap 0
pgpgin 330349
pgpgout 86246
pgfault 336562
pgmajfault 352
inactive_anon 65785856
active_anon 531144704
inactive_file 348864512
active_file 54050816
unevictable 0
hierarchical_memory_limit 999997440
hierarchical_memsw_limit 9223372036854771712
total_cache 402989056
total_rss 596856832
total_rss_huge 0
total_mapped_file 20561920
total_writeback 0
total_swap 0
total_pgpgin 330349
total_pgpgout 86246
total_pgfault 336562
total_pgmajfault 352
total_inactive_anon 65785856
total_active_anon 531144704
total_inactive_file 348864512
total_active_file 54050816
total_unevictable 0
--------------------BLKIO-----------------------
11:0 Read 0
11:0 Write 0
11:0 Sync 0
11:0 Async 0
11:0 Total 0
253:0 Read 426819584
253:0 Write 3805184
253:0 Sync 3563520
253:0 Async 427061248
253:0 Total 430624768
Total 430624768
--------------------CPUAC-----------------------
user 352
system 290
 
--------------------MEMCG-----------------------
MEM ONLY  : 953 MB
MEM+SWAP  : 953 MB
cache 403087360
rss 596856832
rss_huge 0
mapped_file 20561920
writeback 0
swap 0
pgpgin 346877
pgpgout 102750
pgfault 336562
pgmajfault 352
inactive_anon 155439104
active_anon 441491456
inactive_file 336281600
active_file 66732032
unevictable 0
hierarchical_memory_limit 999997440
hierarchical_memsw_limit 9223372036854771712
total_cache 403087360
total_rss 596856832
total_rss_huge 0
total_mapped_file 20561920
total_writeback 0
total_swap 0
total_pgpgin 346877
total_pgpgout 102750
total_pgfault 336562
total_pgmajfault 352
total_inactive_anon 155439104
total_active_anon 441491456
total_inactive_file 336281600
total_active_file 66732032
total_unevictable 0
--------------------BLKIO-----------------------
11:0 Read 0
11:0 Write 0
11:0 Sync 0
11:0 Async 0
11:0 Total 0
253:0 Read 493977600
253:0 Write 4542464
253:0 Sync 4300800
253:0 Async 494219264
253:0 Total 498520064
Total 498520064
--------------------CPUAC-----------------------
user 415
system 330
 
--------------------MEMCG-----------------------
MEM ONLY  : 953 MB
MEM+SWAP  : 953 MB
cache 403083264
rss 596856832
rss_huge 0
mapped_file 20561920
writeback 0
swap 0
pgpgin 364357
pgpgout 120231
pgfault 336562
pgmajfault 352
inactive_anon 236703744
active_anon 360226816
inactive_file 319074304
active_file 83935232
unevictable 0
hierarchical_memory_limit 999997440
hierarchical_memsw_limit 9223372036854771712
total_cache 403083264
total_rss 596856832
total_rss_huge 0
total_mapped_file 20561920
total_writeback 0
total_swap 0
total_pgpgin 364357
total_pgpgout 120231
total_pgfault 336562
total_pgmajfault 352
total_inactive_anon 236703744
total_active_anon 360226816
total_inactive_file 319074304
total_active_file 83935232
total_unevictable 0
--------------------BLKIO-----------------------
11:0 Read 0
11:0 Write 0
11:0 Sync 0
11:0 Async 0
11:0 Total 0
253:0 Read 562823168
253:0 Write 5320704
253:0 Sync 5079040
253:0 Async 563064832
253:0 Total 568143872
Total 568143872
--------------------CPUAC-----------------------
user 476
system 382
 
--------------------MEMCG-----------------------
MEM ONLY  : 953 MB
MEM+SWAP  : 953 MB
cache 402968576
rss 596856832
rss_huge 0
mapped_file 20561920
writeback 0
swap 0
pgpgin 382217
pgpgout 138119
pgfault 336562
pgmajfault 352
inactive_anon 298569728
active_anon 298360832
inactive_file 299442176
active_file 103452672
unevictable 0
hierarchical_memory_limit 999997440
hierarchical_memsw_limit 9223372036854771712
total_cache 402968576
total_rss 596856832
total_rss_huge 0
total_mapped_file 20561920
total_writeback 0
total_swap 0
total_pgpgin 382217
total_pgpgout 138119
total_pgfault 336562
total_pgmajfault 352
total_inactive_anon 298569728
total_active_anon 298360832
total_inactive_file 299442176
total_active_file 103452672
total_unevictable 0
--------------------BLKIO-----------------------
11:0 Read 0
11:0 Write 0
11:0 Sync 0
11:0 Async 0
11:0 Total 0
253:0 Read 629133312
253:0 Write 6148096
253:0 Sync 5906432
253:0 Async 629374976
253:0 Total 635281408
Total 635281408
--------------------CPUAC-----------------------
user 538
system 440
 
--------------------MEMCG-----------------------
MEM ONLY  : 953 MB
MEM+SWAP  : 953 MB
cache 403120128
rss 596856832
rss_huge 0
mapped_file 20561920
writeback 0
swap 0
pgpgin 401018
pgpgout 156883
pgfault 336562
pgmajfault 352
inactive_anon 298569728
active_anon 298360832
inactive_file 276770816
active_file 126275584
unevictable 0
hierarchical_memory_limit 999997440
hierarchical_memsw_limit 9223372036854771712
total_cache 403120128
total_rss 596856832
total_rss_huge 0
total_mapped_file 20561920
total_writeback 0
total_swap 0
total_pgpgin 401018
total_pgpgout 156883
total_pgfault 336562
total_pgmajfault 352
total_inactive_anon 298569728
total_active_anon 298360832
total_inactive_file 276770816
total_active_file 126275584
total_unevictable 0
--------------------BLKIO-----------------------
11:0 Read 0
11:0 Write 0
11:0 Sync 0
11:0 Async 0
11:0 Total 0
253:0 Read 694358016
253:0 Write 7004160
253:0 Sync 6762496
253:0 Async 694599680
253:0 Total 701362176
Total 701362176
--------------------CPUAC-----------------------
user 616
system 510
 
--------------------MEMCG-----------------------
MEM ONLY  : 953 MB
MEM+SWAP  : 953 MB
cache 402980864
rss 596856832
rss_huge 0
mapped_file 20156416
writeback 0
swap 0
pgpgin 420302
pgpgout 176201
pgfault 336562
pgmajfault 352
inactive_anon 298569728
active_anon 298360832
inactive_file 254754816
active_file 148152320
unevictable 0
hierarchical_memory_limit 999997440
hierarchical_memsw_limit 9223372036854771712
total_cache 402980864
total_rss 596856832
total_rss_huge 0
total_mapped_file 20156416
total_writeback 0
total_swap 0
total_pgpgin 420302
total_pgpgout 176201
total_pgfault 336562
total_pgmajfault 352
total_inactive_anon 298569728
total_active_anon 298360832
total_inactive_file 254754816
total_active_file 148152320
total_unevictable 0
--------------------BLKIO-----------------------
11:0 Read 0
11:0 Write 0
11:0 Sync 0
11:0 Async 0
11:0 Total 0
253:0 Read 757420032
253:0 Write 7901184
253:0 Sync 7659520
253:0 Async 757661696
253:0 Total 765321216
Total 765321216
--------------------CPUAC-----------------------
user 681
system 646
 
--------------------MEMCG-----------------------
MEM ONLY  : 953 MB
MEM+SWAP  : 953 MB
cache 403013632
rss 596856832
rss_huge 0
mapped_file 20156416
writeback 0
swap 0
pgpgin 441222
pgpgout 197113
pgfault 336562
pgmajfault 352
inactive_anon 298569728
active_anon 298360832
inactive_file 230588416
active_file 172351488
unevictable 0
hierarchical_memory_limit 999997440
hierarchical_memsw_limit 9223372036854771712
total_cache 403013632
total_rss 596856832
total_rss_huge 0
total_mapped_file 20156416
total_writeback 0
total_swap 0
total_pgpgin 441222
total_pgpgout 197113
total_pgfault 336562
total_pgmajfault 352
total_inactive_anon 298569728
total_active_anon 298360832
total_inactive_file 230588416
total_active_file 172351488
total_unevictable 0
--------------------BLKIO-----------------------
11:0 Read 0
11:0 Write 0
11:0 Sync 0
11:0 Async 0
11:0 Total 0
253:0 Read 819646464
253:0 Write 8884224
253:0 Sync 8642560
253:0 Async 819888128
253:0 Total 828530688
Total 828530688
--------------------CPUAC-----------------------
user 754
system 766
 
--------------------MEMCG-----------------------
MEM ONLY  : 953 MB
MEM+SWAP  : 953 MB
cache 402997248
rss 596856832
rss_huge 0
mapped_file 20156416
writeback 0
swap 0
pgpgin 462826
pgpgout 218721
pgfault 336562
pgmajfault 352
inactive_anon 298569728
active_anon 298360832
inactive_file 207011840
active_file 195911680
unevictable 0
hierarchical_memory_limit 999997440
hierarchical_memsw_limit 9223372036854771712
total_cache 402997248
total_rss 596856832
total_rss_huge 0
total_mapped_file 20156416
total_writeback 0
total_swap 0
total_pgpgin 462826
total_pgpgout 218721
total_pgfault 336562
total_pgmajfault 352
total_inactive_anon 298569728
total_active_anon 298360832
total_inactive_file 207011840
total_active_file 195911680
total_unevictable 0
--------------------BLKIO-----------------------
11:0 Read 0
11:0 Write 0
11:0 Sync 0
11:0 Async 0
11:0 Total 0
253:0 Read 880431104
253:0 Write 9863168
253:0 Sync 9621504
253:0 Async 880672768
253:0 Total 890294272
Total 890294272
--------------------CPUAC-----------------------
user 829
system 926
 
--------------------MEMCG-----------------------
MEM ONLY  : 953 MB
MEM+SWAP  : 953 MB
cache 403120128
rss 596779008
rss_huge 0
mapped_file 20156416
writeback 0
swap 118784
pgpgin 485454
pgpgout 241338
pgfault 336562
pgmajfault 352
inactive_anon 298450944
active_anon 298360832
inactive_file 201768960
active_file 201277440
unevictable 0
hierarchical_memory_limit 999997440
hierarchical_memsw_limit 9223372036854771712
total_cache 403120128
total_rss 596779008
total_rss_huge 0
total_mapped_file 20156416
total_writeback 0
total_swap 118784
total_pgpgin 485454
total_pgpgout 241338
total_pgfault 336562
total_pgmajfault 352
total_inactive_anon 298450944
total_active_anon 298360832
total_inactive_file 201768960
total_active_file 201277440
total_unevictable 0
--------------------BLKIO-----------------------
11:0 Read 0
11:0 Write 0
11:0 Sync 0
11:0 Async 0
11:0 Total 0
253:0 Read 940003328
253:0 Write 11005952
253:0 Sync 10637312
253:0 Async 940371968
253:0 Total 951009280
Total 951009280
--------------------CPUAC-----------------------
user 918
system 1111
 
--------------------MEMCG-----------------------
MEM ONLY  : 953 MB
MEM+SWAP  : 953 MB
cache 403136512
rss 596762624
rss_huge 0
mapped_file 20156416
writeback 0
swap 135168
pgpgin 509661
pgpgout 265545
pgfault 336562
pgmajfault 352
inactive_anon 298434560
active_anon 298360832
inactive_file 201580544
active_file 201523200
unevictable 0
hierarchical_memory_limit 999997440
hierarchical_memsw_limit 9223372036854771712
total_cache 403136512
total_rss 596762624
total_rss_huge 0
total_mapped_file 20156416
total_writeback 0
total_swap 135168
total_pgpgin 509661
total_pgpgout 265545
total_pgfault 336562
total_pgmajfault 352
total_inactive_anon 298434560
total_active_anon 298360832
total_inactive_file 201580544
total_active_file 201523200
total_unevictable 0
--------------------BLKIO-----------------------
11:0 Read 0
11:0 Write 0
11:0 Sync 0
11:0 Async 0
11:0 Total 0
253:0 Read 997953536
253:0 Write 12075008
253:0 Sync 11698176
253:0 Async 998330368
253:0 Total 1010028544
Total 1010028544
--------------------CPUAC-----------------------
user 1009
system 1384
 
--------------------MEMCG-----------------------
MEM ONLY  : 953 MB
MEM+SWAP  : 953 MB
cache 403202048
rss 596754432
rss_huge 0
mapped_file 20152320
writeback 0
swap 143360
pgpgin 535493
pgpgout 291363
pgfault 336562
pgmajfault 352
inactive_anon 298426368
active_anon 298360832
inactive_file 201711616
active_file 201457664
unevictable 0
hierarchical_memory_limit 999997440
hierarchical_memsw_limit 9223372036854771712
total_cache 403202048
total_rss 596754432
total_rss_huge 0
total_mapped_file 20152320
total_writeback 0
total_swap 143360
total_pgpgin 535493
total_pgpgout 291363
total_pgfault 336562
total_pgmajfault 352
total_inactive_anon 298426368
total_active_anon 298360832
total_inactive_file 201711616
total_active_file 201457664
total_unevictable 0
--------------------BLKIO-----------------------
11:0 Read 0
11:0 Write 0
11:0 Sync 0
11:0 Async 0
11:0 Total 0
253:0 Read 1055084544
253:0 Write 13225984
253:0 Sync 12836864
253:0 Async 1055473664
253:0 Total 1068310528
Total 1068310528
--------------------CPUAC-----------------------
user 1097
system 1643
 
--------------------MEMCG-----------------------
MEM ONLY  : 953 MB
MEM+SWAP  : 953 MB
cache 403226624
rss 596746240
rss_huge 0
mapped_file 7393280
writeback 0
swap 151552
pgpgin 562346
pgpgout 318212
pgfault 336562
pgmajfault 352
inactive_anon 298418176
active_anon 298360832
inactive_file 201658368
active_file 201535488
unevictable 0
hierarchical_memory_limit 999997440
hierarchical_memsw_limit 9223372036854771712
total_cache 403226624
total_rss 596746240
total_rss_huge 0
total_mapped_file 7393280
total_writeback 0
total_swap 151552
total_pgpgin 562346
total_pgpgout 318212
total_pgfault 336562
total_pgmajfault 352
total_inactive_anon 298418176
total_active_anon 298360832
total_inactive_file 201658368
total_active_file 201535488
total_unevictable 0
--------------------BLKIO-----------------------
11:0 Read 0
11:0 Write 0
11:0 Sync 0
11:0 Async 0
11:0 Total 0
253:0 Read 1109970944
253:0 Write 14450688
253:0 Sync 14057472
253:0 Async 1110364160
253:0 Total 1124421632
Total 1124421632
--------------------CPUAC-----------------------
user 1194
system 1954
 
--------------------MEMCG-----------------------
MEM ONLY  : 953 MB
MEM+SWAP  : 953 MB
cache 403202048
rss 596738048
rss_huge 0
mapped_file 7077888
writeback 0
swap 159744
pgpgin 590249
pgpgout 346123
pgfault 336562
pgmajfault 352
inactive_anon 298409984
active_anon 298360832
inactive_file 201748480
active_file 201420800
unevictable 0
hierarchical_memory_limit 999997440
hierarchical_memsw_limit 9223372036854771712
total_cache 403202048
total_rss 596738048
total_rss_huge 0
total_mapped_file 7077888
total_writeback 0
total_swap 159744
total_pgpgin 590249
total_pgpgout 346123
total_pgfault 336562
total_pgmajfault 352
total_inactive_anon 298409984
total_active_anon 298360832
total_inactive_file 201748480
total_active_file 201420800
total_unevictable 0
--------------------BLKIO-----------------------
11:0 Read 0
11:0 Write 0
11:0 Sync 0
11:0 Async 0
11:0 Total 0
253:0 Read 1161138176
253:0 Write 15683584
253:0 Sync 15278080
253:0 Async 1161543680
253:0 Total 1176821760
Total 1176821760
--------------------CPUAC-----------------------
user 1298
system 2350
 
--------------------MEMCG-----------------------
MEM ONLY  : 953 MB
MEM+SWAP  : 953 MB
cache 403185664
rss 596721664
rss_huge 0
mapped_file 7077888
writeback 0
swap 176128
pgpgin 620564
pgpgout 376446
pgfault 336562
pgmajfault 352
inactive_anon 298393600
active_anon 298360832
inactive_file 201768960
active_file 201334784
unevictable 0
hierarchical_memory_limit 999997440
hierarchical_memsw_limit 9223372036854771712
total_cache 403185664
total_rss 596721664
total_rss_huge 0
total_mapped_file 7077888
total_writeback 0
total_swap 176128
total_pgpgin 620564
total_pgpgout 376446
total_pgfault 336562
total_pgmajfault 352
total_inactive_anon 298393600
total_active_anon 298360832
total_inactive_file 201768960
total_active_file 201334784
total_unevictable 0
--------------------BLKIO-----------------------
11:0 Read 0
11:0 Write 0
11:0 Sync 0
11:0 Async 0
11:0 Total 0
253:0 Read 1211633664
253:0 Write 16928768
253:0 Sync 16510976
253:0 Async 1212051456
253:0 Total 1228562432
Total 1228562432
--------------------CPUAC-----------------------
user 1399
system 2772
 
--------------------MEMCG-----------------------
MEM ONLY  : 953 MB
MEM+SWAP  : 953 MB
cache 403161088
rss 596717568
rss_huge 0
mapped_file 7077888
writeback 0
swap 180224
pgpgin 653216
pgpgout 409105
pgfault 336562
pgmajfault 352
inactive_anon 298389504
active_anon 298360832
inactive_file 201699328
active_file 201428992
unevictable 0
hierarchical_memory_limit 999997440
hierarchical_memsw_limit 9223372036854771712
total_cache 403161088
total_rss 596717568
total_rss_huge 0
total_mapped_file 7077888
total_writeback 0
total_swap 180224
total_pgpgin 653216
total_pgpgout 409105
total_pgfault 336562
total_pgmajfault 352
total_inactive_anon 298389504
total_active_anon 298360832
total_inactive_file 201699328
total_active_file 201428992
total_unevictable 0
--------------------BLKIO-----------------------
11:0 Read 0
11:0 Write 0
11:0 Sync 0
11:0 Async 0
11:0 Total 0
253:0 Read 1260130304
253:0 Write 18178048
253:0 Sync 17752064
253:0 Async 1260556288
253:0 Total 1278308352
Total 1278308352
--------------------CPUAC-----------------------
user 1514
system 3244
 
--------------------MEMCG-----------------------
MEM ONLY  : 953 MB
MEM+SWAP  : 953 MB
cache 403263488
rss 596701184
rss_huge 0
mapped_file 7077888
writeback 0
swap 196608
pgpgin 687293
pgpgout 443161
pgfault 336562
pgmajfault 352
inactive_anon 298381312
active_anon 298352640
inactive_file 201793536
active_file 201437184
unevictable 0
hierarchical_memory_limit 999997440
hierarchical_memsw_limit 9223372036854771712
total_cache 403263488
total_rss 596701184
total_rss_huge 0
total_mapped_file 7077888
total_writeback 0
total_swap 196608
total_pgpgin 687293
total_pgpgout 443161
total_pgfault 336562
total_pgmajfault 352
total_inactive_anon 298381312
total_active_anon 298352640
total_inactive_file 201793536
total_active_file 201437184
total_unevictable 0
--------------------BLKIO-----------------------
11:0 Read 0
11:0 Write 0
11:0 Sync 0
11:0 Async 0
11:0 Total 0
253:0 Read 1305825280
253:0 Write 19439616
253:0 Sync 18997248
253:0 Async 1306267648
253:0 Total 1325264896
Total 1325264896
--------------------CPUAC-----------------------
user 1634
system 3856
 
--------------------MEMCG-----------------------
MEM ONLY  : 953 MB
MEM+SWAP  : 953 MB
cache 403206144
rss 596660224
rss_huge 0
mapped_file 2174976
writeback 0
swap 237568
pgpgin 725700
pgpgout 481592
pgfault 336562
pgmajfault 352
inactive_anon 298360832
active_anon 298332160
inactive_file 201641984
active_file 201515008
unevictable 0
hierarchical_memory_limit 999997440
hierarchical_memsw_limit 9223372036854771712
total_cache 403206144
total_rss 596660224
total_rss_huge 0
total_mapped_file 2174976
total_writeback 0
total_swap 237568
total_pgpgin 725700
total_pgpgout 481592
total_pgfault 336562
total_pgmajfault 352
total_inactive_anon 298360832
total_active_anon 298332160
total_inactive_file 201641984
total_active_file 201515008
total_unevictable 0
--------------------BLKIO-----------------------
11:0 Read 0
11:0 Write 0
11:0 Sync 0
11:0 Async 0
11:0 Total 0
253:0 Read 1351131136
253:0 Write 20692992
253:0 Sync 20213760
253:0 Async 1351610368
253:0 Total 1371824128
Total 1371824128
--------------------CPUAC-----------------------
user 1763
system 4479
 
--------------------MEMCG-----------------------
MEM ONLY  : 953 MB
MEM+SWAP  : 953 MB
cache 403333120
rss 596639744
rss_huge 0
mapped_file 2064384
writeback 0
swap 258048
pgpgin 763038
pgpgout 518904
pgfault 336562
pgmajfault 352
inactive_anon 298348544
active_anon 298323968
inactive_file 201785344
active_file 201457664
unevictable 0
hierarchical_memory_limit 999997440
hierarchical_memsw_limit 9223372036854771712
total_cache 403333120
total_rss 596639744
total_rss_huge 0
total_mapped_file 2064384
total_writeback 0
total_swap 258048
total_pgpgin 763038
total_pgpgout 518904
total_pgfault 336562
total_pgmajfault 352
total_inactive_anon 298348544
total_active_anon 298323968
total_inactive_file 201785344
total_active_file 201457664
total_unevictable 0
--------------------BLKIO-----------------------
11:0 Read 0
11:0 Write 0
11:0 Sync 0
11:0 Async 0
11:0 Total 0
253:0 Read 1391042560
253:0 Write 21958656
253:0 Sync 21454848
253:0 Async 1391546368
253:0 Total 1413001216
Total 1413001216
--------------------CPUAC-----------------------
user 1902
system 5337
 
--------------------MEMCG-----------------------
MEM ONLY  : 953 MB
MEM+SWAP  : 953 MB
cache 403349504
rss 596602880
rss_huge 0
mapped_file 2064384
writeback 0
swap 294912
pgpgin 806601
pgpgout 562472
pgfault 336562
pgmajfault 352
inactive_anon 298332160
active_anon 298303488
inactive_file 201936896
active_file 201379840
unevictable 0
hierarchical_memory_limit 999997440
hierarchical_memsw_limit 9223372036854771712
total_cache 403349504
total_rss 596602880
total_rss_huge 0
total_mapped_file 2064384
total_writeback 0
total_swap 294912
total_pgpgin 806601
total_pgpgout 562472
total_pgfault 336562
total_pgmajfault 352
total_inactive_anon 298332160
total_active_anon 298303488
total_inactive_file 201936896
total_active_file 201379840
total_unevictable 0
--------------------BLKIO-----------------------
11:0 Read 0
11:0 Write 0
11:0 Sync 0
11:0 Async 0
11:0 Total 0
253:0 Read 1430675456
253:0 Write 23240704
253:0 Sync 22700032
253:0 Async 1431216128
253:0 Total 1453916160
Total 1453916160
--------------------CPUAC-----------------------
user 2074
system 6121
 
--------------------MEMCG-----------------------
MEM ONLY  : 953 MB
MEM+SWAP  : 953 MB
cache 403398656
rss 596570112
rss_huge 0
mapped_file 2064384
writeback 0
swap 327680
pgpgin 850431
pgpgout 606298
pgfault 336562
pgmajfault 352
inactive_anon 298315776
active_anon 298287104
inactive_file 201756672
active_file 201601024
unevictable 0
hierarchical_memory_limit 999997440
hierarchical_memsw_limit 9223372036854771712
total_cache 403398656
total_rss 596570112
total_rss_huge 0
total_mapped_file 2064384
total_writeback 0
total_swap 327680
total_pgpgin 850431
total_pgpgout 606298
total_pgfault 336562
total_pgmajfault 352
total_inactive_anon 298315776
total_active_anon 298287104
total_inactive_file 201756672
total_active_file 201601024
total_unevictable 0
--------------------BLKIO-----------------------
11:0 Read 0
11:0 Write 0
11:0 Sync 0
11:0 Async 0
11:0 Total 0
253:0 Read 1466474496
253:0 Write 24473600
253:0 Sync 23904256
253:0 Async 1467043840
253:0 Total 1490948096
Total 1490948096
--------------------CPUAC-----------------------
user 2233
system 7170
 
--------------------MEMCG-----------------------
MEM ONLY  : 953 MB
MEM+SWAP  : 954 MB
cache 403415040
rss 596533248
rss_huge 0
mapped_file 2064384
writeback 0
swap 364544
pgpgin 902506
pgpgout 658378
pgfault 336562
pgmajfault 352
inactive_anon 298295296
active_anon 298270720
inactive_file 201818112
active_file 201506816
unevictable 0
hierarchical_memory_limit 999997440
hierarchical_memsw_limit 9223372036854771712
total_cache 403415040
total_rss 596533248
total_rss_huge 0
total_mapped_file 2064384
total_writeback 0
total_swap 364544
total_pgpgin 902506
total_pgpgout 658378
total_pgfault 336562
total_pgmajfault 352
total_inactive_anon 298295296
total_active_anon 298270720
total_inactive_file 201818112
total_active_file 201506816
total_unevictable 0
--------------------BLKIO-----------------------
11:0 Read 0
11:0 Write 0
11:0 Sync 0
11:0 Async 0
11:0 Total 0
253:0 Read 1501143040
253:0 Write 25763840
253:0 Sync 25157632
253:0 Async 1501749248
253:0 Total 1526906880
Total 1526906880
--------------------CPUAC-----------------------
user 2407
system 8168
 
--------------------MEMCG-----------------------
MEM ONLY  : 953 MB
MEM+SWAP  : 954 MB
cache 403439616
rss 596492288
rss_huge 0
mapped_file 2064384
writeback 0
swap 405504
pgpgin 944267
pgpgout 700143
pgfault 336562
pgmajfault 352
inactive_anon 298274816
active_anon 298250240
inactive_file 201822208
active_file 201568256
unevictable 0
hierarchical_memory_limit 999997440
hierarchical_memsw_limit 9223372036854771712
total_cache 403439616
total_rss 596492288
total_rss_huge 0
total_mapped_file 2064384
total_writeback 0
total_swap 405504
total_pgpgin 944267
total_pgpgout 700143
total_pgfault 336562
total_pgmajfault 352
total_inactive_anon 298274816
total_active_anon 298250240
total_inactive_file 201822208
total_active_file 201568256
total_unevictable 0
--------------------BLKIO-----------------------
11:0 Read 0
11:0 Write 0
11:0 Sync 0
11:0 Async 0
11:0 Total 0
253:0 Read 1524932608
253:0 Write 26972160
253:0 Sync 26324992
253:0 Async 1525579776
253:0 Total 1551904768
Total 1551904768
--------------------CPUAC-----------------------
user 2556
system 9612
 
--------------------MEMCG-----------------------
MEM ONLY  : 953 MB
MEM+SWAP  : 954 MB
cache 403447808
rss 596455424
rss_huge 0
mapped_file 2064384
writeback 0
swap 442368
pgpgin 1005887
pgpgout 761770
pgfault 336562
pgmajfault 352
inactive_anon 298258432
active_anon 298229760
inactive_file 201863168
active_file 201502720
unevictable 0
hierarchical_memory_limit 999997440
hierarchical_memsw_limit 9223372036854771712
total_cache 403447808
total_rss 596455424
total_rss_huge 0
total_mapped_file 2064384
total_writeback 0
total_swap 442368
total_pgpgin 1005887
total_pgpgout 761770
total_pgfault 336562
total_pgmajfault 352
total_inactive_anon 298258432
total_active_anon 298229760
total_inactive_file 201863168
total_active_file 201502720
total_unevictable 0
--------------------BLKIO-----------------------
11:0 Read 0
11:0 Write 0
11:0 Sync 0
11:0 Async 0
11:0 Total 0
253:0 Read 1554669568
253:0 Write 28254208
253:0 Sync 27566080
253:0 Async 1555357696
253:0 Total 1582923776
Total 1582923776
--------------------CPUAC-----------------------
user 2766
system 10826
 
--------------------MEMCG-----------------------
MEM ONLY  : 953 MB
MEM+SWAP  : 954 MB
cache 403533824
rss 596393984
rss_huge 0
mapped_file 2064384
writeback 0
swap 503808
pgpgin 1062575
pgpgout 818452
pgfault 336562
pgmajfault 352
inactive_anon 298225664
active_anon 298201088
inactive_file 201760768
active_file 201728000
unevictable 0
hierarchical_memory_limit 999997440
hierarchical_memsw_limit 9223372036854771712
total_cache 403533824
total_rss 596393984
total_rss_huge 0
total_mapped_file 2064384
total_writeback 0
total_swap 503808
total_pgpgin 1062575
total_pgpgout 818452
total_pgfault 336562
total_pgmajfault 352
total_inactive_anon 298225664
total_active_anon 298201088
total_inactive_file 201760768
total_active_file 201728000
total_unevictable 0
--------------------BLKIO-----------------------
11:0 Read 0
11:0 Write 0
11:0 Sync 0
11:0 Async 0
11:0 Total 0
253:0 Read 1576951808
253:0 Write 29589504
253:0 Sync 28844032
253:0 Async 1577697280
253:0 Total 1606541312
Total 1606541312
--------------------CPUAC-----------------------
user 2975
system 12318
 
--------------------MEMCG-----------------------
MEM ONLY  : 953 MB
MEM+SWAP  : 954 MB
cache 403582976
rss 596344832
rss_huge 0
mapped_file 2064384
writeback 0
swap 552960
pgpgin 1130642
pgpgout 886519
pgfault 336562
pgmajfault 352
inactive_anon 298201088
active_anon 298176512
inactive_file 201846784
active_file 201682944
unevictable 0
hierarchical_memory_limit 999997440
hierarchical_memsw_limit 9223372036854771712
total_cache 403582976
total_rss 596344832
total_rss_huge 0
total_mapped_file 2064384
total_writeback 0
total_swap 552960
total_pgpgin 1130642
total_pgpgout 886519
total_pgfault 336562
total_pgmajfault 352
total_inactive_anon 298201088
total_active_anon 298176512
total_inactive_file 201846784
total_active_file 201682944
total_unevictable 0
--------------------BLKIO-----------------------
11:0 Read 0
11:0 Write 0
11:0 Sync 0
11:0 Async 0
11:0 Total 0
253:0 Read 1599533056
253:0 Write 30912512
253:0 Sync 30117888
253:0 Async 1600327680
253:0 Total 1630445568
Total 1630445568
--------------------CPUAC-----------------------
user 3205
system 13826
 
--------------------MEMCG-----------------------
MEM ONLY  : 953 MB
MEM+SWAP  : 954 MB
cache 403652608
rss 596303872
rss_huge 0
mapped_file 2064384
writeback 0
swap 593920
pgpgin 1200524
pgpgout 956394
pgfault 336562
pgmajfault 352
inactive_anon 298180608
active_anon 298156032
inactive_file 201883648
active_file 201691136
unevictable 0
hierarchical_memory_limit 999997440
hierarchical_memsw_limit 9223372036854771712
total_cache 403652608
total_rss 596303872
total_rss_huge 0
total_mapped_file 2064384
total_writeback 0
total_swap 593920
total_pgpgin 1200524
total_pgpgout 956394
total_pgfault 336562
total_pgmajfault 352
total_inactive_anon 298180608
total_active_anon 298156032
total_inactive_file 201883648
total_active_file 201691136
total_unevictable 0
--------------------BLKIO-----------------------
11:0 Read 0
11:0 Write 0
11:0 Sync 0
11:0 Async 0
11:0 Total 0
253:0 Read 1617682432
253:0 Write 32206848
253:0 Sync 31367168
253:0 Async 1618522112
253:0 Total 1649889280
Total 1649889280
--------------------CPUAC-----------------------
user 3446
system 15510
 
--------------------MEMCG-----------------------
MEM ONLY  : 953 MB
MEM+SWAP  : 954 MB
cache 403673088
rss 596254720
rss_huge 0
mapped_file 2064384
writeback 0
swap 643072
pgpgin 1272797
pgpgout 1028674
pgfault 336562
pgmajfault 352
inactive_anon 298156032
active_anon 298131456
inactive_file 201850880
active_file 201777152
unevictable 0
hierarchical_memory_limit 999997440
hierarchical_memsw_limit 9223372036854771712
total_cache 403673088
total_rss 596254720
total_rss_huge 0
total_mapped_file 2064384
total_writeback 0
total_swap 643072
total_pgpgin 1272797
total_pgpgout 1028674
total_pgfault 336562
total_pgmajfault 352
total_inactive_anon 298156032
total_active_anon 298131456
total_inactive_file 201850880
total_active_file 201777152
total_unevictable 0
--------------------BLKIO-----------------------
11:0 Read 0
11:0 Write 0
11:0 Sync 0
11:0 Async 0
11:0 Total 0
253:0 Read 1633017856
253:0 Write 33554432
253:0 Sync 32665600
253:0 Async 1633906688
253:0 Total 1666572288
Total 1666572288
--------------------CPUAC-----------------------
user 3689
system 17310
 
--------------------MEMCG-----------------------
MEM ONLY  : 953 MB
MEM+SWAP  : 954 MB
cache 403771392
rss 596213760
rss_huge 0
mapped_file 2064384
writeback 0
swap 684032
pgpgin 1348026
pgpgout 1103889
pgfault 336562
pgmajfault 352
inactive_anon 298135552
active_anon 298110976
inactive_file 201977856
active_file 201740288
unevictable 0
hierarchical_memory_limit 999997440
hierarchical_memsw_limit 9223372036854771712
total_cache 403771392
total_rss 596213760
total_rss_huge 0
total_mapped_file 2064384
total_writeback 0
total_swap 684032
total_pgpgin 1348026
total_pgpgout 1103889
total_pgfault 336562
total_pgmajfault 352
total_inactive_anon 298135552
total_active_anon 298110976
total_inactive_file 201977856
total_active_file 201740288
total_unevictable 0
--------------------BLKIO-----------------------
11:0 Read 0
11:0 Write 0
11:0 Sync 0
11:0 Async 0
11:0 Total 0
253:0 Read 1646551040
253:0 Write 34861056
253:0 Sync 33931264
253:0 Async 1647480832
253:0 Total 1681412096
Total 1681412096
--------------------CPUAC-----------------------
user 3947
system 19068
 
--------------------MEMCG-----------------------
MEM ONLY  : 953 MB
MEM+SWAP  : 954 MB
cache 403714048
rss 596168704
rss_huge 0
mapped_file 2064384
writeback 0
swap 729088
pgpgin 1418068
pgpgout 1173956
pgfault 336562
pgmajfault 352
inactive_anon 298115072
active_anon 298086400
inactive_file 201871360
active_file 201777152
unevictable 0
hierarchical_memory_limit 999997440
hierarchical_memsw_limit 9223372036854771712
total_cache 403714048
total_rss 596168704
total_rss_huge 0
total_mapped_file 2064384
total_writeback 0
total_swap 729088
total_pgpgin 1418068
total_pgpgout 1173956
total_pgfault 336562
total_pgmajfault 352
total_inactive_anon 298115072
total_active_anon 298086400
total_inactive_file 201871360
total_active_file 201777152
total_unevictable 0
--------------------BLKIO-----------------------
11:0 Read 0
11:0 Write 0
11:0 Sync 0
11:0 Async 0
11:0 Total 0
253:0 Read 1656430592
253:0 Write 36147200
253:0 Sync 35172352
253:0 Async 1657405440
253:0 Total 1692577792
Total 1692577792
--------------------CPUAC-----------------------
user 4212
system 21036
 
--------------------MEMCG-----------------------
MEM ONLY  : 953 MB
MEM+SWAP  : 954 MB
cache 403832832
rss 596144128
rss_huge 0
mapped_file 2064384
writeback 0
swap 757760
pgpgin 1479491
pgpgout 1235356
pgfault 336562
pgmajfault 352
inactive_anon 298098688
active_anon 298074112
inactive_file 202031104
active_file 201764864
unevictable 0
hierarchical_memory_limit 999997440
hierarchical_memsw_limit 9223372036854771712
total_cache 403832832
total_rss 596144128
total_rss_huge 0
total_mapped_file 2064384
total_writeback 0
total_swap 757760
total_pgpgin 1479491
total_pgpgout 1235356
total_pgfault 336562
total_pgmajfault 352
total_inactive_anon 298098688
total_active_anon 298074112
total_inactive_file 202031104
total_active_file 201764864
total_unevictable 0
--------------------BLKIO-----------------------
11:0 Read 0
11:0 Write 0
11:0 Sync 0
11:0 Async 0
11:0 Total 0
253:0 Read 1663500288
253:0 Write 37355520
253:0 Sync 36352000
253:0 Async 1664503808
253:0 Total 1700855808
Total 1700855808
--------------------CPUAC-----------------------
user 4447
system 23214
 
--------------------MEMCG-----------------------
MEM ONLY  : 953 MB
MEM+SWAP  : 954 MB
cache 403808256
rss 596119552
rss_huge 0
mapped_file 2064384
writeback 0
swap 782336
pgpgin 1547287
pgpgout 1303164
pgfault 336562
pgmajfault 352
inactive_anon 298086400
active_anon 298061824
inactive_file 201953280
active_file 201805824
unevictable 0
hierarchical_memory_limit 999997440
hierarchical_memsw_limit 9223372036854771712
total_cache 403808256
total_rss 596119552
total_rss_huge 0
total_mapped_file 2064384
total_writeback 0
total_swap 782336
total_pgpgin 1547287
total_pgpgout 1303164
total_pgfault 336562
total_pgmajfault 352
total_inactive_anon 298086400
total_active_anon 298061824
total_inactive_file 201953280
total_active_file 201805824
total_unevictable 0
--------------------BLKIO-----------------------
11:0 Read 0
11:0 Write 0
11:0 Sync 0
11:0 Async 0
11:0 Total 0
253:0 Read 1670742016
253:0 Write 38576128
253:0 Sync 37548032
253:0 Async 1671770112
253:0 Total 1709318144
Total 1709318144
--------------------CPUAC-----------------------
user 4706
system 25279
 
--------------------MEMCG-----------------------
MEM ONLY  : 953 MB
MEM+SWAP  : 954 MB
cache 403824640
rss 596070400
rss_huge 0
mapped_file 2064384
writeback 0
swap 831488
pgpgin 1624955
pgpgout 1380840
pgfault 336562
pgmajfault 352
inactive_anon 298061824
active_anon 298037248
inactive_file 201924608
active_file 201826304
unevictable 0
hierarchical_memory_limit 999997440
hierarchical_memsw_limit 9223372036854771712
total_cache 403824640
total_rss 596070400
total_rss_huge 0
total_mapped_file 2064384
total_writeback 0
total_swap 831488
total_pgpgin 1624955
total_pgpgout 1380840
total_pgfault 336562
total_pgmajfault 352
total_inactive_anon 298061824
total_active_anon 298037248
total_inactive_file 201924608
total_active_file 201826304
total_unevictable 0
--------------------BLKIO-----------------------
11:0 Read 0
11:0 Write 0
11:0 Sync 0
11:0 Async 0
11:0 Total 0
253:0 Read 1677492224
253:0 Write 39874560
253:0 Sync 38797312
253:0 Async 1678569472
253:0 Total 1717366784
Total 1717366784
--------------------CPUAC-----------------------
user 4992
system 27293
 
--------------------MEMCG-----------------------
MEM ONLY  : 953 MB
MEM+SWAP  : 954 MB
cache 403836928
rss 596025344
rss_huge 0
mapped_file 2064384
writeback 0
swap 876544
pgpgin 1701727
pgpgout 1457620
pgfault 336562
pgmajfault 352
inactive_anon 298041344
active_anon 298012672
inactive_file 201977856
active_file 201818112
unevictable 0
hierarchical_memory_limit 999997440
hierarchical_memsw_limit 9223372036854771712
total_cache 403836928
total_rss 596025344
total_rss_huge 0
total_mapped_file 2064384
total_writeback 0
total_swap 876544
total_pgpgin 1701727
total_pgpgout 1457620
total_pgfault 336562
total_pgmajfault 352
total_inactive_anon 298041344
total_active_anon 298012672
total_inactive_file 201977856
total_active_file 201818112
total_unevictable 0
--------------------BLKIO-----------------------
11:0 Read 0
11:0 Write 0
11:0 Sync 0
11:0 Async 0
11:0 Total 0
253:0 Read 1682849792
253:0 Write 41156608
253:0 Sync 40038400
253:0 Async 1683968000
253:0 Total 1724006400
Total 1724006400
--------------------CPUAC-----------------------
user 5282
system 29435
 
--------------------MEMCG-----------------------
MEM ONLY  : 953 MB
MEM+SWAP  : 954 MB
cache 403927040
rss 595955712
rss_huge 0
mapped_file 2064384
writeback 0
swap 946176
pgpgin 1781452
pgpgout 1537340
pgfault 336562
pgmajfault 352
inactive_anon 298004480
active_anon 297979904
inactive_file 201953280
active_file 201912320
unevictable 0
hierarchical_memory_limit 999997440
hierarchical_memsw_limit 9223372036854771712
total_cache 403927040
total_rss 595955712
total_rss_huge 0
total_mapped_file 2064384
total_writeback 0
total_swap 946176
total_pgpgin 1781452
total_pgpgout 1537340
total_pgfault 336562
total_pgmajfault 352
total_inactive_anon 298004480
total_active_anon 297979904
total_inactive_file 201953280
total_active_file 201912320
total_unevictable 0
--------------------BLKIO-----------------------
11:0 Read 0
11:0 Write 0
11:0 Sync 0
11:0 Async 0
11:0 Total 0
253:0 Read 1688014848
253:0 Write 42459136
253:0 Sync 41271296
253:0 Async 1689202688
253:0 Total 1730473984
Total 1730473984
--------------------CPUAC-----------------------
user 5566
system 31489
 
--------------------MEMCG-----------------------
MEM ONLY  : 953 MB
MEM+SWAP  : 954 MB
cache 404045824
rss 595894272
rss_huge 0
mapped_file 2064384
writeback 0
swap 1007616
pgpgin 1863045
pgpgout 1618919
pgfault 336562
pgmajfault 352
inactive_anon 297975808
active_anon 297947136
inactive_file 202031104
active_file 201969664
unevictable 0
hierarchical_memory_limit 999997440
hierarchical_memsw_limit 9223372036854771712
total_cache 404045824
total_rss 595894272
total_rss_huge 0
total_mapped_file 2064384
total_writeback 0
total_swap 1007616
total_pgpgin 1863045
total_pgpgout 1618919
total_pgfault 336562
total_pgmajfault 352
total_inactive_anon 297975808
total_active_anon 297947136
total_inactive_file 202031104
total_active_file 201969664
total_unevictable 0
--------------------BLKIO-----------------------
11:0 Read 0
11:0 Write 0
11:0 Sync 0
11:0 Async 0
11:0 Total 0
253:0 Read 1691947008
253:0 Write 43778048
253:0 Sync 42528768
253:0 Async 1693196288
253:0 Total 1735725056
Total 1735725056
--------------------CPUAC-----------------------
user 5873
system 33632
 
