--------------------MEMCG-----------------------
MEM ONLY  : 564 MB
MEM+SWAP  : 564 MB
cache 89464832
rss 502120448
rss_huge 0
mapped_file 20729856
writeback 0
swap 0
pgpgin 224749
pgpgout 80319
pgfault 313711
pgmajfault 352
inactive_anon 45056
active_anon 502132736
inactive_file 71245824
active_file 18124800
unevictable 0
hierarchical_memory_limit 999997440
hierarchical_memsw_limit 9223372036854771712
total_cache 89464832
total_rss 502120448
total_rss_huge 0
total_mapped_file 20729856
total_writeback 0
total_swap 0
total_pgpgin 224749
total_pgpgout 80319
total_pgfault 313711
total_pgmajfault 352
total_inactive_anon 45056
total_active_anon 502132736
total_inactive_file 71245824
total_active_file 18124800
total_unevictable 0
--------------------BLKIO-----------------------
11:0 Read 0
11:0 Write 0
11:0 Sync 0
11:0 Async 0
11:0 Total 0
253:0 Read 89096192
253:0 Write 487424
253:0 Sync 249856
253:0 Async 89333760
253:0 Total 89583616
Total 89583616
--------------------CPUAC-----------------------
user 82
system 128
 
--------------------MEMCG-----------------------
MEM ONLY  : 686 MB
MEM+SWAP  : 686 MB
cache 152887296
rss 566353920
rss_huge 0
mapped_file 20729856
writeback 0
swap 0
pgpgin 255915
pgpgout 80319
pgfault 329393
pgmajfault 352
inactive_anon 45056
active_anon 566382592
inactive_file 134684672
active_file 18124800
unevictable 0
hierarchical_memory_limit 999997440
hierarchical_memsw_limit 9223372036854771712
total_cache 152887296
total_rss 566353920
total_rss_huge 0
total_mapped_file 20729856
total_writeback 0
total_swap 0
total_pgpgin 255915
total_pgpgout 80319
total_pgfault 329393
total_pgmajfault 352
total_inactive_anon 45056
total_active_anon 566382592
total_inactive_file 134684672
total_active_file 18124800
total_unevictable 0
--------------------BLKIO-----------------------
11:0 Read 0
11:0 Write 0
11:0 Sync 0
11:0 Async 0
11:0 Total 0
253:0 Read 152535040
253:0 Write 1060864
253:0 Sync 823296
253:0 Async 152772608
253:0 Total 153595904
Total 153595904
--------------------CPUAC-----------------------
user 125
system 153
 
--------------------MEMCG-----------------------
MEM ONLY  : 775 MB
MEM+SWAP  : 775 MB
cache 216834048
rss 596762624
rss_huge 0
mapped_file 20590592
writeback 0
swap 0
pgpgin 279016
pgpgout 80384
pgfault 336889
pgmajfault 352
inactive_anon 45056
active_anon 596791296
inactive_file 197980160
active_file 18780160
unevictable 0
hierarchical_memory_limit 999997440
hierarchical_memsw_limit 9223372036854771712
total_cache 216834048
total_rss 596762624
total_rss_huge 0
total_mapped_file 20590592
total_writeback 0
total_swap 0
total_pgpgin 279016
total_pgpgout 80384
total_pgfault 336889
total_pgmajfault 352
total_inactive_anon 45056
total_active_anon 596791296
total_inactive_file 197980160
total_active_file 18780160
total_unevictable 0
--------------------BLKIO-----------------------
11:0 Read 0
11:0 Write 0
11:0 Sync 0
11:0 Async 0
11:0 Total 0
253:0 Read 216481792
253:0 Write 1675264
253:0 Sync 1437696
253:0 Async 216719360
253:0 Total 218157056
Total 218157056
--------------------CPUAC-----------------------
user 170
system 175
 
--------------------MEMCG-----------------------
MEM ONLY  : 838 MB
MEM+SWAP  : 838 MB
cache 282435584
rss 596762624
rss_huge 0
mapped_file 20590592
writeback 0
swap 0
pgpgin 295032
pgpgout 80384
pgfault 336889
pgmajfault 352
inactive_anon 45056
active_anon 596791296
inactive_file 260861952
active_file 21499904
unevictable 0
hierarchical_memory_limit 999997440
hierarchical_memsw_limit 9223372036854771712
total_cache 282435584
total_rss 596762624
total_rss_huge 0
total_mapped_file 20590592
total_writeback 0
total_swap 0
total_pgpgin 295032
total_pgpgout 80384
total_pgfault 336889
total_pgmajfault 352
total_inactive_anon 45056
total_active_anon 596791296
total_inactive_file 260861952
total_active_file 21499904
total_unevictable 0
--------------------BLKIO-----------------------
11:0 Read 0
11:0 Write 0
11:0 Sync 0
11:0 Async 0
11:0 Total 0
253:0 Read 282066944
253:0 Write 2330624
253:0 Sync 2093056
253:0 Async 282304512
253:0 Total 284397568
Total 284397568
--------------------CPUAC-----------------------
user 224
system 201
 
--------------------MEMCG-----------------------
MEM ONLY  : 901 MB
MEM+SWAP  : 901 MB
cache 348069888
rss 596762624
rss_huge 0
mapped_file 20590592
writeback 0
swap 0
pgpgin 311056
pgpgout 80384
pgfault 336889
pgmajfault 352
inactive_anon 45056
active_anon 596791296
inactive_file 320663552
active_file 27332608
unevictable 0
hierarchical_memory_limit 999997440
hierarchical_memsw_limit 9223372036854771712
total_cache 348069888
total_rss 596762624
total_rss_huge 0
total_mapped_file 20590592
total_writeback 0
total_swap 0
total_pgpgin 311056
total_pgpgout 80384
total_pgfault 336889
total_pgmajfault 352
total_inactive_anon 45056
total_active_anon 596791296
total_inactive_file 320663552
total_active_file 27332608
total_unevictable 0
--------------------BLKIO-----------------------
11:0 Read 0
11:0 Write 0
11:0 Sync 0
11:0 Async 0
11:0 Total 0
253:0 Read 347701248
253:0 Write 2981888
253:0 Sync 2744320
253:0 Async 347938816
253:0 Total 350683136
Total 350683136
--------------------CPUAC-----------------------
user 278
system 226
 
--------------------MEMCG-----------------------
MEM ONLY  : 953 MB
MEM+SWAP  : 953 MB
cache 403214336
rss 596762624
rss_huge 0
mapped_file 20561920
writeback 0
swap 0
pgpgin 327468
pgpgout 83333
pgfault 336889
pgmajfault 352
inactive_anon 35639296
active_anon 561197056
inactive_file 353730560
active_file 49385472
unevictable 0
hierarchical_memory_limit 999997440
hierarchical_memsw_limit 9223372036854771712
total_cache 403214336
total_rss 596762624
total_rss_huge 0
total_mapped_file 20561920
total_writeback 0
total_swap 0
total_pgpgin 327468
total_pgpgout 83333
total_pgfault 336889
total_pgmajfault 352
total_inactive_anon 35639296
total_active_anon 561197056
total_inactive_file 353730560
total_active_file 49385472
total_unevictable 0
--------------------BLKIO-----------------------
11:0 Read 0
11:0 Write 0
11:0 Sync 0
11:0 Async 0
11:0 Total 0
253:0 Read 414924800
253:0 Write 3682304
253:0 Sync 3444736
253:0 Async 415162368
253:0 Total 418607104
Total 418607104
--------------------CPUAC-----------------------
user 342
system 258
 
--------------------MEMCG-----------------------
MEM ONLY  : 953 MB
MEM+SWAP  : 953 MB
cache 403103744
rss 596762624
rss_huge 0
mapped_file 20561920
writeback 0
swap 0
pgpgin 344204
pgpgout 100096
pgfault 336889
pgmajfault 352
inactive_anon 142462976
active_anon 454373376
inactive_file 338685952
active_file 64331776
unevictable 0
hierarchical_memory_limit 999997440
hierarchical_memsw_limit 9223372036854771712
total_cache 403103744
total_rss 596762624
total_rss_huge 0
total_mapped_file 20561920
total_writeback 0
total_swap 0
total_pgpgin 344204
total_pgpgout 100096
total_pgfault 336889
total_pgmajfault 352
total_inactive_anon 142462976
total_active_anon 454373376
total_inactive_file 338685952
total_active_file 64331776
total_unevictable 0
--------------------BLKIO-----------------------
11:0 Read 0
11:0 Write 0
11:0 Sync 0
11:0 Async 0
11:0 Total 0
253:0 Read 483098624
253:0 Write 4415488
253:0 Sync 4177920
253:0 Async 483336192
253:0 Total 487514112
Total 487514112
--------------------CPUAC-----------------------
user 386
system 303
 
--------------------MEMCG-----------------------
MEM ONLY  : 953 MB
MEM+SWAP  : 953 MB
cache 403030016
rss 596762624
rss_huge 0
mapped_file 20561920
writeback 0
swap 0
pgpgin 361400
pgpgout 117310
pgfault 336889
pgmajfault 352
inactive_anon 221630464
active_anon 375205888
inactive_file 321785856
active_file 81141760
unevictable 0
hierarchical_memory_limit 999997440
hierarchical_memsw_limit 9223372036854771712
total_cache 403030016
total_rss 596762624
total_rss_huge 0
total_mapped_file 20561920
total_writeback 0
total_swap 0
total_pgpgin 361400
total_pgpgout 117310
total_pgfault 336889
total_pgmajfault 352
total_inactive_anon 221630464
total_active_anon 375205888
total_inactive_file 321785856
total_active_file 81141760
total_unevictable 0
--------------------BLKIO-----------------------
11:0 Read 0
11:0 Write 0
11:0 Sync 0
11:0 Async 0
11:0 Total 0
253:0 Read 551501824
253:0 Write 5197824
253:0 Sync 4960256
253:0 Async 551739392
253:0 Total 556699648
Total 556699648
--------------------CPUAC-----------------------
user 447
system 357
 
--------------------MEMCG-----------------------
MEM ONLY  : 953 MB
MEM+SWAP  : 953 MB
cache 403210240
rss 596762624
rss_huge 0
mapped_file 20561920
writeback 0
swap 0
pgpgin 378828
pgpgout 134694
pgfault 336889
pgmajfault 352
inactive_anon 298569728
active_anon 298266624
inactive_file 301989888
active_file 101146624
unevictable 0
hierarchical_memory_limit 999997440
hierarchical_memsw_limit 9223372036854771712
total_cache 403210240
total_rss 596762624
total_rss_huge 0
total_mapped_file 20561920
total_writeback 0
total_swap 0
total_pgpgin 378828
total_pgpgout 134694
total_pgfault 336889
total_pgmajfault 352
total_inactive_anon 298569728
total_active_anon 298266624
total_inactive_file 301989888
total_active_file 101146624
total_unevictable 0
--------------------BLKIO-----------------------
11:0 Read 0
11:0 Write 0
11:0 Sync 0
11:0 Async 0
11:0 Total 0
253:0 Read 616775680
253:0 Write 5976064
253:0 Sync 5738496
253:0 Async 617013248
253:0 Total 622751744
Total 622751744
--------------------CPUAC-----------------------
user 501
system 422
 
--------------------MEMCG-----------------------
MEM ONLY  : 953 MB
MEM+SWAP  : 953 MB
cache 403099648
rss 596762624
rss_huge 0
mapped_file 20561920
writeback 0
swap 0
pgpgin 397768
pgpgout 153661
pgfault 336889
pgmajfault 352
inactive_anon 298569728
active_anon 298266624
inactive_file 280104960
active_file 122920960
unevictable 0
hierarchical_memory_limit 999997440
hierarchical_memsw_limit 9223372036854771712
total_cache 403099648
total_rss 596762624
total_rss_huge 0
total_mapped_file 20561920
total_writeback 0
total_swap 0
total_pgpgin 397768
total_pgpgout 153661
total_pgfault 336889
total_pgmajfault 352
total_inactive_anon 298569728
total_active_anon 298266624
total_inactive_file 280104960
total_active_file 122920960
total_unevictable 0
--------------------BLKIO-----------------------
11:0 Read 0
11:0 Write 0
11:0 Sync 0
11:0 Async 0
11:0 Total 0
253:0 Read 683638784
253:0 Write 6877184
253:0 Sync 6639616
253:0 Async 683876352
253:0 Total 690515968
Total 690515968
--------------------CPUAC-----------------------
user 561
system 510
 
--------------------MEMCG-----------------------
MEM ONLY  : 953 MB
MEM+SWAP  : 953 MB
cache 403140608
rss 596762624
rss_huge 0
mapped_file 20156416
writeback 0
swap 0
pgpgin 417504
pgpgout 173387
pgfault 336889
pgmajfault 352
inactive_anon 298569728
active_anon 298266624
inactive_file 256905216
active_file 146161664
unevictable 0
hierarchical_memory_limit 999997440
hierarchical_memsw_limit 9223372036854771712
total_cache 403140608
total_rss 596762624
total_rss_huge 0
total_mapped_file 20156416
total_writeback 0
total_swap 0
total_pgpgin 417504
total_pgpgout 173387
total_pgfault 336889
total_pgmajfault 352
total_inactive_anon 298569728
total_active_anon 298266624
total_inactive_file 256905216
total_active_file 146161664
total_unevictable 0
--------------------BLKIO-----------------------
11:0 Read 0
11:0 Write 0
11:0 Sync 0
11:0 Async 0
11:0 Total 0
253:0 Read 748539904
253:0 Write 7774208
253:0 Sync 7536640
253:0 Async 748777472
253:0 Total 756314112
Total 756314112
--------------------CPUAC-----------------------
user 636
system 627
 
--------------------MEMCG-----------------------
MEM ONLY  : 953 MB
MEM+SWAP  : 953 MB
cache 403075072
rss 596762624
rss_huge 0
mapped_file 20156416
writeback 0
swap 0
pgpgin 438303
pgpgout 194202
pgfault 336889
pgmajfault 352
inactive_anon 298569728
active_anon 298266624
inactive_file 233050112
active_file 169947136
unevictable 0
hierarchical_memory_limit 999997440
hierarchical_memsw_limit 9223372036854771712
total_cache 403075072
total_rss 596762624
total_rss_huge 0
total_mapped_file 20156416
total_writeback 0
total_swap 0
total_pgpgin 438303
total_pgpgout 194202
total_pgfault 336889
total_pgmajfault 352
total_inactive_anon 298569728
total_active_anon 298266624
total_inactive_file 233050112
total_active_file 169947136
total_unevictable 0
--------------------BLKIO-----------------------
11:0 Read 0
11:0 Write 0
11:0 Sync 0
11:0 Async 0
11:0 Total 0
253:0 Read 811520000
253:0 Write 8708096
253:0 Sync 8470528
253:0 Async 811757568
253:0 Total 820228096
Total 820228096
--------------------CPUAC-----------------------
user 706
system 763
 
--------------------MEMCG-----------------------
MEM ONLY  : 953 MB
MEM+SWAP  : 953 MB
cache 403136512
rss 596762624
rss_huge 0
mapped_file 20156416
writeback 0
swap 0
pgpgin 460365
pgpgout 216248
pgfault 336889
pgmajfault 352
inactive_anon 298569728
active_anon 298266624
inactive_file 207556608
active_file 195457024
unevictable 0
hierarchical_memory_limit 999997440
hierarchical_memsw_limit 9223372036854771712
total_cache 403140608
total_rss 596762624
total_rss_huge 0
total_mapped_file 20156416
total_writeback 0
total_swap 0
total_pgpgin 460366
total_pgpgout 216248
total_pgfault 336889
total_pgmajfault 352
total_inactive_anon 298569728
total_active_anon 298266624
total_inactive_file 207597568
total_active_file 195473408
total_unevictable 0
--------------------BLKIO-----------------------
11:0 Read 0
11:0 Write 0
11:0 Sync 0
11:0 Async 0
11:0 Total 0
253:0 Read 873779200
253:0 Write 9682944
253:0 Sync 9445376
253:0 Async 874016768
253:0 Total 883462144
Total 883462144
--------------------CPUAC-----------------------
user 782
system 953
 
--------------------MEMCG-----------------------
MEM ONLY  : 953 MB
MEM+SWAP  : 953 MB
cache 403197952
rss 596684800
rss_huge 0
mapped_file 20156416
writeback 0
swap 118784
pgpgin 483196
pgpgout 239084
pgfault 336889
pgmajfault 352
inactive_anon 298450944
active_anon 298266624
inactive_file 201744384
active_file 201396224
unevictable 0
hierarchical_memory_limit 999997440
hierarchical_memsw_limit 9223372036854771712
total_cache 403197952
total_rss 596684800
total_rss_huge 0
total_mapped_file 20156416
total_writeback 0
total_swap 118784
total_pgpgin 483196
total_pgpgout 239084
total_pgfault 336889
total_pgmajfault 352
total_inactive_anon 298450944
total_active_anon 298266624
total_inactive_file 201744384
total_active_file 201396224
total_unevictable 0
--------------------BLKIO-----------------------
11:0 Read 0
11:0 Write 0
11:0 Sync 0
11:0 Async 0
11:0 Total 0
253:0 Read 934072320
253:0 Write 10821632
253:0 Sync 10465280
253:0 Async 934428672
253:0 Total 944893952
Total 944893952
--------------------CPUAC-----------------------
user 861
system 1153
 
--------------------MEMCG-----------------------
MEM ONLY  : 953 MB
MEM+SWAP  : 953 MB
cache 403292160
rss 596668416
rss_huge 0
mapped_file 20156416
writeback 0
swap 135168
pgpgin 507506
pgpgout 263375
pgfault 336889
pgmajfault 352
inactive_anon 298434560
active_anon 298266624
inactive_file 201687040
active_file 201527296
unevictable 0
hierarchical_memory_limit 999997440
hierarchical_memsw_limit 9223372036854771712
total_cache 403292160
total_rss 596668416
total_rss_huge 0
total_mapped_file 20156416
total_writeback 0
total_swap 135168
total_pgpgin 507506
total_pgpgout 263375
total_pgfault 336889
total_pgmajfault 352
total_inactive_anon 298434560
total_active_anon 298266624
total_inactive_file 201687040
total_active_file 201527296
total_unevictable 0
--------------------BLKIO-----------------------
11:0 Read 0
11:0 Write 0
11:0 Sync 0
11:0 Async 0
11:0 Total 0
253:0 Read 992006144
253:0 Write 11935744
253:0 Sync 11558912
253:0 Async 992382976
253:0 Total 1003941888
Total 1003941888
--------------------CPUAC-----------------------
user 950
system 1394
 
--------------------MEMCG-----------------------
MEM ONLY  : 953 MB
MEM+SWAP  : 953 MB
cache 403312640
rss 596660224
rss_huge 0
mapped_file 20152320
writeback 0
swap 143360
pgpgin 532942
pgpgout 288808
pgfault 336889
pgmajfault 352
inactive_anon 298430464
active_anon 298262528
inactive_file 201781248
active_file 201498624
unevictable 0
hierarchical_memory_limit 999997440
hierarchical_memsw_limit 9223372036854771712
total_cache 403312640
total_rss 596660224
total_rss_huge 0
total_mapped_file 20152320
total_writeback 0
total_swap 143360
total_pgpgin 532942
total_pgpgout 288808
total_pgfault 336889
total_pgmajfault 352
total_inactive_anon 298430464
total_active_anon 298262528
total_inactive_file 201781248
total_active_file 201498624
total_unevictable 0
--------------------BLKIO-----------------------
11:0 Read 0
11:0 Write 0
11:0 Sync 0
11:0 Async 0
11:0 Total 0
253:0 Read 1049186304
253:0 Write 13123584
253:0 Sync 12738560
253:0 Async 1049571328
253:0 Total 1062309888
Total 1062309888
--------------------CPUAC-----------------------
user 1029
system 1656
 
--------------------MEMCG-----------------------
MEM ONLY  : 953 MB
MEM+SWAP  : 953 MB
cache 403275776
rss 596643840
rss_huge 0
mapped_file 7077888
writeback 0
swap 159744
pgpgin 559294
pgpgout 315173
pgfault 336889
pgmajfault 352
inactive_anon 298422272
active_anon 298254336
inactive_file 201719808
active_file 201498624
unevictable 0
hierarchical_memory_limit 999997440
hierarchical_memsw_limit 9223372036854771712
total_cache 403275776
total_rss 596643840
total_rss_huge 0
total_mapped_file 7077888
total_writeback 0
total_swap 159744
total_pgpgin 559294
total_pgpgout 315173
total_pgfault 336889
total_pgmajfault 352
total_inactive_anon 298422272
total_active_anon 298254336
total_inactive_file 201719808
total_active_file 201498624
total_unevictable 0
--------------------BLKIO-----------------------
11:0 Read 0
11:0 Write 0
11:0 Sync 0
11:0 Async 0
11:0 Total 0
253:0 Read 1103466496
253:0 Write 14319616
253:0 Sync 13922304
253:0 Async 1103863808
253:0 Total 1117786112
Total 1117786112
--------------------CPUAC-----------------------
user 1128
system 2001
 
--------------------MEMCG-----------------------
MEM ONLY  : 953 MB
MEM+SWAP  : 953 MB
cache 403333120
rss 596635648
rss_huge 0
mapped_file 7077888
writeback 0
swap 167936
pgpgin 587942
pgpgout 343809
pgfault 336889
pgmajfault 352
inactive_anon 298418176
active_anon 298250240
inactive_file 201723904
active_file 201560064
unevictable 0
hierarchical_memory_limit 999997440
hierarchical_memsw_limit 9223372036854771712
total_cache 403333120
total_rss 596635648
total_rss_huge 0
total_mapped_file 7077888
total_writeback 0
total_swap 167936
total_pgpgin 587942
total_pgpgout 343809
total_pgfault 336889
total_pgmajfault 352
total_inactive_anon 298418176
total_active_anon 298250240
total_inactive_file 201723904
total_active_file 201560064
total_unevictable 0
--------------------BLKIO-----------------------
11:0 Read 0
11:0 Write 0
11:0 Sync 0
11:0 Async 0
11:0 Total 0
253:0 Read 1156206592
253:0 Write 15544320
253:0 Sync 15138816
253:0 Async 1156612096
253:0 Total 1171750912
Total 1171750912
--------------------CPUAC-----------------------
user 1227
system 2352
 
--------------------MEMCG-----------------------
MEM ONLY  : 953 MB
MEM+SWAP  : 953 MB
cache 403304448
rss 596631552
rss_huge 0
mapped_file 7077888
writeback 0
swap 172032
pgpgin 618520
pgpgout 374394
pgfault 336889
pgmajfault 352
inactive_anon 298414080
active_anon 298250240
inactive_file 201670656
active_file 201580544
unevictable 0
hierarchical_memory_limit 999997440
hierarchical_memsw_limit 9223372036854771712
total_cache 403312640
total_rss 596631552
total_rss_huge 0
total_mapped_file 7077888
total_writeback 0
total_swap 172032
total_pgpgin 618522
total_pgpgout 374394
total_pgfault 336889
total_pgmajfault 352
total_inactive_anon 298414080
total_active_anon 298250240
total_inactive_file 201670656
total_active_file 201580544
total_unevictable 0
--------------------BLKIO-----------------------
11:0 Read 0
11:0 Write 0
11:0 Sync 0
11:0 Async 0
11:0 Total 0
253:0 Read 1207996416
253:0 Write 16781312
253:0 Sync 16371712
253:0 Async 1208406016
253:0 Total 1224777728
Total 1224777728
--------------------CPUAC-----------------------
user 1324
system 2771
 
--------------------MEMCG-----------------------
MEM ONLY  : 953 MB
MEM+SWAP  : 953 MB
cache 403292160
rss 596615168
rss_huge 0
mapped_file 7077888
writeback 0
swap 188416
pgpgin 648763
pgpgout 404645
pgfault 336889
pgmajfault 352
inactive_anon 298405888
active_anon 298242048
inactive_file 201682944
active_file 201519104
unevictable 0
hierarchical_memory_limit 999997440
hierarchical_memsw_limit 9223372036854771712
total_cache 403292160
total_rss 596615168
total_rss_huge 0
total_mapped_file 7077888
total_writeback 0
total_swap 188416
total_pgpgin 648763
total_pgpgout 404645
total_pgfault 336889
total_pgmajfault 352
total_inactive_anon 298405888
total_active_anon 298242048
total_inactive_file 201682944
total_active_file 201519104
total_unevictable 0
--------------------BLKIO-----------------------
11:0 Read 0
11:0 Write 0
11:0 Sync 0
11:0 Async 0
11:0 Total 0
253:0 Read 1252642816
253:0 Write 17989632
253:0 Sync 17563648
253:0 Async 1253068800
253:0 Total 1270632448
Total 1270632448
--------------------CPUAC-----------------------
user 1430
system 3471
 
--------------------MEMCG-----------------------
MEM ONLY  : 953 MB
MEM+SWAP  : 953 MB
cache 403292160
rss 596598784
rss_huge 0
mapped_file 7077888
writeback 0
swap 204800
pgpgin 684042
pgpgout 439928
pgfault 336889
pgmajfault 352
inactive_anon 298397696
active_anon 298233856
inactive_file 201740288
active_file 201478144
unevictable 0
hierarchical_memory_limit 999997440
hierarchical_memsw_limit 9223372036854771712
total_cache 403292160
total_rss 596598784
total_rss_huge 0
total_mapped_file 7077888
total_writeback 0
total_swap 204800
total_pgpgin 684042
total_pgpgout 439928
total_pgfault 336889
total_pgmajfault 352
total_inactive_anon 298397696
total_active_anon 298233856
total_inactive_file 201740288
total_active_file 201478144
total_unevictable 0
--------------------BLKIO-----------------------
11:0 Read 0
11:0 Write 0
11:0 Sync 0
11:0 Async 0
11:0 Total 0
253:0 Read 1300533248
253:0 Write 19259392
253:0 Sync 18812928
253:0 Async 1300979712
253:0 Total 1319792640
Total 1319792640
--------------------CPUAC-----------------------
user 1535
system 4002
 
--------------------MEMCG-----------------------
MEM ONLY  : 953 MB
MEM+SWAP  : 953 MB
cache 403394560
rss 596570112
rss_huge 0
mapped_file 2236416
writeback 0
swap 233472
pgpgin 713478
pgpgout 469346
pgfault 336889
pgmajfault 352
inactive_anon 298385408
active_anon 298217472
inactive_file 201695232
active_file 201637888
unevictable 0
hierarchical_memory_limit 999997440
hierarchical_memsw_limit 9223372036854771712
total_cache 403394560
total_rss 596570112
total_rss_huge 0
total_mapped_file 2236416
total_writeback 0
total_swap 233472
total_pgpgin 713478
total_pgpgout 469346
total_pgfault 336889
total_pgmajfault 352
total_inactive_anon 298385408
total_active_anon 298217472
total_inactive_file 201695232
total_active_file 201637888
total_unevictable 0
--------------------BLKIO-----------------------
11:0 Read 0
11:0 Write 0
11:0 Sync 0
11:0 Async 0
11:0 Total 0
253:0 Read 1337413632
253:0 Write 20348928
253:0 Sync 19877888
253:0 Async 1337884672
253:0 Total 1357762560
Total 1357762560
--------------------CPUAC-----------------------
user 1652
system 5058
 
--------------------MEMCG-----------------------
MEM ONLY  : 953 MB
MEM+SWAP  : 953 MB
cache 403406848
rss 596557824
rss_huge 0
mapped_file 2064384
writeback 0
swap 245760
pgpgin 752465
pgpgout 508333
pgfault 336889
pgmajfault 352
inactive_anon 298377216
active_anon 298213376
inactive_file 201687040
active_file 201637888
unevictable 0
hierarchical_memory_limit 999997440
hierarchical_memsw_limit 9223372036854771712
total_cache 403406848
total_rss 596557824
total_rss_huge 0
total_mapped_file 2064384
total_writeback 0
total_swap 245760
total_pgpgin 752465
total_pgpgout 508333
total_pgfault 336889
total_pgmajfault 352
total_inactive_anon 298377216
total_active_anon 298213376
total_inactive_file 201687040
total_active_file 201637888
total_unevictable 0
--------------------BLKIO-----------------------
11:0 Read 0
11:0 Write 0
11:0 Sync 0
11:0 Async 0
11:0 Total 0
253:0 Read 1379385344
253:0 Write 21598208
253:0 Sync 21110784
253:0 Async 1379872768
253:0 Total 1400983552
Total 1400983552
--------------------CPUAC-----------------------
user 1783
system 5790
 
--------------------MEMCG-----------------------
MEM ONLY  : 953 MB
MEM+SWAP  : 953 MB
cache 403443712
rss 596529152
rss_huge 0
mapped_file 2064384
writeback 0
swap 274432
pgpgin 795702
pgpgout 551568
pgfault 336889
pgmajfault 352
inactive_anon 298364928
active_anon 298196992
inactive_file 201678848
active_file 201674752
unevictable 0
hierarchical_memory_limit 999997440
hierarchical_memsw_limit 9223372036854771712
total_cache 403443712
total_rss 596529152
total_rss_huge 0
total_mapped_file 2064384
total_writeback 0
total_swap 274432
total_pgpgin 795702
total_pgpgout 551568
total_pgfault 336889
total_pgmajfault 352
total_inactive_anon 298364928
total_active_anon 298196992
total_inactive_file 201678848
total_active_file 201674752
total_unevictable 0
--------------------BLKIO-----------------------
11:0 Read 0
11:0 Write 0
11:0 Sync 0
11:0 Async 0
11:0 Total 0
253:0 Read 1420070912
253:0 Write 22839296
253:0 Sync 22327296
253:0 Async 1420582912
253:0 Total 1442910208
Total 1442910208
--------------------CPUAC-----------------------
user 1921
system 6602
 
--------------------MEMCG-----------------------
MEM ONLY  : 953 MB
MEM+SWAP  : 953 MB
cache 403378176
rss 596516864
rss_huge 0
mapped_file 2064384
writeback 0
swap 286720
pgpgin 843179
pgpgout 599064
pgfault 336889
pgmajfault 352
inactive_anon 298356736
active_anon 298192896
inactive_file 201703424
active_file 201641984
unevictable 0
hierarchical_memory_limit 999997440
hierarchical_memsw_limit 9223372036854771712
total_cache 403378176
total_rss 596516864
total_rss_huge 0
total_mapped_file 2064384
total_writeback 0
total_swap 286720
total_pgpgin 843179
total_pgpgout 599064
total_pgfault 336889
total_pgmajfault 352
total_inactive_anon 298356736
total_active_anon 298192896
total_inactive_file 201703424
total_active_file 201641984
total_unevictable 0
--------------------BLKIO-----------------------
11:0 Read 0
11:0 Write 0
11:0 Sync 0
11:0 Async 0
11:0 Total 0
253:0 Read 1459326976
253:0 Write 24109056
253:0 Sync 23580672
253:0 Async 1459855360
253:0 Total 1483436032
Total 1483436032
--------------------CPUAC-----------------------
user 2082
system 7462
 
--------------------MEMCG-----------------------
MEM ONLY  : 953 MB
MEM+SWAP  : 953 MB
cache 403521536
rss 596467712
rss_huge 0
mapped_file 2064384
writeback 0
swap 335872
pgpgin 894453
pgpgout 650315
pgfault 336889
pgmajfault 352
inactive_anon 298332160
active_anon 298168320
inactive_file 201814016
active_file 201674752
unevictable 0
hierarchical_memory_limit 999997440
hierarchical_memsw_limit 9223372036854771712
total_cache 403521536
total_rss 596467712
total_rss_huge 0
total_mapped_file 2064384
total_writeback 0
total_swap 335872
total_pgpgin 894453
total_pgpgout 650315
total_pgfault 336889
total_pgmajfault 352
total_inactive_anon 298332160
total_active_anon 298168320
total_inactive_file 201814016
total_active_file 201674752
total_unevictable 0
--------------------BLKIO-----------------------
11:0 Read 0
11:0 Write 0
11:0 Sync 0
11:0 Async 0
11:0 Total 0
253:0 Read 1495814144
253:0 Write 25419776
253:0 Sync 24842240
253:0 Async 1496391680
253:0 Total 1521233920
Total 1521233920
--------------------CPUAC-----------------------
user 2271
system 8380
 
--------------------MEMCG-----------------------
MEM ONLY  : 953 MB
MEM+SWAP  : 954 MB
cache 403456000
rss 596422656
rss_huge 0
mapped_file 2064384
writeback 0
swap 380928
pgpgin 951596
pgpgout 707485
pgfault 336889
pgmajfault 352
inactive_anon 298311680
active_anon 298143744
inactive_file 201740288
active_file 201654272
unevictable 0
hierarchical_memory_limit 999997440
hierarchical_memsw_limit 9223372036854771712
total_cache 403456000
total_rss 596422656
total_rss_huge 0
total_mapped_file 2064384
total_writeback 0
total_swap 380928
total_pgpgin 951596
total_pgpgout 707485
total_pgfault 336889
total_pgmajfault 352
total_inactive_anon 298311680
total_active_anon 298143744
total_inactive_file 201740288
total_active_file 201654272
total_unevictable 0
--------------------BLKIO-----------------------
11:0 Read 0
11:0 Write 0
11:0 Sync 0
11:0 Async 0
11:0 Total 0
253:0 Read 1528913920
253:0 Write 26701824
253:0 Sync 26083328
253:0 Async 1529532416
253:0 Total 1555615744
Total 1555615744
--------------------CPUAC-----------------------
user 2464
system 9449
 
--------------------MEMCG-----------------------
MEM ONLY  : 953 MB
MEM+SWAP  : 954 MB
cache 403558400
rss 596377600
rss_huge 0
mapped_file 2064384
writeback 0
swap 425984
pgpgin 1007155
pgpgout 763030
pgfault 336889
pgmajfault 352
inactive_anon 298287104
active_anon 298123264
inactive_file 201953280
active_file 201551872
unevictable 0
hierarchical_memory_limit 999997440
hierarchical_memsw_limit 9223372036854771712
total_cache 403558400
total_rss 596377600
total_rss_huge 0
total_mapped_file 2064384
total_writeback 0
total_swap 425984
total_pgpgin 1007155
total_pgpgout 763030
total_pgfault 336889
total_pgmajfault 352
total_inactive_anon 298287104
total_active_anon 298123264
total_inactive_file 201953280
total_active_file 201551872
total_unevictable 0
--------------------BLKIO-----------------------
11:0 Read 0
11:0 Write 0
11:0 Sync 0
11:0 Async 0
11:0 Total 0
253:0 Read 1554161664
253:0 Write 27979776
253:0 Sync 27316224
253:0 Async 1554825216
253:0 Total 1582141440
Total 1582141440
--------------------CPUAC-----------------------
user 2648
system 10859
 
--------------------MEMCG-----------------------
MEM ONLY  : 953 MB
MEM+SWAP  : 954 MB
cache 403636224
rss 596316160
rss_huge 0
mapped_file 2064384
writeback 0
swap 487424
pgpgin 1062054
pgpgout 817925
pgfault 336889
pgmajfault 352
inactive_anon 298258432
active_anon 298090496
inactive_file 201785344
active_file 201818112
unevictable 0
hierarchical_memory_limit 999997440
hierarchical_memsw_limit 9223372036854771712
total_cache 403636224
total_rss 596316160
total_rss_huge 0
total_mapped_file 2064384
total_writeback 0
total_swap 487424
total_pgpgin 1062054
total_pgpgout 817925
total_pgfault 336889
total_pgmajfault 352
total_inactive_anon 298258432
total_active_anon 298090496
total_inactive_file 201785344
total_active_file 201818112
total_unevictable 0
--------------------BLKIO-----------------------
11:0 Read 0
11:0 Write 0
11:0 Sync 0
11:0 Async 0
11:0 Total 0
253:0 Read 1576689664
253:0 Write 29298688
253:0 Sync 28569600
253:0 Async 1577418752
253:0 Total 1605988352
Total 1605988352
--------------------CPUAC-----------------------
user 2837
system 12417
 
--------------------MEMCG-----------------------
MEM ONLY  : 953 MB
MEM+SWAP  : 954 MB
cache 403693568
rss 596254720
rss_huge 0
mapped_file 2064384
writeback 0
swap 548864
pgpgin 1130658
pgpgout 886530
pgfault 336889
pgmajfault 352
inactive_anon 298225664
active_anon 298061824
inactive_file 201854976
active_file 201764864
unevictable 0
hierarchical_memory_limit 999997440
hierarchical_memsw_limit 9223372036854771712
total_cache 403693568
total_rss 596254720
total_rss_huge 0
total_mapped_file 2064384
total_writeback 0
total_swap 548864
total_pgpgin 1130658
total_pgpgout 886530
total_pgfault 336889
total_pgmajfault 352
total_inactive_anon 298225664
total_active_anon 298061824
total_inactive_file 201854976
total_active_file 201764864
total_unevictable 0
--------------------BLKIO-----------------------
11:0 Read 0
11:0 Write 0
11:0 Sync 0
11:0 Async 0
11:0 Total 0
253:0 Read 1600790528
253:0 Write 30605312
253:0 Sync 29814784
253:0 Async 1601581056
253:0 Total 1631395840
Total 1631395840
--------------------CPUAC-----------------------
user 3076
system 13782
 
--------------------MEMCG-----------------------
MEM ONLY  : 953 MB
MEM+SWAP  : 954 MB
cache 403734528
rss 596217856
rss_huge 0
mapped_file 2064384
writeback 0
swap 585728
pgpgin 1193056
pgpgout 948927
pgfault 336889
pgmajfault 352
inactive_anon 298209280
active_anon 298041344
inactive_file 202063872
active_file 201592832
unevictable 0
hierarchical_memory_limit 999997440
hierarchical_memsw_limit 9223372036854771712
total_cache 403734528
total_rss 596217856
total_rss_huge 0
total_mapped_file 2064384
total_writeback 0
total_swap 585728
total_pgpgin 1193056
total_pgpgout 948927
total_pgfault 336889
total_pgmajfault 352
total_inactive_anon 298209280
total_active_anon 298041344
total_inactive_file 202063872
total_active_file 201592832
total_unevictable 0
--------------------BLKIO-----------------------
11:0 Read 0
11:0 Write 0
11:0 Sync 0
11:0 Async 0
11:0 Total 0
253:0 Read 1617567744
253:0 Write 31887360
253:0 Sync 31064064
253:0 Async 1618391040
253:0 Total 1649455104
Total 1649455104
--------------------CPUAC-----------------------
user 3302
system 15498
 
--------------------MEMCG-----------------------
MEM ONLY  : 953 MB
MEM+SWAP  : 954 MB
cache 403816448
rss 596176896
rss_huge 0
mapped_file 2064384
writeback 0
swap 626688
pgpgin 1257041
pgpgout 1012902
pgfault 336889
pgmajfault 352
inactive_anon 298188800
active_anon 298020864
inactive_file 201940992
active_file 201842688
unevictable 0
hierarchical_memory_limit 999997440
hierarchical_memsw_limit 9223372036854771712
total_cache 403816448
total_rss 596176896
total_rss_huge 0
total_mapped_file 2064384
total_writeback 0
total_swap 626688
total_pgpgin 1257041
total_pgpgout 1012902
total_pgfault 336889
total_pgmajfault 352
total_inactive_anon 298188800
total_active_anon 298020864
total_inactive_file 201940992
total_active_file 201842688
total_unevictable 0
--------------------BLKIO-----------------------
11:0 Read 0
11:0 Write 0
11:0 Sync 0
11:0 Async 0
11:0 Total 0
253:0 Read 1632841728
253:0 Write 33230848
253:0 Sync 32358400
253:0 Async 1633714176
253:0 Total 1666072576
Total 1666072576
--------------------CPUAC-----------------------
user 3534
system 17250
 
--------------------MEMCG-----------------------
MEM ONLY  : 953 MB
MEM+SWAP  : 954 MB
cache 403730432
rss 596140032
rss_huge 0
mapped_file 2064384
writeback 0
swap 663552
pgpgin 1316646
pgpgout 1072537
pgfault 336889
pgmajfault 352
inactive_anon 298168320
active_anon 298004480
inactive_file 201883648
active_file 201793536
unevictable 0
hierarchical_memory_limit 999997440
hierarchical_memsw_limit 9223372036854771712
total_cache 403730432
total_rss 596140032
total_rss_huge 0
total_mapped_file 2064384
total_writeback 0
total_swap 663552
total_pgpgin 1316646
total_pgpgout 1072537
total_pgfault 336889
total_pgmajfault 352
total_inactive_anon 298168320
total_active_anon 298004480
total_inactive_file 201883648
total_active_file 201793536
total_unevictable 0
--------------------BLKIO-----------------------
11:0 Read 0
11:0 Write 0
11:0 Sync 0
11:0 Async 0
11:0 Total 0
253:0 Read 1643900928
253:0 Write 34402304
253:0 Sync 33501184
253:0 Async 1644802048
253:0 Total 1678303232
Total 1678303232
--------------------CPUAC-----------------------
user 3774
system 19101
 
--------------------MEMCG-----------------------
MEM ONLY  : 953 MB
MEM+SWAP  : 954 MB
cache 403894272
rss 596086784
rss_huge 0
mapped_file 2064384
writeback 0
swap 720896
pgpgin 1391821
pgpgout 1147685
pgfault 336889
pgmajfault 352
inactive_anon 298139648
active_anon 297975808
inactive_file 202051584
active_file 201797632
unevictable 0
hierarchical_memory_limit 999997440
hierarchical_memsw_limit 9223372036854771712
total_cache 403894272
total_rss 596086784
total_rss_huge 0
total_mapped_file 2064384
total_writeback 0
total_swap 720896
total_pgpgin 1391821
total_pgpgout 1147685
total_pgfault 336889
total_pgmajfault 352
total_inactive_anon 298139648
total_active_anon 297975808
total_inactive_file 202051584
total_active_file 201797632
total_unevictable 0
--------------------BLKIO-----------------------
11:0 Read 0
11:0 Write 0
11:0 Sync 0
11:0 Async 0
11:0 Total 0
253:0 Read 1655910400
253:0 Write 35704832
253:0 Sync 34746368
253:0 Async 1656868864
253:0 Total 1691615232
Total 1691615232
--------------------CPUAC-----------------------
user 4041
system 20940
 
--------------------MEMCG-----------------------
MEM ONLY  : 953 MB
MEM+SWAP  : 954 MB
cache 403873792
rss 596054016
rss_huge 0
mapped_file 2064384
writeback 0
swap 753664
pgpgin 1472785
pgpgout 1228662
pgfault 336889
pgmajfault 352
inactive_anon 298123264
active_anon 297959424
inactive_file 202014720
active_file 201809920
unevictable 0
hierarchical_memory_limit 999997440
hierarchical_memsw_limit 9223372036854771712
total_cache 403873792
total_rss 596054016
total_rss_huge 0
total_mapped_file 2064384
total_writeback 0
total_swap 753664
total_pgpgin 1472785
total_pgpgout 1228662
total_pgfault 336889
total_pgmajfault 352
total_inactive_anon 298123264
total_active_anon 297959424
total_inactive_file 202014720
total_active_file 201809920
total_unevictable 0
--------------------BLKIO-----------------------
11:0 Read 0
11:0 Write 0
11:0 Sync 0
11:0 Async 0
11:0 Total 0
253:0 Read 1665511424
253:0 Write 36884480
253:0 Sync 35889152
253:0 Async 1666506752
253:0 Total 1702395904
Total 1702395904
--------------------CPUAC-----------------------
user 4349
system 22891
 
--------------------MEMCG-----------------------
MEM ONLY  : 953 MB
MEM+SWAP  : 954 MB
cache 403869696
rss 596004864
rss_huge 0
mapped_file 2064384
writeback 0
swap 802816
pgpgin 1557091
pgpgout 1312981
pgfault 336889
pgmajfault 352
inactive_anon 298098688
active_anon 297934848
inactive_file 201977856
active_file 201838592
unevictable 0
hierarchical_memory_limit 999997440
hierarchical_memsw_limit 9223372036854771712
total_cache 403869696
total_rss 596004864
total_rss_huge 0
total_mapped_file 2064384
total_writeback 0
total_swap 802816
total_pgpgin 1557091
total_pgpgout 1312981
total_pgfault 336889
total_pgmajfault 352
total_inactive_anon 298098688
total_active_anon 297934848
total_inactive_file 201977856
total_active_file 201838592
total_unevictable 0
--------------------BLKIO-----------------------
11:0 Read 0
11:0 Write 0
11:0 Sync 0
11:0 Async 0
11:0 Total 0
253:0 Read 1673785344
253:0 Write 38215680
253:0 Sync 37175296
253:0 Async 1674825728
253:0 Total 1712001024
Total 1712001024
--------------------CPUAC-----------------------
user 4663
system 24842
 
--------------------MEMCG-----------------------
MEM ONLY  : 953 MB
MEM+SWAP  : 954 MB
cache 403939328
rss 595947520
rss_huge 0
mapped_file 2064384
writeback 0
swap 860160
pgpgin 1643013
pgpgout 1398900
pgfault 336889
pgmajfault 352
inactive_anon 298070016
active_anon 297906176
inactive_file 201990144
active_file 201920512
unevictable 0
hierarchical_memory_limit 999997440
hierarchical_memsw_limit 9223372036854771712
total_cache 403939328
total_rss 595947520
total_rss_huge 0
total_mapped_file 2064384
total_writeback 0
total_swap 860160
total_pgpgin 1643013
total_pgpgout 1398900
total_pgfault 336889
total_pgmajfault 352
total_inactive_anon 298070016
total_active_anon 297906176
total_inactive_file 201990144
total_active_file 201920512
total_unevictable 0
--------------------BLKIO-----------------------
11:0 Read 0
11:0 Write 0
11:0 Sync 0
11:0 Async 0
11:0 Total 0
253:0 Read 1680277504
253:0 Write 39555072
253:0 Sync 38453248
253:0 Async 1681379328
253:0 Total 1719832576
Total 1719832576
--------------------CPUAC-----------------------
user 4973
system 26861
 
--------------------MEMCG-----------------------
MEM ONLY  : 953 MB
MEM+SWAP  : 954 MB
cache 404029440
rss 595894272
rss_huge 0
mapped_file 2064384
writeback 0
swap 913408
pgpgin 1727003
pgpgout 1482881
pgfault 336889
pgmajfault 352
inactive_anon 298045440
active_anon 297877504
inactive_file 202162176
active_file 201822208
unevictable 0
hierarchical_memory_limit 999997440
hierarchical_memsw_limit 9223372036854771712
total_cache 404029440
total_rss 595894272
total_rss_huge 0
total_mapped_file 2064384
total_writeback 0
total_swap 913408
total_pgpgin 1727003
total_pgpgout 1482881
total_pgfault 336889
total_pgmajfault 352
total_inactive_anon 298045440
total_active_anon 297877504
total_inactive_file 202162176
total_active_file 201822208
total_unevictable 0
--------------------BLKIO-----------------------
11:0 Read 0
11:0 Write 0
11:0 Sync 0
11:0 Async 0
11:0 Total 0
253:0 Read 1685929984
253:0 Write 40775680
253:0 Sync 39620608
253:0 Async 1687085056
253:0 Total 1726705664
Total 1726705664
--------------------CPUAC-----------------------
user 5294
system 28979
 
--------------------MEMCG-----------------------
MEM ONLY  : 953 MB
MEM+SWAP  : 954 MB
cache 404086784
rss 595808256
rss_huge 0
mapped_file 3268608
writeback 0
swap 1003520
pgpgin 1809196
pgpgout 1565081
pgfault 337336
pgmajfault 394
inactive_anon 298192896
active_anon 297644032
inactive_file 202076160
active_file 201936896
unevictable 0
hierarchical_memory_limit 999997440
hierarchical_memsw_limit 9223372036854771712
total_cache 404086784
total_rss 595808256
total_rss_huge 0
total_mapped_file 3268608
total_writeback 0
total_swap 1003520
total_pgpgin 1809196
total_pgpgout 1565081
total_pgfault 337336
total_pgmajfault 394
total_inactive_anon 298192896
total_active_anon 297644032
total_inactive_file 202076160
total_active_file 201936896
total_unevictable 0
--------------------BLKIO-----------------------
11:0 Read 0
11:0 Write 0
11:0 Sync 0
11:0 Async 0
11:0 Total 0
253:0 Read 1690886144
253:0 Write 42156032
253:0 Sync 40914944
253:0 Async 1692127232
253:0 Total 1733042176
Total 1733042176
--------------------CPUAC-----------------------
user 5580
system 31158
 
--------------------MEMCG-----------------------
MEM ONLY  : 953 MB
MEM+SWAP  : 954 MB
cache 404103168
rss 595750912
rss_huge 0
mapped_file 3268608
writeback 0
swap 1060864
pgpgin 1890680
pgpgout 1646575
pgfault 337336
pgmajfault 394
inactive_anon 298135552
active_anon 297644032
inactive_file 202203136
active_file 201867264
unevictable 0
hierarchical_memory_limit 999997440
hierarchical_memsw_limit 9223372036854771712
total_cache 404103168
total_rss 595750912
total_rss_huge 0
total_mapped_file 3268608
total_writeback 0
total_swap 1060864
total_pgpgin 1890680
total_pgpgout 1646575
total_pgfault 337336
total_pgmajfault 394
total_inactive_anon 298135552
total_active_anon 297644032
total_inactive_file 202203136
total_active_file 201867264
total_unevictable 0
--------------------BLKIO-----------------------
11:0 Read 0
11:0 Write 0
11:0 Sync 0
11:0 Async 0
11:0 Total 0
253:0 Read 1694212096
253:0 Write 43458560
253:0 Sync 42160128
253:0 Async 1695510528
253:0 Total 1737670656
Total 1737670656
--------------------CPUAC-----------------------
user 5890
system 33406
 
