--------------------MEMCG-----------------------
MEM ONLY  : 562 MB
MEM+SWAP  : 562 MB
cache 88870912
rss 501358592
rss_huge 0
mapped_file 20729856
writeback 0
swap 0
pgpgin 224432
pgpgout 80333
pgfault 313657
pgmajfault 352
inactive_anon 45056
active_anon 501387264
inactive_file 70639616
active_file 18145280
unevictable 0
hierarchical_memory_limit 999997440
hierarchical_memsw_limit 9223372036854771712
total_cache 88870912
total_rss 501358592
total_rss_huge 0
total_mapped_file 20729856
total_writeback 0
total_swap 0
total_pgpgin 224432
total_pgpgout 80333
total_pgfault 313657
total_pgmajfault 352
total_inactive_anon 45056
total_active_anon 501387264
total_inactive_file 70639616
total_active_file 18145280
total_unevictable 0
--------------------BLKIO-----------------------
11:0 Read 0
11:0 Write 0
11:0 Sync 0
11:0 Async 0
11:0 Total 0
253:0 Read 88485888
253:0 Write 495616
253:0 Sync 249856
253:0 Async 88731648
253:0 Total 88981504
Total 88981504
--------------------CPUAC-----------------------
user 75
system 126
 
--------------------MEMCG-----------------------
MEM ONLY  : 685 MB
MEM+SWAP  : 685 MB
cache 152899584
rss 566079488
rss_huge 0
mapped_file 20729856
writeback 0
swap 0
pgpgin 255865
pgpgout 80333
pgfault 329458
pgmajfault 352
inactive_anon 45056
active_anon 566104064
inactive_file 134664192
active_file 18145280
unevictable 0
hierarchical_memory_limit 999997440
hierarchical_memsw_limit 9223372036854771712
total_cache 152899584
total_rss 566079488
total_rss_huge 0
total_mapped_file 20729856
total_writeback 0
total_swap 0
total_pgpgin 255865
total_pgpgout 80333
total_pgfault 329458
total_pgmajfault 352
total_inactive_anon 45056
total_active_anon 566104064
total_inactive_file 134664192
total_active_file 18145280
total_unevictable 0
--------------------BLKIO-----------------------
11:0 Read 0
11:0 Write 0
11:0 Sync 0
11:0 Async 0
11:0 Total 0
253:0 Read 152514560
253:0 Write 1069056
253:0 Sync 823296
253:0 Async 152760320
253:0 Total 153583616
Total 153583616
--------------------CPUAC-----------------------
user 118
system 158
 
--------------------MEMCG-----------------------
MEM ONLY  : 776 MB
MEM+SWAP  : 776 MB
cache 216879104
rss 596819968
rss_huge 0
mapped_file 20590592
writeback 0
swap 0
pgpgin 279055
pgpgout 80398
pgfault 337035
pgmajfault 352
inactive_anon 45056
active_anon 596848640
inactive_file 197758976
active_file 19030016
unevictable 0
hierarchical_memory_limit 999997440
hierarchical_memsw_limit 9223372036854771712
total_cache 216879104
total_rss 596819968
total_rss_huge 0
total_mapped_file 20590592
total_writeback 0
total_swap 0
total_pgpgin 279055
total_pgpgout 80398
total_pgfault 337035
total_pgmajfault 352
total_inactive_anon 45056
total_active_anon 596848640
total_inactive_file 197758976
total_active_file 19030016
total_unevictable 0
--------------------BLKIO-----------------------
11:0 Read 0
11:0 Write 0
11:0 Sync 0
11:0 Async 0
11:0 Total 0
253:0 Read 216494080
253:0 Write 1683456
253:0 Sync 1437696
253:0 Async 216739840
253:0 Total 218177536
Total 218177536
--------------------CPUAC-----------------------
user 160
system 183
 
--------------------MEMCG-----------------------
MEM ONLY  : 838 MB
MEM+SWAP  : 838 MB
cache 282365952
rss 596819968
rss_huge 0
mapped_file 20590592
writeback 0
swap 0
pgpgin 295043
pgpgout 80398
pgfault 337035
pgmajfault 352
inactive_anon 45056
active_anon 596848640
inactive_file 260108288
active_file 22159360
unevictable 0
hierarchical_memory_limit 999997440
hierarchical_memsw_limit 9223372036854771712
total_cache 282365952
total_rss 596819968
total_rss_huge 0
total_mapped_file 20590592
total_writeback 0
total_swap 0
total_pgpgin 295043
total_pgpgout 80398
total_pgfault 337035
total_pgmajfault 352
total_inactive_anon 45056
total_active_anon 596848640
total_inactive_file 260108288
total_active_file 22159360
total_unevictable 0
--------------------BLKIO-----------------------
11:0 Read 0
11:0 Write 0
11:0 Sync 0
11:0 Async 0
11:0 Total 0
253:0 Read 281980928
253:0 Write 2334720
253:0 Sync 2088960
253:0 Async 282226688
253:0 Total 284315648
Total 284315648
--------------------CPUAC-----------------------
user 206
system 207
 
--------------------MEMCG-----------------------
MEM ONLY  : 900 MB
MEM+SWAP  : 900 MB
cache 347656192
rss 596819968
rss_huge 0
mapped_file 20590592
writeback 0
swap 0
pgpgin 310983
pgpgout 80398
pgfault 337035
pgmajfault 352
inactive_anon 45056
active_anon 596848640
inactive_file 320000000
active_file 27582464
unevictable 0
hierarchical_memory_limit 999997440
hierarchical_memsw_limit 9223372036854771712
total_cache 347656192
total_rss 596819968
total_rss_huge 0
total_mapped_file 20590592
total_writeback 0
total_swap 0
total_pgpgin 310983
total_pgpgout 80398
total_pgfault 337035
total_pgmajfault 352
total_inactive_anon 45056
total_active_anon 596848640
total_inactive_file 320000000
total_active_file 27582464
total_unevictable 0
--------------------BLKIO-----------------------
11:0 Read 0
11:0 Write 0
11:0 Sync 0
11:0 Async 0
11:0 Total 0
253:0 Read 347271168
253:0 Write 2994176
253:0 Sync 2748416
253:0 Async 347516928
253:0 Total 350265344
Total 350265344
--------------------CPUAC-----------------------
user 256
system 233
 
--------------------MEMCG-----------------------
MEM ONLY  : 953 MB
MEM+SWAP  : 953 MB
cache 403173376
rss 596819968
rss_huge 0
mapped_file 20561920
writeback 0
swap 0
pgpgin 327639
pgpgout 83500
pgfault 337035
pgmajfault 352
inactive_anon 36687872
active_anon 560205824
inactive_file 352997376
active_file 50102272
unevictable 0
hierarchical_memory_limit 999997440
hierarchical_memsw_limit 9223372036854771712
total_cache 403173376
total_rss 596819968
total_rss_huge 0
total_mapped_file 20561920
total_writeback 0
total_swap 0
total_pgpgin 327639
total_pgpgout 83500
total_pgfault 337035
total_pgmajfault 352
total_inactive_anon 36687872
total_active_anon 560205824
total_inactive_file 352997376
total_active_file 50102272
total_unevictable 0
--------------------BLKIO-----------------------
11:0 Read 0
11:0 Write 0
11:0 Sync 0
11:0 Async 0
11:0 Total 0
253:0 Read 415494144
253:0 Write 3690496
253:0 Sync 3444736
253:0 Async 415739904
253:0 Total 419184640
Total 419184640
--------------------CPUAC-----------------------
user 310
system 265
 
--------------------MEMCG-----------------------
MEM ONLY  : 953 MB
MEM+SWAP  : 953 MB
cache 402976768
rss 596819968
rss_huge 0
mapped_file 20561920
writeback 0
swap 0
pgpgin 344283
pgpgout 100192
pgfault 337035
pgmajfault 352
inactive_anon 142725120
active_anon 454168576
inactive_file 338927616
active_file 63975424
unevictable 0
hierarchical_memory_limit 999997440
hierarchical_memsw_limit 9223372036854771712
total_cache 402976768
total_rss 596819968
total_rss_huge 0
total_mapped_file 20561920
total_writeback 0
total_swap 0
total_pgpgin 344283
total_pgpgout 100192
total_pgfault 337035
total_pgmajfault 352
total_inactive_anon 142725120
total_active_anon 454168576
total_inactive_file 338927616
total_active_file 63975424
total_unevictable 0
--------------------BLKIO-----------------------
11:0 Read 0
11:0 Write 0
11:0 Sync 0
11:0 Async 0
11:0 Total 0
253:0 Read 483405824
253:0 Write 4419584
253:0 Sync 4173824
253:0 Async 483651584
253:0 Total 487825408
Total 487825408
--------------------CPUAC-----------------------
user 369
system 305
 
--------------------MEMCG-----------------------
MEM ONLY  : 953 MB
MEM+SWAP  : 953 MB
cache 403066880
rss 596819968
rss_huge 0
mapped_file 20561920
writeback 0
swap 0
pgpgin 361291
pgpgout 117178
pgfault 337035
pgmajfault 352
inactive_anon 220844032
active_anon 376049664
inactive_file 322269184
active_file 80703488
unevictable 0
hierarchical_memory_limit 999997440
hierarchical_memsw_limit 9223372036854771712
total_cache 403066880
total_rss 596819968
total_rss_huge 0
total_mapped_file 20561920
total_writeback 0
total_swap 0
total_pgpgin 361291
total_pgpgout 117178
total_pgfault 337035
total_pgmajfault 352
total_inactive_anon 220844032
total_active_anon 376049664
total_inactive_file 322269184
total_active_file 80703488
total_unevictable 0
--------------------BLKIO-----------------------
11:0 Read 0
11:0 Write 0
11:0 Sync 0
11:0 Async 0
11:0 Total 0
253:0 Read 550858752
253:0 Write 5201920
253:0 Sync 4956160
253:0 Async 551104512
253:0 Total 556060672
Total 556060672
--------------------CPUAC-----------------------
user 432
system 351
 
--------------------MEMCG-----------------------
MEM ONLY  : 953 MB
MEM+SWAP  : 953 MB
cache 403001344
rss 596819968
rss_huge 0
mapped_file 20561920
writeback 0
swap 0
pgpgin 378980
pgpgout 134883
pgfault 337035
pgmajfault 352
inactive_anon 298569728
active_anon 298323968
inactive_file 302247936
active_file 100642816
unevictable 0
hierarchical_memory_limit 999997440
hierarchical_memsw_limit 9223372036854771712
total_cache 403001344
total_rss 596819968
total_rss_huge 0
total_mapped_file 20561920
total_writeback 0
total_swap 0
total_pgpgin 378980
total_pgpgout 134883
total_pgfault 337035
total_pgmajfault 352
total_inactive_anon 298569728
total_active_anon 298323968
total_inactive_file 302247936
total_active_file 100642816
total_unevictable 0
--------------------BLKIO-----------------------
11:0 Read 0
11:0 Write 0
11:0 Sync 0
11:0 Async 0
11:0 Total 0
253:0 Read 616902656
253:0 Write 5976064
253:0 Sync 5730304
253:0 Async 617148416
253:0 Total 622878720
Total 622878720
--------------------CPUAC-----------------------
user 488
system 421
 
--------------------MEMCG-----------------------
MEM ONLY  : 953 MB
MEM+SWAP  : 953 MB
cache 403079168
rss 596819968
rss_huge 0
mapped_file 20561920
writeback 0
swap 0
pgpgin 397579
pgpgout 153463
pgfault 337035
pgmajfault 352
inactive_anon 298569728
active_anon 298323968
inactive_file 281272320
active_file 121696256
unevictable 0
hierarchical_memory_limit 999997440
hierarchical_memsw_limit 9223372036854771712
total_cache 403079168
total_rss 596819968
total_rss_huge 0
total_mapped_file 20561920
total_writeback 0
total_swap 0
total_pgpgin 397579
total_pgpgout 153463
total_pgfault 337035
total_pgmajfault 352
total_inactive_anon 298569728
total_active_anon 298323968
total_inactive_file 281272320
total_active_file 121696256
total_unevictable 0
--------------------BLKIO-----------------------
11:0 Read 0
11:0 Write 0
11:0 Sync 0
11:0 Async 0
11:0 Total 0
253:0 Read 682471424
253:0 Write 6836224
253:0 Sync 6590464
253:0 Async 682717184
253:0 Total 689307648
Total 689307648
--------------------CPUAC-----------------------
user 551
system 496
 
--------------------MEMCG-----------------------
MEM ONLY  : 953 MB
MEM+SWAP  : 953 MB
cache 403058688
rss 596819968
rss_huge 0
mapped_file 20156416
writeback 0
swap 0
pgpgin 417770
pgpgout 173659
pgfault 337035
pgmajfault 352
inactive_anon 298569728
active_anon 298323968
inactive_file 258568192
active_file 144416768
unevictable 0
hierarchical_memory_limit 999997440
hierarchical_memsw_limit 9223372036854771712
total_cache 403058688
total_rss 596819968
total_rss_huge 0
total_mapped_file 20156416
total_writeback 0
total_swap 0
total_pgpgin 417770
total_pgpgout 173659
total_pgfault 337035
total_pgmajfault 352
total_inactive_anon 298569728
total_active_anon 298323968
total_inactive_file 258568192
total_active_file 144416768
total_unevictable 0
--------------------BLKIO-----------------------
11:0 Read 0
11:0 Write 0
11:0 Sync 0
11:0 Async 0
11:0 Total 0
253:0 Read 748085248
253:0 Write 7737344
253:0 Sync 7491584
253:0 Async 748331008
253:0 Total 755822592
Total 755822592
--------------------CPUAC-----------------------
user 625
system 604
 
--------------------MEMCG-----------------------
MEM ONLY  : 953 MB
MEM+SWAP  : 953 MB
cache 403165184
rss 596819968
rss_huge 0
mapped_file 20156416
writeback 0
swap 0
pgpgin 438574
pgpgout 194437
pgfault 337035
pgmajfault 352
inactive_anon 298569728
active_anon 298323968
inactive_file 234262528
active_file 168828928
unevictable 0
hierarchical_memory_limit 999997440
hierarchical_memsw_limit 9223372036854771712
total_cache 403165184
total_rss 596819968
total_rss_huge 0
total_mapped_file 20156416
total_writeback 0
total_swap 0
total_pgpgin 438574
total_pgpgout 194437
total_pgfault 337035
total_pgmajfault 352
total_inactive_anon 298569728
total_active_anon 298323968
total_inactive_file 234262528
total_active_file 168828928
total_unevictable 0
--------------------BLKIO-----------------------
11:0 Read 0
11:0 Write 0
11:0 Sync 0
11:0 Async 0
11:0 Total 0
253:0 Read 811655168
253:0 Write 8679424
253:0 Sync 8433664
253:0 Async 811900928
253:0 Total 820334592
Total 820334592
--------------------CPUAC-----------------------
user 693
system 729
 
--------------------MEMCG-----------------------
MEM ONLY  : 953 MB
MEM+SWAP  : 953 MB
cache 403066880
rss 596819968
rss_huge 0
mapped_file 20156416
writeback 0
swap 0
pgpgin 460318
pgpgout 216205
pgfault 337035
pgmajfault 352
inactive_anon 298569728
active_anon 298323968
inactive_file 210178048
active_file 192815104
unevictable 0
hierarchical_memory_limit 999997440
hierarchical_memsw_limit 9223372036854771712
total_cache 403066880
total_rss 596819968
total_rss_huge 0
total_mapped_file 20156416
total_writeback 0
total_swap 0
total_pgpgin 460318
total_pgpgout 216205
total_pgfault 337035
total_pgmajfault 352
total_inactive_anon 298569728
total_active_anon 298323968
total_inactive_file 210178048
total_active_file 192815104
total_unevictable 0
--------------------BLKIO-----------------------
11:0 Read 0
11:0 Write 0
11:0 Sync 0
11:0 Async 0
11:0 Total 0
253:0 Read 873652224
253:0 Write 9658368
253:0 Sync 9412608
253:0 Async 873897984
253:0 Total 883310592
Total 883310592
--------------------CPUAC-----------------------
user 766
system 870
 
--------------------MEMCG-----------------------
MEM ONLY  : 953 MB
MEM+SWAP  : 953 MB
cache 403222528
rss 596762624
rss_huge 0
mapped_file 20156416
writeback 0
swap 90112
pgpgin 481281
pgpgout 237144
pgfault 337035
pgmajfault 352
inactive_anon 298479616
active_anon 298323968
inactive_file 201687040
active_file 201486336
unevictable 0
hierarchical_memory_limit 999997440
hierarchical_memsw_limit 9223372036854771712
total_cache 403222528
total_rss 596762624
total_rss_huge 0
total_mapped_file 20156416
total_writeback 0
total_swap 90112
total_pgpgin 481281
total_pgpgout 237144
total_pgfault 337035
total_pgmajfault 352
total_inactive_anon 298479616
total_active_anon 298323968
total_inactive_file 201687040
total_active_file 201486336
total_unevictable 0
--------------------BLKIO-----------------------
11:0 Read 0
11:0 Write 0
11:0 Sync 0
11:0 Async 0
11:0 Total 0
253:0 Read 928292864
253:0 Write 10702848
253:0 Sync 10350592
253:0 Async 928645120
253:0 Total 938995712
Total 938995712
--------------------CPUAC-----------------------
user 841
system 1326
 
--------------------MEMCG-----------------------
MEM ONLY  : 953 MB
MEM+SWAP  : 953 MB
cache 403251200
rss 596733952
rss_huge 0
mapped_file 20156416
writeback 0
swap 118784
pgpgin 505438
pgpgout 261301
pgfault 337035
pgmajfault 352
inactive_anon 298450944
active_anon 298323968
inactive_file 201695232
active_file 201486336
unevictable 0
hierarchical_memory_limit 999997440
hierarchical_memsw_limit 9223372036854771712
total_cache 403251200
total_rss 596733952
total_rss_huge 0
total_mapped_file 20156416
total_writeback 0
total_swap 118784
total_pgpgin 505438
total_pgpgout 261301
total_pgfault 337035
total_pgmajfault 352
total_inactive_anon 298450944
total_active_anon 298323968
total_inactive_file 201695232
total_active_file 201486336
total_unevictable 0
--------------------BLKIO-----------------------
11:0 Read 0
11:0 Write 0
11:0 Sync 0
11:0 Async 0
11:0 Total 0
253:0 Read 986636288
253:0 Write 11784192
253:0 Sync 11415552
253:0 Async 987004928
253:0 Total 998420480
Total 998420480
--------------------CPUAC-----------------------
user 921
system 1549
 
--------------------MEMCG-----------------------
MEM ONLY  : 953 MB
MEM+SWAP  : 953 MB
cache 403161088
rss 596721664
rss_huge 0
mapped_file 20152320
writeback 0
swap 131072
pgpgin 531122
pgpgout 287010
pgfault 337035
pgmajfault 352
inactive_anon 298438656
active_anon 298323968
inactive_file 201760768
active_file 201326592
unevictable 0
hierarchical_memory_limit 999997440
hierarchical_memsw_limit 9223372036854771712
total_cache 403161088
total_rss 596721664
total_rss_huge 0
total_mapped_file 20152320
total_writeback 0
total_swap 131072
total_pgpgin 531122
total_pgpgout 287010
total_pgfault 337035
total_pgmajfault 352
total_inactive_anon 298438656
total_active_anon 298323968
total_inactive_file 201760768
total_active_file 201326592
total_unevictable 0
--------------------BLKIO-----------------------
11:0 Read 0
11:0 Write 0
11:0 Sync 0
11:0 Async 0
11:0 Total 0
253:0 Read 1044078592
253:0 Write 12898304
253:0 Sync 12521472
253:0 Async 1044455424
253:0 Total 1056976896
Total 1056976896
--------------------CPUAC-----------------------
user 1006
system 1800
 
--------------------MEMCG-----------------------
MEM ONLY  : 953 MB
MEM+SWAP  : 953 MB
cache 403267584
rss 596717568
rss_huge 0
mapped_file 8105984
writeback 0
swap 135168
pgpgin 556586
pgpgout 312449
pgfault 337035
pgmajfault 352
inactive_anon 298434560
active_anon 298323968
inactive_file 201904128
active_file 201310208
unevictable 0
hierarchical_memory_limit 999997440
hierarchical_memsw_limit 9223372036854771712
total_cache 403267584
total_rss 596717568
total_rss_huge 0
total_mapped_file 8105984
total_writeback 0
total_swap 135168
total_pgpgin 556586
total_pgpgout 312449
total_pgfault 337035
total_pgmajfault 352
total_inactive_anon 298434560
total_active_anon 298323968
total_inactive_file 201904128
total_active_file 201310208
total_unevictable 0
--------------------BLKIO-----------------------
11:0 Read 0
11:0 Write 0
11:0 Sync 0
11:0 Async 0
11:0 Total 0
253:0 Read 1095835648
253:0 Write 14086144
253:0 Sync 13701120
253:0 Async 1096220672
253:0 Total 1109921792
Total 1109921792
--------------------CPUAC-----------------------
user 1101
system 2216
 
--------------------MEMCG-----------------------
MEM ONLY  : 953 MB
MEM+SWAP  : 953 MB
cache 403173376
rss 596701184
rss_huge 0
mapped_file 7077888
writeback 0
swap 151552
pgpgin 584327
pgpgout 340217
pgfault 337035
pgmajfault 352
inactive_anon 298418176
active_anon 298323968
inactive_file 201687040
active_file 201445376
unevictable 0
hierarchical_memory_limit 999997440
hierarchical_memsw_limit 9223372036854771712
total_cache 403173376
total_rss 596701184
total_rss_huge 0
total_mapped_file 7077888
total_writeback 0
total_swap 151552
total_pgpgin 584327
total_pgpgout 340217
total_pgfault 337035
total_pgmajfault 352
total_inactive_anon 298418176
total_active_anon 298323968
total_inactive_file 201687040
total_active_file 201445376
total_unevictable 0
--------------------BLKIO-----------------------
11:0 Read 0
11:0 Write 0
11:0 Sync 0
11:0 Async 0
11:0 Total 0
253:0 Read 1149132800
253:0 Write 15249408
253:0 Sync 14848000
253:0 Async 1149534208
253:0 Total 1164382208
Total 1164382208
--------------------CPUAC-----------------------
user 1198
system 2593
 
--------------------MEMCG-----------------------
MEM ONLY  : 953 MB
MEM+SWAP  : 953 MB
cache 403255296
rss 596680704
rss_huge 0
mapped_file 7077888
writeback 0
swap 172032
pgpgin 614262
pgpgout 370137
pgfault 337035
pgmajfault 352
inactive_anon 298397696
active_anon 298323968
inactive_file 201670656
active_file 201515008
unevictable 0
hierarchical_memory_limit 999997440
hierarchical_memsw_limit 9223372036854771712
total_cache 403255296
total_rss 596680704
total_rss_huge 0
total_mapped_file 7077888
total_writeback 0
total_swap 172032
total_pgpgin 614262
total_pgpgout 370137
total_pgfault 337035
total_pgmajfault 352
total_inactive_anon 298397696
total_active_anon 298323968
total_inactive_file 201670656
total_active_file 201515008
total_unevictable 0
--------------------BLKIO-----------------------
11:0 Read 0
11:0 Write 0
11:0 Sync 0
11:0 Async 0
11:0 Total 0
253:0 Read 1201233920
253:0 Write 16498688
253:0 Sync 16076800
253:0 Async 1201655808
253:0 Total 1217732608
Total 1217732608
--------------------CPUAC-----------------------
user 1303
system 2981
 
--------------------MEMCG-----------------------
MEM ONLY  : 953 MB
MEM+SWAP  : 953 MB
cache 403202048
rss 596660224
rss_huge 0
mapped_file 7077888
writeback 0
swap 192512
pgpgin 644505
pgpgout 400398
pgfault 337035
pgmajfault 352
inactive_anon 298377216
active_anon 298323968
inactive_file 201637888
active_file 201523200
unevictable 0
hierarchical_memory_limit 999997440
hierarchical_memsw_limit 9223372036854771712
total_cache 403202048
total_rss 596660224
total_rss_huge 0
total_mapped_file 7077888
total_writeback 0
total_swap 192512
total_pgpgin 644505
total_pgpgout 400398
total_pgfault 337035
total_pgmajfault 352
total_inactive_anon 298377216
total_active_anon 298323968
total_inactive_file 201637888
total_active_file 201523200
total_unevictable 0
--------------------BLKIO-----------------------
11:0 Read 0
11:0 Write 0
11:0 Sync 0
11:0 Async 0
11:0 Total 0
253:0 Read 1247420416
253:0 Write 17715200
253:0 Sync 17276928
253:0 Async 1247858688
253:0 Total 1265135616
Total 1265135616
--------------------CPUAC-----------------------
user 1406
system 3677
 
--------------------MEMCG-----------------------
MEM ONLY  : 953 MB
MEM+SWAP  : 953 MB
cache 403312640
rss 596643840
rss_huge 0
mapped_file 7077888
writeback 0
swap 208896
pgpgin 679508
pgpgout 435378
pgfault 337035
pgmajfault 352
inactive_anon 298369024
active_anon 298315776
inactive_file 201850880
active_file 201375744
unevictable 0
hierarchical_memory_limit 999997440
hierarchical_memsw_limit 9223372036854771712
total_cache 403312640
total_rss 596643840
total_rss_huge 0
total_mapped_file 7077888
total_writeback 0
total_swap 208896
total_pgpgin 679508
total_pgpgout 435378
total_pgfault 337035
total_pgmajfault 352
total_inactive_anon 298369024
total_active_anon 298315776
total_inactive_file 201850880
total_active_file 201375744
total_unevictable 0
--------------------BLKIO-----------------------
11:0 Read 0
11:0 Write 0
11:0 Sync 0
11:0 Async 0
11:0 Total 0
253:0 Read 1296654336
253:0 Write 18944000
253:0 Sync 18489344
253:0 Async 1297108992
253:0 Total 1315598336
Total 1315598336
--------------------CPUAC-----------------------
user 1537
system 4206
 
--------------------MEMCG-----------------------
MEM ONLY  : 953 MB
MEM+SWAP  : 953 MB
cache 403361792
rss 596619264
rss_huge 0
mapped_file 2322432
writeback 0
swap 233472
pgpgin 718414
pgpgout 474278
pgfault 337035
pgmajfault 352
inactive_anon 298356736
active_anon 298303488
inactive_file 201785344
active_file 201535488
unevictable 0
hierarchical_memory_limit 999997440
hierarchical_memsw_limit 9223372036854771712
total_cache 403361792
total_rss 596619264
total_rss_huge 0
total_mapped_file 2322432
total_writeback 0
total_swap 233472
total_pgpgin 718414
total_pgpgout 474278
total_pgfault 337035
total_pgmajfault 352
total_inactive_anon 298356736
total_active_anon 298303488
total_inactive_file 201785344
total_active_file 201535488
total_unevictable 0
--------------------BLKIO-----------------------
11:0 Read 0
11:0 Write 0
11:0 Sync 0
11:0 Async 0
11:0 Total 0
253:0 Read 1342128128
253:0 Write 20213760
253:0 Sync 19730432
253:0 Async 1342611456
253:0 Total 1362341888
Total 1362341888
--------------------CPUAC-----------------------
user 1666
system 4861
 
--------------------MEMCG-----------------------
MEM ONLY  : 953 MB
MEM+SWAP  : 953 MB
cache 403251200
rss 596602880
rss_huge 0
mapped_file 2068480
writeback 0
swap 249856
pgpgin 755193
pgpgout 511088
pgfault 337035
pgmajfault 352
inactive_anon 298348544
active_anon 298295296
inactive_file 201687040
active_file 201519104
unevictable 0
hierarchical_memory_limit 999997440
hierarchical_memsw_limit 9223372036854771712
total_cache 403251200
total_rss 596602880
total_rss_huge 0
total_mapped_file 2068480
total_writeback 0
total_swap 249856
total_pgpgin 755193
total_pgpgout 511088
total_pgfault 337035
total_pgmajfault 352
total_inactive_anon 298348544
total_active_anon 298295296
total_inactive_file 201687040
total_active_file 201519104
total_unevictable 0
--------------------BLKIO-----------------------
11:0 Read 0
11:0 Write 0
11:0 Sync 0
11:0 Async 0
11:0 Total 0
253:0 Read 1381564416
253:0 Write 21434368
253:0 Sync 20938752
253:0 Async 1382060032
253:0 Total 1402998784
Total 1402998784
--------------------CPUAC-----------------------
user 1804
system 5729
 
--------------------MEMCG-----------------------
MEM ONLY  : 953 MB
MEM+SWAP  : 953 MB
cache 403386368
rss 596582400
rss_huge 0
mapped_file 2068480
writeback 0
swap 270336
pgpgin 799248
pgpgout 555115
pgfault 337035
pgmajfault 352
inactive_anon 298340352
active_anon 298283008
inactive_file 201809920
active_file 201482240
unevictable 0
hierarchical_memory_limit 999997440
hierarchical_memsw_limit 9223372036854771712
total_cache 403386368
total_rss 596582400
total_rss_huge 0
total_mapped_file 2068480
total_writeback 0
total_swap 270336
total_pgpgin 799248
total_pgpgout 555115
total_pgfault 337035
total_pgmajfault 352
total_inactive_anon 298340352
total_active_anon 298283008
total_inactive_file 201809920
total_active_file 201482240
total_unevictable 0
--------------------BLKIO-----------------------
11:0 Read 0
11:0 Write 0
11:0 Sync 0
11:0 Async 0
11:0 Total 0
253:0 Read 1422983168
253:0 Write 22708224
253:0 Sync 22188032
253:0 Async 1423503360
253:0 Total 1445691392
Total 1445691392
--------------------CPUAC-----------------------
user 1958
system 6505
 
--------------------MEMCG-----------------------
MEM ONLY  : 953 MB
MEM+SWAP  : 953 MB
cache 403324928
rss 596541440
rss_huge 0
mapped_file 2068480
writeback 0
swap 311296
pgpgin 840684
pgpgout 596576
pgfault 337035
pgmajfault 352
inactive_anon 298319872
active_anon 298262528
inactive_file 201871360
active_file 201404416
unevictable 0
hierarchical_memory_limit 999997440
hierarchical_memsw_limit 9223372036854771712
total_cache 403324928
total_rss 596541440
total_rss_huge 0
total_mapped_file 2068480
total_writeback 0
total_swap 311296
total_pgpgin 840684
total_pgpgout 596576
total_pgfault 337035
total_pgmajfault 352
total_inactive_anon 298319872
total_active_anon 298262528
total_inactive_file 201871360
total_active_file 201404416
total_unevictable 0
--------------------BLKIO-----------------------
11:0 Read 0
11:0 Write 0
11:0 Sync 0
11:0 Async 0
11:0 Total 0
253:0 Read 1457328128
253:0 Write 23994368
253:0 Sync 23437312
253:0 Async 1457885184
253:0 Total 1481322496
Total 1481322496
--------------------CPUAC-----------------------
user 2098
system 7626
 
--------------------MEMCG-----------------------
MEM ONLY  : 953 MB
MEM+SWAP  : 954 MB
cache 403427328
rss 596488192
rss_huge 0
mapped_file 2068480
writeback 0
swap 364544
pgpgin 892308
pgpgout 648188
pgfault 337035
pgmajfault 352
inactive_anon 298291200
active_anon 298237952
inactive_file 201736192
active_file 201650176
unevictable 0
hierarchical_memory_limit 999997440
hierarchical_memsw_limit 9223372036854771712
total_cache 403427328
total_rss 596488192
total_rss_huge 0
total_mapped_file 2068480
total_writeback 0
total_swap 364544
total_pgpgin 892308
total_pgpgout 648188
total_pgfault 337035
total_pgmajfault 352
total_inactive_anon 298291200
total_active_anon 298237952
total_inactive_file 201736192
total_active_file 201650176
total_unevictable 0
--------------------BLKIO-----------------------
11:0 Read 0
11:0 Write 0
11:0 Sync 0
11:0 Async 0
11:0 Total 0
253:0 Read 1492963328
253:0 Write 25280512
253:0 Sync 24666112
253:0 Async 1493577728
253:0 Total 1518243840
Total 1518243840
--------------------CPUAC-----------------------
user 2281
system 8620
 
--------------------MEMCG-----------------------
MEM ONLY  : 953 MB
MEM+SWAP  : 953 MB
cache 403394560
rss 596467712
rss_huge 0
mapped_file 2068480
writeback 0
swap 385024
pgpgin 925824
pgpgout 681717
pgfault 337035
pgmajfault 352
inactive_anon 298283008
active_anon 298225664
inactive_file 201818112
active_file 201523200
unevictable 0
hierarchical_memory_limit 999997440
hierarchical_memsw_limit 9223372036854771712
total_cache 403394560
total_rss 596467712
total_rss_huge 0
total_mapped_file 2068480
total_writeback 0
total_swap 385024
total_pgpgin 925824
total_pgpgout 681717
total_pgfault 337035
total_pgmajfault 352
total_inactive_anon 298283008
total_active_anon 298225664
total_inactive_file 201818112
total_active_file 201523200
total_unevictable 0
--------------------BLKIO-----------------------
11:0 Read 0
11:0 Write 0
11:0 Sync 0
11:0 Async 0
11:0 Total 0
253:0 Read 1513394176
253:0 Write 26329088
253:0 Sync 25694208
253:0 Async 1514029056
253:0 Total 1539723264
Total 1539723264
--------------------CPUAC-----------------------
user 2414
system 10356
 
--------------------MEMCG-----------------------
MEM ONLY  : 953 MB
MEM+SWAP  : 953 MB
cache 403419136
rss 596434944
rss_huge 0
mapped_file 2068480
writeback 0
swap 417792
pgpgin 982840
pgpgout 738735
pgfault 337035
pgmajfault 352
inactive_anon 298266624
active_anon 298209280
inactive_file 201863168
active_file 201510912
unevictable 0
hierarchical_memory_limit 999997440
hierarchical_memsw_limit 9223372036854771712
total_cache 403419136
total_rss 596434944
total_rss_huge 0
total_mapped_file 2068480
total_writeback 0
total_swap 417792
total_pgpgin 982840
total_pgpgout 738735
total_pgfault 337035
total_pgmajfault 352
total_inactive_anon 298266624
total_active_anon 298209280
total_inactive_file 201863168
total_active_file 201510912
total_unevictable 0
--------------------BLKIO-----------------------
11:0 Read 0
11:0 Write 0
11:0 Sync 0
11:0 Async 0
11:0 Total 0
253:0 Read 1542819840
253:0 Write 27623424
253:0 Sync 26959872
253:0 Async 1543483392
253:0 Total 1570443264
Total 1570443264
--------------------CPUAC-----------------------
user 2622
system 11506
 
--------------------MEMCG-----------------------
MEM ONLY  : 953 MB
MEM+SWAP  : 954 MB
cache 403603456
rss 596385792
rss_huge 0
mapped_file 2068480
writeback 0
swap 466944
pgpgin 1045894
pgpgout 801756
pgfault 337035
pgmajfault 352
inactive_anon 298242048
active_anon 298184704
inactive_file 201842688
active_file 201695232
unevictable 0
hierarchical_memory_limit 999997440
hierarchical_memsw_limit 9223372036854771712
total_cache 403603456
total_rss 596385792
total_rss_huge 0
total_mapped_file 2068480
total_writeback 0
total_swap 466944
total_pgpgin 1045895
total_pgpgout 801756
total_pgfault 337035
total_pgmajfault 352
total_inactive_anon 298242048
total_active_anon 298184704
total_inactive_file 201842688
total_active_file 201695232
total_unevictable 0
--------------------BLKIO-----------------------
11:0 Read 0
11:0 Write 0
11:0 Sync 0
11:0 Async 0
11:0 Total 0
253:0 Read 1568739328
253:0 Write 28913664
253:0 Sync 28200960
253:0 Async 1569452032
253:0 Total 1597652992
Total 1597652992
--------------------CPUAC-----------------------
user 2864
system 12762
 
--------------------MEMCG-----------------------
MEM ONLY  : 953 MB
MEM+SWAP  : 954 MB
cache 403562496
rss 596353024
rss_huge 0
mapped_file 2068480
writeback 0
swap 499712
pgpgin 1101269
pgpgout 857149
pgfault 337035
pgmajfault 352
inactive_anon 298225664
active_anon 298168320
inactive_file 201949184
active_file 201572352
unevictable 0
hierarchical_memory_limit 999997440
hierarchical_memsw_limit 9223372036854771712
total_cache 403562496
total_rss 596353024
total_rss_huge 0
total_mapped_file 2068480
total_writeback 0
total_swap 499712
total_pgpgin 1101269
total_pgpgout 857149
total_pgfault 337035
total_pgmajfault 352
total_inactive_anon 298225664
total_active_anon 298168320
total_inactive_file 201949184
total_active_file 201572352
total_unevictable 0
--------------------BLKIO-----------------------
11:0 Read 0
11:0 Write 0
11:0 Sync 0
11:0 Async 0
11:0 Total 0
253:0 Read 1589497856
253:0 Write 30216192
253:0 Sync 29466624
253:0 Async 1590247424
253:0 Total 1619714048
Total 1619714048
--------------------CPUAC-----------------------
user 3080
system 14287
 
--------------------MEMCG-----------------------
MEM ONLY  : 953 MB
MEM+SWAP  : 954 MB
cache 403636224
rss 596312064
rss_huge 0
mapped_file 2068480
writeback 0
swap 540672
pgpgin 1165492
pgpgout 921364
pgfault 337035
pgmajfault 352
inactive_anon 298205184
active_anon 298147840
inactive_file 201863168
active_file 201732096
unevictable 0
hierarchical_memory_limit 999997440
hierarchical_memsw_limit 9223372036854771712
total_cache 403636224
total_rss 596312064
total_rss_huge 0
total_mapped_file 2068480
total_writeback 0
total_swap 540672
total_pgpgin 1165492
total_pgpgout 921364
total_pgfault 337035
total_pgmajfault 352
total_inactive_anon 298205184
total_active_anon 298147840
total_inactive_file 201863168
total_active_file 201732096
total_unevictable 0
--------------------BLKIO-----------------------
11:0 Read 0
11:0 Write 0
11:0 Sync 0
11:0 Async 0
11:0 Total 0
253:0 Read 1609928704
253:0 Write 31490048
253:0 Sync 30703616
253:0 Async 1610715136
253:0 Total 1641418752
Total 1641418752
--------------------CPUAC-----------------------
user 3317
system 15840
 
--------------------MEMCG-----------------------
MEM ONLY  : 953 MB
MEM+SWAP  : 954 MB
cache 403636224
rss 596238336
rss_huge 0
mapped_file 2068480
writeback 0
swap 614400
pgpgin 1234602
pgpgout 990492
pgfault 337035
pgmajfault 352
inactive_anon 298168320
active_anon 298110976
inactive_file 201854976
active_file 201715712
unevictable 0
hierarchical_memory_limit 999997440
hierarchical_memsw_limit 9223372036854771712
total_cache 403636224
total_rss 596238336
total_rss_huge 0
total_mapped_file 2068480
total_writeback 0
total_swap 614400
total_pgpgin 1234602
total_pgpgout 990492
total_pgfault 337035
total_pgmajfault 352
total_inactive_anon 298168320
total_active_anon 298110976
total_inactive_file 201854976
total_active_file 201715712
total_unevictable 0
--------------------BLKIO-----------------------
11:0 Read 0
11:0 Write 0
11:0 Sync 0
11:0 Async 0
11:0 Total 0
253:0 Read 1627283456
253:0 Write 32800768
253:0 Sync 31940608
253:0 Async 1628143616
253:0 Total 1660084224
Total 1660084224
--------------------CPUAC-----------------------
user 3569
system 17470
 
--------------------MEMCG-----------------------
MEM ONLY  : 953 MB
MEM+SWAP  : 954 MB
cache 403648512
rss 596205568
rss_huge 0
mapped_file 2068480
writeback 0
swap 647168
pgpgin 1304513
pgpgout 1060408
pgfault 337035
pgmajfault 352
inactive_anon 298151936
active_anon 298094592
inactive_file 201994240
active_file 201609216
unevictable 0
hierarchical_memory_limit 999997440
hierarchical_memsw_limit 9223372036854771712
total_cache 403648512
total_rss 596205568
total_rss_huge 0
total_mapped_file 2068480
total_writeback 0
total_swap 647168
total_pgpgin 1304513
total_pgpgout 1060408
total_pgfault 337035
total_pgmajfault 352
total_inactive_anon 298151936
total_active_anon 298094592
total_inactive_file 201994240
total_active_file 201609216
total_unevictable 0
--------------------BLKIO-----------------------
11:0 Read 0
11:0 Write 0
11:0 Sync 0
11:0 Async 0
11:0 Total 0
253:0 Read 1640325120
253:0 Write 34066432
253:0 Sync 33169408
253:0 Async 1641222144
253:0 Total 1674391552
Total 1674391552
--------------------CPUAC-----------------------
user 3808
system 19379
 
--------------------MEMCG-----------------------
MEM ONLY  : 953 MB
MEM+SWAP  : 954 MB
cache 403734528
rss 596123648
rss_huge 0
mapped_file 2068480
writeback 0
swap 733184
pgpgin 1372054
pgpgout 1127948
pgfault 337035
pgmajfault 352
inactive_anon 298106880
active_anon 298053632
inactive_file 201891840
active_file 201797632
unevictable 0
hierarchical_memory_limit 999997440
hierarchical_memsw_limit 9223372036854771712
total_cache 403734528
total_rss 596123648
total_rss_huge 0
total_mapped_file 2068480
total_writeback 0
total_swap 733184
total_pgpgin 1372054
total_pgpgout 1127948
total_pgfault 337035
total_pgmajfault 352
total_inactive_anon 298106880
total_active_anon 298053632
total_inactive_file 201891840
total_active_file 201797632
total_unevictable 0
--------------------BLKIO-----------------------
11:0 Read 0
11:0 Write 0
11:0 Sync 0
11:0 Async 0
11:0 Total 0
253:0 Read 1651384320
253:0 Write 35414016
253:0 Sync 34435072
253:0 Async 1652363264
253:0 Total 1686798336
Total 1686798336
--------------------CPUAC-----------------------
user 4068
system 21290
 
--------------------MEMCG-----------------------
MEM ONLY  : 953 MB
MEM+SWAP  : 954 MB
cache 403783680
rss 596086784
rss_huge 0
mapped_file 2068480
writeback 0
swap 770048
pgpgin 1419652
pgpgout 1175543
pgfault 337035
pgmajfault 352
inactive_anon 298090496
active_anon 298033152
inactive_file 201990144
active_file 201736192
unevictable 0
hierarchical_memory_limit 999997440
hierarchical_memsw_limit 9223372036854771712
total_cache 403783680
total_rss 596086784
total_rss_huge 0
total_mapped_file 2068480
total_writeback 0
total_swap 770048
total_pgpgin 1419652
total_pgpgout 1175543
total_pgfault 337035
total_pgmajfault 352
total_inactive_anon 298090496
total_active_anon 298033152
total_inactive_file 201990144
total_active_file 201736192
total_unevictable 0
--------------------BLKIO-----------------------
11:0 Read 0
11:0 Write 0
11:0 Sync 0
11:0 Async 0
11:0 Total 0
253:0 Read 1658232832
253:0 Write 36487168
253:0 Sync 35471360
253:0 Async 1659248640
253:0 Total 1694720000
Total 1694720000
--------------------CPUAC-----------------------
user 4251
system 23528
 
--------------------MEMCG-----------------------
MEM ONLY  : 953 MB
MEM+SWAP  : 954 MB
cache 403845120
rss 596049920
rss_huge 0
mapped_file 2068480
writeback 0
swap 806912
pgpgin 1495566
pgpgout 1251451
pgfault 337035
pgmajfault 352
inactive_anon 298070016
active_anon 298016768
inactive_file 201883648
active_file 201879552
unevictable 0
hierarchical_memory_limit 999997440
hierarchical_memsw_limit 9223372036854771712
total_cache 403845120
total_rss 596049920
total_rss_huge 0
total_mapped_file 2068480
total_writeback 0
total_swap 806912
total_pgpgin 1495566
total_pgpgout 1251451
total_pgfault 337035
total_pgmajfault 352
total_inactive_anon 298070016
total_active_anon 298016768
total_inactive_file 201883648
total_active_file 201879552
total_unevictable 0
--------------------BLKIO-----------------------
11:0 Read 0
11:0 Write 0
11:0 Sync 0
11:0 Async 0
11:0 Total 0
253:0 Read 1667194880
253:0 Write 37740544
253:0 Sync 36683776
253:0 Async 1668251648
253:0 Total 1704935424
Total 1704935424
--------------------CPUAC-----------------------
user 4528
system 25516
 
--------------------MEMCG-----------------------
MEM ONLY  : 953 MB
MEM+SWAP  : 954 MB
cache 403947520
rss 596017152
rss_huge 0
mapped_file 2068480
writeback 0
swap 839680
pgpgin 1575610
pgpgout 1331478
pgfault 337035
pgmajfault 352
inactive_anon 298053632
active_anon 298000384
inactive_file 202158080
active_file 201695232
unevictable 0
hierarchical_memory_limit 999997440
hierarchical_memsw_limit 9223372036854771712
total_cache 403947520
total_rss 596017152
total_rss_huge 0
total_mapped_file 2068480
total_writeback 0
total_swap 839680
total_pgpgin 1575610
total_pgpgout 1331478
total_pgfault 337035
total_pgmajfault 352
total_inactive_anon 298053632
total_active_anon 298000384
total_inactive_file 202158080
total_active_file 201695232
total_unevictable 0
--------------------BLKIO-----------------------
11:0 Read 0
11:0 Write 0
11:0 Sync 0
11:0 Async 0
11:0 Total 0
253:0 Read 1674833920
253:0 Write 39026688
253:0 Sync 37941248
253:0 Async 1675919360
253:0 Total 1713860608
Total 1713860608
--------------------CPUAC-----------------------
user 4819
system 27507
 
--------------------MEMCG-----------------------
MEM ONLY  : 953 MB
MEM+SWAP  : 954 MB
cache 404013056
rss 595980288
rss_huge 0
mapped_file 2068480
writeback 0
swap 876544
pgpgin 1658608
pgpgout 1414469
pgfault 337035
pgmajfault 352
inactive_anon 298037248
active_anon 297979904
inactive_file 202055680
active_file 201891840
unevictable 0
hierarchical_memory_limit 999997440
hierarchical_memsw_limit 9223372036854771712
total_cache 404013056
total_rss 595980288
total_rss_huge 0
total_mapped_file 2068480
total_writeback 0
total_swap 876544
total_pgpgin 1658608
total_pgpgout 1414469
total_pgfault 337035
total_pgmajfault 352
total_inactive_anon 298037248
total_active_anon 297979904
total_inactive_file 202055680
total_active_file 201891840
total_unevictable 0
--------------------BLKIO-----------------------
11:0 Read 0
11:0 Write 0
11:0 Sync 0
11:0 Async 0
11:0 Total 0
253:0 Read 1681453056
253:0 Write 40214528
253:0 Sync 39092224
253:0 Async 1682575360
253:0 Total 1721667584
Total 1721667584
--------------------CPUAC-----------------------
user 5112
system 29585
 
--------------------MEMCG-----------------------
MEM ONLY  : 953 MB
MEM+SWAP  : 954 MB
cache 403996672
rss 595898368
rss_huge 0
mapped_file 2068480
writeback 0
swap 958464
pgpgin 1742514
pgpgout 1498399
pgfault 337035
pgmajfault 352
inactive_anon 297996288
active_anon 297938944
inactive_file 202014720
active_file 201904128
unevictable 0
hierarchical_memory_limit 999997440
hierarchical_memsw_limit 9223372036854771712
total_cache 403996672
total_rss 595898368
total_rss_huge 0
total_mapped_file 2068480
total_writeback 0
total_swap 958464
total_pgpgin 1742514
total_pgpgout 1498399
total_pgfault 337035
total_pgmajfault 352
total_inactive_anon 297996288
total_active_anon 297938944
total_inactive_file 202014720
total_active_file 201904128
total_unevictable 0
--------------------BLKIO-----------------------
11:0 Read 0
11:0 Write 0
11:0 Sync 0
11:0 Async 0
11:0 Total 0
253:0 Read 1687056384
253:0 Write 41566208
253:0 Sync 40361984
253:0 Async 1688260608
253:0 Total 1728622592
Total 1728622592
--------------------CPUAC-----------------------
user 5417
system 31663
 
--------------------MEMCG-----------------------
MEM ONLY  : 953 MB
MEM+SWAP  : 954 MB
cache 404152320
rss 595836928
rss_huge 0
mapped_file 2068480
writeback 0
swap 1019904
pgpgin 1816378
pgpgout 1572240
pgfault 337035
pgmajfault 352
inactive_anon 297963520
active_anon 297910272
inactive_file 202166272
active_file 201924608
unevictable 0
hierarchical_memory_limit 999997440
hierarchical_memsw_limit 9223372036854771712
total_cache 404152320
total_rss 595836928
total_rss_huge 0
total_mapped_file 2068480
total_writeback 0
total_swap 1019904
total_pgpgin 1816378
total_pgpgout 1572240
total_pgfault 337035
total_pgmajfault 352
total_inactive_anon 297963520
total_active_anon 297910272
total_inactive_file 202166272
total_active_file 201924608
total_unevictable 0
--------------------BLKIO-----------------------
11:0 Read 0
11:0 Write 0
11:0 Sync 0
11:0 Async 0
11:0 Total 0
253:0 Read 1691070464
253:0 Write 42897408
253:0 Sync 41631744
253:0 Async 1692336128
253:0 Total 1733967872
Total 1733967872
--------------------CPUAC-----------------------
user 5690
system 33883
 
