--------------------MEMCG-----------------------
MEM ONLY  : 953 MB
MEM+SWAP  : 953 MB
cache 741326848
rss 258510848
rss_huge 0
mapped_file 10674176
writeback 0
swap 0
pgpgin 802914
pgpgout 558813
pgfault 249863
pgmajfault 590
inactive_anon 129495040
active_anon 129085440
inactive_file 370831360
active_file 370421760
unevictable 4096
hierarchical_memory_limit 999997440
hierarchical_memsw_limit 9223372036854771712
total_cache 741326848
total_rss 258510848
total_rss_huge 0
total_mapped_file 10674176
total_writeback 0
total_swap 0
total_pgpgin 802914
total_pgpgout 558813
total_pgfault 249863
total_pgmajfault 590
total_inactive_anon 129495040
total_active_anon 129085440
total_inactive_file 370831360
total_active_file 370421760
total_unevictable 4096
--------------------BLKIO-----------------------
11:0 Read 0
11:0 Write 0
11:0 Sync 0
11:0 Async 0
11:0 Total 0
253:0 Read 1889681408
253:0 Write 3735552
253:0 Sync 200704
253:0 Async 1893216256
253:0 Total 1893416960
Total 1893416960
--------------------CPUAC-----------------------
user 1324
system 1076
--------------------MEMCG-----------------------
MEM ONLY  : 953 MB
MEM+SWAP  : 953 MB
cache 741347328
rss 258527232
rss_huge 0
mapped_file 10694656
writeback 0
swap 0
pgpgin 804642
pgpgout 560532
pgfault 249929
pgmajfault 591
inactive_anon 129495040
active_anon 129101824
inactive_file 370769920
active_file 370499584
unevictable 4096
hierarchical_memory_limit 999997440
hierarchical_memsw_limit 9223372036854771712
total_cache 741347328
total_rss 258527232
total_rss_huge 0
total_mapped_file 10694656
total_writeback 0
total_swap 0
total_pgpgin 804642
total_pgpgout 560532
total_pgfault 249929
total_pgmajfault 591
total_inactive_anon 129495040
total_active_anon 129101824
total_inactive_file 370769920
total_active_file 370499584
total_unevictable 4096
--------------------BLKIO-----------------------
11:0 Read 0
11:0 Write 0
11:0 Sync 0
11:0 Async 0
11:0 Total 0
253:0 Read 1891504128
253:0 Write 3768320
253:0 Sync 200704
253:0 Async 1895071744
253:0 Total 1895272448
Total 1895272448
--------------------CPUAC-----------------------
user 1326
system 1081
--------------------MEMCG-----------------------
MEM ONLY  : 953 MB
MEM+SWAP  : 953 MB
cache 741322752
rss 258527232
rss_huge 0
mapped_file 10694656
writeback 0
swap 0
pgpgin 806237
pgpgout 562133
pgfault 249989
pgmajfault 591
inactive_anon 129495040
active_anon 129101824
inactive_file 370737152
active_file 370475008
unevictable 4096
hierarchical_memory_limit 999997440
hierarchical_memsw_limit 9223372036854771712
total_cache 741322752
total_rss 258527232
total_rss_huge 0
total_mapped_file 10694656
total_writeback 0
total_swap 0
total_pgpgin 806237
total_pgpgout 562133
total_pgfault 249989
total_pgmajfault 591
total_inactive_anon 129495040
total_active_anon 129101824
total_inactive_file 370737152
total_active_file 370475008
total_unevictable 4096
--------------------BLKIO-----------------------
11:0 Read 0
11:0 Write 0
11:0 Sync 0
11:0 Async 0
11:0 Total 0
253:0 Read 1893236736
253:0 Write 3809280
253:0 Sync 200704
253:0 Async 1896845312
253:0 Total 1897046016
Total 1897046016
--------------------CPUAC-----------------------
user 1330
system 1082
--------------------MEMCG-----------------------
MEM ONLY  : 953 MB
MEM+SWAP  : 953 MB
cache 741310464
rss 258527232
rss_huge 0
mapped_file 10694656
writeback 0
swap 0
pgpgin 807720
pgpgout 563619
pgfault 250049
pgmajfault 591
inactive_anon 129495040
active_anon 129101824
inactive_file 370896896
active_file 370339840
unevictable 4096
hierarchical_memory_limit 999997440
hierarchical_memsw_limit 9223372036854771712
total_cache 741310464
total_rss 258527232
total_rss_huge 0
total_mapped_file 10694656
total_writeback 0
total_swap 0
total_pgpgin 807720
total_pgpgout 563619
total_pgfault 250049
total_pgmajfault 591
total_inactive_anon 129495040
total_active_anon 129101824
total_inactive_file 370896896
total_active_file 370339840
total_unevictable 4096
--------------------BLKIO-----------------------
11:0 Read 0
11:0 Write 0
11:0 Sync 0
11:0 Async 0
11:0 Total 0
253:0 Read 1895202816
253:0 Write 3850240
253:0 Sync 200704
253:0 Async 1898852352
253:0 Total 1899053056
Total 1899053056
--------------------CPUAC-----------------------
user 1333
system 1088
--------------------MEMCG-----------------------
MEM ONLY  : 953 MB
MEM+SWAP  : 953 MB
cache 741330944
rss 258527232
rss_huge 0
mapped_file 10694656
writeback 0
swap 0
pgpgin 809396
pgpgout 565290
pgfault 250109
pgmajfault 591
inactive_anon 129495040
active_anon 129101824
inactive_file 370765824
active_file 370491392
unevictable 4096
hierarchical_memory_limit 999997440
hierarchical_memsw_limit 9223372036854771712
total_cache 741330944
total_rss 258527232
total_rss_huge 0
total_mapped_file 10694656
total_writeback 0
total_swap 0
total_pgpgin 809396
total_pgpgout 565290
total_pgfault 250109
total_pgmajfault 591
total_inactive_anon 129495040
total_active_anon 129101824
total_inactive_file 370765824
total_active_file 370491392
total_unevictable 4096
--------------------BLKIO-----------------------
11:0 Read 0
11:0 Write 0
11:0 Sync 0
11:0 Async 0
11:0 Total 0
253:0 Read 1897353216
253:0 Write 3870720
253:0 Sync 200704
253:0 Async 1901023232
253:0 Total 1901223936
Total 1901223936
--------------------CPUAC-----------------------
user 1338
system 1090
--------------------MEMCG-----------------------
MEM ONLY  : 953 MB
MEM+SWAP  : 953 MB
cache 741384192
rss 258527232
rss_huge 0
mapped_file 10694656
writeback 0
swap 0
pgpgin 812363
pgpgout 568244
pgfault 250169
pgmajfault 591
inactive_anon 129495040
active_anon 129101824
inactive_file 370954240
active_file 370356224
unevictable 4096
hierarchical_memory_limit 999997440
hierarchical_memsw_limit 9223372036854771712
total_cache 741384192
total_rss 258527232
total_rss_huge 0
total_mapped_file 10694656
total_writeback 0
total_swap 0
total_pgpgin 812363
total_pgpgout 568244
total_pgfault 250169
total_pgmajfault 591
total_inactive_anon 129495040
total_active_anon 129101824
total_inactive_file 370954240
total_active_file 370356224
total_unevictable 4096
--------------------BLKIO-----------------------
11:0 Read 0
11:0 Write 0
11:0 Sync 0
11:0 Async 0
11:0 Total 0
253:0 Read 1901260800
253:0 Write 3883008
253:0 Sync 200704
253:0 Async 1904943104
253:0 Total 1905143808
Total 1905143808
--------------------CPUAC-----------------------
user 1345
system 1093
--------------------MEMCG-----------------------
MEM ONLY  : 953 MB
MEM+SWAP  : 953 MB
cache 741351424
rss 258527232
rss_huge 0
mapped_file 10694656
writeback 0
swap 0
pgpgin 815185
pgpgout 571074
pgfault 250229
pgmajfault 591
inactive_anon 129495040
active_anon 129101824
inactive_file 370872320
active_file 370405376
unevictable 4096
hierarchical_memory_limit 999997440
hierarchical_memsw_limit 9223372036854771712
total_cache 741351424
total_rss 258527232
total_rss_huge 0
total_mapped_file 10694656
total_writeback 0
total_swap 0
total_pgpgin 815185
total_pgpgout 571074
total_pgfault 250229
total_pgmajfault 591
total_inactive_anon 129495040
total_active_anon 129101824
total_inactive_file 370872320
total_active_file 370405376
total_unevictable 4096
--------------------BLKIO-----------------------
11:0 Read 0
11:0 Write 0
11:0 Sync 0
11:0 Async 0
11:0 Total 0
253:0 Read 1905016832
253:0 Write 3907584
253:0 Sync 200704
253:0 Async 1908723712
253:0 Total 1908924416
Total 1908924416
--------------------CPUAC-----------------------
user 1355
system 1098
--------------------MEMCG-----------------------
MEM ONLY  : 953 MB
MEM+SWAP  : 953 MB
cache 741310464
rss 258527232
rss_huge 0
mapped_file 10694656
writeback 0
swap 0
pgpgin 818604
pgpgout 574503
pgfault 250289
pgmajfault 591
inactive_anon 129495040
active_anon 129101824
inactive_file 370806784
active_file 370429952
unevictable 4096
hierarchical_memory_limit 999997440
hierarchical_memsw_limit 9223372036854771712
total_cache 741310464
total_rss 258527232
total_rss_huge 0
total_mapped_file 10694656
total_writeback 0
total_swap 0
total_pgpgin 818604
total_pgpgout 574503
total_pgfault 250289
total_pgmajfault 591
total_inactive_anon 129495040
total_active_anon 129101824
total_inactive_file 370806784
total_active_file 370429952
total_unevictable 4096
--------------------BLKIO-----------------------
11:0 Read 0
11:0 Write 0
11:0 Sync 0
11:0 Async 0
11:0 Total 0
253:0 Read 1909919744
253:0 Write 3932160
253:0 Sync 200704
253:0 Async 1913651200
253:0 Total 1913851904
Total 1913851904
--------------------CPUAC-----------------------
user 1363
system 1106
--------------------MEMCG-----------------------
MEM ONLY  : 953 MB
MEM+SWAP  : 953 MB
cache 741302272
rss 258539520
rss_huge 0
mapped_file 10694656
writeback 0
swap 0
pgpgin 823308
pgpgout 579206
pgfault 250352
pgmajfault 591
inactive_anon 129495040
active_anon 129114112
inactive_file 370855936
active_file 370372608
unevictable 4096
hierarchical_memory_limit 999997440
hierarchical_memsw_limit 9223372036854771712
total_cache 741302272
total_rss 258539520
total_rss_huge 0
total_mapped_file 10694656
total_writeback 0
total_swap 0
total_pgpgin 823308
total_pgpgout 579206
total_pgfault 250352
total_pgmajfault 591
total_inactive_anon 129495040
total_active_anon 129114112
total_inactive_file 370855936
total_active_file 370372608
total_unevictable 4096
--------------------BLKIO-----------------------
11:0 Read 0
11:0 Write 0
11:0 Sync 0
11:0 Async 0
11:0 Total 0
253:0 Read 1915736064
253:0 Write 3964928
253:0 Sync 200704
253:0 Async 1919500288
253:0 Total 1919700992
Total 1919700992
--------------------CPUAC-----------------------
user 1375
system 1114
--------------------MEMCG-----------------------
MEM ONLY  : 953 MB
MEM+SWAP  : 953 MB
cache 741355520
rss 258383872
rss_huge 0
mapped_file 10694656
writeback 0
swap 0
pgpgin 827814
pgpgout 583737
pgfault 250418
pgmajfault 591
inactive_anon 129495040
active_anon 128958464
inactive_file 370786304
active_file 370475008
unevictable 4096
hierarchical_memory_limit 999997440
hierarchical_memsw_limit 9223372036854771712
total_cache 741355520
total_rss 258383872
total_rss_huge 0
total_mapped_file 10694656
total_writeback 0
total_swap 0
total_pgpgin 827814
total_pgpgout 583737
total_pgfault 250418
total_pgmajfault 591
total_inactive_anon 129495040
total_active_anon 128958464
total_inactive_file 370786304
total_active_file 370475008
total_unevictable 4096
--------------------BLKIO-----------------------
11:0 Read 0
11:0 Write 0
11:0 Sync 0
11:0 Async 0
11:0 Total 0
253:0 Read 1921642496
253:0 Write 3997696
253:0 Sync 200704
253:0 Async 1925439488
253:0 Total 1925640192
Total 1925640192
--------------------CPUAC-----------------------
user 1386
system 1122
--------------------MEMCG-----------------------
MEM ONLY  : 953 MB
MEM+SWAP  : 953 MB
cache 741347328
rss 258543616
rss_huge 0
mapped_file 10694656
writeback 0
swap 0
pgpgin 832110
pgpgout 587996
pgfault 250517
pgmajfault 591
inactive_anon 129495040
active_anon 129118208
inactive_file 371433472
active_file 369840128
unevictable 4096
hierarchical_memory_limit 999997440
hierarchical_memsw_limit 9223372036854771712
total_cache 741347328
total_rss 258543616
total_rss_huge 0
total_mapped_file 10694656
total_writeback 0
total_swap 0
total_pgpgin 832110
total_pgpgout 587996
total_pgfault 250517
total_pgmajfault 591
total_inactive_anon 129495040
total_active_anon 129118208
total_inactive_file 371433472
total_active_file 369840128
total_unevictable 4096
--------------------BLKIO-----------------------
11:0 Read 0
11:0 Write 0
11:0 Sync 0
11:0 Async 0
11:0 Total 0
253:0 Read 1927565312
253:0 Write 4038656
253:0 Sync 200704
253:0 Async 1931403264
253:0 Total 1931603968
Total 1931603968
--------------------CPUAC-----------------------
user 1399
system 1128
--------------------MEMCG-----------------------
MEM ONLY  : 953 MB
MEM+SWAP  : 953 MB
cache 741294080
rss 258547712
rss_huge 0
mapped_file 10694656
writeback 0
swap 0
pgpgin 836431
pgpgout 592329
pgfault 252104
pgmajfault 591
inactive_anon 130019328
active_anon 128598016
inactive_file 371519488
active_file 369700864
unevictable 4096
hierarchical_memory_limit 999997440
hierarchical_memsw_limit 9223372036854771712
total_cache 741294080
total_rss 258547712
total_rss_huge 0
total_mapped_file 10694656
total_writeback 0
total_swap 0
total_pgpgin 836431
total_pgpgout 592329
total_pgfault 252104
total_pgmajfault 591
total_inactive_anon 130019328
total_active_anon 128598016
total_inactive_file 371519488
total_active_file 369700864
total_unevictable 4096
--------------------BLKIO-----------------------
11:0 Read 0
11:0 Write 0
11:0 Sync 0
11:0 Async 0
11:0 Total 0
253:0 Read 1932349440
253:0 Write 4079616
253:0 Sync 200704
253:0 Async 1936228352
253:0 Total 1936429056
Total 1936429056
--------------------CPUAC-----------------------
user 1405
system 1138
--------------------MEMCG-----------------------
MEM ONLY  : 953 MB
MEM+SWAP  : 953 MB
cache 741416960
rss 258551808
rss_huge 0
mapped_file 10694656
writeback 0
swap 0
pgpgin 840463
pgpgout 596330
pgfault 252165
pgmajfault 591
inactive_anon 130019328
active_anon 128602112
inactive_file 370847744
active_file 370495488
unevictable 4096
hierarchical_memory_limit 999997440
hierarchical_memsw_limit 9223372036854771712
total_cache 741416960
total_rss 258551808
total_rss_huge 0
total_mapped_file 10694656
total_writeback 0
total_swap 0
total_pgpgin 840463
total_pgpgout 596330
total_pgfault 252165
total_pgmajfault 591
total_inactive_anon 130019328
total_active_anon 128602112
total_inactive_file 370847744
total_active_file 370495488
total_unevictable 4096
--------------------BLKIO-----------------------
11:0 Read 0
11:0 Write 0
11:0 Sync 0
11:0 Async 0
11:0 Total 0
253:0 Read 1937518592
253:0 Write 4124672
253:0 Sync 200704
253:0 Async 1941442560
253:0 Total 1941643264
Total 1941643264
--------------------CPUAC-----------------------
user 1416
system 1144
--------------------MEMCG-----------------------
MEM ONLY  : 953 MB
MEM+SWAP  : 953 MB
cache 741306368
rss 258555904
rss_huge 0
mapped_file 10694656
writeback 0
swap 0
pgpgin 845105
pgpgout 600998
pgfault 252226
pgmajfault 591
inactive_anon 130019328
active_anon 128606208
inactive_file 370868224
active_file 370315264
unevictable 4096
hierarchical_memory_limit 999997440
hierarchical_memsw_limit 9223372036854771712
total_cache 741306368
total_rss 258555904
total_rss_huge 0
total_mapped_file 10694656
total_writeback 0
total_swap 0
total_pgpgin 845105
total_pgpgout 600998
total_pgfault 252226
total_pgmajfault 591
total_inactive_anon 130019328
total_active_anon 128606208
total_inactive_file 370868224
total_active_file 370315264
total_unevictable 4096
--------------------BLKIO-----------------------
11:0 Read 0
11:0 Write 0
11:0 Sync 0
11:0 Async 0
11:0 Total 0
253:0 Read 1943158784
253:0 Write 4173824
253:0 Sync 200704
253:0 Async 1947131904
253:0 Total 1947332608
Total 1947332608
--------------------CPUAC-----------------------
user 1424
system 1154
--------------------MEMCG-----------------------
MEM ONLY  : 953 MB
MEM+SWAP  : 953 MB
cache 741150720
rss 258646016
rss_huge 0
mapped_file 10694656
writeback 0
swap 0
pgpgin 849292
pgpgout 605201
pgfault 252308
pgmajfault 591
inactive_anon 130019328
active_anon 128696320
inactive_file 370671616
active_file 370372608
unevictable 4096
hierarchical_memory_limit 999997440
hierarchical_memsw_limit 9223372036854771712
total_cache 741150720
total_rss 258646016
total_rss_huge 0
total_mapped_file 10694656
total_writeback 0
total_swap 0
total_pgpgin 849292
total_pgpgout 605201
total_pgfault 252308
total_pgmajfault 591
total_inactive_anon 130019328
total_active_anon 128696320
total_inactive_file 370671616
total_active_file 370372608
total_unevictable 4096
--------------------BLKIO-----------------------
11:0 Read 0
11:0 Write 0
11:0 Sync 0
11:0 Async 0
11:0 Total 0
253:0 Read 1948512256
253:0 Write 4222976
253:0 Sync 200704
253:0 Async 1952534528
253:0 Total 1952735232
Total 1952735232
--------------------CPUAC-----------------------
user 1435
system 1163
--------------------MEMCG-----------------------
MEM ONLY  : 953 MB
MEM+SWAP  : 953 MB
cache 741351424
rss 258646016
rss_huge 0
mapped_file 10711040
writeback 0
swap 0
pgpgin 853679
pgpgout 609539
pgfault 252759
pgmajfault 600
inactive_anon 129994752
active_anon 128720896
inactive_file 371183616
active_file 370094080
unevictable 4096
hierarchical_memory_limit 999997440
hierarchical_memsw_limit 9223372036854771712
total_cache 741351424
total_rss 258646016
total_rss_huge 0
total_mapped_file 10711040
total_writeback 0
total_swap 0
total_pgpgin 853679
total_pgpgout 609539
total_pgfault 252759
total_pgmajfault 600
total_inactive_anon 129994752
total_active_anon 128720896
total_inactive_file 371183616
total_active_file 370094080
total_unevictable 4096
--------------------BLKIO-----------------------
11:0 Read 0
11:0 Write 0
11:0 Sync 0
11:0 Async 0
11:0 Total 0
253:0 Read 1954820096
253:0 Write 4280320
253:0 Sync 200704
253:0 Async 1958899712
253:0 Total 1959100416
Total 1959100416
--------------------CPUAC-----------------------
user 1442
system 1170
--------------------MEMCG-----------------------
MEM ONLY  : 953 MB
MEM+SWAP  : 953 MB
cache 741326848
rss 258646016
rss_huge 0
mapped_file 10711040
writeback 0
swap 0
pgpgin 857659
pgpgout 613525
pgfault 252819
pgmajfault 600
inactive_anon 129994752
active_anon 128720896
inactive_file 370757632
active_file 370495488
unevictable 4096
hierarchical_memory_limit 999997440
hierarchical_memsw_limit 9223372036854771712
total_cache 741326848
total_rss 258646016
total_rss_huge 0
total_mapped_file 10711040
total_writeback 0
total_swap 0
total_pgpgin 857659
total_pgpgout 613525
total_pgfault 252819
total_pgmajfault 600
total_inactive_anon 129994752
total_active_anon 128720896
total_inactive_file 370757632
total_active_file 370495488
total_unevictable 4096
--------------------BLKIO-----------------------
11:0 Read 0
11:0 Write 0
11:0 Sync 0
11:0 Async 0
11:0 Total 0
253:0 Read 1959931904
253:0 Write 4337664
253:0 Sync 200704
253:0 Async 1964068864
253:0 Total 1964269568
Total 1964269568
--------------------CPUAC-----------------------
user 1450
system 1176
--------------------MEMCG-----------------------
MEM ONLY  : 953 MB
MEM+SWAP  : 953 MB
cache 741277696
rss 258646016
rss_huge 0
mapped_file 10711040
writeback 0
swap 0
pgpgin 861509
pgpgout 617387
pgfault 252882
pgmajfault 600
inactive_anon 129994752
active_anon 128720896
inactive_file 370700288
active_file 370503680
unevictable 4096
hierarchical_memory_limit 999997440
hierarchical_memsw_limit 9223372036854771712
total_cache 741277696
total_rss 258646016
total_rss_huge 0
total_mapped_file 10711040
total_writeback 0
total_swap 0
total_pgpgin 861509
total_pgpgout 617387
total_pgfault 252882
total_pgmajfault 600
total_inactive_anon 129994752
total_active_anon 128720896
total_inactive_file 370700288
total_active_file 370503680
total_unevictable 4096
--------------------BLKIO-----------------------
11:0 Read 0
11:0 Write 0
11:0 Sync 0
11:0 Async 0
11:0 Total 0
253:0 Read 1964253184
253:0 Write 4399104
253:0 Sync 200704
253:0 Async 1968451584
253:0 Total 1968652288
Total 1968652288
--------------------CPUAC-----------------------
user 1461
system 1183
--------------------MEMCG-----------------------
MEM ONLY  : 953 MB
MEM+SWAP  : 953 MB
cache 741228544
rss 258646016
rss_huge 0
mapped_file 10711040
writeback 0
swap 0
pgpgin 865642
pgpgout 621532
pgfault 252943
pgmajfault 600
inactive_anon 129994752
active_anon 128720896
inactive_file 370843648
active_file 370302976
unevictable 4096
hierarchical_memory_limit 999997440
hierarchical_memsw_limit 9223372036854771712
total_cache 741228544
total_rss 258646016
total_rss_huge 0
total_mapped_file 10711040
total_writeback 0
total_swap 0
total_pgpgin 865642
total_pgpgout 621532
total_pgfault 252943
total_pgmajfault 600
total_inactive_anon 129994752
total_active_anon 128720896
total_inactive_file 370843648
total_active_file 370302976
total_unevictable 4096
--------------------BLKIO-----------------------
11:0 Read 0
11:0 Write 0
11:0 Sync 0
11:0 Async 0
11:0 Total 0
253:0 Read 1969631232
253:0 Write 4464640
253:0 Sync 200704
253:0 Async 1973895168
253:0 Total 1974095872
Total 1974095872
--------------------CPUAC-----------------------
user 1472
system 1192
--------------------MEMCG-----------------------
MEM ONLY  : 953 MB
MEM+SWAP  : 953 MB
cache 741142528
rss 258646016
rss_huge 0
mapped_file 10711040
writeback 0
swap 0
pgpgin 869775
pgpgout 625686
pgfault 253003
pgmajfault 600
inactive_anon 129994752
active_anon 128720896
inactive_file 371228672
active_file 369840128
unevictable 4096
hierarchical_memory_limit 999997440
hierarchical_memsw_limit 9223372036854771712
total_cache 741142528
total_rss 258646016
total_rss_huge 0
total_mapped_file 10711040
total_writeback 0
total_swap 0
total_pgpgin 869775
total_pgpgout 625686
total_pgfault 253003
total_pgmajfault 600
total_inactive_anon 129994752
total_active_anon 128720896
total_inactive_file 371228672
total_active_file 369840128
total_unevictable 4096
--------------------BLKIO-----------------------
11:0 Read 0
11:0 Write 0
11:0 Sync 0
11:0 Async 0
11:0 Total 0
253:0 Read 1974587392
253:0 Write 4497408
253:0 Sync 200704
253:0 Async 1978884096
253:0 Total 1979084800
Total 1979084800
--------------------CPUAC-----------------------
user 1481
system 1197
--------------------MEMCG-----------------------
MEM ONLY  : 953 MB
MEM+SWAP  : 953 MB
cache 741511168
rss 258322432
rss_huge 0
mapped_file 10711040
writeback 0
swap 0
pgpgin 882104
pgpgout 638004
pgfault 253063
pgmajfault 600
inactive_anon 129994752
active_anon 128397312
inactive_file 371023872
active_file 370388992
unevictable 4096
hierarchical_memory_limit 999997440
hierarchical_memsw_limit 9223372036854771712
total_cache 741511168
total_rss 258322432
total_rss_huge 0
total_mapped_file 10711040
total_writeback 0
total_swap 0
total_pgpgin 882104
total_pgpgout 638004
total_pgfault 253063
total_pgmajfault 600
total_inactive_anon 129994752
total_active_anon 128397312
total_inactive_file 371023872
total_active_file 370388992
total_unevictable 4096
--------------------BLKIO-----------------------
11:0 Read 0
11:0 Write 0
11:0 Sync 0
11:0 Async 0
11:0 Total 0
253:0 Read 1989087232
253:0 Write 4509696
253:0 Sync 200704
253:0 Async 1993396224
253:0 Total 1993596928
Total 1993596928
--------------------CPUAC-----------------------
user 1504
system 1212
--------------------MEMCG-----------------------
MEM ONLY  : 953 MB
MEM+SWAP  : 953 MB
cache 741470208
rss 258408448
rss_huge 0
mapped_file 10711040
writeback 0
swap 0
pgpgin 909361
pgpgout 665250
pgfault 253144
pgmajfault 600
inactive_anon 129994752
active_anon 128483328
inactive_file 370819072
active_file 370565120
unevictable 4096
hierarchical_memory_limit 999997440
hierarchical_memsw_limit 9223372036854771712
total_cache 741470208
total_rss 258408448
total_rss_huge 0
total_mapped_file 10711040
total_writeback 0
total_swap 0
total_pgpgin 909361
total_pgpgout 665250
total_pgfault 253144
total_pgmajfault 600
total_inactive_anon 129994752
total_active_anon 128483328
total_inactive_file 370819072
total_active_file 370565120
total_unevictable 4096
--------------------BLKIO-----------------------
11:0 Read 0
11:0 Write 0
11:0 Sync 0
11:0 Async 0
11:0 Total 0
253:0 Read 2018529280
253:0 Write 4534272
253:0 Sync 200704
253:0 Async 2022862848
253:0 Total 2023063552
Total 2023063552
--------------------CPUAC-----------------------
user 1549
system 1252
--------------------MEMCG-----------------------
MEM ONLY  : 953 MB
MEM+SWAP  : 953 MB
cache 741376000
rss 258408448
rss_huge 0
mapped_file 10711040
writeback 0
swap 0
pgpgin 936089
pgpgout 692001
pgfault 253204
pgmajfault 600
inactive_anon 129994752
active_anon 128483328
inactive_file 370724864
active_file 370577408
unevictable 4096
hierarchical_memory_limit 999997440
hierarchical_memsw_limit 9223372036854771712
total_cache 741376000
total_rss 258408448
total_rss_huge 0
total_mapped_file 10711040
total_writeback 0
total_swap 0
total_pgpgin 936089
total_pgpgout 692001
total_pgfault 253204
total_pgmajfault 600
total_inactive_anon 129994752
total_active_anon 128483328
total_inactive_file 370724864
total_active_file 370577408
total_unevictable 4096
--------------------BLKIO-----------------------
11:0 Read 0
11:0 Write 0
11:0 Sync 0
11:0 Async 0
11:0 Total 0
253:0 Read 2047303680
253:0 Write 4562944
253:0 Sync 200704
253:0 Async 2051665920
253:0 Total 2051866624
Total 2051866624
--------------------CPUAC-----------------------
user 1585
system 1295
--------------------MEMCG-----------------------
MEM ONLY  : 953 MB
MEM+SWAP  : 953 MB
cache 741347328
rss 258412544
rss_huge 0
mapped_file 10711040
writeback 0
swap 0
pgpgin 963006
pgpgout 718924
pgfault 253265
pgmajfault 600
inactive_anon 129994752
active_anon 128487424
inactive_file 370696192
active_file 370569216
unevictable 4096
hierarchical_memory_limit 999997440
hierarchical_memsw_limit 9223372036854771712
total_cache 741347328
total_rss 258412544
total_rss_huge 0
total_mapped_file 10711040
total_writeback 0
total_swap 0
total_pgpgin 963006
total_pgpgout 718924
total_pgfault 253265
total_pgmajfault 600
total_inactive_anon 129994752
total_active_anon 128487424
total_inactive_file 370696192
total_active_file 370569216
total_unevictable 4096
--------------------BLKIO-----------------------
11:0 Read 0
11:0 Write 0
11:0 Sync 0
11:0 Async 0
11:0 Total 0
253:0 Read 2074681344
253:0 Write 4595712
253:0 Sync 200704
253:0 Async 2079076352
253:0 Total 2079277056
Total 2079277056
--------------------CPUAC-----------------------
user 1626
system 1328
--------------------MEMCG-----------------------
MEM ONLY  : 953 MB
MEM+SWAP  : 953 MB
cache 741392384
rss 258412544
rss_huge 0
mapped_file 10711040
writeback 0
swap 0
pgpgin 990765
pgpgout 746672
pgfault 253325
pgmajfault 600
inactive_anon 129994752
active_anon 128487424
inactive_file 370782208
active_file 370487296
unevictable 4096
hierarchical_memory_limit 999997440
hierarchical_memsw_limit 9223372036854771712
total_cache 741392384
total_rss 258412544
total_rss_huge 0
total_mapped_file 10711040
total_writeback 0
total_swap 0
total_pgpgin 990765
total_pgpgout 746672
total_pgfault 253325
total_pgmajfault 600
total_inactive_anon 129994752
total_active_anon 128487424
total_inactive_file 370782208
total_active_file 370487296
total_unevictable 4096
--------------------BLKIO-----------------------
11:0 Read 0
11:0 Write 0
11:0 Sync 0
11:0 Async 0
11:0 Total 0
253:0 Read 2101563392
253:0 Write 4632576
253:0 Sync 200704
253:0 Async 2105995264
253:0 Total 2106195968
Total 2106195968
--------------------CPUAC-----------------------
user 1667
system 1361
--------------------MEMCG-----------------------
MEM ONLY  : 953 MB
MEM+SWAP  : 953 MB
cache 741462016
rss 258404352
rss_huge 0
mapped_file 10711040
writeback 0
swap 0
pgpgin 1019915
pgpgout 775807
pgfault 253385
pgmajfault 600
inactive_anon 129986560
active_anon 128487424
inactive_file 370827264
active_file 370561024
unevictable 4096
hierarchical_memory_limit 999997440
hierarchical_memsw_limit 9223372036854771712
total_cache 741462016
total_rss 258404352
total_rss_huge 0
total_mapped_file 10711040
total_writeback 0
total_swap 0
total_pgpgin 1019915
total_pgpgout 775807
total_pgfault 253385
total_pgmajfault 600
total_inactive_anon 129986560
total_active_anon 128487424
total_inactive_file 370827264
total_active_file 370561024
total_unevictable 4096
--------------------BLKIO-----------------------
11:0 Read 0
11:0 Write 0
11:0 Sync 0
11:0 Async 0
11:0 Total 0
253:0 Read 2128441344
253:0 Write 4673536
253:0 Sync 200704
253:0 Async 2132914176
253:0 Total 2133114880
Total 2133114880
--------------------CPUAC-----------------------
user 1710
system 1401
--------------------MEMCG-----------------------
MEM ONLY  : 953 MB
MEM+SWAP  : 953 MB
cache 741732352
rss 258105344
rss_huge 0
mapped_file 8007680
writeback 0
swap 0
pgpgin 1049855
pgpgout 805754
pgfault 253509
pgmajfault 600
inactive_anon 129843200
active_anon 128331776
inactive_file 370888704
active_file 370749440
unevictable 4096
hierarchical_memory_limit 999997440
hierarchical_memsw_limit 9223372036854771712
total_cache 741732352
total_rss 258105344
total_rss_huge 0
total_mapped_file 8007680
total_writeback 0
total_swap 0
total_pgpgin 1049855
total_pgpgout 805754
total_pgfault 253509
total_pgmajfault 600
total_inactive_anon 129843200
total_active_anon 128331776
total_inactive_file 370888704
total_active_file 370749440
total_unevictable 4096
--------------------BLKIO-----------------------
11:0 Read 0
11:0 Write 0
11:0 Sync 0
11:0 Async 0
11:0 Total 0
253:0 Read 2156232704
253:0 Write 4718592
253:0 Sync 200704
253:0 Async 2160750592
253:0 Total 2160951296
Total 2160951296
--------------------CPUAC-----------------------
user 1757
system 1438
--------------------MEMCG-----------------------
MEM ONLY  : 953 MB
MEM+SWAP  : 953 MB
cache 741801984
rss 258129920
rss_huge 0
mapped_file 7086080
writeback 0
swap 0
pgpgin 1079875
pgpgout 835751
pgfault 253681
pgmajfault 600
inactive_anon 129843200
active_anon 128356352
inactive_file 370896896
active_file 370831360
unevictable 4096
hierarchical_memory_limit 999997440
hierarchical_memsw_limit 9223372036854771712
total_cache 741801984
total_rss 258129920
total_rss_huge 0
total_mapped_file 7086080
total_writeback 0
total_swap 0
total_pgpgin 1079875
total_pgpgout 835751
total_pgfault 253681
total_pgmajfault 600
total_inactive_anon 129843200
total_active_anon 128356352
total_inactive_file 370896896
total_active_file 370831360
total_unevictable 4096
--------------------BLKIO-----------------------
11:0 Read 0
11:0 Write 0
11:0 Sync 0
11:0 Async 0
11:0 Total 0
253:0 Read 2184572928
253:0 Write 4767744
253:0 Sync 200704
253:0 Async 2189139968
253:0 Total 2189340672
Total 2189340672
--------------------CPUAC-----------------------
user 1804
system 1481
--------------------MEMCG-----------------------
MEM ONLY  : 953 MB
MEM+SWAP  : 953 MB
cache 742141952
rss 257630208
rss_huge 0
mapped_file 7081984
writeback 0
swap 0
pgpgin 1109065
pgpgout 864980
pgfault 253748
pgmajfault 600
inactive_anon 129843200
active_anon 127856640
inactive_file 371064832
active_file 370982912
unevictable 4096
hierarchical_memory_limit 999997440
hierarchical_memsw_limit 9223372036854771712
total_cache 742141952
total_rss 257630208
total_rss_huge 0
total_mapped_file 7081984
total_writeback 0
total_swap 0
total_pgpgin 1109065
total_pgpgout 864980
total_pgfault 253748
total_pgmajfault 600
total_inactive_anon 129843200
total_active_anon 127856640
total_inactive_file 371064832
total_active_file 370982912
total_unevictable 4096
--------------------BLKIO-----------------------
11:0 Read 0
11:0 Write 0
11:0 Sync 0
11:0 Async 0
11:0 Total 0
253:0 Read 2213040128
253:0 Write 4816896
253:0 Sync 200704
253:0 Async 2217656320
253:0 Total 2217857024
Total 2217857024
--------------------CPUAC-----------------------
user 1840
system 1519
--------------------MEMCG-----------------------
MEM ONLY  : 953 MB
MEM+SWAP  : 953 MB
cache 742903808
rss 256913408
rss_huge 0
mapped_file 7081984
writeback 0
swap 0
pgpgin 1139947
pgpgout 895851
pgfault 253808
pgmajfault 600
inactive_anon 129441792
active_anon 127541248
inactive_file 371466240
active_file 371306496
unevictable 4096
hierarchical_memory_limit 999997440
hierarchical_memsw_limit 9223372036854771712
total_cache 742903808
total_rss 256913408
total_rss_huge 0
total_mapped_file 7081984
total_writeback 0
total_swap 0
total_pgpgin 1139947
total_pgpgout 895851
total_pgfault 253808
total_pgmajfault 600
total_inactive_anon 129441792
total_active_anon 127541248
total_inactive_file 371466240
total_active_file 371306496
total_unevictable 4096
--------------------BLKIO-----------------------
11:0 Read 0
11:0 Write 0
11:0 Sync 0
11:0 Async 0
11:0 Total 0
253:0 Read 2241404928
253:0 Write 4874240
253:0 Sync 200704
253:0 Async 2246078464
253:0 Total 2246279168
Total 2246279168
--------------------CPUAC-----------------------
user 1891
system 1554
