--------------------MEMCG-----------------------
MEM ONLY  : 953 MB
MEM+SWAP  : 953 MB
cache 906555392
rss 93126656
rss_huge 0
mapped_file 45064192
writeback 0
swap 0
pgpgin 26613303
pgpgout 26369240
pgfault 5775269
pgmajfault 411
inactive_anon 46788608
active_anon 46411776
inactive_file 453386240
active_file 453095424
unevictable 0
hierarchical_memory_limit 999997440
hierarchical_memsw_limit 9223372036854771712
total_cache 906555392
total_rss 93126656
total_rss_huge 0
total_mapped_file 45064192
total_writeback 0
total_swap 0
total_pgpgin 26613303
total_pgpgout 26369240
total_pgfault 5775269
total_pgmajfault 411
total_inactive_anon 46788608
total_active_anon 46411776
total_inactive_file 453386240
total_active_file 453095424
total_unevictable 0
--------------------BLKIO-----------------------
11:0 Read 0
11:0 Write 0
11:0 Sync 0
11:0 Async 0
11:0 Total 0
253:0 Read 3251904512
253:0 Write 229376
253:0 Sync 0
253:0 Async 3252133888
253:0 Total 3252133888
Total 3252133888
--------------------CPUAC-----------------------
user 3276
system 35591
--------------------MEMCG-----------------------
MEM ONLY  : 953 MB
MEM+SWAP  : 953 MB
cache 906829824
rss 93126656
rss_huge 0
mapped_file 45064192
writeback 0
swap 0
pgpgin 26661814
pgpgout 26417684
pgfault 5785107
pgmajfault 411
inactive_anon 46788608
active_anon 46411776
inactive_file 453603328
active_file 453152768
unevictable 0
hierarchical_memory_limit 999997440
hierarchical_memsw_limit 9223372036854771712
total_cache 906829824
total_rss 93126656
total_rss_huge 0
total_mapped_file 45064192
total_writeback 0
total_swap 0
total_pgpgin 26661814
total_pgpgout 26417684
total_pgfault 5785107
total_pgmajfault 411
total_inactive_anon 46788608
total_active_anon 46411776
total_inactive_file 453603328
total_active_file 453152768
total_unevictable 0
--------------------BLKIO-----------------------
11:0 Read 0
11:0 Write 0
11:0 Sync 0
11:0 Async 0
11:0 Total 0
253:0 Read 3281543168
253:0 Write 229376
253:0 Sync 0
253:0 Async 3281772544
253:0 Total 3281772544
Total 3281772544
--------------------CPUAC-----------------------
user 3279
system 35625
--------------------MEMCG-----------------------
MEM ONLY  : 953 MB
MEM+SWAP  : 953 MB
cache 906735616
rss 93126656
rss_huge 0
mapped_file 45064192
writeback 0
swap 0
pgpgin 26701717
pgpgout 26457610
pgfault 5794247
pgmajfault 411
inactive_anon 46788608
active_anon 46411776
inactive_file 452976640
active_file 453685248
unevictable 0
hierarchical_memory_limit 999997440
hierarchical_memsw_limit 9223372036854771712
total_cache 906735616
total_rss 93126656
total_rss_huge 0
total_mapped_file 45064192
total_writeback 0
total_swap 0
total_pgpgin 26701717
total_pgpgout 26457610
total_pgfault 5794247
total_pgmajfault 411
total_inactive_anon 46788608
total_active_anon 46411776
total_inactive_file 452976640
total_active_file 453685248
total_unevictable 0
--------------------BLKIO-----------------------
11:0 Read 0
11:0 Write 0
11:0 Sync 0
11:0 Async 0
11:0 Total 0
253:0 Read 3306790912
253:0 Write 229376
253:0 Sync 0
253:0 Async 3307020288
253:0 Total 3307020288
Total 3307020288
--------------------CPUAC-----------------------
user 3283
system 35654
--------------------MEMCG-----------------------
MEM ONLY  : 953 MB
MEM+SWAP  : 953 MB
cache 906706944
rss 93126656
rss_huge 0
mapped_file 45064192
writeback 0
swap 0
pgpgin 26733778
pgpgout 26489678
pgfault 5802110
pgmajfault 411
inactive_anon 46788608
active_anon 46411776
inactive_file 453378048
active_file 453255168
unevictable 0
hierarchical_memory_limit 999997440
hierarchical_memsw_limit 9223372036854771712
total_cache 906706944
total_rss 93126656
total_rss_huge 0
total_mapped_file 45064192
total_writeback 0
total_swap 0
total_pgpgin 26733778
total_pgpgout 26489678
total_pgfault 5802110
total_pgmajfault 411
total_inactive_anon 46788608
total_active_anon 46411776
total_inactive_file 453378048
total_active_file 453255168
total_unevictable 0
--------------------BLKIO-----------------------
11:0 Read 0
11:0 Write 0
11:0 Sync 0
11:0 Async 0
11:0 Total 0
253:0 Read 3327266816
253:0 Write 229376
253:0 Sync 0
253:0 Async 3327496192
253:0 Total 3327496192
Total 3327496192
--------------------CPUAC-----------------------
user 3289
system 35679
--------------------MEMCG-----------------------
MEM ONLY  : 953 MB
MEM+SWAP  : 953 MB
cache 906600448
rss 93126656
rss_huge 0
mapped_file 45064192
writeback 0
swap 0
pgpgin 26773454
pgpgout 26529380
pgfault 5811183
pgmajfault 411
inactive_anon 46788608
active_anon 46411776
inactive_file 453550080
active_file 452976640
unevictable 0
hierarchical_memory_limit 999997440
hierarchical_memsw_limit 9223372036854771712
total_cache 906600448
total_rss 93126656
total_rss_huge 0
total_mapped_file 45064192
total_writeback 0
total_swap 0
total_pgpgin 26773454
total_pgpgout 26529380
total_pgfault 5811183
total_pgmajfault 411
total_inactive_anon 46788608
total_active_anon 46411776
total_inactive_file 453550080
total_active_file 452976640
total_unevictable 0
--------------------BLKIO-----------------------
11:0 Read 0
11:0 Write 0
11:0 Sync 0
11:0 Async 0
11:0 Total 0
253:0 Read 3355594752
253:0 Write 229376
253:0 Sync 0
253:0 Async 3355824128
253:0 Total 3355824128
Total 3355824128
--------------------CPUAC-----------------------
user 3292
system 35709
--------------------MEMCG-----------------------
MEM ONLY  : 953 MB
MEM+SWAP  : 953 MB
cache 906870784
rss 93126656
rss_huge 0
mapped_file 39862272
writeback 0
swap 0
pgpgin 26814867
pgpgout 26570727
pgfault 5819796
pgmajfault 411
inactive_anon 46788608
active_anon 46411776
inactive_file 453632000
active_file 453132288
unevictable 0
hierarchical_memory_limit 999997440
hierarchical_memsw_limit 9223372036854771712
total_cache 906870784
total_rss 93126656
total_rss_huge 0
total_mapped_file 39862272
total_writeback 0
total_swap 0
total_pgpgin 26814867
total_pgpgout 26570727
total_pgfault 5819796
total_pgmajfault 411
total_inactive_anon 46788608
total_active_anon 46411776
total_inactive_file 453632000
total_active_file 453132288
total_unevictable 0
--------------------BLKIO-----------------------
11:0 Read 0
11:0 Write 0
11:0 Sync 0
11:0 Async 0
11:0 Total 0
253:0 Read 3385499648
253:0 Write 229376
253:0 Sync 0
253:0 Async 3385729024
253:0 Total 3385729024
Total 3385729024
--------------------CPUAC-----------------------
user 3295
system 35743
--------------------MEMCG-----------------------
MEM ONLY  : 953 MB
MEM+SWAP  : 953 MB
cache 906854400
rss 93126656
rss_huge 0
mapped_file 11251712
writeback 0
swap 0
pgpgin 26849589
pgpgout 26605453
pgfault 5827905
pgmajfault 411
inactive_anon 46788608
active_anon 46411776
inactive_file 453308416
active_file 453455872
unevictable 0
hierarchical_memory_limit 999997440
hierarchical_memsw_limit 9223372036854771712
total_cache 906854400
total_rss 93126656
total_rss_huge 0
total_mapped_file 11251712
total_writeback 0
total_swap 0
total_pgpgin 26849589
total_pgpgout 26605453
total_pgfault 5827905
total_pgmajfault 411
total_inactive_anon 46788608
total_active_anon 46411776
total_inactive_file 453308416
total_active_file 453455872
total_unevictable 0
--------------------BLKIO-----------------------
11:0 Read 0
11:0 Write 0
11:0 Sync 0
11:0 Async 0
11:0 Total 0
253:0 Read 3409788928
253:0 Write 229376
253:0 Sync 0
253:0 Async 3410018304
253:0 Total 3410018304
Total 3410018304
--------------------CPUAC-----------------------
user 3297
system 35768
--------------------MEMCG-----------------------
MEM ONLY  : 953 MB
MEM+SWAP  : 953 MB
cache 906792960
rss 93126656
rss_huge 0
mapped_file 11251712
writeback 0
swap 0
pgpgin 26893985
pgpgout 26649864
pgfault 5837125
pgmajfault 411
inactive_anon 46788608
active_anon 46411776
inactive_file 453390336
active_file 453328896
unevictable 0
hierarchical_memory_limit 999997440
hierarchical_memsw_limit 9223372036854771712
total_cache 906792960
total_rss 93126656
total_rss_huge 0
total_mapped_file 11251712
total_writeback 0
total_swap 0
total_pgpgin 26893985
total_pgpgout 26649864
total_pgfault 5837125
total_pgmajfault 411
total_inactive_anon 46788608
total_active_anon 46411776
total_inactive_file 453390336
total_active_file 453328896
total_unevictable 0
--------------------BLKIO-----------------------
11:0 Read 0
11:0 Write 0
11:0 Sync 0
11:0 Async 0
11:0 Total 0
253:0 Read 3440640000
253:0 Write 229376
253:0 Sync 0
253:0 Async 3440869376
253:0 Total 3440869376
Total 3440869376
--------------------CPUAC-----------------------
user 3302
system 35797
--------------------MEMCG-----------------------
MEM ONLY  : 953 MB
MEM+SWAP  : 953 MB
cache 906842112
rss 93126656
rss_huge 0
mapped_file 11251712
writeback 0
swap 0
pgpgin 26997809
pgpgout 26753676
pgfault 5859597
pgmajfault 411
inactive_anon 46788608
active_anon 46411776
inactive_file 453582848
active_file 453148672
unevictable 0
hierarchical_memory_limit 999997440
hierarchical_memsw_limit 9223372036854771712
total_cache 906842112
total_rss 93126656
total_rss_huge 0
total_mapped_file 11251712
total_writeback 0
total_swap 0
total_pgpgin 26997809
total_pgpgout 26753676
total_pgfault 5859597
total_pgmajfault 411
total_inactive_anon 46788608
total_active_anon 46411776
total_inactive_file 453582848
total_active_file 453148672
total_unevictable 0
--------------------BLKIO-----------------------
11:0 Read 0
11:0 Write 0
11:0 Sync 0
11:0 Async 0
11:0 Total 0
253:0 Read 3503357952
253:0 Write 229376
253:0 Sync 0
253:0 Async 3503587328
253:0 Total 3503587328
Total 3503587328
--------------------CPUAC-----------------------
user 3310
system 35878
--------------------MEMCG-----------------------
MEM ONLY  : 953 MB
MEM+SWAP  : 953 MB
cache 906702848
rss 93126656
rss_huge 0
mapped_file 6332416
writeback 0
swap 0
pgpgin 27280096
pgpgout 27035997
pgfault 5917985
pgmajfault 411
inactive_anon 46788608
active_anon 46411776
inactive_file 453611520
active_file 453017600
unevictable 0
hierarchical_memory_limit 999997440
hierarchical_memsw_limit 9223372036854771712
total_cache 906702848
total_rss 93126656
total_rss_huge 0
total_mapped_file 6332416
total_writeback 0
total_swap 0
total_pgpgin 27280096
total_pgpgout 27035997
total_pgfault 5917985
total_pgmajfault 411
total_inactive_anon 46788608
total_active_anon 46411776
total_inactive_file 453611520
total_active_file 453017600
total_unevictable 0
--------------------BLKIO-----------------------
11:0 Read 0
11:0 Write 0
11:0 Sync 0
11:0 Async 0
11:0 Total 0
253:0 Read 3677667328
253:0 Write 229376
253:0 Sync 0
253:0 Async 3677896704
253:0 Total 3677896704
Total 3677896704
--------------------CPUAC-----------------------
user 3341
system 36076
--------------------MEMCG-----------------------
MEM ONLY  : 953 MB
MEM+SWAP  : 953 MB
cache 906690560
rss 93126656
rss_huge 0
mapped_file 3325952
writeback 0
swap 0
pgpgin 27583837
pgpgout 27339741
pgfault 5980974
pgmajfault 411
inactive_anon 46788608
active_anon 46411776
inactive_file 453402624
active_file 453201920
unevictable 0
hierarchical_memory_limit 999997440
hierarchical_memsw_limit 9223372036854771712
total_cache 906690560
total_rss 93126656
total_rss_huge 0
total_mapped_file 3325952
total_writeback 0
total_swap 0
total_pgpgin 27583837
total_pgpgout 27339741
total_pgfault 5980974
total_pgmajfault 411
total_inactive_anon 46788608
total_active_anon 46411776
total_inactive_file 453402624
total_active_file 453201920
total_unevictable 0
--------------------BLKIO-----------------------
11:0 Read 0
11:0 Write 0
11:0 Sync 0
11:0 Async 0
11:0 Total 0
253:0 Read 3879149568
253:0 Write 229376
253:0 Sync 0
253:0 Async 3879378944
253:0 Total 3879378944
Total 3879378944
--------------------CPUAC-----------------------
user 3372
system 36318
--------------------MEMCG-----------------------
MEM ONLY  : 953 MB
MEM+SWAP  : 953 MB
cache 906850304
rss 93126656
rss_huge 0
mapped_file 3477504
writeback 0
swap 0
pgpgin 27832922
pgpgout 27588787
pgfault 6035210
pgmajfault 417
inactive_anon 46788608
active_anon 46411776
inactive_file 453652480
active_file 453124096
unevictable 0
hierarchical_memory_limit 999997440
hierarchical_memsw_limit 9223372036854771712
total_cache 906850304
total_rss 93126656
total_rss_huge 0
total_mapped_file 3477504
total_writeback 0
total_swap 0
total_pgpgin 27832922
total_pgpgout 27588787
total_pgfault 6035210
total_pgmajfault 417
total_inactive_anon 46788608
total_active_anon 46411776
total_inactive_file 453652480
total_active_file 453124096
total_unevictable 0
--------------------BLKIO-----------------------
11:0 Read 0
11:0 Write 0
11:0 Sync 0
11:0 Async 0
11:0 Total 0
253:0 Read 4044218368
253:0 Write 229376
253:0 Sync 0
253:0 Async 4044447744
253:0 Total 4044447744
Total 4044447744
--------------------CPUAC-----------------------
user 3393
system 36507
--------------------MEMCG-----------------------
MEM ONLY  : 953 MB
MEM+SWAP  : 953 MB
cache 906801152
rss 93126656
rss_huge 0
mapped_file 3457024
writeback 0
swap 0
pgpgin 28143823
pgpgout 27899700
pgfault 6099918
pgmajfault 417
inactive_anon 46788608
active_anon 46411776
inactive_file 453353472
active_file 453373952
unevictable 0
hierarchical_memory_limit 999997440
hierarchical_memsw_limit 9223372036854771712
total_cache 906801152
total_rss 93126656
total_rss_huge 0
total_mapped_file 3457024
total_writeback 0
total_swap 0
total_pgpgin 28143823
total_pgpgout 27899700
total_pgfault 6099918
total_pgmajfault 417
total_inactive_anon 46788608
total_active_anon 46411776
total_inactive_file 453353472
total_active_file 453373952
total_unevictable 0
--------------------BLKIO-----------------------
11:0 Read 0
11:0 Write 0
11:0 Sync 0
11:0 Async 0
11:0 Total 0
253:0 Read 4239527936
253:0 Write 229376
253:0 Sync 0
253:0 Async 4239757312
253:0 Total 4239757312
Total 4239757312
--------------------CPUAC-----------------------
user 3424
system 36755
--------------------MEMCG-----------------------
MEM ONLY  : 953 MB
MEM+SWAP  : 953 MB
cache 906735616
rss 93126656
rss_huge 0
mapped_file 3325952
writeback 0
swap 0
pgpgin 28415213
pgpgout 28171106
pgfault 6156352
pgmajfault 417
inactive_anon 46788608
active_anon 46411776
inactive_file 453525504
active_file 453136384
unevictable 0
hierarchical_memory_limit 999997440
hierarchical_memsw_limit 9223372036854771712
total_cache 906735616
total_rss 93126656
total_rss_huge 0
total_mapped_file 3325952
total_writeback 0
total_swap 0
total_pgpgin 28415213
total_pgpgout 28171106
total_pgfault 6156352
total_pgmajfault 417
total_inactive_anon 46788608
total_active_anon 46411776
total_inactive_file 453525504
total_active_file 453136384
total_unevictable 0
--------------------BLKIO-----------------------
11:0 Read 0
11:0 Write 0
11:0 Sync 0
11:0 Async 0
11:0 Total 0
253:0 Read 4410159104
253:0 Write 229376
253:0 Sync 0
253:0 Async 4410388480
253:0 Total 4410388480
Total 4410388480
--------------------CPUAC-----------------------
user 3448
system 36970
--------------------MEMCG-----------------------
MEM ONLY  : 953 MB
MEM+SWAP  : 953 MB
cache 906616832
rss 93126656
rss_huge 0
mapped_file 3477504
writeback 0
swap 0
pgpgin 28666790
pgpgout 28422712
pgfault 6209761
pgmajfault 423
inactive_anon 46788608
active_anon 46411776
inactive_file 453492736
active_file 453050368
unevictable 0
hierarchical_memory_limit 999997440
hierarchical_memsw_limit 9223372036854771712
total_cache 906616832
total_rss 93130752
total_rss_huge 0
total_mapped_file 3477504
total_writeback 0
total_swap 0
total_pgpgin 28666791
total_pgpgout 28422713
total_pgfault 6209762
total_pgmajfault 423
total_inactive_anon 46788608
total_active_anon 46411776
total_inactive_file 453492736
total_active_file 453050368
total_unevictable 0
--------------------BLKIO-----------------------
11:0 Read 0
11:0 Write 0
11:0 Sync 0
11:0 Async 0
11:0 Total 0
253:0 Read 4574277632
253:0 Write 229376
253:0 Sync 0
253:0 Async 4574507008
253:0 Total 4574507008
Total 4574507008
--------------------CPUAC-----------------------
user 3467
system 37153
--------------------MEMCG-----------------------
MEM ONLY  : 953 MB
MEM+SWAP  : 953 MB
cache 906702848
rss 93130752
rss_huge 0
mapped_file 3477504
writeback 0
swap 0
pgpgin 29006902
pgpgout 28762803
pgfault 6279729
pgmajfault 423
inactive_anon 46788608
active_anon 46411776
inactive_file 453464064
active_file 453165056
unevictable 0
hierarchical_memory_limit 999997440
hierarchical_memsw_limit 9223372036854771712
total_cache 906702848
total_rss 93126656
total_rss_huge 0
total_mapped_file 3477504
total_writeback 0
total_swap 0
total_pgpgin 29006902
total_pgpgout 28762803
total_pgfault 6279729
total_pgmajfault 423
total_inactive_anon 46788608
total_active_anon 46411776
total_inactive_file 453464064
total_active_file 453165056
total_unevictable 0
--------------------BLKIO-----------------------
11:0 Read 0
11:0 Write 0
11:0 Sync 0
11:0 Async 0
11:0 Total 0
253:0 Read 4786839552
253:0 Write 229376
253:0 Sync 0
253:0 Async 4787068928
253:0 Total 4787068928
Total 4787068928
--------------------CPUAC-----------------------
user 3489
system 37420
--------------------MEMCG-----------------------
MEM ONLY  : 953 MB
MEM+SWAP  : 953 MB
cache 906715136
rss 93126656
rss_huge 0
mapped_file 3325952
writeback 0
swap 0
pgpgin 29313573
pgpgout 29069471
pgfault 6344384
pgmajfault 423
inactive_anon 46788608
active_anon 46411776
inactive_file 453562368
active_file 453079040
unevictable 0
hierarchical_memory_limit 999997440
hierarchical_memsw_limit 9223372036854771712
total_cache 906715136
total_rss 93126656
total_rss_huge 0
total_mapped_file 3325952
total_writeback 0
total_swap 0
total_pgpgin 29313573
total_pgpgout 29069471
total_pgfault 6344384
total_pgmajfault 423
total_inactive_anon 46788608
total_active_anon 46411776
total_inactive_file 453562368
total_active_file 453079040
total_unevictable 0
--------------------BLKIO-----------------------
11:0 Read 0
11:0 Write 0
11:0 Sync 0
11:0 Async 0
11:0 Total 0
253:0 Read 4984901632
253:0 Write 229376
253:0 Sync 0
253:0 Async 4985131008
253:0 Total 4985131008
Total 4985131008
--------------------CPUAC-----------------------
user 3524
system 37647
--------------------MEMCG-----------------------
MEM ONLY  : 953 MB
MEM+SWAP  : 953 MB
cache 906809344
rss 93126656
rss_huge 0
mapped_file 3477504
writeback 0
swap 0
pgpgin 29636282
pgpgout 29392157
pgfault 6411357
pgmajfault 429
inactive_anon 46788608
active_anon 46411776
inactive_file 453234688
active_file 453500928
unevictable 0
hierarchical_memory_limit 999997440
hierarchical_memsw_limit 9223372036854771712
total_cache 906809344
total_rss 93126656
total_rss_huge 0
total_mapped_file 3477504
total_writeback 0
total_swap 0
total_pgpgin 29636282
total_pgpgout 29392157
total_pgfault 6411357
total_pgmajfault 429
total_inactive_anon 46788608
total_active_anon 46411776
total_inactive_file 453234688
total_active_file 453500928
total_unevictable 0
--------------------BLKIO-----------------------
11:0 Read 0
11:0 Write 0
11:0 Sync 0
11:0 Async 0
11:0 Total 0
253:0 Read 5190807552
253:0 Write 229376
253:0 Sync 0
253:0 Async 5191036928
253:0 Total 5191036928
Total 5191036928
--------------------CPUAC-----------------------
user 3555
system 37881
--------------------MEMCG-----------------------
MEM ONLY  : 953 MB
MEM+SWAP  : 953 MB
cache 906678272
rss 93126656
rss_huge 0
mapped_file 3477504
writeback 0
swap 0
pgpgin 29925781
pgpgout 29681688
pgfault 6471888
pgmajfault 429
inactive_anon 46788608
active_anon 46411776
inactive_file 453484544
active_file 453095424
unevictable 0
hierarchical_memory_limit 999997440
hierarchical_memsw_limit 9223372036854771712
total_cache 906678272
total_rss 93126656
total_rss_huge 0
total_mapped_file 3477504
total_writeback 0
total_swap 0
total_pgpgin 29925781
total_pgpgout 29681688
total_pgfault 6471888
total_pgmajfault 429
total_inactive_anon 46788608
total_active_anon 46411776
total_inactive_file 453484544
total_active_file 453095424
total_unevictable 0
--------------------BLKIO-----------------------
11:0 Read 0
11:0 Write 0
11:0 Sync 0
11:0 Async 0
11:0 Total 0
253:0 Read 5383028736
253:0 Write 229376
253:0 Sync 0
253:0 Async 5383258112
253:0 Total 5383258112
Total 5383258112
--------------------CPUAC-----------------------
user 3586
system 38092
--------------------MEMCG-----------------------
MEM ONLY  : 953 MB
MEM+SWAP  : 953 MB
cache 906637312
rss 93126656
rss_huge 0
mapped_file 3325952
writeback 0
swap 0
pgpgin 30247897
pgpgout 30003814
pgfault 6538407
pgmajfault 429
inactive_anon 46788608
active_anon 46411776
inactive_file 453312512
active_file 453251072
unevictable 0
hierarchical_memory_limit 999997440
hierarchical_memsw_limit 9223372036854771712
total_cache 906637312
total_rss 93126656
total_rss_huge 0
total_mapped_file 3325952
total_writeback 0
total_swap 0
total_pgpgin 30247897
total_pgpgout 30003814
total_pgfault 6538407
total_pgmajfault 429
total_inactive_anon 46788608
total_active_anon 46411776
total_inactive_file 453312512
total_active_file 453251072
total_unevictable 0
--------------------BLKIO-----------------------
11:0 Read 0
11:0 Write 0
11:0 Sync 0
11:0 Async 0
11:0 Total 0
253:0 Read 5585092608
253:0 Write 229376
253:0 Sync 0
253:0 Async 5585321984
253:0 Total 5585321984
Total 5585321984
--------------------CPUAC-----------------------
user 3611
system 38331
--------------------MEMCG-----------------------
MEM ONLY  : 871 MB
MEM+SWAP  : 871 MB
cache 906424320
rss 7204864
rss_huge 0
mapped_file 2179072
writeback 0
swap 0
pgpgin 30265180
pgpgout 30042126
pgfault 6542338
pgmajfault 508
inactive_anon 7213056
active_anon 61440
inactive_file 454934528
active_file 451420160
unevictable 0
hierarchical_memory_limit 999997440
hierarchical_memsw_limit 9223372036854771712
total_cache 906424320
total_rss 7204864
total_rss_huge 0
total_mapped_file 2179072
total_writeback 0
total_swap 0
total_pgpgin 30265180
total_pgpgout 30042126
total_pgfault 6542338
total_pgmajfault 508
total_inactive_anon 7213056
total_active_anon 61440
total_inactive_file 454934528
total_active_file 451420160
total_unevictable 0
--------------------BLKIO-----------------------
11:0 Read 0
11:0 Write 0
11:0 Sync 0
11:0 Async 0
11:0 Total 0
253:0 Read 5599526912
253:0 Write 229376
253:0 Sync 0
253:0 Async 5599756288
253:0 Total 5599756288
Total 5599756288
--------------------CPUAC-----------------------
user 3612
system 38346
--------------------MEMCG-----------------------
MEM ONLY  : 871 MB
MEM+SWAP  : 871 MB
cache 906424320
rss 7204864
rss_huge 0
mapped_file 2179072
writeback 0
swap 0
pgpgin 30265180
pgpgout 30042126
pgfault 6542338
pgmajfault 508
inactive_anon 7213056
active_anon 61440
inactive_file 454934528
active_file 451420160
unevictable 0
hierarchical_memory_limit 999997440
hierarchical_memsw_limit 9223372036854771712
total_cache 906424320
total_rss 7204864
total_rss_huge 0
total_mapped_file 2179072
total_writeback 0
total_swap 0
total_pgpgin 30265180
total_pgpgout 30042126
total_pgfault 6542338
total_pgmajfault 508
total_inactive_anon 7213056
total_active_anon 61440
total_inactive_file 454934528
total_active_file 451420160
total_unevictable 0
--------------------BLKIO-----------------------
11:0 Read 0
11:0 Write 0
11:0 Sync 0
11:0 Async 0
11:0 Total 0
253:0 Read 5599526912
253:0 Write 229376
253:0 Sync 0
253:0 Async 5599756288
253:0 Total 5599756288
Total 5599756288
--------------------CPUAC-----------------------
user 3612
system 38346
--------------------MEMCG-----------------------
MEM ONLY  : 871 MB
MEM+SWAP  : 871 MB
cache 906424320
rss 7204864
rss_huge 0
mapped_file 2179072
writeback 0
swap 0
pgpgin 30265180
pgpgout 30042126
pgfault 6542338
pgmajfault 508
inactive_anon 7213056
active_anon 61440
inactive_file 454934528
active_file 451420160
unevictable 0
hierarchical_memory_limit 999997440
hierarchical_memsw_limit 9223372036854771712
total_cache 906424320
total_rss 7204864
total_rss_huge 0
total_mapped_file 2179072
total_writeback 0
total_swap 0
total_pgpgin 30265180
total_pgpgout 30042126
total_pgfault 6542338
total_pgmajfault 508
total_inactive_anon 7213056
total_active_anon 61440
total_inactive_file 454934528
total_active_file 451420160
total_unevictable 0
--------------------BLKIO-----------------------
11:0 Read 0
11:0 Write 0
11:0 Sync 0
11:0 Async 0
11:0 Total 0
253:0 Read 5599526912
253:0 Write 229376
253:0 Sync 0
253:0 Async 5599756288
253:0 Total 5599756288
Total 5599756288
--------------------CPUAC-----------------------
user 3612
system 38346
--------------------MEMCG-----------------------
MEM ONLY  : 871 MB
MEM+SWAP  : 871 MB
cache 906424320
rss 7204864
rss_huge 0
mapped_file 2179072
writeback 0
swap 0
pgpgin 30265180
pgpgout 30042126
pgfault 6542338
pgmajfault 508
inactive_anon 7213056
active_anon 61440
inactive_file 454934528
active_file 451420160
unevictable 0
hierarchical_memory_limit 999997440
hierarchical_memsw_limit 9223372036854771712
total_cache 906424320
total_rss 7204864
total_rss_huge 0
total_mapped_file 2179072
total_writeback 0
total_swap 0
total_pgpgin 30265180
total_pgpgout 30042126
total_pgfault 6542338
total_pgmajfault 508
total_inactive_anon 7213056
total_active_anon 61440
total_inactive_file 454934528
total_active_file 451420160
total_unevictable 0
--------------------BLKIO-----------------------
11:0 Read 0
11:0 Write 0
11:0 Sync 0
11:0 Async 0
11:0 Total 0
253:0 Read 5599526912
253:0 Write 229376
253:0 Sync 0
253:0 Async 5599756288
253:0 Total 5599756288
Total 5599756288
--------------------CPUAC-----------------------
user 3612
system 38346
--------------------MEMCG-----------------------
MEM ONLY  : 873 MB
MEM+SWAP  : 873 MB
cache 909238272
rss 7204864
rss_huge 0
mapped_file 3186688
writeback 0
swap 0
pgpgin 30266480
pgpgout 30042739
pgfault 6543949
pgmajfault 535
inactive_anon 7196672
active_anon 77824
inactive_file 455823360
active_file 453345280
unevictable 0
hierarchical_memory_limit 999997440
hierarchical_memsw_limit 9223372036854771712
total_cache 909238272
total_rss 7204864
total_rss_huge 0
total_mapped_file 3186688
total_writeback 0
total_swap 0
total_pgpgin 30266480
total_pgpgout 30042739
total_pgfault 6543949
total_pgmajfault 535
total_inactive_anon 7196672
total_active_anon 77824
total_inactive_file 455823360
total_active_file 453345280
total_unevictable 0
--------------------BLKIO-----------------------
11:0 Read 0
11:0 Write 0
11:0 Sync 0
11:0 Async 0
11:0 Total 0
253:0 Read 5602340864
253:0 Write 229376
253:0 Sync 0
253:0 Async 5602570240
253:0 Total 5602570240
Total 5602570240
--------------------CPUAC-----------------------
user 3612
system 38347
--------------------MEMCG-----------------------
MEM ONLY  : 873 MB
MEM+SWAP  : 873 MB
cache 909238272
rss 7204864
rss_huge 0
mapped_file 3186688
writeback 0
swap 0
pgpgin 30266480
pgpgout 30042739
pgfault 6543949
pgmajfault 535
inactive_anon 7196672
active_anon 77824
inactive_file 455823360
active_file 453345280
unevictable 0
hierarchical_memory_limit 999997440
hierarchical_memsw_limit 9223372036854771712
total_cache 909238272
total_rss 7204864
total_rss_huge 0
total_mapped_file 3186688
total_writeback 0
total_swap 0
total_pgpgin 30266480
total_pgpgout 30042739
total_pgfault 6543949
total_pgmajfault 535
total_inactive_anon 7196672
total_active_anon 77824
total_inactive_file 455823360
total_active_file 453345280
total_unevictable 0
--------------------BLKIO-----------------------
11:0 Read 0
11:0 Write 0
11:0 Sync 0
11:0 Async 0
11:0 Total 0
253:0 Read 5602340864
253:0 Write 229376
253:0 Sync 0
253:0 Async 5602570240
253:0 Total 5602570240
Total 5602570240
--------------------CPUAC-----------------------
user 3612
system 38347
--------------------MEMCG-----------------------
MEM ONLY  : 873 MB
MEM+SWAP  : 873 MB
cache 909238272
rss 7204864
rss_huge 0
mapped_file 3186688
writeback 0
swap 0
pgpgin 30266480
pgpgout 30042739
pgfault 6543949
pgmajfault 535
inactive_anon 7196672
active_anon 77824
inactive_file 455823360
active_file 453345280
unevictable 0
hierarchical_memory_limit 999997440
hierarchical_memsw_limit 9223372036854771712
total_cache 909238272
total_rss 7204864
total_rss_huge 0
total_mapped_file 3186688
total_writeback 0
total_swap 0
total_pgpgin 30266480
total_pgpgout 30042739
total_pgfault 6543949
total_pgmajfault 535
total_inactive_anon 7196672
total_active_anon 77824
total_inactive_file 455823360
total_active_file 453345280
total_unevictable 0
--------------------BLKIO-----------------------
11:0 Read 0
11:0 Write 0
11:0 Sync 0
11:0 Async 0
11:0 Total 0
253:0 Read 5602340864
253:0 Write 229376
253:0 Sync 0
253:0 Async 5602570240
253:0 Total 5602570240
Total 5602570240
--------------------CPUAC-----------------------
user 3612
system 38347
--------------------MEMCG-----------------------
MEM ONLY  : 873 MB
MEM+SWAP  : 873 MB
cache 909238272
rss 7204864
rss_huge 0
mapped_file 3186688
writeback 0
swap 0
pgpgin 30266480
pgpgout 30042739
pgfault 6543949
pgmajfault 535
inactive_anon 7196672
active_anon 77824
inactive_file 455823360
active_file 453345280
unevictable 0
hierarchical_memory_limit 999997440
hierarchical_memsw_limit 9223372036854771712
total_cache 909238272
total_rss 7204864
total_rss_huge 0
total_mapped_file 3186688
total_writeback 0
total_swap 0
total_pgpgin 30266480
total_pgpgout 30042739
total_pgfault 6543949
total_pgmajfault 535
total_inactive_anon 7196672
total_active_anon 77824
total_inactive_file 455823360
total_active_file 453345280
total_unevictable 0
--------------------BLKIO-----------------------
11:0 Read 0
11:0 Write 0
11:0 Sync 0
11:0 Async 0
11:0 Total 0
253:0 Read 5602340864
253:0 Write 229376
253:0 Sync 0
253:0 Async 5602570240
253:0 Total 5602570240
Total 5602570240
--------------------CPUAC-----------------------
user 3612
system 38347
--------------------MEMCG-----------------------
MEM ONLY  : 873 MB
MEM+SWAP  : 873 MB
cache 909238272
rss 7204864
rss_huge 0
mapped_file 3186688
writeback 0
swap 0
pgpgin 30266480
pgpgout 30042739
pgfault 6543949
pgmajfault 535
inactive_anon 7196672
active_anon 77824
inactive_file 455823360
active_file 453345280
unevictable 0
hierarchical_memory_limit 999997440
hierarchical_memsw_limit 9223372036854771712
total_cache 909238272
total_rss 7204864
total_rss_huge 0
total_mapped_file 3186688
total_writeback 0
total_swap 0
total_pgpgin 30266480
total_pgpgout 30042739
total_pgfault 6543949
total_pgmajfault 535
total_inactive_anon 7196672
total_active_anon 77824
total_inactive_file 455823360
total_active_file 453345280
total_unevictable 0
--------------------BLKIO-----------------------
11:0 Read 0
11:0 Write 0
11:0 Sync 0
11:0 Async 0
11:0 Total 0
253:0 Read 5602340864
253:0 Write 229376
253:0 Sync 0
253:0 Async 5602570240
253:0 Total 5602570240
Total 5602570240
--------------------CPUAC-----------------------
user 3612
system 38347
