--------------------MEMCG-----------------------
MEM ONLY  : 953 MB
MEM+SWAP  : 955 MB
cache 822927360
rss 176852992
rss_huge 0
mapped_file 48594944
writeback 200704
swap 1716224
pgpgin 22169585
pgpgout 21925498
pgfault 4922625
pgmajfault 477
inactive_anon 88498176
active_anon 88395776
inactive_file 384532480
active_file 438333440
unevictable 0
hierarchical_memory_limit 999997440
hierarchical_memsw_limit 9223372036854771712
total_cache 822927360
total_rss 176852992
total_rss_huge 0
total_mapped_file 48594944
total_writeback 200704
total_swap 1716224
total_pgpgin 22169585
total_pgpgout 21925498
total_pgfault 4922625
total_pgmajfault 477
total_inactive_anon 88498176
total_active_anon 88395776
total_inactive_file 384532480
total_active_file 438333440
total_unevictable 0
--------------------BLKIO-----------------------
11:0 Read 0
11:0 Write 0
11:0 Sync 0
11:0 Async 0
11:0 Total 0
253:0 Read 3334881280
253:0 Write 1978368
253:0 Sync 0
253:0 Async 3336859648
253:0 Total 3336859648
Total 3336859648
--------------------CPUAC-----------------------
user 2489
system 35529
--------------------MEMCG-----------------------
MEM ONLY  : 953 MB
MEM+SWAP  : 955 MB
cache 823492608
rss 176308224
rss_huge 0
mapped_file 48594944
writeback 0
swap 2260992
pgpgin 22228315
pgpgout 21984223
pgfault 4942716
pgmajfault 477
inactive_anon 88305664
active_anon 88043520
inactive_file 352034816
active_file 471416832
unevictable 0
hierarchical_memory_limit 999997440
hierarchical_memsw_limit 9223372036854771712
total_cache 823492608
total_rss 176308224
total_rss_huge 0
total_mapped_file 48594944
total_writeback 0
total_swap 2260992
total_pgpgin 22228315
total_pgpgout 21984223
total_pgfault 4942716
total_pgmajfault 477
total_inactive_anon 88305664
total_active_anon 88043520
total_inactive_file 352034816
total_active_file 471416832
total_unevictable 0
--------------------BLKIO-----------------------
11:0 Read 0
11:0 Write 0
11:0 Sync 0
11:0 Async 0
11:0 Total 0
253:0 Read 3370221568
253:0 Write 2543616
253:0 Sync 0
253:0 Async 3372765184
253:0 Total 3372765184
Total 3372765184
--------------------CPUAC-----------------------
user 2498
system 35586
--------------------MEMCG-----------------------
MEM ONLY  : 953 MB
MEM+SWAP  : 955 MB
cache 823627776
rss 176222208
rss_huge 0
mapped_file 12840960
writeback 0
swap 2367488
pgpgin 22290923
pgpgout 22046819
pgfault 4961100
pgmajfault 477
inactive_anon 88199168
active_anon 88064000
inactive_file 374063104
active_file 449523712
unevictable 0
hierarchical_memory_limit 999997440
hierarchical_memsw_limit 9223372036854771712
total_cache 823627776
total_rss 176222208
total_rss_huge 0
total_mapped_file 12840960
total_writeback 0
total_swap 2367488
total_pgpgin 22290923
total_pgpgout 22046819
total_pgfault 4961100
total_pgmajfault 477
total_inactive_anon 88199168
total_active_anon 88064000
total_inactive_file 374063104
total_active_file 449523712
total_unevictable 0
--------------------BLKIO-----------------------
11:0 Read 0
11:0 Write 0
11:0 Sync 0
11:0 Async 0
11:0 Total 0
253:0 Read 3411845120
253:0 Write 2637824
253:0 Sync 0
253:0 Async 3414482944
253:0 Total 3414482944
Total 3414482944
--------------------CPUAC-----------------------
user 2511
system 35635
--------------------MEMCG-----------------------
MEM ONLY  : 953 MB
MEM+SWAP  : 956 MB
cache 823898112
rss 175820800
rss_huge 0
mapped_file 12840960
writeback 0
swap 2748416
pgpgin 22315114
pgpgout 22071042
pgfault 4971315
pgmajfault 477
inactive_anon 87994368
active_anon 87867392
inactive_file 343236608
active_file 480600064
unevictable 0
hierarchical_memory_limit 999997440
hierarchical_memsw_limit 9223372036854771712
total_cache 823898112
total_rss 175820800
total_rss_huge 0
total_mapped_file 12840960
total_writeback 0
total_swap 2748416
total_pgpgin 22315114
total_pgpgout 22071042
total_pgfault 4971315
total_pgmajfault 477
total_inactive_anon 87994368
total_active_anon 87867392
total_inactive_file 343236608
total_active_file 480600064
total_unevictable 0
--------------------BLKIO-----------------------
11:0 Read 0
11:0 Write 0
11:0 Sync 0
11:0 Async 0
11:0 Total 0
253:0 Read 3425918976
253:0 Write 3072000
253:0 Sync 0
253:0 Async 3428990976
253:0 Total 3428990976
Total 3428990976
--------------------CPUAC-----------------------
user 2518
system 35659
--------------------MEMCG-----------------------
MEM ONLY  : 953 MB
MEM+SWAP  : 956 MB
cache 824143872
rss 175820800
rss_huge 0
mapped_file 12832768
writeback 0
swap 2748416
pgpgin 22338411
pgpgout 22094279
pgfault 4979939
pgmajfault 477
inactive_anon 87994368
active_anon 87867392
inactive_file 356855808
active_file 467238912
unevictable 0
hierarchical_memory_limit 999997440
hierarchical_memsw_limit 9223372036854771712
total_cache 824143872
total_rss 175820800
total_rss_huge 0
total_mapped_file 12832768
total_writeback 0
total_swap 2748416
total_pgpgin 22338411
total_pgpgout 22094279
total_pgfault 4979939
total_pgmajfault 477
total_inactive_anon 87994368
total_active_anon 87867392
total_inactive_file 356855808
total_active_file 467238912
total_unevictable 0
--------------------BLKIO-----------------------
11:0 Read 0
11:0 Write 0
11:0 Sync 0
11:0 Async 0
11:0 Total 0
253:0 Read 3440820224
253:0 Write 3072000
253:0 Sync 0
253:0 Async 3443892224
253:0 Total 3443892224
Total 3443892224
--------------------CPUAC-----------------------
user 2524
system 35681
--------------------MEMCG-----------------------
MEM ONLY  : 953 MB
MEM+SWAP  : 956 MB
cache 823910400
rss 175779840
rss_huge 0
mapped_file 6447104
writeback 0
swap 2789376
pgpgin 22446703
pgpgout 22202638
pgfault 5018438
pgmajfault 477
inactive_anon 87953408
active_anon 87867392
inactive_file 365477888
active_file 458371072
unevictable 0
hierarchical_memory_limit 999997440
hierarchical_memsw_limit 9223372036854771712
total_cache 823910400
total_rss 175779840
total_rss_huge 0
total_mapped_file 6447104
total_writeback 0
total_swap 2789376
total_pgpgin 22446703
total_pgpgout 22202638
total_pgfault 5018438
total_pgmajfault 477
total_inactive_anon 87953408
total_active_anon 87867392
total_inactive_file 365477888
total_active_file 458371072
total_unevictable 0
--------------------BLKIO-----------------------
11:0 Read 0
11:0 Write 0
11:0 Sync 0
11:0 Async 0
11:0 Total 0
253:0 Read 3513061376
253:0 Write 3072000
253:0 Sync 0
253:0 Async 3516133376
253:0 Total 3516133376
Total 3516133376
--------------------CPUAC-----------------------
user 2545
system 35780
--------------------MEMCG-----------------------
MEM ONLY  : 953 MB
MEM+SWAP  : 956 MB
cache 824025088
rss 175759360
rss_huge 0
mapped_file 6447104
writeback 0
swap 2809856
pgpgin 22595518
pgpgout 22351430
pgfault 5072773
pgmajfault 477
inactive_anon 88064000
active_anon 87736320
inactive_file 368365568
active_file 455618560
unevictable 0
hierarchical_memory_limit 999997440
hierarchical_memsw_limit 9223372036854771712
total_cache 824025088
total_rss 175759360
total_rss_huge 0
total_mapped_file 6447104
total_writeback 0
total_swap 2809856
total_pgpgin 22595518
total_pgpgout 22351430
total_pgfault 5072773
total_pgmajfault 477
total_inactive_anon 88064000
total_active_anon 87736320
total_inactive_file 368365568
total_active_file 455618560
total_unevictable 0
--------------------BLKIO-----------------------
11:0 Read 0
11:0 Write 0
11:0 Sync 0
11:0 Async 0
11:0 Total 0
253:0 Read 3603017728
253:0 Write 3096576
253:0 Sync 0
253:0 Async 3606114304
253:0 Total 3606114304
Total 3606114304
--------------------CPUAC-----------------------
user 2576
system 35903
--------------------MEMCG-----------------------
MEM ONLY  : 953 MB
MEM+SWAP  : 956 MB
cache 824176640
rss 175689728
rss_huge 0
mapped_file 6385664
writeback 0
swap 2879488
pgpgin 22845740
pgpgout 22601632
pgfault 5159617
pgmajfault 477
inactive_anon 87994368
active_anon 87736320
inactive_file 373604352
active_file 450531328
unevictable 0
hierarchical_memory_limit 999997440
hierarchical_memsw_limit 9223372036854771712
total_cache 824176640
total_rss 175689728
total_rss_huge 0
total_mapped_file 6385664
total_writeback 0
total_swap 2879488
total_pgpgin 22845740
total_pgpgout 22601632
total_pgfault 5159617
total_pgmajfault 477
total_inactive_anon 87994368
total_active_anon 87736320
total_inactive_file 373604352
total_active_file 450531328
total_unevictable 0
--------------------BLKIO-----------------------
11:0 Read 0
11:0 Write 0
11:0 Sync 0
11:0 Async 0
11:0 Total 0
253:0 Read 3767635968
253:0 Write 3198976
253:0 Sync 0
253:0 Async 3770834944
253:0 Total 3770834944
Total 3770834944
--------------------CPUAC-----------------------
user 2618
system 36139
--------------------MEMCG-----------------------
MEM ONLY  : 953 MB
MEM+SWAP  : 956 MB
cache 824147968
rss 175632384
rss_huge 0
mapped_file 6578176
writeback 0
swap 2936832
pgpgin 23066609
pgpgout 22822522
pgfault 5234787
pgmajfault 480
inactive_anon 87937024
active_anon 87736320
inactive_file 377790464
active_file 446283776
unevictable 0
hierarchical_memory_limit 999997440
hierarchical_memsw_limit 9223372036854771712
total_cache 824147968
total_rss 175632384
total_rss_huge 0
total_mapped_file 6578176
total_writeback 0
total_swap 2936832
total_pgpgin 23066609
total_pgpgout 22822522
total_pgfault 5234787
total_pgmajfault 480
total_inactive_anon 87937024
total_active_anon 87736320
total_inactive_file 377790464
total_active_file 446283776
total_unevictable 0
--------------------BLKIO-----------------------
11:0 Read 0
11:0 Write 0
11:0 Sync 0
11:0 Async 0
11:0 Total 0
253:0 Read 3908911104
253:0 Write 3235840
253:0 Sync 0
253:0 Async 3912146944
253:0 Total 3912146944
Total 3912146944
--------------------CPUAC-----------------------
user 2654
system 36349
--------------------MEMCG-----------------------
MEM ONLY  : 953 MB
MEM+SWAP  : 956 MB
cache 824344576
rss 175591424
rss_huge 0
mapped_file 6729728
writeback 0
swap 2977792
pgpgin 23290795
pgpgout 23046670
pgfault 5312163
pgmajfault 486
inactive_anon 87896064
active_anon 87736320
inactive_file 371892224
active_file 452411392
unevictable 0
hierarchical_memory_limit 999997440
hierarchical_memsw_limit 9223372036854771712
total_cache 824344576
total_rss 175591424
total_rss_huge 0
total_mapped_file 6729728
total_writeback 0
total_swap 2977792
total_pgpgin 23290795
total_pgpgout 23046670
total_pgfault 5312163
total_pgmajfault 486
total_inactive_anon 87896064
total_active_anon 87736320
total_inactive_file 371892224
total_active_file 452411392
total_unevictable 0
--------------------BLKIO-----------------------
11:0 Read 0
11:0 Write 0
11:0 Sync 0
11:0 Async 0
11:0 Total 0
253:0 Read 4060651520
253:0 Write 3244032
253:0 Sync 0
253:0 Async 4063895552
253:0 Total 4063895552
Total 4063895552
--------------------CPUAC-----------------------
user 2702
system 36556
--------------------MEMCG-----------------------
MEM ONLY  : 953 MB
MEM+SWAP  : 956 MB
cache 824320000
rss 175546368
rss_huge 0
mapped_file 6729728
writeback 0
swap 3022848
pgpgin 23506725
pgpgout 23262617
pgfault 5387109
pgmajfault 486
inactive_anon 87851008
active_anon 87736320
inactive_file 377630720
active_file 446648320
unevictable 0
hierarchical_memory_limit 999997440
hierarchical_memsw_limit 9223372036854771712
total_cache 824320000
total_rss 175546368
total_rss_huge 0
total_mapped_file 6729728
total_writeback 0
total_swap 3022848
total_pgpgin 23506725
total_pgpgout 23262617
total_pgfault 5387109
total_pgmajfault 486
total_inactive_anon 87851008
total_active_anon 87736320
total_inactive_file 377630720
total_active_file 446648320
total_unevictable 0
--------------------BLKIO-----------------------
11:0 Read 0
11:0 Write 0
11:0 Sync 0
11:0 Async 0
11:0 Total 0
253:0 Read 4202745856
253:0 Write 3289088
253:0 Sync 0
253:0 Async 4206034944
253:0 Total 4206034944
Total 4206034944
--------------------CPUAC-----------------------
user 2739
system 36766
--------------------MEMCG-----------------------
MEM ONLY  : 953 MB
MEM+SWAP  : 956 MB
cache 824266752
rss 175538176
rss_huge 0
mapped_file 6385664
writeback 0
swap 3031040
pgpgin 23701421
pgpgout 23457328
pgfault 5454579
pgmajfault 486
inactive_anon 87842816
active_anon 87736320
inactive_file 376090624
active_file 448135168
unevictable 0
hierarchical_memory_limit 999997440
hierarchical_memsw_limit 9223372036854771712
total_cache 824266752
total_rss 175538176
total_rss_huge 0
total_mapped_file 6385664
total_writeback 0
total_swap 3031040
total_pgpgin 23701421
total_pgpgout 23457328
total_pgfault 5454579
total_pgmajfault 486
total_inactive_anon 87842816
total_active_anon 87736320
total_inactive_file 376090624
total_active_file 448135168
total_unevictable 0
--------------------BLKIO-----------------------
11:0 Read 0
11:0 Write 0
11:0 Sync 0
11:0 Async 0
11:0 Total 0
253:0 Read 4332843008
253:0 Write 3334144
253:0 Sync 0
253:0 Async 4336177152
253:0 Total 4336177152
Total 4336177152
--------------------CPUAC-----------------------
user 2767
system 36962
--------------------MEMCG-----------------------
MEM ONLY  : 953 MB
MEM+SWAP  : 956 MB
cache 824492032
rss 175480832
rss_huge 0
mapped_file 6537216
writeback 0
swap 3088384
pgpgin 23927670
pgpgout 23683536
pgfault 5533280
pgmajfault 492
inactive_anon 87920640
active_anon 87601152
inactive_file 373469184
active_file 450981888
unevictable 0
hierarchical_memory_limit 999997440
hierarchical_memsw_limit 9223372036854771712
total_cache 824492032
total_rss 175480832
total_rss_huge 0
total_mapped_file 6537216
total_writeback 0
total_swap 3088384
total_pgpgin 23927670
total_pgpgout 23683536
total_pgfault 5533280
total_pgmajfault 492
total_inactive_anon 87920640
total_active_anon 87601152
total_inactive_file 373469184
total_active_file 450981888
total_unevictable 0
--------------------BLKIO-----------------------
11:0 Read 0
11:0 Write 0
11:0 Sync 0
11:0 Async 0
11:0 Total 0
253:0 Read 4479799296
253:0 Write 3358720
253:0 Sync 0
253:0 Async 4483158016
253:0 Total 4483158016
Total 4483158016
--------------------CPUAC-----------------------
user 2803
system 37171
--------------------MEMCG-----------------------
MEM ONLY  : 953 MB
MEM+SWAP  : 956 MB
cache 824446976
rss 175435776
rss_huge 0
mapped_file 6537216
writeback 0
swap 3133440
pgpgin 24167827
pgpgout 23923715
pgfault 5616201
pgmajfault 492
inactive_anon 87875584
active_anon 87601152
inactive_file 377266176
active_file 447139840
unevictable 0
hierarchical_memory_limit 999997440
hierarchical_memsw_limit 9223372036854771712
total_cache 824446976
total_rss 175435776
total_rss_huge 0
total_mapped_file 6537216
total_writeback 0
total_swap 3133440
total_pgpgin 24167827
total_pgpgout 23923715
total_pgfault 5616201
total_pgmajfault 492
total_inactive_anon 87875584
total_active_anon 87601152
total_inactive_file 377266176
total_active_file 447139840
total_unevictable 0
--------------------BLKIO-----------------------
11:0 Read 0
11:0 Write 0
11:0 Sync 0
11:0 Async 0
11:0 Total 0
253:0 Read 4640231424
253:0 Write 3407872
253:0 Sync 0
253:0 Async 4643639296
253:0 Total 4643639296
Total 4643639296
--------------------CPUAC-----------------------
user 2851
system 37405
--------------------MEMCG-----------------------
MEM ONLY  : 953 MB
MEM+SWAP  : 956 MB
cache 824516608
rss 175423488
rss_huge 0
mapped_file 6385664
writeback 0
swap 3145728
pgpgin 24374056
pgpgout 24129930
pgfault 5686829
pgmajfault 492
inactive_anon 87863296
active_anon 87601152
inactive_file 370368512
active_file 454062080
unevictable 0
hierarchical_memory_limit 999997440
hierarchical_memsw_limit 9223372036854771712
total_cache 824516608
total_rss 175423488
total_rss_huge 0
total_mapped_file 6385664
total_writeback 0
total_swap 3145728
total_pgpgin 24374056
total_pgpgout 24129930
total_pgfault 5686829
total_pgmajfault 492
total_inactive_anon 87863296
total_active_anon 87601152
total_inactive_file 370368512
total_active_file 454062080
total_unevictable 0
--------------------BLKIO-----------------------
11:0 Read 0
11:0 Write 0
11:0 Sync 0
11:0 Async 0
11:0 Total 0
253:0 Read 4783378432
253:0 Write 3420160
253:0 Sync 0
253:0 Async 4786798592
253:0 Total 4786798592
Total 4786798592
--------------------CPUAC-----------------------
user 2888
system 37608
--------------------MEMCG-----------------------
MEM ONLY  : 953 MB
MEM+SWAP  : 956 MB
cache 824528896
rss 175398912
rss_huge 0
mapped_file 8044544
writeback 0
swap 3170304
pgpgin 24555090
pgpgout 24310967
pgfault 5749021
pgmajfault 536
inactive_anon 88064000
active_anon 87375872
inactive_file 375496704
active_file 448958464
unevictable 0
hierarchical_memory_limit 999997440
hierarchical_memsw_limit 9223372036854771712
total_cache 824528896
total_rss 175398912
total_rss_huge 0
total_mapped_file 8044544
total_writeback 0
total_swap 3170304
total_pgpgin 24555090
total_pgpgout 24310967
total_pgfault 5749021
total_pgmajfault 536
total_inactive_anon 88064000
total_active_anon 87375872
total_inactive_file 375496704
total_active_file 448958464
total_unevictable 0
--------------------BLKIO-----------------------
11:0 Read 0
11:0 Write 0
11:0 Sync 0
11:0 Async 0
11:0 Total 0
253:0 Read 4909481984
253:0 Write 3452928
253:0 Sync 0
253:0 Async 4912934912
253:0 Total 4912934912
Total 4912934912
--------------------CPUAC-----------------------
user 2914
system 37792
--------------------MEMCG-----------------------
MEM ONLY  : 874 MB
MEM+SWAP  : 878 MB
cache 826421248
rss 91078656
rss_huge 0
mapped_file 9199616
writeback 0
swap 3211264
pgpgin 24772092
pgpgout 24548093
pgfault 5819464
pgmajfault 552
inactive_anon 5033984
active_anon 86085632
inactive_file 413626368
active_file 412753920
unevictable 0
hierarchical_memory_limit 999997440
hierarchical_memsw_limit 9223372036854771712
total_cache 826421248
total_rss 91078656
total_rss_huge 0
total_mapped_file 9199616
total_writeback 0
total_swap 3211264
total_pgpgin 24772092
total_pgpgout 24548093
total_pgfault 5819464
total_pgmajfault 552
total_inactive_anon 5033984
total_active_anon 86085632
total_inactive_file 413626368
total_active_file 412753920
total_unevictable 0
--------------------BLKIO-----------------------
11:0 Read 0
11:0 Write 0
11:0 Sync 0
11:0 Async 0
11:0 Total 0
253:0 Read 5063630848
253:0 Write 3473408
253:0 Sync 0
253:0 Async 5067104256
253:0 Total 5067104256
Total 5067104256
--------------------CPUAC-----------------------
user 2944
system 38004
--------------------MEMCG-----------------------
MEM ONLY  : 953 MB
MEM+SWAP  : 956 MB
cache 910327808
rss 89427968
rss_huge 0
mapped_file 4657152
writeback 0
swap 3211264
pgpgin 24993273
pgpgout 24749192
pgfault 5865458
pgmajfault 593
inactive_anon 44937216
active_anon 44527616
inactive_file 455319552
active_file 454971392
unevictable 0
hierarchical_memory_limit 999997440
hierarchical_memsw_limit 9223372036854771712
total_cache 910327808
total_rss 89427968
total_rss_huge 0
total_mapped_file 4657152
total_writeback 0
total_swap 3211264
total_pgpgin 24993273
total_pgpgout 24749192
total_pgfault 5865458
total_pgmajfault 593
total_inactive_anon 44937216
total_active_anon 44527616
total_inactive_file 455319552
total_active_file 454971392
total_unevictable 0
--------------------BLKIO-----------------------
11:0 Read 0
11:0 Write 0
11:0 Sync 0
11:0 Async 0
11:0 Total 0
253:0 Read 5226631168
253:0 Write 3473408
253:0 Sync 0
253:0 Async 5230104576
253:0 Total 5230104576
Total 5230104576
--------------------CPUAC-----------------------
user 2962
system 38167
--------------------MEMCG-----------------------
MEM ONLY  : 953 MB
MEM+SWAP  : 956 MB
cache 910340096
rss 89427968
rss_huge 0
mapped_file 4567040
writeback 0
swap 3211264
pgpgin 25206846
pgpgout 24962762
pgfault 5910360
pgmajfault 595
inactive_anon 44937216
active_anon 44527616
inactive_file 455217152
active_file 455086080
unevictable 0
hierarchical_memory_limit 999997440
hierarchical_memsw_limit 9223372036854771712
total_cache 910340096
total_rss 89427968
total_rss_huge 0
total_mapped_file 4567040
total_writeback 0
total_swap 3211264
total_pgpgin 25206846
total_pgpgout 24962762
total_pgfault 5910360
total_pgmajfault 595
total_inactive_anon 44937216
total_active_anon 44527616
total_inactive_file 455217152
total_active_file 455086080
total_unevictable 0
--------------------BLKIO-----------------------
11:0 Read 0
11:0 Write 0
11:0 Sync 0
11:0 Async 0
11:0 Total 0
253:0 Read 5378572288
253:0 Write 3473408
253:0 Sync 0
253:0 Async 5382045696
253:0 Total 5382045696
Total 5382045696
--------------------CPUAC-----------------------
user 2985
system 38326
--------------------MEMCG-----------------------
MEM ONLY  : 953 MB
MEM+SWAP  : 956 MB
cache 910364672
rss 89427968
rss_huge 0
mapped_file 3411968
writeback 0
swap 3211264
pgpgin 25517485
pgpgout 25273395
pgfault 5974941
pgmajfault 595
inactive_anon 44937216
active_anon 44527616
inactive_file 455245824
active_file 455069696
unevictable 0
hierarchical_memory_limit 999997440
hierarchical_memsw_limit 9223372036854771712
total_cache 910364672
total_rss 89427968
total_rss_huge 0
total_mapped_file 3411968
total_writeback 0
total_swap 3211264
total_pgpgin 25517485
total_pgpgout 25273395
total_pgfault 5974941
total_pgmajfault 595
total_inactive_anon 44937216
total_active_anon 44527616
total_inactive_file 455245824
total_active_file 455069696
total_unevictable 0
--------------------BLKIO-----------------------
11:0 Read 0
11:0 Write 0
11:0 Sync 0
11:0 Async 0
11:0 Total 0
253:0 Read 5612150784
253:0 Write 3473408
253:0 Sync 0
253:0 Async 5615624192
253:0 Total 5615624192
Total 5615624192
--------------------CPUAC-----------------------
user 3016
system 38563
--------------------MEMCG-----------------------
MEM ONLY  : 871 MB
MEM+SWAP  : 874 MB
cache 910344192
rss 3485696
rss_huge 0
mapped_file 2125824
writeback 0
swap 3211264
pgpgin 25746045
pgpgout 25522942
pgfault 6022233
pgmajfault 673
inactive_anon 2813952
active_anon 704512
inactive_file 456974336
active_file 453337088
unevictable 0
hierarchical_memory_limit 999997440
hierarchical_memsw_limit 9223372036854771712
total_cache 910344192
total_rss 3485696
total_rss_huge 0
total_mapped_file 2125824
total_writeback 0
total_swap 3211264
total_pgpgin 25746045
total_pgpgout 25522942
total_pgfault 6022233
total_pgmajfault 673
total_inactive_anon 2813952
total_active_anon 704512
total_inactive_file 456974336
total_active_file 453337088
total_unevictable 0
--------------------BLKIO-----------------------
11:0 Read 0
11:0 Write 0
11:0 Sync 0
11:0 Async 0
11:0 Total 0
253:0 Read 5777637376
253:0 Write 3473408
253:0 Sync 0
253:0 Async 5781110784
253:0 Total 5781110784
Total 5781110784
--------------------CPUAC-----------------------
user 3042
system 38735
--------------------MEMCG-----------------------
MEM ONLY  : 871 MB
MEM+SWAP  : 874 MB
cache 910389248
rss 3485696
rss_huge 0
mapped_file 2252800
writeback 0
swap 3211264
pgpgin 25746056
pgpgout 25522942
pgfault 6022241
pgmajfault 674
inactive_anon 2813952
active_anon 704512
inactive_file 456978432
active_file 453378048
unevictable 0
hierarchical_memory_limit 999997440
hierarchical_memsw_limit 9223372036854771712
total_cache 910389248
total_rss 3485696
total_rss_huge 0
total_mapped_file 2252800
total_writeback 0
total_swap 3211264
total_pgpgin 25746056
total_pgpgout 25522942
total_pgfault 6022241
total_pgmajfault 674
total_inactive_anon 2813952
total_active_anon 704512
total_inactive_file 456978432
total_active_file 453378048
total_unevictable 0
--------------------BLKIO-----------------------
11:0 Read 0
11:0 Write 0
11:0 Sync 0
11:0 Async 0
11:0 Total 0
253:0 Read 5777637376
253:0 Write 3473408
253:0 Sync 0
253:0 Async 5781110784
253:0 Total 5781110784
Total 5781110784
--------------------CPUAC-----------------------
user 3042
system 38735
--------------------MEMCG-----------------------
MEM ONLY  : 871 MB
MEM+SWAP  : 874 MB
cache 910389248
rss 3485696
rss_huge 0
mapped_file 2252800
writeback 0
swap 3211264
pgpgin 25746056
pgpgout 25522942
pgfault 6022241
pgmajfault 674
inactive_anon 2813952
active_anon 704512
inactive_file 456978432
active_file 453378048
unevictable 0
hierarchical_memory_limit 999997440
hierarchical_memsw_limit 9223372036854771712
total_cache 910389248
total_rss 3485696
total_rss_huge 0
total_mapped_file 2252800
total_writeback 0
total_swap 3211264
total_pgpgin 25746056
total_pgpgout 25522942
total_pgfault 6022241
total_pgmajfault 674
total_inactive_anon 2813952
total_active_anon 704512
total_inactive_file 456978432
total_active_file 453378048
total_unevictable 0
--------------------BLKIO-----------------------
11:0 Read 0
11:0 Write 0
11:0 Sync 0
11:0 Async 0
11:0 Total 0
253:0 Read 5777637376
253:0 Write 3473408
253:0 Sync 0
253:0 Async 5781110784
253:0 Total 5781110784
Total 5781110784
--------------------CPUAC-----------------------
user 3042
system 38735
--------------------MEMCG-----------------------
MEM ONLY  : 871 MB
MEM+SWAP  : 874 MB
cache 910389248
rss 3485696
rss_huge 0
mapped_file 2252800
writeback 0
swap 3211264
pgpgin 25746056
pgpgout 25522942
pgfault 6022241
pgmajfault 674
inactive_anon 2813952
active_anon 704512
inactive_file 456978432
active_file 453378048
unevictable 0
hierarchical_memory_limit 999997440
hierarchical_memsw_limit 9223372036854771712
total_cache 910389248
total_rss 3485696
total_rss_huge 0
total_mapped_file 2252800
total_writeback 0
total_swap 3211264
total_pgpgin 25746056
total_pgpgout 25522942
total_pgfault 6022241
total_pgmajfault 674
total_inactive_anon 2813952
total_active_anon 704512
total_inactive_file 456978432
total_active_file 453378048
total_unevictable 0
--------------------BLKIO-----------------------
11:0 Read 0
11:0 Write 0
11:0 Sync 0
11:0 Async 0
11:0 Total 0
253:0 Read 5777637376
253:0 Write 3473408
253:0 Sync 0
253:0 Async 5781110784
253:0 Total 5781110784
Total 5781110784
--------------------CPUAC-----------------------
user 3042
system 38735
--------------------MEMCG-----------------------
MEM ONLY  : 871 MB
MEM+SWAP  : 874 MB
cache 910389248
rss 3485696
rss_huge 0
mapped_file 2252800
writeback 0
swap 3211264
pgpgin 25746056
pgpgout 25522942
pgfault 6022241
pgmajfault 674
inactive_anon 2813952
active_anon 704512
inactive_file 456978432
active_file 453378048
unevictable 0
hierarchical_memory_limit 999997440
hierarchical_memsw_limit 9223372036854771712
total_cache 910389248
total_rss 3485696
total_rss_huge 0
total_mapped_file 2252800
total_writeback 0
total_swap 3211264
total_pgpgin 25746056
total_pgpgout 25522942
total_pgfault 6022241
total_pgmajfault 674
total_inactive_anon 2813952
total_active_anon 704512
total_inactive_file 456978432
total_active_file 453378048
total_unevictable 0
--------------------BLKIO-----------------------
11:0 Read 0
11:0 Write 0
11:0 Sync 0
11:0 Async 0
11:0 Total 0
253:0 Read 5777637376
253:0 Write 3473408
253:0 Sync 0
253:0 Async 5781110784
253:0 Total 5781110784
Total 5781110784
--------------------CPUAC-----------------------
user 3042
system 38735
--------------------MEMCG-----------------------
MEM ONLY  : 871 MB
MEM+SWAP  : 874 MB
cache 910389248
rss 3485696
rss_huge 0
mapped_file 2252800
writeback 0
swap 3211264
pgpgin 25746056
pgpgout 25522942
pgfault 6022241
pgmajfault 674
inactive_anon 2813952
active_anon 704512
inactive_file 456978432
active_file 453378048
unevictable 0
hierarchical_memory_limit 999997440
hierarchical_memsw_limit 9223372036854771712
total_cache 910389248
total_rss 3485696
total_rss_huge 0
total_mapped_file 2252800
total_writeback 0
total_swap 3211264
total_pgpgin 25746056
total_pgpgout 25522942
total_pgfault 6022241
total_pgmajfault 674
total_inactive_anon 2813952
total_active_anon 704512
total_inactive_file 456978432
total_active_file 453378048
total_unevictable 0
--------------------BLKIO-----------------------
11:0 Read 0
11:0 Write 0
11:0 Sync 0
11:0 Async 0
11:0 Total 0
253:0 Read 5777637376
253:0 Write 3473408
253:0 Sync 0
253:0 Async 5781110784
253:0 Total 5781110784
Total 5781110784
--------------------CPUAC-----------------------
user 3042
system 38735
--------------------MEMCG-----------------------
MEM ONLY  : 871 MB
MEM+SWAP  : 874 MB
cache 910389248
rss 3485696
rss_huge 0
mapped_file 2252800
writeback 0
swap 3211264
pgpgin 25746056
pgpgout 25522942
pgfault 6022241
pgmajfault 674
inactive_anon 2813952
active_anon 704512
inactive_file 456978432
active_file 453378048
unevictable 0
hierarchical_memory_limit 999997440
hierarchical_memsw_limit 9223372036854771712
total_cache 910389248
total_rss 3485696
total_rss_huge 0
total_mapped_file 2252800
total_writeback 0
total_swap 3211264
total_pgpgin 25746056
total_pgpgout 25522942
total_pgfault 6022241
total_pgmajfault 674
total_inactive_anon 2813952
total_active_anon 704512
total_inactive_file 456978432
total_active_file 453378048
total_unevictable 0
--------------------BLKIO-----------------------
11:0 Read 0
11:0 Write 0
11:0 Sync 0
11:0 Async 0
11:0 Total 0
253:0 Read 5777637376
253:0 Write 3473408
253:0 Sync 0
253:0 Async 5781110784
253:0 Total 5781110784
Total 5781110784
--------------------CPUAC-----------------------
user 3042
system 38735
--------------------MEMCG-----------------------
MEM ONLY  : 871 MB
MEM+SWAP  : 874 MB
cache 910389248
rss 3485696
rss_huge 0
mapped_file 2252800
writeback 0
swap 3211264
pgpgin 25746056
pgpgout 25522942
pgfault 6022241
pgmajfault 674
inactive_anon 2813952
active_anon 704512
inactive_file 456978432
active_file 453378048
unevictable 0
hierarchical_memory_limit 999997440
hierarchical_memsw_limit 9223372036854771712
total_cache 910389248
total_rss 3485696
total_rss_huge 0
total_mapped_file 2252800
total_writeback 0
total_swap 3211264
total_pgpgin 25746056
total_pgpgout 25522942
total_pgfault 6022241
total_pgmajfault 674
total_inactive_anon 2813952
total_active_anon 704512
total_inactive_file 456978432
total_active_file 453378048
total_unevictable 0
--------------------BLKIO-----------------------
11:0 Read 0
11:0 Write 0
11:0 Sync 0
11:0 Async 0
11:0 Total 0
253:0 Read 5777637376
253:0 Write 3473408
253:0 Sync 0
253:0 Async 5781110784
253:0 Total 5781110784
Total 5781110784
--------------------CPUAC-----------------------
user 3042
system 38735
--------------------MEMCG-----------------------
MEM ONLY  : 871 MB
MEM+SWAP  : 874 MB
cache 910389248
rss 3485696
rss_huge 0
mapped_file 2252800
writeback 0
swap 3211264
pgpgin 25746056
pgpgout 25522942
pgfault 6022241
pgmajfault 674
inactive_anon 2813952
active_anon 704512
inactive_file 456978432
active_file 453378048
unevictable 0
hierarchical_memory_limit 999997440
hierarchical_memsw_limit 9223372036854771712
total_cache 910389248
total_rss 3485696
total_rss_huge 0
total_mapped_file 2252800
total_writeback 0
total_swap 3211264
total_pgpgin 25746056
total_pgpgout 25522942
total_pgfault 6022241
total_pgmajfault 674
total_inactive_anon 2813952
total_active_anon 704512
total_inactive_file 456978432
total_active_file 453378048
total_unevictable 0
--------------------BLKIO-----------------------
11:0 Read 0
11:0 Write 0
11:0 Sync 0
11:0 Async 0
11:0 Total 0
253:0 Read 5777637376
253:0 Write 3473408
253:0 Sync 0
253:0 Async 5781110784
253:0 Total 5781110784
Total 5781110784
--------------------CPUAC-----------------------
user 3042
system 38735
--------------------MEMCG-----------------------
MEM ONLY  : 871 MB
MEM+SWAP  : 874 MB
cache 910389248
rss 3485696
rss_huge 0
mapped_file 2252800
writeback 0
swap 3211264
pgpgin 25746056
pgpgout 25522942
pgfault 6022241
pgmajfault 674
inactive_anon 2813952
active_anon 704512
inactive_file 456978432
active_file 453378048
unevictable 0
hierarchical_memory_limit 999997440
hierarchical_memsw_limit 9223372036854771712
total_cache 910389248
total_rss 3485696
total_rss_huge 0
total_mapped_file 2252800
total_writeback 0
total_swap 3211264
total_pgpgin 25746056
total_pgpgout 25522942
total_pgfault 6022241
total_pgmajfault 674
total_inactive_anon 2813952
total_active_anon 704512
total_inactive_file 456978432
total_active_file 453378048
total_unevictable 0
--------------------BLKIO-----------------------
11:0 Read 0
11:0 Write 0
11:0 Sync 0
11:0 Async 0
11:0 Total 0
253:0 Read 5777637376
253:0 Write 3473408
253:0 Sync 0
253:0 Async 5781110784
253:0 Total 5781110784
Total 5781110784
--------------------CPUAC-----------------------
user 3042
system 38735
