--------------------MEMCG-----------------------
MEM ONLY  : 953 MB
MEM+SWAP  : 956 MB
cache 406499328
rss 593285120
rss_huge 0
mapped_file 4907008
writeback 0
swap 3571712
pgpgin 681276
pgpgout 437188
pgfault 341012
pgmajfault 415
inactive_anon 296820736
active_anon 296484864
inactive_file 203378688
active_file 203100160
unevictable 0
hierarchical_memory_limit 999997440
hierarchical_memsw_limit 9223372036854771712
total_cache 406499328
total_rss 593285120
total_rss_huge 0
total_mapped_file 4907008
total_writeback 0
total_swap 3571712
total_pgpgin 681276
total_pgpgout 437188
total_pgfault 341012
total_pgmajfault 415
total_inactive_anon 296820736
total_active_anon 296484864
total_inactive_file 203378688
total_active_file 203100160
total_unevictable 0
--------------------BLKIO-----------------------
11:0 Read 0
11:0 Write 0
11:0 Sync 0
11:0 Async 0
11:0 Total 0
253:0 Read 1296125952
253:0 Write 21561344
253:0 Sync 17752064
253:0 Async 1299935232
253:0 Total 1317687296
Total 1317687296
--------------------CPUAC-----------------------
user 1616
system 1021
--------------------MEMCG-----------------------
MEM ONLY  : 953 MB
MEM+SWAP  : 956 MB
cache 406622208
rss 593285120
rss_huge 0
mapped_file 4907008
writeback 0
swap 3571712
pgpgin 682054
pgpgout 437936
pgfault 341012
pgmajfault 415
inactive_anon 296820736
active_anon 296484864
inactive_file 203501568
active_file 203100160
unevictable 0
hierarchical_memory_limit 999997440
hierarchical_memsw_limit 9223372036854771712
total_cache 406622208
total_rss 593285120
total_rss_huge 0
total_mapped_file 4907008
total_writeback 0
total_swap 3571712
total_pgpgin 682054
total_pgpgout 437936
total_pgfault 341012
total_pgmajfault 415
total_inactive_anon 296820736
total_active_anon 296484864
total_inactive_file 203501568
total_active_file 203100160
total_unevictable 0
--------------------BLKIO-----------------------
11:0 Read 0
11:0 Write 0
11:0 Sync 0
11:0 Async 0
11:0 Total 0
253:0 Read 1297403904
253:0 Write 21598208
253:0 Sync 17788928
253:0 Async 1301213184
253:0 Total 1319002112
Total 1319002112
--------------------CPUAC-----------------------
user 1620
system 1023
--------------------MEMCG-----------------------
MEM ONLY  : 953 MB
MEM+SWAP  : 957 MB
cache 406704128
rss 593285120
rss_huge 0
mapped_file 4907008
writeback 0
swap 3571712
pgpgin 683018
pgpgout 438880
pgfault 341012
pgmajfault 415
inactive_anon 296820736
active_anon 296484864
inactive_file 203542528
active_file 203141120
unevictable 0
hierarchical_memory_limit 999997440
hierarchical_memsw_limit 9223372036854771712
total_cache 406704128
total_rss 593285120
total_rss_huge 0
total_mapped_file 4907008
total_writeback 0
total_swap 3571712
total_pgpgin 683018
total_pgpgout 438880
total_pgfault 341012
total_pgmajfault 415
total_inactive_anon 296820736
total_active_anon 296484864
total_inactive_file 203542528
total_active_file 203141120
total_unevictable 0
--------------------BLKIO-----------------------
11:0 Read 0
11:0 Write 0
11:0 Sync 0
11:0 Async 0
11:0 Total 0
253:0 Read 1298681856
253:0 Write 21643264
253:0 Sync 17833984
253:0 Async 1302491136
253:0 Total 1320325120
Total 1320325120
--------------------CPUAC-----------------------
user 1624
system 1025
--------------------MEMCG-----------------------
MEM ONLY  : 953 MB
MEM+SWAP  : 957 MB
cache 406695936
rss 593285120
rss_huge 0
mapped_file 4907008
writeback 0
swap 3571712
pgpgin 683790
pgpgout 439654
pgfault 341012
pgmajfault 415
inactive_anon 296820736
active_anon 296484864
inactive_file 203509760
active_file 203165696
unevictable 0
hierarchical_memory_limit 999997440
hierarchical_memsw_limit 9223372036854771712
total_cache 406695936
total_rss 593285120
total_rss_huge 0
total_mapped_file 4907008
total_writeback 0
total_swap 3571712
total_pgpgin 683790
total_pgpgout 439654
total_pgfault 341012
total_pgmajfault 415
total_inactive_anon 296820736
total_active_anon 296484864
total_inactive_file 203509760
total_active_file 203165696
total_unevictable 0
--------------------BLKIO-----------------------
11:0 Read 0
11:0 Write 0
11:0 Sync 0
11:0 Async 0
11:0 Total 0
253:0 Read 1299697664
253:0 Write 21659648
253:0 Sync 17850368
253:0 Async 1303506944
253:0 Total 1321357312
Total 1321357312
--------------------CPUAC-----------------------
user 1626
system 1028
--------------------MEMCG-----------------------
MEM ONLY  : 953 MB
MEM+SWAP  : 957 MB
cache 406634496
rss 593281024
rss_huge 0
mapped_file 4911104
writeback 0
swap 3575808
pgpgin 684317
pgpgout 440197
pgfault 341013
pgmajfault 416
inactive_anon 296816640
active_anon 296484864
inactive_file 203337728
active_file 203276288
unevictable 0
hierarchical_memory_limit 999997440
hierarchical_memsw_limit 9223372036854771712
total_cache 406634496
total_rss 593281024
total_rss_huge 0
total_mapped_file 4911104
total_writeback 0
total_swap 3575808
total_pgpgin 684317
total_pgpgout 440197
total_pgfault 341013
total_pgmajfault 416
total_inactive_anon 296816640
total_active_anon 296484864
total_inactive_file 203337728
total_active_file 203276288
total_unevictable 0
--------------------BLKIO-----------------------
11:0 Read 0
11:0 Write 0
11:0 Sync 0
11:0 Async 0
11:0 Total 0
253:0 Read 1300475904
253:0 Write 21721088
253:0 Sync 17911808
253:0 Async 1304285184
253:0 Total 1322196992
Total 1322196992
--------------------CPUAC-----------------------
user 1627
system 1028
--------------------MEMCG-----------------------
MEM ONLY  : 953 MB
MEM+SWAP  : 957 MB
cache 406716416
rss 593281024
rss_huge 0
mapped_file 4911104
writeback 0
swap 3575808
pgpgin 685289
pgpgout 441149
pgfault 341013
pgmajfault 416
inactive_anon 296816640
active_anon 296484864
inactive_file 203485184
active_file 203210752
unevictable 0
hierarchical_memory_limit 999997440
hierarchical_memsw_limit 9223372036854771712
total_cache 406716416
total_rss 593281024
total_rss_huge 0
total_mapped_file 4911104
total_writeback 0
total_swap 3575808
total_pgpgin 685289
total_pgpgout 441149
total_pgfault 341013
total_pgmajfault 416
total_inactive_anon 296816640
total_active_anon 296484864
total_inactive_file 203485184
total_active_file 203210752
total_unevictable 0
--------------------BLKIO-----------------------
11:0 Read 0
11:0 Write 0
11:0 Sync 0
11:0 Async 0
11:0 Total 0
253:0 Read 1301770240
253:0 Write 21741568
253:0 Sync 17932288
253:0 Async 1305579520
253:0 Total 1323511808
Total 1323511808
--------------------CPUAC-----------------------
user 1630
system 1030
--------------------MEMCG-----------------------
MEM ONLY  : 953 MB
MEM+SWAP  : 956 MB
cache 406577152
rss 593248256
rss_huge 0
mapped_file 6377472
writeback 0
swap 3608576
pgpgin 687679
pgpgout 443581
pgfault 342637
pgmajfault 460
inactive_anon 297259008
active_anon 296009728
inactive_file 202235904
active_file 204320768
unevictable 0
hierarchical_memory_limit 999997440
hierarchical_memsw_limit 9223372036854771712
total_cache 406577152
total_rss 593248256
total_rss_huge 0
total_mapped_file 6377472
total_writeback 0
total_swap 3608576
total_pgpgin 687679
total_pgpgout 443581
total_pgfault 342637
total_pgmajfault 460
total_inactive_anon 297259008
total_active_anon 296009728
total_inactive_file 202235904
total_active_file 204320768
total_unevictable 0
--------------------BLKIO-----------------------
11:0 Read 0
11:0 Write 0
11:0 Sync 0
11:0 Async 0
11:0 Total 0
253:0 Read 1303220224
253:0 Write 21815296
253:0 Sync 17973248
253:0 Async 1307062272
253:0 Total 1325035520
Total 1325035520
--------------------CPUAC-----------------------
user 1633
system 1034
--------------------MEMCG-----------------------
MEM ONLY  : 953 MB
MEM+SWAP  : 957 MB
cache 406732800
rss 593231872
rss_huge 0
mapped_file 6377472
writeback 0
swap 3624960
pgpgin 688502
pgpgout 444370
pgfault 342637
pgmajfault 460
inactive_anon 297209856
active_anon 296042496
inactive_file 203513856
active_file 203198464
unevictable 0
hierarchical_memory_limit 999997440
hierarchical_memsw_limit 9223372036854771712
total_cache 406732800
total_rss 593231872
total_rss_huge 0
total_mapped_file 6377472
total_writeback 0
total_swap 3624960
total_pgpgin 688502
total_pgpgout 444370
total_pgfault 342637
total_pgmajfault 460
total_inactive_anon 297209856
total_active_anon 296042496
total_inactive_file 203513856
total_active_file 203198464
total_unevictable 0
--------------------BLKIO-----------------------
11:0 Read 0
11:0 Write 0
11:0 Sync 0
11:0 Async 0
11:0 Total 0
253:0 Read 1304334336
253:0 Write 21872640
253:0 Sync 18014208
253:0 Async 1308192768
253:0 Total 1326206976
Total 1326206976
--------------------CPUAC-----------------------
user 1637
system 1036
--------------------MEMCG-----------------------
MEM ONLY  : 953 MB
MEM+SWAP  : 957 MB
cache 406671360
rss 593231872
rss_huge 0
mapped_file 6377472
writeback 0
swap 3624960
pgpgin 689558
pgpgout 445441
pgfault 342637
pgmajfault 460
inactive_anon 297209856
active_anon 296042496
inactive_file 203427840
active_file 203223040
unevictable 0
hierarchical_memory_limit 999997440
hierarchical_memsw_limit 9223372036854771712
total_cache 406671360
total_rss 593231872
total_rss_huge 0
total_mapped_file 6377472
total_writeback 0
total_swap 3624960
total_pgpgin 689558
total_pgpgout 445441
total_pgfault 342637
total_pgmajfault 460
total_inactive_anon 297209856
total_active_anon 296042496
total_inactive_file 203427840
total_active_file 203223040
total_unevictable 0
--------------------BLKIO-----------------------
11:0 Read 0
11:0 Write 0
11:0 Sync 0
11:0 Async 0
11:0 Total 0
253:0 Read 1305645056
253:0 Write 21934080
253:0 Sync 18075648
253:0 Async 1309503488
253:0 Total 1327579136
Total 1327579136
--------------------CPUAC-----------------------
user 1642
system 1038
--------------------MEMCG-----------------------
MEM ONLY  : 953 MB
MEM+SWAP  : 957 MB
cache 406654976
rss 593231872
rss_huge 0
mapped_file 6377472
writeback 0
swap 3624960
pgpgin 691458
pgpgout 447345
pgfault 342637
pgmajfault 460
inactive_anon 297209856
active_anon 296042496
inactive_file 203411456
active_file 203223040
unevictable 0
hierarchical_memory_limit 999997440
hierarchical_memsw_limit 9223372036854771712
total_cache 406654976
total_rss 593231872
total_rss_huge 0
total_mapped_file 6377472
total_writeback 0
total_swap 3624960
total_pgpgin 691458
total_pgpgout 447345
total_pgfault 342637
total_pgmajfault 460
total_inactive_anon 297209856
total_active_anon 296042496
total_inactive_file 203411456
total_active_file 203223040
total_unevictable 0
--------------------BLKIO-----------------------
11:0 Read 0
11:0 Write 0
11:0 Sync 0
11:0 Async 0
11:0 Total 0
253:0 Read 1308315648
253:0 Write 22016000
253:0 Sync 18157568
253:0 Async 1312174080
253:0 Total 1330331648
Total 1330331648
--------------------CPUAC-----------------------
user 1649
system 1041
--------------------MEMCG-----------------------
MEM ONLY  : 953 MB
MEM+SWAP  : 957 MB
cache 406724608
rss 593231872
rss_huge 0
mapped_file 6377472
writeback 0
swap 3624960
pgpgin 693054
pgpgout 448924
pgfault 342637
pgmajfault 460
inactive_anon 297209856
active_anon 296042496
inactive_file 203640832
active_file 203063296
unevictable 0
hierarchical_memory_limit 999997440
hierarchical_memsw_limit 9223372036854771712
total_cache 406724608
total_rss 593231872
total_rss_huge 0
total_mapped_file 6377472
total_writeback 0
total_swap 3624960
total_pgpgin 693054
total_pgpgout 448924
total_pgfault 342637
total_pgmajfault 460
total_inactive_anon 297209856
total_active_anon 296042496
total_inactive_file 203640832
total_active_file 203063296
total_unevictable 0
--------------------BLKIO-----------------------
11:0 Read 0
11:0 Write 0
11:0 Sync 0
11:0 Async 0
11:0 Total 0
253:0 Read 1310609408
253:0 Write 22097920
253:0 Sync 18239488
253:0 Async 1314467840
253:0 Total 1332707328
Total 1332707328
--------------------CPUAC-----------------------
user 1656
system 1045
--------------------MEMCG-----------------------
MEM ONLY  : 953 MB
MEM+SWAP  : 957 MB
cache 406654976
rss 593231872
rss_huge 0
mapped_file 6377472
writeback 0
swap 3624960
pgpgin 694883
pgpgout 450770
pgfault 342637
pgmajfault 460
inactive_anon 297209856
active_anon 296042496
inactive_file 203505664
active_file 203128832
unevictable 0
hierarchical_memory_limit 999997440
hierarchical_memsw_limit 9223372036854771712
total_cache 406654976
total_rss 593231872
total_rss_huge 0
total_mapped_file 6377472
total_writeback 0
total_swap 3624960
total_pgpgin 694883
total_pgpgout 450770
total_pgfault 342637
total_pgmajfault 460
total_inactive_anon 297209856
total_active_anon 296042496
total_inactive_file 203505664
total_active_file 203128832
total_unevictable 0
--------------------BLKIO-----------------------
11:0 Read 0
11:0 Write 0
11:0 Sync 0
11:0 Async 0
11:0 Total 0
253:0 Read 1313116160
253:0 Write 22179840
253:0 Sync 18321408
253:0 Async 1316974592
253:0 Total 1335296000
Total 1335296000
--------------------CPUAC-----------------------
user 1664
system 1048
--------------------MEMCG-----------------------
MEM ONLY  : 953 MB
MEM+SWAP  : 957 MB
cache 406740992
rss 593231872
rss_huge 0
mapped_file 6377472
writeback 0
swap 3624960
pgpgin 696663
pgpgout 452529
pgfault 342637
pgmajfault 460
inactive_anon 297209856
active_anon 296042496
inactive_file 203464704
active_file 203227136
unevictable 0
hierarchical_memory_limit 999997440
hierarchical_memsw_limit 9223372036854771712
total_cache 406740992
total_rss 593231872
total_rss_huge 0
total_mapped_file 6377472
total_writeback 0
total_swap 3624960
total_pgpgin 696663
total_pgpgout 452529
total_pgfault 342637
total_pgmajfault 460
total_inactive_anon 297209856
total_active_anon 296042496
total_inactive_file 203464704
total_active_file 203227136
total_unevictable 0
--------------------BLKIO-----------------------
11:0 Read 0
11:0 Write 0
11:0 Sync 0
11:0 Async 0
11:0 Total 0
253:0 Read 1315442688
253:0 Write 22261760
253:0 Sync 18403328
253:0 Async 1319301120
253:0 Total 1337704448
Total 1337704448
--------------------CPUAC-----------------------
user 1672
system 1050
--------------------MEMCG-----------------------
MEM ONLY  : 953 MB
MEM+SWAP  : 957 MB
cache 406732800
rss 593231872
rss_huge 0
mapped_file 6377472
writeback 0
swap 3624960
pgpgin 698775
pgpgout 454643
pgfault 342637
pgmajfault 460
inactive_anon 297209856
active_anon 296042496
inactive_file 203522048
active_file 203190272
unevictable 0
hierarchical_memory_limit 999997440
hierarchical_memsw_limit 9223372036854771712
total_cache 406732800
total_rss 593231872
total_rss_huge 0
total_mapped_file 6377472
total_writeback 0
total_swap 3624960
total_pgpgin 698775
total_pgpgout 454643
total_pgfault 342637
total_pgmajfault 460
total_inactive_anon 297209856
total_active_anon 296042496
total_inactive_file 203522048
total_active_file 203190272
total_unevictable 0
--------------------BLKIO-----------------------
11:0 Read 0
11:0 Write 0
11:0 Sync 0
11:0 Async 0
11:0 Total 0
253:0 Read 1318440960
253:0 Write 22380544
253:0 Sync 18522112
253:0 Async 1322299392
253:0 Total 1340821504
Total 1340821504
--------------------CPUAC-----------------------
user 1680
system 1055
--------------------MEMCG-----------------------
MEM ONLY  : 953 MB
MEM+SWAP  : 957 MB
cache 406634496
rss 593231872
rss_huge 0
mapped_file 6377472
writeback 0
swap 3624960
pgpgin 700863
pgpgout 456755
pgfault 342637
pgmajfault 460
inactive_anon 297209856
active_anon 296042496
inactive_file 203452416
active_file 203161600
unevictable 0
hierarchical_memory_limit 999997440
hierarchical_memsw_limit 9223372036854771712
total_cache 406634496
total_rss 593231872
total_rss_huge 0
total_mapped_file 6377472
total_writeback 0
total_swap 3624960
total_pgpgin 700863
total_pgpgout 456755
total_pgfault 342637
total_pgmajfault 460
total_inactive_anon 297209856
total_active_anon 296042496
total_inactive_file 203452416
total_active_file 203161600
total_unevictable 0
--------------------BLKIO-----------------------
11:0 Read 0
11:0 Write 0
11:0 Sync 0
11:0 Async 0
11:0 Total 0
253:0 Read 1321521152
253:0 Write 22466560
253:0 Sync 18608128
253:0 Async 1325379584
253:0 Total 1343987712
Total 1343987712
--------------------CPUAC-----------------------
user 1691
system 1057
--------------------MEMCG-----------------------
MEM ONLY  : 953 MB
MEM+SWAP  : 957 MB
cache 406728704
rss 593231872
rss_huge 0
mapped_file 6377472
writeback 0
swap 3624960
pgpgin 702679
pgpgout 458548
pgfault 342637
pgmajfault 460
inactive_anon 297209856
active_anon 296042496
inactive_file 203550720
active_file 203157504
unevictable 0
hierarchical_memory_limit 999997440
hierarchical_memsw_limit 9223372036854771712
total_cache 406728704
total_rss 593231872
total_rss_huge 0
total_mapped_file 6377472
total_writeback 0
total_swap 3624960
total_pgpgin 702679
total_pgpgout 458548
total_pgfault 342637
total_pgmajfault 460
total_inactive_anon 297209856
total_active_anon 296042496
total_inactive_file 203550720
total_active_file 203157504
total_unevictable 0
--------------------BLKIO-----------------------
11:0 Read 0
11:0 Write 0
11:0 Sync 0
11:0 Async 0
11:0 Total 0
253:0 Read 1323831296
253:0 Write 22548480
253:0 Sync 18690048
253:0 Async 1327689728
253:0 Total 1346379776
Total 1346379776
--------------------CPUAC-----------------------
user 1698
system 1062
--------------------MEMCG-----------------------
MEM ONLY  : 953 MB
MEM+SWAP  : 956 MB
cache 406597632
rss 593231872
rss_huge 0
mapped_file 6377472
writeback 0
swap 3624960
pgpgin 704075
pgpgout 459976
pgfault 342637
pgmajfault 460
inactive_anon 297209856
active_anon 296042496
inactive_file 203399168
active_file 203177984
unevictable 0
hierarchical_memory_limit 999997440
hierarchical_memsw_limit 9223372036854771712
total_cache 406597632
total_rss 593231872
total_rss_huge 0
total_mapped_file 6377472
total_writeback 0
total_swap 3624960
total_pgpgin 704075
total_pgpgout 459976
total_pgfault 342637
total_pgmajfault 460
total_inactive_anon 297209856
total_active_anon 296042496
total_inactive_file 203399168
total_active_file 203177984
total_unevictable 0
--------------------BLKIO-----------------------
11:0 Read 0
11:0 Write 0
11:0 Sync 0
11:0 Async 0
11:0 Total 0
253:0 Read 1325912064
253:0 Write 22589440
253:0 Sync 18731008
253:0 Async 1329770496
253:0 Total 1348501504
Total 1348501504
--------------------CPUAC-----------------------
user 1704
system 1065
--------------------MEMCG-----------------------
MEM ONLY  : 953 MB
MEM+SWAP  : 957 MB
cache 406700032
rss 593231872
rss_huge 0
mapped_file 6377472
writeback 0
swap 3624960
pgpgin 705463
pgpgout 461339
pgfault 342637
pgmajfault 460
inactive_anon 297209856
active_anon 296042496
inactive_file 203407360
active_file 203272192
unevictable 0
hierarchical_memory_limit 999997440
hierarchical_memsw_limit 9223372036854771712
total_cache 406700032
total_rss 593231872
total_rss_huge 0
total_mapped_file 6377472
total_writeback 0
total_swap 3624960
total_pgpgin 705463
total_pgpgout 461339
total_pgfault 342637
total_pgmajfault 460
total_inactive_anon 297209856
total_active_anon 296042496
total_inactive_file 203407360
total_active_file 203272192
total_unevictable 0
--------------------BLKIO-----------------------
11:0 Read 0
11:0 Write 0
11:0 Sync 0
11:0 Async 0
11:0 Total 0
253:0 Read 1327927296
253:0 Write 22671360
253:0 Sync 18812928
253:0 Async 1331785728
253:0 Total 1350598656
Total 1350598656
--------------------CPUAC-----------------------
user 1709
system 1067
--------------------MEMCG-----------------------
MEM ONLY  : 953 MB
MEM+SWAP  : 957 MB
cache 406716416
rss 593231872
rss_huge 0
mapped_file 6377472
writeback 0
swap 3624960
pgpgin 707107
pgpgout 462979
pgfault 342637
pgmajfault 460
inactive_anon 297209856
active_anon 296042496
inactive_file 203505664
active_file 203190272
unevictable 0
hierarchical_memory_limit 999997440
hierarchical_memsw_limit 9223372036854771712
total_cache 406716416
total_rss 593231872
total_rss_huge 0
total_mapped_file 6377472
total_writeback 0
total_swap 3624960
total_pgpgin 707107
total_pgpgout 462979
total_pgfault 342637
total_pgmajfault 460
total_inactive_anon 297209856
total_active_anon 296042496
total_inactive_file 203505664
total_active_file 203190272
total_unevictable 0
--------------------BLKIO-----------------------
11:0 Read 0
11:0 Write 0
11:0 Sync 0
11:0 Async 0
11:0 Total 0
253:0 Read 1330237440
253:0 Write 22753280
253:0 Sync 18894848
253:0 Async 1334095872
253:0 Total 1352990720
Total 1352990720
--------------------CPUAC-----------------------
user 1716
system 1073
--------------------MEMCG-----------------------
MEM ONLY  : 953 MB
MEM+SWAP  : 957 MB
cache 406704128
rss 593231872
rss_huge 0
mapped_file 6377472
writeback 0
swap 3624960
pgpgin 708680
pgpgout 464555
pgfault 342637
pgmajfault 460
inactive_anon 297209856
active_anon 296042496
inactive_file 203468800
active_file 203214848
unevictable 0
hierarchical_memory_limit 999997440
hierarchical_memsw_limit 9223372036854771712
total_cache 406704128
total_rss 593231872
total_rss_huge 0
total_mapped_file 6377472
total_writeback 0
total_swap 3624960
total_pgpgin 708680
total_pgpgout 464555
total_pgfault 342637
total_pgmajfault 460
total_inactive_anon 297209856
total_active_anon 296042496
total_inactive_file 203468800
total_active_file 203214848
total_unevictable 0
--------------------BLKIO-----------------------
11:0 Read 0
11:0 Write 0
11:0 Sync 0
11:0 Async 0
11:0 Total 0
253:0 Read 1332924416
253:0 Write 22835200
253:0 Sync 18976768
253:0 Async 1336782848
253:0 Total 1355759616
Total 1355759616
--------------------CPUAC-----------------------
user 1725
system 1077
--------------------MEMCG-----------------------
MEM ONLY  : 953 MB
MEM+SWAP  : 957 MB
cache 406654976
rss 593231872
rss_huge 0
mapped_file 6377472
writeback 0
swap 3624960
pgpgin 712684
pgpgout 468571
pgfault 342637
pgmajfault 460
inactive_anon 297209856
active_anon 296042496
inactive_file 203362304
active_file 203272192
unevictable 0
hierarchical_memory_limit 999997440
hierarchical_memsw_limit 9223372036854771712
total_cache 406654976
total_rss 593231872
total_rss_huge 0
total_mapped_file 6377472
total_writeback 0
total_swap 3624960
total_pgpgin 712684
total_pgpgout 468571
total_pgfault 342637
total_pgmajfault 460
total_inactive_anon 297209856
total_active_anon 296042496
total_inactive_file 203362304
total_active_file 203272192
total_unevictable 0
--------------------BLKIO-----------------------
11:0 Read 0
11:0 Write 0
11:0 Sync 0
11:0 Async 0
11:0 Total 0
253:0 Read 1338445824
253:0 Write 22999040
253:0 Sync 19140608
253:0 Async 1342304256
253:0 Total 1361444864
Total 1361444864
--------------------CPUAC-----------------------
user 1739
system 1086
--------------------MEMCG-----------------------
MEM ONLY  : 953 MB
MEM+SWAP  : 957 MB
cache 406761472
rss 593231872
rss_huge 0
mapped_file 6377472
writeback 0
swap 3624960
pgpgin 716223
pgpgout 472084
pgfault 342637
pgmajfault 460
inactive_anon 297209856
active_anon 296042496
inactive_file 203456512
active_file 203284480
unevictable 0
hierarchical_memory_limit 999997440
hierarchical_memsw_limit 9223372036854771712
total_cache 406761472
total_rss 593231872
total_rss_huge 0
total_mapped_file 6377472
total_writeback 0
total_swap 3624960
total_pgpgin 716223
total_pgpgout 472084
total_pgfault 342637
total_pgmajfault 460
total_inactive_anon 297209856
total_active_anon 296042496
total_inactive_file 203456512
total_active_file 203284480
total_unevictable 0
--------------------BLKIO-----------------------
11:0 Read 0
11:0 Write 0
11:0 Sync 0
11:0 Async 0
11:0 Total 0
253:0 Read 1343246336
253:0 Write 23162880
253:0 Sync 19304448
253:0 Async 1347104768
253:0 Total 1366409216
Total 1366409216
--------------------CPUAC-----------------------
user 1752
system 1093
--------------------MEMCG-----------------------
MEM ONLY  : 953 MB
MEM+SWAP  : 957 MB
cache 406736896
rss 593231872
rss_huge 0
mapped_file 6377472
writeback 0
swap 3624960
pgpgin 719771
pgpgout 475638
pgfault 342637
pgmajfault 460
inactive_anon 297209856
active_anon 296042496
inactive_file 203489280
active_file 203227136
unevictable 0
hierarchical_memory_limit 999997440
hierarchical_memsw_limit 9223372036854771712
total_cache 406736896
total_rss 593231872
total_rss_huge 0
total_mapped_file 6377472
total_writeback 0
total_swap 3624960
total_pgpgin 719771
total_pgpgout 475638
total_pgfault 342637
total_pgmajfault 460
total_inactive_anon 297209856
total_active_anon 296042496
total_inactive_file 203489280
total_active_file 203227136
total_unevictable 0
--------------------BLKIO-----------------------
11:0 Read 0
11:0 Write 0
11:0 Sync 0
11:0 Async 0
11:0 Total 0
253:0 Read 1348472832
253:0 Write 23326720
253:0 Sync 19468288
253:0 Async 1352331264
253:0 Total 1371799552
Total 1371799552
--------------------CPUAC-----------------------
user 1767
system 1104
--------------------MEMCG-----------------------
MEM ONLY  : 953 MB
MEM+SWAP  : 957 MB
cache 406724608
rss 593231872
rss_huge 0
mapped_file 6377472
writeback 0
swap 3624960
pgpgin 727027
pgpgout 482897
pgfault 342637
pgmajfault 460
inactive_anon 297209856
active_anon 296042496
inactive_file 203493376
active_file 203210752
unevictable 0
hierarchical_memory_limit 999997440
hierarchical_memsw_limit 9223372036854771712
total_cache 406724608
total_rss 593231872
total_rss_huge 0
total_mapped_file 6377472
total_writeback 0
total_swap 3624960
total_pgpgin 727027
total_pgpgout 482897
total_pgfault 342637
total_pgmajfault 460
total_inactive_anon 297209856
total_active_anon 296042496
total_inactive_file 203493376
total_active_file 203210752
total_unevictable 0
--------------------BLKIO-----------------------
11:0 Read 0
11:0 Write 0
11:0 Sync 0
11:0 Async 0
11:0 Total 0
253:0 Read 1359319040
253:0 Write 23650304
253:0 Sync 19791872
253:0 Async 1363177472
253:0 Total 1382969344
Total 1382969344
--------------------CPUAC-----------------------
user 1792
system 1118
--------------------MEMCG-----------------------
MEM ONLY  : 953 MB
MEM+SWAP  : 957 MB
cache 406667264
rss 593231872
rss_huge 0
mapped_file 6377472
writeback 0
swap 3624960
pgpgin 738428
pgpgout 494312
pgfault 342637
pgmajfault 460
inactive_anon 297209856
active_anon 296042496
inactive_file 203399168
active_file 203247616
unevictable 0
hierarchical_memory_limit 999997440
hierarchical_memsw_limit 9223372036854771712
total_cache 406667264
total_rss 593231872
total_rss_huge 0
total_mapped_file 6377472
total_writeback 0
total_swap 3624960
total_pgpgin 738428
total_pgpgout 494312
total_pgfault 342637
total_pgmajfault 460
total_inactive_anon 297209856
total_active_anon 296042496
total_inactive_file 203399168
total_active_file 203247616
total_unevictable 0
--------------------BLKIO-----------------------
11:0 Read 0
11:0 Write 0
11:0 Sync 0
11:0 Async 0
11:0 Total 0
253:0 Read 1375916032
253:0 Write 24178688
253:0 Sync 20320256
253:0 Async 1379774464
253:0 Total 1400094720
Total 1400094720
--------------------CPUAC-----------------------
user 1831
system 1142
--------------------MEMCG-----------------------
MEM ONLY  : 953 MB
MEM+SWAP  : 957 MB
cache 406663168
rss 593231872
rss_huge 0
mapped_file 6377472
writeback 0
swap 3624960
pgpgin 752369
pgpgout 508254
pgfault 342637
pgmajfault 460
inactive_anon 297209856
active_anon 296042496
inactive_file 203390976
active_file 203251712
unevictable 0
hierarchical_memory_limit 999997440
hierarchical_memsw_limit 9223372036854771712
total_cache 406663168
total_rss 593231872
total_rss_huge 0
total_mapped_file 6377472
total_writeback 0
total_swap 3624960
total_pgpgin 752369
total_pgpgout 508254
total_pgfault 342637
total_pgmajfault 460
total_inactive_anon 297209856
total_active_anon 296042496
total_inactive_file 203390976
total_active_file 203251712
total_unevictable 0
--------------------BLKIO-----------------------
11:0 Read 0
11:0 Write 0
11:0 Sync 0
11:0 Async 0
11:0 Total 0
253:0 Read 1396047872
253:0 Write 24797184
253:0 Sync 20938752
253:0 Async 1399906304
253:0 Total 1420845056
Total 1420845056
--------------------CPUAC-----------------------
user 1870
system 1172
--------------------MEMCG-----------------------
MEM ONLY  : 953 MB
MEM+SWAP  : 957 MB
cache 406724608
rss 593227776
rss_huge 0
mapped_file 6377472
writeback 0
swap 3629056
pgpgin 766000
pgpgout 521871
pgfault 342637
pgmajfault 460
inactive_anon 297205760
active_anon 296042496
inactive_file 203419648
active_file 203284480
unevictable 0
hierarchical_memory_limit 999997440
hierarchical_memsw_limit 9223372036854771712
total_cache 406724608
total_rss 593227776
total_rss_huge 0
total_mapped_file 6377472
total_writeback 0
total_swap 3629056
total_pgpgin 766000
total_pgpgout 521871
total_pgfault 342637
total_pgmajfault 460
total_inactive_anon 297205760
total_active_anon 296042496
total_inactive_file 203419648
total_active_file 203284480
total_unevictable 0
--------------------BLKIO-----------------------
11:0 Read 0
11:0 Write 0
11:0 Sync 0
11:0 Async 0
11:0 Total 0
253:0 Read 1416003584
253:0 Write 25448448
253:0 Sync 21585920
253:0 Async 1419866112
253:0 Total 1441452032
Total 1441452032
--------------------CPUAC-----------------------
user 1923
system 1206
--------------------MEMCG-----------------------
MEM ONLY  : 953 MB
MEM+SWAP  : 957 MB
cache 406687744
rss 593223680
rss_huge 0
mapped_file 6377472
writeback 0
swap 3633152
pgpgin 779384
pgpgout 535265
pgfault 342637
pgmajfault 460
inactive_anon 297189376
active_anon 296054784
inactive_file 203419648
active_file 203247616
unevictable 0
hierarchical_memory_limit 999997440
hierarchical_memsw_limit 9223372036854771712
total_cache 406687744
total_rss 593223680
total_rss_huge 0
total_mapped_file 6377472
total_writeback 0
total_swap 3633152
total_pgpgin 779384
total_pgpgout 535265
total_pgfault 342637
total_pgmajfault 460
total_inactive_anon 297189376
total_active_anon 296054784
total_inactive_file 203419648
total_active_file 203247616
total_unevictable 0
--------------------BLKIO-----------------------
11:0 Read 0
11:0 Write 0
11:0 Sync 0
11:0 Async 0
11:0 Total 0
253:0 Read 1436884992
253:0 Write 26021888
253:0 Sync 22155264
253:0 Async 1440751616
253:0 Total 1462906880
Total 1462906880
--------------------CPUAC-----------------------
user 1972
system 1229
--------------------MEMCG-----------------------
MEM ONLY  : 953 MB
MEM+SWAP  : 957 MB
cache 406745088
rss 593211392
rss_huge 0
mapped_file 6377472
writeback 0
swap 3645440
pgpgin 791983
pgpgout 547853
pgfault 342637
pgmajfault 460
inactive_anon 297156608
active_anon 296075264
inactive_file 203485184
active_file 203239424
unevictable 0
hierarchical_memory_limit 999997440
hierarchical_memsw_limit 9223372036854771712
total_cache 406745088
total_rss 593211392
total_rss_huge 0
total_mapped_file 6377472
total_writeback 0
total_swap 3645440
total_pgpgin 791983
total_pgpgout 547853
total_pgfault 342637
total_pgmajfault 460
total_inactive_anon 297156608
total_active_anon 296075264
total_inactive_file 203485184
total_active_file 203239424
total_unevictable 0
--------------------BLKIO-----------------------
11:0 Read 0
11:0 Write 0
11:0 Sync 0
11:0 Async 0
11:0 Total 0
253:0 Read 1456566272
253:0 Write 26640384
253:0 Sync 22761472
253:0 Async 1460445184
253:0 Total 1483206656
Total 1483206656
--------------------CPUAC-----------------------
user 2018
system 1254
