--------------------MEMCG-----------------------
MEM ONLY  : 953 MB
MEM+SWAP  : 956 MB
cache 405614592
rss 594223104
rss_huge 0
mapped_file 6983680
writeback 0
swap 2813952
pgpgin 694127
pgpgout 450026
pgfault 339397
pgmajfault 455
inactive_anon 297299968
active_anon 296939520
inactive_file 203100160
active_file 202498048
unevictable 0
hierarchical_memory_limit 999997440
hierarchical_memsw_limit 9223372036854771712
total_cache 405614592
total_rss 594223104
total_rss_huge 0
total_mapped_file 6983680
total_writeback 0
total_swap 2813952
total_pgpgin 694127
total_pgpgout 450026
total_pgfault 339397
total_pgmajfault 455
total_inactive_anon 297299968
total_active_anon 296939520
total_inactive_file 203100160
total_active_file 202498048
total_unevictable 0
--------------------BLKIO-----------------------
11:0 Read 0
11:0 Write 0
11:0 Sync 0
11:0 Async 0
11:0 Total 0
253:0 Read 1317474304
253:0 Write 21561344
253:0 Sync 18419712
253:0 Async 1320615936
253:0 Total 1339035648
Total 1339035648
--------------------CPUAC-----------------------
user 1656
system 992
--------------------MEMCG-----------------------
MEM ONLY  : 953 MB
MEM+SWAP  : 956 MB
cache 405630976
rss 594223104
rss_huge 0
mapped_file 6983680
writeback 0
swap 2813952
pgpgin 694539
pgpgout 450434
pgfault 339397
pgmajfault 455
inactive_anon 297299968
active_anon 296939520
inactive_file 203149312
active_file 202465280
unevictable 0
hierarchical_memory_limit 999997440
hierarchical_memsw_limit 9223372036854771712
total_cache 405630976
total_rss 594223104
total_rss_huge 0
total_mapped_file 6983680
total_writeback 0
total_swap 2813952
total_pgpgin 694539
total_pgpgout 450434
total_pgfault 339397
total_pgmajfault 455
total_inactive_anon 297299968
total_active_anon 296939520
total_inactive_file 203149312
total_active_file 202465280
total_unevictable 0
--------------------BLKIO-----------------------
11:0 Read 0
11:0 Write 0
11:0 Sync 0
11:0 Async 0
11:0 Total 0
253:0 Read 1318014976
253:0 Write 21561344
253:0 Sync 18419712
253:0 Async 1321156608
253:0 Total 1339576320
Total 1339576320
--------------------CPUAC-----------------------
user 1657
system 992
--------------------MEMCG-----------------------
MEM ONLY  : 953 MB
MEM+SWAP  : 956 MB
cache 405630976
rss 594223104
rss_huge 0
mapped_file 6983680
writeback 0
swap 2813952
pgpgin 694539
pgpgout 450434
pgfault 339397
pgmajfault 455
inactive_anon 297299968
active_anon 296939520
inactive_file 203149312
active_file 202465280
unevictable 0
hierarchical_memory_limit 999997440
hierarchical_memsw_limit 9223372036854771712
total_cache 405630976
total_rss 594223104
total_rss_huge 0
total_mapped_file 6983680
total_writeback 0
total_swap 2813952
total_pgpgin 694539
total_pgpgout 450434
total_pgfault 339397
total_pgmajfault 455
total_inactive_anon 297299968
total_active_anon 296939520
total_inactive_file 203149312
total_active_file 202465280
total_unevictable 0
--------------------BLKIO-----------------------
11:0 Read 0
11:0 Write 0
11:0 Sync 0
11:0 Async 0
11:0 Total 0
253:0 Read 1318014976
253:0 Write 21577728
253:0 Sync 18436096
253:0 Async 1321156608
253:0 Total 1339592704
Total 1339592704
--------------------CPUAC-----------------------
user 1657
system 992
--------------------MEMCG-----------------------
MEM ONLY  : 953 MB
MEM+SWAP  : 956 MB
cache 405630976
rss 594223104
rss_huge 0
mapped_file 6983680
writeback 0
swap 2813952
pgpgin 694539
pgpgout 450434
pgfault 339397
pgmajfault 455
inactive_anon 297299968
active_anon 296939520
inactive_file 203149312
active_file 202465280
unevictable 0
hierarchical_memory_limit 999997440
hierarchical_memsw_limit 9223372036854771712
total_cache 405630976
total_rss 594223104
total_rss_huge 0
total_mapped_file 6983680
total_writeback 0
total_swap 2813952
total_pgpgin 694539
total_pgpgout 450434
total_pgfault 339397
total_pgmajfault 455
total_inactive_anon 297299968
total_active_anon 296939520
total_inactive_file 203149312
total_active_file 202465280
total_unevictable 0
--------------------BLKIO-----------------------
11:0 Read 0
11:0 Write 0
11:0 Sync 0
11:0 Async 0
11:0 Total 0
253:0 Read 1318014976
253:0 Write 21577728
253:0 Sync 18436096
253:0 Async 1321156608
253:0 Total 1339592704
Total 1339592704
--------------------CPUAC-----------------------
user 1657
system 992
--------------------MEMCG-----------------------
MEM ONLY  : 953 MB
MEM+SWAP  : 956 MB
cache 405630976
rss 594223104
rss_huge 0
mapped_file 6983680
writeback 0
swap 2813952
pgpgin 694539
pgpgout 450434
pgfault 339397
pgmajfault 455
inactive_anon 297299968
active_anon 296939520
inactive_file 203149312
active_file 202465280
unevictable 0
hierarchical_memory_limit 999997440
hierarchical_memsw_limit 9223372036854771712
total_cache 405630976
total_rss 594223104
total_rss_huge 0
total_mapped_file 6983680
total_writeback 0
total_swap 2813952
total_pgpgin 694539
total_pgpgout 450434
total_pgfault 339397
total_pgmajfault 455
total_inactive_anon 297299968
total_active_anon 296939520
total_inactive_file 203149312
total_active_file 202465280
total_unevictable 0
--------------------BLKIO-----------------------
11:0 Read 0
11:0 Write 0
11:0 Sync 0
11:0 Async 0
11:0 Total 0
253:0 Read 1318014976
253:0 Write 21577728
253:0 Sync 18436096
253:0 Async 1321156608
253:0 Total 1339592704
Total 1339592704
--------------------CPUAC-----------------------
user 1657
system 992
--------------------MEMCG-----------------------
MEM ONLY  : 953 MB
MEM+SWAP  : 956 MB
cache 405757952
rss 594223104
rss_huge 0
mapped_file 6987776
writeback 0
swap 2813952
pgpgin 696066
pgpgout 451930
pgfault 339398
pgmajfault 456
inactive_anon 297299968
active_anon 296939520
inactive_file 203042816
active_file 202698752
unevictable 0
hierarchical_memory_limit 999997440
hierarchical_memsw_limit 9223372036854771712
total_cache 405757952
total_rss 594223104
total_rss_huge 0
total_mapped_file 6987776
total_writeback 0
total_swap 2813952
total_pgpgin 696066
total_pgpgout 451930
total_pgfault 339398
total_pgmajfault 456
total_inactive_anon 297299968
total_active_anon 296939520
total_inactive_file 203042816
total_active_file 202698752
total_unevictable 0
--------------------BLKIO-----------------------
11:0 Read 0
11:0 Write 0
11:0 Sync 0
11:0 Async 0
11:0 Total 0
253:0 Read 1320300544
253:0 Write 21680128
253:0 Sync 18538496
253:0 Async 1323442176
253:0 Total 1341980672
Total 1341980672
--------------------CPUAC-----------------------
user 1664
system 995
--------------------MEMCG-----------------------
MEM ONLY  : 953 MB
MEM+SWAP  : 956 MB
cache 405659648
rss 594223104
rss_huge 0
mapped_file 6987776
writeback 0
swap 2813952
pgpgin 698962
pgpgout 454850
pgfault 339398
pgmajfault 456
inactive_anon 297299968
active_anon 296939520
inactive_file 202899456
active_file 202743808
unevictable 0
hierarchical_memory_limit 999997440
hierarchical_memsw_limit 9223372036854771712
total_cache 405659648
total_rss 594223104
total_rss_huge 0
total_mapped_file 6987776
total_writeback 0
total_swap 2813952
total_pgpgin 698962
total_pgpgout 454850
total_pgfault 339398
total_pgmajfault 456
total_inactive_anon 297299968
total_active_anon 296939520
total_inactive_file 202899456
total_active_file 202743808
total_unevictable 0
--------------------BLKIO-----------------------
11:0 Read 0
11:0 Write 0
11:0 Sync 0
11:0 Async 0
11:0 Total 0
253:0 Read 1324396544
253:0 Write 21843968
253:0 Sync 18702336
253:0 Async 1327538176
253:0 Total 1346240512
Total 1346240512
--------------------CPUAC-----------------------
user 1676
system 1000
--------------------MEMCG-----------------------
MEM ONLY  : 953 MB
MEM+SWAP  : 956 MB
cache 405671936
rss 594223104
rss_huge 0
mapped_file 6987776
writeback 0
swap 2813952
pgpgin 702558
pgpgout 458443
pgfault 339398
pgmajfault 456
inactive_anon 297299968
active_anon 296939520
inactive_file 202919936
active_file 202735616
unevictable 0
hierarchical_memory_limit 999997440
hierarchical_memsw_limit 9223372036854771712
total_cache 405671936
total_rss 594223104
total_rss_huge 0
total_mapped_file 6987776
total_writeback 0
total_swap 2813952
total_pgpgin 702558
total_pgpgout 458443
total_pgfault 339398
total_pgmajfault 456
total_inactive_anon 297299968
total_active_anon 296939520
total_inactive_file 202919936
total_active_file 202735616
total_unevictable 0
--------------------BLKIO-----------------------
11:0 Read 0
11:0 Write 0
11:0 Sync 0
11:0 Async 0
11:0 Total 0
253:0 Read 1329803264
253:0 Write 22007808
253:0 Sync 18866176
253:0 Async 1332944896
253:0 Total 1351811072
Total 1351811072
--------------------CPUAC-----------------------
user 1688
system 1006
--------------------MEMCG-----------------------
MEM ONLY  : 953 MB
MEM+SWAP  : 956 MB
cache 405774336
rss 594223104
rss_huge 0
mapped_file 6987776
writeback 0
swap 2813952
pgpgin 706686
pgpgout 462546
pgfault 339398
pgmajfault 456
inactive_anon 297299968
active_anon 296939520
inactive_file 203079680
active_file 202678272
unevictable 0
hierarchical_memory_limit 999997440
hierarchical_memsw_limit 9223372036854771712
total_cache 405774336
total_rss 594223104
total_rss_huge 0
total_mapped_file 6987776
total_writeback 0
total_swap 2813952
total_pgpgin 706686
total_pgpgout 462546
total_pgfault 339398
total_pgmajfault 456
total_inactive_anon 297299968
total_active_anon 296939520
total_inactive_file 203079680
total_active_file 202678272
total_unevictable 0
--------------------BLKIO-----------------------
11:0 Read 0
11:0 Write 0
11:0 Sync 0
11:0 Async 0
11:0 Total 0
253:0 Read 1335865344
253:0 Write 22171648
253:0 Sync 19030016
253:0 Async 1339006976
253:0 Total 1358036992
Total 1358036992
--------------------CPUAC-----------------------
user 1704
system 1012
--------------------MEMCG-----------------------
MEM ONLY  : 953 MB
MEM+SWAP  : 956 MB
cache 405651456
rss 594223104
rss_huge 0
mapped_file 6987776
writeback 0
swap 2813952
pgpgin 710862
pgpgout 466752
pgfault 339398
pgmajfault 456
inactive_anon 297299968
active_anon 296939520
inactive_file 202891264
active_file 202743808
unevictable 0
hierarchical_memory_limit 999997440
hierarchical_memsw_limit 9223372036854771712
total_cache 405651456
total_rss 594223104
total_rss_huge 0
total_mapped_file 6987776
total_writeback 0
total_swap 2813952
total_pgpgin 710862
total_pgpgout 466752
total_pgfault 339398
total_pgmajfault 456
total_inactive_anon 297299968
total_active_anon 296939520
total_inactive_file 202891264
total_active_file 202743808
total_unevictable 0
--------------------BLKIO-----------------------
11:0 Read 0
11:0 Write 0
11:0 Sync 0
11:0 Async 0
11:0 Total 0
253:0 Read 1341812736
253:0 Write 22376448
253:0 Sync 19234816
253:0 Async 1344954368
253:0 Total 1364189184
Total 1364189184
--------------------CPUAC-----------------------
user 1718
system 1020
--------------------MEMCG-----------------------
MEM ONLY  : 953 MB
MEM+SWAP  : 956 MB
cache 405655552
rss 594223104
rss_huge 0
mapped_file 6987776
writeback 0
swap 2813952
pgpgin 714930
pgpgout 470819
pgfault 339398
pgmajfault 456
inactive_anon 297299968
active_anon 296939520
inactive_file 202842112
active_file 202797056
unevictable 0
hierarchical_memory_limit 999997440
hierarchical_memsw_limit 9223372036854771712
total_cache 405655552
total_rss 594223104
total_rss_huge 0
total_mapped_file 6987776
total_writeback 0
total_swap 2813952
total_pgpgin 714930
total_pgpgout 470819
total_pgfault 339398
total_pgmajfault 456
total_inactive_anon 297299968
total_active_anon 296939520
total_inactive_file 202842112
total_active_file 202797056
total_unevictable 0
--------------------BLKIO-----------------------
11:0 Read 0
11:0 Write 0
11:0 Sync 0
11:0 Async 0
11:0 Total 0
253:0 Read 1348104192
253:0 Write 22540288
253:0 Sync 19398656
253:0 Async 1351245824
253:0 Total 1370644480
Total 1370644480
--------------------CPUAC-----------------------
user 1732
system 1028
--------------------MEMCG-----------------------
MEM ONLY  : 953 MB
MEM+SWAP  : 956 MB
cache 405716992
rss 594178048
rss_huge 0
mapped_file 6987776
writeback 0
swap 2859008
pgpgin 718938
pgpgout 474823
pgfault 339398
pgmajfault 456
inactive_anon 297254912
active_anon 296939520
inactive_file 202956800
active_file 202743808
unevictable 0
hierarchical_memory_limit 999997440
hierarchical_memsw_limit 9223372036854771712
total_cache 405716992
total_rss 594178048
total_rss_huge 0
total_mapped_file 6987776
total_writeback 0
total_swap 2859008
total_pgpgin 718938
total_pgpgout 474823
total_pgfault 339398
total_pgmajfault 456
total_inactive_anon 297254912
total_active_anon 296939520
total_inactive_file 202956800
total_active_file 202743808
total_unevictable 0
--------------------BLKIO-----------------------
11:0 Read 0
11:0 Write 0
11:0 Sync 0
11:0 Async 0
11:0 Total 0
253:0 Read 1353871360
253:0 Write 22773760
253:0 Sync 19603456
253:0 Async 1357041664
253:0 Total 1376645120
Total 1376645120
--------------------CPUAC-----------------------
user 1744
system 1039
--------------------MEMCG-----------------------
MEM ONLY  : 953 MB
MEM+SWAP  : 956 MB
cache 405790720
rss 594178048
rss_huge 0
mapped_file 6987776
writeback 0
swap 2859008
pgpgin 722070
pgpgout 477937
pgfault 339398
pgmajfault 456
inactive_anon 297254912
active_anon 296939520
inactive_file 203108352
active_file 202665984
unevictable 0
hierarchical_memory_limit 999997440
hierarchical_memsw_limit 9223372036854771712
total_cache 405790720
total_rss 594178048
total_rss_huge 0
total_mapped_file 6987776
total_writeback 0
total_swap 2859008
total_pgpgin 722070
total_pgpgout 477937
total_pgfault 339398
total_pgmajfault 456
total_inactive_anon 297254912
total_active_anon 296939520
total_inactive_file 203108352
total_active_file 202665984
total_unevictable 0
--------------------BLKIO-----------------------
11:0 Read 0
11:0 Write 0
11:0 Sync 0
11:0 Async 0
11:0 Total 0
253:0 Read 1358934016
253:0 Write 22937600
253:0 Sync 19767296
253:0 Async 1362104320
253:0 Total 1381871616
Total 1381871616
--------------------CPUAC-----------------------
user 1757
system 1043
--------------------MEMCG-----------------------
MEM ONLY  : 953 MB
MEM+SWAP  : 956 MB
cache 405770240
rss 594145280
rss_huge 0
mapped_file 6987776
writeback 0
swap 2891776
pgpgin 726209
pgpgout 482089
pgfault 340925
pgmajfault 473
inactive_anon 297746432
active_anon 296415232
inactive_file 203157504
active_file 202596352
unevictable 0
hierarchical_memory_limit 999997440
hierarchical_memsw_limit 9223372036854771712
total_cache 405770240
total_rss 594145280
total_rss_huge 0
total_mapped_file 6987776
total_writeback 0
total_swap 2891776
total_pgpgin 726209
total_pgpgout 482089
total_pgfault 340925
total_pgmajfault 473
total_inactive_anon 297746432
total_active_anon 296415232
total_inactive_file 203157504
total_active_file 202596352
total_unevictable 0
--------------------BLKIO-----------------------
11:0 Read 0
11:0 Write 0
11:0 Sync 0
11:0 Async 0
11:0 Total 0
253:0 Read 1364307968
253:0 Write 23093248
253:0 Sync 19890176
253:0 Async 1367511040
253:0 Total 1387401216
Total 1387401216
--------------------CPUAC-----------------------
user 1773
system 1051
--------------------MEMCG-----------------------
MEM ONLY  : 953 MB
MEM+SWAP  : 956 MB
cache 405807104
rss 594145280
rss_huge 0
mapped_file 6987776
writeback 0
swap 2891776
pgpgin 730760
pgpgout 486631
pgfault 340925
pgmajfault 473
inactive_anon 297746432
active_anon 296415232
inactive_file 203010048
active_file 202780672
unevictable 0
hierarchical_memory_limit 999997440
hierarchical_memsw_limit 9223372036854771712
total_cache 405807104
total_rss 594145280
total_rss_huge 0
total_mapped_file 6987776
total_writeback 0
total_swap 2891776
total_pgpgin 730760
total_pgpgout 486631
total_pgfault 340925
total_pgmajfault 473
total_inactive_anon 297746432
total_active_anon 296415232
total_inactive_file 203010048
total_active_file 202780672
total_unevictable 0
--------------------BLKIO-----------------------
11:0 Read 0
11:0 Write 0
11:0 Sync 0
11:0 Async 0
11:0 Total 0
253:0 Read 1371168768
253:0 Write 23318528
253:0 Sync 20115456
253:0 Async 1374371840
253:0 Total 1394487296
Total 1394487296
--------------------CPUAC-----------------------
user 1792
system 1058
--------------------MEMCG-----------------------
MEM ONLY  : 953 MB
MEM+SWAP  : 956 MB
cache 405753856
rss 594145280
rss_huge 0
mapped_file 7237632
writeback 0
swap 2891776
pgpgin 734971
pgpgout 490855
pgfault 341323
pgmajfault 482
inactive_anon 297721856
active_anon 296439808
inactive_file 203014144
active_file 202723328
unevictable 0
hierarchical_memory_limit 999997440
hierarchical_memsw_limit 9223372036854771712
total_cache 405753856
total_rss 594145280
total_rss_huge 0
total_mapped_file 7237632
total_writeback 0
total_swap 2891776
total_pgpgin 734971
total_pgpgout 490855
total_pgfault 341323
total_pgmajfault 482
total_inactive_anon 297721856
total_active_anon 296439808
total_inactive_file 203014144
total_active_file 202723328
total_unevictable 0
--------------------BLKIO-----------------------
11:0 Read 0
11:0 Write 0
11:0 Sync 0
11:0 Async 0
11:0 Total 0
253:0 Read 1377366016
253:0 Write 23502848
253:0 Sync 20299776
253:0 Async 1380569088
253:0 Total 1400868864
Total 1400868864
--------------------CPUAC-----------------------
user 1808
system 1064
--------------------MEMCG-----------------------
MEM ONLY  : 953 MB
MEM+SWAP  : 956 MB
cache 405757952
rss 594145280
rss_huge 0
mapped_file 7237632
writeback 0
swap 2891776
pgpgin 738487
pgpgout 494370
pgfault 341323
pgmajfault 482
inactive_anon 297721856
active_anon 296439808
inactive_file 202964992
active_file 202776576
unevictable 0
hierarchical_memory_limit 999997440
hierarchical_memsw_limit 9223372036854771712
total_cache 405757952
total_rss 594145280
total_rss_huge 0
total_mapped_file 7237632
total_writeback 0
total_swap 2891776
total_pgpgin 738487
total_pgpgout 494370
total_pgfault 341323
total_pgmajfault 482
total_inactive_anon 297721856
total_active_anon 296439808
total_inactive_file 202964992
total_active_file 202776576
total_unevictable 0
--------------------BLKIO-----------------------
11:0 Read 0
11:0 Write 0
11:0 Sync 0
11:0 Async 0
11:0 Total 0
253:0 Read 1382477824
253:0 Write 23666688
253:0 Sync 20463616
253:0 Async 1385680896
253:0 Total 1406144512
Total 1406144512
--------------------CPUAC-----------------------
user 1824
system 1071
--------------------MEMCG-----------------------
MEM ONLY  : 953 MB
MEM+SWAP  : 956 MB
cache 405815296
rss 594141184
rss_huge 0
mapped_file 7237632
writeback 0
swap 2895872
pgpgin 743381
pgpgout 499251
pgfault 341323
pgmajfault 482
inactive_anon 297717760
active_anon 296439808
inactive_file 202977280
active_file 202821632
unevictable 0
hierarchical_memory_limit 999997440
hierarchical_memsw_limit 9223372036854771712
total_cache 405815296
total_rss 594141184
total_rss_huge 0
total_mapped_file 7237632
total_writeback 0
total_swap 2895872
total_pgpgin 743381
total_pgpgout 499251
total_pgfault 341323
total_pgmajfault 482
total_inactive_anon 297717760
total_active_anon 296439808
total_inactive_file 202977280
total_active_file 202821632
total_unevictable 0
--------------------BLKIO-----------------------
11:0 Read 0
11:0 Write 0
11:0 Sync 0
11:0 Async 0
11:0 Total 0
253:0 Read 1389490176
253:0 Write 23871488
253:0 Sync 20668416
253:0 Async 1392693248
253:0 Total 1413361664
Total 1413361664
--------------------CPUAC-----------------------
user 1841
system 1081
--------------------MEMCG-----------------------
MEM ONLY  : 953 MB
MEM+SWAP  : 956 MB
cache 405856256
rss 594141184
rss_huge 0
mapped_file 7237632
writeback 0
swap 2895872
pgpgin 747521
pgpgout 503381
pgfault 341324
pgmajfault 482
inactive_anon 297717760
active_anon 296439808
inactive_file 203075584
active_file 202764288
unevictable 0
hierarchical_memory_limit 999997440
hierarchical_memsw_limit 9223372036854771712
total_cache 405856256
total_rss 594141184
total_rss_huge 0
total_mapped_file 7237632
total_writeback 0
total_swap 2895872
total_pgpgin 747521
total_pgpgout 503381
total_pgfault 341324
total_pgmajfault 482
total_inactive_anon 297717760
total_active_anon 296439808
total_inactive_file 203075584
total_active_file 202764288
total_unevictable 0
--------------------BLKIO-----------------------
11:0 Read 0
11:0 Write 0
11:0 Sync 0
11:0 Async 0
11:0 Total 0
253:0 Read 1395732480
253:0 Write 24076288
253:0 Sync 20873216
253:0 Async 1398935552
253:0 Total 1419808768
Total 1419808768
--------------------CPUAC-----------------------
user 1854
system 1091
--------------------MEMCG-----------------------
MEM ONLY  : 953 MB
MEM+SWAP  : 956 MB
cache 405786624
rss 594141184
rss_huge 0
mapped_file 7237632
writeback 0
swap 2895872
pgpgin 751237
pgpgout 507114
pgfault 341324
pgmajfault 482
inactive_anon 297717760
active_anon 296439808
inactive_file 203026432
active_file 202743808
unevictable 0
hierarchical_memory_limit 999997440
hierarchical_memsw_limit 9223372036854771712
total_cache 405786624
total_rss 594141184
total_rss_huge 0
total_mapped_file 7237632
total_writeback 0
total_swap 2895872
total_pgpgin 751237
total_pgpgout 507114
total_pgfault 341324
total_pgmajfault 482
total_inactive_anon 297717760
total_active_anon 296439808
total_inactive_file 203026432
total_active_file 202743808
total_unevictable 0
--------------------BLKIO-----------------------
11:0 Read 0
11:0 Write 0
11:0 Sync 0
11:0 Async 0
11:0 Total 0
253:0 Read 1402351616
253:0 Write 24240128
253:0 Sync 21037056
253:0 Async 1405554688
253:0 Total 1426591744
Total 1426591744
--------------------CPUAC-----------------------
user 1867
system 1100
--------------------MEMCG-----------------------
MEM ONLY  : 953 MB
MEM+SWAP  : 956 MB
cache 405827584
rss 594141184
rss_huge 0
mapped_file 7237632
writeback 0
swap 2895872
pgpgin 761777
pgpgout 517644
pgfault 341324
pgmajfault 482
inactive_anon 297717760
active_anon 296439808
inactive_file 203018240
active_file 202792960
unevictable 0
hierarchical_memory_limit 999997440
hierarchical_memsw_limit 9223372036854771712
total_cache 405827584
total_rss 594141184
total_rss_huge 0
total_mapped_file 7237632
total_writeback 0
total_swap 2895872
total_pgpgin 761777
total_pgpgout 517644
total_pgfault 341324
total_pgmajfault 482
total_inactive_anon 297717760
total_active_anon 296439808
total_inactive_file 203018240
total_active_file 202792960
total_unevictable 0
--------------------BLKIO-----------------------
11:0 Read 0
11:0 Write 0
11:0 Sync 0
11:0 Async 0
11:0 Total 0
253:0 Read 1418244096
253:0 Write 24616960
253:0 Sync 21413888
253:0 Async 1421447168
253:0 Total 1442861056
Total 1442861056
--------------------CPUAC-----------------------
user 1907
system 1120
--------------------MEMCG-----------------------
MEM ONLY  : 953 MB
MEM+SWAP  : 956 MB
cache 405827584
rss 594141184
rss_huge 0
mapped_file 7237632
writeback 0
swap 2895872
pgpgin 782054
pgpgout 537921
pgfault 341324
pgmajfault 482
inactive_anon 297717760
active_anon 296439808
inactive_file 203034624
active_file 202776576
unevictable 0
hierarchical_memory_limit 999997440
hierarchical_memsw_limit 9223372036854771712
total_cache 405827584
total_rss 594141184
total_rss_huge 0
total_mapped_file 7237632
total_writeback 0
total_swap 2895872
total_pgpgin 782054
total_pgpgout 537921
total_pgfault 341324
total_pgmajfault 482
total_inactive_anon 297717760
total_active_anon 296439808
total_inactive_file 203034624
total_active_file 202776576
total_unevictable 0
--------------------BLKIO-----------------------
11:0 Read 0
11:0 Write 0
11:0 Sync 0
11:0 Async 0
11:0 Total 0
253:0 Read 1450225664
253:0 Write 25354240
253:0 Sync 22151168
253:0 Async 1453428736
253:0 Total 1475579904
Total 1475579904
--------------------CPUAC-----------------------
user 1981
system 1160
--------------------MEMCG-----------------------
MEM ONLY  : 953 MB
MEM+SWAP  : 956 MB
cache 405819392
rss 594128896
rss_huge 0
mapped_file 7237632
writeback 0
swap 2908160
pgpgin 802007
pgpgout 557879
pgfault 341324
pgmajfault 482
inactive_anon 297705472
active_anon 296439808
inactive_file 202993664
active_file 202809344
unevictable 0
hierarchical_memory_limit 999997440
hierarchical_memsw_limit 9223372036854771712
total_cache 405819392
total_rss 594128896
total_rss_huge 0
total_mapped_file 7237632
total_writeback 0
total_swap 2908160
total_pgpgin 802007
total_pgpgout 557879
total_pgfault 341324
total_pgmajfault 482
total_inactive_anon 297705472
total_active_anon 296439808
total_inactive_file 202993664
total_active_file 202809344
total_unevictable 0
--------------------BLKIO-----------------------
11:0 Read 0
11:0 Write 0
11:0 Sync 0
11:0 Async 0
11:0 Total 0
253:0 Read 1480552448
253:0 Write 26177536
253:0 Sync 22962176
253:0 Async 1483767808
253:0 Total 1506729984
Total 1506729984
--------------------CPUAC-----------------------
user 2049
system 1199
--------------------MEMCG-----------------------
MEM ONLY  : 953 MB
MEM+SWAP  : 956 MB
cache 405782528
rss 594112512
rss_huge 0
mapped_file 7237632
writeback 0
swap 2924544
pgpgin 822255
pgpgout 578140
pgfault 341324
pgmajfault 482
inactive_anon 297689088
active_anon 296439808
inactive_file 202915840
active_file 202850304
unevictable 0
hierarchical_memory_limit 999997440
hierarchical_memsw_limit 9223372036854771712
total_cache 405782528
total_rss 594112512
total_rss_huge 0
total_mapped_file 7237632
total_writeback 0
total_swap 2924544
total_pgpgin 822255
total_pgpgout 578140
total_pgfault 341324
total_pgmajfault 482
total_inactive_anon 297689088
total_active_anon 296439808
total_inactive_file 202915840
total_active_file 202850304
total_unevictable 0
--------------------BLKIO-----------------------
11:0 Read 0
11:0 Write 0
11:0 Sync 0
11:0 Async 0
11:0 Total 0
253:0 Read 1512550400
253:0 Write 27009024
253:0 Sync 23773184
253:0 Async 1515786240
253:0 Total 1539559424
Total 1539559424
--------------------CPUAC-----------------------
user 2112
system 1243
--------------------MEMCG-----------------------
MEM ONLY  : 953 MB
MEM+SWAP  : 956 MB
cache 405909504
rss 594087936
rss_huge 0
mapped_file 7237632
writeback 0
swap 2949120
pgpgin 843312
pgpgout 599172
pgfault 341324
pgmajfault 482
inactive_anon 297664512
active_anon 296439808
inactive_file 203083776
active_file 202809344
unevictable 0
hierarchical_memory_limit 999997440
hierarchical_memsw_limit 9223372036854771712
total_cache 405909504
total_rss 594087936
total_rss_huge 0
total_mapped_file 7237632
total_writeback 0
total_swap 2949120
total_pgpgin 843312
total_pgpgout 599172
total_pgfault 341324
total_pgmajfault 482
total_inactive_anon 297664512
total_active_anon 296439808
total_inactive_file 203083776
total_active_file 202809344
total_unevictable 0
--------------------BLKIO-----------------------
11:0 Read 0
11:0 Write 0
11:0 Sync 0
11:0 Async 0
11:0 Total 0
253:0 Read 1543892992
253:0 Write 27824128
253:0 Sync 24567808
253:0 Async 1547149312
253:0 Total 1571717120
Total 1571717120
--------------------CPUAC-----------------------
user 2181
system 1277
--------------------MEMCG-----------------------
MEM ONLY  : 953 MB
MEM+SWAP  : 956 MB
cache 405897216
rss 594051072
rss_huge 0
mapped_file 7237632
writeback 20480
swap 2985984
pgpgin 864786
pgpgout 620658
pgfault 341324
pgmajfault 482
inactive_anon 297627648
active_anon 296439808
inactive_file 203075584
active_file 202805248
unevictable 0
hierarchical_memory_limit 999997440
hierarchical_memsw_limit 9223372036854771712
total_cache 405897216
total_rss 594051072
total_rss_huge 0
total_mapped_file 7237632
total_writeback 20480
total_swap 2985984
total_pgpgin 864786
total_pgpgout 620658
total_pgfault 341324
total_pgmajfault 482
total_inactive_anon 297627648
total_active_anon 296439808
total_inactive_file 203075584
total_active_file 202805248
total_unevictable 0
--------------------BLKIO-----------------------
11:0 Read 0
11:0 Write 0
11:0 Sync 0
11:0 Async 0
11:0 Total 0
253:0 Read 1577267200
253:0 Write 28651520
253:0 Sync 25358336
253:0 Async 1580560384
253:0 Total 1605918720
Total 1605918720
--------------------CPUAC-----------------------
user 2258
system 1318
--------------------MEMCG-----------------------
MEM ONLY  : 953 MB
MEM+SWAP  : 956 MB
cache 405987328
rss 593883136
rss_huge 0
mapped_file 7180288
writeback 0
swap 3153920
pgpgin 881803
pgpgout 637694
pgfault 341324
pgmajfault 482
inactive_anon 297459712
active_anon 296439808
inactive_file 203034624
active_file 202936320
unevictable 0
hierarchical_memory_limit 999997440
hierarchical_memsw_limit 9223372036854771712
total_cache 405987328
total_rss 593883136
total_rss_huge 0
total_mapped_file 7180288
total_writeback 0
total_swap 3153920
total_pgpgin 881803
total_pgpgout 637694
total_pgfault 341324
total_pgmajfault 482
total_inactive_anon 297459712
total_active_anon 296439808
total_inactive_file 203034624
total_active_file 202936320
total_unevictable 0
--------------------BLKIO-----------------------
11:0 Read 0
11:0 Write 0
11:0 Sync 0
11:0 Async 0
11:0 Total 0
253:0 Read 1604055040
253:0 Write 29552640
253:0 Sync 26087424
253:0 Async 1607520256
253:0 Total 1633607680
Total 1633607680
--------------------CPUAC-----------------------
user 2318
system 1344
--------------------MEMCG-----------------------
MEM ONLY  : 953 MB
MEM+SWAP  : 956 MB
cache 406126592
rss 593756160
rss_huge 0
mapped_file 7180288
writeback 0
swap 3280896
pgpgin 895235
pgpgout 651123
pgfault 341324
pgmajfault 482
inactive_anon 297332736
active_anon 296439808
inactive_file 203087872
active_file 203022336
unevictable 0
hierarchical_memory_limit 999997440
hierarchical_memsw_limit 9223372036854771712
total_cache 406126592
total_rss 593756160
total_rss_huge 0
total_mapped_file 7180288
total_writeback 0
total_swap 3280896
total_pgpgin 895235
total_pgpgout 651123
total_pgfault 341324
total_pgmajfault 482
total_inactive_anon 297332736
total_active_anon 296439808
total_inactive_file 203087872
total_active_file 203022336
total_unevictable 0
--------------------BLKIO-----------------------
11:0 Read 0
11:0 Write 0
11:0 Sync 0
11:0 Async 0
11:0 Total 0
253:0 Read 1624743936
253:0 Write 30294016
253:0 Sync 26697728
253:0 Async 1628340224
253:0 Total 1655037952
Total 1655037952
--------------------CPUAC-----------------------
user 2366
system 1372
--------------------MEMCG-----------------------
MEM ONLY  : 953 MB
MEM+SWAP  : 956 MB
cache 406269952
rss 593702912
rss_huge 0
mapped_file 7180288
writeback 0
swap 3334144
pgpgin 908059
pgpgout 663925
pgfault 341324
pgmajfault 482
inactive_anon 297279488
active_anon 296439808
inactive_file 203251712
active_file 203001856
unevictable 0
hierarchical_memory_limit 999997440
hierarchical_memsw_limit 9223372036854771712
total_cache 406269952
total_rss 593702912
total_rss_huge 0
total_mapped_file 7180288
total_writeback 0
total_swap 3334144
total_pgpgin 908059
total_pgpgout 663925
total_pgfault 341324
total_pgmajfault 482
total_inactive_anon 297279488
total_active_anon 296439808
total_inactive_file 203251712
total_active_file 203001856
total_unevictable 0
--------------------BLKIO-----------------------
11:0 Read 0
11:0 Write 0
11:0 Sync 0
11:0 Async 0
11:0 Total 0
253:0 Read 1644306432
253:0 Write 30953472
253:0 Sync 27308032
253:0 Async 1647951872
253:0 Total 1675259904
Total 1675259904
--------------------CPUAC-----------------------
user 2410
system 1396
--------------------MEMCG-----------------------
MEM ONLY  : 953 MB
MEM+SWAP  : 956 MB
cache 406196224
rss 593666048
rss_huge 0
mapped_file 7180288
writeback 0
swap 3371008
pgpgin 920783
pgpgout 676676
pgfault 341324
pgmajfault 482
inactive_anon 297230336
active_anon 296452096
inactive_file 203165696
active_file 203014144
unevictable 0
hierarchical_memory_limit 999997440
hierarchical_memsw_limit 9223372036854771712
total_cache 406196224
total_rss 593666048
total_rss_huge 0
total_mapped_file 7180288
total_writeback 0
total_swap 3371008
total_pgpgin 920783
total_pgpgout 676676
total_pgfault 341324
total_pgmajfault 482
total_inactive_anon 297230336
total_active_anon 296452096
total_inactive_file 203165696
total_active_file 203014144
total_unevictable 0
--------------------BLKIO-----------------------
11:0 Read 0
11:0 Write 0
11:0 Sync 0
11:0 Async 0
11:0 Total 0
253:0 Read 1664557056
253:0 Write 31612928
253:0 Sync 27918336
253:0 Async 1668251648
253:0 Total 1696169984
Total 1696169984
--------------------CPUAC-----------------------
user 2452
system 1416
