--------------------MEMCG-----------------------
MEM ONLY  : 953 MB
MEM+SWAP  : 953 MB
cache 988823552
rss 10993664
rss_huge 0
mapped_file 80072704
writeback 0
swap 0
pgpgin 5229864
pgpgout 4985768
pgfault 1286755
pgmajfault 387
inactive_anon 6774784
active_anon 4304896
inactive_file 526069760
active_file 462663680
unevictable 0
hierarchical_memory_limit 999997440
hierarchical_memsw_limit 9223372036854771712
total_cache 988823552
total_rss 10993664
total_rss_huge 0
total_mapped_file 80072704
total_writeback 0
total_swap 0
total_pgpgin 5229864
total_pgpgout 4985768
total_pgfault 1286755
total_pgmajfault 387
total_inactive_anon 6774784
total_active_anon 4304896
total_inactive_file 526069760
total_active_file 462663680
total_unevictable 0
--------------------BLKIO-----------------------
11:0 Read 0
11:0 Write 0
11:0 Sync 0
11:0 Async 0
11:0 Total 0
253:0 Read 6935875584
253:0 Write 233472
253:0 Sync 0
253:0 Async 6936109056
253:0 Total 6936109056
Total 6936109056
--------------------CPUAC-----------------------
user 760
system 18089
--------------------MEMCG-----------------------
MEM ONLY  : 953 MB
MEM+SWAP  : 953 MB
cache 988725248
rss 10973184
rss_huge 0
mapped_file 80072704
writeback 520192
swap 0
pgpgin 5237908
pgpgout 4993841
pgfault 1289572
pgmajfault 387
inactive_anon 6774784
active_anon 4284416
inactive_file 528027648
active_file 460611584
unevictable 0
hierarchical_memory_limit 999997440
hierarchical_memsw_limit 9223372036854771712
total_cache 988725248
total_rss 10973184
total_rss_huge 0
total_mapped_file 80072704
total_writeback 520192
total_swap 0
total_pgpgin 5237908
total_pgpgout 4993841
total_pgfault 1289572
total_pgmajfault 387
total_inactive_anon 6774784
total_active_anon 4284416
total_inactive_file 528027648
total_active_file 460611584
total_unevictable 0
--------------------BLKIO-----------------------
11:0 Read 0
11:0 Write 0
11:0 Sync 0
11:0 Async 0
11:0 Total 0
253:0 Read 6946164736
253:0 Write 233472
253:0 Sync 0
253:0 Async 6946398208
253:0 Total 6946398208
Total 6946398208
--------------------CPUAC-----------------------
user 771
system 18140
--------------------MEMCG-----------------------
MEM ONLY  : 953 MB
MEM+SWAP  : 953 MB
cache 988872704
rss 10973184
rss_huge 0
mapped_file 80072704
writeback 409600
swap 0
pgpgin 5246917
pgpgout 5002814
pgfault 1292610
pgmajfault 387
inactive_anon 6774784
active_anon 4284416
inactive_file 530239488
active_file 458547200
unevictable 0
hierarchical_memory_limit 999997440
hierarchical_memsw_limit 9223372036854771712
total_cache 988872704
total_rss 10973184
total_rss_huge 0
total_mapped_file 80072704
total_writeback 409600
total_swap 0
total_pgpgin 5246917
total_pgpgout 5002814
total_pgfault 1292610
total_pgmajfault 387
total_inactive_anon 6774784
total_active_anon 4284416
total_inactive_file 530239488
total_active_file 458547200
total_unevictable 0
--------------------BLKIO-----------------------
11:0 Read 0
11:0 Write 0
11:0 Sync 0
11:0 Async 0
11:0 Total 0
253:0 Read 6957346816
253:0 Write 233472
253:0 Sync 0
253:0 Async 6957580288
253:0 Total 6957580288
Total 6957580288
--------------------CPUAC-----------------------
user 788
system 18186
--------------------MEMCG-----------------------
MEM ONLY  : 953 MB
MEM+SWAP  : 953 MB
cache 988844032
rss 10973184
rss_huge 0
mapped_file 80072704
writeback 217088
swap 0
pgpgin 5254821
pgpgout 5010725
pgfault 1294345
pgmajfault 387
inactive_anon 6774784
active_anon 4284416
inactive_file 532774912
active_file 455983104
unevictable 0
hierarchical_memory_limit 999997440
hierarchical_memsw_limit 9223372036854771712
total_cache 988844032
total_rss 10973184
total_rss_huge 0
total_mapped_file 80072704
total_writeback 217088
total_swap 0
total_pgpgin 5254821
total_pgpgout 5010725
total_pgfault 1294345
total_pgmajfault 387
total_inactive_anon 6774784
total_active_anon 4284416
total_inactive_file 532774912
total_active_file 455983104
total_unevictable 0
--------------------BLKIO-----------------------
11:0 Read 0
11:0 Write 0
11:0 Sync 0
11:0 Async 0
11:0 Total 0
253:0 Read 6968233984
253:0 Write 233472
253:0 Sync 0
253:0 Async 6968467456
253:0 Total 6968467456
Total 6968467456
--------------------CPUAC-----------------------
user 811
system 18254
--------------------MEMCG-----------------------
MEM ONLY  : 953 MB
MEM+SWAP  : 953 MB
cache 821428224
rss 178335744
rss_huge 0
mapped_file 81440768
writeback 507904
swap 0
pgpgin 5306005
pgpgout 5061922
pgfault 1339321
pgmajfault 387
inactive_anon 89296896
active_anon 89124864
inactive_file 410607616
active_file 410726400
unevictable 0
hierarchical_memory_limit 999997440
hierarchical_memsw_limit 9223372036854771712
total_cache 821428224
total_rss 178335744
total_rss_huge 0
total_mapped_file 81440768
total_writeback 507904
total_swap 0
total_pgpgin 5306005
total_pgpgout 5061922
total_pgfault 1339321
total_pgmajfault 387
total_inactive_anon 89296896
total_active_anon 89124864
total_inactive_file 410607616
total_active_file 410726400
total_unevictable 0
--------------------BLKIO-----------------------
11:0 Read 0
11:0 Write 0
11:0 Sync 0
11:0 Async 0
11:0 Total 0
253:0 Read 6987026432
253:0 Write 233472
253:0 Sync 0
253:0 Async 6987259904
253:0 Total 6987259904
Total 6987259904
--------------------CPUAC-----------------------
user 834
system 18316
--------------------MEMCG-----------------------
MEM ONLY  : 953 MB
MEM+SWAP  : 953 MB
cache 821596160
rss 178335744
rss_huge 0
mapped_file 81440768
writeback 552960
swap 20480
pgpgin 5330301
pgpgout 5086177
pgfault 1348072
pgmajfault 387
inactive_anon 89276416
active_anon 89124864
inactive_file 410841088
active_file 410689536
unevictable 0
hierarchical_memory_limit 999997440
hierarchical_memsw_limit 9223372036854771712
total_cache 821596160
total_rss 178335744
total_rss_huge 0
total_mapped_file 81440768
total_writeback 552960
total_swap 20480
total_pgpgin 5330301
total_pgpgout 5086177
total_pgfault 1348072
total_pgmajfault 387
total_inactive_anon 89276416
total_active_anon 89124864
total_inactive_file 410841088
total_active_file 410689536
total_unevictable 0
--------------------BLKIO-----------------------
11:0 Read 0
11:0 Write 0
11:0 Sync 0
11:0 Async 0
11:0 Total 0
253:0 Read 7035596800
253:0 Write 253952
253:0 Sync 0
253:0 Async 7035850752
253:0 Total 7035850752
Total 7035850752
--------------------CPUAC-----------------------
user 839
system 18354
--------------------MEMCG-----------------------
MEM ONLY  : 953 MB
MEM+SWAP  : 953 MB
cache 821633024
rss 178331648
rss_huge 0
mapped_file 81498112
writeback 0
swap 40960
pgpgin 5359109
pgpgout 5114977
pgfault 1358919
pgmajfault 387
inactive_anon 89243648
active_anon 89137152
inactive_file 409747456
active_file 411836416
unevictable 0
hierarchical_memory_limit 999997440
hierarchical_memsw_limit 9223372036854771712
total_cache 821633024
total_rss 178331648
total_rss_huge 0
total_mapped_file 81498112
total_writeback 0
total_swap 40960
total_pgpgin 5359109
total_pgpgout 5114977
total_pgfault 1358919
total_pgmajfault 387
total_inactive_anon 89243648
total_active_anon 89137152
total_inactive_file 409747456
total_active_file 411836416
total_unevictable 0
--------------------BLKIO-----------------------
11:0 Read 0
11:0 Write 0
11:0 Sync 0
11:0 Async 0
11:0 Total 0
253:0 Read 7095939072
253:0 Write 282624
253:0 Sync 0
253:0 Async 7096221696
253:0 Total 7096221696
Total 7096221696
--------------------CPUAC-----------------------
user 842
system 18403
--------------------MEMCG-----------------------
MEM ONLY  : 888 MB
MEM+SWAP  : 888 MB
cache 839421952
rss 92450816
rss_huge 0
mapped_file 44290048
writeback 0
swap 40960
pgpgin 5391066
pgpgout 5163558
pgfault 1367550
pgmajfault 387
inactive_anon 7962624
active_anon 84533248
inactive_file 428220416
active_file 411156480
unevictable 0
hierarchical_memory_limit 999997440
hierarchical_memsw_limit 9223372036854771712
total_cache 839421952
total_rss 92450816
total_rss_huge 0
total_mapped_file 44290048
total_writeback 0
total_swap 40960
total_pgpgin 5391066
total_pgpgout 5163558
total_pgfault 1367550
total_pgmajfault 387
total_inactive_anon 7962624
total_active_anon 84533248
total_inactive_file 428220416
total_active_file 411156480
total_unevictable 0
--------------------BLKIO-----------------------
11:0 Read 0
11:0 Write 0
11:0 Sync 0
11:0 Async 0
11:0 Total 0
253:0 Read 7167205376
253:0 Write 282624
253:0 Sync 0
253:0 Async 7167488000
253:0 Total 7167488000
Total 7167488000
--------------------CPUAC-----------------------
user 848
system 18452
--------------------MEMCG-----------------------
MEM ONLY  : 953 MB
MEM+SWAP  : 953 MB
cache 907296768
rss 92450816
rss_huge 0
mapped_file 44290048
writeback 0
swap 40960
pgpgin 5424263
pgpgout 5180184
pgfault 1375026
pgmajfault 387
inactive_anon 46493696
active_anon 46002176
inactive_file 486559744
active_file 420691968
unevictable 0
hierarchical_memory_limit 999997440
hierarchical_memsw_limit 9223372036854771712
total_cache 907296768
total_rss 92450816
total_rss_huge 0
total_mapped_file 44290048
total_writeback 0
total_swap 40960
total_pgpgin 5424263
total_pgpgout 5180184
total_pgfault 1375026
total_pgmajfault 387
total_inactive_anon 46493696
total_active_anon 46002176
total_inactive_file 486559744
total_active_file 420691968
total_unevictable 0
--------------------BLKIO-----------------------
11:0 Read 0
11:0 Write 0
11:0 Sync 0
11:0 Async 0
11:0 Total 0
253:0 Read 7245320192
253:0 Write 282624
253:0 Sync 0
253:0 Async 7245602816
253:0 Total 7245602816
Total 7245602816
--------------------CPUAC-----------------------
user 851
system 18497
--------------------MEMCG-----------------------
MEM ONLY  : 953 MB
MEM+SWAP  : 953 MB
cache 907517952
rss 92450816
rss_huge 0
mapped_file 44290048
writeback 0
swap 40960
pgpgin 5460495
pgpgout 5216362
pgfault 1382825
pgmajfault 387
inactive_anon 46493696
active_anon 46002176
inactive_file 469360640
active_file 438112256
unevictable 0
hierarchical_memory_limit 999997440
hierarchical_memsw_limit 9223372036854771712
total_cache 907517952
total_rss 92450816
total_rss_huge 0
total_mapped_file 44290048
total_writeback 0
total_swap 40960
total_pgpgin 5460495
total_pgpgout 5216362
total_pgfault 1382825
total_pgmajfault 387
total_inactive_anon 46493696
total_active_anon 46002176
total_inactive_file 469360640
total_active_file 438112256
total_unevictable 0
--------------------BLKIO-----------------------
11:0 Read 0
11:0 Write 0
11:0 Sync 0
11:0 Async 0
11:0 Total 0
253:0 Read 7328493568
253:0 Write 282624
253:0 Sync 0
253:0 Async 7328776192
253:0 Total 7328776192
Total 7328776192
--------------------CPUAC-----------------------
user 858
system 18548
--------------------MEMCG-----------------------
MEM ONLY  : 953 MB
MEM+SWAP  : 953 MB
cache 907382784
rss 92450816
rss_huge 0
mapped_file 38645760
writeback 0
swap 40960
pgpgin 5496825
pgpgout 5252725
pgfault 1390657
pgmajfault 387
inactive_anon 46493696
active_anon 46002176
inactive_file 455045120
active_file 452292608
unevictable 0
hierarchical_memory_limit 999997440
hierarchical_memsw_limit 9223372036854771712
total_cache 907382784
total_rss 92450816
total_rss_huge 0
total_mapped_file 38645760
total_writeback 0
total_swap 40960
total_pgpgin 5496825
total_pgpgout 5252725
total_pgfault 1390657
total_pgmajfault 387
total_inactive_anon 46493696
total_active_anon 46002176
total_inactive_file 455045120
total_active_file 452292608
total_unevictable 0
--------------------BLKIO-----------------------
11:0 Read 0
11:0 Write 0
11:0 Sync 0
11:0 Async 0
11:0 Total 0
253:0 Read 7408594944
253:0 Write 282624
253:0 Sync 0
253:0 Async 7408877568
253:0 Total 7408877568
Total 7408877568
--------------------CPUAC-----------------------
user 862
system 18607
--------------------MEMCG-----------------------
MEM ONLY  : 953 MB
MEM+SWAP  : 953 MB
cache 907399168
rss 92450816
rss_huge 0
mapped_file 10518528
writeback 0
swap 40960
pgpgin 5533020
pgpgout 5288916
pgfault 1398729
pgmajfault 387
inactive_anon 46493696
active_anon 46002176
inactive_file 453591040
active_file 453763072
unevictable 0
hierarchical_memory_limit 999997440
hierarchical_memsw_limit 9223372036854771712
total_cache 907399168
total_rss 92450816
total_rss_huge 0
total_mapped_file 10518528
total_writeback 0
total_swap 40960
total_pgpgin 5533020
total_pgpgout 5288916
total_pgfault 1398729
total_pgmajfault 387
total_inactive_anon 46493696
total_active_anon 46002176
total_inactive_file 453591040
total_active_file 453763072
total_unevictable 0
--------------------BLKIO-----------------------
11:0 Read 0
11:0 Write 0
11:0 Sync 0
11:0 Async 0
11:0 Total 0
253:0 Read 7482163200
253:0 Write 282624
253:0 Sync 0
253:0 Async 7482445824
253:0 Total 7482445824
Total 7482445824
--------------------CPUAC-----------------------
user 867
system 18673
--------------------MEMCG-----------------------
MEM ONLY  : 953 MB
MEM+SWAP  : 953 MB
cache 907452416
rss 92450816
rss_huge 0
mapped_file 10518528
writeback 0
swap 40960
pgpgin 5572134
pgpgout 5328017
pgfault 1407348
pgmajfault 387
inactive_anon 46493696
active_anon 46002176
inactive_file 454041600
active_file 453365760
unevictable 0
hierarchical_memory_limit 999997440
hierarchical_memsw_limit 9223372036854771712
total_cache 907452416
total_rss 92450816
total_rss_huge 0
total_mapped_file 10518528
total_writeback 0
total_swap 40960
total_pgpgin 5572134
total_pgpgout 5328017
total_pgfault 1407348
total_pgmajfault 387
total_inactive_anon 46493696
total_active_anon 46002176
total_inactive_file 454041600
total_active_file 453365760
total_unevictable 0
--------------------BLKIO-----------------------
11:0 Read 0
11:0 Write 0
11:0 Sync 0
11:0 Async 0
11:0 Total 0
253:0 Read 7561134080
253:0 Write 282624
253:0 Sync 0
253:0 Async 7561416704
253:0 Total 7561416704
Total 7561416704
--------------------CPUAC-----------------------
user 872
system 18743
--------------------MEMCG-----------------------
MEM ONLY  : 953 MB
MEM+SWAP  : 953 MB
cache 907374592
rss 92450816
rss_huge 0
mapped_file 10518528
writeback 0
swap 40960
pgpgin 5615082
pgpgout 5370984
pgfault 1416698
pgmajfault 387
inactive_anon 46493696
active_anon 46002176
inactive_file 453709824
active_file 453586944
unevictable 0
hierarchical_memory_limit 999997440
hierarchical_memsw_limit 9223372036854771712
total_cache 907374592
total_rss 92450816
total_rss_huge 0
total_mapped_file 10518528
total_writeback 0
total_swap 40960
total_pgpgin 5615082
total_pgpgout 5370984
total_pgfault 1416698
total_pgmajfault 387
total_inactive_anon 46493696
total_active_anon 46002176
total_inactive_file 453709824
total_active_file 453586944
total_unevictable 0
--------------------BLKIO-----------------------
11:0 Read 0
11:0 Write 0
11:0 Sync 0
11:0 Async 0
11:0 Total 0
253:0 Read 7642980352
253:0 Write 282624
253:0 Sync 0
253:0 Async 7643262976
253:0 Total 7643262976
Total 7643262976
--------------------CPUAC-----------------------
user 878
system 18829
--------------------MEMCG-----------------------
MEM ONLY  : 953 MB
MEM+SWAP  : 953 MB
cache 907505664
rss 92450816
rss_huge 0
mapped_file 10518528
writeback 0
swap 40960
pgpgin 5654184
pgpgout 5410054
pgfault 1425085
pgmajfault 387
inactive_anon 46493696
active_anon 46002176
inactive_file 453840896
active_file 453619712
unevictable 0
hierarchical_memory_limit 999997440
hierarchical_memsw_limit 9223372036854771712
total_cache 907505664
total_rss 92450816
total_rss_huge 0
total_mapped_file 10518528
total_writeback 0
total_swap 40960
total_pgpgin 5654184
total_pgpgout 5410054
total_pgfault 1425085
total_pgmajfault 387
total_inactive_anon 46493696
total_active_anon 46002176
total_inactive_file 453840896
total_active_file 453619712
total_unevictable 0
--------------------BLKIO-----------------------
11:0 Read 0
11:0 Write 0
11:0 Sync 0
11:0 Async 0
11:0 Total 0
253:0 Read 7721177088
253:0 Write 282624
253:0 Sync 0
253:0 Async 7721459712
253:0 Total 7721459712
Total 7721459712
--------------------CPUAC-----------------------
user 883
system 18918
--------------------MEMCG-----------------------
MEM ONLY  : 953 MB
MEM+SWAP  : 953 MB
cache 907309056
rss 92450816
rss_huge 0
mapped_file 10539008
writeback 0
swap 40960
pgpgin 5700788
pgpgout 5456706
pgfault 1435370
pgmajfault 401
inactive_anon 46600192
active_anon 45895680
inactive_file 453857280
active_file 453406720
unevictable 0
hierarchical_memory_limit 999997440
hierarchical_memsw_limit 9223372036854771712
total_cache 907309056
total_rss 92450816
total_rss_huge 0
total_mapped_file 10539008
total_writeback 0
total_swap 40960
total_pgpgin 5700788
total_pgpgout 5456706
total_pgfault 1435370
total_pgmajfault 401
total_inactive_anon 46600192
total_active_anon 45895680
total_inactive_file 453857280
total_active_file 453406720
total_unevictable 0
--------------------BLKIO-----------------------
11:0 Read 0
11:0 Write 0
11:0 Sync 0
11:0 Async 0
11:0 Total 0
253:0 Read 7802171392
253:0 Write 282624
253:0 Sync 0
253:0 Async 7802454016
253:0 Total 7802454016
Total 7802454016
--------------------CPUAC-----------------------
user 887
system 19030
--------------------MEMCG-----------------------
MEM ONLY  : 953 MB
MEM+SWAP  : 953 MB
cache 907382784
rss 92450816
rss_huge 0
mapped_file 10539008
writeback 0
swap 40960
pgpgin 5740276
pgpgout 5496176
pgfault 1444101
pgmajfault 401
inactive_anon 46600192
active_anon 45895680
inactive_file 454008832
active_file 453328896
unevictable 0
hierarchical_memory_limit 999997440
hierarchical_memsw_limit 9223372036854771712
total_cache 907382784
total_rss 92450816
total_rss_huge 0
total_mapped_file 10539008
total_writeback 0
total_swap 40960
total_pgpgin 5740276
total_pgpgout 5496176
total_pgfault 1444101
total_pgmajfault 401
total_inactive_anon 46600192
total_active_anon 45895680
total_inactive_file 454008832
total_active_file 453328896
total_unevictable 0
--------------------BLKIO-----------------------
11:0 Read 0
11:0 Write 0
11:0 Sync 0
11:0 Async 0
11:0 Total 0
253:0 Read 7872159744
253:0 Write 282624
253:0 Sync 0
253:0 Async 7872442368
253:0 Total 7872442368
Total 7872442368
--------------------CPUAC-----------------------
user 894
system 19122
--------------------MEMCG-----------------------
MEM ONLY  : 953 MB
MEM+SWAP  : 953 MB
cache 907411456
rss 92450816
rss_huge 0
mapped_file 10539008
writeback 0
swap 40960
pgpgin 5783973
pgpgout 5539866
pgfault 1454138
pgmajfault 401
inactive_anon 46600192
active_anon 45895680
inactive_file 454090752
active_file 453275648
unevictable 0
hierarchical_memory_limit 999997440
hierarchical_memsw_limit 9223372036854771712
total_cache 907411456
total_rss 92450816
total_rss_huge 0
total_mapped_file 10539008
total_writeback 0
total_swap 40960
total_pgpgin 5783973
total_pgpgout 5539866
total_pgfault 1454138
total_pgmajfault 401
total_inactive_anon 46600192
total_active_anon 45895680
total_inactive_file 454090752
total_active_file 453275648
total_unevictable 0
--------------------BLKIO-----------------------
11:0 Read 0
11:0 Write 0
11:0 Sync 0
11:0 Async 0
11:0 Total 0
253:0 Read 7944540160
253:0 Write 282624
253:0 Sync 0
253:0 Async 7944822784
253:0 Total 7944822784
Total 7944822784
--------------------CPUAC-----------------------
user 898
system 19230
--------------------MEMCG-----------------------
MEM ONLY  : 953 MB
MEM+SWAP  : 953 MB
cache 907366400
rss 92450816
rss_huge 0
mapped_file 10539008
writeback 0
swap 40960
pgpgin 5832950
pgpgout 5588854
pgfault 1464351
pgmajfault 401
inactive_anon 46600192
active_anon 45895680
inactive_file 453869568
active_file 453451776
unevictable 0
hierarchical_memory_limit 999997440
hierarchical_memsw_limit 9223372036854771712
total_cache 907366400
total_rss 92450816
total_rss_huge 0
total_mapped_file 10539008
total_writeback 0
total_swap 40960
total_pgpgin 5832950
total_pgpgout 5588854
total_pgfault 1464351
total_pgmajfault 401
total_inactive_anon 46600192
total_active_anon 45895680
total_inactive_file 453869568
total_active_file 453451776
total_unevictable 0
--------------------BLKIO-----------------------
11:0 Read 0
11:0 Write 0
11:0 Sync 0
11:0 Async 0
11:0 Total 0
253:0 Read 8019615744
253:0 Write 282624
253:0 Sync 0
253:0 Async 8019898368
253:0 Total 8019898368
Total 8019898368
--------------------CPUAC-----------------------
user 902
system 19363
--------------------MEMCG-----------------------
MEM ONLY  : 868 MB
MEM+SWAP  : 868 MB
cache 903798784
rss 6574080
rss_huge 0
mapped_file 2867200
writeback 0
swap 40960
pgpgin 5844273
pgpgout 5622014
pgfault 1466864
pgmajfault 402
inactive_anon 6516736
active_anon 98304
inactive_file 453898240
active_file 449859584
unevictable 0
hierarchical_memory_limit 999997440
hierarchical_memsw_limit 9223372036854771712
total_cache 903798784
total_rss 6574080
total_rss_huge 0
total_mapped_file 2867200
total_writeback 0
total_swap 40960
total_pgpgin 5844273
total_pgpgout 5622014
total_pgfault 1466864
total_pgmajfault 402
total_inactive_anon 6516736
total_active_anon 98304
total_inactive_file 453898240
total_active_file 449859584
total_unevictable 0
--------------------BLKIO-----------------------
11:0 Read 0
11:0 Write 0
11:0 Sync 0
11:0 Async 0
11:0 Total 0
253:0 Read 8038039552
253:0 Write 282624
253:0 Sync 0
253:0 Async 8038322176
253:0 Total 8038322176
Total 8038322176
--------------------CPUAC-----------------------
user 905
system 19391
--------------------MEMCG-----------------------
MEM ONLY  : 868 MB
MEM+SWAP  : 868 MB
cache 903798784
rss 6574080
rss_huge 0
mapped_file 2867200
writeback 0
swap 40960
pgpgin 5844273
pgpgout 5622014
pgfault 1466864
pgmajfault 402
inactive_anon 6516736
active_anon 98304
inactive_file 453898240
active_file 449859584
unevictable 0
hierarchical_memory_limit 999997440
hierarchical_memsw_limit 9223372036854771712
total_cache 903798784
total_rss 6574080
total_rss_huge 0
total_mapped_file 2867200
total_writeback 0
total_swap 40960
total_pgpgin 5844273
total_pgpgout 5622014
total_pgfault 1466864
total_pgmajfault 402
total_inactive_anon 6516736
total_active_anon 98304
total_inactive_file 453898240
total_active_file 449859584
total_unevictable 0
--------------------BLKIO-----------------------
11:0 Read 0
11:0 Write 0
11:0 Sync 0
11:0 Async 0
11:0 Total 0
253:0 Read 8038039552
253:0 Write 282624
253:0 Sync 0
253:0 Async 8038322176
253:0 Total 8038322176
Total 8038322176
--------------------CPUAC-----------------------
user 905
system 19391
--------------------MEMCG-----------------------
MEM ONLY  : 868 MB
MEM+SWAP  : 868 MB
cache 903798784
rss 6574080
rss_huge 0
mapped_file 2867200
writeback 0
swap 40960
pgpgin 5844273
pgpgout 5622014
pgfault 1466864
pgmajfault 402
inactive_anon 6516736
active_anon 98304
inactive_file 453898240
active_file 449859584
unevictable 0
hierarchical_memory_limit 999997440
hierarchical_memsw_limit 9223372036854771712
total_cache 903798784
total_rss 6574080
total_rss_huge 0
total_mapped_file 2867200
total_writeback 0
total_swap 40960
total_pgpgin 5844273
total_pgpgout 5622014
total_pgfault 1466864
total_pgmajfault 402
total_inactive_anon 6516736
total_active_anon 98304
total_inactive_file 453898240
total_active_file 449859584
total_unevictable 0
--------------------BLKIO-----------------------
11:0 Read 0
11:0 Write 0
11:0 Sync 0
11:0 Async 0
11:0 Total 0
253:0 Read 8038039552
253:0 Write 282624
253:0 Sync 0
253:0 Async 8038322176
253:0 Total 8038322176
Total 8038322176
--------------------CPUAC-----------------------
user 905
system 19391
--------------------MEMCG-----------------------
MEM ONLY  : 869 MB
MEM+SWAP  : 869 MB
cache 905388032
rss 6574080
rss_huge 0
mapped_file 3760128
writeback 0
swap 40960
pgpgin 5845276
pgpgout 5622629
pgfault 1468446
pgmajfault 428
inactive_anon 6496256
active_anon 118784
inactive_file 454045696
active_file 451301376
unevictable 0
hierarchical_memory_limit 999997440
hierarchical_memsw_limit 9223372036854771712
total_cache 905388032
total_rss 6574080
total_rss_huge 0
total_mapped_file 3760128
total_writeback 0
total_swap 40960
total_pgpgin 5845276
total_pgpgout 5622629
total_pgfault 1468446
total_pgmajfault 428
total_inactive_anon 6496256
total_active_anon 118784
total_inactive_file 454045696
total_active_file 451301376
total_unevictable 0
--------------------BLKIO-----------------------
11:0 Read 0
11:0 Write 0
11:0 Sync 0
11:0 Async 0
11:0 Total 0
253:0 Read 8039268352
253:0 Write 282624
253:0 Sync 0
253:0 Async 8039550976
253:0 Total 8039550976
Total 8039550976
--------------------CPUAC-----------------------
user 906
system 19393
--------------------MEMCG-----------------------
MEM ONLY  : 869 MB
MEM+SWAP  : 869 MB
cache 905388032
rss 6574080
rss_huge 0
mapped_file 3760128
writeback 0
swap 40960
pgpgin 5845276
pgpgout 5622629
pgfault 1468446
pgmajfault 428
inactive_anon 6496256
active_anon 118784
inactive_file 454041600
active_file 451305472
unevictable 0
hierarchical_memory_limit 999997440
hierarchical_memsw_limit 9223372036854771712
total_cache 905388032
total_rss 6574080
total_rss_huge 0
total_mapped_file 3760128
total_writeback 0
total_swap 40960
total_pgpgin 5845276
total_pgpgout 5622629
total_pgfault 1468446
total_pgmajfault 428
total_inactive_anon 6496256
total_active_anon 118784
total_inactive_file 454041600
total_active_file 451305472
total_unevictable 0
--------------------BLKIO-----------------------
11:0 Read 0
11:0 Write 0
11:0 Sync 0
11:0 Async 0
11:0 Total 0
253:0 Read 8039268352
253:0 Write 282624
253:0 Sync 0
253:0 Async 8039550976
253:0 Total 8039550976
Total 8039550976
--------------------CPUAC-----------------------
user 906
system 19393
--------------------MEMCG-----------------------
MEM ONLY  : 869 MB
MEM+SWAP  : 869 MB
cache 905388032
rss 6574080
rss_huge 0
mapped_file 3760128
writeback 0
swap 40960
pgpgin 5845276
pgpgout 5622629
pgfault 1468446
pgmajfault 428
inactive_anon 6496256
active_anon 118784
inactive_file 454041600
active_file 451305472
unevictable 0
hierarchical_memory_limit 999997440
hierarchical_memsw_limit 9223372036854771712
total_cache 905388032
total_rss 6574080
total_rss_huge 0
total_mapped_file 3760128
total_writeback 0
total_swap 40960
total_pgpgin 5845276
total_pgpgout 5622629
total_pgfault 1468446
total_pgmajfault 428
total_inactive_anon 6496256
total_active_anon 118784
total_inactive_file 454041600
total_active_file 451305472
total_unevictable 0
--------------------BLKIO-----------------------
11:0 Read 0
11:0 Write 0
11:0 Sync 0
11:0 Async 0
11:0 Total 0
253:0 Read 8039268352
253:0 Write 282624
253:0 Sync 0
253:0 Async 8039550976
253:0 Total 8039550976
Total 8039550976
--------------------CPUAC-----------------------
user 906
system 19393
--------------------MEMCG-----------------------
MEM ONLY  : 869 MB
MEM+SWAP  : 869 MB
cache 905388032
rss 6574080
rss_huge 0
mapped_file 3760128
writeback 0
swap 40960
pgpgin 5845276
pgpgout 5622629
pgfault 1468446
pgmajfault 428
inactive_anon 6496256
active_anon 118784
inactive_file 454041600
active_file 451305472
unevictable 0
hierarchical_memory_limit 999997440
hierarchical_memsw_limit 9223372036854771712
total_cache 905388032
total_rss 6574080
total_rss_huge 0
total_mapped_file 3760128
total_writeback 0
total_swap 40960
total_pgpgin 5845276
total_pgpgout 5622629
total_pgfault 1468446
total_pgmajfault 428
total_inactive_anon 6496256
total_active_anon 118784
total_inactive_file 454041600
total_active_file 451305472
total_unevictable 0
--------------------BLKIO-----------------------
11:0 Read 0
11:0 Write 0
11:0 Sync 0
11:0 Async 0
11:0 Total 0
253:0 Read 8039268352
253:0 Write 282624
253:0 Sync 0
253:0 Async 8039550976
253:0 Total 8039550976
Total 8039550976
--------------------CPUAC-----------------------
user 906
system 19393
--------------------MEMCG-----------------------
MEM ONLY  : 869 MB
MEM+SWAP  : 869 MB
cache 905388032
rss 6574080
rss_huge 0
mapped_file 3760128
writeback 0
swap 40960
pgpgin 5845276
pgpgout 5622629
pgfault 1468446
pgmajfault 428
inactive_anon 6496256
active_anon 118784
inactive_file 454041600
active_file 451305472
unevictable 0
hierarchical_memory_limit 999997440
hierarchical_memsw_limit 9223372036854771712
total_cache 905388032
total_rss 6574080
total_rss_huge 0
total_mapped_file 3760128
total_writeback 0
total_swap 40960
total_pgpgin 5845276
total_pgpgout 5622629
total_pgfault 1468446
total_pgmajfault 428
total_inactive_anon 6496256
total_active_anon 118784
total_inactive_file 454041600
total_active_file 451305472
total_unevictable 0
--------------------BLKIO-----------------------
11:0 Read 0
11:0 Write 0
11:0 Sync 0
11:0 Async 0
11:0 Total 0
253:0 Read 8039268352
253:0 Write 282624
253:0 Sync 0
253:0 Async 8039550976
253:0 Total 8039550976
Total 8039550976
--------------------CPUAC-----------------------
user 906
system 19393
--------------------MEMCG-----------------------
MEM ONLY  : 869 MB
MEM+SWAP  : 869 MB
cache 905388032
rss 6574080
rss_huge 0
mapped_file 3760128
writeback 0
swap 40960
pgpgin 5845276
pgpgout 5622629
pgfault 1468446
pgmajfault 428
inactive_anon 6496256
active_anon 118784
inactive_file 454041600
active_file 451305472
unevictable 0
hierarchical_memory_limit 999997440
hierarchical_memsw_limit 9223372036854771712
total_cache 905388032
total_rss 6574080
total_rss_huge 0
total_mapped_file 3760128
total_writeback 0
total_swap 40960
total_pgpgin 5845276
total_pgpgout 5622629
total_pgfault 1468446
total_pgmajfault 428
total_inactive_anon 6496256
total_active_anon 118784
total_inactive_file 454041600
total_active_file 451305472
total_unevictable 0
--------------------BLKIO-----------------------
11:0 Read 0
11:0 Write 0
11:0 Sync 0
11:0 Async 0
11:0 Total 0
253:0 Read 8039268352
253:0 Write 282624
253:0 Sync 0
253:0 Async 8039550976
253:0 Total 8039550976
Total 8039550976
--------------------CPUAC-----------------------
user 906
system 19393
--------------------MEMCG-----------------------
MEM ONLY  : 869 MB
MEM+SWAP  : 869 MB
cache 905388032
rss 6574080
rss_huge 0
mapped_file 3760128
writeback 0
swap 40960
pgpgin 5845276
pgpgout 5622629
pgfault 1468446
pgmajfault 428
inactive_anon 6496256
active_anon 118784
inactive_file 454041600
active_file 451305472
unevictable 0
hierarchical_memory_limit 999997440
hierarchical_memsw_limit 9223372036854771712
total_cache 905388032
total_rss 6574080
total_rss_huge 0
total_mapped_file 3760128
total_writeback 0
total_swap 40960
total_pgpgin 5845276
total_pgpgout 5622629
total_pgfault 1468446
total_pgmajfault 428
total_inactive_anon 6496256
total_active_anon 118784
total_inactive_file 454041600
total_active_file 451305472
total_unevictable 0
--------------------BLKIO-----------------------
11:0 Read 0
11:0 Write 0
11:0 Sync 0
11:0 Async 0
11:0 Total 0
253:0 Read 8039268352
253:0 Write 282624
253:0 Sync 0
253:0 Async 8039550976
253:0 Total 8039550976
Total 8039550976
--------------------CPUAC-----------------------
user 906
system 19393
--------------------MEMCG-----------------------
MEM ONLY  : 869 MB
MEM+SWAP  : 869 MB
cache 905388032
rss 6574080
rss_huge 0
mapped_file 3760128
writeback 0
swap 40960
pgpgin 5845276
pgpgout 5622629
pgfault 1468446
pgmajfault 428
inactive_anon 6496256
active_anon 118784
inactive_file 454041600
active_file 451305472
unevictable 0
hierarchical_memory_limit 999997440
hierarchical_memsw_limit 9223372036854771712
total_cache 905388032
total_rss 6574080
total_rss_huge 0
total_mapped_file 3760128
total_writeback 0
total_swap 40960
total_pgpgin 5845276
total_pgpgout 5622629
total_pgfault 1468446
total_pgmajfault 428
total_inactive_anon 6496256
total_active_anon 118784
total_inactive_file 454041600
total_active_file 451305472
total_unevictable 0
--------------------BLKIO-----------------------
11:0 Read 0
11:0 Write 0
11:0 Sync 0
11:0 Async 0
11:0 Total 0
253:0 Read 8039268352
253:0 Write 282624
253:0 Sync 0
253:0 Async 8039550976
253:0 Total 8039550976
Total 8039550976
--------------------CPUAC-----------------------
user 906
system 19393
