--------------------MEMCG-----------------------
MEM ONLY  : 953 MB
MEM+SWAP  : 953 MB
cache 990347264
rss 9314304
rss_huge 0
mapped_file 9637888
writeback 41943040
swap 0
pgpgin 468861
pgpgout 224803
pgfault 185797
pgmajfault 261
inactive_anon 4898816
active_anon 4452352
inactive_file 971235328
active_file 19025920
unevictable 0
hierarchical_memory_limit 999997440
hierarchical_memsw_limit 9223372036854771712
total_cache 990347264
total_rss 9314304
total_rss_huge 0
total_mapped_file 9637888
total_writeback 41943040
total_swap 0
total_pgpgin 468861
total_pgpgout 224803
total_pgfault 185797
total_pgmajfault 261
total_inactive_anon 4898816
total_active_anon 4452352
total_inactive_file 971235328
total_active_file 19025920
total_unevictable 0
--------------------BLKIO-----------------------
11:0 Read 0
11:0 Write 0
11:0 Sync 0
11:0 Async 0
11:0 Total 0
253:0 Read 25907200
253:0 Write 237568
253:0 Sync 0
253:0 Async 26144768
253:0 Total 26144768
Total 26144768
--------------------CPUAC-----------------------
user 434
system 184
 
--------------------MEMCG-----------------------
MEM ONLY  : 953 MB
MEM+SWAP  : 953 MB
cache 812392448
rss 187424768
rss_huge 0
mapped_file 6238208
writeback 0
swap 4096
pgpgin 809506
pgpgout 565410
pgfault 252900
pgmajfault 264
inactive_anon 93888512
active_anon 93614080
inactive_file 405508096
active_file 406798336
unevictable 0
hierarchical_memory_limit 999997440
hierarchical_memsw_limit 9223372036854771712
total_cache 812392448
total_rss 187424768
total_rss_huge 0
total_mapped_file 6238208
total_writeback 0
total_swap 4096
total_pgpgin 809506
total_pgpgout 565410
total_pgfault 252900
total_pgmajfault 264
total_inactive_anon 93888512
total_active_anon 93614080
total_inactive_file 405508096
total_active_file 406798336
total_unevictable 0
--------------------BLKIO-----------------------
11:0 Read 0
11:0 Write 0
11:0 Sync 0
11:0 Async 0
11:0 Total 0
253:0 Read 1009405952
253:0 Write 299008
253:0 Sync 0
253:0 Async 1009704960
253:0 Total 1009704960
Total 1009704960
--------------------CPUAC-----------------------
user 448
system 381
 
--------------------MEMCG-----------------------
MEM ONLY  : 953 MB
MEM+SWAP  : 953 MB
cache 812466176
rss 187424768
rss_huge 0
mapped_file 364544
writeback 0
swap 4096
pgpgin 1076259
pgpgout 832145
pgfault 276280
pgmajfault 264
inactive_anon 93888512
active_anon 93614080
inactive_file 404922368
active_file 407465984
unevictable 0
hierarchical_memory_limit 999997440
hierarchical_memsw_limit 9223372036854771712
total_cache 812466176
total_rss 187424768
total_rss_huge 0
total_mapped_file 364544
total_writeback 0
total_swap 4096
total_pgpgin 1076259
total_pgpgout 832145
total_pgfault 276280
total_pgmajfault 264
total_inactive_anon 93888512
total_active_anon 93614080
total_inactive_file 404922368
total_active_file 407465984
total_unevictable 0
--------------------BLKIO-----------------------
11:0 Read 0
11:0 Write 0
11:0 Sync 0
11:0 Async 0
11:0 Total 0
253:0 Read 2006261760
253:0 Write 299008
253:0 Sync 0
253:0 Async 2006560768
253:0 Total 2006560768
Total 2006560768
--------------------CPUAC-----------------------
user 460
system 576
 
--------------------MEMCG-----------------------
MEM ONLY  : 953 MB
MEM+SWAP  : 953 MB
cache 812822528
rss 187158528
rss_huge 0
mapped_file 999424
writeback 0
swap 4096
pgpgin 1324933
pgpgout 1080797
pgfault 298228
pgmajfault 285
inactive_anon 93761536
active_anon 93474816
inactive_file 405049344
active_file 407695360
unevictable 0
hierarchical_memory_limit 999997440
hierarchical_memsw_limit 9223372036854771712
total_cache 812822528
total_rss 187158528
total_rss_huge 0
total_mapped_file 999424
total_writeback 0
total_swap 4096
total_pgpgin 1324933
total_pgpgout 1080797
total_pgfault 298228
total_pgmajfault 285
total_inactive_anon 93761536
total_active_anon 93474816
total_inactive_file 405049344
total_active_file 407695360
total_unevictable 0
--------------------BLKIO-----------------------
11:0 Read 0
11:0 Write 0
11:0 Sync 0
11:0 Async 0
11:0 Total 0
253:0 Read 2933334016
253:0 Write 299008
253:0 Sync 0
253:0 Async 2933633024
253:0 Total 2933633024
Total 2933633024
--------------------CPUAC-----------------------
user 474
system 757
 
--------------------MEMCG-----------------------
MEM ONLY  : 953 MB
MEM+SWAP  : 953 MB
cache 812597248
rss 187158528
rss_huge 0
mapped_file 557056
writeback 0
swap 4096
pgpgin 1590133
pgpgout 1346052
pgfault 321517
pgmajfault 291
inactive_anon 93761536
active_anon 93474816
inactive_file 405176320
active_file 407339008
unevictable 0
hierarchical_memory_limit 999997440
hierarchical_memsw_limit 9223372036854771712
total_cache 812597248
total_rss 187158528
total_rss_huge 0
total_mapped_file 557056
total_writeback 0
total_swap 4096
total_pgpgin 1590133
total_pgpgout 1346052
total_pgfault 321517
total_pgmajfault 291
total_inactive_anon 93761536
total_active_anon 93474816
total_inactive_file 405176320
total_active_file 407339008
total_unevictable 0
--------------------BLKIO-----------------------
11:0 Read 0
11:0 Write 0
11:0 Sync 0
11:0 Async 0
11:0 Total 0
253:0 Read 3923849216
253:0 Write 299008
253:0 Sync 0
253:0 Async 3924148224
253:0 Total 3924148224
Total 3924148224
--------------------CPUAC-----------------------
user 488
system 964
 
--------------------MEMCG-----------------------
MEM ONLY  : 953 MB
MEM+SWAP  : 953 MB
cache 812658688
rss 187158528
rss_huge 0
mapped_file 364544
writeback 0
swap 4096
pgpgin 1816970
pgpgout 1572874
pgfault 341791
pgmajfault 291
inactive_anon 93761536
active_anon 93474816
inactive_file 404643840
active_file 407937024
unevictable 0
hierarchical_memory_limit 999997440
hierarchical_memsw_limit 9223372036854771712
total_cache 812658688
total_rss 187158528
total_rss_huge 0
total_mapped_file 364544
total_writeback 0
total_swap 4096
total_pgpgin 1816970
total_pgpgout 1572874
total_pgfault 341791
total_pgmajfault 291
total_inactive_anon 93761536
total_active_anon 93474816
total_inactive_file 404643840
total_active_file 407937024
total_unevictable 0
--------------------BLKIO-----------------------
11:0 Read 0
11:0 Write 0
11:0 Sync 0
11:0 Async 0
11:0 Total 0
253:0 Read 4769931264
253:0 Write 299008
253:0 Sync 0
253:0 Async 4770230272
253:0 Total 4770230272
Total 4770230272
--------------------CPUAC-----------------------
user 502
system 1143
 
--------------------MEMCG-----------------------
MEM ONLY  : 953 MB
MEM+SWAP  : 953 MB
cache 812707840
rss 187158528
rss_huge 0
mapped_file 499712
writeback 0
swap 4096
pgpgin 2108138
pgpgout 1864030
pgfault 356567
pgmajfault 300
inactive_anon 93761536
active_anon 93474816
inactive_file 405192704
active_file 407379968
unevictable 0
hierarchical_memory_limit 999997440
hierarchical_memsw_limit 9223372036854771712
total_cache 812707840
total_rss 187158528
total_rss_huge 0
total_mapped_file 499712
total_writeback 0
total_swap 4096
total_pgpgin 2108138
total_pgpgout 1864030
total_pgfault 356567
total_pgmajfault 300
total_inactive_anon 93761536
total_active_anon 93474816
total_inactive_file 405192704
total_active_file 407379968
total_unevictable 0
--------------------BLKIO-----------------------
11:0 Read 0
11:0 Write 0
11:0 Sync 0
11:0 Async 0
11:0 Total 0
253:0 Read 5381238784
253:0 Write 299008
253:0 Sync 0
253:0 Async 5381537792
253:0 Total 5381537792
Total 5381537792
--------------------CPUAC-----------------------
user 508
system 1309
 
--------------------MEMCG-----------------------
MEM ONLY  : 953 MB
MEM+SWAP  : 953 MB
cache 812785664
rss 187158528
rss_huge 0
mapped_file 663552
writeback 0
swap 4096
pgpgin 2325169
pgpgout 2081042
pgfault 376027
pgmajfault 306
inactive_anon 93761536
active_anon 93474816
inactive_file 405245952
active_file 407461888
unevictable 0
hierarchical_memory_limit 999997440
hierarchical_memsw_limit 9223372036854771712
total_cache 812785664
total_rss 187158528
total_rss_huge 0
total_mapped_file 663552
total_writeback 0
total_swap 4096
total_pgpgin 2325169
total_pgpgout 2081042
total_pgfault 376027
total_pgmajfault 306
total_inactive_anon 93761536
total_active_anon 93474816
total_inactive_file 405245952
total_active_file 407461888
total_unevictable 0
--------------------BLKIO-----------------------
11:0 Read 0
11:0 Write 0
11:0 Sync 0
11:0 Async 0
11:0 Total 0
253:0 Read 6190501888
253:0 Write 299008
253:0 Sync 0
253:0 Async 6190800896
253:0 Total 6190800896
Total 6190800896
--------------------CPUAC-----------------------
user 520
system 1480
 
--------------------MEMCG-----------------------
MEM ONLY  : 953 MB
MEM+SWAP  : 953 MB
cache 812802048
rss 187158528
rss_huge 0
mapped_file 364544
writeback 0
swap 4096
pgpgin 2534707
pgpgout 2290576
pgfault 394791
pgmajfault 306
inactive_anon 93761536
active_anon 93474816
inactive_file 404602880
active_file 408121344
unevictable 0
hierarchical_memory_limit 999997440
hierarchical_memsw_limit 9223372036854771712
total_cache 812802048
total_rss 187158528
total_rss_huge 0
total_mapped_file 364544
total_writeback 0
total_swap 4096
total_pgpgin 2534707
total_pgpgout 2290576
total_pgfault 394791
total_pgmajfault 306
total_inactive_anon 93761536
total_active_anon 93474816
total_inactive_file 404602880
total_active_file 408121344
total_unevictable 0
--------------------BLKIO-----------------------
11:0 Read 0
11:0 Write 0
11:0 Sync 0
11:0 Async 0
11:0 Total 0
253:0 Read 6971912192
253:0 Write 299008
253:0 Sync 0
253:0 Async 6972211200
253:0 Total 6972211200
Total 6972211200
--------------------CPUAC-----------------------
user 532
system 1642
 
--------------------MEMCG-----------------------
MEM ONLY  : 953 MB
MEM+SWAP  : 953 MB
cache 812650496
rss 187158528
rss_huge 0
mapped_file 364544
writeback 0
swap 4096
pgpgin 2753031
pgpgout 2508937
pgfault 414272
pgmajfault 306
inactive_anon 93761536
active_anon 93474816
inactive_file 404230144
active_file 408342528
unevictable 0
hierarchical_memory_limit 999997440
hierarchical_memsw_limit 9223372036854771712
total_cache 812650496
total_rss 187158528
total_rss_huge 0
total_mapped_file 364544
total_writeback 0
total_swap 4096
total_pgpgin 2753031
total_pgpgout 2508937
total_pgfault 414272
total_pgmajfault 306
total_inactive_anon 93761536
total_active_anon 93474816
total_inactive_file 404230144
total_active_file 408342528
total_unevictable 0
--------------------BLKIO-----------------------
11:0 Read 0
11:0 Write 0
11:0 Sync 0
11:0 Async 0
11:0 Total 0
253:0 Read 7786590208
253:0 Write 299008
253:0 Sync 0
253:0 Async 7786889216
253:0 Total 7786889216
Total 7786889216
--------------------CPUAC-----------------------
user 544
system 1815
 
--------------------MEMCG-----------------------
MEM ONLY  : 953 MB
MEM+SWAP  : 953 MB
cache 812679168
rss 187158528
rss_huge 0
mapped_file 684032
writeback 0
swap 4096
pgpgin 2959064
pgpgout 2714963
pgfault 432769
pgmajfault 312
inactive_anon 93761536
active_anon 93474816
inactive_file 404070400
active_file 408530944
unevictable 0
hierarchical_memory_limit 999997440
hierarchical_memsw_limit 9223372036854771712
total_cache 812679168
total_rss 187158528
total_rss_huge 0
total_mapped_file 684032
total_writeback 0
total_swap 4096
total_pgpgin 2959064
total_pgpgout 2714963
total_pgfault 432769
total_pgmajfault 312
total_inactive_anon 93761536
total_active_anon 93474816
total_inactive_file 404070400
total_active_file 408530944
total_unevictable 0
--------------------BLKIO-----------------------
11:0 Read 0
11:0 Write 0
11:0 Sync 0
11:0 Async 0
11:0 Total 0
253:0 Read 8554749952
253:0 Write 299008
253:0 Sync 0
253:0 Async 8555048960
253:0 Total 8555048960
Total 8555048960
--------------------CPUAC-----------------------
user 556
system 1975
 
--------------------MEMCG-----------------------
MEM ONLY  : 953 MB
MEM+SWAP  : 953 MB
cache 812769280
rss 187158528
rss_huge 0
mapped_file 827392
writeback 0
swap 8192
pgpgin 3222106
pgpgout 2977983
pgfault 447489
pgmajfault 320
inactive_anon 93757440
active_anon 93474816
inactive_file 405651456
active_file 407027712
unevictable 0
hierarchical_memory_limit 999997440
hierarchical_memsw_limit 9223372036854771712
total_cache 812769280
total_rss 187158528
total_rss_huge 0
total_mapped_file 827392
total_writeback 0
total_swap 8192
total_pgpgin 3222106
total_pgpgout 2977983
total_pgfault 447489
total_pgmajfault 320
total_inactive_anon 93757440
total_active_anon 93474816
total_inactive_file 405651456
total_active_file 407027712
total_unevictable 0
--------------------BLKIO-----------------------
11:0 Read 0
11:0 Write 0
11:0 Sync 0
11:0 Async 0
11:0 Total 0
253:0 Read 9153908736
253:0 Write 299008
253:0 Sync 0
253:0 Async 9154207744
253:0 Total 9154207744
Total 9154207744
--------------------CPUAC-----------------------
user 564
system 2139
 
--------------------MEMCG-----------------------
MEM ONLY  : 953 MB
MEM+SWAP  : 953 MB
cache 812654592
rss 187158528
rss_huge 0
mapped_file 380928
writeback 0
swap 8192
pgpgin 3427408
pgpgout 3183313
pgfault 465620
pgmajfault 320
inactive_anon 93757440
active_anon 93474816
inactive_file 405037056
active_file 407539712
unevictable 0
hierarchical_memory_limit 999997440
hierarchical_memsw_limit 9223372036854771712
total_cache 812654592
total_rss 187158528
total_rss_huge 0
total_mapped_file 380928
total_writeback 0
total_swap 8192
total_pgpgin 3427408
total_pgpgout 3183313
total_pgfault 465620
total_pgmajfault 320
total_inactive_anon 93757440
total_active_anon 93474816
total_inactive_file 405037056
total_active_file 407539712
total_unevictable 0
--------------------BLKIO-----------------------
11:0 Read 0
11:0 Write 0
11:0 Sync 0
11:0 Async 0
11:0 Total 0
253:0 Read 9920778240
253:0 Write 299008
253:0 Sync 0
253:0 Async 9921077248
253:0 Total 9921077248
Total 9921077248
--------------------CPUAC-----------------------
user 572
system 2299
 
--------------------MEMCG-----------------------
MEM ONLY  : 953 MB
MEM+SWAP  : 953 MB
cache 812752896
rss 187158528
rss_huge 0
mapped_file 540672
writeback 0
swap 8192
pgpgin 3631042
pgpgout 3386923
pgfault 483758
pgmajfault 326
inactive_anon 93757440
active_anon 93474816
inactive_file 404934656
active_file 407744512
unevictable 0
hierarchical_memory_limit 999997440
hierarchical_memsw_limit 9223372036854771712
total_cache 812752896
total_rss 187158528
total_rss_huge 0
total_mapped_file 540672
total_writeback 0
total_swap 8192
total_pgpgin 3631042
total_pgpgout 3386923
total_pgfault 483759
total_pgmajfault 326
total_inactive_anon 93757440
total_active_anon 93474816
total_inactive_file 404934656
total_active_file 407744512
total_unevictable 0
--------------------BLKIO-----------------------
11:0 Read 0
11:0 Write 0
11:0 Sync 0
11:0 Async 0
11:0 Total 0
253:0 Read 10680147968
253:0 Write 299008
253:0 Sync 0
253:0 Async 10680446976
253:0 Total 10680446976
Total 10680446976
--------------------CPUAC-----------------------
user 584
system 2458
 
--------------------MEMCG-----------------------
MEM ONLY  : 953 MB
MEM+SWAP  : 953 MB
cache 812785664
rss 187158528
rss_huge 0
mapped_file 364544
writeback 0
swap 8192
pgpgin 3836041
pgpgout 3591914
pgfault 501863
pgmajfault 326
inactive_anon 93757440
active_anon 93474816
inactive_file 404447232
active_file 408248320
unevictable 0
hierarchical_memory_limit 999997440
hierarchical_memsw_limit 9223372036854771712
total_cache 812785664
total_rss 187158528
total_rss_huge 0
total_mapped_file 364544
total_writeback 0
total_swap 8192
total_pgpgin 3836041
total_pgpgout 3591914
total_pgfault 501863
total_pgmajfault 326
total_inactive_anon 93757440
total_active_anon 93474816
total_inactive_file 404447232
total_active_file 408248320
total_unevictable 0
--------------------BLKIO-----------------------
11:0 Read 0
11:0 Write 0
11:0 Sync 0
11:0 Async 0
11:0 Total 0
253:0 Read 11445882880
253:0 Write 299008
253:0 Sync 0
253:0 Async 11446181888
253:0 Total 11446181888
Total 11446181888
--------------------CPUAC-----------------------
user 598
system 2628
 
--------------------MEMCG-----------------------
MEM ONLY  : 953 MB
MEM+SWAP  : 953 MB
cache 812781568
rss 187158528
rss_huge 0
mapped_file 364544
writeback 0
swap 8192
pgpgin 4045369
pgpgout 3801243
pgfault 520280
pgmajfault 326
inactive_anon 93757440
active_anon 93474816
inactive_file 404021248
active_file 408686592
unevictable 0
hierarchical_memory_limit 999997440
hierarchical_memsw_limit 9223372036854771712
total_cache 812781568
total_rss 187158528
total_rss_huge 0
total_mapped_file 364544
total_writeback 0
total_swap 8192
total_pgpgin 4045369
total_pgpgout 3801243
total_pgfault 520280
total_pgmajfault 326
total_inactive_anon 93757440
total_active_anon 93474816
total_inactive_file 404021248
total_active_file 408686592
total_unevictable 0
--------------------BLKIO-----------------------
11:0 Read 0
11:0 Write 0
11:0 Sync 0
11:0 Async 0
11:0 Total 0
253:0 Read 12227940352
253:0 Write 299008
253:0 Sync 0
253:0 Async 12228239360
253:0 Total 12228239360
Total 12228239360
--------------------CPUAC-----------------------
user 609
system 2793
 
--------------------MEMCG-----------------------
MEM ONLY  : 953 MB
MEM+SWAP  : 953 MB
cache 812744704
rss 187158528
rss_huge 0
mapped_file 827392
writeback 61059072
swap 8192
pgpgin 4544595
pgpgout 4300478
pgfault 528970
pgmajfault 340
inactive_anon 93757440
active_anon 93474816
inactive_file 406708224
active_file 405831680
unevictable 0
hierarchical_memory_limit 999997440
hierarchical_memsw_limit 9223372036854771712
total_cache 812744704
total_rss 187158528
total_rss_huge 0
total_mapped_file 827392
total_writeback 61059072
total_swap 8192
total_pgpgin 4544595
total_pgpgout 4300478
total_pgfault 528970
total_pgmajfault 340
total_inactive_anon 93757440
total_active_anon 93474816
total_inactive_file 406708224
total_active_file 405831680
total_unevictable 0
--------------------BLKIO-----------------------
11:0 Read 0
11:0 Write 0
11:0 Sync 0
11:0 Async 0
11:0 Total 0
253:0 Read 12564844544
253:0 Write 299008
253:0 Sync 0
253:0 Async 12565143552
253:0 Total 12565143552
Total 12565143552
--------------------CPUAC-----------------------
user 612
system 3018
 
--------------------MEMCG-----------------------
MEM ONLY  : 953 MB
MEM+SWAP  : 953 MB
cache 812822528
rss 187158528
rss_huge 0
mapped_file 835584
writeback 0
swap 8192
pgpgin 4747662
pgpgout 4503526
pgfault 545583
pgmajfault 341
inactive_anon 93757440
active_anon 93474816
inactive_file 405155840
active_file 407576576
unevictable 0
hierarchical_memory_limit 999997440
hierarchical_memsw_limit 9223372036854771712
total_cache 812822528
total_rss 187158528
total_rss_huge 0
total_mapped_file 835584
total_writeback 0
total_swap 8192
total_pgpgin 4747662
total_pgpgout 4503526
total_pgfault 545583
total_pgmajfault 341
total_inactive_anon 93757440
total_active_anon 93474816
total_inactive_file 405155840
total_active_file 407576576
total_unevictable 0
--------------------BLKIO-----------------------
11:0 Read 0
11:0 Write 0
11:0 Sync 0
11:0 Async 0
11:0 Total 0
253:0 Read 13268500480
253:0 Write 299008
253:0 Sync 0
253:0 Async 13268799488
253:0 Total 13268799488
Total 13268799488
--------------------CPUAC-----------------------
user 619
system 3152
 
--------------------MEMCG-----------------------
MEM ONLY  : 953 MB
MEM+SWAP  : 953 MB
cache 812683264
rss 187158528
rss_huge 0
mapped_file 364544
writeback 0
swap 12288
pgpgin 5008486
pgpgout 4764384
pgfault 568269
pgmajfault 341
inactive_anon 93753344
active_anon 93474816
inactive_file 404525056
active_file 408088576
unevictable 0
hierarchical_memory_limit 999997440
hierarchical_memsw_limit 9223372036854771712
total_cache 812683264
total_rss 187158528
total_rss_huge 0
total_mapped_file 364544
total_writeback 0
total_swap 12288
total_pgpgin 5008486
total_pgpgout 4764384
total_pgfault 568269
total_pgmajfault 341
total_inactive_anon 93753344
total_active_anon 93474816
total_inactive_file 404525056
total_active_file 408088576
total_unevictable 0
--------------------BLKIO-----------------------
11:0 Read 0
11:0 Write 0
11:0 Sync 0
11:0 Async 0
11:0 Total 0
253:0 Read 14244134912
253:0 Write 299008
253:0 Sync 0
253:0 Async 14244433920
253:0 Total 14244433920
Total 14244433920
--------------------CPUAC-----------------------
user 634
system 3359
 
--------------------MEMCG-----------------------
MEM ONLY  : 953 MB
MEM+SWAP  : 953 MB
cache 812711936
rss 187158528
rss_huge 0
mapped_file 700416
writeback 0
swap 12288
pgpgin 5237484
pgpgout 4993375
pgfault 588356
pgmajfault 347
inactive_anon 93753344
active_anon 93474816
inactive_file 404373504
active_file 408268800
unevictable 0
hierarchical_memory_limit 999997440
hierarchical_memsw_limit 9223372036854771712
total_cache 812711936
total_rss 187158528
total_rss_huge 0
total_mapped_file 700416
total_writeback 0
total_swap 12288
total_pgpgin 5237484
total_pgpgout 4993375
total_pgfault 588356
total_pgmajfault 347
total_inactive_anon 93753344
total_active_anon 93474816
total_inactive_file 404373504
total_active_file 408268800
total_unevictable 0
--------------------BLKIO-----------------------
11:0 Read 0
11:0 Write 0
11:0 Sync 0
11:0 Async 0
11:0 Total 0
253:0 Read 15099846656
253:0 Write 299008
253:0 Sync 0
253:0 Async 15100145664
253:0 Total 15100145664
Total 15100145664
--------------------CPUAC-----------------------
user 646
system 3541
 
--------------------MEMCG-----------------------
MEM ONLY  : 953 MB
MEM+SWAP  : 953 MB
cache 812683264
rss 187158528
rss_huge 0
mapped_file 364544
writeback 0
swap 12288
pgpgin 5484056
pgpgout 5239954
pgfault 609856
pgmajfault 347
inactive_anon 93753344
active_anon 93474816
inactive_file 403890176
active_file 408723456
unevictable 0
hierarchical_memory_limit 999997440
hierarchical_memsw_limit 9223372036854771712
total_cache 812683264
total_rss 187158528
total_rss_huge 0
total_mapped_file 364544
total_writeback 0
total_swap 12288
total_pgpgin 5484056
total_pgpgout 5239954
total_pgfault 609856
total_pgmajfault 347
total_inactive_anon 93753344
total_active_anon 93474816
total_inactive_file 403890176
total_active_file 408723456
total_unevictable 0
--------------------BLKIO-----------------------
11:0 Read 0
11:0 Write 0
11:0 Sync 0
11:0 Async 0
11:0 Total 0
253:0 Read 16021872640
253:0 Write 299008
253:0 Sync 0
253:0 Async 16022171648
253:0 Total 16022171648
Total 16022171648
--------------------CPUAC-----------------------
user 655
system 3730
 
--------------------MEMCG-----------------------
MEM ONLY  : 953 MB
MEM+SWAP  : 953 MB
cache 812822528
rss 187158528
rss_huge 0
mapped_file 364544
writeback 0
swap 12288
pgpgin 5692391
pgpgout 5448255
pgfault 628397
pgmajfault 347
inactive_anon 93753344
active_anon 93474816
inactive_file 403431424
active_file 409321472
unevictable 0
hierarchical_memory_limit 999997440
hierarchical_memsw_limit 9223372036854771712
total_cache 812822528
total_rss 187158528
total_rss_huge 0
total_mapped_file 364544
total_writeback 0
total_swap 12288
total_pgpgin 5692391
total_pgpgout 5448255
total_pgfault 628397
total_pgmajfault 347
total_inactive_anon 93753344
total_active_anon 93474816
total_inactive_file 403431424
total_active_file 409321472
total_unevictable 0
--------------------BLKIO-----------------------
11:0 Read 0
11:0 Write 0
11:0 Sync 0
11:0 Async 0
11:0 Total 0
253:0 Read 16799223808
253:0 Write 299008
253:0 Sync 0
253:0 Async 16799522816
253:0 Total 16799522816
Total 16799522816
--------------------CPUAC-----------------------
user 665
system 3894
 
--------------------MEMCG-----------------------
MEM ONLY  : 953 MB
MEM+SWAP  : 953 MB
cache 812826624
rss 187158528
rss_huge 0
mapped_file 1130496
writeback 0
swap 16384
pgpgin 5908367
pgpgout 5664230
pgfault 645366
pgmajfault 361
inactive_anon 93749248
active_anon 93474816
inactive_file 405356544
active_file 407388160
unevictable 0
hierarchical_memory_limit 999997440
hierarchical_memsw_limit 9223372036854771712
total_cache 812826624
total_rss 187158528
total_rss_huge 0
total_mapped_file 1130496
total_writeback 0
total_swap 16384
total_pgpgin 5908367
total_pgpgout 5664230
total_pgfault 645366
total_pgmajfault 361
total_inactive_anon 93749248
total_active_anon 93474816
total_inactive_file 405356544
total_active_file 407388160
total_unevictable 0
--------------------BLKIO-----------------------
11:0 Read 0
11:0 Write 0
11:0 Sync 0
11:0 Async 0
11:0 Total 0
253:0 Read 17514467328
253:0 Write 299008
253:0 Sync 0
253:0 Async 17514766336
253:0 Total 17514766336
Total 17514766336
--------------------CPUAC-----------------------
user 678
system 4055
 
--------------------MEMCG-----------------------
MEM ONLY  : 953 MB
MEM+SWAP  : 953 MB
cache 812773376
rss 187158528
rss_huge 0
mapped_file 364544
writeback 0
swap 16384
pgpgin 6112453
pgpgout 5868329
pgfault 663396
pgmajfault 361
inactive_anon 93749248
active_anon 93474816
inactive_file 404852736
active_file 407838720
unevictable 0
hierarchical_memory_limit 999997440
hierarchical_memsw_limit 9223372036854771712
total_cache 812773376
total_rss 187158528
total_rss_huge 0
total_mapped_file 364544
total_writeback 0
total_swap 16384
total_pgpgin 6112453
total_pgpgout 5868329
total_pgfault 663396
total_pgmajfault 361
total_inactive_anon 93749248
total_active_anon 93474816
total_inactive_file 404852736
total_active_file 407838720
total_unevictable 0
--------------------BLKIO-----------------------
11:0 Read 0
11:0 Write 0
11:0 Sync 0
11:0 Async 0
11:0 Total 0
253:0 Read 18276683776
253:0 Write 299008
253:0 Sync 0
253:0 Async 18276982784
253:0 Total 18276982784
Total 18276982784
--------------------CPUAC-----------------------
user 688
system 4216
 
--------------------MEMCG-----------------------
MEM ONLY  : 953 MB
MEM+SWAP  : 953 MB
cache 812675072
rss 187158528
rss_huge 0
mapped_file 364544
writeback 0
swap 16384
pgpgin 6318119
pgpgout 6074019
pgfault 681635
pgmajfault 361
inactive_anon 93749248
active_anon 93474816
inactive_file 404377600
active_file 408207360
unevictable 0
hierarchical_memory_limit 999997440
hierarchical_memsw_limit 9223372036854771712
total_cache 812675072
total_rss 187158528
total_rss_huge 0
total_mapped_file 364544
total_writeback 0
total_swap 16384
total_pgpgin 6318119
total_pgpgout 6074019
total_pgfault 681635
total_pgmajfault 361
total_inactive_anon 93749248
total_active_anon 93474816
total_inactive_file 404377600
total_active_file 408207360
total_unevictable 0
--------------------BLKIO-----------------------
11:0 Read 0
11:0 Write 0
11:0 Sync 0
11:0 Async 0
11:0 Total 0
253:0 Read 19044339712
253:0 Write 299008
253:0 Sync 0
253:0 Async 19044638720
253:0 Total 19044638720
Total 19044638720
--------------------CPUAC-----------------------
user 699
system 4389
 
--------------------MEMCG-----------------------
MEM ONLY  : 953 MB
MEM+SWAP  : 953 MB
cache 812752896
rss 187158528
rss_huge 0
mapped_file 540672
writeback 0
swap 16384
pgpgin 6521105
pgpgout 6276986
pgfault 699627
pgmajfault 367
inactive_anon 93749248
active_anon 93474816
inactive_file 404598784
active_file 407957504
unevictable 0
hierarchical_memory_limit 999997440
hierarchical_memsw_limit 9223372036854771712
total_cache 812752896
total_rss 187158528
total_rss_huge 0
total_mapped_file 540672
total_writeback 0
total_swap 16384
total_pgpgin 6521105
total_pgpgout 6276986
total_pgfault 699627
total_pgmajfault 367
total_inactive_anon 93749248
total_active_anon 93474816
total_inactive_file 404598784
total_active_file 407957504
total_unevictable 0
--------------------BLKIO-----------------------
11:0 Read 0
11:0 Write 0
11:0 Sync 0
11:0 Async 0
11:0 Total 0
253:0 Read 19802079232
253:0 Write 299008
253:0 Sync 0
253:0 Async 19802378240
253:0 Total 19802378240
Total 19802378240
--------------------CPUAC-----------------------
user 712
system 4546
 
--------------------MEMCG-----------------------
MEM ONLY  : 953 MB
MEM+SWAP  : 953 MB
cache 812716032
rss 187158528
rss_huge 0
mapped_file 364544
writeback 0
swap 16384
pgpgin 6723856
pgpgout 6479746
pgfault 717615
pgmajfault 367
inactive_anon 93749248
active_anon 93474816
inactive_file 404021248
active_file 408621056
unevictable 0
hierarchical_memory_limit 999997440
hierarchical_memsw_limit 9223372036854771712
total_cache 812716032
total_rss 187158528
total_rss_huge 0
total_mapped_file 364544
total_writeback 0
total_swap 16384
total_pgpgin 6723856
total_pgpgout 6479746
total_pgfault 717615
total_pgmajfault 367
total_inactive_anon 93749248
total_active_anon 93474816
total_inactive_file 404021248
total_active_file 408621056
total_unevictable 0
--------------------BLKIO-----------------------
11:0 Read 0
11:0 Write 0
11:0 Sync 0
11:0 Async 0
11:0 Total 0
253:0 Read 20558815232
253:0 Write 299008
253:0 Sync 0
253:0 Async 20559114240
253:0 Total 20559114240
Total 20559114240
--------------------CPUAC-----------------------
user 724
system 4698
 
--------------------MEMCG-----------------------
MEM ONLY  : 953 MB
MEM+SWAP  : 953 MB
cache 812621824
rss 187158528
rss_huge 0
mapped_file 540672
writeback 0
swap 16384
pgpgin 7084038
pgpgout 6839951
pgfault 727590
pgmajfault 377
inactive_anon 93749248
active_anon 93474816
inactive_file 405721088
active_file 406806528
unevictable 0
hierarchical_memory_limit 999997440
hierarchical_memsw_limit 9223372036854771712
total_cache 812621824
total_rss 187158528
total_rss_huge 0
total_mapped_file 540672
total_writeback 0
total_swap 16384
total_pgpgin 7084038
total_pgpgout 6839951
total_pgfault 727590
total_pgmajfault 377
total_inactive_anon 93749248
total_active_anon 93474816
total_inactive_file 405663744
total_active_file 406863872
total_unevictable 0
--------------------BLKIO-----------------------
11:0 Read 0
11:0 Write 0
11:0 Sync 0
11:0 Async 0
11:0 Total 0
253:0 Read 20955488256
253:0 Write 299008
253:0 Sync 0
253:0 Async 20955787264
253:0 Total 20955787264
Total 20955787264
--------------------CPUAC-----------------------
user 732
system 4870
 
--------------------MEMCG-----------------------
MEM ONLY  : 953 MB
MEM+SWAP  : 953 MB
cache 812748800
rss 187158528
rss_huge 0
mapped_file 585728
writeback 0
swap 16384
pgpgin 7298316
pgpgout 7054198
pgfault 746559
pgmajfault 382
inactive_anon 93749248
active_anon 93474816
inactive_file 405331968
active_file 407351296
unevictable 0
hierarchical_memory_limit 999997440
hierarchical_memsw_limit 9223372036854771712
total_cache 812748800
total_rss 187158528
total_rss_huge 0
total_mapped_file 585728
total_writeback 0
total_swap 16384
total_pgpgin 7298316
total_pgpgout 7054198
total_pgfault 746559
total_pgmajfault 382
total_inactive_anon 93749248
total_active_anon 93474816
total_inactive_file 405331968
total_active_file 407351296
total_unevictable 0
--------------------BLKIO-----------------------
11:0 Read 0
11:0 Write 0
11:0 Sync 0
11:0 Async 0
11:0 Total 0
253:0 Read 21755318272
253:0 Write 299008
253:0 Sync 0
253:0 Async 21755617280
253:0 Total 21755617280
Total 21755617280
--------------------CPUAC-----------------------
user 742
system 5038
 
--------------------MEMCG-----------------------
MEM ONLY  : 953 MB
MEM+SWAP  : 953 MB
cache 812724224
rss 187158528
rss_huge 0
mapped_file 364544
writeback 0
swap 20480
pgpgin 7517366
pgpgout 7273254
pgfault 765909
pgmajfault 382
inactive_anon 93745152
active_anon 93474816
inactive_file 404721664
active_file 407932928
unevictable 0
hierarchical_memory_limit 999997440
hierarchical_memsw_limit 9223372036854771712
total_cache 812724224
total_rss 187158528
total_rss_huge 0
total_mapped_file 364544
total_writeback 0
total_swap 20480
total_pgpgin 7517366
total_pgpgout 7273254
total_pgfault 765909
total_pgmajfault 382
total_inactive_anon 93745152
total_active_anon 93474816
total_inactive_file 404721664
total_active_file 407932928
total_unevictable 0
--------------------BLKIO-----------------------
11:0 Read 0
11:0 Write 0
11:0 Sync 0
11:0 Async 0
11:0 Total 0
253:0 Read 22573592576
253:0 Write 299008
253:0 Sync 0
253:0 Async 22573891584
253:0 Total 22573891584
Total 22573891584
--------------------CPUAC-----------------------
user 754
system 5211
 
--------------------MEMCG-----------------------
MEM ONLY  : 953 MB
MEM+SWAP  : 953 MB
cache 812826624
rss 187158528
rss_huge 0
mapped_file 364544
writeback 0
swap 20480
pgpgin 7729215
pgpgout 7485078
pgfault 784829
pgmajfault 382
inactive_anon 93745152
active_anon 93474816
inactive_file 404348928
active_file 408412160
unevictable 0
hierarchical_memory_limit 999997440
hierarchical_memsw_limit 9223372036854771712
total_cache 812826624
total_rss 187158528
total_rss_huge 0
total_mapped_file 364544
total_writeback 0
total_swap 20480
total_pgpgin 7729215
total_pgpgout 7485078
total_pgfault 784829
total_pgmajfault 382
total_inactive_anon 93745152
total_active_anon 93474816
total_inactive_file 404348928
total_active_file 408412160
total_unevictable 0
--------------------BLKIO-----------------------
11:0 Read 0
11:0 Write 0
11:0 Sync 0
11:0 Async 0
11:0 Total 0
253:0 Read 23363829760
253:0 Write 299008
253:0 Sync 0
253:0 Async 23364128768
253:0 Total 23364128768
Total 23364128768
--------------------CPUAC-----------------------
user 766
system 5366
 
--------------------MEMCG-----------------------
MEM ONLY  : 953 MB
MEM+SWAP  : 953 MB
cache 812699648
rss 187158528
rss_huge 0
mapped_file 684032
writeback 0
swap 20480
pgpgin 7959957
pgpgout 7715851
pgfault 805234
pgmajfault 388
inactive_anon 93745152
active_anon 93474816
inactive_file 403832832
active_file 408805376
unevictable 0
hierarchical_memory_limit 999997440
hierarchical_memsw_limit 9223372036854771712
total_cache 812699648
total_rss 187158528
total_rss_huge 0
total_mapped_file 684032
total_writeback 0
total_swap 20480
total_pgpgin 7959957
total_pgpgout 7715851
total_pgfault 805234
total_pgmajfault 388
total_inactive_anon 93745152
total_active_anon 93474816
total_inactive_file 403832832
total_active_file 408805376
total_unevictable 0
--------------------BLKIO-----------------------
11:0 Read 0
11:0 Write 0
11:0 Sync 0
11:0 Async 0
11:0 Total 0
253:0 Read 24225382400
253:0 Write 299008
253:0 Sync 0
253:0 Async 24225681408
253:0 Total 24225681408
Total 24225681408
--------------------CPUAC-----------------------
user 778
system 5539
 
--------------------MEMCG-----------------------
MEM ONLY  : 953 MB
MEM+SWAP  : 953 MB
cache 812830720
rss 187158528
rss_huge 0
mapped_file 888832
writeback 0
swap 20480
pgpgin 8262890
pgpgout 8018752
pgfault 819192
pgmajfault 396
inactive_anon 93745152
active_anon 93474816
inactive_file 405716992
active_file 406994944
unevictable 0
hierarchical_memory_limit 999997440
hierarchical_memsw_limit 9223372036854771712
total_cache 812830720
total_rss 187158528
total_rss_huge 0
total_mapped_file 888832
total_writeback 0
total_swap 20480
total_pgpgin 8262890
total_pgpgout 8018752
total_pgfault 819192
total_pgmajfault 396
total_inactive_anon 93745152
total_active_anon 93474816
total_inactive_file 405716992
total_active_file 406994944
total_unevictable 0
--------------------BLKIO-----------------------
11:0 Read 0
11:0 Write 0
11:0 Sync 0
11:0 Async 0
11:0 Total 0
253:0 Read 24802582528
253:0 Write 299008
253:0 Sync 0
253:0 Async 24802881536
253:0 Total 24802881536
Total 24802881536
--------------------CPUAC-----------------------
user 790
system 5716
 
--------------------MEMCG-----------------------
MEM ONLY  : 953 MB
MEM+SWAP  : 953 MB
cache 812732416
rss 187158528
rss_huge 0
mapped_file 380928
writeback 0
swap 20480
pgpgin 8482544
pgpgout 8238430
pgfault 838668
pgmajfault 396
inactive_anon 93745152
active_anon 93474816
inactive_file 405245952
active_file 407408640
unevictable 0
hierarchical_memory_limit 999997440
hierarchical_memsw_limit 9223372036854771712
total_cache 812732416
total_rss 187158528
total_rss_huge 0
total_mapped_file 380928
total_writeback 0
total_swap 20480
total_pgpgin 8482544
total_pgpgout 8238430
total_pgfault 838668
total_pgmajfault 396
total_inactive_anon 93745152
total_active_anon 93474816
total_inactive_file 405245952
total_active_file 407408640
total_unevictable 0
--------------------BLKIO-----------------------
11:0 Read 0
11:0 Write 0
11:0 Sync 0
11:0 Async 0
11:0 Total 0
253:0 Read 25622642688
253:0 Write 299008
253:0 Sync 0
253:0 Async 25622941696
253:0 Total 25622941696
Total 25622941696
--------------------CPUAC-----------------------
user 806
system 5883
 
--------------------MEMCG-----------------------
MEM ONLY  : 953 MB
MEM+SWAP  : 953 MB
cache 812789760
rss 187158528
rss_huge 0
mapped_file 684032
writeback 0
swap 20480
pgpgin 8723317
pgpgout 8479189
pgfault 859793
pgmajfault 402
inactive_anon 93745152
active_anon 93474816
inactive_file 405131264
active_file 407597056
unevictable 0
hierarchical_memory_limit 999997440
hierarchical_memsw_limit 9223372036854771712
total_cache 812789760
total_rss 187158528
total_rss_huge 0
total_mapped_file 684032
total_writeback 0
total_swap 20480
total_pgpgin 8723317
total_pgpgout 8479189
total_pgfault 859793
total_pgmajfault 402
total_inactive_anon 93745152
total_active_anon 93474816
total_inactive_file 405131264
total_active_file 407597056
total_unevictable 0
--------------------BLKIO-----------------------
11:0 Read 0
11:0 Write 0
11:0 Sync 0
11:0 Async 0
11:0 Total 0
253:0 Read 26522243072
253:0 Write 299008
253:0 Sync 0
253:0 Async 26522542080
253:0 Total 26522542080
Total 26522542080
--------------------CPUAC-----------------------
user 815
system 6066
 
--------------------MEMCG-----------------------
MEM ONLY  : 953 MB
MEM+SWAP  : 961 MB
cache 820658176
rss 179179520
rss_huge 0
mapped_file 364544
writeback 0
swap 8052736
pgpgin 9342418
pgpgout 9098317
pgfault 1175963
pgmajfault 402
inactive_anon 89735168
active_anon 89452544
inactive_file 150839296
active_file 669810688
unevictable 0
hierarchical_memory_limit 999997440
hierarchical_memsw_limit 9223372036854771712
total_cache 820658176
total_rss 179179520
total_rss_huge 0
total_mapped_file 364544
total_writeback 0
total_swap 8052736
total_pgpgin 9342418
total_pgpgout 9098317
total_pgfault 1175963
total_pgmajfault 402
total_inactive_anon 89735168
total_active_anon 89452544
total_inactive_file 150839296
total_active_file 669810688
total_unevictable 0
--------------------BLKIO-----------------------
11:0 Read 0
11:0 Write 0
11:0 Sync 0
11:0 Async 0
11:0 Total 0
253:0 Read 27357249536
253:0 Write 8302592
253:0 Sync 0
253:0 Async 27365552128
253:0 Total 27365552128
Total 27365552128
--------------------CPUAC-----------------------
user 958
system 7409
 
--------------------MEMCG-----------------------
MEM ONLY  : 953 MB
MEM+SWAP  : 961 MB
cache 820752384
rss 179195904
rss_huge 0
mapped_file 364544
writeback 0
swap 8052736
pgpgin 9975622
pgpgout 9731491
pgfault 1620756
pgmajfault 402
inactive_anon 89694208
active_anon 89509888
inactive_file 163037184
active_file 657698816
unevictable 0
hierarchical_memory_limit 999997440
hierarchical_memsw_limit 9223372036854771712
total_cache 820772864
total_rss 179195904
total_rss_huge 0
total_mapped_file 364544
total_writeback 0
total_swap 8052736
total_pgpgin 9975626
total_pgpgout 9731491
total_pgfault 1620756
total_pgmajfault 402
total_inactive_anon 89694208
total_active_anon 89509888
total_inactive_file 163037184
total_active_file 657698816
total_unevictable 0
--------------------BLKIO-----------------------
11:0 Read 0
11:0 Write 0
11:0 Sync 0
11:0 Async 0
11:0 Total 0
253:0 Read 28129366016
253:0 Write 8302592
253:0 Sync 0
253:0 Async 28137668608
253:0 Total 28137668608
Total 28137668608
--------------------CPUAC-----------------------
user 1190
system 9176
 
--------------------MEMCG-----------------------
MEM ONLY  : 953 MB
MEM+SWAP  : 963 MB
cache 822915072
rss 177065984
rss_huge 0
mapped_file 540672
writeback 0
swap 10170368
pgpgin 10662054
pgpgout 10417918
pgfault 2063130
pgmajfault 415
inactive_anon 88666112
active_anon 88408064
inactive_file 164388864
active_file 658518016
unevictable 0
hierarchical_memory_limit 999997440
hierarchical_memsw_limit 9223372036854771712
total_cache 822915072
total_rss 177065984
total_rss_huge 0
total_mapped_file 540672
total_writeback 0
total_swap 10170368
total_pgpgin 10662054
total_pgpgout 10417918
total_pgfault 2063130
total_pgmajfault 415
total_inactive_anon 88666112
total_active_anon 88408064
total_inactive_file 164388864
total_active_file 658518016
total_unevictable 0
--------------------BLKIO-----------------------
11:0 Read 0
11:0 Write 0
11:0 Sync 0
11:0 Async 0
11:0 Total 0
253:0 Read 28818874368
253:0 Write 10428416
253:0 Sync 0
253:0 Async 28829302784
253:0 Total 28829302784
Total 28829302784
--------------------CPUAC-----------------------
user 1414
system 10954
 
--------------------MEMCG-----------------------
MEM ONLY  : 953 MB
MEM+SWAP  : 966 MB
cache 826408960
rss 173498368
rss_huge 0
mapped_file 364544
writeback 0
swap 13742080
pgpgin 11294426
pgpgout 11050308
pgfault 2509504
pgmajfault 415
inactive_anon 86904832
active_anon 86601728
inactive_file 157356032
active_file 669044736
unevictable 0
hierarchical_memory_limit 999997440
hierarchical_memsw_limit 9223372036854771712
total_cache 826408960
total_rss 173498368
total_rss_huge 0
total_mapped_file 364544
total_writeback 0
total_swap 13742080
total_pgpgin 11294426
total_pgpgout 11050308
total_pgfault 2509504
total_pgmajfault 415
total_inactive_anon 86904832
total_active_anon 86601728
total_inactive_file 157356032
total_active_file 669044736
total_unevictable 0
--------------------BLKIO-----------------------
11:0 Read 0
11:0 Write 0
11:0 Sync 0
11:0 Async 0
11:0 Total 0
253:0 Read 29581201408
253:0 Write 13991936
253:0 Sync 0
253:0 Async 29595193344
253:0 Total 29595193344
Total 29595193344
--------------------CPUAC-----------------------
user 1640
system 12728
 
--------------------MEMCG-----------------------
MEM ONLY  : 953 MB
MEM+SWAP  : 971 MB
cache 831688704
rss 168275968
rss_huge 0
mapped_file 360448
writeback 0
swap 18964480
pgpgin 11933902
pgpgout 11689770
pgfault 2952199
pgmajfault 415
inactive_anon 84213760
active_anon 84066304
inactive_file 159629312
active_file 672055296
unevictable 0
hierarchical_memory_limit 999997440
hierarchical_memsw_limit 9223372036854771712
total_cache 831688704
total_rss 168275968
total_rss_huge 0
total_mapped_file 360448
total_writeback 0
total_swap 18964480
total_pgpgin 11933902
total_pgpgout 11689770
total_pgfault 2952199
total_pgmajfault 415
total_inactive_anon 84213760
total_active_anon 84066304
total_inactive_file 159629312
total_active_file 672055296
total_unevictable 0
--------------------BLKIO-----------------------
11:0 Read 0
11:0 Write 0
11:0 Sync 0
11:0 Async 0
11:0 Total 0
253:0 Read 30387286016
253:0 Write 19214336
253:0 Sync 0
253:0 Async 30406500352
253:0 Total 30406500352
Total 30406500352
--------------------CPUAC-----------------------
user 1874
system 14494
 
--------------------MEMCG-----------------------
MEM ONLY  : 953 MB
MEM+SWAP  : 971 MB
cache 831574016
rss 168304640
rss_huge 0
mapped_file 360448
writeback 0
swap 18939904
pgpgin 12586279
pgpgout 12342169
pgfault 3392252
pgmajfault 424
inactive_anon 84328448
active_anon 83976192
inactive_file 149454848
active_file 682115072
unevictable 0
hierarchical_memory_limit 999997440
hierarchical_memsw_limit 9223372036854771712
total_cache 831574016
total_rss 168300544
total_rss_huge 0
total_mapped_file 360448
total_writeback 0
total_swap 18939904
total_pgpgin 12586279
total_pgpgout 12342169
total_pgfault 3392252
total_pgmajfault 424
total_inactive_anon 84328448
total_active_anon 83976192
total_inactive_file 149454848
total_active_file 682115072
total_unevictable 0
--------------------BLKIO-----------------------
11:0 Read 0
11:0 Write 0
11:0 Sync 0
11:0 Async 0
11:0 Total 0
253:0 Read 31257202688
253:0 Write 19214336
253:0 Sync 0
253:0 Async 31276417024
253:0 Total 31276417024
Total 31276417024
--------------------CPUAC-----------------------
user 2111
system 16258
 
--------------------MEMCG-----------------------
MEM ONLY  : 953 MB
MEM+SWAP  : 971 MB
cache 831631360
rss 168292352
rss_huge 0
mapped_file 360448
writeback 0
swap 18948096
pgpgin 13233974
pgpgout 12989852
pgfault 3831961
pgmajfault 424
inactive_anon 84303872
active_anon 83992576
inactive_file 183705600
active_file 647921664
unevictable 0
hierarchical_memory_limit 999997440
hierarchical_memsw_limit 9223372036854771712
total_cache 831631360
total_rss 168292352
total_rss_huge 0
total_mapped_file 360448
total_writeback 0
total_swap 18948096
total_pgpgin 13233974
total_pgpgout 12989852
total_pgfault 3831961
total_pgmajfault 424
total_inactive_anon 84303872
total_active_anon 83992576
total_inactive_file 183705600
total_active_file 647921664
total_unevictable 0
--------------------BLKIO-----------------------
11:0 Read 0
11:0 Write 0
11:0 Sync 0
11:0 Async 0
11:0 Total 0
253:0 Read 32109379584
253:0 Write 19214336
253:0 Sync 0
253:0 Async 32128593920
253:0 Total 32128593920
Total 32128593920
--------------------CPUAC-----------------------
user 2346
system 18024
 
--------------------MEMCG-----------------------
MEM ONLY  : 953 MB
MEM+SWAP  : 971 MB
cache 831795200
rss 168050688
rss_huge 0
mapped_file 491520
writeback 0
swap 19189760
pgpgin 13940786
pgpgout 13696681
pgfault 4264126
pgmajfault 458
inactive_anon 84221952
active_anon 83832832
inactive_file 342712320
active_file 489078784
unevictable 0
hierarchical_memory_limit 999997440
hierarchical_memsw_limit 9223372036854771712
total_cache 831811584
total_rss 168050688
total_rss_huge 0
total_mapped_file 491520
total_writeback 0
total_swap 19189760
total_pgpgin 13940789
total_pgpgout 13696681
total_pgfault 4264126
total_pgmajfault 458
total_inactive_anon 84221952
total_active_anon 83832832
total_inactive_file 342712320
total_active_file 489078784
total_unevictable 0
--------------------BLKIO-----------------------
11:0 Read 0
11:0 Write 0
11:0 Sync 0
11:0 Async 0
11:0 Total 0
253:0 Read 32800739328
253:0 Write 20250624
253:0 Sync 0
253:0 Async 32820989952
253:0 Total 32820989952
Total 32820989952
--------------------CPUAC-----------------------
user 2582
system 19773
 
--------------------MEMCG-----------------------
MEM ONLY  : 953 MB
MEM+SWAP  : 971 MB
cache 831692800
rss 168263680
rss_huge 0
mapped_file 1216512
writeback 0
swap 18976768
pgpgin 14586291
pgpgout 14342161
pgfault 4713356
pgmajfault 550
inactive_anon 84377600
active_anon 83894272
inactive_file 165093376
active_file 666591232
unevictable 0
hierarchical_memory_limit 999997440
hierarchical_memsw_limit 9223372036854771712
total_cache 831692800
total_rss 168263680
total_rss_huge 0
total_mapped_file 1216512
total_writeback 0
total_swap 18976768
total_pgpgin 14586291
total_pgpgout 14342161
total_pgfault 4713356
total_pgmajfault 550
total_inactive_anon 84377600
total_active_anon 83890176
total_inactive_file 165093376
total_active_file 666591232
total_unevictable 0
--------------------BLKIO-----------------------
11:0 Read 0
11:0 Write 0
11:0 Sync 0
11:0 Async 0
11:0 Total 0
253:0 Read 33351573504
253:0 Write 20402176
253:0 Sync 0
253:0 Async 33371975680
253:0 Total 33371975680
Total 33371975680
--------------------CPUAC-----------------------
user 2796
system 21553
 
--------------------MEMCG-----------------------
MEM ONLY  : 953 MB
MEM+SWAP  : 971 MB
cache 831651840
rss 168255488
rss_huge 0
mapped_file 360448
writeback 0
swap 18984960
pgpgin 15209474
pgpgout 14965356
pgfault 5158254
pgmajfault 550
inactive_anon 84344832
active_anon 83918848
inactive_file 156143616
active_file 675500032
unevictable 0
hierarchical_memory_limit 999997440
hierarchical_memsw_limit 9223372036854771712
total_cache 831651840
total_rss 168255488
total_rss_huge 0
total_mapped_file 360448
total_writeback 0
total_swap 18984960
total_pgpgin 15209474
total_pgpgout 14965356
total_pgfault 5158254
total_pgmajfault 550
total_inactive_anon 84344832
total_active_anon 83918848
total_inactive_file 156143616
total_active_file 675500032
total_unevictable 0
--------------------BLKIO-----------------------
11:0 Read 0
11:0 Write 0
11:0 Sync 0
11:0 Async 0
11:0 Total 0
253:0 Read 34081873920
253:0 Write 20402176
253:0 Sync 0
253:0 Async 34102276096
253:0 Total 34102276096
Total 34102276096
--------------------CPUAC-----------------------
user 3031
system 23319
 
--------------------MEMCG-----------------------
MEM ONLY  : 953 MB
MEM+SWAP  : 971 MB
cache 831754240
rss 168189952
rss_huge 0
mapped_file 360448
writeback 0
swap 19054592
pgpgin 15833593
pgpgout 15589466
pgfault 5603891
pgmajfault 550
inactive_anon 84267008
active_anon 83922944
inactive_file 154718208
active_file 677031936
unevictable 0
hierarchical_memory_limit 999997440
hierarchical_memsw_limit 9223372036854771712
total_cache 831754240
total_rss 168185856
total_rss_huge 0
total_mapped_file 360448
total_writeback 0
total_swap 19054592
total_pgpgin 15833593
total_pgpgout 15589467
total_pgfault 5603891
total_pgmajfault 550
total_inactive_anon 84267008
total_active_anon 83922944
total_inactive_file 154718208
total_active_file 677031936
total_unevictable 0
--------------------BLKIO-----------------------
11:0 Read 0
11:0 Write 0
11:0 Sync 0
11:0 Async 0
11:0 Total 0
253:0 Read 34813022208
253:0 Write 20418560
253:0 Sync 0
253:0 Async 34833440768
253:0 Total 34833440768
Total 34833440768
--------------------CPUAC-----------------------
user 3267
system 25085
 
