--------------------MEMCG-----------------------
MEM ONLY  : 231 MB
MEM+SWAP  : 230 MB
cache 148336640
rss 93368320
rss_huge 0
mapped_file 46534656
writeback 0
swap 0
pgpgin 135491
pgpgout 76481
pgfault 211638
pgmajfault 217
inactive_anon 53248
active_anon 93401088
inactive_file 119914496
active_file 28311552
unevictable 0
hierarchical_memory_limit 999997440
hierarchical_memsw_limit 9223372036854771712
total_cache 148336640
total_rss 93368320
total_rss_huge 0
total_mapped_file 46534656
total_writeback 0
total_swap 0
total_pgpgin 135491
total_pgpgout 76481
total_pgfault 211638
total_pgmajfault 217
total_inactive_anon 53248
total_active_anon 93401088
total_inactive_file 119914496
total_active_file 28311552
total_unevictable 0
--------------------BLKIO-----------------------
11:0 Read 0
11:0 Write 0
11:0 Sync 0
11:0 Async 0
11:0 Total 0
253:0 Read 108560384
253:0 Write 233472
253:0 Sync 0
253:0 Async 108793856
253:0 Total 108793856
Total 108793856
--------------------CPUAC-----------------------
user 86
system 157
 
--------------------MEMCG-----------------------
MEM ONLY  : 575 MB
MEM+SWAP  : 575 MB
cache 509792256
rss 93171712
rss_huge 0
mapped_file 46514176
writeback 0
swap 0
pgpgin 241713
pgpgout 94505
pgfault 231007
pgmajfault 217
inactive_anon 49152
active_anon 93204480
inactive_file 455495680
active_file 54177792
unevictable 0
hierarchical_memory_limit 999997440
hierarchical_memsw_limit 9223372036854771712
total_cache 509792256
total_rss 93171712
total_rss_huge 0
total_mapped_file 46514176
total_writeback 0
total_swap 0
total_pgpgin 241713
total_pgpgout 94505
total_pgfault 231007
total_pgmajfault 217
total_inactive_anon 49152
total_active_anon 93204480
total_inactive_file 455495680
total_active_file 54177792
total_unevictable 0
--------------------BLKIO-----------------------
11:0 Read 0
11:0 Write 0
11:0 Sync 0
11:0 Async 0
11:0 Total 0
253:0 Read 470011904
253:0 Write 233472
253:0 Sync 0
253:0 Async 470245376
253:0 Total 470245376
Total 470245376
--------------------CPUAC-----------------------
user 98
system 214
 
--------------------MEMCG-----------------------
MEM ONLY  : 923 MB
MEM+SWAP  : 923 MB
cache 875618304
rss 93171712
rss_huge 0
mapped_file 46514176
writeback 0
swap 0
pgpgin 352464
pgpgout 115943
pgfault 253121
pgmajfault 217
inactive_anon 49152
active_anon 93204480
inactive_file 739483648
active_file 136019968
unevictable 0
hierarchical_memory_limit 999997440
hierarchical_memsw_limit 9223372036854771712
total_cache 875618304
total_rss 93171712
total_rss_huge 0
total_mapped_file 46514176
total_writeback 0
total_swap 0
total_pgpgin 352464
total_pgpgout 115943
total_pgfault 253121
total_pgmajfault 217
total_inactive_anon 49152
total_active_anon 93204480
total_inactive_file 739483648
total_active_file 136019968
total_unevictable 0
--------------------BLKIO-----------------------
11:0 Read 0
11:0 Write 0
11:0 Sync 0
11:0 Async 0
11:0 Total 0
253:0 Read 835870720
253:0 Write 233472
253:0 Sync 0
253:0 Async 836104192
253:0 Total 836104192
Total 836104192
--------------------CPUAC-----------------------
user 109
system 287
 
--------------------MEMCG-----------------------
MEM ONLY  : 953 MB
MEM+SWAP  : 953 MB
cache 906956800
rss 92905472
rss_huge 0
mapped_file 46346240
writeback 0
swap 0
pgpgin 469532
pgpgout 225425
pgfault 277678
pgmajfault 217
inactive_anon 46501888
active_anon 46485504
inactive_file 644448256
active_file 262406144
unevictable 0
hierarchical_memory_limit 999997440
hierarchical_memsw_limit 9223372036854771712
total_cache 906956800
total_rss 92905472
total_rss_huge 0
total_mapped_file 46346240
total_writeback 0
total_swap 0
total_pgpgin 469532
total_pgpgout 225425
total_pgfault 277678
total_pgmajfault 217
total_inactive_anon 46501888
total_active_anon 46485504
total_inactive_file 644448256
total_active_file 262406144
total_unevictable 0
--------------------BLKIO-----------------------
11:0 Read 0
11:0 Write 0
11:0 Sync 0
11:0 Async 0
11:0 Total 0
253:0 Read 1193869312
253:0 Write 233472
253:0 Sync 0
253:0 Async 1194102784
253:0 Total 1194102784
Total 1194102784
--------------------CPUAC-----------------------
user 124
system 458
 
--------------------MEMCG-----------------------
MEM ONLY  : 953 MB
MEM+SWAP  : 953 MB
cache 907022336
rss 92905472
rss_huge 0
mapped_file 12468224
writeback 0
swap 0
pgpgin 606950
pgpgout 362827
pgfault 306431
pgmajfault 217
inactive_anon 46501888
active_anon 46485504
inactive_file 504430592
active_file 402464768
unevictable 0
hierarchical_memory_limit 999997440
hierarchical_memsw_limit 9223372036854771712
total_cache 907022336
total_rss 92905472
total_rss_huge 0
total_mapped_file 12468224
total_writeback 0
total_swap 0
total_pgpgin 606950
total_pgpgout 362827
total_pgfault 306431
total_pgmajfault 217
total_inactive_anon 46501888
total_active_anon 46485504
total_inactive_file 504430592
total_active_file 402464768
total_unevictable 0
--------------------BLKIO-----------------------
11:0 Read 0
11:0 Write 0
11:0 Sync 0
11:0 Async 0
11:0 Total 0
253:0 Read 1544929280
253:0 Write 233472
253:0 Sync 0
253:0 Async 1545162752
253:0 Total 1545162752
Total 1545162752
--------------------CPUAC-----------------------
user 138
system 760
 
--------------------MEMCG-----------------------
MEM ONLY  : 953 MB
MEM+SWAP  : 953 MB
cache 907067392
rss 92905472
rss_huge 0
mapped_file 12468224
writeback 0
swap 0
pgpgin 779604
pgpgout 535470
pgfault 342545
pgmajfault 217
inactive_anon 46501888
active_anon 46485504
inactive_file 453627904
active_file 453304320
unevictable 0
hierarchical_memory_limit 999997440
hierarchical_memsw_limit 9223372036854771712
total_cache 907067392
total_rss 92905472
total_rss_huge 0
total_mapped_file 12468224
total_writeback 0
total_swap 0
total_pgpgin 779604
total_pgpgout 535470
total_pgfault 342545
total_pgmajfault 217
total_inactive_anon 46501888
total_active_anon 46485504
total_inactive_file 453627904
total_active_file 453304320
total_unevictable 0
--------------------BLKIO-----------------------
11:0 Read 0
11:0 Write 0
11:0 Sync 0
11:0 Async 0
11:0 Total 0
253:0 Read 1903742976
253:0 Write 233472
253:0 Sync 0
253:0 Async 1903976448
253:0 Total 1903976448
Total 1903976448
--------------------CPUAC-----------------------
user 156
system 1278
 
--------------------MEMCG-----------------------
MEM ONLY  : 953 MB
MEM+SWAP  : 953 MB
cache 907001856
rss 92905472
rss_huge 0
mapped_file 8577024
writeback 0
swap 0
pgpgin 999567
pgpgout 755449
pgfault 388601
pgmajfault 217
inactive_anon 46501888
active_anon 46485504
inactive_file 453443584
active_file 453443584
unevictable 0
hierarchical_memory_limit 999997440
hierarchical_memsw_limit 9223372036854771712
total_cache 907001856
total_rss 92905472
total_rss_huge 0
total_mapped_file 8577024
total_writeback 0
total_swap 0
total_pgpgin 999567
total_pgpgout 755449
total_pgfault 388601
total_pgmajfault 217
total_inactive_anon 46501888
total_active_anon 46485504
total_inactive_file 453443584
total_active_file 453443584
total_unevictable 0
--------------------BLKIO-----------------------
11:0 Read 0
11:0 Write 0
11:0 Sync 0
11:0 Async 0
11:0 Total 0
253:0 Read 2259824640
253:0 Write 233472
253:0 Sync 0
253:0 Async 2260058112
253:0 Total 2260058112
Total 2260058112
--------------------CPUAC-----------------------
user 176
system 2103
 
--------------------MEMCG-----------------------
MEM ONLY  : 953 MB
MEM+SWAP  : 953 MB
cache 907018240
rss 92905472
rss_huge 0
mapped_file 3395584
writeback 0
swap 0
pgpgin 1291244
pgpgout 1047122
pgfault 451134
pgmajfault 217
inactive_anon 46764032
active_anon 46223360
inactive_file 453685248
active_file 453242880
unevictable 0
hierarchical_memory_limit 999997440
hierarchical_memsw_limit 9223372036854771712
total_cache 907018240
total_rss 92905472
total_rss_huge 0
total_mapped_file 3395584
total_writeback 0
total_swap 0
total_pgpgin 1291244
total_pgpgout 1047122
total_pgfault 451134
total_pgmajfault 217
total_inactive_anon 46764032
total_active_anon 46223360
total_inactive_file 453685248
total_active_file 453242880
total_unevictable 0
--------------------BLKIO-----------------------
11:0 Read 0
11:0 Write 0
11:0 Sync 0
11:0 Async 0
11:0 Total 0
253:0 Read 2595041280
253:0 Write 233472
253:0 Sync 0
253:0 Async 2595274752
253:0 Total 2595274752
Total 2595274752
--------------------CPUAC-----------------------
user 210
system 3474
 
--------------------MEMCG-----------------------
MEM ONLY  : 953 MB
MEM+SWAP  : 953 MB
cache 907071488
rss 92925952
rss_huge 0
mapped_file 3383296
writeback 0
swap 0
pgpgin 1640226
pgpgout 1396086
pgfault 524181
pgmajfault 217
inactive_anon 46764032
active_anon 46243840
inactive_file 453533696
active_file 453230592
unevictable 0
hierarchical_memory_limit 999997440
hierarchical_memsw_limit 9223372036854771712
total_cache 907071488
total_rss 92925952
total_rss_huge 0
total_mapped_file 3383296
total_writeback 0
total_swap 0
total_pgpgin 1640226
total_pgpgout 1396086
total_pgfault 524181
total_pgmajfault 217
total_inactive_anon 46764032
total_active_anon 46243840
total_inactive_file 453533696
total_active_file 453230592
total_unevictable 0
--------------------BLKIO-----------------------
11:0 Read 0
11:0 Write 0
11:0 Sync 0
11:0 Async 0
11:0 Total 0
253:0 Read 2839519232
253:0 Write 233472
253:0 Sync 0
253:0 Async 2839752704
253:0 Total 2839752704
Total 2839752704
--------------------CPUAC-----------------------
user 251
system 5364
 
--------------------MEMCG-----------------------
MEM ONLY  : 953 MB
MEM+SWAP  : 953 MB
cache 907051008
rss 92905472
rss_huge 0
mapped_file 3457024
writeback 0
swap 0
pgpgin 1779756
pgpgout 1535626
pgfault 554257
pgmajfault 222
inactive_anon 46764032
active_anon 46223360
inactive_file 453537792
active_file 453410816
unevictable 0
hierarchical_memory_limit 999997440
hierarchical_memsw_limit 9223372036854771712
total_cache 907051008
total_rss 92905472
total_rss_huge 0
total_mapped_file 3457024
total_writeback 0
total_swap 0
total_pgpgin 1779756
total_pgpgout 1535626
total_pgfault 554257
total_pgmajfault 222
total_inactive_anon 46764032
total_active_anon 46223360
total_inactive_file 453537792
total_active_file 453410816
total_unevictable 0
--------------------BLKIO-----------------------
11:0 Read 0
11:0 Write 0
11:0 Sync 0
11:0 Async 0
11:0 Total 0
253:0 Read 2906746880
253:0 Write 233472
253:0 Sync 0
253:0 Async 2906980352
253:0 Total 2906980352
Total 2906980352
--------------------CPUAC-----------------------
user 264
system 7340
 
--------------------MEMCG-----------------------
MEM ONLY  : 953 MB
MEM+SWAP  : 953 MB
cache 906809344
rss 92917760
rss_huge 0
mapped_file 3649536
writeback 0
swap 0
pgpgin 2105777
pgpgout 1861703
pgfault 622761
pgmajfault 225
inactive_anon 46764032
active_anon 46235648
inactive_file 453574656
active_file 453054464
unevictable 0
hierarchical_memory_limit 999997440
hierarchical_memsw_limit 9223372036854771712
total_cache 906809344
total_rss 92917760
total_rss_huge 0
total_mapped_file 3649536
total_writeback 0
total_swap 0
total_pgpgin 2105777
total_pgpgout 1861703
total_pgfault 622761
total_pgmajfault 225
total_inactive_anon 46764032
total_active_anon 46235648
total_inactive_file 453574656
total_active_file 453054464
total_unevictable 0
--------------------BLKIO-----------------------
11:0 Read 0
11:0 Write 0
11:0 Sync 0
11:0 Async 0
11:0 Total 0
253:0 Read 3025870848
253:0 Write 233472
253:0 Sync 0
253:0 Async 3026104320
253:0 Total 3026104320
Total 3026104320
--------------------CPUAC-----------------------
user 301
system 9305
 
--------------------MEMCG-----------------------
MEM ONLY  : 953 MB
MEM+SWAP  : 953 MB
cache 906850304
rss 92905472
rss_huge 0
mapped_file 3649536
writeback 0
swap 0
pgpgin 2316791
pgpgout 2072710
pgfault 666643
pgmajfault 225
inactive_anon 46764032
active_anon 46223360
inactive_file 453431296
active_file 453308416
unevictable 0
hierarchical_memory_limit 999997440
hierarchical_memsw_limit 9223372036854771712
total_cache 906850304
total_rss 92905472
total_rss_huge 0
total_mapped_file 3649536
total_writeback 0
total_swap 0
total_pgpgin 2316791
total_pgpgout 2072710
total_pgfault 666643
total_pgmajfault 225
total_inactive_anon 46764032
total_active_anon 46223360
total_inactive_file 453431296
total_active_file 453308416
total_unevictable 0
--------------------BLKIO-----------------------
11:0 Read 0
11:0 Write 0
11:0 Sync 0
11:0 Async 0
11:0 Total 0
253:0 Read 3075837952
253:0 Write 233472
253:0 Sync 0
253:0 Async 3076071424
253:0 Total 3076071424
Total 3076071424
--------------------CPUAC-----------------------
user 322
system 11281
 
--------------------MEMCG-----------------------
MEM ONLY  : 953 MB
MEM+SWAP  : 953 MB
cache 907051008
rss 92925952
rss_huge 0
mapped_file 3600384
writeback 0
swap 0
pgpgin 2553533
pgpgout 2309398
pgfault 716613
pgmajfault 227
inactive_anon 46764032
active_anon 46243840
inactive_file 453033984
active_file 453885952
unevictable 0
hierarchical_memory_limit 999997440
hierarchical_memsw_limit 9223372036854771712
total_cache 907051008
total_rss 92925952
total_rss_huge 0
total_mapped_file 3600384
total_writeback 0
total_swap 0
total_pgpgin 2553533
total_pgpgout 2309398
total_pgfault 716613
total_pgmajfault 227
total_inactive_anon 46764032
total_active_anon 46243840
total_inactive_file 453033984
total_active_file 453885952
total_unevictable 0
--------------------BLKIO-----------------------
11:0 Read 0
11:0 Write 0
11:0 Sync 0
11:0 Async 0
11:0 Total 0
253:0 Read 3120099328
253:0 Write 233472
253:0 Sync 0
253:0 Async 3120332800
253:0 Total 3120332800
Total 3120332800
--------------------CPUAC-----------------------
user 350
system 13254
 
--------------------MEMCG-----------------------
MEM ONLY  : 953 MB
MEM+SWAP  : 953 MB
cache 906862592
rss 92925952
rss_huge 0
mapped_file 3416064
writeback 0
swap 0
pgpgin 2856278
pgpgout 2612189
pgfault 780814
pgmajfault 227
inactive_anon 46764032
active_anon 46243840
inactive_file 453402624
active_file 453328896
unevictable 0
hierarchical_memory_limit 999997440
hierarchical_memsw_limit 9223372036854771712
total_cache 906862592
total_rss 92925952
total_rss_huge 0
total_mapped_file 3416064
total_writeback 0
total_swap 0
total_pgpgin 2856278
total_pgpgout 2612189
total_pgfault 780814
total_pgmajfault 227
total_inactive_anon 46764032
total_active_anon 46243840
total_inactive_file 453402624
total_active_file 453328896
total_unevictable 0
--------------------BLKIO-----------------------
11:0 Read 0
11:0 Write 0
11:0 Sync 0
11:0 Async 0
11:0 Total 0
253:0 Read 3158380544
253:0 Write 233472
253:0 Sync 0
253:0 Async 3158614016
253:0 Total 3158614016
Total 3158614016
--------------------CPUAC-----------------------
user 389
system 15215
 
--------------------MEMCG-----------------------
MEM ONLY  : 953 MB
MEM+SWAP  : 953 MB
cache 907022336
rss 92905472
rss_huge 0
mapped_file 3416064
writeback 0
swap 0
pgpgin 2978905
pgpgout 2734782
pgfault 807229
pgmajfault 227
inactive_anon 46764032
active_anon 46223360
inactive_file 453455872
active_file 453435392
unevictable 0
hierarchical_memory_limit 999997440
hierarchical_memsw_limit 9223372036854771712
total_cache 907022336
total_rss 92905472
total_rss_huge 0
total_mapped_file 3416064
total_writeback 0
total_swap 0
total_pgpgin 2978905
total_pgpgout 2734782
total_pgfault 807229
total_pgmajfault 227
total_inactive_anon 46764032
total_active_anon 46223360
total_inactive_file 453455872
total_active_file 453435392
total_unevictable 0
--------------------BLKIO-----------------------
11:0 Read 0
11:0 Write 0
11:0 Sync 0
11:0 Async 0
11:0 Total 0
253:0 Read 3170398208
253:0 Write 233472
253:0 Sync 0
253:0 Async 3170631680
253:0 Total 3170631680
Total 3170631680
--------------------CPUAC-----------------------
user 407
system 17192
 
--------------------MEMCG-----------------------
MEM ONLY  : 953 MB
MEM+SWAP  : 953 MB
cache 906862592
rss 92909568
rss_huge 0
mapped_file 3465216
writeback 0
swap 0
pgpgin 3271281
pgpgout 3027196
pgfault 868364
pgmajfault 231
inactive_anon 46764032
active_anon 46227456
inactive_file 453369856
active_file 453378048
unevictable 0
hierarchical_memory_limit 999997440
hierarchical_memsw_limit 9223372036854771712
total_cache 906862592
total_rss 92909568
total_rss_huge 0
total_mapped_file 3465216
total_writeback 0
total_swap 0
total_pgpgin 3271281
total_pgpgout 3027196
total_pgfault 868364
total_pgmajfault 231
total_inactive_anon 46764032
total_active_anon 46227456
total_inactive_file 453369856
total_active_file 453378048
total_unevictable 0
--------------------BLKIO-----------------------
11:0 Read 0
11:0 Write 0
11:0 Sync 0
11:0 Async 0
11:0 Total 0
253:0 Read 3185340416
253:0 Write 233472
253:0 Sync 0
253:0 Async 3185573888
253:0 Total 3185573888
Total 3185573888
--------------------CPUAC-----------------------
user 438
system 19162
 
--------------------MEMCG-----------------------
MEM ONLY  : 953 MB
MEM+SWAP  : 953 MB
cache 907001856
rss 92909568
rss_huge 0
mapped_file 3457024
writeback 0
swap 0
pgpgin 3551041
pgpgout 3306922
pgfault 926459
pgmajfault 231
inactive_anon 46764032
active_anon 46227456
inactive_file 453632000
active_file 453283840
unevictable 0
hierarchical_memory_limit 999997440
hierarchical_memsw_limit 9223372036854771712
total_cache 907001856
total_rss 92909568
total_rss_huge 0
total_mapped_file 3457024
total_writeback 0
total_swap 0
total_pgpgin 3551041
total_pgpgout 3306922
total_pgfault 926459
total_pgmajfault 231
total_inactive_anon 46764032
total_active_anon 46227456
total_inactive_file 453632000
total_active_file 453283840
total_unevictable 0
--------------------BLKIO-----------------------
11:0 Read 0
11:0 Write 0
11:0 Sync 0
11:0 Async 0
11:0 Total 0
253:0 Read 3197501440
253:0 Write 233472
253:0 Sync 0
253:0 Async 3197734912
253:0 Total 3197734912
Total 3197734912
--------------------CPUAC-----------------------
user 476
system 21123
 
--------------------MEMCG-----------------------
MEM ONLY  : 953 MB
MEM+SWAP  : 953 MB
cache 906907648
rss 92925952
rss_huge 0
mapped_file 3432448
writeback 0
swap 0
pgpgin 3840958
pgpgout 3596858
pgfault 987871
pgmajfault 231
inactive_anon 46764032
active_anon 46243840
inactive_file 453685248
active_file 453124096
unevictable 0
hierarchical_memory_limit 999997440
hierarchical_memsw_limit 9223372036854771712
total_cache 906907648
total_rss 92925952
total_rss_huge 0
total_mapped_file 3432448
total_writeback 0
total_swap 0
total_pgpgin 3840958
total_pgpgout 3596858
total_pgfault 987871
total_pgmajfault 231
total_inactive_anon 46764032
total_active_anon 46243840
total_inactive_file 453685248
total_active_file 453124096
total_unevictable 0
--------------------BLKIO-----------------------
11:0 Read 0
11:0 Write 0
11:0 Sync 0
11:0 Async 0
11:0 Total 0
253:0 Read 3206074368
253:0 Write 233472
253:0 Sync 0
253:0 Async 3206307840
253:0 Total 3206307840
Total 3206307840
--------------------CPUAC-----------------------
user 509
system 23090
 
--------------------MEMCG-----------------------
MEM ONLY  : 953 MB
MEM+SWAP  : 953 MB
cache 907071488
rss 92917760
rss_huge 0
mapped_file 3457024
writeback 0
swap 0
pgpgin 4126356
pgpgout 3882218
pgfault 1047669
pgmajfault 234
inactive_anon 46764032
active_anon 46235648
inactive_file 453636096
active_file 453337088
unevictable 0
hierarchical_memory_limit 999997440
hierarchical_memsw_limit 9223372036854771712
total_cache 907071488
total_rss 92917760
total_rss_huge 0
total_mapped_file 3457024
total_writeback 0
total_swap 0
total_pgpgin 4126356
total_pgpgout 3882218
total_pgfault 1047669
total_pgmajfault 234
total_inactive_anon 46764032
total_active_anon 46235648
total_inactive_file 453636096
total_active_file 453337088
total_unevictable 0
--------------------BLKIO-----------------------
11:0 Read 0
11:0 Write 0
11:0 Sync 0
11:0 Async 0
11:0 Total 0
253:0 Read 3212382208
253:0 Write 233472
253:0 Sync 0
253:0 Async 3212615680
253:0 Total 3212615680
Total 3212615680
--------------------CPUAC-----------------------
user 536
system 25064
 
--------------------MEMCG-----------------------
MEM ONLY  : 953 MB
MEM+SWAP  : 953 MB
cache 907075584
rss 92921856
rss_huge 0
mapped_file 3457024
writeback 0
swap 0
pgpgin 4401789
pgpgout 4157649
pgfault 1104875
pgmajfault 234
inactive_anon 46764032
active_anon 46239744
inactive_file 453521408
active_file 453386240
unevictable 0
hierarchical_memory_limit 999997440
hierarchical_memsw_limit 9223372036854771712
total_cache 907075584
total_rss 92921856
total_rss_huge 0
total_mapped_file 3457024
total_writeback 0
total_swap 0
total_pgpgin 4401789
total_pgpgout 4157649
total_pgfault 1104875
total_pgmajfault 234
total_inactive_anon 46764032
total_active_anon 46239744
total_inactive_file 453521408
total_active_file 453386240
total_unevictable 0
--------------------BLKIO-----------------------
11:0 Read 0
11:0 Write 0
11:0 Sync 0
11:0 Async 0
11:0 Total 0
253:0 Read 3217719296
253:0 Write 233472
253:0 Sync 0
253:0 Async 3217952768
253:0 Total 3217952768
Total 3217952768
--------------------CPUAC-----------------------
user 569
system 27030
 
--------------------MEMCG-----------------------
MEM ONLY  : 953 MB
MEM+SWAP  : 953 MB
cache 906985472
rss 92909568
rss_huge 0
mapped_file 3379200
writeback 0
swap 0
pgpgin 4684844
pgpgout 4440728
pgfault 1165423
pgmajfault 234
inactive_anon 46764032
active_anon 46227456
inactive_file 453648384
active_file 453255168
unevictable 0
hierarchical_memory_limit 999997440
hierarchical_memsw_limit 9223372036854771712
total_cache 906985472
total_rss 92917760
total_rss_huge 0
total_mapped_file 3379200
total_writeback 0
total_swap 0
total_pgpgin 4684845
total_pgpgout 4440728
total_pgfault 1165424
total_pgmajfault 234
total_inactive_anon 46764032
total_active_anon 46231552
total_inactive_file 453648384
total_active_file 453255168
total_unevictable 0
--------------------BLKIO-----------------------
11:0 Read 0
11:0 Write 0
11:0 Sync 0
11:0 Async 0
11:0 Total 0
253:0 Read 3219775488
253:0 Write 233472
253:0 Sync 0
253:0 Async 3220008960
253:0 Total 3220008960
Total 3220008960
--------------------CPUAC-----------------------
user 601
system 28992
 
--------------------MEMCG-----------------------
MEM ONLY  : 953 MB
MEM+SWAP  : 953 MB
cache 907034624
rss 92913664
rss_huge 0
mapped_file 3485696
writeback 0
swap 0
pgpgin 4958905
pgpgout 4714777
pgfault 1222980
pgmajfault 240
inactive_anon 46764032
active_anon 46231552
inactive_file 453873664
active_file 453074944
unevictable 0
hierarchical_memory_limit 999997440
hierarchical_memsw_limit 9223372036854771712
total_cache 907034624
total_rss 92913664
total_rss_huge 0
total_mapped_file 3485696
total_writeback 0
total_swap 0
total_pgpgin 4958905
total_pgpgout 4714777
total_pgfault 1222980
total_pgmajfault 240
total_inactive_anon 46764032
total_active_anon 46231552
total_inactive_file 453873664
total_active_file 453074944
total_unevictable 0
--------------------BLKIO-----------------------
11:0 Read 0
11:0 Write 0
11:0 Sync 0
11:0 Async 0
11:0 Total 0
253:0 Read 3220885504
253:0 Write 233472
253:0 Sync 0
253:0 Async 3221118976
253:0 Total 3221118976
Total 3221118976
--------------------CPUAC-----------------------
user 630
system 30960
 
--------------------MEMCG-----------------------
MEM ONLY  : 953 MB
MEM+SWAP  : 953 MB
cache 906829824
rss 92905472
rss_huge 0
mapped_file 3485696
writeback 0
swap 0
pgpgin 5240385
pgpgout 4996309
pgfault 1281243
pgmajfault 240
inactive_anon 46764032
active_anon 46223360
inactive_file 453566464
active_file 453177344
unevictable 0
hierarchical_memory_limit 999997440
hierarchical_memsw_limit 9223372036854771712
total_cache 906829824
total_rss 92905472
total_rss_huge 0
total_mapped_file 3485696
total_writeback 0
total_swap 0
total_pgpgin 5240385
total_pgpgout 4996309
total_pgfault 1281243
total_pgmajfault 240
total_inactive_anon 46764032
total_active_anon 46223360
total_inactive_file 453566464
total_active_file 453177344
total_unevictable 0
--------------------BLKIO-----------------------
11:0 Read 0
11:0 Write 0
11:0 Sync 0
11:0 Async 0
11:0 Total 0
253:0 Read 3222155264
253:0 Write 233472
253:0 Sync 0
253:0 Async 3222388736
253:0 Total 3222388736
Total 3222388736
--------------------CPUAC-----------------------
user 659
system 32933
 
--------------------MEMCG-----------------------
MEM ONLY  : 953 MB
MEM+SWAP  : 953 MB
cache 906907648
rss 92917760
rss_huge 0
mapped_file 3477504
writeback 0
swap 0
pgpgin 5510244
pgpgout 5266146
pgfault 1337794
pgmajfault 240
inactive_anon 46764032
active_anon 46235648
inactive_file 453427200
active_file 453353472
unevictable 0
hierarchical_memory_limit 999997440
hierarchical_memsw_limit 9223372036854771712
total_cache 906907648
total_rss 92917760
total_rss_huge 0
total_mapped_file 3477504
total_writeback 0
total_swap 0
total_pgpgin 5510244
total_pgpgout 5266146
total_pgfault 1337794
total_pgmajfault 240
total_inactive_anon 46764032
total_active_anon 46235648
total_inactive_file 453427200
total_active_file 453353472
total_unevictable 0
--------------------BLKIO-----------------------
11:0 Read 0
11:0 Write 0
11:0 Sync 0
11:0 Async 0
11:0 Total 0
253:0 Read 3222802432
253:0 Write 233472
253:0 Sync 0
253:0 Async 3223035904
253:0 Total 3223035904
Total 3223035904
--------------------CPUAC-----------------------
user 691
system 34900
 
--------------------MEMCG-----------------------
MEM ONLY  : 953 MB
MEM+SWAP  : 953 MB
cache 906936320
rss 92917760
rss_huge 0
mapped_file 3477504
writeback 0
swap 0
pgpgin 5787378
pgpgout 5543273
pgfault 1395670
pgmajfault 246
inactive_anon 46764032
active_anon 46235648
inactive_file 453636096
active_file 453173248
unevictable 0
hierarchical_memory_limit 999997440
hierarchical_memsw_limit 9223372036854771712
total_cache 906936320
total_rss 92917760
total_rss_huge 0
total_mapped_file 3477504
total_writeback 0
total_swap 0
total_pgpgin 5787378
total_pgpgout 5543273
total_pgfault 1395670
total_pgmajfault 246
total_inactive_anon 46764032
total_active_anon 46235648
total_inactive_file 453636096
total_active_file 453173248
total_unevictable 0
--------------------BLKIO-----------------------
11:0 Read 0
11:0 Write 0
11:0 Sync 0
11:0 Async 0
11:0 Total 0
253:0 Read 3223711744
253:0 Write 233472
253:0 Sync 0
253:0 Async 3223945216
253:0 Total 3223945216
Total 3223945216
--------------------CPUAC-----------------------
user 722
system 36870
 
--------------------MEMCG-----------------------
MEM ONLY  : 953 MB
MEM+SWAP  : 953 MB
cache 907067392
rss 92905472
rss_huge 0
mapped_file 3526656
writeback 0
swap 0
pgpgin 6062440
pgpgout 5818306
pgfault 1453919
pgmajfault 247
inactive_anon 46764032
active_anon 46223360
inactive_file 453025792
active_file 453816320
unevictable 0
hierarchical_memory_limit 999997440
hierarchical_memsw_limit 9223372036854771712
total_cache 907067392
total_rss 92905472
total_rss_huge 0
total_mapped_file 3526656
total_writeback 0
total_swap 0
total_pgpgin 6062440
total_pgpgout 5818306
total_pgfault 1453919
total_pgmajfault 247
total_inactive_anon 46764032
total_active_anon 46223360
total_inactive_file 453025792
total_active_file 453816320
total_unevictable 0
--------------------BLKIO-----------------------
11:0 Read 0
11:0 Write 0
11:0 Sync 0
11:0 Async 0
11:0 Total 0
253:0 Read 3224023040
253:0 Write 233472
253:0 Sync 0
253:0 Async 3224256512
253:0 Total 3224256512
Total 3224256512
--------------------CPUAC-----------------------
user 753
system 38837
 
--------------------MEMCG-----------------------
MEM ONLY  : 953 MB
MEM+SWAP  : 953 MB
cache 906829824
rss 92905472
rss_huge 0
mapped_file 3526656
writeback 0
swap 0
pgpgin 6341599
pgpgout 6097523
pgfault 1512086
pgmajfault 247
inactive_anon 46764032
active_anon 46223360
inactive_file 453353472
active_file 453259264
unevictable 0
hierarchical_memory_limit 999997440
hierarchical_memsw_limit 9223372036854771712
total_cache 906829824
total_rss 92905472
total_rss_huge 0
total_mapped_file 3526656
total_writeback 0
total_swap 0
total_pgpgin 6341599
total_pgpgout 6097523
total_pgfault 1512086
total_pgmajfault 247
total_inactive_anon 46764032
total_active_anon 46223360
total_inactive_file 453353472
total_active_file 453259264
total_unevictable 0
--------------------BLKIO-----------------------
11:0 Read 0
11:0 Write 0
11:0 Sync 0
11:0 Async 0
11:0 Total 0
253:0 Read 3224621056
253:0 Write 233472
253:0 Sync 0
253:0 Async 3224854528
253:0 Total 3224854528
Total 3224854528
--------------------CPUAC-----------------------
user 783
system 40808
 
--------------------MEMCG-----------------------
MEM ONLY  : 953 MB
MEM+SWAP  : 953 MB
cache 906850304
rss 92905472
rss_huge 0
mapped_file 3485696
writeback 0
swap 0
pgpgin 6608605
pgpgout 6364524
pgfault 1568467
pgmajfault 253
inactive_anon 46764032
active_anon 46223360
inactive_file 453615616
active_file 453120000
unevictable 0
hierarchical_memory_limit 999997440
hierarchical_memsw_limit 9223372036854771712
total_cache 906850304
total_rss 92905472
total_rss_huge 0
total_mapped_file 3485696
total_writeback 0
total_swap 0
total_pgpgin 6608605
total_pgpgout 6364524
total_pgfault 1568467
total_pgmajfault 253
total_inactive_anon 46764032
total_active_anon 46223360
total_inactive_file 453615616
total_active_file 453120000
total_unevictable 0
--------------------BLKIO-----------------------
11:0 Read 0
11:0 Write 0
11:0 Sync 0
11:0 Async 0
11:0 Total 0
253:0 Read 3224772608
253:0 Write 233472
253:0 Sync 0
253:0 Async 3225006080
253:0 Total 3225006080
Total 3225006080
--------------------CPUAC-----------------------
user 812
system 42770
 
--------------------MEMCG-----------------------
MEM ONLY  : 953 MB
MEM+SWAP  : 953 MB
cache 906977280
rss 92909568
rss_huge 0
mapped_file 3485696
writeback 0
swap 0
pgpgin 6885956
pgpgout 6641843
pgfault 1626224
pgmajfault 253
inactive_anon 46764032
active_anon 46227456
inactive_file 453541888
active_file 453222400
unevictable 0
hierarchical_memory_limit 999997440
hierarchical_memsw_limit 9223372036854771712
total_cache 906977280
total_rss 92909568
total_rss_huge 0
total_mapped_file 3485696
total_writeback 0
total_swap 0
total_pgpgin 6885956
total_pgpgout 6641843
total_pgfault 1626224
total_pgmajfault 253
total_inactive_anon 46764032
total_active_anon 46227456
total_inactive_file 453541888
total_active_file 453222400
total_unevictable 0
--------------------BLKIO-----------------------
11:0 Read 0
11:0 Write 0
11:0 Sync 0
11:0 Async 0
11:0 Total 0
253:0 Read 3224772608
253:0 Write 233472
253:0 Sync 0
253:0 Async 3225006080
253:0 Total 3225006080
Total 3225006080
--------------------CPUAC-----------------------
user 841
system 44742
 
--------------------MEMCG-----------------------
MEM ONLY  : 953 MB
MEM+SWAP  : 953 MB
cache 906878976
rss 92925952
rss_huge 0
mapped_file 3485696
writeback 0
swap 0
pgpgin 7164695
pgpgout 6920602
pgfault 1684469
pgmajfault 253
inactive_anon 46764032
active_anon 46243840
inactive_file 453480448
active_file 453283840
unevictable 0
hierarchical_memory_limit 999997440
hierarchical_memsw_limit 9223372036854771712
total_cache 906878976
total_rss 92925952
total_rss_huge 0
total_mapped_file 3485696
total_writeback 0
total_swap 0
total_pgpgin 7164695
total_pgpgout 6920602
total_pgfault 1684469
total_pgmajfault 253
total_inactive_anon 46764032
total_active_anon 46243840
total_inactive_file 453480448
total_active_file 453283840
total_unevictable 0
--------------------BLKIO-----------------------
11:0 Read 0
11:0 Write 0
11:0 Sync 0
11:0 Async 0
11:0 Total 0
253:0 Read 3224772608
253:0 Write 233472
253:0 Sync 0
253:0 Async 3225006080
253:0 Total 3225006080
Total 3225006080
--------------------CPUAC-----------------------
user 867
system 46716
 
--------------------MEMCG-----------------------
MEM ONLY  : 953 MB
MEM+SWAP  : 953 MB
cache 906887168
rss 92905472
rss_huge 0
mapped_file 3485696
writeback 0
swap 0
pgpgin 7427989
pgpgout 7183899
pgfault 1739541
pgmajfault 259
inactive_anon 46764032
active_anon 46223360
inactive_file 453681152
active_file 453070848
unevictable 0
hierarchical_memory_limit 999997440
hierarchical_memsw_limit 9223372036854771712
total_cache 906887168
total_rss 92905472
total_rss_huge 0
total_mapped_file 3485696
total_writeback 0
total_swap 0
total_pgpgin 7427989
total_pgpgout 7183899
total_pgfault 1739541
total_pgmajfault 259
total_inactive_anon 46764032
total_active_anon 46223360
total_inactive_file 453681152
total_active_file 453070848
total_unevictable 0
--------------------BLKIO-----------------------
11:0 Read 0
11:0 Write 0
11:0 Sync 0
11:0 Async 0
11:0 Total 0
253:0 Read 3224952832
253:0 Write 233472
253:0 Sync 0
253:0 Async 3225186304
253:0 Total 3225186304
Total 3225186304
--------------------CPUAC-----------------------
user 898
system 48683
 
--------------------MEMCG-----------------------
MEM ONLY  : 953 MB
MEM+SWAP  : 953 MB
cache 907087872
rss 92909568
rss_huge 0
mapped_file 3485696
writeback 0
swap 0
pgpgin 7703267
pgpgout 7459127
pgfault 1798428
pgmajfault 259
inactive_anon 46764032
active_anon 46227456
inactive_file 453394432
active_file 453525504
unevictable 0
hierarchical_memory_limit 999997440
hierarchical_memsw_limit 9223372036854771712
total_cache 907087872
total_rss 92909568
total_rss_huge 0
total_mapped_file 3485696
total_writeback 0
total_swap 0
total_pgpgin 7703267
total_pgpgout 7459127
total_pgfault 1798428
total_pgmajfault 259
total_inactive_anon 46764032
total_active_anon 46227456
total_inactive_file 453394432
total_active_file 453525504
total_unevictable 0
--------------------BLKIO-----------------------
11:0 Read 0
11:0 Write 0
11:0 Sync 0
11:0 Async 0
11:0 Total 0
253:0 Read 3224952832
253:0 Write 233472
253:0 Sync 0
253:0 Async 3225186304
253:0 Total 3225186304
Total 3225186304
--------------------CPUAC-----------------------
user 934
system 50649
 
--------------------MEMCG-----------------------
MEM ONLY  : 953 MB
MEM+SWAP  : 953 MB
cache 906977280
rss 92925952
rss_huge 0
mapped_file 3485696
writeback 0
swap 0
pgpgin 7965433
pgpgout 7721316
pgfault 1853404
pgmajfault 259
inactive_anon 46764032
active_anon 46243840
inactive_file 453611520
active_file 453267456
unevictable 0
hierarchical_memory_limit 999997440
hierarchical_memsw_limit 9223372036854771712
total_cache 906977280
total_rss 92925952
total_rss_huge 0
total_mapped_file 3485696
total_writeback 0
total_swap 0
total_pgpgin 7965433
total_pgpgout 7721316
total_pgfault 1853404
total_pgmajfault 259
total_inactive_anon 46764032
total_active_anon 46243840
total_inactive_file 453611520
total_active_file 453267456
total_unevictable 0
--------------------BLKIO-----------------------
11:0 Read 0
11:0 Write 0
11:0 Sync 0
11:0 Async 0
11:0 Total 0
253:0 Read 3224952832
253:0 Write 233472
253:0 Sync 0
253:0 Async 3225186304
253:0 Total 3225186304
Total 3225186304
--------------------CPUAC-----------------------
user 962
system 52620
 
--------------------MEMCG-----------------------
MEM ONLY  : 953 MB
MEM+SWAP  : 953 MB
cache 907087872
rss 92909568
rss_huge 0
mapped_file 3485696
writeback 0
swap 0
pgpgin 8241597
pgpgout 7997457
pgfault 1912668
pgmajfault 265
inactive_anon 46764032
active_anon 46227456
inactive_file 453722112
active_file 453189632
unevictable 0
hierarchical_memory_limit 999997440
hierarchical_memsw_limit 9223372036854771712
total_cache 907087872
total_rss 92909568
total_rss_huge 0
total_mapped_file 3485696
total_writeback 0
total_swap 0
total_pgpgin 8241597
total_pgpgout 7997457
total_pgfault 1912668
total_pgmajfault 265
total_inactive_anon 46764032
total_active_anon 46227456
total_inactive_file 453722112
total_active_file 453189632
total_unevictable 0
--------------------BLKIO-----------------------
11:0 Read 0
11:0 Write 0
11:0 Sync 0
11:0 Async 0
11:0 Total 0
253:0 Read 3224952832
253:0 Write 233472
253:0 Sync 0
253:0 Async 3225186304
253:0 Total 3225186304
Total 3225186304
--------------------CPUAC-----------------------
user 997
system 54583
 
--------------------MEMCG-----------------------
MEM ONLY  : 953 MB
MEM+SWAP  : 953 MB
cache 906850304
rss 92905472
rss_huge 0
mapped_file 3485696
writeback 0
swap 0
pgpgin 8509133
pgpgout 8265052
pgfault 1968442
pgmajfault 265
inactive_anon 46764032
active_anon 46223360
inactive_file 453763072
active_file 452972544
unevictable 0
hierarchical_memory_limit 999997440
hierarchical_memsw_limit 9223372036854771712
total_cache 906850304
total_rss 92905472
total_rss_huge 0
total_mapped_file 3485696
total_writeback 0
total_swap 0
total_pgpgin 8509133
total_pgpgout 8265052
total_pgfault 1968442
total_pgmajfault 265
total_inactive_anon 46764032
total_active_anon 46223360
total_inactive_file 453763072
total_active_file 452972544
total_unevictable 0
--------------------BLKIO-----------------------
11:0 Read 0
11:0 Write 0
11:0 Sync 0
11:0 Async 0
11:0 Total 0
253:0 Read 3224952832
253:0 Write 233472
253:0 Sync 0
253:0 Async 3225186304
253:0 Total 3225186304
Total 3225186304
--------------------CPUAC-----------------------
user 1023
system 56549
 
--------------------MEMCG-----------------------
MEM ONLY  : 953 MB
MEM+SWAP  : 953 MB
cache 907051008
rss 92921856
rss_huge 0
mapped_file 3485696
writeback 0
swap 0
pgpgin 8785064
pgpgout 8540930
pgfault 2026666
pgmajfault 265
inactive_anon 46764032
active_anon 46239744
inactive_file 453677056
active_file 453283840
unevictable 0
hierarchical_memory_limit 999997440
hierarchical_memsw_limit 9223372036854771712
total_cache 907051008
total_rss 92921856
total_rss_huge 0
total_mapped_file 3485696
total_writeback 0
total_swap 0
total_pgpgin 8785064
total_pgpgout 8540930
total_pgfault 2026666
total_pgmajfault 265
total_inactive_anon 46764032
total_active_anon 46239744
total_inactive_file 453677056
total_active_file 453283840
total_unevictable 0
--------------------BLKIO-----------------------
11:0 Read 0
11:0 Write 0
11:0 Sync 0
11:0 Async 0
11:0 Total 0
253:0 Read 3224952832
253:0 Write 233472
253:0 Sync 0
253:0 Async 3225186304
253:0 Total 3225186304
Total 3225186304
--------------------CPUAC-----------------------
user 1050
system 58523
 
--------------------MEMCG-----------------------
MEM ONLY  : 953 MB
MEM+SWAP  : 953 MB
cache 907001856
rss 92909568
rss_huge 0
mapped_file 4943872
writeback 0
swap 0
pgpgin 9029964
pgpgout 8785845
pgfault 2077794
pgmajfault 309
inactive_anon 46870528
active_anon 46120960
inactive_file 453808128
active_file 453107712
unevictable 0
hierarchical_memory_limit 999997440
hierarchical_memsw_limit 9223372036854771712
total_cache 907001856
total_rss 92909568
total_rss_huge 0
total_mapped_file 4943872
total_writeback 0
total_swap 0
total_pgpgin 9029964
total_pgpgout 8785845
total_pgfault 2077794
total_pgmajfault 309
total_inactive_anon 46870528
total_active_anon 46120960
total_inactive_file 453808128
total_active_file 453107712
total_unevictable 0
--------------------BLKIO-----------------------
11:0 Read 0
11:0 Write 0
11:0 Sync 0
11:0 Async 0
11:0 Total 0
253:0 Read 3225448448
253:0 Write 233472
253:0 Sync 0
253:0 Async 3225681920
253:0 Total 3225681920
Total 3225681920
--------------------CPUAC-----------------------
user 1078
system 60493
 
--------------------MEMCG-----------------------
MEM ONLY  : 953 MB
MEM+SWAP  : 953 MB
cache 907067392
rss 92917760
rss_huge 0
mapped_file 4943872
writeback 0
swap 0
pgpgin 9181535
pgpgout 8937398
pgfault 2111125
pgmajfault 309
inactive_anon 46870528
active_anon 46129152
inactive_file 453607424
active_file 453345280
unevictable 0
hierarchical_memory_limit 999997440
hierarchical_memsw_limit 9223372036854771712
total_cache 907067392
total_rss 92917760
total_rss_huge 0
total_mapped_file 4943872
total_writeback 0
total_swap 0
total_pgpgin 9181535
total_pgpgout 8937398
total_pgfault 2111125
total_pgmajfault 309
total_inactive_anon 46870528
total_active_anon 46129152
total_inactive_file 453607424
total_active_file 453345280
total_unevictable 0
--------------------BLKIO-----------------------
11:0 Read 0
11:0 Write 0
11:0 Sync 0
11:0 Async 0
11:0 Total 0
253:0 Read 3225448448
253:0 Write 233472
253:0 Sync 0
253:0 Async 3225681920
253:0 Total 3225681920
Total 3225681920
--------------------CPUAC-----------------------
user 1098
system 62470
 
--------------------MEMCG-----------------------
MEM ONLY  : 953 MB
MEM+SWAP  : 953 MB
cache 906883072
rss 92909568
rss_huge 0
mapped_file 4943872
writeback 0
swap 0
pgpgin 9458963
pgpgout 9214873
pgfault 2169819
pgmajfault 309
inactive_anon 46870528
active_anon 46120960
inactive_file 453619712
active_file 453177344
unevictable 0
hierarchical_memory_limit 999997440
hierarchical_memsw_limit 9223372036854771712
total_cache 906887168
total_rss 92909568
total_rss_huge 0
total_mapped_file 4943872
total_writeback 0
total_swap 0
total_pgpgin 9458964
total_pgpgout 9214873
total_pgfault 2169819
total_pgmajfault 309
total_inactive_anon 46870528
total_active_anon 46120960
total_inactive_file 453619712
total_active_file 453177344
total_unevictable 0
--------------------BLKIO-----------------------
11:0 Read 0
11:0 Write 0
11:0 Sync 0
11:0 Async 0
11:0 Total 0
253:0 Read 3225448448
253:0 Write 233472
253:0 Sync 0
253:0 Async 3225681920
253:0 Total 3225681920
Total 3225681920
--------------------CPUAC-----------------------
user 1123
system 64447
 
--------------------MEMCG-----------------------
MEM ONLY  : 953 MB
MEM+SWAP  : 953 MB
cache 906952704
rss 92909568
rss_huge 0
mapped_file 4292608
writeback 0
swap 0
pgpgin 9650994
pgpgout 9406887
pgfault 2211003
pgmajfault 309
inactive_anon 46870528
active_anon 46120960
inactive_file 453562368
active_file 453197824
unevictable 0
hierarchical_memory_limit 999997440
hierarchical_memsw_limit 9223372036854771712
total_cache 906952704
total_rss 92909568
total_rss_huge 0
total_mapped_file 4292608
total_writeback 0
total_swap 0
total_pgpgin 9650994
total_pgpgout 9406887
total_pgfault 2211003
total_pgmajfault 309
total_inactive_anon 46870528
total_active_anon 46120960
total_inactive_file 453562368
total_active_file 453197824
total_unevictable 0
--------------------BLKIO-----------------------
11:0 Read 0
11:0 Write 0
11:0 Sync 0
11:0 Async 0
11:0 Total 0
253:0 Read 3225448448
253:0 Write 233472
253:0 Sync 0
253:0 Async 3225681920
253:0 Total 3225681920
Total 3225681920
--------------------CPUAC-----------------------
user 1145
system 66422
 
--------------------MEMCG-----------------------
MEM ONLY  : 953 MB
MEM+SWAP  : 953 MB
cache 907030528
rss 92925952
rss_huge 0
mapped_file 4284416
writeback 0
swap 0
pgpgin 9856022
pgpgout 9611892
pgfault 2254932
pgmajfault 309
inactive_anon 46870528
active_anon 46137344
inactive_file 453681152
active_file 453222400
unevictable 0
hierarchical_memory_limit 999997440
hierarchical_memsw_limit 9223372036854771712
total_cache 907030528
total_rss 92925952
total_rss_huge 0
total_mapped_file 4284416
total_writeback 0
total_swap 0
total_pgpgin 9856022
total_pgpgout 9611892
total_pgfault 2254932
total_pgmajfault 309
total_inactive_anon 46870528
total_active_anon 46137344
total_inactive_file 453681152
total_active_file 453222400
total_unevictable 0
--------------------BLKIO-----------------------
11:0 Read 0
11:0 Write 0
11:0 Sync 0
11:0 Async 0
11:0 Total 0
253:0 Read 3225448448
253:0 Write 233472
253:0 Sync 0
253:0 Async 3225681920
253:0 Total 3225681920
Total 3225681920
--------------------CPUAC-----------------------
user 1165
system 68401
 
--------------------MEMCG-----------------------
MEM ONLY  : 953 MB
MEM+SWAP  : 953 MB
cache 906821632
rss 92917760
rss_huge 0
mapped_file 3436544
writeback 0
swap 0
pgpgin 10132693
pgpgout 9888616
pgfault 2313088
pgmajfault 310
inactive_anon 46870528
active_anon 46129152
inactive_file 453357568
active_file 453382144
unevictable 0
hierarchical_memory_limit 999997440
hierarchical_memsw_limit 9223372036854771712
total_cache 906821632
total_rss 92917760
total_rss_huge 0
total_mapped_file 3436544
total_writeback 0
total_swap 0
total_pgpgin 10132693
total_pgpgout 9888616
total_pgfault 2313088
total_pgmajfault 310
total_inactive_anon 46870528
total_active_anon 46129152
total_inactive_file 453357568
total_active_file 453382144
total_unevictable 0
--------------------BLKIO-----------------------
11:0 Read 0
11:0 Write 0
11:0 Sync 0
11:0 Async 0
11:0 Total 0
253:0 Read 3225448448
253:0 Write 233472
253:0 Sync 0
253:0 Async 3225681920
253:0 Total 3225681920
Total 3225681920
--------------------CPUAC-----------------------
user 1195
system 70372
 
--------------------MEMCG-----------------------
MEM ONLY  : 953 MB
MEM+SWAP  : 953 MB
cache 906903552
rss 92909568
rss_huge 0
mapped_file 3436544
writeback 0
swap 0
pgpgin 10267959
pgpgout 10023864
pgfault 2342424
pgmajfault 310
inactive_anon 46870528
active_anon 46120960
inactive_file 453562368
active_file 453234688
unevictable 0
hierarchical_memory_limit 999997440
hierarchical_memsw_limit 9223372036854771712
total_cache 906903552
total_rss 92909568
total_rss_huge 0
total_mapped_file 3436544
total_writeback 0
total_swap 0
total_pgpgin 10267959
total_pgpgout 10023864
total_pgfault 2342424
total_pgmajfault 310
total_inactive_anon 46870528
total_active_anon 46120960
total_inactive_file 453562368
total_active_file 453234688
total_unevictable 0
--------------------BLKIO-----------------------
11:0 Read 0
11:0 Write 0
11:0 Sync 0
11:0 Async 0
11:0 Total 0
253:0 Read 3225448448
253:0 Write 233472
253:0 Sync 0
253:0 Async 3225681920
253:0 Total 3225681920
Total 3225681920
--------------------CPUAC-----------------------
user 1215
system 72351
 
--------------------MEMCG-----------------------
MEM ONLY  : 953 MB
MEM+SWAP  : 953 MB
cache 907075584
rss 92921856
rss_huge 0
mapped_file 3436544
writeback 0
swap 0
pgpgin 10533606
pgpgout 10289466
pgfault 2398486
pgmajfault 310
inactive_anon 46870528
active_anon 46133248
inactive_file 453468160
active_file 453431296
unevictable 0
hierarchical_memory_limit 999997440
hierarchical_memsw_limit 9223372036854771712
total_cache 907075584
total_rss 92921856
total_rss_huge 0
total_mapped_file 3436544
total_writeback 0
total_swap 0
total_pgpgin 10533606
total_pgpgout 10289466
total_pgfault 2398486
total_pgmajfault 310
total_inactive_anon 46870528
total_active_anon 46133248
total_inactive_file 453468160
total_active_file 453431296
total_unevictable 0
--------------------BLKIO-----------------------
11:0 Read 0
11:0 Write 0
11:0 Sync 0
11:0 Async 0
11:0 Total 0
253:0 Read 3225448448
253:0 Write 233472
253:0 Sync 0
253:0 Async 3225681920
253:0 Total 3225681920
Total 3225681920
--------------------CPUAC-----------------------
user 1244
system 74324
 
--------------------MEMCG-----------------------
MEM ONLY  : 953 MB
MEM+SWAP  : 953 MB
cache 906944512
rss 92917760
rss_huge 0
mapped_file 3387392
writeback 0
swap 0
pgpgin 10809322
pgpgout 10565215
pgfault 2456389
pgmajfault 310
inactive_anon 46870528
active_anon 46129152
inactive_file 453484544
active_file 453226496
unevictable 0
hierarchical_memory_limit 999997440
hierarchical_memsw_limit 9223372036854771712
total_cache 906944512
total_rss 92917760
total_rss_huge 0
total_mapped_file 3387392
total_writeback 0
total_swap 0
total_pgpgin 10809322
total_pgpgout 10565215
total_pgfault 2456389
total_pgmajfault 310
total_inactive_anon 46870528
total_active_anon 46129152
total_inactive_file 453484544
total_active_file 453226496
total_unevictable 0
--------------------BLKIO-----------------------
11:0 Read 0
11:0 Write 0
11:0 Sync 0
11:0 Async 0
11:0 Total 0
253:0 Read 3225448448
253:0 Write 233472
253:0 Sync 0
253:0 Async 3225681920
253:0 Total 3225681920
Total 3225681920
--------------------CPUAC-----------------------
user 1276
system 76293
 
