--------------------MEMCG-----------------------
MEM ONLY  : 299 MB
MEM+SWAP  : 299 MB
cache 220659712
rss 93007872
rss_huge 0
mapped_file 46534656
writeback 0
swap 0
pgpgin 154405
pgpgout 77826
pgfault 213033
pgmajfault 217
inactive_anon 53248
active_anon 93028352
inactive_file 189554688
active_file 30961664
unevictable 0
hierarchical_memory_limit 999997440
hierarchical_memsw_limit 9223372036854771712
total_cache 220659712
total_rss 93007872
total_rss_huge 0
total_mapped_file 46534656
total_writeback 0
total_swap 0
total_pgpgin 154405
total_pgpgout 77826
total_pgfault 213033
total_pgmajfault 217
total_inactive_anon 53248
total_active_anon 93028352
total_inactive_file 189554688
total_active_file 30961664
total_unevictable 0
--------------------BLKIO-----------------------
11:0 Read 0
11:0 Write 0
11:0 Sync 0
11:0 Async 0
11:0 Total 0
253:0 Read 181002240
253:0 Write 233472
253:0 Sync 0
253:0 Async 181235712
253:0 Total 181235712
Total 181235712
--------------------CPUAC-----------------------
user 77
system 178
 
--------------------MEMCG-----------------------
MEM ONLY  : 652 MB
MEM+SWAP  : 652 MB
cache 591073280
rss 92798976
rss_huge 0
mapped_file 46514176
writeback 0
swap 0
pgpgin 264065
pgpgout 97104
pgfault 233072
pgmajfault 217
inactive_anon 49152
active_anon 92831744
inactive_file 520192000
active_file 70766592
unevictable 0
hierarchical_memory_limit 999997440
hierarchical_memsw_limit 9223372036854771712
total_cache 591073280
total_rss 92798976
total_rss_huge 0
total_mapped_file 46514176
total_writeback 0
total_swap 0
total_pgpgin 264065
total_pgpgout 97104
total_pgfault 233072
total_pgmajfault 217
total_inactive_anon 49152
total_active_anon 92831744
total_inactive_file 520192000
total_active_file 70766592
total_unevictable 0
--------------------BLKIO-----------------------
11:0 Read 0
11:0 Write 0
11:0 Sync 0
11:0 Async 0
11:0 Total 0
253:0 Read 551419904
253:0 Write 233472
253:0 Sync 0
253:0 Async 551653376
253:0 Total 551653376
Total 551653376
--------------------CPUAC-----------------------
user 86
system 251
 
--------------------MEMCG-----------------------
MEM ONLY  : 953 MB
MEM+SWAP  : 953 MB
cache 907079680
rss 92798976
rss_huge 0
mapped_file 46485504
writeback 0
swap 0
pgpgin 373009
pgpgout 128898
pgfault 256001
pgmajfault 217
inactive_anon 45449216
active_anon 47431680
inactive_file 744288256
active_file 162668544
unevictable 0
hierarchical_memory_limit 999997440
hierarchical_memsw_limit 9223372036854771712
total_cache 907079680
total_rss 92798976
total_rss_huge 0
total_mapped_file 46485504
total_writeback 0
total_swap 0
total_pgpgin 373009
total_pgpgout 128898
total_pgfault 256001
total_pgmajfault 217
total_inactive_anon 45449216
total_active_anon 47431680
total_inactive_file 744288256
total_active_file 162668544
total_unevictable 0
--------------------BLKIO-----------------------
11:0 Read 0
11:0 Write 0
11:0 Sync 0
11:0 Async 0
11:0 Total 0
253:0 Read 911101952
253:0 Write 233472
253:0 Sync 0
253:0 Async 911335424
253:0 Total 911335424
Total 911335424
--------------------CPUAC-----------------------
user 98
system 337
 
--------------------MEMCG-----------------------
MEM ONLY  : 953 MB
MEM+SWAP  : 953 MB
cache 907341824
rss 92532736
rss_huge 0
mapped_file 46346240
writeback 0
swap 0
pgpgin 492869
pgpgout 248764
pgfault 280881
pgmajfault 217
inactive_anon 46383104
active_anon 46231552
inactive_file 618405888
active_file 288829440
unevictable 0
hierarchical_memory_limit 999997440
hierarchical_memsw_limit 9223372036854771712
total_cache 907325440
total_rss 92532736
total_rss_huge 0
total_mapped_file 46346240
total_writeback 0
total_swap 0
total_pgpgin 492870
total_pgpgout 248764
total_pgfault 280881
total_pgmajfault 217
total_inactive_anon 46383104
total_active_anon 46231552
total_inactive_file 618405888
total_active_file 288829440
total_unevictable 0
--------------------BLKIO-----------------------
11:0 Read 0
11:0 Write 0
11:0 Sync 0
11:0 Async 0
11:0 Total 0
253:0 Read 1265299456
253:0 Write 233472
253:0 Sync 0
253:0 Async 1265532928
253:0 Total 1265532928
Total 1265532928
--------------------CPUAC-----------------------
user 117
system 516
 
--------------------MEMCG-----------------------
MEM ONLY  : 953 MB
MEM+SWAP  : 953 MB
cache 907284480
rss 92532736
rss_huge 0
mapped_file 12468224
writeback 0
swap 0
pgpgin 636879
pgpgout 392783
pgfault 310807
pgmajfault 217
inactive_anon 46383104
active_anon 46231552
inactive_file 470552576
active_file 436613120
unevictable 0
hierarchical_memory_limit 999997440
hierarchical_memsw_limit 9223372036854771712
total_cache 907284480
total_rss 92532736
total_rss_huge 0
total_mapped_file 12468224
total_writeback 0
total_swap 0
total_pgpgin 636879
total_pgpgout 392783
total_pgfault 310807
total_pgmajfault 217
total_inactive_anon 46383104
total_active_anon 46231552
total_inactive_file 470552576
total_active_file 436613120
total_unevictable 0
--------------------BLKIO-----------------------
11:0 Read 0
11:0 Write 0
11:0 Sync 0
11:0 Async 0
11:0 Total 0
253:0 Read 1619177472
253:0 Write 233472
253:0 Sync 0
253:0 Async 1619410944
253:0 Total 1619410944
Total 1619410944
--------------------CPUAC-----------------------
user 134
system 850
 
--------------------MEMCG-----------------------
MEM ONLY  : 953 MB
MEM+SWAP  : 953 MB
cache 907235328
rss 92532736
rss_huge 0
mapped_file 12468224
writeback 0
swap 0
pgpgin 816882
pgpgout 572798
pgfault 347871
pgmajfault 217
inactive_anon 46383104
active_anon 46231552
inactive_file 453611520
active_file 453513216
unevictable 0
hierarchical_memory_limit 999997440
hierarchical_memsw_limit 9223372036854771712
total_cache 907235328
total_rss 92532736
total_rss_huge 0
total_mapped_file 12468224
total_writeback 0
total_swap 0
total_pgpgin 816882
total_pgpgout 572798
total_pgfault 347871
total_pgmajfault 217
total_inactive_anon 46383104
total_active_anon 46231552
total_inactive_file 453611520
total_active_file 453513216
total_unevictable 0
--------------------BLKIO-----------------------
11:0 Read 0
11:0 Write 0
11:0 Sync 0
11:0 Async 0
11:0 Total 0
253:0 Read 1976467456
253:0 Write 233472
253:0 Sync 0
253:0 Async 1976700928
253:0 Total 1976700928
Total 1976700928
--------------------CPUAC-----------------------
user 149
system 1416
 
--------------------MEMCG-----------------------
MEM ONLY  : 953 MB
MEM+SWAP  : 953 MB
cache 907001856
rss 92532736
rss_huge 0
mapped_file 8577024
writeback 0
swap 0
pgpgin 1046191
pgpgout 802163
pgfault 396951
pgmajfault 217
inactive_anon 46383104
active_anon 46231552
inactive_file 453648384
active_file 453251072
unevictable 0
hierarchical_memory_limit 999997440
hierarchical_memsw_limit 9223372036854771712
total_cache 907005952
total_rss 92532736
total_rss_huge 0
total_mapped_file 8577024
total_writeback 0
total_swap 0
total_pgpgin 1046191
total_pgpgout 802163
total_pgfault 396951
total_pgmajfault 217
total_inactive_anon 46383104
total_active_anon 46231552
total_inactive_file 453648384
total_active_file 453251072
total_unevictable 0
--------------------BLKIO-----------------------
11:0 Read 0
11:0 Write 0
11:0 Sync 0
11:0 Async 0
11:0 Total 0
253:0 Read 2326634496
253:0 Write 233472
253:0 Sync 0
253:0 Async 2326867968
253:0 Total 2326867968
Total 2326867968
--------------------CPUAC-----------------------
user 177
system 2404
 
--------------------MEMCG-----------------------
MEM ONLY  : 953 MB
MEM+SWAP  : 953 MB
cache 907395072
rss 92532736
rss_huge 0
mapped_file 3387392
writeback 0
swap 0
pgpgin 1360889
pgpgout 1116766
pgfault 464500
pgmajfault 217
inactive_anon 46383104
active_anon 46231552
inactive_file 453976064
active_file 453300224
unevictable 0
hierarchical_memory_limit 999997440
hierarchical_memsw_limit 9223372036854771712
total_cache 907395072
total_rss 92532736
total_rss_huge 0
total_mapped_file 3387392
total_writeback 0
total_swap 0
total_pgpgin 1360889
total_pgpgout 1116766
total_pgfault 464500
total_pgmajfault 217
total_inactive_anon 46383104
total_active_anon 46231552
total_inactive_file 453976064
total_active_file 453300224
total_unevictable 0
--------------------BLKIO-----------------------
11:0 Read 0
11:0 Write 0
11:0 Sync 0
11:0 Async 0
11:0 Total 0
253:0 Read 2654629888
253:0 Write 233472
253:0 Sync 0
253:0 Async 2654863360
253:0 Total 2654863360
Total 2654863360
--------------------CPUAC-----------------------
user 214
system 3913
 
--------------------MEMCG-----------------------
MEM ONLY  : 953 MB
MEM+SWAP  : 953 MB
cache 907202560
rss 92549120
rss_huge 0
mapped_file 3538944
writeback 0
swap 0
pgpgin 1688828
pgpgout 1444748
pgfault 532915
pgmajfault 220
inactive_anon 46514176
active_anon 46116864
inactive_file 453607424
active_file 453488640
unevictable 0
hierarchical_memory_limit 999997440
hierarchical_memsw_limit 9223372036854771712
total_cache 907202560
total_rss 92549120
total_rss_huge 0
total_mapped_file 3538944
total_writeback 0
total_swap 0
total_pgpgin 1688828
total_pgpgout 1444748
total_pgfault 532915
total_pgmajfault 220
total_inactive_anon 46514176
total_active_anon 46116864
total_inactive_file 453607424
total_active_file 453488640
total_unevictable 0
--------------------BLKIO-----------------------
11:0 Read 0
11:0 Write 0
11:0 Sync 0
11:0 Async 0
11:0 Total 0
253:0 Read 2866634752
253:0 Write 233472
253:0 Sync 0
253:0 Async 2866868224
253:0 Total 2866868224
Total 2866868224
--------------------CPUAC-----------------------
user 251
system 5839
 
--------------------MEMCG-----------------------
MEM ONLY  : 953 MB
MEM+SWAP  : 953 MB
cache 907292672
rss 92532736
rss_huge 0
mapped_file 3649536
writeback 0
swap 0
pgpgin 2025711
pgpgout 1781613
pgfault 603842
pgmajfault 225
inactive_anon 46514176
active_anon 46100480
inactive_file 453701632
active_file 453488640
unevictable 0
hierarchical_memory_limit 999997440
hierarchical_memsw_limit 9223372036854771712
total_cache 907292672
total_rss 92532736
total_rss_huge 0
total_mapped_file 3649536
total_writeback 0
total_swap 0
total_pgpgin 2025712
total_pgpgout 1781613
total_pgfault 603842
total_pgmajfault 225
total_inactive_anon 46514176
total_active_anon 46100480
total_inactive_file 453701632
total_active_file 453488640
total_unevictable 0
--------------------BLKIO-----------------------
11:0 Read 0
11:0 Write 0
11:0 Sync 0
11:0 Async 0
11:0 Total 0
253:0 Read 3003138048
253:0 Write 233472
253:0 Sync 0
253:0 Async 3003371520
253:0 Total 3003371520
Total 3003371520
--------------------CPUAC-----------------------
user 286
system 7805
 
--------------------MEMCG-----------------------
MEM ONLY  : 953 MB
MEM+SWAP  : 953 MB
cache 907206656
rss 92540928
rss_huge 0
mapped_file 3649536
writeback 0
swap 0
pgpgin 2322714
pgpgout 2078635
pgfault 665784
pgmajfault 225
inactive_anon 46514176
active_anon 46108672
inactive_file 453578752
active_file 453529600
unevictable 0
hierarchical_memory_limit 999997440
hierarchical_memsw_limit 9223372036854771712
total_cache 907206656
total_rss 92540928
total_rss_huge 0
total_mapped_file 3649536
total_writeback 0
total_swap 0
total_pgpgin 2322714
total_pgpgout 2078635
total_pgfault 665784
total_pgmajfault 225
total_inactive_anon 46514176
total_active_anon 46108672
total_inactive_file 453578752
total_active_file 453529600
total_unevictable 0
--------------------BLKIO-----------------------
11:0 Read 0
11:0 Write 0
11:0 Sync 0
11:0 Async 0
11:0 Total 0
253:0 Read 3077607424
253:0 Write 233472
253:0 Sync 0
253:0 Async 3077840896
253:0 Total 3077840896
Total 3077840896
--------------------CPUAC-----------------------
user 325
system 9764
 
--------------------MEMCG-----------------------
MEM ONLY  : 953 MB
MEM+SWAP  : 953 MB
cache 907296768
rss 92545024
rss_huge 0
mapped_file 3366912
writeback 0
swap 0
pgpgin 2640905
pgpgout 2396803
pgfault 733409
pgmajfault 225
inactive_anon 46514176
active_anon 46112768
inactive_file 453808128
active_file 453402624
unevictable 0
hierarchical_memory_limit 999997440
hierarchical_memsw_limit 9223372036854771712
total_cache 907296768
total_rss 92545024
total_rss_huge 0
total_mapped_file 3366912
total_writeback 0
total_swap 0
total_pgpgin 2640905
total_pgpgout 2396803
total_pgfault 733409
total_pgmajfault 225
total_inactive_anon 46514176
total_active_anon 46112768
total_inactive_file 453808128
total_active_file 453402624
total_unevictable 0
--------------------BLKIO-----------------------
11:0 Read 0
11:0 Write 0
11:0 Sync 0
11:0 Async 0
11:0 Total 0
253:0 Read 3134259200
253:0 Write 233472
253:0 Sync 0
253:0 Async 3134492672
253:0 Total 3134492672
Total 3134492672
--------------------CPUAC-----------------------
user 361
system 11728
 
--------------------MEMCG-----------------------
MEM ONLY  : 953 MB
MEM+SWAP  : 953 MB
cache 907358208
rss 92540928
rss_huge 0
mapped_file 3407872
writeback 0
swap 0
pgpgin 2942234
pgpgout 2698150
pgfault 796617
pgmajfault 228
inactive_anon 46514176
active_anon 46108672
inactive_file 453414912
active_file 453599232
unevictable 0
hierarchical_memory_limit 999997440
hierarchical_memsw_limit 9223372036854771712
total_cache 907227136
total_rss 92540928
total_rss_huge 0
total_mapped_file 3407872
total_writeback 0
total_swap 0
total_pgpgin 2942234
total_pgpgout 2698150
total_pgfault 796617
total_pgmajfault 228
total_inactive_anon 46514176
total_active_anon 46108672
total_inactive_file 453517312
total_active_file 453599232
total_unevictable 0
--------------------BLKIO-----------------------
11:0 Read 0
11:0 Write 0
11:0 Sync 0
11:0 Async 0
11:0 Total 0
253:0 Read 3167875072
253:0 Write 233472
253:0 Sync 0
253:0 Async 3168108544
253:0 Total 3168108544
Total 3168108544
--------------------CPUAC-----------------------
user 390
system 13698
 
--------------------MEMCG-----------------------
MEM ONLY  : 953 MB
MEM+SWAP  : 953 MB
cache 907280384
rss 92553216
rss_huge 0
mapped_file 3407872
writeback 0
swap 0
pgpgin 3251485
pgpgout 3007385
pgfault 862288
pgmajfault 228
inactive_anon 46514176
active_anon 46120960
inactive_file 453660672
active_file 453525504
unevictable 0
hierarchical_memory_limit 999997440
hierarchical_memsw_limit 9223372036854771712
total_cache 907280384
total_rss 92553216
total_rss_huge 0
total_mapped_file 3407872
total_writeback 0
total_swap 0
total_pgpgin 3251485
total_pgpgout 3007385
total_pgfault 862288
total_pgmajfault 228
total_inactive_anon 46514176
total_active_anon 46120960
total_inactive_file 453660672
total_active_file 453525504
total_unevictable 0
--------------------BLKIO-----------------------
11:0 Read 0
11:0 Write 0
11:0 Sync 0
11:0 Async 0
11:0 Total 0
253:0 Read 3184750592
253:0 Write 233472
253:0 Sync 0
253:0 Async 3184984064
253:0 Total 3184984064
Total 3184984064
--------------------CPUAC-----------------------
user 417
system 15671
 
--------------------MEMCG-----------------------
MEM ONLY  : 953 MB
MEM+SWAP  : 953 MB
cache 907395072
rss 92536832
rss_huge 0
mapped_file 3325952
writeback 0
swap 0
pgpgin 3548411
pgpgout 3304287
pgfault 924565
pgmajfault 228
inactive_anon 46514176
active_anon 46104576
inactive_file 453713920
active_file 453558272
unevictable 0
hierarchical_memory_limit 999997440
hierarchical_memsw_limit 9223372036854771712
total_cache 907395072
total_rss 92536832
total_rss_huge 0
total_mapped_file 3325952
total_writeback 0
total_swap 0
total_pgpgin 3548411
total_pgpgout 3304287
total_pgfault 924565
total_pgmajfault 228
total_inactive_anon 46514176
total_active_anon 46104576
total_inactive_file 453713920
total_active_file 453558272
total_unevictable 0
--------------------BLKIO-----------------------
11:0 Read 0
11:0 Write 0
11:0 Sync 0
11:0 Async 0
11:0 Total 0
253:0 Read 3197263872
253:0 Write 233472
253:0 Sync 0
253:0 Async 3197497344
253:0 Total 3197497344
Total 3197497344
--------------------CPUAC-----------------------
user 453
system 17634
 
--------------------MEMCG-----------------------
MEM ONLY  : 953 MB
MEM+SWAP  : 953 MB
cache 907214848
rss 92536832
rss_huge 0
mapped_file 3477504
writeback 0
swap 0
pgpgin 3856253
pgpgout 3612173
pgfault 989456
pgmajfault 234
inactive_anon 46514176
active_anon 46104576
inactive_file 453754880
active_file 453361664
unevictable 0
hierarchical_memory_limit 999997440
hierarchical_memsw_limit 9223372036854771712
total_cache 907214848
total_rss 92536832
total_rss_huge 0
total_mapped_file 3477504
total_writeback 0
total_swap 0
total_pgpgin 3856253
total_pgpgout 3612174
total_pgfault 989456
total_pgmajfault 234
total_inactive_anon 46514176
total_active_anon 46100480
total_inactive_file 453754880
total_active_file 453361664
total_unevictable 0
--------------------BLKIO-----------------------
11:0 Read 0
11:0 Write 0
11:0 Sync 0
11:0 Async 0
11:0 Total 0
253:0 Read 3206451200
253:0 Write 233472
253:0 Sync 0
253:0 Async 3206684672
253:0 Total 3206684672
Total 3206684672
--------------------CPUAC-----------------------
user 491
system 19597
 
--------------------MEMCG-----------------------
MEM ONLY  : 953 MB
MEM+SWAP  : 953 MB
cache 907427840
rss 92549120
rss_huge 0
mapped_file 3526656
writeback 0
swap 0
pgpgin 4132390
pgpgout 3888254
pgfault 1047355
pgmajfault 235
inactive_anon 46514176
active_anon 46116864
inactive_file 453799936
active_file 453517312
unevictable 0
hierarchical_memory_limit 999997440
hierarchical_memsw_limit 9223372036854771712
total_cache 907431936
total_rss 92549120
total_rss_huge 0
total_mapped_file 3526656
total_writeback 0
total_swap 0
total_pgpgin 4132390
total_pgpgout 3888254
total_pgfault 1047355
total_pgmajfault 235
total_inactive_anon 46514176
total_active_anon 46116864
total_inactive_file 453799936
total_active_file 453517312
total_unevictable 0
--------------------BLKIO-----------------------
11:0 Read 0
11:0 Write 0
11:0 Sync 0
11:0 Async 0
11:0 Total 0
253:0 Read 3212226560
253:0 Write 233472
253:0 Sync 0
253:0 Async 3212460032
253:0 Total 3212460032
Total 3212460032
--------------------CPUAC-----------------------
user 528
system 21558
 
--------------------MEMCG-----------------------
MEM ONLY  : 953 MB
MEM+SWAP  : 953 MB
cache 907341824
rss 92549120
rss_huge 0
mapped_file 3375104
writeback 0
swap 0
pgpgin 4438278
pgpgout 4194164
pgfault 1112020
pgmajfault 235
inactive_anon 46514176
active_anon 46116864
inactive_file 453832704
active_file 453386240
unevictable 0
hierarchical_memory_limit 999997440
hierarchical_memsw_limit 9223372036854771712
total_cache 907345920
total_rss 92549120
total_rss_huge 0
total_mapped_file 3375104
total_writeback 0
total_swap 0
total_pgpgin 4438279
total_pgpgout 4194164
total_pgfault 1112020
total_pgmajfault 235
total_inactive_anon 46514176
total_active_anon 46116864
total_inactive_file 453832704
total_active_file 453386240
total_unevictable 0
--------------------BLKIO-----------------------
11:0 Read 0
11:0 Write 0
11:0 Sync 0
11:0 Async 0
11:0 Total 0
253:0 Read 3217522688
253:0 Write 233472
253:0 Sync 0
253:0 Async 3217756160
253:0 Total 3217756160
Total 3217756160
--------------------CPUAC-----------------------
user 563
system 23524
 
--------------------MEMCG-----------------------
MEM ONLY  : 953 MB
MEM+SWAP  : 953 MB
cache 907407360
rss 92549120
rss_huge 0
mapped_file 3485696
writeback 0
swap 0
pgpgin 4727475
pgpgout 4483345
pgfault 1174032
pgmajfault 241
inactive_anon 46514176
active_anon 46116864
inactive_file 453668864
active_file 453644288
unevictable 0
hierarchical_memory_limit 999997440
hierarchical_memsw_limit 9223372036854771712
total_cache 907407360
total_rss 92549120
total_rss_huge 0
total_mapped_file 3485696
total_writeback 0
total_swap 0
total_pgpgin 4727475
total_pgpgout 4483345
total_pgfault 1174032
total_pgmajfault 241
total_inactive_anon 46514176
total_active_anon 46116864
total_inactive_file 453668864
total_active_file 453644288
total_unevictable 0
--------------------BLKIO-----------------------
11:0 Read 0
11:0 Write 0
11:0 Sync 0
11:0 Async 0
11:0 Total 0
253:0 Read 3219881984
253:0 Write 233472
253:0 Sync 0
253:0 Async 3220115456
253:0 Total 3220115456
Total 3220115456
--------------------CPUAC-----------------------
user 592
system 25491
 
--------------------MEMCG-----------------------
MEM ONLY  : 953 MB
MEM+SWAP  : 953 MB
cache 907223040
rss 92540928
rss_huge 0
mapped_file 3477504
writeback 2793472
swap 0
pgpgin 5032007
pgpgout 4787924
pgfault 1238288
pgmajfault 241
inactive_anon 46514176
active_anon 46108672
inactive_file 453640192
active_file 453480448
unevictable 0
hierarchical_memory_limit 999997440
hierarchical_memsw_limit 9223372036854771712
total_cache 907227136
total_rss 92540928
total_rss_huge 0
total_mapped_file 3477504
total_writeback 2793472
total_swap 0
total_pgpgin 5032008
total_pgpgout 4787924
total_pgfault 1238288
total_pgmajfault 241
total_inactive_anon 46514176
total_active_anon 46108672
total_inactive_file 453640192
total_active_file 453480448
total_unevictable 0
--------------------BLKIO-----------------------
11:0 Read 0
11:0 Write 0
11:0 Sync 0
11:0 Async 0
11:0 Total 0
253:0 Read 3220975616
253:0 Write 233472
253:0 Sync 0
253:0 Async 3221209088
253:0 Total 3221209088
Total 3221209088
--------------------CPUAC-----------------------
user 628
system 27456
 
--------------------MEMCG-----------------------
MEM ONLY  : 953 MB
MEM+SWAP  : 953 MB
cache 907354112
rss 92549120
rss_huge 0
mapped_file 3325952
writeback 0
swap 0
pgpgin 5309044
pgpgout 5064927
pgfault 1296378
pgmajfault 241
inactive_anon 46514176
active_anon 46116864
inactive_file 453636096
active_file 453578752
unevictable 0
hierarchical_memory_limit 999997440
hierarchical_memsw_limit 9223372036854771712
total_cache 907354112
total_rss 92549120
total_rss_huge 0
total_mapped_file 3325952
total_writeback 0
total_swap 0
total_pgpgin 5309044
total_pgpgout 5064927
total_pgfault 1296378
total_pgmajfault 241
total_inactive_anon 46514176
total_active_anon 46116864
total_inactive_file 453636096
total_active_file 453578752
total_unevictable 0
--------------------BLKIO-----------------------
11:0 Read 0
11:0 Write 0
11:0 Sync 0
11:0 Async 0
11:0 Total 0
253:0 Read 3221934080
253:0 Write 233472
253:0 Sync 0
253:0 Async 3222167552
253:0 Total 3222167552
Total 3222167552
--------------------CPUAC-----------------------
user 659
system 29424
 
--------------------MEMCG-----------------------
MEM ONLY  : 953 MB
MEM+SWAP  : 953 MB
cache 907284480
rss 92540928
rss_huge 0
mapped_file 3477504
writeback 0
swap 0
pgpgin 5611788
pgpgout 5367690
pgfault 1359745
pgmajfault 247
inactive_anon 46514176
active_anon 46108672
inactive_file 453664768
active_file 453500928
unevictable 0
hierarchical_memory_limit 999997440
hierarchical_memsw_limit 9223372036854771712
total_cache 907284480
total_rss 92540928
total_rss_huge 0
total_mapped_file 3477504
total_writeback 0
total_swap 0
total_pgpgin 5611788
total_pgpgout 5367690
total_pgfault 1359745
total_pgmajfault 247
total_inactive_anon 46514176
total_active_anon 46108672
total_inactive_file 453664768
total_active_file 453500928
total_unevictable 0
--------------------BLKIO-----------------------
11:0 Read 0
11:0 Write 0
11:0 Sync 0
11:0 Async 0
11:0 Total 0
253:0 Read 3222622208
253:0 Write 233472
253:0 Sync 0
253:0 Async 3222855680
253:0 Total 3222855680
Total 3222855680
--------------------CPUAC-----------------------
user 689
system 31393
 
--------------------MEMCG-----------------------
MEM ONLY  : 953 MB
MEM+SWAP  : 953 MB
cache 907329536
rss 92532736
rss_huge 0
mapped_file 3477504
writeback 0
swap 0
pgpgin 5885603
pgpgout 5641496
pgfault 1416700
pgmajfault 247
inactive_anon 46514176
active_anon 46100480
inactive_file 453419008
active_file 453824512
unevictable 0
hierarchical_memory_limit 999997440
hierarchical_memsw_limit 9223372036854771712
total_cache 907329536
total_rss 92532736
total_rss_huge 0
total_mapped_file 3477504
total_writeback 0
total_swap 0
total_pgpgin 5885603
total_pgpgout 5641496
total_pgfault 1416700
total_pgmajfault 247
total_inactive_anon 46514176
total_active_anon 46100480
total_inactive_file 453419008
total_active_file 453824512
total_unevictable 0
--------------------BLKIO-----------------------
11:0 Read 0
11:0 Write 0
11:0 Sync 0
11:0 Async 0
11:0 Total 0
253:0 Read 3223523328
253:0 Write 233472
253:0 Sync 0
253:0 Async 3223756800
253:0 Total 3223756800
Total 3223756800
--------------------CPUAC-----------------------
user 717
system 33365
 
--------------------MEMCG-----------------------
MEM ONLY  : 953 MB
MEM+SWAP  : 953 MB
cache 907456512
rss 92540928
rss_huge 0
mapped_file 3375104
writeback 0
swap 0
pgpgin 6189153
pgpgout 5945013
pgfault 1480684
pgmajfault 248
inactive_anon 46514176
active_anon 46108672
inactive_file 453664768
active_file 453623808
unevictable 0
hierarchical_memory_limit 999997440
hierarchical_memsw_limit 9223372036854771712
total_cache 907456512
total_rss 92540928
total_rss_huge 0
total_mapped_file 3375104
total_writeback 0
total_swap 0
total_pgpgin 6189153
total_pgpgout 5945034
total_pgfault 1480684
total_pgmajfault 248
total_inactive_anon 46514176
total_active_anon 46108672
total_inactive_file 453664768
total_active_file 453537792
total_unevictable 0
--------------------BLKIO-----------------------
11:0 Read 0
11:0 Write 0
11:0 Sync 0
11:0 Async 0
11:0 Total 0
253:0 Read 3224113152
253:0 Write 233472
253:0 Sync 0
253:0 Async 3224346624
253:0 Total 3224346624
Total 3224346624
--------------------CPUAC-----------------------
user 756
system 35327
 
--------------------MEMCG-----------------------
MEM ONLY  : 953 MB
MEM+SWAP  : 953 MB
cache 907362304
rss 92532736
rss_huge 0
mapped_file 3526656
writeback 0
swap 0
pgpgin 6463639
pgpgout 6219524
pgfault 1537774
pgmajfault 254
inactive_anon 46514176
active_anon 46100480
inactive_file 453918720
active_file 453316608
unevictable 0
hierarchical_memory_limit 999997440
hierarchical_memsw_limit 9223372036854771712
total_cache 907362304
total_rss 92532736
total_rss_huge 0
total_mapped_file 3526656
total_writeback 0
total_swap 0
total_pgpgin 6463639
total_pgpgout 6219524
total_pgfault 1537774
total_pgmajfault 254
total_inactive_anon 46514176
total_active_anon 46100480
total_inactive_file 453918720
total_active_file 453316608
total_unevictable 0
--------------------BLKIO-----------------------
11:0 Read 0
11:0 Write 0
11:0 Sync 0
11:0 Async 0
11:0 Total 0
253:0 Read 3224383488
253:0 Write 233472
253:0 Sync 0
253:0 Async 3224616960
253:0 Total 3224616960
Total 3224616960
--------------------CPUAC-----------------------
user 788
system 37292
 
--------------------MEMCG-----------------------
MEM ONLY  : 953 MB
MEM+SWAP  : 953 MB
cache 907214848
rss 92549120
rss_huge 0
mapped_file 3485696
writeback 0
swap 0
pgpgin 6767029
pgpgout 6522946
pgfault 1601490
pgmajfault 254
inactive_anon 46514176
active_anon 46116864
inactive_file 453468160
active_file 453652480
unevictable 0
hierarchical_memory_limit 999997440
hierarchical_memsw_limit 9223372036854771712
total_cache 907214848
total_rss 92549120
total_rss_huge 0
total_mapped_file 3485696
total_writeback 0
total_swap 0
total_pgpgin 6767030
total_pgpgout 6522946
total_pgfault 1601490
total_pgmajfault 254
total_inactive_anon 46514176
total_active_anon 46116864
total_inactive_file 453468160
total_active_file 453652480
total_unevictable 0
--------------------BLKIO-----------------------
11:0 Read 0
11:0 Write 0
11:0 Sync 0
11:0 Async 0
11:0 Total 0
253:0 Read 3224535040
253:0 Write 233472
253:0 Sync 0
253:0 Async 3224768512
253:0 Total 3224768512
Total 3224768512
--------------------CPUAC-----------------------
user 822
system 39260
 
--------------------MEMCG-----------------------
MEM ONLY  : 953 MB
MEM+SWAP  : 953 MB
cache 907317248
rss 92532736
rss_huge 0
mapped_file 3334144
writeback 0
swap 0
pgpgin 7041808
pgpgout 6797704
pgfault 1658925
pgmajfault 254
inactive_anon 46514176
active_anon 46100480
inactive_file 453910528
active_file 453292032
unevictable 0
hierarchical_memory_limit 999997440
hierarchical_memsw_limit 9223372036854771712
total_cache 907317248
total_rss 92532736
total_rss_huge 0
total_mapped_file 3334144
total_writeback 0
total_swap 0
total_pgpgin 7041808
total_pgpgout 6797704
total_pgfault 1658925
total_pgmajfault 254
total_inactive_anon 46514176
total_active_anon 46100480
total_inactive_file 453910528
total_active_file 453292032
total_unevictable 0
--------------------BLKIO-----------------------
11:0 Read 0
11:0 Write 0
11:0 Sync 0
11:0 Async 0
11:0 Total 0
253:0 Read 3224535040
253:0 Write 233472
253:0 Sync 0
253:0 Async 3224768512
253:0 Total 3224768512
Total 3224768512
--------------------CPUAC-----------------------
user 853
system 41228
 
--------------------MEMCG-----------------------
MEM ONLY  : 953 MB
MEM+SWAP  : 953 MB
cache 907186176
rss 92540928
rss_huge 0
mapped_file 3485696
writeback 0
swap 0
pgpgin 7346935
pgpgout 7102861
pgfault 1722894
pgmajfault 260
inactive_anon 46514176
active_anon 46108672
inactive_file 453783552
active_file 453316608
unevictable 0
hierarchical_memory_limit 999997440
hierarchical_memsw_limit 9223372036854771712
total_cache 907186176
total_rss 92540928
total_rss_huge 0
total_mapped_file 3485696
total_writeback 0
total_swap 0
total_pgpgin 7346935
total_pgpgout 7102861
total_pgfault 1722894
total_pgmajfault 260
total_inactive_anon 46514176
total_active_anon 46108672
total_inactive_file 453783552
total_active_file 453316608
total_unevictable 0
--------------------BLKIO-----------------------
11:0 Read 0
11:0 Write 0
11:0 Sync 0
11:0 Async 0
11:0 Total 0
253:0 Read 3224535040
253:0 Write 233472
253:0 Sync 0
253:0 Async 3224768512
253:0 Total 3224768512
Total 3224768512
--------------------CPUAC-----------------------
user 882
system 43201
 
--------------------MEMCG-----------------------
MEM ONLY  : 953 MB
MEM+SWAP  : 953 MB
cache 907419648
rss 92536832
rss_huge 0
mapped_file 3526656
writeback 0
swap 0
pgpgin 7632626
pgpgout 7388496
pgfault 1783199
pgmajfault 261
inactive_anon 46514176
active_anon 46104576
inactive_file 453951488
active_file 453353472
unevictable 0
hierarchical_memory_limit 999997440
hierarchical_memsw_limit 9223372036854771712
total_cache 907419648
total_rss 92536832
total_rss_huge 0
total_mapped_file 3526656
total_writeback 0
total_swap 0
total_pgpgin 7632626
total_pgpgout 7388496
total_pgfault 1783199
total_pgmajfault 261
total_inactive_anon 46514176
total_active_anon 46104576
total_inactive_file 453951488
total_active_file 453353472
total_unevictable 0
--------------------BLKIO-----------------------
11:0 Read 0
11:0 Write 0
11:0 Sync 0
11:0 Async 0
11:0 Total 0
253:0 Read 3224715264
253:0 Write 233472
253:0 Sync 0
253:0 Async 3224948736
253:0 Total 3224948736
Total 3224948736
--------------------CPUAC-----------------------
user 912
system 45161
 
--------------------MEMCG-----------------------
MEM ONLY  : 953 MB
MEM+SWAP  : 953 MB
cache 907247616
rss 92532736
rss_huge 0
mapped_file 3375104
writeback 0
swap 0
pgpgin 7936918
pgpgout 7692830
pgfault 1847090
pgmajfault 261
inactive_anon 46514176
active_anon 46100480
inactive_file 453300224
active_file 453828608
unevictable 0
hierarchical_memory_limit 999997440
hierarchical_memsw_limit 9223372036854771712
total_cache 907251712
total_rss 92532736
total_rss_huge 0
total_mapped_file 3375104
total_writeback 0
total_swap 0
total_pgpgin 7936918
total_pgpgout 7692830
total_pgfault 1847090
total_pgmajfault 261
total_inactive_anon 46514176
total_active_anon 46100480
total_inactive_file 453300224
total_active_file 453828608
total_unevictable 0
--------------------BLKIO-----------------------
11:0 Read 0
11:0 Write 0
11:0 Sync 0
11:0 Async 0
11:0 Total 0
253:0 Read 3224715264
253:0 Write 233472
253:0 Sync 0
253:0 Async 3224948736
253:0 Total 3224948736
Total 3224948736
--------------------CPUAC-----------------------
user 952
system 47122
 
--------------------MEMCG-----------------------
MEM ONLY  : 953 MB
MEM+SWAP  : 953 MB
cache 907403264
rss 92536832
rss_huge 0
mapped_file 3526656
writeback 0
swap 0
pgpgin 8221488
pgpgout 7977361
pgfault 1907577
pgmajfault 267
inactive_anon 46514176
active_anon 46100480
inactive_file 453443584
active_file 453877760
unevictable 0
hierarchical_memory_limit 999997440
hierarchical_memsw_limit 9223372036854771712
total_cache 907403264
total_rss 92545024
total_rss_huge 0
total_mapped_file 3526656
total_writeback 0
total_swap 0
total_pgpgin 8221489
total_pgpgout 7977361
total_pgfault 1907579
total_pgmajfault 267
total_inactive_anon 46514176
total_active_anon 46100480
total_inactive_file 453443584
total_active_file 453877760
total_unevictable 0
--------------------BLKIO-----------------------
11:0 Read 0
11:0 Write 0
11:0 Sync 0
11:0 Async 0
11:0 Total 0
253:0 Read 3224715264
253:0 Write 233472
253:0 Sync 0
253:0 Async 3224948736
253:0 Total 3224948736
Total 3224948736
--------------------CPUAC-----------------------
user 980
system 49085
 
--------------------MEMCG-----------------------
MEM ONLY  : 953 MB
MEM+SWAP  : 953 MB
cache 907227136
rss 92545024
rss_huge 0
mapped_file 3485696
writeback 0
swap 0
pgpgin 8526972
pgpgout 8282886
pgfault 1972058
pgmajfault 267
inactive_anon 46514176
active_anon 46112768
inactive_file 453849088
active_file 453292032
unevictable 0
hierarchical_memory_limit 999997440
hierarchical_memsw_limit 9223372036854771712
total_cache 907231232
total_rss 92545024
total_rss_huge 0
total_mapped_file 3485696
total_writeback 0
total_swap 0
total_pgpgin 8526972
total_pgpgout 8282886
total_pgfault 1972058
total_pgmajfault 267
total_inactive_anon 46514176
total_active_anon 46112768
total_inactive_file 453849088
total_active_file 453292032
total_unevictable 0
--------------------BLKIO-----------------------
11:0 Read 0
11:0 Write 0
11:0 Sync 0
11:0 Async 0
11:0 Total 0
253:0 Read 3224715264
253:0 Write 233472
253:0 Sync 0
253:0 Async 3224948736
253:0 Total 3224948736
Total 3224948736
--------------------CPUAC-----------------------
user 1016
system 51050
 
--------------------MEMCG-----------------------
MEM ONLY  : 953 MB
MEM+SWAP  : 953 MB
cache 907321344
rss 92545024
rss_huge 0
mapped_file 3334144
writeback 0
swap 0
pgpgin 8809012
pgpgout 8564904
pgfault 2031260
pgmajfault 267
inactive_anon 46514176
active_anon 46112768
inactive_file 453677056
active_file 453550080
unevictable 0
hierarchical_memory_limit 999997440
hierarchical_memsw_limit 9223372036854771712
total_cache 907321344
total_rss 92545024
total_rss_huge 0
total_mapped_file 3334144
total_writeback 0
total_swap 0
total_pgpgin 8809012
total_pgpgout 8564904
total_pgfault 2031260
total_pgmajfault 267
total_inactive_anon 46514176
total_active_anon 46112768
total_inactive_file 453677056
total_active_file 453550080
total_unevictable 0
--------------------BLKIO-----------------------
11:0 Read 0
11:0 Write 0
11:0 Sync 0
11:0 Async 0
11:0 Total 0
253:0 Read 3224715264
253:0 Write 233472
253:0 Sync 0
253:0 Async 3224948736
253:0 Total 3224948736
Total 3224948736
--------------------CPUAC-----------------------
user 1049
system 53007
 
--------------------MEMCG-----------------------
MEM ONLY  : 953 MB
MEM+SWAP  : 953 MB
cache 907456512
rss 92532736
rss_huge 0
mapped_file 3485696
writeback 0
swap 0
pgpgin 9112758
pgpgout 8868619
pgfault 2093730
pgmajfault 273
inactive_anon 46514176
active_anon 46100480
inactive_file 453931008
active_file 453390336
unevictable 0
hierarchical_memory_limit 999997440
hierarchical_memsw_limit 9223372036854771712
total_cache 907460608
total_rss 92532736
total_rss_huge 0
total_mapped_file 3485696
total_writeback 0
total_swap 0
total_pgpgin 9112758
total_pgpgout 8868619
total_pgfault 2093730
total_pgmajfault 273
total_inactive_anon 46514176
total_active_anon 46100480
total_inactive_file 453931008
total_active_file 453390336
total_unevictable 0
--------------------BLKIO-----------------------
11:0 Read 0
11:0 Write 0
11:0 Sync 0
11:0 Async 0
11:0 Total 0
253:0 Read 3224715264
253:0 Write 233472
253:0 Sync 0
253:0 Async 3224948736
253:0 Total 3224948736
Total 3224948736
--------------------CPUAC-----------------------
user 1082
system 54976
 
--------------------MEMCG-----------------------
MEM ONLY  : 953 MB
MEM+SWAP  : 953 MB
cache 907362304
rss 92532736
rss_huge 0
mapped_file 3485696
writeback 0
swap 0
pgpgin 9404693
pgpgout 9160578
pgfault 2155977
pgmajfault 273
inactive_anon 46514176
active_anon 46100480
inactive_file 453795840
active_file 453427200
unevictable 0
hierarchical_memory_limit 999997440
hierarchical_memsw_limit 9223372036854771712
total_cache 907362304
total_rss 92532736
total_rss_huge 0
total_mapped_file 3485696
total_writeback 0
total_swap 0
total_pgpgin 9404693
total_pgpgout 9160578
total_pgfault 2155977
total_pgmajfault 273
total_inactive_anon 46514176
total_active_anon 46100480
total_inactive_file 453853184
total_active_file 453427200
total_unevictable 0
--------------------BLKIO-----------------------
11:0 Read 0
11:0 Write 0
11:0 Sync 0
11:0 Async 0
11:0 Total 0
253:0 Read 3224715264
253:0 Write 233472
253:0 Sync 0
253:0 Async 3224948736
253:0 Total 3224948736
Total 3224948736
--------------------CPUAC-----------------------
user 1106
system 56950
 
--------------------MEMCG-----------------------
MEM ONLY  : 953 MB
MEM+SWAP  : 953 MB
cache 907243520
rss 92545024
rss_huge 0
mapped_file 3334144
writeback 0
swap 0
pgpgin 9707516
pgpgout 9463427
pgfault 2221098
pgmajfault 273
inactive_anon 46514176
active_anon 46112768
inactive_file 453758976
active_file 453345280
unevictable 0
hierarchical_memory_limit 999997440
hierarchical_memsw_limit 9223372036854771712
total_cache 907243520
total_rss 92545024
total_rss_huge 0
total_mapped_file 3334144
total_writeback 0
total_swap 0
total_pgpgin 9707517
total_pgpgout 9463427
total_pgfault 2221098
total_pgmajfault 273
total_inactive_anon 46514176
total_active_anon 46112768
total_inactive_file 453816320
total_active_file 453345280
total_unevictable 0
--------------------BLKIO-----------------------
11:0 Read 0
11:0 Write 0
11:0 Sync 0
11:0 Async 0
11:0 Total 0
253:0 Read 3224715264
253:0 Write 233472
253:0 Sync 0
253:0 Async 3224948736
253:0 Total 3224948736
Total 3224948736
--------------------CPUAC-----------------------
user 1140
system 58917
 
--------------------MEMCG-----------------------
MEM ONLY  : 953 MB
MEM+SWAP  : 953 MB
cache 907264000
rss 92549120
rss_huge 0
mapped_file 3477504
writeback 0
swap 0
pgpgin 9995874
pgpgout 9751779
pgfault 2282096
pgmajfault 279
inactive_anon 46514176
active_anon 46116864
inactive_file 453758976
active_file 453419008
unevictable 0
hierarchical_memory_limit 999997440
hierarchical_memsw_limit 9223372036854771712
total_cache 907264000
total_rss 92549120
total_rss_huge 0
total_mapped_file 3477504
total_writeback 0
total_swap 0
total_pgpgin 9995875
total_pgpgout 9751779
total_pgfault 2282096
total_pgmajfault 279
total_inactive_anon 46514176
total_active_anon 46116864
total_inactive_file 453758976
total_active_file 453419008
total_unevictable 0
--------------------BLKIO-----------------------
11:0 Read 0
11:0 Write 0
11:0 Sync 0
11:0 Async 0
11:0 Total 0
253:0 Read 3224715264
253:0 Write 233472
253:0 Sync 0
253:0 Async 3224948736
253:0 Total 3224948736
Total 3224948736
--------------------CPUAC-----------------------
user 1172
system 60884
 
--------------------MEMCG-----------------------
MEM ONLY  : 953 MB
MEM+SWAP  : 953 MB
cache 907186176
rss 92557312
rss_huge 0
mapped_file 3526656
writeback 0
swap 0
pgpgin 10299794
pgpgout 10055716
pgfault 2345731
pgmajfault 280
inactive_anon 46514176
active_anon 46125056
inactive_file 453615616
active_file 453484544
unevictable 0
hierarchical_memory_limit 999997440
hierarchical_memsw_limit 9223372036854771712
total_cache 907186176
total_rss 92557312
total_rss_huge 0
total_mapped_file 3526656
total_writeback 0
total_swap 0
total_pgpgin 10299794
total_pgpgout 10055716
total_pgfault 2345731
total_pgmajfault 280
total_inactive_anon 46514176
total_active_anon 46125056
total_inactive_file 453615616
total_active_file 453484544
total_unevictable 0
--------------------BLKIO-----------------------
11:0 Read 0
11:0 Write 0
11:0 Sync 0
11:0 Async 0
11:0 Total 0
253:0 Read 3224715264
253:0 Write 233472
253:0 Sync 0
253:0 Async 3224948736
253:0 Total 3224948736
Total 3224948736
--------------------CPUAC-----------------------
user 1206
system 62850
 
--------------------MEMCG-----------------------
MEM ONLY  : 953 MB
MEM+SWAP  : 953 MB
cache 907321344
rss 92553216
rss_huge 0
mapped_file 3375104
writeback 0
swap 0
pgpgin 10590244
pgpgout 10346134
pgfault 2405893
pgmajfault 280
inactive_anon 46514176
active_anon 46120960
inactive_file 453722112
active_file 453509120
unevictable 0
hierarchical_memory_limit 999997440
hierarchical_memsw_limit 9223372036854771712
total_cache 907321344
total_rss 92553216
total_rss_huge 0
total_mapped_file 3375104
total_writeback 0
total_swap 0
total_pgpgin 10590244
total_pgpgout 10346134
total_pgfault 2405893
total_pgmajfault 280
total_inactive_anon 46514176
total_active_anon 46120960
total_inactive_file 453722112
total_active_file 453509120
total_unevictable 0
--------------------BLKIO-----------------------
11:0 Read 0
11:0 Write 0
11:0 Sync 0
11:0 Async 0
11:0 Total 0
253:0 Read 3224715264
253:0 Write 233472
253:0 Sync 0
253:0 Async 3224948736
253:0 Total 3224948736
Total 3224948736
--------------------CPUAC-----------------------
user 1241
system 64814
 
--------------------MEMCG-----------------------
MEM ONLY  : 953 MB
MEM+SWAP  : 953 MB
cache 907292672
rss 92532736
rss_huge 0
mapped_file 3485696
writeback 0
swap 0
pgpgin 10893353
pgpgout 10649255
pgfault 2468803
pgmajfault 286
inactive_anon 46514176
active_anon 46100480
inactive_file 453726208
active_file 453476352
unevictable 0
hierarchical_memory_limit 999997440
hierarchical_memsw_limit 9223372036854771712
total_cache 907292672
total_rss 92532736
total_rss_huge 0
total_mapped_file 3485696
total_writeback 0
total_swap 0
total_pgpgin 10893353
total_pgpgout 10649255
total_pgfault 2468803
total_pgmajfault 286
total_inactive_anon 46514176
total_active_anon 46100480
total_inactive_file 453726208
total_active_file 453476352
total_unevictable 0
--------------------BLKIO-----------------------
11:0 Read 0
11:0 Write 0
11:0 Sync 0
11:0 Async 0
11:0 Total 0
253:0 Read 3224715264
253:0 Write 233472
253:0 Sync 0
253:0 Async 3224948736
253:0 Total 3224948736
Total 3224948736
--------------------CPUAC-----------------------
user 1278
system 66778
 
--------------------MEMCG-----------------------
MEM ONLY  : 953 MB
MEM+SWAP  : 953 MB
cache 907395072
rss 92532736
rss_huge 0
mapped_file 3485696
writeback 0
swap 0
pgpgin 11185411
pgpgout 10941288
pgfault 2529545
pgmajfault 286
inactive_anon 46514176
active_anon 46100480
inactive_file 453619712
active_file 453672960
unevictable 0
hierarchical_memory_limit 999997440
hierarchical_memsw_limit 9223372036854771712
total_cache 907395072
total_rss 92532736
total_rss_huge 0
total_mapped_file 3485696
total_writeback 0
total_swap 0
total_pgpgin 11185411
total_pgpgout 10941288
total_pgfault 2529545
total_pgmajfault 286
total_inactive_anon 46514176
total_active_anon 46100480
total_inactive_file 453619712
total_active_file 453672960
total_unevictable 0
--------------------BLKIO-----------------------
11:0 Read 0
11:0 Write 0
11:0 Sync 0
11:0 Async 0
11:0 Total 0
253:0 Read 3224715264
253:0 Write 233472
253:0 Sync 0
253:0 Async 3224948736
253:0 Total 3224948736
Total 3224948736
--------------------CPUAC-----------------------
user 1311
system 68743
 
--------------------MEMCG-----------------------
MEM ONLY  : 953 MB
MEM+SWAP  : 953 MB
cache 907329536
rss 92532736
rss_huge 0
mapped_file 3334144
writeback 0
swap 0
pgpgin 11487966
pgpgout 11243859
pgfault 2593347
pgmajfault 286
inactive_anon 46514176
active_anon 46100480
inactive_file 453689344
active_file 453431296
unevictable 0
hierarchical_memory_limit 999997440
hierarchical_memsw_limit 9223372036854771712
total_cache 907329536
total_rss 92532736
total_rss_huge 0
total_mapped_file 3334144
total_writeback 0
total_swap 0
total_pgpgin 11487966
total_pgpgout 11243859
total_pgfault 2593347
total_pgmajfault 286
total_inactive_anon 46514176
total_active_anon 46100480
total_inactive_file 453689344
total_active_file 453431296
total_unevictable 0
--------------------BLKIO-----------------------
11:0 Read 0
11:0 Write 0
11:0 Sync 0
11:0 Async 0
11:0 Total 0
253:0 Read 3224715264
253:0 Write 233472
253:0 Sync 0
253:0 Async 3224948736
253:0 Total 3224948736
Total 3224948736
--------------------CPUAC-----------------------
user 1345
system 70710
 
--------------------MEMCG-----------------------
MEM ONLY  : 953 MB
MEM+SWAP  : 953 MB
cache 907259904
rss 92532736
rss_huge 0
mapped_file 3485696
writeback 0
swap 0
pgpgin 11781227
pgpgout 11537137
pgfault 2654088
pgmajfault 292
inactive_anon 46514176
active_anon 46100480
inactive_file 453697536
active_file 453427200
unevictable 0
hierarchical_memory_limit 999997440
hierarchical_memsw_limit 9223372036854771712
total_cache 907259904
total_rss 92532736
total_rss_huge 0
total_mapped_file 3485696
total_writeback 0
total_swap 0
total_pgpgin 11781227
total_pgpgout 11537137
total_pgfault 2654088
total_pgmajfault 292
total_inactive_anon 46514176
total_active_anon 46100480
total_inactive_file 453697536
total_active_file 453427200
total_unevictable 0
--------------------BLKIO-----------------------
11:0 Read 0
11:0 Write 0
11:0 Sync 0
11:0 Async 0
11:0 Total 0
253:0 Read 3224715264
253:0 Write 233472
253:0 Sync 0
253:0 Async 3224948736
253:0 Total 3224948736
Total 3224948736
--------------------CPUAC-----------------------
user 1377
system 72676
 
--------------------MEMCG-----------------------
MEM ONLY  : 953 MB
MEM+SWAP  : 953 MB
cache 907395072
rss 92536832
rss_huge 0
mapped_file 3485696
writeback 0
swap 0
pgpgin 12073796
pgpgout 11829672
pgfault 2714912
pgmajfault 292
inactive_anon 46514176
active_anon 46104576
inactive_file 453816320
active_file 453496832
unevictable 0
hierarchical_memory_limit 999997440
hierarchical_memsw_limit 9223372036854771712
total_cache 907395072
total_rss 92540928
total_rss_huge 0
total_mapped_file 3485696
total_writeback 0
total_swap 0
total_pgpgin 12073798
total_pgpgout 11829672
total_pgfault 2714913
total_pgmajfault 292
total_inactive_anon 46514176
total_active_anon 46104576
total_inactive_file 453816320
total_active_file 453496832
total_unevictable 0
--------------------BLKIO-----------------------
11:0 Read 0
11:0 Write 0
11:0 Sync 0
11:0 Async 0
11:0 Total 0
253:0 Read 3224715264
253:0 Write 233472
253:0 Sync 0
253:0 Async 3224948736
253:0 Total 3224948736
Total 3224948736
--------------------CPUAC-----------------------
user 1410
system 74645
 
--------------------MEMCG-----------------------
MEM ONLY  : 953 MB
MEM+SWAP  : 953 MB
cache 907309056
rss 92553216
rss_huge 0
mapped_file 3334144
writeback 0
swap 0
pgpgin 12375246
pgpgout 12131139
pgfault 2776893
pgmajfault 292
inactive_anon 46514176
active_anon 46120960
inactive_file 453574656
active_file 453599232
unevictable 0
hierarchical_memory_limit 999997440
hierarchical_memsw_limit 9223372036854771712
total_cache 907309056
total_rss 92553216
total_rss_huge 0
total_mapped_file 3334144
total_writeback 0
total_swap 0
total_pgpgin 12375247
total_pgpgout 12131139
total_pgfault 2776893
total_pgmajfault 292
total_inactive_anon 46514176
total_active_anon 46120960
total_inactive_file 453574656
total_active_file 453599232
total_unevictable 0
--------------------BLKIO-----------------------
11:0 Read 0
11:0 Write 0
11:0 Sync 0
11:0 Async 0
11:0 Total 0
253:0 Read 3224715264
253:0 Write 233472
253:0 Sync 0
253:0 Async 3224948736
253:0 Total 3224948736
Total 3224948736
--------------------CPUAC-----------------------
user 1443
system 76613
 
