--------------------MEMCG-----------------------
MEM ONLY  : 285 MB
MEM+SWAP  : 285 MB
cache 206315520
rss 93392896
rss_huge 0
mapped_file 46534656
writeback 0
swap 0
pgpgin 152025
pgpgout 78854
pgfault 215141
pgmajfault 217
inactive_anon 53248
active_anon 93425664
inactive_file 175841280
active_file 30388224
unevictable 0
hierarchical_memory_limit 999997440
hierarchical_memsw_limit 9223372036854771712
total_cache 206315520
total_rss 93392896
total_rss_huge 0
total_mapped_file 46534656
total_writeback 0
total_swap 0
total_pgpgin 152025
total_pgpgout 78854
total_pgfault 215141
total_pgmajfault 217
total_inactive_anon 53248
total_active_anon 93425664
total_inactive_file 175841280
total_active_file 30388224
total_unevictable 0
--------------------BLKIO-----------------------
11:0 Read 0
11:0 Write 0
11:0 Sync 0
11:0 Async 0
11:0 Total 0
253:0 Read 166543360
253:0 Write 225280
253:0 Sync 0
253:0 Async 166768640
253:0 Total 166768640
Total 166768640
--------------------CPUAC-----------------------
user 82
system 166
 
--------------------MEMCG-----------------------
MEM ONLY  : 591 MB
MEM+SWAP  : 591 MB
cache 526675968
rss 93184000
rss_huge 0
mapped_file 46514176
writeback 0
swap 0
pgpgin 246393
pgpgout 95060
pgfault 232592
pgmajfault 217
inactive_anon 49152
active_anon 93216768
inactive_file 470921216
active_file 55664640
unevictable 0
hierarchical_memory_limit 999997440
hierarchical_memsw_limit 9223372036854771712
total_cache 526675968
total_rss 93184000
total_rss_huge 0
total_mapped_file 46514176
total_writeback 0
total_swap 0
total_pgpgin 246393
total_pgpgout 95060
total_pgfault 232592
total_pgmajfault 217
total_inactive_anon 49152
total_active_anon 93216768
total_inactive_file 470921216
total_active_file 55664640
total_unevictable 0
--------------------BLKIO-----------------------
11:0 Read 0
11:0 Write 0
11:0 Sync 0
11:0 Async 0
11:0 Total 0
253:0 Read 486907904
253:0 Write 225280
253:0 Sync 0
253:0 Async 487133184
253:0 Total 487133184
Total 487133184
--------------------CPUAC-----------------------
user 93
system 216
 
--------------------MEMCG-----------------------
MEM ONLY  : 891 MB
MEM+SWAP  : 891 MB
cache 841543680
rss 93184000
rss_huge 0
mapped_file 46514176
writeback 0
swap 0
pgpgin 341373
pgpgout 113168
pgfault 251574
pgmajfault 217
inactive_anon 49152
active_anon 93216768
inactive_file 716648448
active_file 124776448
unevictable 0
hierarchical_memory_limit 999997440
hierarchical_memsw_limit 9223372036854771712
total_cache 841543680
total_rss 93184000
total_rss_huge 0
total_mapped_file 46514176
total_writeback 0
total_swap 0
total_pgpgin 341373
total_pgpgout 113168
total_pgfault 251574
total_pgmajfault 217
total_inactive_anon 49152
total_active_anon 93216768
total_inactive_file 716648448
total_active_file 124776448
total_unevictable 0
--------------------BLKIO-----------------------
11:0 Read 0
11:0 Write 0
11:0 Sync 0
11:0 Async 0
11:0 Total 0
253:0 Read 801775616
253:0 Write 225280
253:0 Sync 0
253:0 Async 802000896
253:0 Total 802000896
Total 802000896
--------------------CPUAC-----------------------
user 105
system 267
 
--------------------MEMCG-----------------------
MEM ONLY  : 953 MB
MEM+SWAP  : 953 MB
cache 907059200
rss 92917760
rss_huge 0
mapped_file 46346240
writeback 0
swap 0
pgpgin 441130
pgpgout 196995
pgfault 272422
pgmajfault 217
inactive_anon 46632960
active_anon 46366720
inactive_file 677154816
active_file 229822464
unevictable 0
hierarchical_memory_limit 999997440
hierarchical_memsw_limit 9223372036854771712
total_cache 907059200
total_rss 92917760
total_rss_huge 0
total_mapped_file 46346240
total_writeback 0
total_swap 0
total_pgpgin 441130
total_pgpgout 196995
total_pgfault 272422
total_pgmajfault 217
total_inactive_anon 46632960
total_active_anon 46366720
total_inactive_file 677154816
total_active_file 229822464
total_unevictable 0
--------------------BLKIO-----------------------
11:0 Read 0
11:0 Write 0
11:0 Sync 0
11:0 Async 0
11:0 Total 0
253:0 Read 1114689536
253:0 Write 225280
253:0 Sync 0
253:0 Async 1114914816
253:0 Total 1114914816
Total 1114914816
--------------------CPUAC-----------------------
user 116
system 386
 
--------------------MEMCG-----------------------
MEM ONLY  : 953 MB
MEM+SWAP  : 953 MB
cache 907001856
rss 92917760
rss_huge 0
mapped_file 46346240
writeback 0
swap 0
pgpgin 554108
pgpgout 309987
pgfault 296882
pgmajfault 217
inactive_anon 46632960
active_anon 46366720
inactive_file 557625344
active_file 349261824
unevictable 0
hierarchical_memory_limit 999997440
hierarchical_memsw_limit 9223372036854771712
total_cache 907001856
total_rss 92917760
total_rss_huge 0
total_mapped_file 46346240
total_writeback 0
total_swap 0
total_pgpgin 554108
total_pgpgout 309987
total_pgfault 296882
total_pgmajfault 217
total_inactive_anon 46632960
total_active_anon 46366720
total_inactive_file 557625344
total_active_file 349261824
total_unevictable 0
--------------------BLKIO-----------------------
11:0 Read 0
11:0 Write 0
11:0 Sync 0
11:0 Async 0
11:0 Total 0
253:0 Read 1418956800
253:0 Write 225280
253:0 Sync 0
253:0 Async 1419182080
253:0 Total 1419182080
Total 1419182080
--------------------CPUAC-----------------------
user 125
system 590
 
--------------------MEMCG-----------------------
MEM ONLY  : 953 MB
MEM+SWAP  : 953 MB
cache 907063296
rss 92917760
rss_huge 0
mapped_file 12468224
writeback 0
swap 0
pgpgin 694130
pgpgout 449994
pgfault 325799
pgmajfault 217
inactive_anon 46632960
active_anon 46366720
inactive_file 453697536
active_file 453251072
unevictable 0
hierarchical_memory_limit 999997440
hierarchical_memsw_limit 9223372036854771712
total_cache 907063296
total_rss 92917760
total_rss_huge 0
total_mapped_file 12468224
total_writeback 0
total_swap 0
total_pgpgin 694130
total_pgpgout 449994
total_pgfault 325799
total_pgmajfault 217
total_inactive_anon 46632960
total_active_anon 46366720
total_inactive_file 453697536
total_active_file 453251072
total_unevictable 0
--------------------BLKIO-----------------------
11:0 Read 0
11:0 Write 0
11:0 Sync 0
11:0 Async 0
11:0 Total 0
253:0 Read 1735286784
253:0 Write 225280
253:0 Sync 0
253:0 Async 1735512064
253:0 Total 1735512064
Total 1735512064
--------------------CPUAC-----------------------
user 139
system 941
 
--------------------MEMCG-----------------------
MEM ONLY  : 953 MB
MEM+SWAP  : 953 MB
cache 906956800
rss 92917760
rss_huge 0
mapped_file 12468224
writeback 0
swap 0
pgpgin 857906
pgpgout 613796
pgfault 360130
pgmajfault 217
inactive_anon 46632960
active_anon 46366720
inactive_file 452939776
active_file 453914624
unevictable 0
hierarchical_memory_limit 999997440
hierarchical_memsw_limit 9223372036854771712
total_cache 906956800
total_rss 92917760
total_rss_huge 0
total_mapped_file 12468224
total_writeback 0
total_swap 0
total_pgpgin 857906
total_pgpgout 613796
total_pgfault 360130
total_pgmajfault 217
total_inactive_anon 46632960
total_active_anon 46366720
total_inactive_file 452939776
total_active_file 453914624
total_unevictable 0
--------------------BLKIO-----------------------
11:0 Read 0
11:0 Write 0
11:0 Sync 0
11:0 Async 0
11:0 Total 0
253:0 Read 2045919232
253:0 Write 225280
253:0 Sync 0
253:0 Async 2046144512
253:0 Total 2046144512
Total 2046144512
--------------------CPUAC-----------------------
user 159
system 1466
 
--------------------MEMCG-----------------------
MEM ONLY  : 953 MB
MEM+SWAP  : 953 MB
cache 906854400
rss 92917760
rss_huge 0
mapped_file 8577024
writeback 0
swap 0
pgpgin 1064636
pgpgout 820551
pgfault 404051
pgmajfault 217
inactive_anon 46632960
active_anon 46366720
inactive_file 453586944
active_file 453185536
unevictable 0
hierarchical_memory_limit 999997440
hierarchical_memsw_limit 9223372036854771712
total_cache 906854400
total_rss 92921856
total_rss_huge 0
total_mapped_file 8577024
total_writeback 0
total_swap 0
total_pgpgin 1064637
total_pgpgout 820551
total_pgfault 404051
total_pgmajfault 217
total_inactive_anon 46632960
total_active_anon 46366720
total_inactive_file 453586944
total_active_file 453185536
total_unevictable 0
--------------------BLKIO-----------------------
11:0 Read 0
11:0 Write 0
11:0 Sync 0
11:0 Async 0
11:0 Total 0
253:0 Read 2349318144
253:0 Write 225280
253:0 Sync 0
253:0 Async 2349543424
253:0 Total 2349543424
Total 2349543424
--------------------CPUAC-----------------------
user 180
system 2280
 
--------------------MEMCG-----------------------
MEM ONLY  : 953 MB
MEM+SWAP  : 953 MB
cache 907022336
rss 92917760
rss_huge 0
mapped_file 3387392
writeback 0
swap 0
pgpgin 1348709
pgpgout 1104583
pgfault 465048
pgmajfault 217
inactive_anon 46632960
active_anon 46366720
inactive_file 453275648
active_file 453648384
unevictable 0
hierarchical_memory_limit 999997440
hierarchical_memsw_limit 9223372036854771712
total_cache 907026432
total_rss 92917760
total_rss_huge 0
total_mapped_file 3387392
total_writeback 0
total_swap 0
total_pgpgin 1348710
total_pgpgout 1104583
total_pgfault 465048
total_pgmajfault 217
total_inactive_anon 46632960
total_active_anon 46366720
total_inactive_file 453275648
total_active_file 453648384
total_unevictable 0
--------------------BLKIO-----------------------
11:0 Read 0
11:0 Write 0
11:0 Sync 0
11:0 Async 0
11:0 Total 0
253:0 Read 2641879040
253:0 Write 225280
253:0 Sync 0
253:0 Async 2642104320
253:0 Total 2642104320
Total 2642104320
--------------------CPUAC-----------------------
user 222
system 3605
 
--------------------MEMCG-----------------------
MEM ONLY  : 953 MB
MEM+SWAP  : 953 MB
cache 906956800
rss 92917760
rss_huge 0
mapped_file 3325952
writeback 0
swap 0
pgpgin 1674605
pgpgout 1430495
pgfault 533133
pgmajfault 217
inactive_anon 46632960
active_anon 46366720
inactive_file 453525504
active_file 453308416
unevictable 0
hierarchical_memory_limit 999997440
hierarchical_memsw_limit 9223372036854771712
total_cache 906960896
total_rss 92917760
total_rss_huge 0
total_mapped_file 3325952
total_writeback 0
total_swap 0
total_pgpgin 1674606
total_pgpgout 1430495
total_pgfault 533133
total_pgmajfault 217
total_inactive_anon 46632960
total_active_anon 46366720
total_inactive_file 453525504
total_active_file 453308416
total_unevictable 0
--------------------BLKIO-----------------------
11:0 Read 0
11:0 Write 0
11:0 Sync 0
11:0 Async 0
11:0 Total 0
253:0 Read 2862628864
253:0 Write 225280
253:0 Sync 0
253:0 Async 2862854144
253:0 Total 2862854144
Total 2862854144
--------------------CPUAC-----------------------
user 258
system 5470
 
--------------------MEMCG-----------------------
MEM ONLY  : 953 MB
MEM+SWAP  : 953 MB
cache 906878976
rss 92917760
rss_huge 0
mapped_file 3670016
writeback 0
swap 0
pgpgin 2004051
pgpgout 1759960
pgfault 602194
pgmajfault 226
inactive_anon 46632960
active_anon 46366720
inactive_file 453283840
active_file 453513216
unevictable 0
hierarchical_memory_limit 999997440
hierarchical_memsw_limit 9223372036854771712
total_cache 906878976
total_rss 92917760
total_rss_huge 0
total_mapped_file 3670016
total_writeback 0
total_swap 0
total_pgpgin 2004051
total_pgpgout 1759960
total_pgfault 602194
total_pgmajfault 226
total_inactive_anon 46632960
total_active_anon 46366720
total_inactive_file 453283840
total_active_file 453513216
total_unevictable 0
--------------------BLKIO-----------------------
11:0 Read 0
11:0 Write 0
11:0 Sync 0
11:0 Async 0
11:0 Total 0
253:0 Read 3058524160
253:0 Write 225280
253:0 Sync 0
253:0 Async 3058749440
253:0 Total 3058749440
Total 3058749440
--------------------CPUAC-----------------------
user 295
system 7406
 
--------------------MEMCG-----------------------
MEM ONLY  : 953 MB
MEM+SWAP  : 953 MB
cache 906854400
rss 92925952
rss_huge 0
mapped_file 3624960
writeback 0
swap 0
pgpgin 2312641
pgpgout 2068554
pgfault 666544
pgmajfault 226
inactive_anon 46632960
active_anon 46374912
inactive_file 453492736
active_file 453226496
unevictable 0
hierarchical_memory_limit 999997440
hierarchical_memsw_limit 9223372036854771712
total_cache 906854400
total_rss 92925952
total_rss_huge 0
total_mapped_file 3624960
total_writeback 0
total_swap 0
total_pgpgin 2312641
total_pgpgout 2068554
total_pgfault 666544
total_pgmajfault 226
total_inactive_anon 46632960
total_active_anon 46374912
total_inactive_file 453492736
total_active_file 453226496
total_unevictable 0
--------------------BLKIO-----------------------
11:0 Read 0
11:0 Write 0
11:0 Sync 0
11:0 Async 0
11:0 Total 0
253:0 Read 3237777408
253:0 Write 225280
253:0 Sync 0
253:0 Async 3238002688
253:0 Total 3238002688
Total 3238002688
--------------------CPUAC-----------------------
user 324
system 9359
 
--------------------MEMCG-----------------------
MEM ONLY  : 953 MB
MEM+SWAP  : 953 MB
cache 907026432
rss 92917760
rss_huge 0
mapped_file 3334144
writeback 0
swap 0
pgpgin 2620203
pgpgout 2376076
pgfault 730590
pgmajfault 226
inactive_anon 46632960
active_anon 46366720
inactive_file 453443584
active_file 453332992
unevictable 0
hierarchical_memory_limit 999997440
hierarchical_memsw_limit 9223372036854771712
total_cache 907026432
total_rss 92917760
total_rss_huge 0
total_mapped_file 3334144
total_writeback 0
total_swap 0
total_pgpgin 2620203
total_pgpgout 2376076
total_pgfault 730590
total_pgmajfault 226
total_inactive_anon 46632960
total_active_anon 46366720
total_inactive_file 453443584
total_active_file 453332992
total_unevictable 0
--------------------BLKIO-----------------------
11:0 Read 0
11:0 Write 0
11:0 Sync 0
11:0 Async 0
11:0 Total 0
253:0 Read 3422318592
253:0 Write 225280
253:0 Sync 0
253:0 Async 3422543872
253:0 Total 3422543872
Total 3422543872
--------------------CPUAC-----------------------
user 353
system 11321
 
--------------------MEMCG-----------------------
MEM ONLY  : 953 MB
MEM+SWAP  : 953 MB
cache 906792960
rss 92942336
rss_huge 0
mapped_file 3485696
writeback 0
swap 0
pgpgin 2911818
pgpgout 2667742
pgfault 791887
pgmajfault 232
inactive_anon 46632960
active_anon 46391296
inactive_file 453394432
active_file 453312512
unevictable 0
hierarchical_memory_limit 999997440
hierarchical_memsw_limit 9223372036854771712
total_cache 906792960
total_rss 92942336
total_rss_huge 0
total_mapped_file 3485696
total_writeback 0
total_swap 0
total_pgpgin 2911818
total_pgpgout 2667742
total_pgfault 791887
total_pgmajfault 232
total_inactive_anon 46632960
total_active_anon 46391296
total_inactive_file 453394432
total_active_file 453312512
total_unevictable 0
--------------------BLKIO-----------------------
11:0 Read 0
11:0 Write 0
11:0 Sync 0
11:0 Async 0
11:0 Total 0
253:0 Read 3594330112
253:0 Write 225280
253:0 Sync 0
253:0 Async 3594555392
253:0 Total 3594555392
Total 3594555392
--------------------CPUAC-----------------------
user 384
system 13269
 
--------------------MEMCG-----------------------
MEM ONLY  : 953 MB
MEM+SWAP  : 953 MB
cache 906838016
rss 92917760
rss_huge 0
mapped_file 3485696
writeback 0
swap 0
pgpgin 3203163
pgpgout 2959082
pgfault 853356
pgmajfault 232
inactive_anon 46632960
active_anon 46366720
inactive_file 453484544
active_file 453246976
unevictable 0
hierarchical_memory_limit 999997440
hierarchical_memsw_limit 9223372036854771712
total_cache 906838016
total_rss 92917760
total_rss_huge 0
total_mapped_file 3485696
total_writeback 0
total_swap 0
total_pgpgin 3203163
total_pgpgout 2959082
total_pgfault 853356
total_pgmajfault 232
total_inactive_anon 46632960
total_active_anon 46366720
total_inactive_file 453484544
total_active_file 453246976
total_unevictable 0
--------------------BLKIO-----------------------
11:0 Read 0
11:0 Write 0
11:0 Sync 0
11:0 Async 0
11:0 Total 0
253:0 Read 3769724928
253:0 Write 225280
253:0 Sync 0
253:0 Async 3769950208
253:0 Total 3769950208
Total 3769950208
--------------------CPUAC-----------------------
user 418
system 15214
 
--------------------MEMCG-----------------------
MEM ONLY  : 953 MB
MEM+SWAP  : 953 MB
cache 906956800
rss 92917760
rss_huge 0
mapped_file 3477504
writeback 0
swap 0
pgpgin 3481675
pgpgout 3237565
pgfault 912181
pgmajfault 232
inactive_anon 46632960
active_anon 46366720
inactive_file 453480448
active_file 453373952
unevictable 0
hierarchical_memory_limit 999997440
hierarchical_memsw_limit 9223372036854771712
total_cache 906956800
total_rss 92917760
total_rss_huge 0
total_mapped_file 3477504
total_writeback 0
total_swap 0
total_pgpgin 3481675
total_pgpgout 3237565
total_pgfault 912181
total_pgmajfault 232
total_inactive_anon 46632960
total_active_anon 46366720
total_inactive_file 453480448
total_active_file 453373952
total_unevictable 0
--------------------BLKIO-----------------------
11:0 Read 0
11:0 Write 0
11:0 Sync 0
11:0 Async 0
11:0 Total 0
253:0 Read 3938455552
253:0 Write 225280
253:0 Sync 0
253:0 Async 3938680832
253:0 Total 3938680832
Total 3938680832
--------------------CPUAC-----------------------
user 443
system 17176
 
--------------------MEMCG-----------------------
MEM ONLY  : 953 MB
MEM+SWAP  : 953 MB
cache 906981376
rss 92917760
rss_huge 0
mapped_file 3477504
writeback 0
swap 0
pgpgin 3760143
pgpgout 3516027
pgfault 971756
pgmajfault 238
inactive_anon 46632960
active_anon 46366720
inactive_file 453210112
active_file 453464064
unevictable 0
hierarchical_memory_limit 999997440
hierarchical_memsw_limit 9223372036854771712
total_cache 906981376
total_rss 92917760
total_rss_huge 0
total_mapped_file 3477504
total_writeback 0
total_swap 0
total_pgpgin 3760143
total_pgpgout 3516027
total_pgfault 971756
total_pgmajfault 238
total_inactive_anon 46632960
total_active_anon 46366720
total_inactive_file 453210112
total_active_file 453464064
total_unevictable 0
--------------------BLKIO-----------------------
11:0 Read 0
11:0 Write 0
11:0 Sync 0
11:0 Async 0
11:0 Total 0
253:0 Read 4096442368
253:0 Write 225280
253:0 Sync 0
253:0 Async 4096667648
253:0 Total 4096667648
Total 4096667648
--------------------CPUAC-----------------------
user 474
system 19134
 
--------------------MEMCG-----------------------
MEM ONLY  : 953 MB
MEM+SWAP  : 953 MB
cache 906997760
rss 92917760
rss_huge 0
mapped_file 3485696
writeback 0
swap 0
pgpgin 4028441
pgpgout 3784321
pgfault 1028228
pgmajfault 239
inactive_anon 46632960
active_anon 46366720
inactive_file 453496832
active_file 453365760
unevictable 0
hierarchical_memory_limit 999997440
hierarchical_memsw_limit 9223372036854771712
total_cache 906997760
total_rss 92917760
total_rss_huge 0
total_mapped_file 3485696
total_writeback 0
total_swap 0
total_pgpgin 4028441
total_pgpgout 3784321
total_pgfault 1028228
total_pgmajfault 239
total_inactive_anon 46632960
total_active_anon 46366720
total_inactive_file 453496832
total_active_file 453365760
total_unevictable 0
--------------------BLKIO-----------------------
11:0 Read 0
11:0 Write 0
11:0 Sync 0
11:0 Async 0
11:0 Total 0
253:0 Read 4251213824
253:0 Write 225280
253:0 Sync 0
253:0 Async 4251439104
253:0 Total 4251439104
Total 4251439104
--------------------CPUAC-----------------------
user 502
system 21098
 
--------------------MEMCG-----------------------
MEM ONLY  : 953 MB
MEM+SWAP  : 953 MB
cache 907005952
rss 92917760
rss_huge 0
mapped_file 3485696
writeback 0
swap 0
pgpgin 4303461
pgpgout 4059339
pgfault 1086020
pgmajfault 239
inactive_anon 46632960
active_anon 46366720
inactive_file 453496832
active_file 453369856
unevictable 0
hierarchical_memory_limit 999997440
hierarchical_memsw_limit 9223372036854771712
total_cache 907005952
total_rss 92917760
total_rss_huge 0
total_mapped_file 3485696
total_writeback 0
total_swap 0
total_pgpgin 4303461
total_pgpgout 4059339
total_pgfault 1086020
total_pgmajfault 239
total_inactive_anon 46632960
total_active_anon 46366720
total_inactive_file 453496832
total_active_file 453369856
total_unevictable 0
--------------------BLKIO-----------------------
11:0 Read 0
11:0 Write 0
11:0 Sync 0
11:0 Async 0
11:0 Total 0
253:0 Read 4412645376
253:0 Write 225280
253:0 Sync 0
253:0 Async 4412870656
253:0 Total 4412870656
Total 4412870656
--------------------CPUAC-----------------------
user 535
system 23067
 
--------------------MEMCG-----------------------
MEM ONLY  : 953 MB
MEM+SWAP  : 953 MB
cache 906895360
rss 92917760
rss_huge 0
mapped_file 3485696
writeback 0
swap 0
pgpgin 4571058
pgpgout 4326963
pgfault 1141963
pgmajfault 245
inactive_anon 46632960
active_anon 46366720
inactive_file 453468160
active_file 453320704
unevictable 0
hierarchical_memory_limit 999997440
hierarchical_memsw_limit 9223372036854771712
total_cache 906895360
total_rss 92917760
total_rss_huge 0
total_mapped_file 3485696
total_writeback 0
total_swap 0
total_pgpgin 4571058
total_pgpgout 4326963
total_pgfault 1141963
total_pgmajfault 245
total_inactive_anon 46632960
total_active_anon 46366720
total_inactive_file 453468160
total_active_file 453320704
total_unevictable 0
--------------------BLKIO-----------------------
11:0 Read 0
11:0 Write 0
11:0 Sync 0
11:0 Async 0
11:0 Total 0
253:0 Read 4579061760
253:0 Write 225280
253:0 Sync 0
253:0 Async 4579287040
253:0 Total 4579287040
Total 4579287040
--------------------CPUAC-----------------------
user 563
system 25028
 
--------------------MEMCG-----------------------
MEM ONLY  : 953 MB
MEM+SWAP  : 953 MB
cache 906838016
rss 92921856
rss_huge 0
mapped_file 3477504
writeback 0
swap 0
pgpgin 4841069
pgpgout 4596987
pgfault 1199159
pgmajfault 245
inactive_anon 46632960
active_anon 46370816
inactive_file 453369856
active_file 453373952
unevictable 0
hierarchical_memory_limit 999997440
hierarchical_memsw_limit 9223372036854771712
total_cache 906838016
total_rss 92921856
total_rss_huge 0
total_mapped_file 3477504
total_writeback 0
total_swap 0
total_pgpgin 4841069
total_pgpgout 4596987
total_pgfault 1199159
total_pgmajfault 245
total_inactive_anon 46632960
total_active_anon 46370816
total_inactive_file 453369856
total_active_file 453373952
total_unevictable 0
--------------------BLKIO-----------------------
11:0 Read 0
11:0 Write 0
11:0 Sync 0
11:0 Async 0
11:0 Total 0
253:0 Read 4733296640
253:0 Write 225280
253:0 Sync 0
253:0 Async 4733521920
253:0 Total 4733521920
Total 4733521920
--------------------CPUAC-----------------------
user 590
system 26996
 
--------------------MEMCG-----------------------
MEM ONLY  : 953 MB
MEM+SWAP  : 953 MB
cache 906915840
rss 92917760
rss_huge 0
mapped_file 3477504
writeback 0
swap 0
pgpgin 5105645
pgpgout 4861545
pgfault 1255213
pgmajfault 245
inactive_anon 46632960
active_anon 46366720
inactive_file 453496832
active_file 453296128
unevictable 0
hierarchical_memory_limit 999997440
hierarchical_memsw_limit 9223372036854771712
total_cache 906915840
total_rss 92917760
total_rss_huge 0
total_mapped_file 3477504
total_writeback 0
total_swap 0
total_pgpgin 5105645
total_pgpgout 4861545
total_pgfault 1255213
total_pgmajfault 245
total_inactive_anon 46632960
total_active_anon 46366720
total_inactive_file 453496832
total_active_file 453296128
total_unevictable 0
--------------------BLKIO-----------------------
11:0 Read 0
11:0 Write 0
11:0 Sync 0
11:0 Async 0
11:0 Total 0
253:0 Read 4893462528
253:0 Write 225280
253:0 Sync 0
253:0 Async 4893687808
253:0 Total 4893687808
Total 4893687808
--------------------CPUAC-----------------------
user 620
system 28962
 
--------------------MEMCG-----------------------
MEM ONLY  : 953 MB
MEM+SWAP  : 953 MB
cache 906895360
rss 92917760
rss_huge 0
mapped_file 3477504
writeback 0
swap 0
pgpgin 5367540
pgpgout 5123445
pgfault 1310039
pgmajfault 251
inactive_anon 46632960
active_anon 46366720
inactive_file 453484544
active_file 453324800
unevictable 0
hierarchical_memory_limit 999997440
hierarchical_memsw_limit 9223372036854771712
total_cache 906895360
total_rss 92917760
total_rss_huge 0
total_mapped_file 3477504
total_writeback 0
total_swap 0
total_pgpgin 5367540
total_pgpgout 5123445
total_pgfault 1310039
total_pgmajfault 251
total_inactive_anon 46632960
total_active_anon 46366720
total_inactive_file 453484544
total_active_file 453324800
total_unevictable 0
--------------------BLKIO-----------------------
11:0 Read 0
11:0 Write 0
11:0 Sync 0
11:0 Async 0
11:0 Total 0
253:0 Read 5054156800
253:0 Write 225280
253:0 Sync 0
253:0 Async 5054382080
253:0 Total 5054382080
Total 5054382080
--------------------CPUAC-----------------------
user 646
system 30934
 
--------------------MEMCG-----------------------
MEM ONLY  : 953 MB
MEM+SWAP  : 953 MB
cache 907010048
rss 92917760
rss_huge 0
mapped_file 3477504
writeback 0
swap 0
pgpgin 5635816
pgpgout 5391692
pgfault 1365369
pgmajfault 251
inactive_anon 46632960
active_anon 46366720
inactive_file 453562368
active_file 453312512
unevictable 0
hierarchical_memory_limit 999997440
hierarchical_memsw_limit 9223372036854771712
total_cache 907014144
total_rss 92917760
total_rss_huge 0
total_mapped_file 3477504
total_writeback 0
total_swap 0
total_pgpgin 5635816
total_pgpgout 5391692
total_pgfault 1365369
total_pgmajfault 251
total_inactive_anon 46632960
total_active_anon 46366720
total_inactive_file 453562368
total_active_file 453312512
total_unevictable 0
--------------------BLKIO-----------------------
11:0 Read 0
11:0 Write 0
11:0 Sync 0
11:0 Async 0
11:0 Total 0
253:0 Read 5216505856
253:0 Write 225280
253:0 Sync 0
253:0 Async 5216731136
253:0 Total 5216731136
Total 5216731136
--------------------CPUAC-----------------------
user 670
system 32907
 
--------------------MEMCG-----------------------
MEM ONLY  : 953 MB
MEM+SWAP  : 953 MB
cache 906940416
rss 92917760
rss_huge 0
mapped_file 3485696
writeback 0
swap 0
pgpgin 5882028
pgpgout 5637922
pgfault 1417274
pgmajfault 252
inactive_anon 46632960
active_anon 46366720
inactive_file 453545984
active_file 453271552
unevictable 0
hierarchical_memory_limit 999997440
hierarchical_memsw_limit 9223372036854771712
total_cache 906944512
total_rss 92917760
total_rss_huge 0
total_mapped_file 3485696
total_writeback 0
total_swap 0
total_pgpgin 5882029
total_pgpgout 5637922
total_pgfault 1417274
total_pgmajfault 252
total_inactive_anon 46632960
total_active_anon 46366720
total_inactive_file 453545984
total_active_file 453271552
total_unevictable 0
--------------------BLKIO-----------------------
11:0 Read 0
11:0 Write 0
11:0 Sync 0
11:0 Async 0
11:0 Total 0
253:0 Read 5361938432
253:0 Write 225280
253:0 Sync 0
253:0 Async 5362163712
253:0 Total 5362163712
Total 5362163712
--------------------CPUAC-----------------------
user 688
system 34872
 
--------------------MEMCG-----------------------
MEM ONLY  : 953 MB
MEM+SWAP  : 953 MB
cache 906813440
rss 92917760
rss_huge 0
mapped_file 3485696
writeback 0
swap 0
pgpgin 6145152
pgpgout 5901077
pgfault 1472868
pgmajfault 252
inactive_anon 46632960
active_anon 46366720
inactive_file 453505024
active_file 453222400
unevictable 0
hierarchical_memory_limit 999997440
hierarchical_memsw_limit 9223372036854771712
total_cache 906813440
total_rss 92917760
total_rss_huge 0
total_mapped_file 3485696
total_writeback 0
total_swap 0
total_pgpgin 6145152
total_pgpgout 5901077
total_pgfault 1472868
total_pgmajfault 252
total_inactive_anon 46632960
total_active_anon 46366720
total_inactive_file 453505024
total_active_file 453222400
total_unevictable 0
--------------------BLKIO-----------------------
11:0 Read 0
11:0 Write 0
11:0 Sync 0
11:0 Async 0
11:0 Total 0
253:0 Read 5513834496
253:0 Write 225280
253:0 Sync 0
253:0 Async 5514059776
253:0 Total 5514059776
Total 5514059776
--------------------CPUAC-----------------------
user 714
system 36829
 
--------------------MEMCG-----------------------
MEM ONLY  : 953 MB
MEM+SWAP  : 953 MB
cache 907051008
rss 92917760
rss_huge 0
mapped_file 3395584
writeback 0
swap 0
pgpgin 6402951
pgpgout 6158818
pgfault 1526887
pgmajfault 252
inactive_anon 46632960
active_anon 46366720
inactive_file 453767168
active_file 453177344
unevictable 0
hierarchical_memory_limit 999997440
hierarchical_memsw_limit 9223372036854771712
total_cache 907051008
total_rss 92917760
total_rss_huge 0
total_mapped_file 3395584
total_writeback 0
total_swap 0
total_pgpgin 6402951
total_pgpgout 6158818
total_pgfault 1526887
total_pgmajfault 252
total_inactive_anon 46632960
total_active_anon 46366720
total_inactive_file 453767168
total_active_file 453177344
total_unevictable 0
--------------------BLKIO-----------------------
11:0 Read 0
11:0 Write 0
11:0 Sync 0
11:0 Async 0
11:0 Total 0
253:0 Read 5658714112
253:0 Write 225280
253:0 Sync 0
253:0 Async 5658939392
253:0 Total 5658939392
Total 5658939392
--------------------CPUAC-----------------------
user 736
system 38797
 
--------------------MEMCG-----------------------
MEM ONLY  : 953 MB
MEM+SWAP  : 953 MB
cache 906969088
rss 92917760
rss_huge 0
mapped_file 3395584
writeback 0
swap 0
pgpgin 6663892
pgpgout 6419779
pgfault 1581205
pgmajfault 252
inactive_anon 46632960
active_anon 46366720
inactive_file 453472256
active_file 453152768
unevictable 0
hierarchical_memory_limit 999997440
hierarchical_memsw_limit 9223372036854771712
total_cache 906969088
total_rss 92917760
total_rss_huge 0
total_mapped_file 3395584
total_writeback 0
total_swap 0
total_pgpgin 6663892
total_pgpgout 6419779
total_pgfault 1581205
total_pgmajfault 252
total_inactive_anon 46632960
total_active_anon 46366720
total_inactive_file 453472256
total_active_file 453152768
total_unevictable 0
--------------------BLKIO-----------------------
11:0 Read 0
11:0 Write 0
11:0 Sync 0
11:0 Async 0
11:0 Total 0
253:0 Read 5801484288
253:0 Write 225280
253:0 Sync 0
253:0 Async 5801709568
253:0 Total 5801709568
Total 5801709568
--------------------CPUAC-----------------------
user 764
system 40769
 
--------------------MEMCG-----------------------
MEM ONLY  : 953 MB
MEM+SWAP  : 953 MB
cache 906940416
rss 92917760
rss_huge 0
mapped_file 3477504
writeback 0
swap 0
pgpgin 6925027
pgpgout 6680921
pgfault 1636011
pgmajfault 258
inactive_anon 46632960
active_anon 46366720
inactive_file 453468160
active_file 453251072
unevictable 0
hierarchical_memory_limit 999997440
hierarchical_memsw_limit 9223372036854771712
total_cache 906940416
total_rss 92917760
total_rss_huge 0
total_mapped_file 3477504
total_writeback 0
total_swap 0
total_pgpgin 6925027
total_pgpgout 6680921
total_pgfault 1636011
total_pgmajfault 258
total_inactive_anon 46632960
total_active_anon 46366720
total_inactive_file 453468160
total_active_file 453251072
total_unevictable 0
--------------------BLKIO-----------------------
11:0 Read 0
11:0 Write 0
11:0 Sync 0
11:0 Async 0
11:0 Total 0
253:0 Read 5950230528
253:0 Write 225280
253:0 Sync 0
253:0 Async 5950455808
253:0 Total 5950455808
Total 5950455808
--------------------CPUAC-----------------------
user 795
system 42738
 
--------------------MEMCG-----------------------
MEM ONLY  : 953 MB
MEM+SWAP  : 953 MB
cache 906993664
rss 92917760
rss_huge 0
mapped_file 3477504
writeback 0
swap 0
pgpgin 7184323
pgpgout 6940204
pgfault 1691993
pgmajfault 258
inactive_anon 46632960
active_anon 46366720
inactive_file 453472256
active_file 453382144
unevictable 0
hierarchical_memory_limit 999997440
hierarchical_memsw_limit 9223372036854771712
total_cache 906993664
total_rss 92917760
total_rss_huge 0
total_mapped_file 3477504
total_writeback 0
total_swap 0
total_pgpgin 7184323
total_pgpgout 6940204
total_pgfault 1691993
total_pgmajfault 258
total_inactive_anon 46632960
total_active_anon 46366720
total_inactive_file 453472256
total_active_file 453382144
total_unevictable 0
--------------------BLKIO-----------------------
11:0 Read 0
11:0 Write 0
11:0 Sync 0
11:0 Async 0
11:0 Total 0
253:0 Read 6114635776
253:0 Write 225280
253:0 Sync 0
253:0 Async 6114861056
253:0 Total 6114861056
Total 6114861056
--------------------CPUAC-----------------------
user 820
system 44686
 
--------------------MEMCG-----------------------
MEM ONLY  : 953 MB
MEM+SWAP  : 953 MB
cache 907010048
rss 92921856
rss_huge 0
mapped_file 3477504
writeback 0
swap 0
pgpgin 7448886
pgpgout 7204762
pgfault 1747254
pgmajfault 258
inactive_anon 46632960
active_anon 46370816
inactive_file 453312512
active_file 453607424
unevictable 0
hierarchical_memory_limit 999997440
hierarchical_memsw_limit 9223372036854771712
total_cache 907010048
total_rss 92921856
total_rss_huge 0
total_mapped_file 3477504
total_writeback 0
total_swap 0
total_pgpgin 7448886
total_pgpgout 7204762
total_pgfault 1747254
total_pgmajfault 258
total_inactive_anon 46632960
total_active_anon 46370816
total_inactive_file 453312512
total_active_file 453607424
total_unevictable 0
--------------------BLKIO-----------------------
11:0 Read 0
11:0 Write 0
11:0 Sync 0
11:0 Async 0
11:0 Total 0
253:0 Read 6274125824
253:0 Write 225280
253:0 Sync 0
253:0 Async 6274351104
253:0 Total 6274351104
Total 6274351104
--------------------CPUAC-----------------------
user 847
system 46657
 
--------------------MEMCG-----------------------
MEM ONLY  : 953 MB
MEM+SWAP  : 953 MB
cache 906866688
rss 92917760
rss_huge 0
mapped_file 3477504
writeback 0
swap 0
pgpgin 7702124
pgpgout 7458036
pgfault 1800710
pgmajfault 264
inactive_anon 46632960
active_anon 46366720
inactive_file 453529600
active_file 453193728
unevictable 0
hierarchical_memory_limit 999997440
hierarchical_memsw_limit 9223372036854771712
total_cache 906866688
total_rss 92917760
total_rss_huge 0
total_mapped_file 3477504
total_writeback 0
total_swap 0
total_pgpgin 7702124
total_pgpgout 7458036
total_pgfault 1800710
total_pgmajfault 264
total_inactive_anon 46632960
total_active_anon 46366720
total_inactive_file 453529600
total_active_file 453193728
total_unevictable 0
--------------------BLKIO-----------------------
11:0 Read 0
11:0 Write 0
11:0 Sync 0
11:0 Async 0
11:0 Total 0
253:0 Read 6418345984
253:0 Write 225280
253:0 Sync 0
253:0 Async 6418571264
253:0 Total 6418571264
Total 6418571264
--------------------CPUAC-----------------------
user 876
system 48624
 
--------------------MEMCG-----------------------
MEM ONLY  : 953 MB
MEM+SWAP  : 953 MB
cache 906862592
rss 92917760
rss_huge 0
mapped_file 3485696
writeback 0
swap 0
pgpgin 7961590
pgpgout 7717503
pgfault 1855011
pgmajfault 265
inactive_anon 46632960
active_anon 46366720
inactive_file 453480448
active_file 453251072
unevictable 0
hierarchical_memory_limit 999997440
hierarchical_memsw_limit 9223372036854771712
total_cache 906862592
total_rss 92917760
total_rss_huge 0
total_mapped_file 3485696
total_writeback 0
total_swap 0
total_pgpgin 7961590
total_pgpgout 7717503
total_pgfault 1855011
total_pgmajfault 265
total_inactive_anon 46632960
total_active_anon 46366720
total_inactive_file 453480448
total_active_file 453251072
total_unevictable 0
--------------------BLKIO-----------------------
11:0 Read 0
11:0 Write 0
11:0 Sync 0
11:0 Async 0
11:0 Total 0
253:0 Read 6576205824
253:0 Write 225280
253:0 Sync 0
253:0 Async 6576431104
253:0 Total 6576431104
Total 6576431104
--------------------CPUAC-----------------------
user 896
system 50586
 
--------------------MEMCG-----------------------
MEM ONLY  : 953 MB
MEM+SWAP  : 953 MB
cache 907034624
rss 92917760
rss_huge 0
mapped_file 3485696
writeback 0
swap 0
pgpgin 8210168
pgpgout 7966039
pgfault 1907840
pgmajfault 265
inactive_anon 46632960
active_anon 46366720
inactive_file 453693440
active_file 453218304
unevictable 0
hierarchical_memory_limit 999997440
hierarchical_memsw_limit 9223372036854771712
total_cache 907034624
total_rss 92917760
total_rss_huge 0
total_mapped_file 3485696
total_writeback 0
total_swap 0
total_pgpgin 8210168
total_pgpgout 7966039
total_pgfault 1907840
total_pgmajfault 265
total_inactive_anon 46632960
total_active_anon 46366720
total_inactive_file 453693440
total_active_file 453218304
total_unevictable 0
--------------------BLKIO-----------------------
11:0 Read 0
11:0 Write 0
11:0 Sync 0
11:0 Async 0
11:0 Total 0
253:0 Read 6727086080
253:0 Write 225280
253:0 Sync 0
253:0 Async 6727311360
253:0 Total 6727311360
Total 6727311360
--------------------CPUAC-----------------------
user 916
system 52559
 
--------------------MEMCG-----------------------
MEM ONLY  : 953 MB
MEM+SWAP  : 953 MB
cache 906973184
rss 92917760
rss_huge 0
mapped_file 3477504
writeback 0
swap 0
pgpgin 8468928
pgpgout 8224814
pgfault 1962644
pgmajfault 265
inactive_anon 46632960
active_anon 46366720
inactive_file 453537792
active_file 453222400
unevictable 0
hierarchical_memory_limit 999997440
hierarchical_memsw_limit 9223372036854771712
total_cache 906973184
total_rss 92917760
total_rss_huge 0
total_mapped_file 3477504
total_writeback 0
total_swap 0
total_pgpgin 8468928
total_pgpgout 8224814
total_pgfault 1962644
total_pgmajfault 265
total_inactive_anon 46632960
total_active_anon 46366720
total_inactive_file 453537792
total_active_file 453222400
total_unevictable 0
--------------------BLKIO-----------------------
11:0 Read 0
11:0 Write 0
11:0 Sync 0
11:0 Async 0
11:0 Total 0
253:0 Read 6878924800
253:0 Write 225280
253:0 Sync 0
253:0 Async 6879150080
253:0 Total 6879150080
Total 6879150080
--------------------CPUAC-----------------------
user 942
system 54524
 
--------------------MEMCG-----------------------
MEM ONLY  : 953 MB
MEM+SWAP  : 953 MB
cache 906993664
rss 92921856
rss_huge 0
mapped_file 3387392
writeback 0
swap 0
pgpgin 8733921
pgpgout 8489801
pgfault 2017869
pgmajfault 265
inactive_anon 46632960
active_anon 46370816
inactive_file 453591040
active_file 453140480
unevictable 0
hierarchical_memory_limit 999997440
hierarchical_memsw_limit 9223372036854771712
total_cache 906993664
total_rss 92921856
total_rss_huge 0
total_mapped_file 3387392
total_writeback 0
total_swap 0
total_pgpgin 8733921
total_pgpgout 8489801
total_pgfault 2017869
total_pgmajfault 265
total_inactive_anon 46632960
total_active_anon 46370816
total_inactive_file 453591040
total_active_file 453140480
total_unevictable 0
--------------------BLKIO-----------------------
11:0 Read 0
11:0 Write 0
11:0 Sync 0
11:0 Async 0
11:0 Total 0
253:0 Read 7034941440
253:0 Write 225280
253:0 Sync 0
253:0 Async 7035166720
253:0 Total 7035166720
Total 7035166720
--------------------CPUAC-----------------------
user 973
system 56489
 
--------------------MEMCG-----------------------
MEM ONLY  : 953 MB
MEM+SWAP  : 953 MB
cache 906948608
rss 92917760
rss_huge 0
mapped_file 3387392
writeback 0
swap 0
pgpgin 8981462
pgpgout 8737354
pgfault 2069153
pgmajfault 265
inactive_anon 46632960
active_anon 46366720
inactive_file 453476352
active_file 453246976
unevictable 0
hierarchical_memory_limit 999997440
hierarchical_memsw_limit 9223372036854771712
total_cache 906952704
total_rss 92917760
total_rss_huge 0
total_mapped_file 3387392
total_writeback 0
total_swap 0
total_pgpgin 8981463
total_pgpgout 8737354
total_pgfault 2069153
total_pgmajfault 265
total_inactive_anon 46632960
total_active_anon 46366720
total_inactive_file 453476352
total_active_file 453246976
total_unevictable 0
--------------------BLKIO-----------------------
11:0 Read 0
11:0 Write 0
11:0 Sync 0
11:0 Async 0
11:0 Total 0
253:0 Read 7189716992
253:0 Write 225280
253:0 Sync 0
253:0 Async 7189942272
253:0 Total 7189942272
Total 7189942272
--------------------CPUAC-----------------------
user 1003
system 58444
 
--------------------MEMCG-----------------------
MEM ONLY  : 953 MB
MEM+SWAP  : 953 MB
cache 906952704
rss 92917760
rss_huge 0
mapped_file 3477504
writeback 0
swap 0
pgpgin 9240936
pgpgout 8996827
pgfault 2122873
pgmajfault 271
inactive_anon 46632960
active_anon 46366720
inactive_file 453316608
active_file 453509120
unevictable 0
hierarchical_memory_limit 999997440
hierarchical_memsw_limit 9223372036854771712
total_cache 906952704
total_rss 92917760
total_rss_huge 0
total_mapped_file 3477504
total_writeback 0
total_swap 0
total_pgpgin 9240936
total_pgpgout 8996827
total_pgfault 2122873
total_pgmajfault 271
total_inactive_anon 46632960
total_active_anon 46366720
total_inactive_file 453316608
total_active_file 453509120
total_unevictable 0
--------------------BLKIO-----------------------
11:0 Read 0
11:0 Write 0
11:0 Sync 0
11:0 Async 0
11:0 Total 0
253:0 Read 7337070592
253:0 Write 225280
253:0 Sync 0
253:0 Async 7337295872
253:0 Total 7337295872
Total 7337295872
--------------------CPUAC-----------------------
user 1027
system 60414
 
--------------------MEMCG-----------------------
MEM ONLY  : 953 MB
MEM+SWAP  : 953 MB
cache 906878976
rss 92917760
rss_huge 0
mapped_file 3477504
writeback 0
swap 0
pgpgin 9490856
pgpgout 9246765
pgfault 2176213
pgmajfault 271
inactive_anon 46632960
active_anon 46366720
inactive_file 453505024
active_file 453287936
unevictable 0
hierarchical_memory_limit 999997440
hierarchical_memsw_limit 9223372036854771712
total_cache 906878976
total_rss 92917760
total_rss_huge 0
total_mapped_file 3477504
total_writeback 0
total_swap 0
total_pgpgin 9490856
total_pgpgout 9246765
total_pgfault 2176213
total_pgmajfault 271
total_inactive_anon 46632960
total_active_anon 46366720
total_inactive_file 453505024
total_active_file 453287936
total_unevictable 0
--------------------BLKIO-----------------------
11:0 Read 0
11:0 Write 0
11:0 Sync 0
11:0 Async 0
11:0 Total 0
253:0 Read 7474528256
253:0 Write 225280
253:0 Sync 0
253:0 Async 7474753536
253:0 Total 7474753536
Total 7474753536
--------------------CPUAC-----------------------
user 1051
system 62385
 
--------------------MEMCG-----------------------
MEM ONLY  : 953 MB
MEM+SWAP  : 953 MB
cache 907010048
rss 92917760
rss_huge 0
mapped_file 3477504
writeback 0
swap 0
pgpgin 9750173
pgpgout 9506050
pgfault 2231205
pgmajfault 271
inactive_anon 46632960
active_anon 46366720
inactive_file 453525504
active_file 453091328
unevictable 0
hierarchical_memory_limit 999997440
hierarchical_memsw_limit 9223372036854771712
total_cache 907010048
total_rss 92917760
total_rss_huge 0
total_mapped_file 3477504
total_writeback 0
total_swap 0
total_pgpgin 9750173
total_pgpgout 9506050
total_pgfault 2231205
total_pgmajfault 271
total_inactive_anon 46632960
total_active_anon 46366720
total_inactive_file 453525504
total_active_file 453091328
total_unevictable 0
--------------------BLKIO-----------------------
11:0 Read 0
11:0 Write 0
11:0 Sync 0
11:0 Async 0
11:0 Total 0
253:0 Read 7620927488
253:0 Write 225280
253:0 Sync 0
253:0 Async 7621152768
253:0 Total 7621152768
Total 7621152768
--------------------CPUAC-----------------------
user 1075
system 64358
 
--------------------MEMCG-----------------------
MEM ONLY  : 953 MB
MEM+SWAP  : 953 MB
cache 906813440
rss 92921856
rss_huge 0
mapped_file 3526656
writeback 0
swap 0
pgpgin 10002375
pgpgout 9758299
pgfault 2285627
pgmajfault 278
inactive_anon 46632960
active_anon 46370816
inactive_file 453402624
active_file 453312512
unevictable 0
hierarchical_memory_limit 999997440
hierarchical_memsw_limit 9223372036854771712
total_cache 906813440
total_rss 92921856
total_rss_huge 0
total_mapped_file 3526656
total_writeback 0
total_swap 0
total_pgpgin 10002375
total_pgpgout 9758299
total_pgfault 2285627
total_pgmajfault 278
total_inactive_anon 46632960
total_active_anon 46370816
total_inactive_file 453402624
total_active_file 453312512
total_unevictable 0
--------------------BLKIO-----------------------
11:0 Read 0
11:0 Write 0
11:0 Sync 0
11:0 Async 0
11:0 Total 0
253:0 Read 7764099072
253:0 Write 225280
253:0 Sync 0
253:0 Async 7764324352
253:0 Total 7764324352
Total 7764324352
--------------------CPUAC-----------------------
user 1104
system 66318
 
--------------------MEMCG-----------------------
MEM ONLY  : 953 MB
MEM+SWAP  : 953 MB
cache 906981376
rss 92917760
rss_huge 0
mapped_file 3526656
writeback 0
swap 0
pgpgin 10262033
pgpgout 10017917
pgfault 2339968
pgmajfault 278
inactive_anon 46632960
active_anon 46366720
inactive_file 453185536
active_file 453664768
unevictable 0
hierarchical_memory_limit 999997440
hierarchical_memsw_limit 9223372036854771712
total_cache 906981376
total_rss 92917760
total_rss_huge 0
total_mapped_file 3526656
total_writeback 0
total_swap 0
total_pgpgin 10262033
total_pgpgout 10017917
total_pgfault 2339968
total_pgmajfault 278
total_inactive_anon 46632960
total_active_anon 46366720
total_inactive_file 453185536
total_active_file 453664768
total_unevictable 0
--------------------BLKIO-----------------------
11:0 Read 0
11:0 Write 0
11:0 Sync 0
11:0 Async 0
11:0 Total 0
253:0 Read 7915102208
253:0 Write 225280
253:0 Sync 0
253:0 Async 7915327488
253:0 Total 7915327488
Total 7915327488
--------------------CPUAC-----------------------
user 1128
system 68289
 
--------------------MEMCG-----------------------
MEM ONLY  : 953 MB
MEM+SWAP  : 953 MB
cache 907071488
rss 92917760
rss_huge 0
mapped_file 3526656
writeback 0
swap 0
pgpgin 10522937
pgpgout 10278799
pgfault 2394084
pgmajfault 278
inactive_anon 46632960
active_anon 46366720
inactive_file 453517312
active_file 453279744
unevictable 0
hierarchical_memory_limit 999997440
hierarchical_memsw_limit 9223372036854771712
total_cache 907071488
total_rss 92917760
total_rss_huge 0
total_mapped_file 3526656
total_writeback 0
total_swap 0
total_pgpgin 10522937
total_pgpgout 10278799
total_pgfault 2394084
total_pgmajfault 278
total_inactive_anon 46632960
total_active_anon 46366720
total_inactive_file 453517312
total_active_file 453279744
total_unevictable 0
--------------------BLKIO-----------------------
11:0 Read 0
11:0 Write 0
11:0 Sync 0
11:0 Async 0
11:0 Total 0
253:0 Read 8071778304
253:0 Write 225280
253:0 Sync 0
253:0 Async 8072003584
253:0 Total 8072003584
Total 8072003584
--------------------CPUAC-----------------------
user 1152
system 70256
 
--------------------MEMCG-----------------------
MEM ONLY  : 953 MB
MEM+SWAP  : 953 MB
cache 907001856
rss 92917760
rss_huge 0
mapped_file 3485696
writeback 0
swap 0
pgpgin 10749818
pgpgout 10505697
pgfault 2441637
pgmajfault 282
inactive_anon 46632960
active_anon 46366720
inactive_file 453488640
active_file 453332992
unevictable 0
hierarchical_memory_limit 999997440
hierarchical_memsw_limit 9223372036854771712
total_cache 907005952
total_rss 92917760
total_rss_huge 0
total_mapped_file 3485696
total_writeback 0
total_swap 0
total_pgpgin 10749819
total_pgpgout 10505697
total_pgfault 2441637
total_pgmajfault 282
total_inactive_anon 46632960
total_active_anon 46366720
total_inactive_file 453488640
total_active_file 453332992
total_unevictable 0
--------------------BLKIO-----------------------
11:0 Read 0
11:0 Write 0
11:0 Sync 0
11:0 Async 0
11:0 Total 0
253:0 Read 8204247040
253:0 Write 225280
253:0 Sync 0
253:0 Async 8204472320
253:0 Total 8204472320
Total 8204472320
--------------------CPUAC-----------------------
user 1170
system 72233
 
--------------------MEMCG-----------------------
MEM ONLY  : 953 MB
MEM+SWAP  : 953 MB
cache 906960896
rss 92930048
rss_huge 0
mapped_file 3485696
writeback 0
swap 0
pgpgin 11010230
pgpgout 10766116
pgfault 2495727
pgmajfault 282
inactive_anon 46632960
active_anon 46379008
inactive_file 453476352
active_file 453271552
unevictable 0
hierarchical_memory_limit 999997440
hierarchical_memsw_limit 9223372036854771712
total_cache 906960896
total_rss 92930048
total_rss_huge 0
total_mapped_file 3485696
total_writeback 0
total_swap 0
total_pgpgin 11010230
total_pgpgout 10766116
total_pgfault 2495727
total_pgmajfault 282
total_inactive_anon 46632960
total_active_anon 46379008
total_inactive_file 453476352
total_active_file 453271552
total_unevictable 0
--------------------BLKIO-----------------------
11:0 Read 0
11:0 Write 0
11:0 Sync 0
11:0 Async 0
11:0 Total 0
253:0 Read 8355287040
253:0 Write 225280
253:0 Sync 0
253:0 Async 8355512320
253:0 Total 8355512320
Total 8355512320
--------------------CPUAC-----------------------
user 1193
system 74211
 
