--------------------MEMCG-----------------------
MEM ONLY  : 228 MB
MEM+SWAP  : 228 MB
cache 146538496
rss 93016064
rss_huge 0
mapped_file 46534656
writeback 0
swap 0
pgpgin 133373
pgpgout 74888
pgfault 210678
pgmajfault 217
inactive_anon 53248
active_anon 93007872
inactive_file 118439936
active_file 27979776
unevictable 0
hierarchical_memory_limit 999997440
hierarchical_memsw_limit 9223372036854771712
total_cache 146538496
total_rss 93016064
total_rss_huge 0
total_mapped_file 46534656
total_writeback 0
total_swap 0
total_pgpgin 133373
total_pgpgout 74888
total_pgfault 210678
total_pgmajfault 217
total_inactive_anon 53248
total_active_anon 93007872
total_inactive_file 118439936
total_active_file 27979776
total_unevictable 0
--------------------BLKIO-----------------------
11:0 Read 0
11:0 Write 0
11:0 Sync 0
11:0 Async 0
11:0 Total 0
253:0 Read 106782720
253:0 Write 225280
253:0 Sync 0
253:0 Async 107008000
253:0 Total 107008000
Total 107008000
--------------------CPUAC-----------------------
user 72
system 174
 
--------------------MEMCG-----------------------
MEM ONLY  : 542 MB
MEM+SWAP  : 542 MB
cache 476250112
rss 92786688
rss_huge 0
mapped_file 46514176
writeback 0
swap 0
pgpgin 230240
pgpgout 91315
pgfault 228404
pgmajfault 217
inactive_anon 49152
active_anon 92819456
inactive_file 424992768
active_file 51142656
unevictable 0
hierarchical_memory_limit 999997440
hierarchical_memsw_limit 9223372036854771712
total_cache 476250112
total_rss 92786688
total_rss_huge 0
total_mapped_file 46514176
total_writeback 0
total_swap 0
total_pgpgin 230240
total_pgpgout 91315
total_pgfault 228404
total_pgmajfault 217
total_inactive_anon 49152
total_active_anon 92819456
total_inactive_file 424992768
total_active_file 51142656
total_unevictable 0
--------------------BLKIO-----------------------
11:0 Read 0
11:0 Write 0
11:0 Sync 0
11:0 Async 0
11:0 Total 0
253:0 Read 436490240
253:0 Write 225280
253:0 Sync 0
253:0 Async 436715520
253:0 Total 436715520
Total 436715520
--------------------CPUAC-----------------------
user 82
system 222
 
--------------------MEMCG-----------------------
MEM ONLY  : 840 MB
MEM+SWAP  : 840 MB
cache 788418560
rss 92786688
rss_huge 0
mapped_file 46514176
writeback 0
swap 0
pgpgin 323973
pgpgout 108835
pgfault 246602
pgmajfault 217
inactive_anon 49152
active_anon 92819456
inactive_file 677601280
active_file 110702592
unevictable 0
hierarchical_memory_limit 999997440
hierarchical_memsw_limit 9223372036854771712
total_cache 788418560
total_rss 92786688
total_rss_huge 0
total_mapped_file 46514176
total_writeback 0
total_swap 0
total_pgpgin 323973
total_pgpgout 108835
total_pgfault 246602
total_pgmajfault 217
total_inactive_anon 49152
total_active_anon 92819456
total_inactive_file 677601280
total_active_file 110702592
total_unevictable 0
--------------------BLKIO-----------------------
11:0 Read 0
11:0 Write 0
11:0 Sync 0
11:0 Async 0
11:0 Total 0
253:0 Read 748658688
253:0 Write 225280
253:0 Sync 0
253:0 Async 748883968
253:0 Total 748883968
Total 748883968
--------------------CPUAC-----------------------
user 94
system 268
 
--------------------MEMCG-----------------------
MEM ONLY  : 953 MB
MEM+SWAP  : 953 MB
cache 907378688
rss 92520448
rss_huge 0
mapped_file 46346240
writeback 0
swap 0
pgpgin 419718
pgpgout 175602
pgfault 267079
pgmajfault 217
inactive_anon 46370816
active_anon 46231552
inactive_file 699645952
active_file 207593472
unevictable 0
hierarchical_memory_limit 999997440
hierarchical_memsw_limit 9223372036854771712
total_cache 907378688
total_rss 92520448
total_rss_huge 0
total_mapped_file 46346240
total_writeback 0
total_swap 0
total_pgpgin 419718
total_pgpgout 175602
total_pgfault 267079
total_pgmajfault 217
total_inactive_anon 46370816
total_active_anon 46231552
total_inactive_file 699645952
total_active_file 207593472
total_unevictable 0
--------------------BLKIO-----------------------
11:0 Read 0
11:0 Write 0
11:0 Sync 0
11:0 Async 0
11:0 Total 0
253:0 Read 1055412224
253:0 Write 225280
253:0 Sync 0
253:0 Async 1055637504
253:0 Total 1055637504
Total 1055637504
--------------------CPUAC-----------------------
user 104
system 364
 
--------------------MEMCG-----------------------
MEM ONLY  : 953 MB
MEM+SWAP  : 953 MB
cache 907345920
rss 92520448
rss_huge 0
mapped_file 46346240
writeback 0
swap 0
pgpgin 530475
pgpgout 286367
pgfault 290499
pgmajfault 217
inactive_anon 46370816
active_anon 46231552
inactive_file 581644288
active_file 325615616
unevictable 0
hierarchical_memory_limit 999997440
hierarchical_memsw_limit 9223372036854771712
total_cache 907345920
total_rss 92520448
total_rss_huge 0
total_mapped_file 46346240
total_writeback 0
total_swap 0
total_pgpgin 530475
total_pgpgout 286367
total_pgfault 290499
total_pgmajfault 217
total_inactive_anon 46370816
total_active_anon 46231552
total_inactive_file 581644288
total_active_file 325615616
total_unevictable 0
--------------------BLKIO-----------------------
11:0 Read 0
11:0 Write 0
11:0 Sync 0
11:0 Async 0
11:0 Total 0
253:0 Read 1362669568
253:0 Write 225280
253:0 Sync 0
253:0 Async 1362894848
253:0 Total 1362894848
Total 1362894848
--------------------CPUAC-----------------------
user 112
system 574
 
--------------------MEMCG-----------------------
MEM ONLY  : 953 MB
MEM+SWAP  : 953 MB
cache 907431936
rss 92520448
rss_huge 0
mapped_file 12468224
writeback 0
swap 0
pgpgin 665913
pgpgout 421784
pgfault 318424
pgmajfault 217
inactive_anon 46370816
active_anon 46231552
inactive_file 453685248
active_file 453632000
unevictable 0
hierarchical_memory_limit 999997440
hierarchical_memsw_limit 9223372036854771712
total_cache 907431936
total_rss 92520448
total_rss_huge 0
total_mapped_file 12468224
total_writeback 0
total_swap 0
total_pgpgin 665913
total_pgpgout 421784
total_pgfault 318424
total_pgmajfault 217
total_inactive_anon 46370816
total_active_anon 46231552
total_inactive_file 453685248
total_active_file 453632000
total_unevictable 0
--------------------BLKIO-----------------------
11:0 Read 0
11:0 Write 0
11:0 Sync 0
11:0 Async 0
11:0 Total 0
253:0 Read 1681178624
253:0 Write 225280
253:0 Sync 0
253:0 Async 1681403904
253:0 Total 1681403904
Total 1681403904
--------------------CPUAC-----------------------
user 128
system 884
 
--------------------MEMCG-----------------------
MEM ONLY  : 953 MB
MEM+SWAP  : 953 MB
cache 907456512
rss 92520448
rss_huge 0
mapped_file 12468224
writeback 0
swap 0
pgpgin 828632
pgpgout 584497
pgfault 351188
pgmajfault 217
inactive_anon 46370816
active_anon 46231552
inactive_file 453746688
active_file 453615616
unevictable 0
hierarchical_memory_limit 999997440
hierarchical_memsw_limit 9223372036854771712
total_cache 907456512
total_rss 92520448
total_rss_huge 0
total_mapped_file 12468224
total_writeback 0
total_swap 0
total_pgpgin 828632
total_pgpgout 584497
total_pgfault 351188
total_pgmajfault 217
total_inactive_anon 46370816
total_active_anon 46231552
total_inactive_file 453746688
total_active_file 453615616
total_unevictable 0
--------------------BLKIO-----------------------
11:0 Read 0
11:0 Write 0
11:0 Sync 0
11:0 Async 0
11:0 Total 0
253:0 Read 1995173888
253:0 Write 225280
253:0 Sync 0
253:0 Async 1995399168
253:0 Total 1995399168
Total 1995399168
--------------------CPUAC-----------------------
user 137
system 1380
 
--------------------MEMCG-----------------------
MEM ONLY  : 953 MB
MEM+SWAP  : 953 MB
cache 907407360
rss 92520448
rss_huge 0
mapped_file 8577024
writeback 0
swap 0
pgpgin 1021947
pgpgout 777824
pgfault 392649
pgmajfault 217
inactive_anon 46370816
active_anon 46231552
inactive_file 453849088
active_file 453439488
unevictable 0
hierarchical_memory_limit 999997440
hierarchical_memsw_limit 9223372036854771712
total_cache 907407360
total_rss 92520448
total_rss_huge 0
total_mapped_file 8577024
total_writeback 0
total_swap 0
total_pgpgin 1021947
total_pgpgout 777824
total_pgfault 392649
total_pgmajfault 217
total_inactive_anon 46370816
total_active_anon 46231552
total_inactive_file 453849088
total_active_file 453439488
total_unevictable 0
--------------------BLKIO-----------------------
11:0 Read 0
11:0 Write 0
11:0 Sync 0
11:0 Async 0
11:0 Total 0
253:0 Read 2295005184
253:0 Write 225280
253:0 Sync 0
253:0 Async 2295230464
253:0 Total 2295230464
Total 2295230464
--------------------CPUAC-----------------------
user 158
system 2108
 
--------------------MEMCG-----------------------
MEM ONLY  : 953 MB
MEM+SWAP  : 953 MB
cache 907227136
rss 92520448
rss_huge 0
mapped_file 3395584
writeback 0
swap 0
pgpgin 1284207
pgpgout 1040128
pgfault 447973
pgmajfault 217
inactive_anon 46370816
active_anon 46231552
inactive_file 453718016
active_file 453402624
unevictable 0
hierarchical_memory_limit 999997440
hierarchical_memsw_limit 9223372036854771712
total_cache 907227136
total_rss 92520448
total_rss_huge 0
total_mapped_file 3395584
total_writeback 0
total_swap 0
total_pgpgin 1284207
total_pgpgout 1040128
total_pgfault 447973
total_pgmajfault 217
total_inactive_anon 46370816
total_active_anon 46231552
total_inactive_file 453718016
total_active_file 453402624
total_unevictable 0
--------------------BLKIO-----------------------
11:0 Read 0
11:0 Write 0
11:0 Sync 0
11:0 Async 0
11:0 Total 0
253:0 Read 2590027776
253:0 Write 225280
253:0 Sync 0
253:0 Async 2590253056
253:0 Total 2590253056
Total 2590253056
--------------------CPUAC-----------------------
user 178
system 3411
 
--------------------MEMCG-----------------------
MEM ONLY  : 953 MB
MEM+SWAP  : 953 MB
cache 907345920
rss 92528640
rss_huge 0
mapped_file 3387392
writeback 0
swap 0
pgpgin 1623078
pgpgout 1378968
pgfault 519436
pgmajfault 217
inactive_anon 46370816
active_anon 46239744
inactive_file 453365760
active_file 453877760
unevictable 0
hierarchical_memory_limit 999997440
hierarchical_memsw_limit 9223372036854771712
total_cache 907345920
total_rss 92528640
total_rss_huge 0
total_mapped_file 3387392
total_writeback 0
total_swap 0
total_pgpgin 1623078
total_pgpgout 1378968
total_pgfault 519436
total_pgmajfault 217
total_inactive_anon 46370816
total_active_anon 46239744
total_inactive_file 453365760
total_active_file 453877760
total_unevictable 0
--------------------BLKIO-----------------------
11:0 Read 0
11:0 Write 0
11:0 Sync 0
11:0 Async 0
11:0 Total 0
253:0 Read 2832064512
253:0 Write 225280
253:0 Sync 0
253:0 Async 2832289792
253:0 Total 2832289792
Total 2832289792
--------------------CPUAC-----------------------
user 218
system 5188
 
--------------------MEMCG-----------------------
MEM ONLY  : 953 MB
MEM+SWAP  : 953 MB
cache 907358208
rss 92532736
rss_huge 0
mapped_file 3579904
writeback 0
swap 0
pgpgin 1940109
pgpgout 1695995
pgfault 584394
pgmajfault 220
inactive_anon 46370816
active_anon 46243840
inactive_file 453775360
active_file 453455872
unevictable 0
hierarchical_memory_limit 999997440
hierarchical_memsw_limit 9223372036854771712
total_cache 907358208
total_rss 92532736
total_rss_huge 0
total_mapped_file 3579904
total_writeback 0
total_swap 0
total_pgpgin 1940109
total_pgpgout 1695995
total_pgfault 584394
total_pgmajfault 220
total_inactive_anon 46370816
total_active_anon 46243840
total_inactive_file 453775360
total_active_file 453455872
total_unevictable 0
--------------------BLKIO-----------------------
11:0 Read 0
11:0 Write 0
11:0 Sync 0
11:0 Async 0
11:0 Total 0
253:0 Read 2970005504
253:0 Write 225280
253:0 Sync 0
253:0 Async 2970230784
253:0 Total 2970230784
Total 2970230784
--------------------CPUAC-----------------------
user 251
system 7145
 
--------------------MEMCG-----------------------
MEM ONLY  : 953 MB
MEM+SWAP  : 953 MB
cache 907476992
rss 92520448
rss_huge 0
mapped_file 3518464
writeback 0
swap 0
pgpgin 2267161
pgpgout 2023021
pgfault 652933
pgmajfault 220
inactive_anon 46370816
active_anon 46231552
inactive_file 453857280
active_file 453484544
unevictable 0
hierarchical_memory_limit 999997440
hierarchical_memsw_limit 9223372036854771712
total_cache 907476992
total_rss 92520448
total_rss_huge 0
total_mapped_file 3518464
total_writeback 0
total_swap 0
total_pgpgin 2267161
total_pgpgout 2023021
total_pgfault 652933
total_pgmajfault 220
total_inactive_anon 46370816
total_active_anon 46231552
total_inactive_file 453857280
total_active_file 453484544
total_unevictable 0
--------------------BLKIO-----------------------
11:0 Read 0
11:0 Write 0
11:0 Sync 0
11:0 Async 0
11:0 Total 0
253:0 Read 3066220544
253:0 Write 225280
253:0 Sync 0
253:0 Async 3066445824
253:0 Total 3066445824
Total 3066445824
--------------------CPUAC-----------------------
user 285
system 9112
 
--------------------MEMCG-----------------------
MEM ONLY  : 953 MB
MEM+SWAP  : 953 MB
cache 907345920
rss 92520448
rss_huge 0
mapped_file 3485696
writeback 0
swap 0
pgpgin 2558730
pgpgout 2314622
pgfault 713166
pgmajfault 226
inactive_anon 46370816
active_anon 46231552
inactive_file 453492736
active_file 453750784
unevictable 0
hierarchical_memory_limit 999997440
hierarchical_memsw_limit 9223372036854771712
total_cache 907345920
total_rss 92520448
total_rss_huge 0
total_mapped_file 3485696
total_writeback 0
total_swap 0
total_pgpgin 2558730
total_pgpgout 2314622
total_pgfault 713166
total_pgmajfault 226
total_inactive_anon 46370816
total_active_anon 46231552
total_inactive_file 453492736
total_active_file 453750784
total_unevictable 0
--------------------BLKIO-----------------------
11:0 Read 0
11:0 Write 0
11:0 Sync 0
11:0 Async 0
11:0 Total 0
253:0 Read 3121397760
253:0 Write 225280
253:0 Sync 0
253:0 Async 3121623040
253:0 Total 3121623040
Total 3121623040
--------------------CPUAC-----------------------
user 310
system 11085
 
--------------------MEMCG-----------------------
MEM ONLY  : 953 MB
MEM+SWAP  : 953 MB
cache 907276288
rss 92536832
rss_huge 0
mapped_file 3485696
writeback 0
swap 0
pgpgin 2870077
pgpgout 2625982
pgfault 778386
pgmajfault 226
inactive_anon 46370816
active_anon 46247936
inactive_file 453668864
active_file 453500928
unevictable 0
hierarchical_memory_limit 999997440
hierarchical_memsw_limit 9223372036854771712
total_cache 907276288
total_rss 92536832
total_rss_huge 0
total_mapped_file 3485696
total_writeback 0
total_swap 0
total_pgpgin 2870077
total_pgpgout 2625982
total_pgfault 778386
total_pgmajfault 226
total_inactive_anon 46370816
total_active_anon 46247936
total_inactive_file 453668864
total_active_file 453500928
total_unevictable 0
--------------------BLKIO-----------------------
11:0 Read 0
11:0 Write 0
11:0 Sync 0
11:0 Async 0
11:0 Total 0
253:0 Read 3159674880
253:0 Write 225280
253:0 Sync 0
253:0 Async 3159900160
253:0 Total 3159900160
Total 3159900160
--------------------CPUAC-----------------------
user 346
system 13050
 
--------------------MEMCG-----------------------
MEM ONLY  : 953 MB
MEM+SWAP  : 953 MB
cache 907190272
rss 92528640
rss_huge 0
mapped_file 3485696
writeback 0
swap 0
pgpgin 3148787
pgpgout 2904715
pgfault 837266
pgmajfault 226
inactive_anon 46370816
active_anon 46239744
inactive_file 453713920
active_file 453394432
unevictable 0
hierarchical_memory_limit 999997440
hierarchical_memsw_limit 9223372036854771712
total_cache 907190272
total_rss 92528640
total_rss_huge 0
total_mapped_file 3485696
total_writeback 0
total_swap 0
total_pgpgin 3148787
total_pgpgout 2904715
total_pgfault 837266
total_pgmajfault 226
total_inactive_anon 46370816
total_active_anon 46239744
total_inactive_file 453713920
total_active_file 453394432
total_unevictable 0
--------------------BLKIO-----------------------
11:0 Read 0
11:0 Write 0
11:0 Sync 0
11:0 Async 0
11:0 Total 0
253:0 Read 3179077632
253:0 Write 225280
253:0 Sync 0
253:0 Async 3179302912
253:0 Total 3179302912
Total 3179302912
--------------------CPUAC-----------------------
user 370
system 15024
 
--------------------MEMCG-----------------------
MEM ONLY  : 953 MB
MEM+SWAP  : 953 MB
cache 907370496
rss 92532736
rss_huge 0
mapped_file 3485696
writeback 0
swap 0
pgpgin 3449486
pgpgout 3205369
pgfault 899362
pgmajfault 232
inactive_anon 46370816
active_anon 46243840
inactive_file 453722112
active_file 453566464
unevictable 0
hierarchical_memory_limit 999997440
hierarchical_memsw_limit 9223372036854771712
total_cache 907370496
total_rss 92532736
total_rss_huge 0
total_mapped_file 3485696
total_writeback 0
total_swap 0
total_pgpgin 3449486
total_pgpgout 3205370
total_pgfault 899362
total_pgmajfault 232
total_inactive_anon 46370816
total_active_anon 46239744
total_inactive_file 453722112
total_active_file 453566464
total_unevictable 0
--------------------BLKIO-----------------------
11:0 Read 0
11:0 Write 0
11:0 Sync 0
11:0 Async 0
11:0 Total 0
253:0 Read 3194404864
253:0 Write 225280
253:0 Sync 0
253:0 Async 3194630144
253:0 Total 3194630144
Total 3194630144
--------------------CPUAC-----------------------
user 407
system 16987
 
--------------------MEMCG-----------------------
MEM ONLY  : 953 MB
MEM+SWAP  : 953 MB
cache 907206656
rss 92528640
rss_huge 0
mapped_file 3477504
writeback 0
swap 0
pgpgin 3720815
pgpgout 3476739
pgfault 957182
pgmajfault 232
inactive_anon 46370816
active_anon 46239744
inactive_file 453763072
active_file 453357568
unevictable 0
hierarchical_memory_limit 999997440
hierarchical_memsw_limit 9223372036854771712
total_cache 907206656
total_rss 92528640
total_rss_huge 0
total_mapped_file 3477504
total_writeback 0
total_swap 0
total_pgpgin 3720815
total_pgpgout 3476739
total_pgfault 957182
total_pgmajfault 232
total_inactive_anon 46370816
total_active_anon 46239744
total_inactive_file 453763072
total_active_file 453357568
total_unevictable 0
--------------------BLKIO-----------------------
11:0 Read 0
11:0 Write 0
11:0 Sync 0
11:0 Async 0
11:0 Total 0
253:0 Read 3202494464
253:0 Write 225280
253:0 Sync 0
253:0 Async 3202719744
253:0 Total 3202719744
Total 3202719744
--------------------CPUAC-----------------------
user 440
system 18952
 
--------------------MEMCG-----------------------
MEM ONLY  : 953 MB
MEM+SWAP  : 953 MB
cache 907296768
rss 92540928
rss_huge 0
mapped_file 3477504
writeback 0
swap 0
pgpgin 4015975
pgpgout 3771874
pgfault 1017689
pgmajfault 232
inactive_anon 46370816
active_anon 46252032
inactive_file 453324800
active_file 453849088
unevictable 0
hierarchical_memory_limit 999997440
hierarchical_memsw_limit 9223372036854771712
total_cache 907296768
total_rss 92540928
total_rss_huge 0
total_mapped_file 3477504
total_writeback 0
total_swap 0
total_pgpgin 4015975
total_pgpgout 3771874
total_pgfault 1017689
total_pgmajfault 232
total_inactive_anon 46370816
total_active_anon 46252032
total_inactive_file 453324800
total_active_file 453849088
total_unevictable 0
--------------------BLKIO-----------------------
11:0 Read 0
11:0 Write 0
11:0 Sync 0
11:0 Async 0
11:0 Total 0
253:0 Read 3210137600
253:0 Write 225280
253:0 Sync 0
253:0 Async 3210362880
253:0 Total 3210362880
Total 3210362880
--------------------CPUAC-----------------------
user 466
system 20927
 
--------------------MEMCG-----------------------
MEM ONLY  : 953 MB
MEM+SWAP  : 953 MB
cache 907333632
rss 92520448
rss_huge 0
mapped_file 3526656
writeback 0
swap 0
pgpgin 4301145
pgpgout 4057040
pgfault 1077612
pgmajfault 239
inactive_anon 46370816
active_anon 46231552
inactive_file 453582848
active_file 453550080
unevictable 0
hierarchical_memory_limit 999997440
hierarchical_memsw_limit 9223372036854771712
total_cache 907333632
total_rss 92520448
total_rss_huge 0
total_mapped_file 3526656
total_writeback 0
total_swap 0
total_pgpgin 4301145
total_pgpgout 4057040
total_pgfault 1077612
total_pgmajfault 239
total_inactive_anon 46370816
total_active_anon 46231552
total_inactive_file 453582848
total_active_file 453550080
total_unevictable 0
--------------------BLKIO-----------------------
11:0 Read 0
11:0 Write 0
11:0 Sync 0
11:0 Async 0
11:0 Total 0
253:0 Read 3215876096
253:0 Write 225280
253:0 Sync 0
253:0 Async 3216101376
253:0 Total 3216101376
Total 3216101376
--------------------CPUAC-----------------------
user 502
system 22890
 
--------------------MEMCG-----------------------
MEM ONLY  : 953 MB
MEM+SWAP  : 953 MB
cache 907288576
rss 92540928
rss_huge 0
mapped_file 3526656
writeback 0
swap 0
pgpgin 4593282
pgpgout 4349183
pgfault 1138876
pgmajfault 239
inactive_anon 46370816
active_anon 46252032
inactive_file 453677056
active_file 453496832
unevictable 0
hierarchical_memory_limit 999997440
hierarchical_memsw_limit 9223372036854771712
total_cache 907288576
total_rss 92540928
total_rss_huge 0
total_mapped_file 3526656
total_writeback 0
total_swap 0
total_pgpgin 4593282
total_pgpgout 4349183
total_pgfault 1138876
total_pgmajfault 239
total_inactive_anon 46370816
total_active_anon 46252032
total_inactive_file 453677056
total_active_file 453496832
total_unevictable 0
--------------------BLKIO-----------------------
11:0 Read 0
11:0 Write 0
11:0 Sync 0
11:0 Async 0
11:0 Total 0
253:0 Read 3218931712
253:0 Write 225280
253:0 Sync 0
253:0 Async 3219156992
253:0 Total 3219156992
Total 3219156992
--------------------CPUAC-----------------------
user 528
system 24864
 
--------------------MEMCG-----------------------
MEM ONLY  : 953 MB
MEM+SWAP  : 953 MB
cache 907227136
rss 92524544
rss_huge 0
mapped_file 3485696
writeback 0
swap 0
pgpgin 4875937
pgpgout 4631857
pgfault 1197706
pgmajfault 239
inactive_anon 46370816
active_anon 46235648
inactive_file 453738496
active_file 453378048
unevictable 0
hierarchical_memory_limit 999997440
hierarchical_memsw_limit 9223372036854771712
total_cache 907227136
total_rss 92524544
total_rss_huge 0
total_mapped_file 3485696
total_writeback 0
total_swap 0
total_pgpgin 4875938
total_pgpgout 4631857
total_pgfault 1197706
total_pgmajfault 239
total_inactive_anon 46370816
total_active_anon 46235648
total_inactive_file 453738496
total_active_file 453378048
total_unevictable 0
--------------------BLKIO-----------------------
11:0 Read 0
11:0 Write 0
11:0 Sync 0
11:0 Async 0
11:0 Total 0
253:0 Read 3220402176
253:0 Write 225280
253:0 Sync 0
253:0 Async 3220627456
253:0 Total 3220627456
Total 3220627456
--------------------CPUAC-----------------------
user 556
system 26834
 
--------------------MEMCG-----------------------
MEM ONLY  : 953 MB
MEM+SWAP  : 953 MB
cache 907378688
rss 92528640
rss_huge 0
mapped_file 3485696
writeback 0
swap 0
pgpgin 5163712
pgpgout 4919594
pgfault 1258057
pgmajfault 245
inactive_anon 46370816
active_anon 46239744
inactive_file 453910528
active_file 453332992
unevictable 0
hierarchical_memory_limit 999997440
hierarchical_memsw_limit 9223372036854771712
total_cache 907378688
total_rss 92528640
total_rss_huge 0
total_mapped_file 3485696
total_writeback 0
total_swap 0
total_pgpgin 5163712
total_pgpgout 4919594
total_pgfault 1258057
total_pgmajfault 245
total_inactive_anon 46370816
total_active_anon 46239744
total_inactive_file 453910528
total_active_file 453332992
total_unevictable 0
--------------------BLKIO-----------------------
11:0 Read 0
11:0 Write 0
11:0 Sync 0
11:0 Async 0
11:0 Total 0
253:0 Read 3221639168
253:0 Write 225280
253:0 Sync 0
253:0 Async 3221864448
253:0 Total 3221864448
Total 3221864448
--------------------CPUAC-----------------------
user 582
system 28810
 
--------------------MEMCG-----------------------
MEM ONLY  : 953 MB
MEM+SWAP  : 953 MB
cache 907292672
rss 92536832
rss_huge 0
mapped_file 3485696
writeback 0
swap 0
pgpgin 5441309
pgpgout 5197210
pgfault 1315584
pgmajfault 245
inactive_anon 46370816
active_anon 46247936
inactive_file 453627904
active_file 453578752
unevictable 0
hierarchical_memory_limit 999997440
hierarchical_memsw_limit 9223372036854771712
total_cache 907292672
total_rss 92536832
total_rss_huge 0
total_mapped_file 3485696
total_writeback 0
total_swap 0
total_pgpgin 5441309
total_pgpgout 5197210
total_pgfault 1315584
total_pgmajfault 245
total_inactive_anon 46370816
total_active_anon 46247936
total_inactive_file 453627904
total_active_file 453578752
total_unevictable 0
--------------------BLKIO-----------------------
11:0 Read 0
11:0 Write 0
11:0 Sync 0
11:0 Async 0
11:0 Total 0
253:0 Read 3222237184
253:0 Write 225280
253:0 Sync 0
253:0 Async 3222462464
253:0 Total 3222462464
Total 3222462464
--------------------CPUAC-----------------------
user 608
system 30782
 
--------------------MEMCG-----------------------
MEM ONLY  : 953 MB
MEM+SWAP  : 953 MB
cache 907218944
rss 92536832
rss_huge 0
mapped_file 3485696
writeback 0
swap 0
pgpgin 5728773
pgpgout 5484692
pgfault 1375173
pgmajfault 245
inactive_anon 46370816
active_anon 46247936
inactive_file 453898240
active_file 453218304
unevictable 0
hierarchical_memory_limit 999997440
hierarchical_memsw_limit 9223372036854771712
total_cache 907218944
total_rss 92536832
total_rss_huge 0
total_mapped_file 3485696
total_writeback 0
total_swap 0
total_pgpgin 5728773
total_pgpgout 5484692
total_pgfault 1375173
total_pgmajfault 245
total_inactive_anon 46370816
total_active_anon 46247936
total_inactive_file 453898240
total_active_file 453218304
total_unevictable 0
--------------------BLKIO-----------------------
11:0 Read 0
11:0 Write 0
11:0 Sync 0
11:0 Async 0
11:0 Total 0
253:0 Read 3222876160
253:0 Write 225280
253:0 Sync 0
253:0 Async 3223101440
253:0 Total 3223101440
Total 3223101440
--------------------CPUAC-----------------------
user 632
system 32757
 
--------------------MEMCG-----------------------
MEM ONLY  : 953 MB
MEM+SWAP  : 953 MB
cache 907386880
rss 92520448
rss_huge 0
mapped_file 3485696
writeback 0
swap 0
pgpgin 6013099
pgpgout 5768981
pgfault 1436259
pgmajfault 251
inactive_anon 46370816
active_anon 46231552
inactive_file 453611520
active_file 453660672
unevictable 0
hierarchical_memory_limit 999997440
hierarchical_memsw_limit 9223372036854771712
total_cache 907386880
total_rss 92520448
total_rss_huge 0
total_mapped_file 3485696
total_writeback 0
total_swap 0
total_pgpgin 6013099
total_pgpgout 5768981
total_pgfault 1436259
total_pgmajfault 251
total_inactive_anon 46370816
total_active_anon 46231552
total_inactive_file 453611520
total_active_file 453660672
total_unevictable 0
--------------------BLKIO-----------------------
11:0 Read 0
11:0 Write 0
11:0 Sync 0
11:0 Async 0
11:0 Total 0
253:0 Read 3223449600
253:0 Write 225280
253:0 Sync 0
253:0 Async 3223674880
253:0 Total 3223674880
Total 3223674880
--------------------CPUAC-----------------------
user 662
system 34724
 
--------------------MEMCG-----------------------
MEM ONLY  : 953 MB
MEM+SWAP  : 953 MB
cache 907370496
rss 92524544
rss_huge 0
mapped_file 3526656
writeback 0
swap 0
pgpgin 6295280
pgpgout 6051165
pgfault 1494275
pgmajfault 252
inactive_anon 46370816
active_anon 46235648
inactive_file 453603328
active_file 453554176
unevictable 0
hierarchical_memory_limit 999997440
hierarchical_memsw_limit 9223372036854771712
total_cache 907370496
total_rss 92524544
total_rss_huge 0
total_mapped_file 3526656
total_writeback 0
total_swap 0
total_pgpgin 6295280
total_pgpgout 6051165
total_pgfault 1494275
total_pgmajfault 252
total_inactive_anon 46370816
total_active_anon 46235648
total_inactive_file 453603328
total_active_file 453554176
total_unevictable 0
--------------------BLKIO-----------------------
11:0 Read 0
11:0 Write 0
11:0 Sync 0
11:0 Async 0
11:0 Total 0
253:0 Read 3224289280
253:0 Write 225280
253:0 Sync 0
253:0 Async 3224514560
253:0 Total 3224514560
Total 3224514560
--------------------CPUAC-----------------------
user 691
system 36697
 
--------------------MEMCG-----------------------
MEM ONLY  : 953 MB
MEM+SWAP  : 953 MB
cache 907382784
rss 92528640
rss_huge 0
mapped_file 3526656
writeback 0
swap 0
pgpgin 6581162
pgpgout 6337043
pgfault 1554582
pgmajfault 252
inactive_anon 46370816
active_anon 46239744
inactive_file 453914624
active_file 453316608
unevictable 0
hierarchical_memory_limit 999997440
hierarchical_memsw_limit 9223372036854771712
total_cache 907382784
total_rss 92528640
total_rss_huge 0
total_mapped_file 3526656
total_writeback 0
total_swap 0
total_pgpgin 6581162
total_pgpgout 6337043
total_pgfault 1554582
total_pgmajfault 252
total_inactive_anon 46370816
total_active_anon 46239744
total_inactive_file 453914624
total_active_file 453316608
total_unevictable 0
--------------------BLKIO-----------------------
11:0 Read 0
11:0 Write 0
11:0 Sync 0
11:0 Async 0
11:0 Total 0
253:0 Read 3224440832
253:0 Write 225280
253:0 Sync 0
253:0 Async 3224666112
253:0 Total 3224666112
Total 3224666112
--------------------CPUAC-----------------------
user 715
system 38675
 
--------------------MEMCG-----------------------
MEM ONLY  : 953 MB
MEM+SWAP  : 953 MB
cache 907214848
rss 92540928
rss_huge 0
mapped_file 3526656
writeback 0
swap 0
pgpgin 6860771
pgpgout 6616690
pgfault 1612547
pgmajfault 258
inactive_anon 46370816
active_anon 46252032
inactive_file 453640192
active_file 453488640
unevictable 0
hierarchical_memory_limit 999997440
hierarchical_memsw_limit 9223372036854771712
total_cache 907214848
total_rss 92540928
total_rss_huge 0
total_mapped_file 3526656
total_writeback 0
total_swap 0
total_pgpgin 6860771
total_pgpgout 6616690
total_pgfault 1612547
total_pgmajfault 258
total_inactive_anon 46370816
total_active_anon 46252032
total_inactive_file 453640192
total_active_file 453488640
total_unevictable 0
--------------------BLKIO-----------------------
11:0 Read 0
11:0 Write 0
11:0 Sync 0
11:0 Async 0
11:0 Total 0
253:0 Read 3224440832
253:0 Write 225280
253:0 Sync 0
253:0 Async 3224666112
253:0 Total 3224666112
Total 3224666112
--------------------CPUAC-----------------------
user 745
system 40644
 
--------------------MEMCG-----------------------
MEM ONLY  : 953 MB
MEM+SWAP  : 953 MB
cache 907411456
rss 92536832
rss_huge 0
mapped_file 3485696
writeback 0
swap 0
pgpgin 7145195
pgpgout 6901067
pgfault 1672565
pgmajfault 258
inactive_anon 46370816
active_anon 46247936
inactive_file 454049792
active_file 453263360
unevictable 0
hierarchical_memory_limit 999997440
hierarchical_memsw_limit 9223372036854771712
total_cache 907411456
total_rss 92536832
total_rss_huge 0
total_mapped_file 3485696
total_writeback 0
total_swap 0
total_pgpgin 7145195
total_pgpgout 6901067
total_pgfault 1672565
total_pgmajfault 258
total_inactive_anon 46370816
total_active_anon 46247936
total_inactive_file 454049792
total_active_file 453263360
total_unevictable 0
--------------------BLKIO-----------------------
11:0 Read 0
11:0 Write 0
11:0 Sync 0
11:0 Async 0
11:0 Total 0
253:0 Read 3224440832
253:0 Write 225280
253:0 Sync 0
253:0 Async 3224666112
253:0 Total 3224666112
Total 3224666112
--------------------CPUAC-----------------------
user 768
system 42622
 
--------------------MEMCG-----------------------
MEM ONLY  : 953 MB
MEM+SWAP  : 953 MB
cache 907411456
rss 92528640
rss_huge 0
mapped_file 3485696
writeback 0
swap 0
pgpgin 7425071
pgpgout 7180945
pgfault 1730047
pgmajfault 258
inactive_anon 46370816
active_anon 46239744
inactive_file 453943296
active_file 453378048
unevictable 0
hierarchical_memory_limit 999997440
hierarchical_memsw_limit 9223372036854771712
total_cache 907411456
total_rss 92528640
total_rss_huge 0
total_mapped_file 3485696
total_writeback 0
total_swap 0
total_pgpgin 7425071
total_pgpgout 7180945
total_pgfault 1730047
total_pgmajfault 258
total_inactive_anon 46370816
total_active_anon 46239744
total_inactive_file 453943296
total_active_file 453378048
total_unevictable 0
--------------------BLKIO-----------------------
11:0 Read 0
11:0 Write 0
11:0 Sync 0
11:0 Async 0
11:0 Total 0
253:0 Read 3224621056
253:0 Write 225280
253:0 Sync 0
253:0 Async 3224846336
253:0 Total 3224846336
Total 3224846336
--------------------CPUAC-----------------------
user 796
system 44593
 
--------------------MEMCG-----------------------
MEM ONLY  : 953 MB
MEM+SWAP  : 953 MB
cache 907313152
rss 92536832
rss_huge 0
mapped_file 3477504
writeback 0
swap 0
pgpgin 7709283
pgpgout 7465179
pgfault 1790437
pgmajfault 264
inactive_anon 46370816
active_anon 46247936
inactive_file 453672960
active_file 453537792
unevictable 0
hierarchical_memory_limit 999997440
hierarchical_memsw_limit 9223372036854771712
total_cache 907313152
total_rss 92536832
total_rss_huge 0
total_mapped_file 3477504
total_writeback 0
total_swap 0
total_pgpgin 7709283
total_pgpgout 7465179
total_pgfault 1790437
total_pgmajfault 264
total_inactive_anon 46370816
total_active_anon 46247936
total_inactive_file 453672960
total_active_file 453537792
total_unevictable 0
--------------------BLKIO-----------------------
11:0 Read 0
11:0 Write 0
11:0 Sync 0
11:0 Async 0
11:0 Total 0
253:0 Read 3224621056
253:0 Write 225280
253:0 Sync 0
253:0 Async 3224846336
253:0 Total 3224846336
Total 3224846336
--------------------CPUAC-----------------------
user 826
system 46558
 
--------------------MEMCG-----------------------
MEM ONLY  : 953 MB
MEM+SWAP  : 953 MB
cache 907210752
rss 92528640
rss_huge 0
mapped_file 3526656
writeback 0
swap 0
pgpgin 7986753
pgpgout 7742676
pgfault 1848010
pgmajfault 265
inactive_anon 46370816
active_anon 46239744
inactive_file 453787648
active_file 453312512
unevictable 0
hierarchical_memory_limit 999997440
hierarchical_memsw_limit 9223372036854771712
total_cache 907210752
total_rss 92528640
total_rss_huge 0
total_mapped_file 3526656
total_writeback 0
total_swap 0
total_pgpgin 7986753
total_pgpgout 7742676
total_pgfault 1848010
total_pgmajfault 265
total_inactive_anon 46370816
total_active_anon 46239744
total_inactive_file 453787648
total_active_file 453312512
total_unevictable 0
--------------------BLKIO-----------------------
11:0 Read 0
11:0 Write 0
11:0 Sync 0
11:0 Async 0
11:0 Total 0
253:0 Read 3224621056
253:0 Write 225280
253:0 Sync 0
253:0 Async 3224846336
253:0 Total 3224846336
Total 3224846336
--------------------CPUAC-----------------------
user 853
system 48530
 
--------------------MEMCG-----------------------
MEM ONLY  : 953 MB
MEM+SWAP  : 953 MB
cache 907243520
rss 92536832
rss_huge 0
mapped_file 3526656
writeback 0
swap 0
pgpgin 8272607
pgpgout 8028520
pgfault 1907068
pgmajfault 265
inactive_anon 46370816
active_anon 46247936
inactive_file 453718016
active_file 453386240
unevictable 0
hierarchical_memory_limit 999997440
hierarchical_memsw_limit 9223372036854771712
total_cache 907243520
total_rss 92536832
total_rss_huge 0
total_mapped_file 3526656
total_writeback 0
total_swap 0
total_pgpgin 8272607
total_pgpgout 8028520
total_pgfault 1907068
total_pgmajfault 265
total_inactive_anon 46370816
total_active_anon 46247936
total_inactive_file 453718016
total_active_file 453386240
total_unevictable 0
--------------------BLKIO-----------------------
11:0 Read 0
11:0 Write 0
11:0 Sync 0
11:0 Async 0
11:0 Total 0
253:0 Read 3224621056
253:0 Write 225280
253:0 Sync 0
253:0 Async 3224846336
253:0 Total 3224846336
Total 3224846336
--------------------CPUAC-----------------------
user 883
system 50500
 
--------------------MEMCG-----------------------
MEM ONLY  : 953 MB
MEM+SWAP  : 953 MB
cache 907259904
rss 92520448
rss_huge 0
mapped_file 3485696
writeback 0
swap 0
pgpgin 8541247
pgpgout 8297160
pgfault 1962394
pgmajfault 271
inactive_anon 46370816
active_anon 46231552
inactive_file 453791744
active_file 453337088
unevictable 0
hierarchical_memory_limit 999997440
hierarchical_memsw_limit 9223372036854771712
total_cache 907259904
total_rss 92520448
total_rss_huge 0
total_mapped_file 3485696
total_writeback 0
total_swap 0
total_pgpgin 8541247
total_pgpgout 8297160
total_pgfault 1962394
total_pgmajfault 271
total_inactive_anon 46370816
total_active_anon 46231552
total_inactive_file 453791744
total_active_file 453337088
total_unevictable 0
--------------------BLKIO-----------------------
11:0 Read 0
11:0 Write 0
11:0 Sync 0
11:0 Async 0
11:0 Total 0
253:0 Read 3224621056
253:0 Write 225280
253:0 Sync 0
253:0 Async 3224846336
253:0 Total 3224846336
Total 3224846336
--------------------CPUAC-----------------------
user 905
system 52477
 
--------------------MEMCG-----------------------
MEM ONLY  : 953 MB
MEM+SWAP  : 953 MB
cache 907231232
rss 92532736
rss_huge 0
mapped_file 3485696
writeback 0
swap 0
pgpgin 8821519
pgpgout 8577436
pgfault 2021212
pgmajfault 271
inactive_anon 46370816
active_anon 46243840
inactive_file 453558272
active_file 453586944
unevictable 0
hierarchical_memory_limit 999997440
hierarchical_memsw_limit 9223372036854771712
total_cache 907231232
total_rss 92532736
total_rss_huge 0
total_mapped_file 3485696
total_writeback 0
total_swap 0
total_pgpgin 8821519
total_pgpgout 8577436
total_pgfault 2021212
total_pgmajfault 271
total_inactive_anon 46370816
total_active_anon 46243840
total_inactive_file 453558272
total_active_file 453586944
total_unevictable 0
--------------------BLKIO-----------------------
11:0 Read 0
11:0 Write 0
11:0 Sync 0
11:0 Async 0
11:0 Total 0
253:0 Read 3224621056
253:0 Write 225280
253:0 Sync 0
253:0 Async 3224846336
253:0 Total 3224846336
Total 3224846336
--------------------CPUAC-----------------------
user 934
system 54449
 
--------------------MEMCG-----------------------
MEM ONLY  : 953 MB
MEM+SWAP  : 953 MB
cache 907403264
rss 92520448
rss_huge 0
mapped_file 3485696
writeback 0
swap 0
pgpgin 9087792
pgpgout 8843670
pgfault 2075942
pgmajfault 271
inactive_anon 46370816
active_anon 46231552
inactive_file 453922816
active_file 453255168
unevictable 0
hierarchical_memory_limit 999997440
hierarchical_memsw_limit 9223372036854771712
total_cache 907403264
total_rss 92520448
total_rss_huge 0
total_mapped_file 3485696
total_writeback 0
total_swap 0
total_pgpgin 9087792
total_pgpgout 8843670
total_pgfault 2075942
total_pgmajfault 271
total_inactive_anon 46370816
total_active_anon 46231552
total_inactive_file 453922816
total_active_file 453255168
total_unevictable 0
--------------------BLKIO-----------------------
11:0 Read 0
11:0 Write 0
11:0 Sync 0
11:0 Async 0
11:0 Total 0
253:0 Read 3224621056
253:0 Write 225280
253:0 Sync 0
253:0 Async 3224846336
253:0 Total 3224846336
Total 3224846336
--------------------CPUAC-----------------------
user 963
system 56418
 
--------------------MEMCG-----------------------
MEM ONLY  : 953 MB
MEM+SWAP  : 953 MB
cache 907321344
rss 92520448
rss_huge 0
mapped_file 3485696
writeback 0
swap 0
pgpgin 9370928
pgpgout 9126826
pgfault 2136464
pgmajfault 277
inactive_anon 46370816
active_anon 46231552
inactive_file 453480448
active_file 453705728
unevictable 0
hierarchical_memory_limit 999997440
hierarchical_memsw_limit 9223372036854771712
total_cache 907321344
total_rss 92520448
total_rss_huge 0
total_mapped_file 3485696
total_writeback 0
total_swap 0
total_pgpgin 9370928
total_pgpgout 9126826
total_pgfault 2136464
total_pgmajfault 277
total_inactive_anon 46370816
total_active_anon 46231552
total_inactive_file 453480448
total_active_file 453705728
total_unevictable 0
--------------------BLKIO-----------------------
11:0 Read 0
11:0 Write 0
11:0 Sync 0
11:0 Async 0
11:0 Total 0
253:0 Read 3224621056
253:0 Write 225280
253:0 Sync 0
253:0 Async 3224846336
253:0 Total 3224846336
Total 3224846336
--------------------CPUAC-----------------------
user 993
system 58389
 
--------------------MEMCG-----------------------
MEM ONLY  : 953 MB
MEM+SWAP  : 953 MB
cache 907395072
rss 92520448
rss_huge 0
mapped_file 3485696
writeback 0
swap 0
pgpgin 9638277
pgpgout 9394157
pgfault 2191562
pgmajfault 277
inactive_anon 46370816
active_anon 46231552
inactive_file 453943296
active_file 453332992
unevictable 0
hierarchical_memory_limit 999997440
hierarchical_memsw_limit 9223372036854771712
total_cache 907395072
total_rss 92520448
total_rss_huge 0
total_mapped_file 3485696
total_writeback 0
total_swap 0
total_pgpgin 9638277
total_pgpgout 9394157
total_pgfault 2191562
total_pgmajfault 277
total_inactive_anon 46370816
total_active_anon 46231552
total_inactive_file 453943296
total_active_file 453332992
total_unevictable 0
--------------------BLKIO-----------------------
11:0 Read 0
11:0 Write 0
11:0 Sync 0
11:0 Async 0
11:0 Total 0
253:0 Read 3224621056
253:0 Write 225280
253:0 Sync 0
253:0 Async 3224846336
253:0 Total 3224846336
Total 3224846336
--------------------CPUAC-----------------------
user 1026
system 60354
 
--------------------MEMCG-----------------------
MEM ONLY  : 953 MB
MEM+SWAP  : 953 MB
cache 907444224
rss 92536832
rss_huge 0
mapped_file 3477504
writeback 0
swap 0
pgpgin 9920961
pgpgout 9676825
pgfault 2250806
pgmajfault 277
inactive_anon 46370816
active_anon 46247936
inactive_file 453910528
active_file 453431296
unevictable 0
hierarchical_memory_limit 999997440
hierarchical_memsw_limit 9223372036854771712
total_cache 907444224
total_rss 92536832
total_rss_huge 0
total_mapped_file 3477504
total_writeback 0
total_swap 0
total_pgpgin 9920961
total_pgpgout 9676825
total_pgfault 2250806
total_pgmajfault 277
total_inactive_anon 46370816
total_active_anon 46247936
total_inactive_file 453910528
total_active_file 453431296
total_unevictable 0
--------------------BLKIO-----------------------
11:0 Read 0
11:0 Write 0
11:0 Sync 0
11:0 Async 0
11:0 Total 0
253:0 Read 3224621056
253:0 Write 225280
253:0 Sync 0
253:0 Async 3224846336
253:0 Total 3224846336
Total 3224846336
--------------------CPUAC-----------------------
user 1052
system 62329
 
--------------------MEMCG-----------------------
MEM ONLY  : 953 MB
MEM+SWAP  : 953 MB
cache 907427840
rss 92540928
rss_huge 0
mapped_file 3526656
writeback 0
swap 0
pgpgin 10190116
pgpgout 9945983
pgfault 2307249
pgmajfault 284
inactive_anon 46370816
active_anon 46252032
inactive_file 453746688
active_file 453586944
unevictable 0
hierarchical_memory_limit 999997440
hierarchical_memsw_limit 9223372036854771712
total_cache 907427840
total_rss 92540928
total_rss_huge 0
total_mapped_file 3526656
total_writeback 0
total_swap 0
total_pgpgin 10190116
total_pgpgout 9945983
total_pgfault 2307249
total_pgmajfault 284
total_inactive_anon 46370816
total_active_anon 46252032
total_inactive_file 453746688
total_active_file 453586944
total_unevictable 0
--------------------BLKIO-----------------------
11:0 Read 0
11:0 Write 0
11:0 Sync 0
11:0 Async 0
11:0 Total 0
253:0 Read 3224621056
253:0 Write 225280
253:0 Sync 0
253:0 Async 3224846336
253:0 Total 3224846336
Total 3224846336
--------------------CPUAC-----------------------
user 1076
system 64304
 
--------------------MEMCG-----------------------
MEM ONLY  : 953 MB
MEM+SWAP  : 953 MB
cache 907370496
rss 92540928
rss_huge 0
mapped_file 3526656
writeback 0
swap 0
pgpgin 10472892
pgpgout 10228777
pgfault 2365734
pgmajfault 284
inactive_anon 46370816
active_anon 46252032
inactive_file 453672960
active_file 453525504
unevictable 0
hierarchical_memory_limit 999997440
hierarchical_memsw_limit 9223372036854771712
total_cache 907354112
total_rss 92540928
total_rss_huge 0
total_mapped_file 3526656
total_writeback 0
total_swap 0
total_pgpgin 10472892
total_pgpgout 10228777
total_pgfault 2365734
total_pgmajfault 284
total_inactive_anon 46370816
total_active_anon 46252032
total_inactive_file 453615616
total_active_file 453525504
total_unevictable 0
--------------------BLKIO-----------------------
11:0 Read 0
11:0 Write 0
11:0 Sync 0
11:0 Async 0
11:0 Total 0
253:0 Read 3224621056
253:0 Write 225280
253:0 Sync 0
253:0 Async 3224846336
253:0 Total 3224846336
Total 3224846336
--------------------CPUAC-----------------------
user 1102
system 66278
 
--------------------MEMCG-----------------------
MEM ONLY  : 953 MB
MEM+SWAP  : 953 MB
cache 907243520
rss 92520448
rss_huge 0
mapped_file 3485696
writeback 0
swap 0
pgpgin 10756390
pgpgout 10512307
pgfault 2424055
pgmajfault 284
inactive_anon 46370816
active_anon 46231552
inactive_file 453410816
active_file 453722112
unevictable 0
hierarchical_memory_limit 999997440
hierarchical_memsw_limit 9223372036854771712
total_cache 907214848
total_rss 92520448
total_rss_huge 0
total_mapped_file 3485696
total_writeback 0
total_swap 0
total_pgpgin 10756391
total_pgpgout 10512314
total_pgfault 2424055
total_pgmajfault 284
total_inactive_anon 46370816
total_active_anon 46231552
total_inactive_file 453410816
total_active_file 453722112
total_unevictable 0
--------------------BLKIO-----------------------
11:0 Read 0
11:0 Write 0
11:0 Sync 0
11:0 Async 0
11:0 Total 0
253:0 Read 3224621056
253:0 Write 225280
253:0 Sync 0
253:0 Async 3224846336
253:0 Total 3224846336
Total 3224846336
--------------------CPUAC-----------------------
user 1130
system 68248
 
--------------------MEMCG-----------------------
MEM ONLY  : 953 MB
MEM+SWAP  : 953 MB
cache 907370496
rss 92524544
rss_huge 0
mapped_file 3485696
writeback 0
swap 0
pgpgin 11018211
pgpgout 10774096
pgfault 2478962
pgmajfault 290
inactive_anon 46370816
active_anon 46235648
inactive_file 453881856
active_file 453369856
unevictable 0
hierarchical_memory_limit 999997440
hierarchical_memsw_limit 9223372036854771712
total_cache 907370496
total_rss 92524544
total_rss_huge 0
total_mapped_file 3485696
total_writeback 0
total_swap 0
total_pgpgin 11018211
total_pgpgout 10774096
total_pgfault 2478962
total_pgmajfault 290
total_inactive_anon 46370816
total_active_anon 46235648
total_inactive_file 453881856
total_active_file 453369856
total_unevictable 0
--------------------BLKIO-----------------------
11:0 Read 0
11:0 Write 0
11:0 Sync 0
11:0 Async 0
11:0 Total 0
253:0 Read 3224621056
253:0 Write 225280
253:0 Sync 0
253:0 Async 3224846336
253:0 Total 3224846336
Total 3224846336
--------------------CPUAC-----------------------
user 1156
system 70223
 
--------------------MEMCG-----------------------
MEM ONLY  : 953 MB
MEM+SWAP  : 953 MB
cache 907464704
rss 92528640
rss_huge 0
mapped_file 3526656
writeback 0
swap 0
pgpgin 11292796
pgpgout 11048657
pgfault 2535506
pgmajfault 291
inactive_anon 46370816
active_anon 46239744
inactive_file 453459968
active_file 453885952
unevictable 0
hierarchical_memory_limit 999997440
hierarchical_memsw_limit 9223372036854771712
total_cache 907464704
total_rss 92528640
total_rss_huge 0
total_mapped_file 3526656
total_writeback 0
total_swap 0
total_pgpgin 11292796
total_pgpgout 11048657
total_pgfault 2535506
total_pgmajfault 291
total_inactive_anon 46370816
total_active_anon 46239744
total_inactive_file 453459968
total_active_file 453885952
total_unevictable 0
--------------------BLKIO-----------------------
11:0 Read 0
11:0 Write 0
11:0 Sync 0
11:0 Async 0
11:0 Total 0
253:0 Read 3224621056
253:0 Write 225280
253:0 Sync 0
253:0 Async 3224846336
253:0 Total 3224846336
Total 3224846336
--------------------CPUAC-----------------------
user 1185
system 72194
 
--------------------MEMCG-----------------------
MEM ONLY  : 953 MB
MEM+SWAP  : 953 MB
cache 907407360
rss 92532736
rss_huge 0
mapped_file 3379200
writeback 0
swap 0
pgpgin 11575443
pgpgout 11331317
pgfault 2594115
pgmajfault 291
inactive_anon 46370816
active_anon 46243840
inactive_file 453853184
active_file 453439488
unevictable 0
hierarchical_memory_limit 999997440
hierarchical_memsw_limit 9223372036854771712
total_cache 907407360
total_rss 92532736
total_rss_huge 0
total_mapped_file 3379200
total_writeback 0
total_swap 0
total_pgpgin 11575443
total_pgpgout 11331317
total_pgfault 2594115
total_pgmajfault 291
total_inactive_anon 46370816
total_active_anon 46243840
total_inactive_file 453853184
total_active_file 453439488
total_unevictable 0
--------------------BLKIO-----------------------
11:0 Read 0
11:0 Write 0
11:0 Sync 0
11:0 Async 0
11:0 Total 0
253:0 Read 3224621056
253:0 Write 225280
253:0 Sync 0
253:0 Async 3224846336
253:0 Total 3224846336
Total 3224846336
--------------------CPUAC-----------------------
user 1216
system 74164
 
