--------------------MEMCG-----------------------
MEM ONLY  : 162 MB
MEM+SWAP  : 162 MB
cache 76779520
rss 93429760
rss_huge 0
mapped_file 46473216
writeback 0
swap 0
pgpgin 113239
pgpgout 71684
pgfault 207473
pgmajfault 217
inactive_anon 53248
active_anon 93466624
inactive_file 50143232
active_file 26546176
unevictable 0
hierarchical_memory_limit 999997440
hierarchical_memsw_limit 9223372036854771712
total_cache 76779520
total_rss 93429760
total_rss_huge 0
total_mapped_file 46473216
total_writeback 0
total_swap 0
total_pgpgin 113239
total_pgpgout 71684
total_pgfault 207473
total_pgmajfault 217
total_inactive_anon 53248
total_active_anon 93466624
total_inactive_file 50143232
total_active_file 26546176
total_unevictable 0
--------------------BLKIO-----------------------
11:0 Read 0
11:0 Write 0
11:0 Sync 0
11:0 Async 0
11:0 Total 0
253:0 Read 37015552
253:0 Write 233472
253:0 Sync 0
253:0 Async 37249024
253:0 Total 37249024
Total 37249024
--------------------CPUAC-----------------------
user 84
system 150
 
--------------------MEMCG-----------------------
MEM ONLY  : 520 MB
MEM+SWAP  : 520 MB
cache 452653056
rss 92860416
rss_huge 0
mapped_file 46514176
writeback 0
swap 0
pgpgin 223614
pgpgout 90432
pgfault 227912
pgmajfault 217
inactive_anon 49152
active_anon 92893184
inactive_file 403795968
active_file 48754688
unevictable 0
hierarchical_memory_limit 999997440
hierarchical_memsw_limit 9223372036854771712
total_cache 452653056
total_rss 92860416
total_rss_huge 0
total_mapped_file 46514176
total_writeback 0
total_swap 0
total_pgpgin 223614
total_pgpgout 90432
total_pgfault 227912
total_pgmajfault 217
total_inactive_anon 49152
total_active_anon 92893184
total_inactive_file 403795968
total_active_file 48754688
total_unevictable 0
--------------------BLKIO-----------------------
11:0 Read 0
11:0 Write 0
11:0 Sync 0
11:0 Async 0
11:0 Total 0
253:0 Read 412889088
253:0 Write 233472
253:0 Sync 0
253:0 Async 413122560
253:0 Total 413122560
Total 413122560
--------------------CPUAC-----------------------
user 95
system 209
 
--------------------MEMCG-----------------------
MEM ONLY  : 860 MB
MEM+SWAP  : 860 MB
cache 809320448
rss 92860416
rss_huge 0
mapped_file 46514176
writeback 0
swap 0
pgpgin 330737
pgpgout 110478
pgfault 249183
pgmajfault 217
inactive_anon 49152
active_anon 92893184
inactive_file 693514240
active_file 115691520
unevictable 0
hierarchical_memory_limit 999997440
hierarchical_memsw_limit 9223372036854771712
total_cache 809320448
total_rss 92860416
total_rss_huge 0
total_mapped_file 46514176
total_writeback 0
total_swap 0
total_pgpgin 330737
total_pgpgout 110478
total_pgfault 249183
total_pgmajfault 217
total_inactive_anon 49152
total_active_anon 92893184
total_inactive_file 693514240
total_active_file 115691520
total_unevictable 0
--------------------BLKIO-----------------------
11:0 Read 0
11:0 Write 0
11:0 Sync 0
11:0 Async 0
11:0 Total 0
253:0 Read 769556480
253:0 Write 233472
253:0 Sync 0
253:0 Async 769789952
253:0 Total 769789952
Total 769789952
--------------------CPUAC-----------------------
user 104
system 278
 
--------------------MEMCG-----------------------
MEM ONLY  : 953 MB
MEM+SWAP  : 953 MB
cache 907403264
rss 92594176
rss_huge 0
mapped_file 46346240
writeback 0
swap 0
pgpgin 445087
pgpgout 200947
pgfault 272860
pgmajfault 217
inactive_anon 46374912
active_anon 46301184
inactive_file 672137216
active_file 235053056
unevictable 0
hierarchical_memory_limit 999997440
hierarchical_memsw_limit 9223372036854771712
total_cache 907403264
total_rss 92594176
total_rss_huge 0
total_mapped_file 46346240
total_writeback 0
total_swap 0
total_pgpgin 445087
total_pgpgout 200947
total_pgfault 272860
total_pgmajfault 217
total_inactive_anon 46374912
total_active_anon 46301184
total_inactive_file 672137216
total_active_file 235053056
total_unevictable 0
--------------------BLKIO-----------------------
11:0 Read 0
11:0 Write 0
11:0 Sync 0
11:0 Async 0
11:0 Total 0
253:0 Read 1128828928
253:0 Write 233472
253:0 Sync 0
253:0 Async 1129062400
253:0 Total 1129062400
Total 1129062400
--------------------CPUAC-----------------------
user 117
system 599
 
--------------------MEMCG-----------------------
MEM ONLY  : 953 MB
MEM+SWAP  : 953 MB
cache 907399168
rss 92594176
rss_huge 0
mapped_file 12468224
writeback 0
swap 0
pgpgin 576281
pgpgout 332142
pgfault 301105
pgmajfault 217
inactive_anon 46374912
active_anon 46301184
inactive_file 535318528
active_file 371998720
unevictable 0
hierarchical_memory_limit 999997440
hierarchical_memsw_limit 9223372036854771712
total_cache 907399168
total_rss 92594176
total_rss_huge 0
total_mapped_file 12468224
total_writeback 0
total_swap 0
total_pgpgin 576281
total_pgpgout 332142
total_pgfault 301105
total_pgmajfault 217
total_inactive_anon 46374912
total_active_anon 46301184
total_inactive_file 535318528
total_active_file 371998720
total_unevictable 0
--------------------BLKIO-----------------------
11:0 Read 0
11:0 Write 0
11:0 Sync 0
11:0 Async 0
11:0 Total 0
253:0 Read 1475026944
253:0 Write 233472
253:0 Sync 0
253:0 Async 1475260416
253:0 Total 1475260416
Total 1475260416
--------------------CPUAC-----------------------
user 130
system 918
 
--------------------MEMCG-----------------------
MEM ONLY  : 953 MB
MEM+SWAP  : 953 MB
cache 907173888
rss 92594176
rss_huge 0
mapped_file 12468224
writeback 0
swap 0
pgpgin 744896
pgpgout 500812
pgfault 336375
pgmajfault 217
inactive_anon 46374912
active_anon 46301184
inactive_file 453718016
active_file 453357568
unevictable 0
hierarchical_memory_limit 999997440
hierarchical_memsw_limit 9223372036854771712
total_cache 907173888
total_rss 92594176
total_rss_huge 0
total_mapped_file 12468224
total_writeback 0
total_swap 0
total_pgpgin 744896
total_pgpgout 500812
total_pgfault 336375
total_pgmajfault 217
total_inactive_anon 46374912
total_active_anon 46301184
total_inactive_file 453718016
total_active_file 453357568
total_unevictable 0
--------------------BLKIO-----------------------
11:0 Read 0
11:0 Write 0
11:0 Sync 0
11:0 Async 0
11:0 Total 0
253:0 Read 1840226304
253:0 Write 233472
253:0 Sync 0
253:0 Async 1840459776
253:0 Total 1840459776
Total 1840459776
--------------------CPUAC-----------------------
user 146
system 1406
 
--------------------MEMCG-----------------------
MEM ONLY  : 953 MB
MEM+SWAP  : 953 MB
cache 907321344
rss 92594176
rss_huge 0
mapped_file 8671232
writeback 0
swap 0
pgpgin 950990
pgpgout 706870
pgfault 380095
pgmajfault 217
inactive_anon 46374912
active_anon 46301184
inactive_file 453582848
active_file 453648384
unevictable 0
hierarchical_memory_limit 999997440
hierarchical_memsw_limit 9223372036854771712
total_cache 907321344
total_rss 92594176
total_rss_huge 0
total_mapped_file 8671232
total_writeback 0
total_swap 0
total_pgpgin 950990
total_pgpgout 706870
total_pgfault 380095
total_pgmajfault 217
total_inactive_anon 46374912
total_active_anon 46301184
total_inactive_file 453582848
total_active_file 453648384
total_unevictable 0
--------------------BLKIO-----------------------
11:0 Read 0
11:0 Write 0
11:0 Sync 0
11:0 Async 0
11:0 Total 0
253:0 Read 2191216640
253:0 Write 233472
253:0 Sync 0
253:0 Async 2191450112
253:0 Total 2191450112
Total 2191450112
--------------------CPUAC-----------------------
user 169
system 2155
 
--------------------MEMCG-----------------------
MEM ONLY  : 953 MB
MEM+SWAP  : 953 MB
cache 907182080
rss 92594176
rss_huge 0
mapped_file 8671232
writeback 0
swap 0
pgpgin 1080962
pgpgout 836876
pgfault 407384
pgmajfault 217
inactive_anon 46374912
active_anon 46301184
inactive_file 453660672
active_file 453439488
unevictable 0
hierarchical_memory_limit 999997440
hierarchical_memsw_limit 9223372036854771712
total_cache 907182080
total_rss 92594176
total_rss_huge 0
total_mapped_file 8671232
total_writeback 0
total_swap 0
total_pgpgin 1080962
total_pgpgout 836876
total_pgfault 407384
total_pgmajfault 217
total_inactive_anon 46374912
total_active_anon 46301184
total_inactive_file 453660672
total_active_file 453439488
total_unevictable 0
--------------------BLKIO-----------------------
11:0 Read 0
11:0 Write 0
11:0 Sync 0
11:0 Async 0
11:0 Total 0
253:0 Read 2370019328
253:0 Write 233472
253:0 Sync 0
253:0 Async 2370252800
253:0 Total 2370252800
Total 2370252800
--------------------CPUAC-----------------------
user 179
system 3834
 
--------------------MEMCG-----------------------
MEM ONLY  : 953 MB
MEM+SWAP  : 953 MB
cache 907141120
rss 92594176
rss_huge 0
mapped_file 3387392
writeback 0
swap 0
pgpgin 1404609
pgpgout 1160533
pgfault 476632
pgmajfault 217
inactive_anon 46505984
active_anon 46170112
inactive_file 453640192
active_file 453414912
unevictable 0
hierarchical_memory_limit 999997440
hierarchical_memsw_limit 9223372036854771712
total_cache 907141120
total_rss 92594176
total_rss_huge 0
total_mapped_file 3387392
total_writeback 0
total_swap 0
total_pgpgin 1404609
total_pgpgout 1160533
total_pgfault 476632
total_pgmajfault 217
total_inactive_anon 46505984
total_active_anon 46170112
total_inactive_file 453640192
total_active_file 453414912
total_unevictable 0
--------------------BLKIO-----------------------
11:0 Read 0
11:0 Write 0
11:0 Sync 0
11:0 Async 0
11:0 Total 0
253:0 Read 2693386240
253:0 Write 233472
253:0 Sync 0
253:0 Async 2693619712
253:0 Total 2693619712
Total 2693619712
--------------------CPUAC-----------------------
user 216
system 5414
 
--------------------MEMCG-----------------------
MEM ONLY  : 953 MB
MEM+SWAP  : 953 MB
cache 907399168
rss 92598272
rss_huge 0
mapped_file 3518464
writeback 0
swap 0
pgpgin 1690623
pgpgout 1446483
pgfault 536720
pgmajfault 220
inactive_anon 46505984
active_anon 46174208
inactive_file 453754880
active_file 453312512
unevictable 0
hierarchical_memory_limit 999997440
hierarchical_memsw_limit 9223372036854771712
total_cache 907399168
total_rss 92598272
total_rss_huge 0
total_mapped_file 3518464
total_writeback 0
total_swap 0
total_pgpgin 1690623
total_pgpgout 1446483
total_pgfault 536720
total_pgmajfault 220
total_inactive_anon 46505984
total_active_anon 46174208
total_inactive_file 453754880
total_active_file 453312512
total_unevictable 0
--------------------BLKIO-----------------------
11:0 Read 0
11:0 Write 0
11:0 Sync 0
11:0 Async 0
11:0 Total 0
253:0 Read 2866728960
253:0 Write 233472
253:0 Sync 0
253:0 Async 2866962432
253:0 Total 2866962432
Total 2866962432
--------------------CPUAC-----------------------
user 253
system 7361
 
--------------------MEMCG-----------------------
MEM ONLY  : 953 MB
MEM+SWAP  : 953 MB
cache 907374592
rss 92594176
rss_huge 0
mapped_file 3670016
writeback 0
swap 0
pgpgin 2023290
pgpgout 1779157
pgfault 606632
pgmajfault 226
inactive_anon 46505984
active_anon 46170112
inactive_file 453890048
active_file 453300224
unevictable 0
hierarchical_memory_limit 999997440
hierarchical_memsw_limit 9223372036854771712
total_cache 907374592
total_rss 92594176
total_rss_huge 0
total_mapped_file 3670016
total_writeback 0
total_swap 0
total_pgpgin 2023290
total_pgpgout 1779157
total_pgfault 606632
total_pgmajfault 226
total_inactive_anon 46505984
total_active_anon 46170112
total_inactive_file 453890048
total_active_file 453300224
total_unevictable 0
--------------------BLKIO-----------------------
11:0 Read 0
11:0 Write 0
11:0 Sync 0
11:0 Async 0
11:0 Total 0
253:0 Read 3001569280
253:0 Write 233472
253:0 Sync 0
253:0 Async 3001802752
253:0 Total 3001802752
Total 3001802752
--------------------CPUAC-----------------------
user 294
system 9320
 
--------------------MEMCG-----------------------
MEM ONLY  : 953 MB
MEM+SWAP  : 953 MB
cache 907149312
rss 92594176
rss_huge 0
mapped_file 3670016
writeback 0
swap 0
pgpgin 2312616
pgpgout 2068538
pgfault 666922
pgmajfault 226
inactive_anon 46505984
active_anon 46170112
inactive_file 453627904
active_file 453435392
unevictable 0
hierarchical_memory_limit 999997440
hierarchical_memsw_limit 9223372036854771712
total_cache 907149312
total_rss 92594176
total_rss_huge 0
total_mapped_file 3670016
total_writeback 0
total_swap 0
total_pgpgin 2312616
total_pgpgout 2068538
total_pgfault 666922
total_pgmajfault 226
total_inactive_anon 46505984
total_active_anon 46170112
total_inactive_file 453627904
total_active_file 453435392
total_unevictable 0
--------------------BLKIO-----------------------
11:0 Read 0
11:0 Write 0
11:0 Sync 0
11:0 Async 0
11:0 Total 0
253:0 Read 3074973696
253:0 Write 233472
253:0 Sync 0
253:0 Async 3075207168
253:0 Total 3075207168
Total 3075207168
--------------------CPUAC-----------------------
user 330
system 11282
 
--------------------MEMCG-----------------------
MEM ONLY  : 953 MB
MEM+SWAP  : 953 MB
cache 907030528
rss 92594176
rss_huge 0
mapped_file 3334144
writeback 0
swap 0
pgpgin 2626371
pgpgout 2382322
pgfault 732268
pgmajfault 226
inactive_anon 46505984
active_anon 46170112
inactive_file 453529600
active_file 453382144
unevictable 0
hierarchical_memory_limit 999997440
hierarchical_memsw_limit 9223372036854771712
total_cache 907030528
total_rss 92594176
total_rss_huge 0
total_mapped_file 3334144
total_writeback 0
total_swap 0
total_pgpgin 2626371
total_pgpgout 2382322
total_pgfault 732268
total_pgmajfault 226
total_inactive_anon 46505984
total_active_anon 46170112
total_inactive_file 453529600
total_active_file 453382144
total_unevictable 0
--------------------BLKIO-----------------------
11:0 Read 0
11:0 Write 0
11:0 Sync 0
11:0 Async 0
11:0 Total 0
253:0 Read 3131932672
253:0 Write 233472
253:0 Sync 0
253:0 Async 3132166144
253:0 Total 3132166144
Total 3132166144
--------------------CPUAC-----------------------
user 367
system 13246
 
--------------------MEMCG-----------------------
MEM ONLY  : 953 MB
MEM+SWAP  : 953 MB
cache 907284480
rss 92610560
rss_huge 0
mapped_file 3485696
writeback 0
swap 0
pgpgin 2918903
pgpgout 2674820
pgfault 794145
pgmajfault 232
inactive_anon 46505984
active_anon 46186496
inactive_file 453660672
active_file 453386240
unevictable 0
hierarchical_memory_limit 999997440
hierarchical_memsw_limit 9223372036854771712
total_cache 907153408
total_rss 92610560
total_rss_huge 0
total_mapped_file 3485696
total_writeback 0
total_swap 0
total_pgpgin 2918903
total_pgpgout 2674820
total_pgfault 794145
total_pgmajfault 232
total_inactive_anon 46505984
total_active_anon 46186496
total_inactive_file 453660672
total_active_file 453386240
total_unevictable 0
--------------------BLKIO-----------------------
11:0 Read 0
11:0 Write 0
11:0 Sync 0
11:0 Async 0
11:0 Total 0
253:0 Read 3165143040
253:0 Write 233472
253:0 Sync 0
253:0 Async 3165376512
253:0 Total 3165376512
Total 3165376512
--------------------CPUAC-----------------------
user 403
system 15208
 
--------------------MEMCG-----------------------
MEM ONLY  : 953 MB
MEM+SWAP  : 953 MB
cache 907358208
rss 92614656
rss_huge 0
mapped_file 3485696
writeback 0
swap 0
pgpgin 3221897
pgpgout 2977763
pgfault 857615
pgmajfault 232
inactive_anon 46505984
active_anon 46190592
inactive_file 453718016
active_file 453525504
unevictable 0
hierarchical_memory_limit 999997440
hierarchical_memsw_limit 9223372036854771712
total_cache 907358208
total_rss 92614656
total_rss_huge 0
total_mapped_file 3485696
total_writeback 0
total_swap 0
total_pgpgin 3221897
total_pgpgout 2977763
total_pgfault 857615
total_pgmajfault 232
total_inactive_anon 46505984
total_active_anon 46190592
total_inactive_file 453718016
total_active_file 453525504
total_unevictable 0
--------------------BLKIO-----------------------
11:0 Read 0
11:0 Write 0
11:0 Sync 0
11:0 Async 0
11:0 Total 0
253:0 Read 3183976448
253:0 Write 233472
253:0 Sync 0
253:0 Async 3184209920
253:0 Total 3184209920
Total 3184209920
--------------------CPUAC-----------------------
user 441
system 17172
 
--------------------MEMCG-----------------------
MEM ONLY  : 953 MB
MEM+SWAP  : 953 MB
cache 907112448
rss 92614656
rss_huge 0
mapped_file 3334144
writeback 0
swap 0
pgpgin 3508349
pgpgout 3264275
pgfault 917441
pgmajfault 232
inactive_anon 46505984
active_anon 46190592
inactive_file 453726208
active_file 453300224
unevictable 0
hierarchical_memory_limit 999997440
hierarchical_memsw_limit 9223372036854771712
total_cache 907112448
total_rss 92614656
total_rss_huge 0
total_mapped_file 3334144
total_writeback 0
total_swap 0
total_pgpgin 3508349
total_pgpgout 3264275
total_pgfault 917441
total_pgmajfault 232
total_inactive_anon 46505984
total_active_anon 46190592
total_inactive_file 453726208
total_active_file 453300224
total_unevictable 0
--------------------BLKIO-----------------------
11:0 Read 0
11:0 Write 0
11:0 Sync 0
11:0 Async 0
11:0 Total 0
253:0 Read 3196723200
253:0 Write 233472
253:0 Sync 0
253:0 Async 3196956672
253:0 Total 3196956672
Total 3196956672
--------------------CPUAC-----------------------
user 474
system 19137
 
--------------------MEMCG-----------------------
MEM ONLY  : 953 MB
MEM+SWAP  : 953 MB
cache 907116544
rss 92610560
rss_huge 0
mapped_file 3485696
writeback 0
swap 0
pgpgin 3810336
pgpgout 3566262
pgfault 981006
pgmajfault 238
inactive_anon 46505984
active_anon 46186496
inactive_file 453697536
active_file 453332992
unevictable 0
hierarchical_memory_limit 999997440
hierarchical_memsw_limit 9223372036854771712
total_cache 907116544
total_rss 92610560
total_rss_huge 0
total_mapped_file 3485696
total_writeback 0
total_swap 0
total_pgpgin 3810336
total_pgpgout 3566262
total_pgfault 981006
total_pgmajfault 238
total_inactive_anon 46505984
total_active_anon 46186496
total_inactive_file 453697536
total_active_file 453332992
total_unevictable 0
--------------------BLKIO-----------------------
11:0 Read 0
11:0 Write 0
11:0 Sync 0
11:0 Async 0
11:0 Total 0
253:0 Read 3205361664
253:0 Write 233472
253:0 Sync 0
253:0 Async 3205595136
253:0 Total 3205595136
Total 3205595136
--------------------CPUAC-----------------------
user 501
system 21110
 
--------------------MEMCG-----------------------
MEM ONLY  : 953 MB
MEM+SWAP  : 953 MB
cache 907149312
rss 92606464
rss_huge 0
mapped_file 3485696
writeback 0
swap 0
pgpgin 4099534
pgpgout 3855453
pgfault 1041202
pgmajfault 238
inactive_anon 46505984
active_anon 46182400
inactive_file 453619712
active_file 453443584
unevictable 0
hierarchical_memory_limit 999997440
hierarchical_memsw_limit 9223372036854771712
total_cache 907149312
total_rss 92606464
total_rss_huge 0
total_mapped_file 3485696
total_writeback 0
total_swap 0
total_pgpgin 4099534
total_pgpgout 3855453
total_pgfault 1041202
total_pgmajfault 238
total_inactive_anon 46505984
total_active_anon 46182400
total_inactive_file 453619712
total_active_file 453443584
total_unevictable 0
--------------------BLKIO-----------------------
11:0 Read 0
11:0 Write 0
11:0 Sync 0
11:0 Async 0
11:0 Total 0
253:0 Read 3211988992
253:0 Write 233472
253:0 Sync 0
253:0 Async 3212222464
253:0 Total 3212222464
Total 3212222464
--------------------CPUAC-----------------------
user 527
system 23083
 
--------------------MEMCG-----------------------
MEM ONLY  : 953 MB
MEM+SWAP  : 953 MB
cache 907128832
rss 92606464
rss_huge 0
mapped_file 3375104
writeback 0
swap 0
pgpgin 4399375
pgpgout 4155299
pgfault 1103948
pgmajfault 239
inactive_anon 46505984
active_anon 46182400
inactive_file 453615616
active_file 453427200
unevictable 0
hierarchical_memory_limit 999997440
hierarchical_memsw_limit 9223372036854771712
total_cache 907128832
total_rss 92606464
total_rss_huge 0
total_mapped_file 3375104
total_writeback 0
total_swap 0
total_pgpgin 4399375
total_pgpgout 4155299
total_pgfault 1103948
total_pgmajfault 239
total_inactive_anon 46505984
total_active_anon 46182400
total_inactive_file 453615616
total_active_file 453427200
total_unevictable 0
--------------------BLKIO-----------------------
11:0 Read 0
11:0 Write 0
11:0 Sync 0
11:0 Async 0
11:0 Total 0
253:0 Read 3217682432
253:0 Write 233472
253:0 Sync 0
253:0 Async 3217915904
253:0 Total 3217915904
Total 3217915904
--------------------CPUAC-----------------------
user 556
system 25055
 
--------------------MEMCG-----------------------
MEM ONLY  : 953 MB
MEM+SWAP  : 953 MB
cache 907182080
rss 92594176
rss_huge 0
mapped_file 3526656
writeback 0
swap 0
pgpgin 4669649
pgpgout 4425563
pgfault 1160550
pgmajfault 245
inactive_anon 46505984
active_anon 46170112
inactive_file 453435392
active_file 453640192
unevictable 0
hierarchical_memory_limit 999997440
hierarchical_memsw_limit 9223372036854771712
total_cache 907182080
total_rss 92594176
total_rss_huge 0
total_mapped_file 3526656
total_writeback 0
total_swap 0
total_pgpgin 4669649
total_pgpgout 4425563
total_pgfault 1160550
total_pgmajfault 245
total_inactive_anon 46505984
total_active_anon 46170112
total_inactive_file 453435392
total_active_file 453640192
total_unevictable 0
--------------------BLKIO-----------------------
11:0 Read 0
11:0 Write 0
11:0 Sync 0
11:0 Async 0
11:0 Total 0
253:0 Read 3219738624
253:0 Write 233472
253:0 Sync 0
253:0 Async 3219972096
253:0 Total 3219972096
Total 3219972096
--------------------CPUAC-----------------------
user 587
system 27016
 
--------------------MEMCG-----------------------
MEM ONLY  : 953 MB
MEM+SWAP  : 953 MB
cache 907202560
rss 92598272
rss_huge 0
mapped_file 3526656
writeback 0
swap 0
pgpgin 4867987
pgpgout 4623895
pgfault 1202902
pgmajfault 245
inactive_anon 46505984
active_anon 46174208
inactive_file 453689344
active_file 453419008
unevictable 0
hierarchical_memory_limit 999997440
hierarchical_memsw_limit 9223372036854771712
total_cache 907202560
total_rss 92598272
total_rss_huge 0
total_mapped_file 3526656
total_writeback 0
total_swap 0
total_pgpgin 4867987
total_pgpgout 4623895
total_pgfault 1202902
total_pgmajfault 245
total_inactive_anon 46505984
total_active_anon 46174208
total_inactive_file 453689344
total_active_file 453419008
total_unevictable 0
--------------------BLKIO-----------------------
11:0 Read 0
11:0 Write 0
11:0 Sync 0
11:0 Async 0
11:0 Total 0
253:0 Read 3220652032
253:0 Write 233472
253:0 Sync 0
253:0 Async 3220885504
253:0 Total 3220885504
Total 3220885504
--------------------CPUAC-----------------------
user 606
system 28997
 
--------------------MEMCG-----------------------
MEM ONLY  : 953 MB
MEM+SWAP  : 953 MB
cache 907214848
rss 92602368
rss_huge 0
mapped_file 3485696
writeback 0
swap 0
pgpgin 5164310
pgpgout 4920214
pgfault 1265031
pgmajfault 245
inactive_anon 46505984
active_anon 46178304
inactive_file 453791744
active_file 453304320
unevictable 0
hierarchical_memory_limit 999997440
hierarchical_memsw_limit 9223372036854771712
total_cache 907214848
total_rss 92602368
total_rss_huge 0
total_mapped_file 3485696
total_writeback 0
total_swap 0
total_pgpgin 5164310
total_pgpgout 4920214
total_pgfault 1265031
total_pgmajfault 245
total_inactive_anon 46505984
total_active_anon 46178304
total_inactive_file 453791744
total_active_file 453304320
total_unevictable 0
--------------------BLKIO-----------------------
11:0 Read 0
11:0 Write 0
11:0 Sync 0
11:0 Async 0
11:0 Total 0
253:0 Read 3221934080
253:0 Write 233472
253:0 Sync 0
253:0 Async 3222167552
253:0 Total 3222167552
Total 3222167552
--------------------CPUAC-----------------------
user 634
system 30971
 
--------------------MEMCG-----------------------
MEM ONLY  : 953 MB
MEM+SWAP  : 953 MB
cache 907177984
rss 92610560
rss_huge 0
mapped_file 3485696
writeback 0
swap 0
pgpgin 5444465
pgpgout 5200376
pgfault 1323300
pgmajfault 251
inactive_anon 46505984
active_anon 46186496
inactive_file 453595136
active_file 453459968
unevictable 0
hierarchical_memory_limit 999997440
hierarchical_memsw_limit 9223372036854771712
total_cache 907177984
total_rss 92610560
total_rss_huge 0
total_mapped_file 3485696
total_writeback 0
total_swap 0
total_pgpgin 5444466
total_pgpgout 5200376
total_pgfault 1323300
total_pgmajfault 251
total_inactive_anon 46505984
total_active_anon 46186496
total_inactive_file 453595136
total_active_file 453459968
total_unevictable 0
--------------------BLKIO-----------------------
11:0 Read 0
11:0 Write 0
11:0 Sync 0
11:0 Async 0
11:0 Total 0
253:0 Read 3222532096
253:0 Write 233472
253:0 Sync 0
253:0 Async 3222765568
253:0 Total 3222765568
Total 3222765568
--------------------CPUAC-----------------------
user 672
system 32931
 
--------------------MEMCG-----------------------
MEM ONLY  : 953 MB
MEM+SWAP  : 953 MB
cache 907137024
rss 92610560
rss_huge 0
mapped_file 3485696
writeback 0
swap 0
pgpgin 5740972
pgpgout 5496892
pgfault 1385246
pgmajfault 251
inactive_anon 46505984
active_anon 46186496
inactive_file 453652480
active_file 453386240
unevictable 0
hierarchical_memory_limit 999997440
hierarchical_memsw_limit 9223372036854771712
total_cache 907141120
total_rss 92610560
total_rss_huge 0
total_mapped_file 3485696
total_writeback 0
total_swap 0
total_pgpgin 5740972
total_pgpgout 5496892
total_pgfault 1385246
total_pgmajfault 251
total_inactive_anon 46505984
total_active_anon 46186496
total_inactive_file 453652480
total_active_file 453386240
total_unevictable 0
--------------------BLKIO-----------------------
11:0 Read 0
11:0 Write 0
11:0 Sync 0
11:0 Async 0
11:0 Total 0
253:0 Read 3223199744
253:0 Write 233472
253:0 Sync 0
253:0 Async 3223433216
253:0 Total 3223433216
Total 3223433216
--------------------CPUAC-----------------------
user 706
system 34898
 
--------------------MEMCG-----------------------
MEM ONLY  : 953 MB
MEM+SWAP  : 953 MB
cache 907390976
rss 92602368
rss_huge 0
mapped_file 3485696
writeback 0
swap 0
pgpgin 6025788
pgpgout 5781649
pgfault 1445758
pgmajfault 251
inactive_anon 46505984
active_anon 46178304
inactive_file 454029312
active_file 453251072
unevictable 0
hierarchical_memory_limit 999997440
hierarchical_memsw_limit 9223372036854771712
total_cache 907390976
total_rss 92602368
total_rss_huge 0
total_mapped_file 3485696
total_writeback 0
total_swap 0
total_pgpgin 6025788
total_pgpgout 5781649
total_pgfault 1445758
total_pgmajfault 251
total_inactive_anon 46505984
total_active_anon 46178304
total_inactive_file 454029312
total_active_file 453251072
total_unevictable 0
--------------------BLKIO-----------------------
11:0 Read 0
11:0 Write 0
11:0 Sync 0
11:0 Async 0
11:0 Total 0
253:0 Read 3223760896
253:0 Write 233472
253:0 Sync 0
253:0 Async 3223994368
253:0 Total 3223994368
Total 3223994368
--------------------CPUAC-----------------------
user 733
system 36869
 
--------------------MEMCG-----------------------
MEM ONLY  : 953 MB
MEM+SWAP  : 953 MB
cache 907223040
rss 92614656
rss_huge 0
mapped_file 3395584
writeback 0
swap 0
pgpgin 6321882
pgpgout 6077781
pgfault 1507957
pgmajfault 251
inactive_anon 46505984
active_anon 46190592
inactive_file 453644288
active_file 453443584
unevictable 0
hierarchical_memory_limit 999997440
hierarchical_memsw_limit 9223372036854771712
total_cache 907223040
total_rss 92614656
total_rss_huge 0
total_mapped_file 3395584
total_writeback 0
total_swap 0
total_pgpgin 6321882
total_pgpgout 6077781
total_pgfault 1507957
total_pgmajfault 251
total_inactive_anon 46505984
total_active_anon 46190592
total_inactive_file 453644288
total_active_file 453443584
total_unevictable 0
--------------------BLKIO-----------------------
11:0 Read 0
11:0 Write 0
11:0 Sync 0
11:0 Async 0
11:0 Total 0
253:0 Read 3224600576
253:0 Write 233472
253:0 Sync 0
253:0 Async 3224834048
253:0 Total 3224834048
Total 3224834048
--------------------CPUAC-----------------------
user 767
system 38834
 
--------------------MEMCG-----------------------
MEM ONLY  : 953 MB
MEM+SWAP  : 953 MB
cache 907382784
rss 92606464
rss_huge 0
mapped_file 3395584
writeback 0
swap 0
pgpgin 6606777
pgpgout 6362639
pgfault 1568078
pgmajfault 251
inactive_anon 46505984
active_anon 46182400
inactive_file 453881856
active_file 453373952
unevictable 0
hierarchical_memory_limit 999997440
hierarchical_memsw_limit 9223372036854771712
total_cache 907386880
total_rss 92606464
total_rss_huge 0
total_mapped_file 3395584
total_writeback 0
total_swap 0
total_pgpgin 6606778
total_pgpgout 6362639
total_pgfault 1568078
total_pgmajfault 251
total_inactive_anon 46505984
total_active_anon 46182400
total_inactive_file 453881856
total_active_file 453373952
total_unevictable 0
--------------------BLKIO-----------------------
11:0 Read 0
11:0 Write 0
11:0 Sync 0
11:0 Async 0
11:0 Total 0
253:0 Read 3224752128
253:0 Write 233472
253:0 Sync 0
253:0 Async 3224985600
253:0 Total 3224985600
Total 3224985600
--------------------CPUAC-----------------------
user 798
system 40802
 
--------------------MEMCG-----------------------
MEM ONLY  : 953 MB
MEM+SWAP  : 953 MB
cache 907157504
rss 92594176
rss_huge 0
mapped_file 3334144
writeback 0
swap 0
pgpgin 6903242
pgpgout 6659162
pgfault 1629928
pgmajfault 251
inactive_anon 46505984
active_anon 46170112
inactive_file 453488640
active_file 453566464
unevictable 0
hierarchical_memory_limit 999997440
hierarchical_memsw_limit 9223372036854771712
total_cache 907157504
total_rss 92594176
total_rss_huge 0
total_mapped_file 3334144
total_writeback 0
total_swap 0
total_pgpgin 6903243
total_pgpgout 6659162
total_pgfault 1629928
total_pgmajfault 251
total_inactive_anon 46505984
total_active_anon 46170112
total_inactive_file 453488640
total_active_file 453566464
total_unevictable 0
--------------------BLKIO-----------------------
11:0 Read 0
11:0 Write 0
11:0 Sync 0
11:0 Async 0
11:0 Total 0
253:0 Read 3224752128
253:0 Write 233472
253:0 Sync 0
253:0 Async 3224985600
253:0 Total 3224985600
Total 3224985600
--------------------CPUAC-----------------------
user 832
system 42769
 
--------------------MEMCG-----------------------
MEM ONLY  : 953 MB
MEM+SWAP  : 953 MB
cache 907218944
rss 92606464
rss_huge 0
mapped_file 3477504
writeback 0
swap 0
pgpgin 7186323
pgpgout 6942226
pgfault 1690742
pgmajfault 257
inactive_anon 46505984
active_anon 46178304
inactive_file 453726208
active_file 453410816
unevictable 0
hierarchical_memory_limit 999997440
hierarchical_memsw_limit 9223372036854771712
total_cache 907223040
total_rss 92602368
total_rss_huge 0
total_mapped_file 3477504
total_writeback 0
total_swap 0
total_pgpgin 7186324
total_pgpgout 6942226
total_pgfault 1690742
total_pgmajfault 257
total_inactive_anon 46505984
total_active_anon 46178304
total_inactive_file 453726208
total_active_file 453410816
total_unevictable 0
--------------------BLKIO-----------------------
11:0 Read 0
11:0 Write 0
11:0 Sync 0
11:0 Async 0
11:0 Total 0
253:0 Read 3224752128
253:0 Write 233472
253:0 Sync 0
253:0 Async 3224985600
253:0 Total 3224985600
Total 3224985600
--------------------CPUAC-----------------------
user 863
system 44736
 
--------------------MEMCG-----------------------
MEM ONLY  : 953 MB
MEM+SWAP  : 953 MB
cache 907341824
rss 92606464
rss_huge 0
mapped_file 3477504
writeback 0
swap 0
pgpgin 7483473
pgpgout 7239344
pgfault 1752910
pgmajfault 257
inactive_anon 46505984
active_anon 46182400
inactive_file 453713920
active_file 453492736
unevictable 0
hierarchical_memory_limit 999997440
hierarchical_memsw_limit 9223372036854771712
total_cache 907345920
total_rss 92606464
total_rss_huge 0
total_mapped_file 3477504
total_writeback 0
total_swap 0
total_pgpgin 7483473
total_pgpgout 7239344
total_pgfault 1752910
total_pgmajfault 257
total_inactive_anon 46505984
total_active_anon 46182400
total_inactive_file 453713920
total_active_file 453492736
total_unevictable 0
--------------------BLKIO-----------------------
11:0 Read 0
11:0 Write 0
11:0 Sync 0
11:0 Async 0
11:0 Total 0
253:0 Read 3224932352
253:0 Write 233472
253:0 Sync 0
253:0 Async 3225165824
253:0 Total 3225165824
Total 3225165824
--------------------CPUAC-----------------------
user 900
system 46701
 
--------------------MEMCG-----------------------
MEM ONLY  : 953 MB
MEM+SWAP  : 953 MB
cache 907321344
rss 92606464
rss_huge 0
mapped_file 3375104
writeback 0
swap 0
pgpgin 7766150
pgpgout 7522027
pgfault 1811515
pgmajfault 258
inactive_anon 46505984
active_anon 46182400
inactive_file 453840896
active_file 453378048
unevictable 0
hierarchical_memory_limit 999997440
hierarchical_memsw_limit 9223372036854771712
total_cache 907321344
total_rss 92606464
total_rss_huge 0
total_mapped_file 3375104
total_writeback 0
total_swap 0
total_pgpgin 7766150
total_pgpgout 7522027
total_pgfault 1811515
total_pgmajfault 258
total_inactive_anon 46505984
total_active_anon 46182400
total_inactive_file 453840896
total_active_file 453378048
total_unevictable 0
--------------------BLKIO-----------------------
11:0 Read 0
11:0 Write 0
11:0 Sync 0
11:0 Async 0
11:0 Total 0
253:0 Read 3224932352
253:0 Write 233472
253:0 Sync 0
253:0 Async 3225165824
253:0 Total 3225165824
Total 3225165824
--------------------CPUAC-----------------------
user 927
system 48672
 
--------------------MEMCG-----------------------
MEM ONLY  : 953 MB
MEM+SWAP  : 953 MB
cache 907382784
rss 92606464
rss_huge 0
mapped_file 3526656
writeback 0
swap 0
pgpgin 8064388
pgpgout 7820250
pgfault 1875093
pgmajfault 264
inactive_anon 46505984
active_anon 46182400
inactive_file 453816320
active_file 453472256
unevictable 0
hierarchical_memory_limit 999997440
hierarchical_memsw_limit 9223372036854771712
total_cache 907382784
total_rss 92606464
total_rss_huge 0
total_mapped_file 3526656
total_writeback 0
total_swap 0
total_pgpgin 8064388
total_pgpgout 7820250
total_pgfault 1875093
total_pgmajfault 264
total_inactive_anon 46505984
total_active_anon 46182400
total_inactive_file 453816320
total_active_file 453472256
total_unevictable 0
--------------------BLKIO-----------------------
11:0 Read 0
11:0 Write 0
11:0 Sync 0
11:0 Async 0
11:0 Total 0
253:0 Read 3224932352
253:0 Write 233472
253:0 Sync 0
253:0 Async 3225165824
253:0 Total 3225165824
Total 3225165824
--------------------CPUAC-----------------------
user 962
system 50637
 
--------------------MEMCG-----------------------
MEM ONLY  : 953 MB
MEM+SWAP  : 953 MB
cache 907235328
rss 92610560
rss_huge 0
mapped_file 3526656
writeback 0
swap 0
pgpgin 8347323
pgpgout 8103220
pgfault 1933536
pgmajfault 264
inactive_anon 46505984
active_anon 46186496
inactive_file 453668864
active_file 453468160
unevictable 0
hierarchical_memory_limit 999997440
hierarchical_memsw_limit 9223372036854771712
total_cache 907235328
total_rss 92610560
total_rss_huge 0
total_mapped_file 3526656
total_writeback 0
total_swap 0
total_pgpgin 8347323
total_pgpgout 8103220
total_pgfault 1933536
total_pgmajfault 264
total_inactive_anon 46505984
total_active_anon 46186496
total_inactive_file 453668864
total_active_file 453468160
total_unevictable 0
--------------------BLKIO-----------------------
11:0 Read 0
11:0 Write 0
11:0 Sync 0
11:0 Async 0
11:0 Total 0
253:0 Read 3224932352
253:0 Write 233472
253:0 Sync 0
253:0 Async 3225165824
253:0 Total 3225165824
Total 3225165824
--------------------CPUAC-----------------------
user 991
system 52606
 
--------------------MEMCG-----------------------
MEM ONLY  : 953 MB
MEM+SWAP  : 953 MB
cache 907128832
rss 92614656
rss_huge 0
mapped_file 3334144
writeback 0
swap 0
pgpgin 8644005
pgpgout 8399927
pgfault 1995059
pgmajfault 264
inactive_anon 46505984
active_anon 46190592
inactive_file 453591040
active_file 453455872
unevictable 0
hierarchical_memory_limit 999997440
hierarchical_memsw_limit 9223372036854771712
total_cache 907128832
total_rss 92614656
total_rss_huge 0
total_mapped_file 3334144
total_writeback 0
total_swap 0
total_pgpgin 8644005
total_pgpgout 8399927
total_pgfault 1995059
total_pgmajfault 264
total_inactive_anon 46505984
total_active_anon 46190592
total_inactive_file 453591040
total_active_file 453455872
total_unevictable 0
--------------------BLKIO-----------------------
11:0 Read 0
11:0 Write 0
11:0 Sync 0
11:0 Async 0
11:0 Total 0
253:0 Read 3224932352
253:0 Write 233472
253:0 Sync 0
253:0 Async 3225165824
253:0 Total 3225165824
Total 3225165824
--------------------CPUAC-----------------------
user 1019
system 54580
 
--------------------MEMCG-----------------------
MEM ONLY  : 953 MB
MEM+SWAP  : 953 MB
cache 907296768
rss 92594176
rss_huge 0
mapped_file 3485696
writeback 0
swap 0
pgpgin 8923549
pgpgout 8679435
pgfault 2053892
pgmajfault 270
inactive_anon 46505984
active_anon 46170112
inactive_file 453570560
active_file 453513216
unevictable 0
hierarchical_memory_limit 999997440
hierarchical_memsw_limit 9223372036854771712
total_cache 907296768
total_rss 92594176
total_rss_huge 0
total_mapped_file 3485696
total_writeback 0
total_swap 0
total_pgpgin 8923549
total_pgpgout 8679435
total_pgfault 2053892
total_pgmajfault 270
total_inactive_anon 46505984
total_active_anon 46170112
total_inactive_file 453570560
total_active_file 453513216
total_unevictable 0
--------------------BLKIO-----------------------
11:0 Read 0
11:0 Write 0
11:0 Sync 0
11:0 Async 0
11:0 Total 0
253:0 Read 3224932352
253:0 Write 233472
253:0 Sync 0
253:0 Async 3225165824
253:0 Total 3225165824
Total 3225165824
--------------------CPUAC-----------------------
user 1056
system 56526
 
--------------------MEMCG-----------------------
MEM ONLY  : 953 MB
MEM+SWAP  : 953 MB
cache 907218944
rss 92602368
rss_huge 0
mapped_file 3485696
writeback 0
swap 0
pgpgin 9220715
pgpgout 8976618
pgfault 2116152
pgmajfault 270
inactive_anon 46505984
active_anon 46178304
inactive_file 453742592
active_file 453373952
unevictable 0
hierarchical_memory_limit 999997440
hierarchical_memsw_limit 9223372036854771712
total_cache 907218944
total_rss 92602368
total_rss_huge 0
total_mapped_file 3485696
total_writeback 0
total_swap 0
total_pgpgin 9220715
total_pgpgout 8976618
total_pgfault 2116152
total_pgmajfault 270
total_inactive_anon 46505984
total_active_anon 46178304
total_inactive_file 453742592
total_active_file 453373952
total_unevictable 0
--------------------BLKIO-----------------------
11:0 Read 0
11:0 Write 0
11:0 Sync 0
11:0 Async 0
11:0 Total 0
253:0 Read 3224932352
253:0 Write 233472
253:0 Sync 0
253:0 Async 3225165824
253:0 Total 3225165824
Total 3225165824
--------------------CPUAC-----------------------
user 1090
system 58492
 
--------------------MEMCG-----------------------
MEM ONLY  : 953 MB
MEM+SWAP  : 953 MB
cache 907198464
rss 92602368
rss_huge 0
mapped_file 3334144
writeback 0
swap 0
pgpgin 9522432
pgpgout 9278340
pgfault 2179950
pgmajfault 270
inactive_anon 46505984
active_anon 46178304
inactive_file 453435392
active_file 453611520
unevictable 0
hierarchical_memory_limit 999997440
hierarchical_memsw_limit 9223372036854771712
total_cache 907198464
total_rss 92602368
total_rss_huge 0
total_mapped_file 3334144
total_writeback 0
total_swap 0
total_pgpgin 9522432
total_pgpgout 9278340
total_pgfault 2179950
total_pgmajfault 270
total_inactive_anon 46505984
total_active_anon 46178304
total_inactive_file 453435392
total_active_file 453611520
total_unevictable 0
--------------------BLKIO-----------------------
11:0 Read 0
11:0 Write 0
11:0 Sync 0
11:0 Async 0
11:0 Total 0
253:0 Read 3224932352
253:0 Write 233472
253:0 Sync 0
253:0 Async 3225165824
253:0 Total 3225165824
Total 3225165824
--------------------CPUAC-----------------------
user 1116
system 60465
 
--------------------MEMCG-----------------------
MEM ONLY  : 953 MB
MEM+SWAP  : 953 MB
cache 907149312
rss 92614656
rss_huge 0
mapped_file 3477504
writeback 0
swap 0
pgpgin 9810963
pgpgout 9566880
pgfault 2240006
pgmajfault 276
inactive_anon 46505984
active_anon 46190592
inactive_file 453730304
active_file 453304320
unevictable 0
hierarchical_memory_limit 999997440
hierarchical_memsw_limit 9223372036854771712
total_cache 907149312
total_rss 92614656
total_rss_huge 0
total_mapped_file 3477504
total_writeback 0
total_swap 0
total_pgpgin 9810963
total_pgpgout 9566880
total_pgfault 2240006
total_pgmajfault 276
total_inactive_anon 46505984
total_active_anon 46190592
total_inactive_file 453730304
total_active_file 453304320
total_unevictable 0
--------------------BLKIO-----------------------
11:0 Read 0
11:0 Write 0
11:0 Sync 0
11:0 Async 0
11:0 Total 0
253:0 Read 3224932352
253:0 Write 233472
253:0 Sync 0
253:0 Async 3225165824
253:0 Total 3225165824
Total 3225165824
--------------------CPUAC-----------------------
user 1145
system 62435
 
--------------------MEMCG-----------------------
MEM ONLY  : 953 MB
MEM+SWAP  : 953 MB
cache 907341824
rss 92594176
rss_huge 0
mapped_file 3526656
writeback 0
swap 0
pgpgin 10107139
pgpgout 9863014
pgfault 2302807
pgmajfault 277
inactive_anon 46505984
active_anon 46170112
inactive_file 453812224
active_file 453439488
unevictable 0
hierarchical_memory_limit 999997440
hierarchical_memsw_limit 9223372036854771712
total_cache 907341824
total_rss 92594176
total_rss_huge 0
total_mapped_file 3526656
total_writeback 0
total_swap 0
total_pgpgin 10107139
total_pgpgout 9863014
total_pgfault 2302807
total_pgmajfault 277
total_inactive_anon 46505984
total_active_anon 46170112
total_inactive_file 453812224
total_active_file 453439488
total_unevictable 0
--------------------BLKIO-----------------------
11:0 Read 0
11:0 Write 0
11:0 Sync 0
11:0 Async 0
11:0 Total 0
253:0 Read 3224932352
253:0 Write 233472
253:0 Sync 0
253:0 Async 3225165824
253:0 Total 3225165824
Total 3225165824
--------------------CPUAC-----------------------
user 1179
system 64402
 
--------------------MEMCG-----------------------
MEM ONLY  : 953 MB
MEM+SWAP  : 953 MB
cache 907128832
rss 92606464
rss_huge 0
mapped_file 3375104
writeback 0
swap 0
pgpgin 10371757
pgpgout 10127681
pgfault 2359361
pgmajfault 277
inactive_anon 46505984
active_anon 46182400
inactive_file 453619712
active_file 453423104
unevictable 0
hierarchical_memory_limit 999997440
hierarchical_memsw_limit 9223372036854771712
total_cache 907128832
total_rss 92606464
total_rss_huge 0
total_mapped_file 3375104
total_writeback 0
total_swap 0
total_pgpgin 10371757
total_pgpgout 10127681
total_pgfault 2359361
total_pgmajfault 277
total_inactive_anon 46505984
total_active_anon 46182400
total_inactive_file 453619712
total_active_file 453423104
total_unevictable 0
--------------------BLKIO-----------------------
11:0 Read 0
11:0 Write 0
11:0 Sync 0
11:0 Async 0
11:0 Total 0
253:0 Read 3224932352
253:0 Write 233472
253:0 Sync 0
253:0 Async 3225165824
253:0 Total 3225165824
Total 3225165824
--------------------CPUAC-----------------------
user 1207
system 66374
 
--------------------MEMCG-----------------------
MEM ONLY  : 953 MB
MEM+SWAP  : 953 MB
cache 907132928
rss 92602368
rss_huge 0
mapped_file 3485696
writeback 0
swap 0
pgpgin 10668130
pgpgout 10424054
pgfault 2421311
pgmajfault 283
inactive_anon 46505984
active_anon 46178304
inactive_file 453783552
active_file 453263360
unevictable 0
hierarchical_memory_limit 999997440
hierarchical_memsw_limit 9223372036854771712
total_cache 907132928
total_rss 92602368
total_rss_huge 0
total_mapped_file 3485696
total_writeback 0
total_swap 0
total_pgpgin 10668130
total_pgpgout 10424054
total_pgfault 2421311
total_pgmajfault 283
total_inactive_anon 46505984
total_active_anon 46178304
total_inactive_file 453783552
total_active_file 453263360
total_unevictable 0
--------------------BLKIO-----------------------
11:0 Read 0
11:0 Write 0
11:0 Sync 0
11:0 Async 0
11:0 Total 0
253:0 Read 3224932352
253:0 Write 233472
253:0 Sync 0
253:0 Async 3225165824
253:0 Total 3225165824
Total 3225165824
--------------------CPUAC-----------------------
user 1238
system 68343
 
--------------------MEMCG-----------------------
MEM ONLY  : 953 MB
MEM+SWAP  : 953 MB
cache 907227136
rss 92594176
rss_huge 0
mapped_file 3485696
writeback 0
swap 0
pgpgin 10953196
pgpgout 10709098
pgfault 2480293
pgmajfault 283
inactive_anon 46505984
active_anon 46170112
inactive_file 453668864
active_file 453427200
unevictable 0
hierarchical_memory_limit 999997440
hierarchical_memsw_limit 9223372036854771712
total_cache 907231232
total_rss 92594176
total_rss_huge 0
total_mapped_file 3485696
total_writeback 0
total_swap 0
total_pgpgin 10953196
total_pgpgout 10709098
total_pgfault 2480293
total_pgmajfault 283
total_inactive_anon 46505984
total_active_anon 46170112
total_inactive_file 453668864
total_active_file 453427200
total_unevictable 0
--------------------BLKIO-----------------------
11:0 Read 0
11:0 Write 0
11:0 Sync 0
11:0 Async 0
11:0 Total 0
253:0 Read 3224932352
253:0 Write 233472
253:0 Sync 0
253:0 Async 3225165824
253:0 Total 3225165824
Total 3225165824
--------------------CPUAC-----------------------
user 1269
system 70310
 
--------------------MEMCG-----------------------
MEM ONLY  : 953 MB
MEM+SWAP  : 953 MB
cache 907227136
rss 92602368
rss_huge 0
mapped_file 3334144
writeback 0
swap 0
pgpgin 11248891
pgpgout 11004792
pgfault 2541980
pgmajfault 283
inactive_anon 46505984
active_anon 46178304
inactive_file 453345280
active_file 453767168
unevictable 0
hierarchical_memory_limit 999997440
hierarchical_memsw_limit 9223372036854771712
total_cache 907227136
total_rss 92602368
total_rss_huge 0
total_mapped_file 3334144
total_writeback 0
total_swap 0
total_pgpgin 11248891
total_pgpgout 11004792
total_pgfault 2541980
total_pgmajfault 283
total_inactive_anon 46505984
total_active_anon 46178304
total_inactive_file 453345280
total_active_file 453767168
total_unevictable 0
--------------------BLKIO-----------------------
11:0 Read 0
11:0 Write 0
11:0 Sync 0
11:0 Async 0
11:0 Total 0
253:0 Read 3224932352
253:0 Write 233472
253:0 Sync 0
253:0 Async 3225165824
253:0 Total 3225165824
Total 3225165824
--------------------CPUAC-----------------------
user 1313
system 72268
 
--------------------MEMCG-----------------------
MEM ONLY  : 953 MB
MEM+SWAP  : 953 MB
cache 907255808
rss 92598272
rss_huge 0
mapped_file 3485696
writeback 0
swap 0
pgpgin 11521932
pgpgout 11277827
pgfault 2599086
pgmajfault 289
inactive_anon 46505984
active_anon 46174208
inactive_file 453804032
active_file 453357568
unevictable 0
hierarchical_memory_limit 999997440
hierarchical_memsw_limit 9223372036854771712
total_cache 907255808
total_rss 92598272
total_rss_huge 0
total_mapped_file 3485696
total_writeback 0
total_swap 0
total_pgpgin 11521932
total_pgpgout 11277827
total_pgfault 2599086
total_pgmajfault 289
total_inactive_anon 46505984
total_active_anon 46174208
total_inactive_file 453804032
total_active_file 453357568
total_unevictable 0
--------------------BLKIO-----------------------
11:0 Read 0
11:0 Write 0
11:0 Sync 0
11:0 Async 0
11:0 Total 0
253:0 Read 3224932352
253:0 Write 233472
253:0 Sync 0
253:0 Async 3225165824
253:0 Total 3225165824
Total 3225165824
--------------------CPUAC-----------------------
user 1343
system 74236
 
--------------------MEMCG-----------------------
MEM ONLY  : 953 MB
MEM+SWAP  : 953 MB
cache 907288576
rss 92602368
rss_huge 0
mapped_file 3485696
writeback 0
swap 0
pgpgin 11817996
pgpgout 11573882
pgfault 2660319
pgmajfault 289
inactive_anon 46505984
active_anon 46178304
inactive_file 453738496
active_file 453337088
unevictable 0
hierarchical_memory_limit 999997440
hierarchical_memsw_limit 9223372036854771712
total_cache 907288576
total_rss 92602368
total_rss_huge 0
total_mapped_file 3485696
total_writeback 0
total_swap 0
total_pgpgin 11817996
total_pgpgout 11573914
total_pgfault 2660319
total_pgmajfault 289
total_inactive_anon 46505984
total_active_anon 46178304
total_inactive_file 453709824
total_active_file 453337088
total_unevictable 0
--------------------BLKIO-----------------------
11:0 Read 0
11:0 Write 0
11:0 Sync 0
11:0 Async 0
11:0 Total 0
253:0 Read 3224932352
253:0 Write 233472
253:0 Sync 0
253:0 Async 3225165824
253:0 Total 3225165824
Total 3225165824
--------------------CPUAC-----------------------
user 1378
system 76202
 
--------------------MEMCG-----------------------
MEM ONLY  : 953 MB
MEM+SWAP  : 953 MB
cache 907223040
rss 92602368
rss_huge 0
mapped_file 4882432
writeback 0
swap 0
pgpgin 12097246
pgpgout 11853148
pgfault 2718303
pgmajfault 316
inactive_anon 46505984
active_anon 46178304
inactive_file 453935104
active_file 453160960
unevictable 0
hierarchical_memory_limit 999997440
hierarchical_memsw_limit 9223372036854771712
total_cache 907223040
total_rss 92602368
total_rss_huge 0
total_mapped_file 4882432
total_writeback 0
total_swap 0
total_pgpgin 12097246
total_pgpgout 11853148
total_pgfault 2718303
total_pgmajfault 316
total_inactive_anon 46505984
total_active_anon 46178304
total_inactive_file 453935104
total_active_file 453160960
total_unevictable 0
--------------------BLKIO-----------------------
11:0 Read 0
11:0 Write 0
11:0 Sync 0
11:0 Async 0
11:0 Total 0
253:0 Read 3225018368
253:0 Write 233472
253:0 Sync 0
253:0 Async 3225251840
253:0 Total 3225251840
Total 3225251840
--------------------CPUAC-----------------------
user 1404
system 78160
 
