--------------------MEMCG-----------------------
MEM ONLY  : 162 MB
MEM+SWAP  : 162 MB
cache 76640256
rss 93532160
rss_huge 0
mapped_file 46473216
writeback 0
swap 0
pgpgin 112919
pgpgout 71373
pgfault 206882
pgmajfault 218
inactive_anon 53248
active_anon 93548544
inactive_file 50151424
active_file 26398720
unevictable 0
hierarchical_memory_limit 999997440
hierarchical_memsw_limit 9223372036854771712
total_cache 76640256
total_rss 93532160
total_rss_huge 0
total_mapped_file 46473216
total_writeback 0
total_swap 0
total_pgpgin 112919
total_pgpgout 71373
total_pgfault 206882
total_pgmajfault 218
total_inactive_anon 53248
total_active_anon 93548544
total_inactive_file 50151424
total_active_file 26398720
total_unevictable 0
--------------------BLKIO-----------------------
11:0 Read 0
11:0 Write 0
11:0 Sync 0
11:0 Async 0
11:0 Total 0
253:0 Read 36884480
253:0 Write 237568
253:0 Sync 0
253:0 Async 37122048
253:0 Total 37122048
Total 37122048
--------------------CPUAC-----------------------
user 80
system 150
 
--------------------MEMCG-----------------------
MEM ONLY  : 504 MB
MEM+SWAP  : 504 MB
cache 436035584
rss 92938240
rss_huge 0
mapped_file 46514176
writeback 0
swap 0
pgpgin 218289
pgpgout 89145
pgfault 226820
pgmajfault 218
inactive_anon 49152
active_anon 92971008
inactive_file 389046272
active_file 46874624
unevictable 0
hierarchical_memory_limit 999997440
hierarchical_memsw_limit 9223372036854771712
total_cache 436035584
total_rss 92938240
total_rss_huge 0
total_mapped_file 46514176
total_writeback 0
total_swap 0
total_pgpgin 218289
total_pgpgout 89145
total_pgfault 226820
total_pgmajfault 218
total_inactive_anon 49152
total_active_anon 92971008
total_inactive_file 389046272
total_active_file 46874624
total_unevictable 0
--------------------BLKIO-----------------------
11:0 Read 0
11:0 Write 0
11:0 Sync 0
11:0 Async 0
11:0 Total 0
253:0 Read 396279808
253:0 Write 237568
253:0 Sync 0
253:0 Async 396517376
253:0 Total 396517376
Total 396517376
--------------------CPUAC-----------------------
user 90
system 215
 
--------------------MEMCG-----------------------
MEM ONLY  : 849 MB
MEM+SWAP  : 849 MB
cache 798023680
rss 92938240
rss_huge 0
mapped_file 46514176
writeback 0
swap 0
pgpgin 326861
pgpgout 109341
pgfault 247706
pgmajfault 218
inactive_anon 49152
active_anon 92971008
inactive_file 684548096
active_file 113360896
unevictable 0
hierarchical_memory_limit 999997440
hierarchical_memsw_limit 9223372036854771712
total_cache 798023680
total_rss 92938240
total_rss_huge 0
total_mapped_file 46514176
total_writeback 0
total_swap 0
total_pgpgin 326861
total_pgpgout 109341
total_pgfault 247706
total_pgmajfault 218
total_inactive_anon 49152
total_active_anon 92971008
total_inactive_file 684548096
total_active_file 113360896
total_unevictable 0
--------------------BLKIO-----------------------
11:0 Read 0
11:0 Write 0
11:0 Sync 0
11:0 Async 0
11:0 Total 0
253:0 Read 758267904
253:0 Write 237568
253:0 Sync 0
253:0 Async 758505472
253:0 Total 758505472
Total 758505472
--------------------CPUAC-----------------------
user 103
system 276
 
--------------------MEMCG-----------------------
MEM ONLY  : 953 MB
MEM+SWAP  : 953 MB
cache 907288576
rss 92672000
rss_huge 0
mapped_file 46346240
writeback 0
swap 0
pgpgin 433448
pgpgout 189317
pgfault 270258
pgmajfault 218
inactive_anon 46501888
active_anon 46252032
inactive_file 685129728
active_file 222031872
unevictable 0
hierarchical_memory_limit 999997440
hierarchical_memsw_limit 9223372036854771712
total_cache 907288576
total_rss 92672000
total_rss_huge 0
total_mapped_file 46346240
total_writeback 0
total_swap 0
total_pgpgin 433448
total_pgpgout 189317
total_pgfault 270258
total_pgmajfault 218
total_inactive_anon 46501888
total_active_anon 46252032
total_inactive_file 685129728
total_active_file 222031872
total_unevictable 0
--------------------BLKIO-----------------------
11:0 Read 0
11:0 Write 0
11:0 Sync 0
11:0 Async 0
11:0 Total 0
253:0 Read 1095979008
253:0 Write 237568
253:0 Sync 0
253:0 Async 1096216576
253:0 Total 1096216576
Total 1096216576
--------------------CPUAC-----------------------
user 116
system 417
 
--------------------MEMCG-----------------------
MEM ONLY  : 953 MB
MEM+SWAP  : 953 MB
cache 907300864
rss 92672000
rss_huge 0
mapped_file 44552192
writeback 0
swap 0
pgpgin 555396
pgpgout 311261
pgfault 295914
pgmajfault 218
inactive_anon 46501888
active_anon 46252032
inactive_file 555343872
active_file 351825920
unevictable 0
hierarchical_memory_limit 999997440
hierarchical_memsw_limit 9223372036854771712
total_cache 907304960
total_rss 92672000
total_rss_huge 0
total_mapped_file 44552192
total_writeback 0
total_swap 0
total_pgpgin 555396
total_pgpgout 311261
total_pgfault 295914
total_pgmajfault 218
total_inactive_anon 46501888
total_active_anon 46252032
total_inactive_file 555343872
total_active_file 351825920
total_unevictable 0
--------------------BLKIO-----------------------
11:0 Read 0
11:0 Write 0
11:0 Sync 0
11:0 Async 0
11:0 Total 0
253:0 Read 1425244160
253:0 Write 237568
253:0 Sync 0
253:0 Async 1425481728
253:0 Total 1425481728
Total 1425481728
--------------------CPUAC-----------------------
user 131
system 656
 
--------------------MEMCG-----------------------
MEM ONLY  : 953 MB
MEM+SWAP  : 953 MB
cache 907079680
rss 92672000
rss_huge 0
mapped_file 12468224
writeback 0
swap 0
pgpgin 666787
pgpgout 422707
pgfault 319135
pgmajfault 218
inactive_anon 46501888
active_anon 46252032
inactive_file 453533696
active_file 453447680
unevictable 0
hierarchical_memory_limit 999997440
hierarchical_memsw_limit 9223372036854771712
total_cache 907079680
total_rss 92672000
total_rss_huge 0
total_mapped_file 12468224
total_writeback 0
total_swap 0
total_pgpgin 666787
total_pgpgout 422707
total_pgfault 319135
total_pgmajfault 218
total_inactive_anon 46501888
total_active_anon 46252032
total_inactive_file 453533696
total_active_file 453447680
total_unevictable 0
--------------------BLKIO-----------------------
11:0 Read 0
11:0 Write 0
11:0 Sync 0
11:0 Async 0
11:0 Total 0
253:0 Read 1683558400
253:0 Write 237568
253:0 Sync 0
253:0 Async 1683795968
253:0 Total 1683795968
Total 1683795968
--------------------CPUAC-----------------------
user 140
system 1271
 
--------------------MEMCG-----------------------
MEM ONLY  : 953 MB
MEM+SWAP  : 953 MB
cache 907231232
rss 92672000
rss_huge 0
mapped_file 12468224
writeback 0
swap 0
pgpgin 759985
pgpgout 515868
pgfault 338880
pgmajfault 218
inactive_anon 46501888
active_anon 46252032
inactive_file 453722112
active_file 453419008
unevictable 0
hierarchical_memory_limit 999997440
hierarchical_memsw_limit 9223372036854771712
total_cache 907231232
total_rss 92672000
total_rss_huge 0
total_mapped_file 12468224
total_writeback 0
total_swap 0
total_pgpgin 759985
total_pgpgout 515868
total_pgfault 338880
total_pgmajfault 218
total_inactive_anon 46501888
total_active_anon 46252032
total_inactive_file 453722112
total_active_file 453419008
total_unevictable 0
--------------------BLKIO-----------------------
11:0 Read 0
11:0 Write 0
11:0 Sync 0
11:0 Async 0
11:0 Total 0
253:0 Read 1871966208
253:0 Write 237568
253:0 Sync 0
253:0 Async 1872203776
253:0 Total 1872203776
Total 1872203776
--------------------CPUAC-----------------------
user 149
system 1872
 
--------------------MEMCG-----------------------
MEM ONLY  : 953 MB
MEM+SWAP  : 953 MB
cache 907325440
rss 92672000
rss_huge 0
mapped_file 8577024
writeback 0
swap 0
pgpgin 948021
pgpgout 703881
pgfault 378752
pgmajfault 218
inactive_anon 46501888
active_anon 46252032
inactive_file 453726208
active_file 453505024
unevictable 0
hierarchical_memory_limit 999997440
hierarchical_memsw_limit 9223372036854771712
total_cache 907325440
total_rss 92672000
total_rss_huge 0
total_mapped_file 8577024
total_writeback 0
total_swap 0
total_pgpgin 948021
total_pgpgout 703881
total_pgfault 378752
total_pgmajfault 218
total_inactive_anon 46501888
total_active_anon 46252032
total_inactive_file 453726208
total_active_file 453505024
total_unevictable 0
--------------------BLKIO-----------------------
11:0 Read 0
11:0 Write 0
11:0 Sync 0
11:0 Async 0
11:0 Total 0
253:0 Read 2188328960
253:0 Write 237568
253:0 Sync 0
253:0 Async 2188566528
253:0 Total 2188566528
Total 2188566528
--------------------CPUAC-----------------------
user 166
system 2562
 
--------------------MEMCG-----------------------
MEM ONLY  : 953 MB
MEM+SWAP  : 953 MB
cache 907182080
rss 92672000
rss_huge 0
mapped_file 5537792
writeback 643072
swap 0
pgpgin 1212624
pgpgout 968519
pgfault 433818
pgmajfault 218
inactive_anon 46501888
active_anon 46252032
inactive_file 453500928
active_file 453562368
unevictable 0
hierarchical_memory_limit 999997440
hierarchical_memsw_limit 9223372036854771712
total_cache 907182080
total_rss 92672000
total_rss_huge 0
total_mapped_file 5537792
total_writeback 643072
total_swap 0
total_pgpgin 1212624
total_pgpgout 968519
total_pgfault 433818
total_pgmajfault 218
total_inactive_anon 46501888
total_active_anon 46252032
total_inactive_file 453500928
total_active_file 453562368
total_unevictable 0
--------------------BLKIO-----------------------
11:0 Read 0
11:0 Write 0
11:0 Sync 0
11:0 Async 0
11:0 Total 0
253:0 Read 2518757376
253:0 Write 237568
253:0 Sync 0
253:0 Async 2518994944
253:0 Total 2518994944
Total 2518994944
--------------------CPUAC-----------------------
user 198
system 3733
 
--------------------MEMCG-----------------------
MEM ONLY  : 953 MB
MEM+SWAP  : 953 MB
cache 907145216
rss 92672000
rss_huge 0
mapped_file 3579904
writeback 0
swap 0
pgpgin 1519062
pgpgout 1274966
pgfault 498979
pgmajfault 221
inactive_anon 46501888
active_anon 46252032
inactive_file 453521408
active_file 453480448
unevictable 0
hierarchical_memory_limit 999997440
hierarchical_memsw_limit 9223372036854771712
total_cache 907145216
total_rss 92672000
total_rss_huge 0
total_mapped_file 3579904
total_writeback 0
total_swap 0
total_pgpgin 1519062
total_pgpgout 1274966
total_pgfault 498979
total_pgmajfault 221
total_inactive_anon 46501888
total_active_anon 46252032
total_inactive_file 453521408
total_active_file 453480448
total_unevictable 0
--------------------BLKIO-----------------------
11:0 Read 0
11:0 Write 0
11:0 Sync 0
11:0 Async 0
11:0 Total 0
253:0 Read 2770620416
253:0 Write 237568
253:0 Sync 0
253:0 Async 2770857984
253:0 Total 2770857984
Total 2770857984
--------------------CPUAC-----------------------
user 234
system 5370
 
--------------------MEMCG-----------------------
MEM ONLY  : 953 MB
MEM+SWAP  : 953 MB
cache 907194368
rss 92692480
rss_huge 0
mapped_file 3670016
writeback 0
swap 0
pgpgin 1855624
pgpgout 1611511
pgfault 569343
pgmajfault 227
inactive_anon 46501888
active_anon 46272512
inactive_file 453689344
active_file 453394432
unevictable 0
hierarchical_memory_limit 999997440
hierarchical_memsw_limit 9223372036854771712
total_cache 907194368
total_rss 92692480
total_rss_huge 0
total_mapped_file 3670016
total_writeback 0
total_swap 0
total_pgpgin 1855624
total_pgpgout 1611511
total_pgfault 569343
total_pgmajfault 227
total_inactive_anon 46501888
total_active_anon 46272512
total_inactive_file 453689344
total_active_file 453394432
total_unevictable 0
--------------------BLKIO-----------------------
11:0 Read 0
11:0 Write 0
11:0 Sync 0
11:0 Async 0
11:0 Total 0
253:0 Read 2941100032
253:0 Write 237568
253:0 Sync 0
253:0 Async 2941337600
253:0 Total 2941337600
Total 2941337600
--------------------CPUAC-----------------------
user 266
system 7279
 
--------------------MEMCG-----------------------
MEM ONLY  : 953 MB
MEM+SWAP  : 953 MB
cache 907177984
rss 92676096
rss_huge 0
mapped_file 3661824
writeback 0
swap 0
pgpgin 2173840
pgpgout 1929735
pgfault 636416
pgmajfault 227
inactive_anon 46501888
active_anon 46256128
inactive_file 453709824
active_file 453378048
unevictable 0
hierarchical_memory_limit 999997440
hierarchical_memsw_limit 9223372036854771712
total_cache 907177984
total_rss 92676096
total_rss_huge 0
total_mapped_file 3661824
total_writeback 0
total_swap 0
total_pgpgin 2173840
total_pgpgout 1929735
total_pgfault 636416
total_pgmajfault 227
total_inactive_anon 46501888
total_active_anon 46256128
total_inactive_file 453709824
total_active_file 453378048
total_unevictable 0
--------------------BLKIO-----------------------
11:0 Read 0
11:0 Write 0
11:0 Sync 0
11:0 Async 0
11:0 Total 0
253:0 Read 3049447424
253:0 Write 237568
253:0 Sync 0
253:0 Async 3049684992
253:0 Total 3049684992
Total 3049684992
--------------------CPUAC-----------------------
user 309
system 9213
 
--------------------MEMCG-----------------------
MEM ONLY  : 953 MB
MEM+SWAP  : 953 MB
cache 907100160
rss 92672000
rss_huge 0
mapped_file 3354624
writeback 0
swap 0
pgpgin 2477422
pgpgout 2233337
pgfault 698782
pgmajfault 227
inactive_anon 46501888
active_anon 46252032
inactive_file 453529600
active_file 453439488
unevictable 0
hierarchical_memory_limit 999997440
hierarchical_memsw_limit 9223372036854771712
total_cache 907100160
total_rss 92672000
total_rss_huge 0
total_mapped_file 3354624
total_writeback 0
total_swap 0
total_pgpgin 2477422
total_pgpgout 2233337
total_pgfault 698782
total_pgmajfault 227
total_inactive_anon 46501888
total_active_anon 46252032
total_inactive_file 453529600
total_active_file 453439488
total_unevictable 0
--------------------BLKIO-----------------------
11:0 Read 0
11:0 Write 0
11:0 Sync 0
11:0 Async 0
11:0 Total 0
253:0 Read 3114516480
253:0 Write 237568
253:0 Sync 0
253:0 Async 3114754048
253:0 Total 3114754048
Total 3114754048
--------------------CPUAC-----------------------
user 343
system 11160
 
--------------------MEMCG-----------------------
MEM ONLY  : 953 MB
MEM+SWAP  : 953 MB
cache 907206656
rss 92676096
rss_huge 0
mapped_file 3465216
writeback 0
swap 0
pgpgin 2641805
pgpgout 2397693
pgfault 734736
pgmajfault 232
inactive_anon 46501888
active_anon 46256128
inactive_file 453656576
active_file 453423104
unevictable 0
hierarchical_memory_limit 999997440
hierarchical_memsw_limit 9223372036854771712
total_cache 907210752
total_rss 92676096
total_rss_huge 0
total_mapped_file 3465216
total_writeback 0
total_swap 0
total_pgpgin 2641806
total_pgpgout 2397693
total_pgfault 734736
total_pgmajfault 232
total_inactive_anon 46501888
total_active_anon 46256128
total_inactive_file 453656576
total_active_file 453423104
total_unevictable 0
--------------------BLKIO-----------------------
11:0 Read 0
11:0 Write 0
11:0 Sync 0
11:0 Async 0
11:0 Total 0
253:0 Read 3142008832
253:0 Write 237568
253:0 Sync 0
253:0 Async 3142246400
253:0 Total 3142246400
Total 3142246400
--------------------CPUAC-----------------------
user 364
system 13139
 
--------------------MEMCG-----------------------
MEM ONLY  : 953 MB
MEM+SWAP  : 953 MB
cache 907157504
rss 92684288
rss_huge 0
mapped_file 3465216
writeback 0
swap 0
pgpgin 2956598
pgpgout 2712496
pgfault 800657
pgmajfault 232
inactive_anon 46501888
active_anon 46264320
inactive_file 453550080
active_file 453521408
unevictable 0
hierarchical_memory_limit 999997440
hierarchical_memsw_limit 9223372036854771712
total_cache 907157504
total_rss 92684288
total_rss_huge 0
total_mapped_file 3465216
total_writeback 0
total_swap 0
total_pgpgin 2956598
total_pgpgout 2712496
total_pgfault 800657
total_pgmajfault 232
total_inactive_anon 46501888
total_active_anon 46264320
total_inactive_file 453550080
total_active_file 453521408
total_unevictable 0
--------------------BLKIO-----------------------
11:0 Read 0
11:0 Write 0
11:0 Sync 0
11:0 Async 0
11:0 Total 0
253:0 Read 3180167168
253:0 Write 237568
253:0 Sync 0
253:0 Async 3180404736
253:0 Total 3180404736
Total 3180404736
--------------------CPUAC-----------------------
user 403
system 15100
 
--------------------MEMCG-----------------------
MEM ONLY  : 953 MB
MEM+SWAP  : 953 MB
cache 907247616
rss 92688384
rss_huge 0
mapped_file 3436544
writeback 0
swap 0
pgpgin 3255674
pgpgout 3011549
pgfault 863492
pgmajfault 232
inactive_anon 46501888
active_anon 46268416
inactive_file 453963776
active_file 453173248
unevictable 0
hierarchical_memory_limit 999997440
hierarchical_memsw_limit 9223372036854771712
total_cache 907247616
total_rss 92688384
total_rss_huge 0
total_mapped_file 3436544
total_writeback 0
total_swap 0
total_pgpgin 3255675
total_pgpgout 3011549
total_pgfault 863492
total_pgmajfault 232
total_inactive_anon 46501888
total_active_anon 46268416
total_inactive_file 453963776
total_active_file 453173248
total_unevictable 0
--------------------BLKIO-----------------------
11:0 Read 0
11:0 Write 0
11:0 Sync 0
11:0 Async 0
11:0 Total 0
253:0 Read 3197804544
253:0 Write 237568
253:0 Sync 0
253:0 Async 3198042112
253:0 Total 3198042112
Total 3198042112
--------------------CPUAC-----------------------
user 434
system 17063
 
--------------------MEMCG-----------------------
MEM ONLY  : 953 MB
MEM+SWAP  : 953 MB
cache 907173888
rss 92676096
rss_huge 0
mapped_file 3477504
writeback 0
swap 0
pgpgin 3566943
pgpgout 3322839
pgfault 928544
pgmajfault 238
inactive_anon 46501888
active_anon 46256128
inactive_file 453758976
active_file 453296128
unevictable 0
hierarchical_memory_limit 999997440
hierarchical_memsw_limit 9223372036854771712
total_cache 907173888
total_rss 92676096
total_rss_huge 0
total_mapped_file 3477504
total_writeback 0
total_swap 0
total_pgpgin 3566943
total_pgpgout 3322839
total_pgfault 928544
total_pgmajfault 238
total_inactive_anon 46501888
total_active_anon 46256128
total_inactive_file 453758976
total_active_file 453296128
total_unevictable 0
--------------------BLKIO-----------------------
11:0 Read 0
11:0 Write 0
11:0 Sync 0
11:0 Async 0
11:0 Total 0
253:0 Read 3213168640
253:0 Write 237568
253:0 Sync 0
253:0 Async 3213406208
253:0 Total 3213406208
Total 3213406208
--------------------CPUAC-----------------------
user 471
system 19028
 
--------------------MEMCG-----------------------
MEM ONLY  : 953 MB
MEM+SWAP  : 953 MB
cache 907206656
rss 92688384
rss_huge 0
mapped_file 3526656
writeback 0
swap 0
pgpgin 3863504
pgpgout 3619389
pgfault 992204
pgmajfault 239
inactive_anon 46501888
active_anon 46268416
inactive_file 453357568
active_file 453541888
unevictable 0
hierarchical_memory_limit 999997440
hierarchical_memsw_limit 9223372036854771712
total_cache 907206656
total_rss 92688384
total_rss_huge 0
total_mapped_file 3526656
total_writeback 0
total_swap 0
total_pgpgin 3863504
total_pgpgout 3619389
total_pgfault 992204
total_pgmajfault 239
total_inactive_anon 46501888
total_active_anon 46268416
total_inactive_file 453357568
total_active_file 453541888
total_unevictable 0
--------------------BLKIO-----------------------
11:0 Read 0
11:0 Write 0
11:0 Sync 0
11:0 Async 0
11:0 Total 0
253:0 Read 3223977984
253:0 Write 237568
253:0 Sync 0
253:0 Async 3224215552
253:0 Total 3224215552
Total 3224215552
--------------------CPUAC-----------------------
user 504
system 20993
 
--------------------MEMCG-----------------------
MEM ONLY  : 953 MB
MEM+SWAP  : 953 MB
cache 907202560
rss 92688384
rss_huge 0
mapped_file 3526656
writeback 0
swap 0
pgpgin 4172343
pgpgout 3928229
pgfault 1056093
pgmajfault 239
inactive_anon 46501888
active_anon 46268416
inactive_file 453517312
active_file 453591040
unevictable 0
hierarchical_memory_limit 999997440
hierarchical_memsw_limit 9223372036854771712
total_cache 907202560
total_rss 92688384
total_rss_huge 0
total_mapped_file 3526656
total_writeback 0
total_swap 0
total_pgpgin 4172343
total_pgpgout 3928229
total_pgfault 1056093
total_pgmajfault 239
total_inactive_anon 46501888
total_active_anon 46268416
total_inactive_file 453517312
total_active_file 453591040
total_unevictable 0
--------------------BLKIO-----------------------
11:0 Read 0
11:0 Write 0
11:0 Sync 0
11:0 Async 0
11:0 Total 0
253:0 Read 3231690752
253:0 Write 237568
253:0 Sync 0
253:0 Async 3231928320
253:0 Total 3231928320
Total 3231928320
--------------------CPUAC-----------------------
user 538
system 22960
 
--------------------MEMCG-----------------------
MEM ONLY  : 953 MB
MEM+SWAP  : 953 MB
cache 907046912
rss 92676096
rss_huge 0
mapped_file 3485696
writeback 0
swap 0
pgpgin 4465196
pgpgout 4221123
pgfault 1117540
pgmajfault 245
inactive_anon 46501888
active_anon 46256128
inactive_file 453165056
active_file 453795840
unevictable 0
hierarchical_memory_limit 999997440
hierarchical_memsw_limit 9223372036854771712
total_cache 907046912
total_rss 92676096
total_rss_huge 0
total_mapped_file 3485696
total_writeback 0
total_swap 0
total_pgpgin 4465196
total_pgpgout 4221123
total_pgfault 1117540
total_pgmajfault 245
total_inactive_anon 46501888
total_active_anon 46256128
total_inactive_file 453165056
total_active_file 453795840
total_unevictable 0
--------------------BLKIO-----------------------
11:0 Read 0
11:0 Write 0
11:0 Sync 0
11:0 Async 0
11:0 Total 0
253:0 Read 3239804928
253:0 Write 237568
253:0 Sync 0
253:0 Async 3240042496
253:0 Total 3240042496
Total 3240042496
--------------------CPUAC-----------------------
user 575
system 24922
 
--------------------MEMCG-----------------------
MEM ONLY  : 953 MB
MEM+SWAP  : 953 MB
cache 907038720
rss 92692480
rss_huge 0
mapped_file 3485696
writeback 0
swap 0
pgpgin 4775505
pgpgout 4531430
pgfault 1183012
pgmajfault 245
inactive_anon 46501888
active_anon 46272512
inactive_file 453517312
active_file 453431296
unevictable 0
hierarchical_memory_limit 999997440
hierarchical_memsw_limit 9223372036854771712
total_cache 907042816
total_rss 92692480
total_rss_huge 0
total_mapped_file 3485696
total_writeback 0
total_swap 0
total_pgpgin 4775506
total_pgpgout 4531430
total_pgfault 1183012
total_pgmajfault 245
total_inactive_anon 46501888
total_active_anon 46272512
total_inactive_file 453517312
total_active_file 453431296
total_unevictable 0
--------------------BLKIO-----------------------
11:0 Read 0
11:0 Write 0
11:0 Sync 0
11:0 Async 0
11:0 Total 0
253:0 Read 3242565632
253:0 Write 237568
253:0 Sync 0
253:0 Async 3242803200
253:0 Total 3242803200
Total 3242803200
--------------------CPUAC-----------------------
user 613
system 26885
 
--------------------MEMCG-----------------------
MEM ONLY  : 953 MB
MEM+SWAP  : 953 MB
cache 907075584
rss 92684288
rss_huge 0
mapped_file 3485696
writeback 0
swap 0
pgpgin 5053858
pgpgout 4809776
pgfault 1241819
pgmajfault 245
inactive_anon 46501888
active_anon 46264320
inactive_file 453603328
active_file 453390336
unevictable 0
hierarchical_memory_limit 999997440
hierarchical_memsw_limit 9223372036854771712
total_cache 907075584
total_rss 92684288
total_rss_huge 0
total_mapped_file 3485696
total_writeback 0
total_swap 0
total_pgpgin 5053858
total_pgpgout 4809777
total_pgfault 1241819
total_pgmajfault 245
total_inactive_anon 46501888
total_active_anon 46260224
total_inactive_file 453603328
total_active_file 453390336
total_unevictable 0
--------------------BLKIO-----------------------
11:0 Read 0
11:0 Write 0
11:0 Sync 0
11:0 Async 0
11:0 Total 0
253:0 Read 3244728320
253:0 Write 237568
253:0 Sync 0
253:0 Async 3244965888
253:0 Total 3244965888
Total 3244965888
--------------------CPUAC-----------------------
user 641
system 28856
 
--------------------MEMCG-----------------------
MEM ONLY  : 953 MB
MEM+SWAP  : 953 MB
cache 907202560
rss 92676096
rss_huge 0
mapped_file 3485696
writeback 0
swap 0
pgpgin 5361436
pgpgout 5117325
pgfault 1307175
pgmajfault 251
inactive_anon 46501888
active_anon 46256128
inactive_file 453623808
active_file 453496832
unevictable 0
hierarchical_memory_limit 999997440
hierarchical_memsw_limit 9223372036854771712
total_cache 907202560
total_rss 92676096
total_rss_huge 0
total_mapped_file 3485696
total_writeback 0
total_swap 0
total_pgpgin 5361436
total_pgpgout 5117326
total_pgfault 1307175
total_pgmajfault 251
total_inactive_anon 46501888
total_active_anon 46252032
total_inactive_file 453623808
total_active_file 453496832
total_unevictable 0
--------------------BLKIO-----------------------
11:0 Read 0
11:0 Write 0
11:0 Sync 0
11:0 Async 0
11:0 Total 0
253:0 Read 3246747648
253:0 Write 237568
253:0 Sync 0
253:0 Async 3246985216
253:0 Total 3246985216
Total 3246985216
--------------------CPUAC-----------------------
user 672
system 30824
 
--------------------MEMCG-----------------------
MEM ONLY  : 953 MB
MEM+SWAP  : 953 MB
cache 907243520
rss 92688384
rss_huge 0
mapped_file 3485696
writeback 0
swap 0
pgpgin 5639301
pgpgout 5395177
pgfault 1364709
pgmajfault 251
inactive_anon 46501888
active_anon 46268416
inactive_file 453083136
active_file 454049792
unevictable 0
hierarchical_memory_limit 999997440
hierarchical_memsw_limit 9223372036854771712
total_cache 907243520
total_rss 92688384
total_rss_huge 0
total_mapped_file 3485696
total_writeback 0
total_swap 0
total_pgpgin 5639301
total_pgpgout 5395177
total_pgfault 1364709
total_pgmajfault 251
total_inactive_anon 46501888
total_active_anon 46268416
total_inactive_file 453083136
total_active_file 454049792
total_unevictable 0
--------------------BLKIO-----------------------
11:0 Read 0
11:0 Write 0
11:0 Sync 0
11:0 Async 0
11:0 Total 0
253:0 Read 3247964160
253:0 Write 237568
253:0 Sync 0
253:0 Async 3248201728
253:0 Total 3248201728
Total 3248201728
--------------------CPUAC-----------------------
user 708
system 32788
 
--------------------MEMCG-----------------------
MEM ONLY  : 953 MB
MEM+SWAP  : 953 MB
cache 907157504
rss 92672000
rss_huge 0
mapped_file 3485696
writeback 0
swap 0
pgpgin 5948712
pgpgout 5704613
pgfault 1430342
pgmajfault 251
inactive_anon 46501888
active_anon 46252032
inactive_file 453836800
active_file 453189632
unevictable 0
hierarchical_memory_limit 999997440
hierarchical_memsw_limit 9223372036854771712
total_cache 907157504
total_rss 92672000
total_rss_huge 0
total_mapped_file 3485696
total_writeback 0
total_swap 0
total_pgpgin 5948712
total_pgpgout 5704613
total_pgfault 1430342
total_pgmajfault 251
total_inactive_anon 46501888
total_active_anon 46252032
total_inactive_file 453836800
total_active_file 453189632
total_unevictable 0
--------------------BLKIO-----------------------
11:0 Read 0
11:0 Write 0
11:0 Sync 0
11:0 Async 0
11:0 Total 0
253:0 Read 3249393664
253:0 Write 237568
253:0 Sync 0
253:0 Async 3249631232
253:0 Total 3249631232
Total 3249631232
--------------------CPUAC-----------------------
user 741
system 34755
 
--------------------MEMCG-----------------------
MEM ONLY  : 953 MB
MEM+SWAP  : 953 MB
cache 907292672
rss 92672000
rss_huge 0
mapped_file 3485696
writeback 0
swap 0
pgpgin 6245350
pgpgout 6001218
pgfault 1493094
pgmajfault 257
inactive_anon 46501888
active_anon 46252032
inactive_file 453758976
active_file 453451776
unevictable 0
hierarchical_memory_limit 999997440
hierarchical_memsw_limit 9223372036854771712
total_cache 907292672
total_rss 92672000
total_rss_huge 0
total_mapped_file 3485696
total_writeback 0
total_swap 0
total_pgpgin 6245350
total_pgpgout 6001218
total_pgfault 1493094
total_pgmajfault 257
total_inactive_anon 46501888
total_active_anon 46252032
total_inactive_file 453758976
total_active_file 453451776
total_unevictable 0
--------------------BLKIO-----------------------
11:0 Read 0
11:0 Write 0
11:0 Sync 0
11:0 Async 0
11:0 Total 0
253:0 Read 3250655232
253:0 Write 237568
253:0 Sync 0
253:0 Async 3250892800
253:0 Total 3250892800
Total 3250892800
--------------------CPUAC-----------------------
user 775
system 36719
 
--------------------MEMCG-----------------------
MEM ONLY  : 953 MB
MEM+SWAP  : 953 MB
cache 907141120
rss 92692480
rss_huge 0
mapped_file 3485696
writeback 0
swap 0
pgpgin 6553905
pgpgout 6309805
pgfault 1557467
pgmajfault 257
inactive_anon 46501888
active_anon 46252032
inactive_file 453709824
active_file 453324800
unevictable 0
hierarchical_memory_limit 999997440
hierarchical_memsw_limit 9223372036854771712
total_cache 907141120
total_rss 92692480
total_rss_huge 0
total_mapped_file 3485696
total_writeback 0
total_swap 0
total_pgpgin 6553905
total_pgpgout 6309805
total_pgfault 1557467
total_pgmajfault 257
total_inactive_anon 46501888
total_active_anon 46252032
total_inactive_file 453709824
total_active_file 453324800
total_unevictable 0
--------------------BLKIO-----------------------
11:0 Read 0
11:0 Write 0
11:0 Sync 0
11:0 Async 0
11:0 Total 0
253:0 Read 3251077120
253:0 Write 237568
253:0 Sync 0
253:0 Async 3251314688
253:0 Total 3251314688
Total 3251314688
--------------------CPUAC-----------------------
user 802
system 38692
 
--------------------MEMCG-----------------------
MEM ONLY  : 953 MB
MEM+SWAP  : 953 MB
cache 907288576
rss 92676096
rss_huge 0
mapped_file 3375104
writeback 0
swap 0
pgpgin 6849797
pgpgout 6605665
pgfault 1619523
pgmajfault 257
inactive_anon 46501888
active_anon 46256128
inactive_file 453808128
active_file 453378048
unevictable 0
hierarchical_memory_limit 999997440
hierarchical_memsw_limit 9223372036854771712
total_cache 907288576
total_rss 92676096
total_rss_huge 0
total_mapped_file 3375104
total_writeback 0
total_swap 0
total_pgpgin 6849797
total_pgpgout 6605665
total_pgfault 1619523
total_pgmajfault 257
total_inactive_anon 46501888
total_active_anon 46256128
total_inactive_file 453808128
total_active_file 453378048
total_unevictable 0
--------------------BLKIO-----------------------
11:0 Read 0
11:0 Write 0
11:0 Sync 0
11:0 Async 0
11:0 Total 0
253:0 Read 3251077120
253:0 Write 237568
253:0 Sync 0
253:0 Async 3251314688
253:0 Total 3251314688
Total 3251314688
--------------------CPUAC-----------------------
user 835
system 40658
 
--------------------MEMCG-----------------------
MEM ONLY  : 953 MB
MEM+SWAP  : 953 MB
cache 907177984
rss 92676096
rss_huge 0
mapped_file 3485696
writeback 0
swap 0
pgpgin 7160293
pgpgout 6916188
pgfault 1684553
pgmajfault 263
inactive_anon 46501888
active_anon 46256128
inactive_file 453607424
active_file 453435392
unevictable 0
hierarchical_memory_limit 999997440
hierarchical_memsw_limit 9223372036854771712
total_cache 907177984
total_rss 92676096
total_rss_huge 0
total_mapped_file 3485696
total_writeback 0
total_swap 0
total_pgpgin 7160293
total_pgpgout 6916188
total_pgfault 1684553
total_pgmajfault 263
total_inactive_anon 46501888
total_active_anon 46256128
total_inactive_file 453607424
total_active_file 453435392
total_unevictable 0
--------------------BLKIO-----------------------
11:0 Read 0
11:0 Write 0
11:0 Sync 0
11:0 Async 0
11:0 Total 0
253:0 Read 3251077120
253:0 Write 237568
253:0 Sync 0
253:0 Async 3251314688
253:0 Total 3251314688
Total 3251314688
--------------------CPUAC-----------------------
user 872
system 42622
 
--------------------MEMCG-----------------------
MEM ONLY  : 953 MB
MEM+SWAP  : 953 MB
cache 907202560
rss 92672000
rss_huge 0
mapped_file 3485696
writeback 0
swap 0
pgpgin 7383172
pgpgout 7139062
pgfault 1731018
pgmajfault 263
inactive_anon 46501888
active_anon 46252032
inactive_file 453742592
active_file 453361664
unevictable 0
hierarchical_memory_limit 999997440
hierarchical_memsw_limit 9223372036854771712
total_cache 907202560
total_rss 92672000
total_rss_huge 0
total_mapped_file 3485696
total_writeback 0
total_swap 0
total_pgpgin 7383172
total_pgpgout 7139062
total_pgfault 1731018
total_pgmajfault 263
total_inactive_anon 46501888
total_active_anon 46252032
total_inactive_file 453742592
total_active_file 453361664
total_unevictable 0
--------------------BLKIO-----------------------
11:0 Read 0
11:0 Write 0
11:0 Sync 0
11:0 Async 0
11:0 Total 0
253:0 Read 3251392512
253:0 Write 237568
253:0 Sync 0
253:0 Async 3251630080
253:0 Total 3251630080
Total 3251630080
--------------------CPUAC-----------------------
user 900
system 44585
 
--------------------MEMCG-----------------------
MEM ONLY  : 953 MB
MEM+SWAP  : 953 MB
cache 907243520
rss 92684288
rss_huge 0
mapped_file 3485696
writeback 0
swap 0
pgpgin 7559143
pgpgout 7315020
pgfault 1768153
pgmajfault 263
inactive_anon 46501888
active_anon 46264320
inactive_file 453603328
active_file 453554176
unevictable 0
hierarchical_memory_limit 999997440
hierarchical_memsw_limit 9223372036854771712
total_cache 907243520
total_rss 92684288
total_rss_huge 0
total_mapped_file 3485696
total_writeback 0
total_swap 0
total_pgpgin 7559143
total_pgpgout 7315020
total_pgfault 1768153
total_pgmajfault 263
total_inactive_anon 46501888
total_active_anon 46264320
total_inactive_file 453603328
total_active_file 453554176
total_unevictable 0
--------------------BLKIO-----------------------
11:0 Read 0
11:0 Write 0
11:0 Sync 0
11:0 Async 0
11:0 Total 0
253:0 Read 3251392512
253:0 Write 237568
253:0 Sync 0
253:0 Async 3251630080
253:0 Total 3251630080
Total 3251630080
--------------------CPUAC-----------------------
user 916
system 46569
 
--------------------MEMCG-----------------------
MEM ONLY  : 953 MB
MEM+SWAP  : 953 MB
cache 907206656
rss 92684288
rss_huge 0
mapped_file 3485696
writeback 0
swap 0
pgpgin 7867614
pgpgout 7623500
pgfault 1834004
pgmajfault 269
inactive_anon 46501888
active_anon 46264320
inactive_file 453709824
active_file 453283840
unevictable 0
hierarchical_memory_limit 999997440
hierarchical_memsw_limit 9223372036854771712
total_cache 907206656
total_rss 92684288
total_rss_huge 0
total_mapped_file 3485696
total_writeback 0
total_swap 0
total_pgpgin 7867614
total_pgpgout 7623500
total_pgfault 1834004
total_pgmajfault 269
total_inactive_anon 46501888
total_active_anon 46264320
total_inactive_file 453709824
total_active_file 453283840
total_unevictable 0
--------------------BLKIO-----------------------
11:0 Read 0
11:0 Write 0
11:0 Sync 0
11:0 Async 0
11:0 Total 0
253:0 Read 3251392512
253:0 Write 237568
253:0 Sync 0
253:0 Async 3251630080
253:0 Total 3251630080
Total 3251630080
--------------------CPUAC-----------------------
user 948
system 48538
 
--------------------MEMCG-----------------------
MEM ONLY  : 953 MB
MEM+SWAP  : 953 MB
cache 907218944
rss 92684288
rss_huge 0
mapped_file 3485696
writeback 0
swap 0
pgpgin 8162927
pgpgout 7918810
pgfault 1896578
pgmajfault 269
inactive_anon 46501888
active_anon 46264320
inactive_file 453226496
active_file 453779456
unevictable 0
hierarchical_memory_limit 999997440
hierarchical_memsw_limit 9223372036854771712
total_cache 907218944
total_rss 92684288
total_rss_huge 0
total_mapped_file 3485696
total_writeback 0
total_swap 0
total_pgpgin 8162927
total_pgpgout 7918810
total_pgfault 1896578
total_pgmajfault 269
total_inactive_anon 46501888
total_active_anon 46264320
total_inactive_file 453226496
total_active_file 453779456
total_unevictable 0
--------------------BLKIO-----------------------
11:0 Read 0
11:0 Write 0
11:0 Sync 0
11:0 Async 0
11:0 Total 0
253:0 Read 3251392512
253:0 Write 237568
253:0 Sync 0
253:0 Async 3251630080
253:0 Total 3251630080
Total 3251630080
--------------------CPUAC-----------------------
user 982
system 50503
 
--------------------MEMCG-----------------------
MEM ONLY  : 953 MB
MEM+SWAP  : 953 MB
cache 907124736
rss 92688384
rss_huge 0
mapped_file 3485696
writeback 0
swap 0
pgpgin 8471944
pgpgout 8227849
pgfault 1960801
pgmajfault 269
inactive_anon 46501888
active_anon 46268416
inactive_file 453337088
active_file 453574656
unevictable 0
hierarchical_memory_limit 999997440
hierarchical_memsw_limit 9223372036854771712
total_cache 907124736
total_rss 92688384
total_rss_huge 0
total_mapped_file 3485696
total_writeback 0
total_swap 0
total_pgpgin 8471944
total_pgpgout 8227849
total_pgfault 1960801
total_pgmajfault 269
total_inactive_anon 46501888
total_active_anon 46268416
total_inactive_file 453337088
total_active_file 453574656
total_unevictable 0
--------------------BLKIO-----------------------
11:0 Read 0
11:0 Write 0
11:0 Sync 0
11:0 Async 0
11:0 Total 0
253:0 Read 3251392512
253:0 Write 237568
253:0 Sync 0
253:0 Async 3251630080
253:0 Total 3251630080
Total 3251630080
--------------------CPUAC-----------------------
user 1013
system 52473
 
--------------------MEMCG-----------------------
MEM ONLY  : 953 MB
MEM+SWAP  : 953 MB
cache 907288576
rss 92676096
rss_huge 0
mapped_file 3485696
writeback 0
swap 0
pgpgin 8766264
pgpgout 8522132
pgfault 2021656
pgmajfault 269
inactive_anon 46501888
active_anon 46256128
inactive_file 453828608
active_file 453373952
unevictable 0
hierarchical_memory_limit 999997440
hierarchical_memsw_limit 9223372036854771712
total_cache 907288576
total_rss 92676096
total_rss_huge 0
total_mapped_file 3485696
total_writeback 0
total_swap 0
total_pgpgin 8766264
total_pgpgout 8522132
total_pgfault 2021656
total_pgmajfault 269
total_inactive_anon 46501888
total_active_anon 46256128
total_inactive_file 453828608
total_active_file 453373952
total_unevictable 0
--------------------BLKIO-----------------------
11:0 Read 0
11:0 Write 0
11:0 Sync 0
11:0 Async 0
11:0 Total 0
253:0 Read 3251392512
253:0 Write 237568
253:0 Sync 0
253:0 Async 3251630080
253:0 Total 3251630080
Total 3251630080
--------------------CPUAC-----------------------
user 1044
system 54440
 
--------------------MEMCG-----------------------
MEM ONLY  : 953 MB
MEM+SWAP  : 953 MB
cache 906989568
rss 92688384
rss_huge 0
mapped_file 3395584
writeback 0
swap 0
pgpgin 9074355
pgpgout 8830293
pgfault 2085725
pgmajfault 269
inactive_anon 46501888
active_anon 46268416
inactive_file 453533696
active_file 453369856
unevictable 0
hierarchical_memory_limit 999997440
hierarchical_memsw_limit 9223372036854771712
total_cache 906989568
total_rss 92688384
total_rss_huge 0
total_mapped_file 3395584
total_writeback 0
total_swap 0
total_pgpgin 9074355
total_pgpgout 8830293
total_pgfault 2085725
total_pgmajfault 269
total_inactive_anon 46501888
total_active_anon 46268416
total_inactive_file 453533696
total_active_file 453369856
total_unevictable 0
--------------------BLKIO-----------------------
11:0 Read 0
11:0 Write 0
11:0 Sync 0
11:0 Async 0
11:0 Total 0
253:0 Read 3251392512
253:0 Write 237568
253:0 Sync 0
253:0 Async 3251630080
253:0 Total 3251630080
Total 3251630080
--------------------CPUAC-----------------------
user 1081
system 56405
 
--------------------MEMCG-----------------------
MEM ONLY  : 953 MB
MEM+SWAP  : 953 MB
cache 907128832
rss 92676096
rss_huge 0
mapped_file 3334144
writeback 0
swap 0
pgpgin 9373429
pgpgout 9129336
pgfault 2149449
pgmajfault 269
inactive_anon 46501888
active_anon 46256128
inactive_file 453455872
active_file 453582848
unevictable 0
hierarchical_memory_limit 999997440
hierarchical_memsw_limit 9223372036854771712
total_cache 907128832
total_rss 92676096
total_rss_huge 0
total_mapped_file 3334144
total_writeback 0
total_swap 0
total_pgpgin 9373429
total_pgpgout 9129336
total_pgfault 2149449
total_pgmajfault 269
total_inactive_anon 46501888
total_active_anon 46256128
total_inactive_file 453455872
total_active_file 453582848
total_unevictable 0
--------------------BLKIO-----------------------
11:0 Read 0
11:0 Write 0
11:0 Sync 0
11:0 Async 0
11:0 Total 0
253:0 Read 3251392512
253:0 Write 237568
253:0 Sync 0
253:0 Async 3251630080
253:0 Total 3251630080
Total 3251630080
--------------------CPUAC-----------------------
user 1116
system 58368
 
--------------------MEMCG-----------------------
MEM ONLY  : 953 MB
MEM+SWAP  : 953 MB
cache 907210752
rss 92680192
rss_huge 0
mapped_file 3485696
writeback 0
swap 0
pgpgin 9681406
pgpgout 9437292
pgfault 2214798
pgmajfault 275
inactive_anon 46501888
active_anon 46260224
inactive_file 453570560
active_file 453533696
unevictable 0
hierarchical_memory_limit 999997440
hierarchical_memsw_limit 9223372036854771712
total_cache 907210752
total_rss 92680192
total_rss_huge 0
total_mapped_file 3485696
total_writeback 0
total_swap 0
total_pgpgin 9681406
total_pgpgout 9437292
total_pgfault 2214798
total_pgmajfault 275
total_inactive_anon 46501888
total_active_anon 46260224
total_inactive_file 453570560
total_active_file 453533696
total_unevictable 0
--------------------BLKIO-----------------------
11:0 Read 0
11:0 Write 0
11:0 Sync 0
11:0 Async 0
11:0 Total 0
253:0 Read 3251392512
253:0 Write 237568
253:0 Sync 0
253:0 Async 3251630080
253:0 Total 3251630080
Total 3251630080
--------------------CPUAC-----------------------
user 1150
system 60336
 
--------------------MEMCG-----------------------
MEM ONLY  : 953 MB
MEM+SWAP  : 953 MB
cache 907055104
rss 92680192
rss_huge 0
mapped_file 3526656
writeback 0
swap 0
pgpgin 9972617
pgpgout 9728541
pgfault 2275982
pgmajfault 276
inactive_anon 46501888
active_anon 46260224
inactive_file 453640192
active_file 453328896
unevictable 0
hierarchical_memory_limit 999997440
hierarchical_memsw_limit 9223372036854771712
total_cache 907055104
total_rss 92680192
total_rss_huge 0
total_mapped_file 3526656
total_writeback 0
total_swap 0
total_pgpgin 9972617
total_pgpgout 9728541
total_pgfault 2275982
total_pgmajfault 276
total_inactive_anon 46501888
total_active_anon 46260224
total_inactive_file 453640192
total_active_file 453328896
total_unevictable 0
--------------------BLKIO-----------------------
11:0 Read 0
11:0 Write 0
11:0 Sync 0
11:0 Async 0
11:0 Total 0
253:0 Read 3251392512
253:0 Write 237568
253:0 Sync 0
253:0 Async 3251630080
253:0 Total 3251630080
Total 3251630080
--------------------CPUAC-----------------------
user 1187
system 62297
 
--------------------MEMCG-----------------------
MEM ONLY  : 953 MB
MEM+SWAP  : 953 MB
cache 907194368
rss 92692480
rss_huge 0
mapped_file 3526656
writeback 0
swap 0
pgpgin 10276917
pgpgout 10032804
pgfault 2340492
pgmajfault 276
inactive_anon 46501888
active_anon 46272512
inactive_file 453742592
active_file 453365760
unevictable 0
hierarchical_memory_limit 999997440
hierarchical_memsw_limit 9223372036854771712
total_cache 907194368
total_rss 92692480
total_rss_huge 0
total_mapped_file 3526656
total_writeback 0
total_swap 0
total_pgpgin 10276917
total_pgpgout 10032804
total_pgfault 2340492
total_pgmajfault 276
total_inactive_anon 46501888
total_active_anon 46272512
total_inactive_file 453742592
total_active_file 453365760
total_unevictable 0
--------------------BLKIO-----------------------
11:0 Read 0
11:0 Write 0
11:0 Sync 0
11:0 Async 0
11:0 Total 0
253:0 Read 3251392512
253:0 Write 237568
253:0 Sync 0
253:0 Async 3251630080
253:0 Total 3251630080
Total 3251630080
--------------------CPUAC-----------------------
user 1218
system 64262
 
--------------------MEMCG-----------------------
MEM ONLY  : 953 MB
MEM+SWAP  : 953 MB
cache 907247616
rss 92688384
rss_huge 0
mapped_file 3526656
writeback 0
swap 0
pgpgin 10566929
pgpgout 10322804
pgfault 2401818
pgmajfault 282
inactive_anon 46501888
active_anon 46268416
inactive_file 453595136
active_file 453558272
unevictable 0
hierarchical_memory_limit 999997440
hierarchical_memsw_limit 9223372036854771712
total_cache 907247616
total_rss 92688384
total_rss_huge 0
total_mapped_file 3526656
total_writeback 0
total_swap 0
total_pgpgin 10566929
total_pgpgout 10322804
total_pgfault 2401818
total_pgmajfault 282
total_inactive_anon 46501888
total_active_anon 46268416
total_inactive_file 453595136
total_active_file 453558272
total_unevictable 0
--------------------BLKIO-----------------------
11:0 Read 0
11:0 Write 0
11:0 Sync 0
11:0 Async 0
11:0 Total 0
253:0 Read 3251392512
253:0 Write 237568
253:0 Sync 0
253:0 Async 3251630080
253:0 Total 3251630080
Total 3251630080
--------------------CPUAC-----------------------
user 1254
system 66223
 
--------------------MEMCG-----------------------
MEM ONLY  : 953 MB
MEM+SWAP  : 953 MB
cache 907083776
rss 92680192
rss_huge 0
mapped_file 3485696
writeback 0
swap 0
pgpgin 10871943
pgpgout 10627860
pgfault 2465703
pgmajfault 282
inactive_anon 46501888
active_anon 46260224
inactive_file 453615616
active_file 453357568
unevictable 0
hierarchical_memory_limit 999997440
hierarchical_memsw_limit 9223372036854771712
total_cache 907087872
total_rss 92680192
total_rss_huge 0
total_mapped_file 3485696
total_writeback 0
total_swap 0
total_pgpgin 10871944
total_pgpgout 10627860
total_pgfault 2465703
total_pgmajfault 282
total_inactive_anon 46501888
total_active_anon 46260224
total_inactive_file 453615616
total_active_file 453357568
total_unevictable 0
--------------------BLKIO-----------------------
11:0 Read 0
11:0 Write 0
11:0 Sync 0
11:0 Async 0
11:0 Total 0
253:0 Read 3251392512
253:0 Write 237568
253:0 Sync 0
253:0 Async 3251630080
253:0 Total 3251630080
Total 3251630080
--------------------CPUAC-----------------------
user 1295
system 68178
 
--------------------MEMCG-----------------------
MEM ONLY  : 953 MB
MEM+SWAP  : 953 MB
cache 907231232
rss 92688384
rss_huge 0
mapped_file 3485696
writeback 0
swap 0
pgpgin 11148021
pgpgout 10903900
pgfault 2523103
pgmajfault 282
inactive_anon 46501888
active_anon 46268416
inactive_file 453595136
active_file 453505024
unevictable 0
hierarchical_memory_limit 999997440
hierarchical_memsw_limit 9223372036854771712
total_cache 907231232
total_rss 92688384
total_rss_huge 0
total_mapped_file 3485696
total_writeback 0
total_swap 0
total_pgpgin 11148021
total_pgpgout 10903900
total_pgfault 2523103
total_pgmajfault 282
total_inactive_anon 46501888
total_active_anon 46268416
total_inactive_file 453595136
total_active_file 453505024
total_unevictable 0
--------------------BLKIO-----------------------
11:0 Read 0
11:0 Write 0
11:0 Sync 0
11:0 Async 0
11:0 Total 0
253:0 Read 3251392512
253:0 Write 237568
253:0 Sync 0
253:0 Async 3251630080
253:0 Total 3251630080
Total 3251630080
--------------------CPUAC-----------------------
user 1331
system 70141
 
--------------------MEMCG-----------------------
MEM ONLY  : 953 MB
MEM+SWAP  : 953 MB
cache 907112448
rss 92688384
rss_huge 0
mapped_file 3485696
writeback 0
swap 0
pgpgin 11452221
pgpgout 11208129
pgfault 2587150
pgmajfault 288
inactive_anon 46501888
active_anon 46268416
inactive_file 453406720
active_file 453566464
unevictable 0
hierarchical_memory_limit 999997440
hierarchical_memsw_limit 9223372036854771712
total_cache 907112448
total_rss 92688384
total_rss_huge 0
total_mapped_file 3485696
total_writeback 0
total_swap 0
total_pgpgin 11452221
total_pgpgout 11208129
total_pgfault 2587150
total_pgmajfault 288
total_inactive_anon 46501888
total_active_anon 46268416
total_inactive_file 453406720
total_active_file 453566464
total_unevictable 0
--------------------BLKIO-----------------------
11:0 Read 0
11:0 Write 0
11:0 Sync 0
11:0 Async 0
11:0 Total 0
253:0 Read 3251392512
253:0 Write 237568
253:0 Sync 0
253:0 Async 3251630080
253:0 Total 3251630080
Total 3251630080
--------------------CPUAC-----------------------
user 1365
system 72107
 
--------------------MEMCG-----------------------
MEM ONLY  : 953 MB
MEM+SWAP  : 953 MB
cache 907272192
rss 92672000
rss_huge 0
mapped_file 3485696
writeback 0
swap 0
pgpgin 11663685
pgpgout 11419558
pgfault 2631711
pgmajfault 288
inactive_anon 46501888
active_anon 46252032
inactive_file 453857280
active_file 453316608
unevictable 0
hierarchical_memory_limit 999997440
hierarchical_memsw_limit 9223372036854771712
total_cache 907272192
total_rss 92672000
total_rss_huge 0
total_mapped_file 3485696
total_writeback 0
total_swap 0
total_pgpgin 11663685
total_pgpgout 11419558
total_pgfault 2631711
total_pgmajfault 288
total_inactive_anon 46501888
total_active_anon 46252032
total_inactive_file 453857280
total_active_file 453316608
total_unevictable 0
--------------------BLKIO-----------------------
11:0 Read 0
11:0 Write 0
11:0 Sync 0
11:0 Async 0
11:0 Total 0
253:0 Read 3251392512
253:0 Write 237568
253:0 Sync 0
253:0 Async 3251630080
253:0 Total 3251630080
Total 3251630080
--------------------CPUAC-----------------------
user 1384
system 74086
 
--------------------MEMCG-----------------------
MEM ONLY  : 953 MB
MEM+SWAP  : 953 MB
cache 907067392
rss 92688384
rss_huge 0
mapped_file 3485696
writeback 0
swap 0
pgpgin 11900282
pgpgout 11656201
pgfault 2681497
pgmajfault 288
inactive_anon 46501888
active_anon 46268416
inactive_file 453455872
active_file 453513216
unevictable 0
hierarchical_memory_limit 999997440
hierarchical_memsw_limit 9223372036854771712
total_cache 907067392
total_rss 92688384
total_rss_huge 0
total_mapped_file 3485696
total_writeback 0
total_swap 0
total_pgpgin 11900282
total_pgpgout 11656201
total_pgfault 2681497
total_pgmajfault 288
total_inactive_anon 46501888
total_active_anon 46268416
total_inactive_file 453455872
total_active_file 453513216
total_unevictable 0
--------------------BLKIO-----------------------
11:0 Read 0
11:0 Write 0
11:0 Sync 0
11:0 Async 0
11:0 Total 0
253:0 Read 3251392512
253:0 Write 237568
253:0 Sync 0
253:0 Async 3251630080
253:0 Total 3251630080
Total 3251630080
--------------------CPUAC-----------------------
user 1402
system 76069
 
