Linux 4.1.5 (vm2-Standard-PC-i440FX-PIIX-1996) 	Sunday 25 June 2017 	_x86_64_	(14 CPU)

Device:         rrqm/s   wrqm/s     r/s     w/s    rkB/s    wkB/s avgrq-sz avgqu-sz   await r_await w_await  svctm  %util
vda               0.00     0.44   75.99    9.63  2054.30   168.36    51.92     1.45   16.92   15.56   27.71   4.72  40.38

Device:         rrqm/s   wrqm/s     r/s     w/s    rkB/s    wkB/s avgrq-sz avgqu-sz   await r_await w_await  svctm  %util
vda               0.00     0.00   97.70    1.60  2770.40     7.60    55.95     0.98    9.90   10.02    2.25   9.77  97.04

Device:         rrqm/s   wrqm/s     r/s     w/s    rkB/s    wkB/s avgrq-sz avgqu-sz   await r_await w_await  svctm  %util
vda               0.00     0.00  100.60    1.80  2764.80    10.00    54.20     1.09   10.62   10.78    2.00   9.43  96.60

Device:         rrqm/s   wrqm/s     r/s     w/s    rkB/s    wkB/s avgrq-sz avgqu-sz   await r_await w_await  svctm  %util
vda               0.00     0.10  203.50   10.50  3390.00    43.60    32.09     3.57   16.68   17.27    5.30   4.60  98.52

Device:         rrqm/s   wrqm/s     r/s     w/s    rkB/s    wkB/s avgrq-sz avgqu-sz   await r_await w_await  svctm  %util
vda               0.00     0.00  133.20    5.50  2918.40    24.80    42.44     1.56   11.24   11.55    3.78   6.92  96.04

Device:         rrqm/s   wrqm/s     r/s     w/s    rkB/s    wkB/s avgrq-sz avgqu-sz   await r_await w_await  svctm  %util
vda               0.00     0.00   96.80    3.70  2816.80    18.00    56.41     0.99    9.86   10.16    2.16   9.59  96.40

Device:         rrqm/s   wrqm/s     r/s     w/s    rkB/s    wkB/s avgrq-sz avgqu-sz   await r_await w_await  svctm  %util
vda               0.00     0.30   97.90    4.90  2825.60    22.40    55.41     1.28   12.47   10.03   61.22   9.43  96.96

Device:         rrqm/s   wrqm/s     r/s     w/s    rkB/s    wkB/s avgrq-sz avgqu-sz   await r_await w_await  svctm  %util
vda               0.00     0.00   99.60    1.90  2898.40     9.20    57.29     1.00    9.81    9.78   11.37   9.54  96.88

Device:         rrqm/s   wrqm/s     r/s     w/s    rkB/s    wkB/s avgrq-sz avgqu-sz   await r_await w_await  svctm  %util
vda               0.00     0.00   97.20    1.90  2838.80    11.20    57.52     1.00   10.07   10.00   14.11   9.73  96.40

Device:         rrqm/s   wrqm/s     r/s     w/s    rkB/s    wkB/s avgrq-sz avgqu-sz   await r_await w_await  svctm  %util
vda               0.00     0.00   97.00    3.70  2873.60    16.80    57.41     0.98    9.76   10.04    2.38   9.62  96.88

Device:         rrqm/s   wrqm/s     r/s     w/s    rkB/s    wkB/s avgrq-sz avgqu-sz   await r_await w_await  svctm  %util
vda               0.00     0.10   97.50    1.90  2914.80    10.00    58.85     0.99    9.96    9.98    9.05   9.73  96.76

Device:         rrqm/s   wrqm/s     r/s     w/s    rkB/s    wkB/s avgrq-sz avgqu-sz   await r_await w_await  svctm  %util
vda               0.00     0.00   99.60    1.90  2976.80    11.20    58.88     0.99    9.71    9.80    4.84   9.49  96.36

Device:         rrqm/s   wrqm/s     r/s     w/s    rkB/s    wkB/s avgrq-sz avgqu-sz   await r_await w_await  svctm  %util
vda               0.00     0.00  105.60    3.30  2959.60    15.20    54.63     1.17   10.76   10.35   23.88   8.88  96.68

Device:         rrqm/s   wrqm/s     r/s     w/s    rkB/s    wkB/s avgrq-sz avgqu-sz   await r_await w_await  svctm  %util
vda               0.00     0.00   98.90    1.60  2994.40     8.40    59.76     1.05   10.41    9.95   38.75   9.66  97.04

Device:         rrqm/s   wrqm/s     r/s     w/s    rkB/s    wkB/s avgrq-sz avgqu-sz   await r_await w_await  svctm  %util
vda               0.00     0.00   99.70    2.10  3053.60    12.40    60.24     1.00    9.80    9.92    4.19   9.45  96.24

Device:         rrqm/s   wrqm/s     r/s     w/s    rkB/s    wkB/s avgrq-sz avgqu-sz   await r_await w_await  svctm  %util
vda               0.00     0.00   97.70    2.10  3021.20    10.80    60.76     1.01   10.12   10.07   12.19   9.66  96.40

Device:         rrqm/s   wrqm/s     r/s     w/s    rkB/s    wkB/s avgrq-sz avgqu-sz   await r_await w_await  svctm  %util
vda               0.00     0.00   98.30    2.00  3191.20    11.20    63.86     1.02   10.21   10.19   11.40   9.62  96.52

Device:         rrqm/s   wrqm/s     r/s     w/s    rkB/s    wkB/s avgrq-sz avgqu-sz   await r_await w_await  svctm  %util
vda               0.00     0.10   96.60   15.00  3016.80    65.60    55.24     1.01    9.06   10.17    1.95   8.65  96.56

Device:         rrqm/s   wrqm/s     r/s     w/s    rkB/s    wkB/s avgrq-sz avgqu-sz   await r_await w_await  svctm  %util
vda               0.00     0.00   98.00    2.20  3110.00    11.60    62.31     1.03   10.22   10.25    9.09   9.61  96.28

Device:         rrqm/s   wrqm/s     r/s     w/s    rkB/s    wkB/s avgrq-sz avgqu-sz   await r_await w_await  svctm  %util
vda               0.00     0.00  100.40    1.70  3156.00     9.60    62.01     1.02    9.95    9.88   14.35   9.41  96.04

Device:         rrqm/s   wrqm/s     r/s     w/s    rkB/s    wkB/s avgrq-sz avgqu-sz   await r_await w_await  svctm  %util
vda               0.00     0.00   98.80    1.80  3074.40    11.60    61.35     1.03   10.22   10.27    7.56   9.62  96.80

Device:         rrqm/s   wrqm/s     r/s     w/s    rkB/s    wkB/s avgrq-sz avgqu-sz   await r_await w_await  svctm  %util
vda               0.00     0.10  100.70    4.40  3125.20    21.20    59.87     1.04    9.86    9.97    7.36   9.12  95.84

Device:         rrqm/s   wrqm/s     r/s     w/s    rkB/s    wkB/s avgrq-sz avgqu-sz   await r_await w_await  svctm  %util
vda               0.00     0.00  100.40    2.50  3120.80    10.00    60.85     1.03   10.03   10.18    4.16   9.36  96.36

Device:         rrqm/s   wrqm/s     r/s     w/s    rkB/s    wkB/s avgrq-sz avgqu-sz   await r_await w_await  svctm  %util
vda               0.00     0.00   97.80    0.70  2994.80     4.40    60.90     1.05   10.66   10.54   27.43   9.77  96.24

Device:         rrqm/s   wrqm/s     r/s     w/s    rkB/s    wkB/s avgrq-sz avgqu-sz   await r_await w_await  svctm  %util
vda               0.00     0.10   99.40    3.00  3001.60    14.40    58.91     1.02    9.92   10.05    5.60   9.31  95.36

Device:         rrqm/s   wrqm/s     r/s     w/s    rkB/s    wkB/s avgrq-sz avgqu-sz   await r_await w_await  svctm  %util
vda               0.00     0.00   99.70    3.00  3056.00    15.60    59.82     1.04   10.14   10.07   12.53   9.35  96.04

Device:         rrqm/s   wrqm/s     r/s     w/s    rkB/s    wkB/s avgrq-sz avgqu-sz   await r_await w_await  svctm  %util
vda               0.00     0.00  100.70    2.00  3114.80    10.40    60.86     1.02    9.97   10.04    6.60   9.34  95.96

Device:         rrqm/s   wrqm/s     r/s     w/s    rkB/s    wkB/s avgrq-sz avgqu-sz   await r_await w_await  svctm  %util
vda               0.00     0.00  100.80    1.90  3146.80     8.40    61.44     1.07   10.41   10.39   11.37   9.38  96.32

Device:         rrqm/s   wrqm/s     r/s     w/s    rkB/s    wkB/s avgrq-sz avgqu-sz   await r_await w_await  svctm  %util
vda               0.00     0.10  101.10    3.50  3220.40    16.00    61.88     1.06   10.15   10.33    5.03   9.21  96.32

Device:         rrqm/s   wrqm/s     r/s     w/s    rkB/s    wkB/s avgrq-sz avgqu-sz   await r_await w_await  svctm  %util
vda               0.00     0.00  101.30    2.80  3086.40    14.00    59.57     1.08   10.42   10.61    3.57   9.28  96.64

Device:         rrqm/s   wrqm/s     r/s     w/s    rkB/s    wkB/s avgrq-sz avgqu-sz   await r_await w_await  svctm  %util
vda               0.00     0.00  103.10    2.00  3131.60     9.20    59.77     1.08   10.28   10.26   11.20   9.15  96.16

Device:         rrqm/s   wrqm/s     r/s     w/s    rkB/s    wkB/s avgrq-sz avgqu-sz   await r_await w_await  svctm  %util
vda               0.00     0.10  101.80    3.00  3087.60    14.00    59.19     1.15   11.00   10.38   32.00   9.21  96.48

Device:         rrqm/s   wrqm/s     r/s     w/s    rkB/s    wkB/s avgrq-sz avgqu-sz   await r_await w_await  svctm  %util
vda               0.00     0.00   99.80    2.20  3086.80    11.60    60.75     1.04   10.23   10.32    6.00   9.44  96.28

Device:         rrqm/s   wrqm/s     r/s     w/s    rkB/s    wkB/s avgrq-sz avgqu-sz   await r_await w_await  svctm  %util
vda               0.00     0.00  101.50    3.00  3005.60    13.60    57.78     1.06   10.11   10.17    8.00   9.16  95.76

Device:         rrqm/s   wrqm/s     r/s     w/s    rkB/s    wkB/s avgrq-sz avgqu-sz   await r_await w_await  svctm  %util
vda               0.00     0.00  100.10    2.40  3055.60    11.20    59.84     1.07   10.42   10.58    3.67   9.35  95.80

Device:         rrqm/s   wrqm/s     r/s     w/s    rkB/s    wkB/s avgrq-sz avgqu-sz   await r_await w_await  svctm  %util
vda               0.00     0.10   99.60    4.40  3089.20    22.00    59.83     1.12   10.76   10.67   12.82   9.17  95.32

Device:         rrqm/s   wrqm/s     r/s     w/s    rkB/s    wkB/s avgrq-sz avgqu-sz   await r_await w_await  svctm  %util
vda               0.00     0.00  100.50    2.00  3073.20     9.60    60.15     1.07   10.46   10.45   10.80   9.29  95.20

Device:         rrqm/s   wrqm/s     r/s     w/s    rkB/s    wkB/s avgrq-sz avgqu-sz   await r_await w_await  svctm  %util
vda               0.00     0.00   99.90    3.10  3036.80    14.00    59.24     1.09   10.58   10.66    7.87   9.27  95.52

Device:         rrqm/s   wrqm/s     r/s     w/s    rkB/s    wkB/s avgrq-sz avgqu-sz   await r_await w_await  svctm  %util
vda               0.00     0.00   96.70    2.70  2865.20    15.60    57.96     1.03   10.36   10.56    3.26   9.66  96.04

Device:         rrqm/s   wrqm/s     r/s     w/s    rkB/s    wkB/s avgrq-sz avgqu-sz   await r_await w_await  svctm  %util
vda               0.00     0.00  100.70    2.40  3079.20    11.60    59.96     1.09   10.53   10.53   10.50   9.34  96.32

Device:         rrqm/s   wrqm/s     r/s     w/s    rkB/s    wkB/s avgrq-sz avgqu-sz   await r_await w_await  svctm  %util
vda               0.00     0.00  100.20    1.70  2963.20     8.80    58.33     1.07   10.49   10.46   12.24   9.31  94.88

Device:         rrqm/s   wrqm/s     r/s     w/s    rkB/s    wkB/s avgrq-sz avgqu-sz   await r_await w_await  svctm  %util
vda               0.00     0.00  100.90    2.90  2999.60    15.20    58.09     1.09   10.47   10.60    5.93   9.13  94.80

Device:         rrqm/s   wrqm/s     r/s     w/s    rkB/s    wkB/s avgrq-sz avgqu-sz   await r_await w_await  svctm  %util
vda               0.00     0.10   96.10    4.10  2826.00    19.60    56.80     1.12   11.18   10.63   23.90   9.37  93.88

Device:         rrqm/s   wrqm/s     r/s     w/s    rkB/s    wkB/s avgrq-sz avgqu-sz   await r_await w_await  svctm  %util
vda               0.00     0.00   99.80    1.70  3007.20     9.20    59.44     1.08   10.60   10.56   12.94   9.24  93.80

Device:         rrqm/s   wrqm/s     r/s     w/s    rkB/s    wkB/s avgrq-sz avgqu-sz   await r_await w_await  svctm  %util
vda               0.00     0.00  102.20    1.80  3029.60    11.20    58.48     1.06   10.24   10.29    7.78   9.11  94.76

Device:         rrqm/s   wrqm/s     r/s     w/s    rkB/s    wkB/s avgrq-sz avgqu-sz   await r_await w_await  svctm  %util
vda               0.00     0.00  101.50    3.30  3010.00    16.40    57.76     1.16   11.08   10.66   24.00   9.03  94.68

Device:         rrqm/s   wrqm/s     r/s     w/s    rkB/s    wkB/s avgrq-sz avgqu-sz   await r_await w_await  svctm  %util
vda               0.00     0.00  100.80    2.00  2981.20    10.40    58.20     1.08   10.47   10.58    5.20   9.17  94.24

Device:         rrqm/s   wrqm/s     r/s     w/s    rkB/s    wkB/s avgrq-sz avgqu-sz   await r_await w_await  svctm  %util
vda               0.00     0.00  100.00    1.90  2968.80    12.00    58.50     1.10   10.76   10.76   10.95   9.28  94.52

Device:         rrqm/s   wrqm/s     r/s     w/s    rkB/s    wkB/s avgrq-sz avgqu-sz   await r_await w_await  svctm  %util
vda               0.00     0.00  100.60    1.90  2976.40    10.40    58.28     1.11   10.78   10.73   13.47   9.24  94.72

Device:         rrqm/s   wrqm/s     r/s     w/s    rkB/s    wkB/s avgrq-sz avgqu-sz   await r_await w_await  svctm  %util
vda               0.00     0.10   96.10    4.30  2794.40    21.60    56.10     1.07   10.66   10.81    7.35   9.36  93.96

Device:         rrqm/s   wrqm/s     r/s     w/s    rkB/s    wkB/s avgrq-sz avgqu-sz   await r_await w_await  svctm  %util
vda               0.00     0.00   99.10    2.10  2883.20    12.80    57.23     1.14   11.28   11.35    8.38   9.35  94.60

Device:         rrqm/s   wrqm/s     r/s     w/s    rkB/s    wkB/s avgrq-sz avgqu-sz   await r_await w_await  svctm  %util
vda               0.00     0.00   99.80    1.80  2914.80    10.40    57.58     1.08   10.61   10.65    8.67   9.21  93.60

Device:         rrqm/s   wrqm/s     r/s     w/s    rkB/s    wkB/s avgrq-sz avgqu-sz   await r_await w_await  svctm  %util
vda               0.00     0.20  103.10    4.50  2925.20    19.60    54.74     1.10   10.22   10.58    1.78   8.60  92.56

Device:         rrqm/s   wrqm/s     r/s     w/s    rkB/s    wkB/s avgrq-sz avgqu-sz   await r_await w_await  svctm  %util
vda               0.00     3.90  365.10   13.90  3396.80  3726.80    37.59     6.74   17.65   16.06   59.40   2.02  76.56

Device:         rrqm/s   wrqm/s     r/s     w/s    rkB/s    wkB/s avgrq-sz avgqu-sz   await r_await w_await  svctm  %util
vda               0.00     0.00  346.20   17.30 17442.80   222.80    97.20    10.82   29.82   28.07   64.86   2.75 100.00

Device:         rrqm/s   wrqm/s     r/s     w/s    rkB/s    wkB/s avgrq-sz avgqu-sz   await r_await w_await  svctm  %util
vda               0.00     0.00  361.70    1.90 18164.00     8.00    99.96     9.77   26.82   26.90   12.84   2.75 100.00

Device:         rrqm/s   wrqm/s     r/s     w/s    rkB/s    wkB/s avgrq-sz avgqu-sz   await r_await w_await  svctm  %util
vda               0.00     0.30  354.30    6.10 17324.40   292.80    97.76     9.81   27.27   27.46   15.87   2.77 100.00

Device:         rrqm/s   wrqm/s     r/s     w/s    rkB/s    wkB/s avgrq-sz avgqu-sz   await r_await w_await  svctm  %util
vda               0.00     0.10  349.50    7.80 17399.60   274.00    98.93    10.01   27.96   28.11   21.18   2.80 100.00

Device:         rrqm/s   wrqm/s     r/s     w/s    rkB/s    wkB/s avgrq-sz avgqu-sz   await r_await w_await  svctm  %util
vda               0.00     0.10  343.66   25.87 17346.65   402.80    96.06     9.91   26.80   28.02   10.67   2.70  99.90

Device:         rrqm/s   wrqm/s     r/s     w/s    rkB/s    wkB/s avgrq-sz avgqu-sz   await r_await w_await  svctm  %util
vda               0.00     0.00  347.20    1.90 17260.00     8.40    98.93     9.83   28.23   28.30   13.89   2.86 100.00

Device:         rrqm/s   wrqm/s     r/s     w/s    rkB/s    wkB/s avgrq-sz avgqu-sz   await r_await w_await  svctm  %util
vda               0.00     0.10  339.90    4.30 16606.00   283.60    98.14     9.94   28.84   28.66   42.98   2.91 100.00

Device:         rrqm/s   wrqm/s     r/s     w/s    rkB/s    wkB/s avgrq-sz avgqu-sz   await r_await w_await  svctm  %util
vda               0.00     0.30  326.10  110.30 16175.20   972.00    78.58    12.43   28.52   29.68   25.08   2.29 100.00

Device:         rrqm/s   wrqm/s     r/s     w/s    rkB/s    wkB/s avgrq-sz avgqu-sz   await r_await w_await  svctm  %util
vda               0.00     0.00  331.40   19.40 16592.40   112.00    95.24    10.28   29.25   29.69   21.84   2.85 100.00

Device:         rrqm/s   wrqm/s     r/s     w/s    rkB/s    wkB/s avgrq-sz avgqu-sz   await r_await w_await  svctm  %util
vda               0.00     0.30  344.10    4.70 17000.40   290.00    99.14     9.84   28.26   27.96   50.72   2.87 100.00

Device:         rrqm/s   wrqm/s     r/s     w/s    rkB/s    wkB/s avgrq-sz avgqu-sz   await r_await w_await  svctm  %util
vda               0.00     0.30  329.90    5.50 16867.60   290.80   102.32    10.03   29.85   29.56   47.13   2.98 100.00

Device:         rrqm/s   wrqm/s     r/s     w/s    rkB/s    wkB/s avgrq-sz avgqu-sz   await r_await w_await  svctm  %util
vda               0.00     0.30  331.10   33.50 16664.40   496.80    94.14    10.57   28.95   29.14   27.08   2.74 100.00

Device:         rrqm/s   wrqm/s     r/s     w/s    rkB/s    wkB/s avgrq-sz avgqu-sz   await r_await w_await  svctm  %util
vda               0.00     0.30  328.60    4.90 16398.80   290.80   100.09     9.84   29.60   29.31   49.14   3.00 100.00

Device:         rrqm/s   wrqm/s     r/s     w/s    rkB/s    wkB/s avgrq-sz avgqu-sz   await r_await w_await  svctm  %util
vda               0.00     0.20  342.60   19.00 17249.60   402.80    97.63    10.09   27.87   27.63   32.19   2.77 100.00

Device:         rrqm/s   wrqm/s     r/s     w/s    rkB/s    wkB/s avgrq-sz avgqu-sz   await r_await w_await  svctm  %util
vda               0.00     0.60  335.60   17.30 16916.80   630.80    99.45    10.14   28.74   29.01   23.54   2.83 100.00

Device:         rrqm/s   wrqm/s     r/s     w/s    rkB/s    wkB/s avgrq-sz avgqu-sz   await r_await w_await  svctm  %util
vda               0.00     0.00  336.50    1.90 16943.20     8.40   100.19     9.48   27.98   28.00   25.47   2.96 100.00

Device:         rrqm/s   wrqm/s     r/s     w/s    rkB/s    wkB/s avgrq-sz avgqu-sz   await r_await w_await  svctm  %util
vda               0.00     0.60  331.40   13.60 16496.00   616.00    99.20     9.35   27.14   27.36   21.65   2.90 100.00

Device:         rrqm/s   wrqm/s     r/s     w/s    rkB/s    wkB/s avgrq-sz avgqu-sz   await r_await w_await  svctm  %util
vda               0.00     0.30  246.00   21.60 12500.40   428.40    96.63     5.20   19.57   19.45   20.89   2.96  79.08

Device:         rrqm/s   wrqm/s     r/s     w/s    rkB/s    wkB/s avgrq-sz avgqu-sz   await r_await w_await  svctm  %util
vda               0.00     0.20  100.20   16.60  5122.40   398.80    94.54     1.03    8.84    6.67   21.93   3.04  35.48

Device:         rrqm/s   wrqm/s     r/s     w/s    rkB/s    wkB/s avgrq-sz avgqu-sz   await r_await w_await  svctm  %util
vda               0.00     0.50   46.30    4.50  2226.00   559.60   109.67     0.36    7.16    4.41   35.38   3.29  16.72

Device:         rrqm/s   wrqm/s     r/s     w/s    rkB/s    wkB/s avgrq-sz avgqu-sz   await r_await w_await  svctm  %util
vda               0.00     0.40   27.80    6.20  1436.00   561.20   117.48     0.18    5.33    4.56    8.77   3.40  11.56

Device:         rrqm/s   wrqm/s     r/s     w/s    rkB/s    wkB/s avgrq-sz avgqu-sz   await r_await w_await  svctm  %util
vda               0.00     0.30    9.20    4.50   462.00   289.60   109.72     0.13    9.46    3.91   20.80   3.71   5.08

Device:         rrqm/s   wrqm/s     r/s     w/s    rkB/s    wkB/s avgrq-sz avgqu-sz   await r_await w_await  svctm  %util
vda               0.00     0.30    4.00    4.40   182.00   288.80   112.10     0.05    6.00    4.00    7.82   2.95   2.48

Device:         rrqm/s   wrqm/s     r/s     w/s    rkB/s    wkB/s avgrq-sz avgqu-sz   await r_await w_await  svctm  %util
vda               0.00     0.30    2.50    4.00   155.20   287.60   136.25     0.04    6.15    3.84    7.60   2.77   1.80

Device:         rrqm/s   wrqm/s     r/s     w/s    rkB/s    wkB/s avgrq-sz avgqu-sz   await r_await w_await  svctm  %util
vda               0.00     0.30    1.30   14.80    84.00   512.40    74.09     0.33   20.37    3.69   21.84   1.07   1.72

Device:         rrqm/s   wrqm/s     r/s     w/s    rkB/s    wkB/s avgrq-sz avgqu-sz   await r_await w_await  svctm  %util
vda               0.00     0.20    0.30    2.60    14.80   281.20   204.14     0.01    4.97    2.67    5.23   3.31   0.96

Device:         rrqm/s   wrqm/s     r/s     w/s    rkB/s    wkB/s avgrq-sz avgqu-sz   await r_await w_await  svctm  %util
vda               0.00     0.30    0.30    5.50    17.60   293.60   107.31     0.04    6.28    2.67    6.47   1.52   0.88

Device:         rrqm/s   wrqm/s     r/s     w/s    rkB/s    wkB/s avgrq-sz avgqu-sz   await r_await w_await  svctm  %util
vda               0.00     0.70    0.00    5.70     0.00   834.40   292.77     0.02    3.86    0.00    3.86   1.33   0.76

Device:         rrqm/s   wrqm/s     r/s     w/s    rkB/s    wkB/s avgrq-sz avgqu-sz   await r_await w_await  svctm  %util
vda               0.00     0.50    0.00   32.10     0.00   946.80    58.99     0.59   18.44    0.00   18.44   0.60   1.92

Device:         rrqm/s   wrqm/s     r/s     w/s    rkB/s    wkB/s avgrq-sz avgqu-sz   await r_await w_await  svctm  %util
vda               0.00     0.00    0.00    1.70     0.00     8.00     9.41     0.01    6.59    0.00    6.59   6.59   1.12

Device:         rrqm/s   wrqm/s     r/s     w/s    rkB/s    wkB/s avgrq-sz avgqu-sz   await r_await w_await  svctm  %util
vda               0.00     0.20    0.00   11.20     0.00   348.40    62.21     0.09    8.07    0.00    8.07   1.43   1.60

Device:         rrqm/s   wrqm/s     r/s     w/s    rkB/s    wkB/s avgrq-sz avgqu-sz   await r_await w_await  svctm  %util
vda               0.00     0.60    0.00   13.90     0.00   795.20   114.42     0.37   26.73    0.00   26.73   1.90   2.64

Device:         rrqm/s   wrqm/s     r/s     w/s    rkB/s    wkB/s avgrq-sz avgqu-sz   await r_await w_await  svctm  %util
vda               0.00     0.00    0.00    1.80     0.00     7.60     8.44     0.00    2.22    0.00    2.22   2.22   0.40

Device:         rrqm/s   wrqm/s     r/s     w/s    rkB/s    wkB/s avgrq-sz avgqu-sz   await r_await w_await  svctm  %util
vda               0.00     0.30    0.00    5.20     0.00   291.60   112.15     0.05    8.69    0.00    8.69   2.08   1.08

Device:         rrqm/s   wrqm/s     r/s     w/s    rkB/s    wkB/s avgrq-sz avgqu-sz   await r_await w_await  svctm  %util
vda               0.00     0.20    0.00    5.10     0.00   291.20   114.20     0.03    5.88    0.00    5.88   2.35   1.20

Device:         rrqm/s   wrqm/s     r/s     w/s    rkB/s    wkB/s avgrq-sz avgqu-sz   await r_await w_await  svctm  %util
vda               0.00     0.60    0.00   14.00     0.00   788.40   112.63     0.14   10.14    0.00   10.14   1.31   1.84

Device:         rrqm/s   wrqm/s     r/s     w/s    rkB/s    wkB/s avgrq-sz avgqu-sz   await r_await w_await  svctm  %util
vda               0.00     0.20    0.00    4.00     0.00   286.40   143.20     0.02    4.30    0.00    4.30   2.50   1.00

Device:         rrqm/s   wrqm/s     r/s     w/s    rkB/s    wkB/s avgrq-sz avgqu-sz   await r_await w_await  svctm  %util
vda               0.00     0.40    0.00    4.10     0.00   557.20   271.80     0.02    4.29    0.00    4.29   1.37   0.56

Device:         rrqm/s   wrqm/s     r/s     w/s    rkB/s    wkB/s avgrq-sz avgqu-sz   await r_await w_await  svctm  %util
vda               0.00     0.50    0.00    9.10     0.00   592.00   130.11     0.06    6.73    0.00    6.73   1.32   1.20

Device:         rrqm/s   wrqm/s     r/s     w/s    rkB/s    wkB/s avgrq-sz avgqu-sz   await r_await w_await  svctm  %util
vda               0.00     0.20    0.00    2.50     0.00   280.40   224.32     0.01    4.96    0.00    4.96   2.88   0.72

Device:         rrqm/s   wrqm/s     r/s     w/s    rkB/s    wkB/s avgrq-sz avgqu-sz   await r_await w_await  svctm  %util
vda               0.00     0.30    0.00    6.00     0.00   295.20    98.40     0.07   11.33    0.00   11.33   3.73   2.24

Device:         rrqm/s   wrqm/s     r/s     w/s    rkB/s    wkB/s avgrq-sz avgqu-sz   await r_await w_await  svctm  %util
vda               0.00     0.40    0.00    5.10     0.00   292.40   114.67     0.04    7.92    0.00    7.92   1.80   0.92

Device:         rrqm/s   wrqm/s     r/s     w/s    rkB/s    wkB/s avgrq-sz avgqu-sz   await r_await w_await  svctm  %util
vda               0.00     0.20    0.00    2.20     0.00   279.60   254.18     0.01    3.82    0.00    3.82   1.64   0.36

Device:         rrqm/s   wrqm/s     r/s     w/s    rkB/s    wkB/s avgrq-sz avgqu-sz   await r_await w_await  svctm  %util
vda               0.00     0.20    0.00    3.60     0.00   285.20   158.44     0.01    3.22    0.00    3.22   1.00   0.36

Device:         rrqm/s   wrqm/s     r/s     w/s    rkB/s    wkB/s avgrq-sz avgqu-sz   await r_await w_await  svctm  %util
vda               0.00     0.20    0.00    3.20     0.00   283.60   177.25     0.01    4.50    0.00    4.50   1.25   0.40

Device:         rrqm/s   wrqm/s     r/s     w/s    rkB/s    wkB/s avgrq-sz avgqu-sz   await r_await w_await  svctm  %util
vda               0.00     0.20    0.00    3.80     0.00   286.00   150.53     0.02    4.84    0.00    4.84   1.47   0.56

Device:         rrqm/s   wrqm/s     r/s     w/s    rkB/s    wkB/s avgrq-sz avgqu-sz   await r_await w_await  svctm  %util
vda               0.00     0.30    0.00    4.90     0.00   291.20   118.86     0.04    7.84    0.00    7.84   1.96   0.96

Device:         rrqm/s   wrqm/s     r/s     w/s    rkB/s    wkB/s avgrq-sz avgqu-sz   await r_await w_await  svctm  %util
vda               0.00     0.40    0.00    4.20     0.00   288.40   137.33     0.03    7.14    0.00    7.14   1.43   0.60

Device:         rrqm/s   wrqm/s     r/s     w/s    rkB/s    wkB/s avgrq-sz avgqu-sz   await r_await w_await  svctm  %util
vda               0.00     0.40    0.00    4.50     0.00   559.20   248.53     0.07   15.29    0.00   15.29   3.02   1.36

Device:         rrqm/s   wrqm/s     r/s     w/s    rkB/s    wkB/s avgrq-sz avgqu-sz   await r_await w_await  svctm  %util
vda               0.00     0.50    0.30    8.90     8.40   588.40   129.74     0.04    4.43    8.00    4.31   1.57   1.44

Device:         rrqm/s   wrqm/s     r/s     w/s    rkB/s    wkB/s avgrq-sz avgqu-sz   await r_await w_await  svctm  %util
vda               0.00     0.00  247.40    7.40  4664.00    35.20    36.89     1.27    5.00    4.99    5.57   3.29  83.88

Device:         rrqm/s   wrqm/s     r/s     w/s    rkB/s    wkB/s avgrq-sz avgqu-sz   await r_await w_await  svctm  %util
vda               0.00     0.00  128.90   10.90  2081.60    56.40    30.59     1.05    7.52    7.22   11.01   6.75  94.32

Device:         rrqm/s   wrqm/s     r/s     w/s    rkB/s    wkB/s avgrq-sz avgqu-sz   await r_await w_await  svctm  %util
vda               0.00     0.00  129.50    8.60  2075.20    45.60    30.71     1.02    7.35    7.17   10.09   6.85  94.56

Device:         rrqm/s   wrqm/s     r/s     w/s    rkB/s    wkB/s avgrq-sz avgqu-sz   await r_await w_await  svctm  %util
vda               0.00     0.30  126.70   13.00  2036.80    68.80    30.14     1.07    7.69    7.40   10.46   6.82  95.32

Device:         rrqm/s   wrqm/s     r/s     w/s    rkB/s    wkB/s avgrq-sz avgqu-sz   await r_await w_await  svctm  %util
vda               0.00     0.00  130.50   10.60  2094.40    55.60    30.47     1.10    7.77    7.14   15.55   6.75  95.28

Device:         rrqm/s   wrqm/s     r/s     w/s    rkB/s    wkB/s avgrq-sz avgqu-sz   await r_await w_await  svctm  %util
vda               0.00     0.00  127.40    9.50  2059.20    50.40    30.82     1.06    7.80    7.39   13.26   6.97  95.40

Device:         rrqm/s   wrqm/s     r/s     w/s    rkB/s    wkB/s avgrq-sz avgqu-sz   await r_await w_await  svctm  %util
vda               0.00     0.30  126.90   11.60  2036.80    63.20    30.32     1.06    7.65    7.40   10.34   6.89  95.36

Device:         rrqm/s   wrqm/s     r/s     w/s    rkB/s    wkB/s avgrq-sz avgqu-sz   await r_await w_await  svctm  %util
vda               0.00     0.00  128.20    9.70  2076.80    51.60    30.87     1.06    7.67    7.34   12.04   6.95  95.84

Device:         rrqm/s   wrqm/s     r/s     w/s    rkB/s    wkB/s avgrq-sz avgqu-sz   await r_await w_await  svctm  %util
vda               0.00     0.00  128.90    9.10  2105.60    48.40    31.22     1.04    7.56    7.36   10.42   6.95  95.92

Device:         rrqm/s   wrqm/s     r/s     w/s    rkB/s    wkB/s avgrq-sz avgqu-sz   await r_await w_await  svctm  %util
vda               0.00     0.00  127.70    9.20  2105.60    51.20    31.51     1.11    8.08    7.46   16.65   7.03  96.24

Device:         rrqm/s   wrqm/s     r/s     w/s    rkB/s    wkB/s avgrq-sz avgqu-sz   await r_await w_await  svctm  %util
vda               0.00     0.10  132.90   10.20  2164.00    53.60    30.99     1.18    8.25    7.60   16.82   6.70  95.92

Device:         rrqm/s   wrqm/s     r/s     w/s    rkB/s    wkB/s avgrq-sz avgqu-sz   await r_await w_await  svctm  %util
vda               0.00     0.00  128.20   12.20  2097.60    64.40    30.80     1.09    7.73    7.44   10.75   6.89  96.68

Device:         rrqm/s   wrqm/s     r/s     w/s    rkB/s    wkB/s avgrq-sz avgqu-sz   await r_await w_await  svctm  %util
vda               0.00     0.00  127.90    8.60  2105.60    48.40    31.56     1.06    7.77    7.44   12.65   7.05  96.20

Device:         rrqm/s   wrqm/s     r/s     w/s    rkB/s    wkB/s avgrq-sz avgqu-sz   await r_await w_await  svctm  %util
vda               0.00     0.20  126.20   13.80  2139.20    72.00    31.59     1.09    7.78    7.57    9.68   6.88  96.28

Device:         rrqm/s   wrqm/s     r/s     w/s    rkB/s    wkB/s avgrq-sz avgqu-sz   await r_await w_await  svctm  %util
vda               0.00     0.00  128.40    9.90  2185.60    52.00    32.36     1.07    7.74    7.47   11.23   6.96  96.20

Device:         rrqm/s   wrqm/s     r/s     w/s    rkB/s    wkB/s avgrq-sz avgqu-sz   await r_await w_await  svctm  %util
vda               0.00     0.00  130.20   18.50  2203.60    89.60    30.84     1.18    7.94    7.93    8.02   6.50  96.68

Device:         rrqm/s   wrqm/s     r/s     w/s    rkB/s    wkB/s avgrq-sz avgqu-sz   await r_await w_await  svctm  %util
vda               0.00     0.50  120.50   20.60  2030.40   100.00    30.20     1.38    9.83    7.99   20.56   6.83  96.32

Device:         rrqm/s   wrqm/s     r/s     w/s    rkB/s    wkB/s avgrq-sz avgqu-sz   await r_await w_await  svctm  %util
vda               0.00     0.10  127.20   13.10  2179.20    65.60    32.00     1.11    7.94    7.62   11.05   6.85  96.12

Device:         rrqm/s   wrqm/s     r/s     w/s    rkB/s    wkB/s avgrq-sz avgqu-sz   await r_await w_await  svctm  %util
vda               0.00     0.00  125.20    9.60  2144.00    53.20    32.60     1.10    8.18    7.72   14.25   7.14  96.20

Device:         rrqm/s   wrqm/s     r/s     w/s    rkB/s    wkB/s avgrq-sz avgqu-sz   await r_await w_await  svctm  %util
vda               0.00     0.00  126.10   11.50  2188.80    60.80    32.70     1.15    8.33    7.78   14.33   7.00  96.28

Device:         rrqm/s   wrqm/s     r/s     w/s    rkB/s    wkB/s avgrq-sz avgqu-sz   await r_await w_await  svctm  %util
vda               0.00     0.10  124.10   11.80  2148.80    63.20    32.55     1.10    8.09    7.74   11.86   7.11  96.60

Device:         rrqm/s   wrqm/s     r/s     w/s    rkB/s    wkB/s avgrq-sz avgqu-sz   await r_await w_await  svctm  %util
vda               0.00     0.00  128.70   12.30  2246.40    64.40    32.78     1.24    8.76    7.62   20.68   6.81  96.00

Device:         rrqm/s   wrqm/s     r/s     w/s    rkB/s    wkB/s avgrq-sz avgqu-sz   await r_await w_await  svctm  %util
vda               0.00     0.00  123.20   12.40  2105.60    67.20    32.05     1.11    8.19    7.76   12.52   7.06  95.72

Device:         rrqm/s   wrqm/s     r/s     w/s    rkB/s    wkB/s avgrq-sz avgqu-sz   await r_await w_await  svctm  %util
vda               0.00     0.00  127.40   11.00  2196.80    60.00    32.61     1.10    7.98    7.60   12.33   6.89  95.32

Device:         rrqm/s   wrqm/s     r/s     w/s    rkB/s    wkB/s avgrq-sz avgqu-sz   await r_await w_await  svctm  %util
vda               0.00     0.10  124.90   13.40  2161.60    72.80    32.31     1.12    8.12    7.74   11.64   6.90  95.48

Device:         rrqm/s   wrqm/s     r/s     w/s    rkB/s    wkB/s avgrq-sz avgqu-sz   await r_await w_await  svctm  %util
vda               0.00     0.00  128.10   10.30  2163.20    56.40    32.08     1.10    7.97    7.55   13.24   6.87  95.08

Device:         rrqm/s   wrqm/s     r/s     w/s    rkB/s    wkB/s avgrq-sz avgqu-sz   await r_await w_await  svctm  %util
vda               0.00     0.00  125.70   14.50  2147.20    75.60    31.71     1.13    8.06    7.73   10.98   6.85  96.04

Device:         rrqm/s   wrqm/s     r/s     w/s    rkB/s    wkB/s avgrq-sz avgqu-sz   await r_await w_await  svctm  %util
vda               0.00     0.10  126.70   12.90  2209.60    70.80    32.67     1.13    8.06    7.62   12.37   6.86  95.72

Device:         rrqm/s   wrqm/s     r/s     w/s    rkB/s    wkB/s avgrq-sz avgqu-sz   await r_await w_await  svctm  %util
vda               0.00     0.00  124.20   13.30  2107.20    70.80    31.68     1.19    8.65    7.83   16.39   6.95  95.56

Device:         rrqm/s   wrqm/s     r/s     w/s    rkB/s    wkB/s avgrq-sz avgqu-sz   await r_await w_await  svctm  %util
vda               0.00     0.00  127.50   13.50  2176.00    71.60    31.88     1.14    8.08    7.70   11.67   6.77  95.44

Device:         rrqm/s   wrqm/s     r/s     w/s    rkB/s    wkB/s avgrq-sz avgqu-sz   await r_await w_await  svctm  %util
vda               0.00     0.00  121.40   13.40  2072.40    71.20    31.80     1.12    8.37    8.06   11.19   7.12  95.96

Device:         rrqm/s   wrqm/s     r/s     w/s    rkB/s    wkB/s avgrq-sz avgqu-sz   await r_await w_await  svctm  %util
vda               0.00     0.10  119.80   15.90  2019.20    84.80    31.01     1.20    8.86    8.41   12.28   6.99  94.80

Device:         rrqm/s   wrqm/s     r/s     w/s    rkB/s    wkB/s avgrq-sz avgqu-sz   await r_await w_await  svctm  %util
vda               0.00     0.00  123.20   14.50  2075.20    78.80    31.29     1.13    8.21    7.74   12.19   6.95  95.68

Device:         rrqm/s   wrqm/s     r/s     w/s    rkB/s    wkB/s avgrq-sz avgqu-sz   await r_await w_await  svctm  %util
vda               0.00     0.00  124.00   14.90  2139.60    79.60    31.95     1.16    8.37    8.01   11.36   6.93  96.20

Device:         rrqm/s   wrqm/s     r/s     w/s    rkB/s    wkB/s avgrq-sz avgqu-sz   await r_await w_await  svctm  %util
vda               0.00     0.30  124.70   14.30  2113.60    76.80    31.52     1.13    8.12    7.77   11.16   6.79  94.36

Device:         rrqm/s   wrqm/s     r/s     w/s    rkB/s    wkB/s avgrq-sz avgqu-sz   await r_await w_await  svctm  %util
vda               0.00     0.00  117.40   16.30  1990.40    87.60    31.08     1.15    8.61    8.17   11.83   7.11  95.12

Device:         rrqm/s   wrqm/s     r/s     w/s    rkB/s    wkB/s avgrq-sz avgqu-sz   await r_await w_await  svctm  %util
vda               0.00     1.90  119.10   15.80  2019.20    90.80    31.28     1.16    8.57    8.23   11.14   7.07  95.32

Device:         rrqm/s   wrqm/s     r/s     w/s    rkB/s    wkB/s avgrq-sz avgqu-sz   await r_await w_await  svctm  %util
vda               0.00     0.00  119.00   14.00  2044.80    76.00    31.89     1.15    8.63    8.14   12.77   7.19  95.64

Device:         rrqm/s   wrqm/s     r/s     w/s    rkB/s    wkB/s avgrq-sz avgqu-sz   await r_await w_await  svctm  %util
vda               0.00     0.30  121.50   16.60  2075.20    88.80    31.34     1.15    8.36    8.05   10.63   6.84  94.48

Device:         rrqm/s   wrqm/s     r/s     w/s    rkB/s    wkB/s avgrq-sz avgqu-sz   await r_await w_await  svctm  %util
vda               0.00     0.50  116.40   16.80  1968.00    90.80    30.91     1.20    9.03    8.48   12.83   7.15  95.24

Device:         rrqm/s   wrqm/s     r/s     w/s    rkB/s    wkB/s avgrq-sz avgqu-sz   await r_await w_await  svctm  %util
vda               0.00     0.50  117.00   15.60  1992.00    86.40    31.35     1.19    8.94    8.15   14.85   7.16  94.88

Device:         rrqm/s   wrqm/s     r/s     w/s    rkB/s    wkB/s avgrq-sz avgqu-sz   await r_await w_await  svctm  %util
vda               0.00     0.50  115.60   17.70  1934.40    94.80    30.45     1.40   10.48    8.42   23.95   7.11  94.80

Device:         rrqm/s   wrqm/s     r/s     w/s    rkB/s    wkB/s avgrq-sz avgqu-sz   await r_await w_await  svctm  %util
vda               0.00     0.70  118.10   18.80  1975.60   102.40    30.36     1.23    8.96    8.11   14.26   6.93  94.84

Device:         rrqm/s   wrqm/s     r/s     w/s    rkB/s    wkB/s avgrq-sz avgqu-sz   await r_await w_await  svctm  %util
vda               0.00     1.00  125.40   14.80  2120.00    80.40    31.39     1.14    8.10    7.80   10.68   6.70  94.00

Device:         rrqm/s   wrqm/s     r/s     w/s    rkB/s    wkB/s avgrq-sz avgqu-sz   await r_await w_await  svctm  %util
vda               0.00     1.40  115.90   20.30  1963.20   109.60    30.44     1.22    8.92    8.53   11.09   7.00  95.32

Device:         rrqm/s   wrqm/s     r/s     w/s    rkB/s    wkB/s avgrq-sz avgqu-sz   await r_await w_await  svctm  %util
vda               0.00     2.00  116.90   18.60  1964.80   106.80    30.58     1.21    8.95    8.49   11.83   6.98  94.60

Device:         rrqm/s   wrqm/s     r/s     w/s    rkB/s    wkB/s avgrq-sz avgqu-sz   await r_await w_await  svctm  %util
vda               0.00     0.90  119.40   17.30  2011.20    94.80    30.81     1.19    8.72    8.22   12.16   6.91  94.52

Device:         rrqm/s   wrqm/s     r/s     w/s    rkB/s    wkB/s avgrq-sz avgqu-sz   await r_await w_await  svctm  %util
vda               0.00     1.10  116.10   19.00  1926.40   105.60    30.08     1.20    8.84    8.34   11.94   6.98  94.28

Device:         rrqm/s   wrqm/s     r/s     w/s    rkB/s    wkB/s avgrq-sz avgqu-sz   await r_await w_await  svctm  %util
vda               0.00     1.40  115.00   21.90  1918.40   118.00    29.75     1.22    8.95    8.60   10.78   6.90  94.48

Device:         rrqm/s   wrqm/s     r/s     w/s    rkB/s    wkB/s avgrq-sz avgqu-sz   await r_await w_await  svctm  %util
vda               0.00     2.10  114.70   18.60  1928.00   107.20    30.54     1.19    8.95    8.44   12.11   7.07  94.28

Device:         rrqm/s   wrqm/s     r/s     w/s    rkB/s    wkB/s avgrq-sz avgqu-sz   await r_await w_await  svctm  %util
vda               0.00     0.90  116.80   19.00  1952.00   106.00    30.31     1.20    8.85    8.38   11.68   6.86  93.16

Device:         rrqm/s   wrqm/s     r/s     w/s    rkB/s    wkB/s avgrq-sz avgqu-sz   await r_await w_await  svctm  %util
vda               0.00     1.70  111.70   21.00  1865.60   116.80    29.88     1.21    9.12    8.65   11.62   7.07  93.76

Device:         rrqm/s   wrqm/s     r/s     w/s    rkB/s    wkB/s avgrq-sz avgqu-sz   await r_await w_await  svctm  %util
vda               0.00     1.20  111.30   19.70  1857.60   107.60    30.00     1.25    9.49    8.97   12.43   7.15  93.68

Device:         rrqm/s   wrqm/s     r/s     w/s    rkB/s    wkB/s avgrq-sz avgqu-sz   await r_await w_await  svctm  %util
vda               0.00     0.50  112.40   19.70  1867.60   106.40    29.89     1.25    9.46    8.94   12.41   7.12  94.08

Device:         rrqm/s   wrqm/s     r/s     w/s    rkB/s    wkB/s avgrq-sz avgqu-sz   await r_await w_await  svctm  %util
vda               0.00     1.10  114.80   19.70  1904.00   108.00    29.92     1.20    8.98    8.43   12.18   6.97  93.72

Device:         rrqm/s   wrqm/s     r/s     w/s    rkB/s    wkB/s avgrq-sz avgqu-sz   await r_await w_await  svctm  %util
vda               0.00     1.60  110.90   20.20  1837.20   112.00    29.74     1.31   10.01    8.55   18.00   7.10  93.12

Device:         rrqm/s   wrqm/s     r/s     w/s    rkB/s    wkB/s avgrq-sz avgqu-sz   await r_await w_await  svctm  %util
vda               0.00     2.30  112.90   21.30  1854.80   120.00    29.43     1.21    9.00    8.56   11.34   6.88  92.32

Device:         rrqm/s   wrqm/s     r/s     w/s    rkB/s    wkB/s avgrq-sz avgqu-sz   await r_await w_await  svctm  %util
vda               0.00     4.60  115.50   21.40  1820.40   128.80    28.48     1.32    9.61    9.14   12.17   6.81  93.28

Device:         rrqm/s   wrqm/s     r/s     w/s    rkB/s    wkB/s avgrq-sz avgqu-sz   await r_await w_await  svctm  %util
vda               0.00     1.50  114.60   24.90  1805.60   130.80    27.76     1.41   10.07    9.64   12.06   6.64  92.60

Device:         rrqm/s   wrqm/s     r/s     w/s    rkB/s    wkB/s avgrq-sz avgqu-sz   await r_await w_await  svctm  %util
vda               0.00     1.50  111.00   19.90  1830.40   111.20    29.67     1.21    9.24    8.66   12.48   7.04  92.16

Device:         rrqm/s   wrqm/s     r/s     w/s    rkB/s    wkB/s avgrq-sz avgqu-sz   await r_await w_await  svctm  %util
vda               0.00     1.30   31.60    9.40   517.20    50.80    27.71     0.34    8.30    8.28    8.38   6.43  26.36

Device:         rrqm/s   wrqm/s     r/s     w/s    rkB/s    wkB/s avgrq-sz avgqu-sz   await r_await w_await  svctm  %util
vda               0.00     0.00    0.00    1.90     0.00     8.40     8.84     0.01    4.00    0.00    4.00   4.00   0.76

Device:         rrqm/s   wrqm/s     r/s     w/s    rkB/s    wkB/s avgrq-sz avgqu-sz   await r_await w_await  svctm  %util
vda               0.00     0.20    0.00    3.50     0.00    16.80     9.60     0.00    1.26    0.00    1.26   1.26   0.44

