========== START: Container mongo Memory STATS ==============
cache 62636032
rss 37941248
rss_huge 0
mapped_file 36913152
writeback 0
pgpgin 120663
pgpgout 96108
pgfault 184166
pgmajfault 488
inactive_anon 49152
active_anon 37969920
inactive_file 47812608
active_file 14741504
unevictable 4096
hierarchical_memory_limit 9223372036854771712
total_cache 62636032
total_rss 37941248
total_rss_huge 0
total_mapped_file 36913152
total_writeback 0
total_pgpgin 120663
total_pgpgout 96108
total_pgfault 184166
total_pgmajfault 488
total_inactive_anon 49152
total_active_anon 37969920
total_inactive_file 47812608
total_active_file 14741504
total_unevictable 4096
======== END Container STATS ======
java -cp /home/ubuntu/ycsb_mongo/mongodb-binding/conf:/home/ubuntu/ycsb_mongo/conf:/home/ubuntu/ycsb_mongo/lib/jackson-mapper-asl-1.9.4.jar:/home/ubuntu/ycsb_mongo/lib/jackson-core-asl-1.9.4.jar:/home/ubuntu/ycsb_mongo/lib/htrace-core4-4.1.0-incubating.jar:/home/ubuntu/ycsb_mongo/lib/core-0.12.0.jar:/home/ubuntu/ycsb_mongo/lib/HdrHistogram-2.1.4.jar:/home/ubuntu/ycsb_mongo/mongodb-binding/lib/mongo-java-driver-3.0.3.jar:/home/ubuntu/ycsb_mongo/mongodb-binding/lib/logback-core-1.1.2.jar:/home/ubuntu/ycsb_mongo/mongodb-binding/lib/mongodb-binding-0.12.0.jar:/home/ubuntu/ycsb_mongo/mongodb-binding/lib/logback-classic-1.1.2.jar:/home/ubuntu/ycsb_mongo/mongodb-binding/lib/mongodb-async-driver-2.0.1.jar:/home/ubuntu/ycsb_mongo/mongodb-binding/lib/slf4j-api-1.6.4.jar com.yahoo.ycsb.Client -db com.yahoo.ycsb.db.MongoDbClient -s -P /home/ubuntu/ycsb_mongo/workloads/workload1 -p mongodb.url=mongodb://10.0.3.220:27017/ycsb?w=0 -p maxexecutiontime=600 -t
YCSB Client 0.12.0
Command line: -db com.yahoo.ycsb.db.MongoDbClient -s -P /home/ubuntu/ycsb_mongo/workloads/workload1 -p mongodb.url=mongodb://10.0.3.220:27017/ycsb?w=0 -p maxexecutiontime=600 -t
Loading workload...
Starting test.
Maximum execution time specified as: 600 secs
2017-05-24 00:53:22:108 0 sec: 0 operations; est completion in 0 seconds 
mongo client connection created with mongodb://10.0.3.220:27017/ycsb?w=0
DBWrapper: report latency for each error is false and specific error codes to track for latency are: []
2017-05-24 00:53:31:769 10 sec: 378 operations; 37.8 current ops/sec; est completion in 3 days 1 hours [READ: Count=378, Max=151039, Min=2128, Avg=23763.4, 90=35423, 99=49503, 99.9=151039, 99.99=151039] 
2017-05-24 00:53:41:769 20 sec: 984 operations; 60.6 current ops/sec; est completion in 2 days 8 hours [READ: Count=606, Max=76991, Min=324, Avg=16429, 90=27503, 99=41055, 99.9=56415, 99.99=76991] 
2017-05-24 00:53:51:769 30 sec: 1856 operations; 87.2 current ops/sec; est completion in 1 days 20 hours [READ: Count=872, Max=51519, Min=290, Avg=11457.95, 90=20415, 99=33215, 99.9=41471, 99.99=51519] 
2017-05-24 00:54:01:769 40 sec: 2925 operations; 106.9 current ops/sec; est completion in 1 days 13 hours [READ: Count=1069, Max=44287, Min=234, Avg=9334.06, 90=14487, 99=29503, 99.9=40703, 99.99=44287] 
2017-05-24 00:54:11:769 50 sec: 4057 operations; 113.2 current ops/sec; est completion in 1 days 10 hours [READ: Count=1132, Max=41759, Min=219, Avg=8814.55, 90=13679, 99=21663, 99.9=40831, 99.99=41759] 
2017-05-24 00:54:21:769 60 sec: 5210 operations; 115.3 current ops/sec; est completion in 1 days 7 hours [READ: Count=1153, Max=83903, Min=189, Avg=8663.58, 90=13695, 99=32511, 99.9=46143, 99.99=83903] 
2017-05-24 00:54:31:769 70 sec: 6409 operations; 119.9 current ops/sec; est completion in 1 days 6 hours [READ: Count=1199, Max=51103, Min=172, Avg=8321.64, 90=13383, 99=17295, 99.9=43647, 99.99=51103] 
2017-05-24 00:54:41:769 80 sec: 7614 operations; 120.5 current ops/sec; est completion in 1 days 5 hours [READ: Count=1205, Max=51007, Min=172, Avg=8278.95, 90=13159, 99=15943, 99.9=38719, 99.99=51007] 
2017-05-24 00:54:51:769 90 sec: 8814 operations; 120 current ops/sec; est completion in 1 days 4 hours [READ: Count=1200, Max=39935, Min=169, Avg=8327.37, 90=13263, 99=20447, 99.9=39519, 99.99=39935] 
2017-05-24 00:55:01:769 100 sec: 10067 operations; 125.3 current ops/sec; est completion in 1 days 3 hours [READ: Count=1253, Max=43807, Min=131, Avg=7969.94, 90=13647, 99=17583, 99.9=39615, 99.99=43807] 
2017-05-24 00:55:11:769 110 sec: 11339 operations; 127.2 current ops/sec; est completion in 1 days 2 hours [READ: Count=1272, Max=38047, Min=109, Avg=7852.29, 90=12871, 99=16127, 99.9=37375, 99.99=38047] 
2017-05-24 00:55:21:769 120 sec: 12596 operations; 125.7 current ops/sec; est completion in 1 days 2 hours [READ: Count=1257, Max=45535, Min=100, Avg=7957.81, 90=13343, 99=19071, 99.9=41663, 99.99=45535] 
2017-05-24 00:55:31:769 130 sec: 13940 operations; 134.4 current ops/sec; est completion in 1 days 1 hours [READ: Count=1344, Max=42943, Min=93, Avg=7431.58, 90=12599, 99=15727, 99.9=38367, 99.99=42943] 
2017-05-24 00:55:41:769 140 sec: 15264 operations; 132.4 current ops/sec; est completion in 1 days 1 hours [READ: Count=1324, Max=40831, Min=95, Avg=7541.02, 90=12919, 99=16511, 99.9=38719, 99.99=40831] 
2017-05-24 00:55:51:769 150 sec: 16604 operations; 134 current ops/sec; est completion in 1 days 1 hours [READ: Count=1340, Max=42687, Min=98, Avg=7467.76, 90=12791, 99=18447, 99.9=41023, 99.99=42687] 
2017-05-24 00:56:01:769 160 sec: 17989 operations; 138.5 current ops/sec; est completion in 1 days [READ: Count=1385, Max=44095, Min=92, Avg=7210.64, 90=12791, 99=17791, 99.9=40479, 99.99=44095] 
2017-05-24 00:56:11:769 170 sec: 19388 operations; 139.9 current ops/sec; est completion in 1 days [READ: Count=1399, Max=40191, Min=93, Avg=7140.85, 90=12911, 99=16167, 99.9=39359, 99.99=40191] 
2017-05-24 00:56:21:769 180 sec: 20813 operations; 142.5 current ops/sec; est completion in 23 hours 58 minutes [READ: Count=1425, Max=55999, Min=92, Avg=7017.69, 90=12479, 99=16015, 99.9=44575, 99.99=55999] 
2017-05-24 00:56:31:769 190 sec: 22266 operations; 145.3 current ops/sec; est completion in 23 hours 39 minutes [READ: Count=1453, Max=50015, Min=92, Avg=6877.35, 90=13007, 99=16431, 99.9=38495, 99.99=50015] 
2017-05-24 00:56:41:769 200 sec: 23692 operations; 142.6 current ops/sec; est completion in 23 hours 23 minutes [READ: Count=1426, Max=39455, Min=95, Avg=7012.96, 90=12703, 99=18815, 99.9=38463, 99.99=39455] 
2017-05-24 00:56:51:769 210 sec: 25195 operations; 150.3 current ops/sec; est completion in 23 hours 5 minutes [READ: Count=1503, Max=53567, Min=92, Avg=6647.81, 90=12439, 99=17087, 99.9=38303, 99.99=53567] 
2017-05-24 00:57:01:769 220 sec: 26719 operations; 152.4 current ops/sec; est completion in 22 hours 48 minutes [READ: Count=1524, Max=47103, Min=90, Avg=6559.84, 90=12751, 99=19055, 99.9=36863, 99.99=47103] 
2017-05-24 00:57:11:769 230 sec: 28289 operations; 157 current ops/sec; est completion in 22 hours 31 minutes [READ: Count=1570, Max=50687, Min=93, Avg=6365.06, 90=12479, 99=18431, 99.9=43423, 99.99=50687] 
2017-05-24 00:57:21:769 240 sec: 29780 operations; 149.1 current ops/sec; est completion in 22 hours 19 minutes [READ: Count=1491, Max=42751, Min=94, Avg=6699.31, 90=12679, 99=19535, 99.9=39487, 99.99=42751] 
2017-05-24 00:57:31:769 250 sec: 31297 operations; 151.7 current ops/sec; est completion in 22 hours 7 minutes [READ: Count=1517, Max=42143, Min=92, Avg=6594.14, 90=13231, 99=18111, 99.9=37247, 99.99=42143] 
2017-05-24 00:57:41:769 260 sec: 32882 operations; 158.5 current ops/sec; est completion in 21 hours 53 minutes [READ: Count=1585, Max=56863, Min=92, Avg=6305.85, 90=12935, 99=20015, 99.9=46047, 99.99=56863] 
2017-05-24 00:57:51:769 270 sec: 34580 operations; 169.8 current ops/sec; est completion in 21 hours 36 minutes [READ: Count=1698, Max=40895, Min=91, Avg=5881.18, 90=12335, 99=19679, 99.9=37471, 99.99=40895] 
2017-05-24 00:58:01:769 280 sec: 36260 operations; 168 current ops/sec; est completion in 21 hours 22 minutes [READ: Count=1680, Max=42079, Min=91, Avg=5951.07, 90=12543, 99=20143, 99.9=35487, 99.99=42079] 
2017-05-24 00:58:11:769 290 sec: 37982 operations; 172.2 current ops/sec; est completion in 21 hours 7 minutes [READ: Count=1722, Max=52031, Min=93, Avg=5801.31, 90=12535, 99=18911, 99.9=34335, 99.99=52031] 
2017-05-24 00:58:21:769 300 sec: 39783 operations; 180.1 current ops/sec; est completion in 20 hours 51 minutes [READ: Count=1801, Max=38463, Min=91, Avg=5543.87, 90=12343, 99=20207, 99.9=37567, 99.99=38463] 
2017-05-24 00:58:31:769 310 sec: 41633 operations; 185 current ops/sec; est completion in 20 hours 35 minutes [READ: Count=1850, Max=41567, Min=90, Avg=5406.34, 90=12039, 99=18991, 99.9=39583, 99.99=41567] 
2017-05-24 00:58:41:769 320 sec: 43498 operations; 186.5 current ops/sec; est completion in 20 hours 20 minutes [READ: Count=1865, Max=40255, Min=90, Avg=5358.27, 90=12367, 99=19711, 99.9=36095, 99.99=40255] 
2017-05-24 00:58:51:769 330 sec: 45376 operations; 187.8 current ops/sec; est completion in 20 hours 6 minutes [READ: Count=1878, Max=61151, Min=91, Avg=5318.64, 90=12671, 99=17711, 99.9=35615, 99.99=61151] 
2017-05-24 00:59:01:769 340 sec: 47317 operations; 194.1 current ops/sec; est completion in 19 hours 51 minutes [READ: Count=1941, Max=52159, Min=89, Avg=5147.9, 90=12143, 99=19071, 99.9=36927, 99.99=52159] 
2017-05-24 00:59:11:769 350 sec: 49259 operations; 194.2 current ops/sec; est completion in 19 hours 38 minutes [READ: Count=1942, Max=44543, Min=91, Avg=5149.96, 90=12199, 99=21615, 99.9=39903, 99.99=44543] 
2017-05-24 00:59:21:769 360 sec: 51281 operations; 202.2 current ops/sec; est completion in 19 hours 24 minutes [READ: Count=2022, Max=47199, Min=90, Avg=4940.43, 90=12647, 99=19359, 99.9=36543, 99.99=47199] 
2017-05-24 00:59:31:769 370 sec: 53420 operations; 213.9 current ops/sec; est completion in 19 hours 8 minutes [READ: Count=2139, Max=55359, Min=90, Avg=4676.08, 90=11823, 99=19007, 99.9=37535, 99.99=55359] 
2017-05-24 00:59:41:769 380 sec: 55623 operations; 220.3 current ops/sec; est completion in 18 hours 52 minutes [READ: Count=2203, Max=48607, Min=90, Avg=4535.01, 90=12031, 99=19039, 99.9=39135, 99.99=48607] 
2017-05-24 00:59:51:769 390 sec: 57836 operations; 221.3 current ops/sec; est completion in 18 hours 37 minutes [READ: Count=2213, Max=41119, Min=91, Avg=4517.54, 90=11743, 99=19135, 99.9=37375, 99.99=41119] 
2017-05-24 01:00:01:769 400 sec: 60123 operations; 228.7 current ops/sec; est completion in 18 hours 22 minutes [READ: Count=2287, Max=50175, Min=90, Avg=4364.07, 90=11623, 99=18479, 99.9=36703, 99.99=50175] 
2017-05-24 01:00:11:769 410 sec: 62431 operations; 230.8 current ops/sec; est completion in 18 hours 7 minutes [READ: Count=2308, Max=57759, Min=92, Avg=4333.56, 90=11879, 99=19999, 99.9=40959, 99.99=57759] 
2017-05-24 01:00:21:769 420 sec: 64939 operations; 250.8 current ops/sec; est completion in 17 hours 50 minutes [READ: Count=2508, Max=43263, Min=89, Avg=3987.34, 90=11719, 99=18527, 99.9=34719, 99.99=43263] 
2017-05-24 01:00:31:769 430 sec: 67469 operations; 253 current ops/sec; est completion in 17 hours 35 minutes [READ: Count=2530, Max=38207, Min=89, Avg=3948.81, 90=11447, 99=18287, 99.9=34623, 99.99=38207] 
2017-05-24 01:00:41:769 440 sec: 70076 operations; 260.7 current ops/sec; est completion in 17 hours 19 minutes [READ: Count=2607, Max=40543, Min=91, Avg=3832.5, 90=11575, 99=19071, 99.9=32831, 99.99=40543] 
2017-05-24 01:00:51:769 450 sec: 72692 operations; 261.6 current ops/sec; est completion in 17 hours 4 minutes [READ: Count=2616, Max=49183, Min=91, Avg=3821.69, 90=11607, 99=19247, 99.9=33599, 99.99=49183] 
2017-05-24 01:01:01:769 460 sec: 75509 operations; 281.7 current ops/sec; est completion in 16 hours 47 minutes [READ: Count=2817, Max=52127, Min=90, Avg=3547.02, 90=11063, 99=18735, 99.9=39391, 99.99=52127] 
2017-05-24 01:01:11:769 470 sec: 78307 operations; 279.8 current ops/sec; est completion in 16 hours 32 minutes [READ: Count=2798, Max=42367, Min=89, Avg=3573.19, 90=11191, 99=20191, 99.9=38175, 99.99=42367] 
2017-05-24 01:01:21:769 480 sec: 81196 operations; 288.9 current ops/sec; est completion in 16 hours 17 minutes [READ: Count=2889, Max=43391, Min=92, Avg=3458.46, 90=11007, 99=18607, 99.9=32607, 99.99=43391] 
2017-05-24 01:01:31:769 490 sec: 84363 operations; 316.7 current ops/sec; est completion in 15 hours 59 minutes [READ: Count=3167, Max=40831, Min=88, Avg=3153.92, 90=10759, 99=17775, 99.9=34175, 99.99=40831] 
2017-05-24 01:01:41:769 500 sec: 87638 operations; 327.5 current ops/sec; est completion in 15 hours 42 minutes [READ: Count=3275, Max=55359, Min=90, Avg=3051.89, 90=10727, 99=17679, 99.9=37247, 99.99=55359] 
2017-05-24 01:01:51:769 510 sec: 90974 operations; 333.6 current ops/sec; est completion in 15 hours 25 minutes [READ: Count=3336, Max=52479, Min=122, Avg=2992.96, 90=10543, 99=18431, 99.9=34591, 99.99=52479] 
2017-05-24 01:02:01:769 520 sec: 94383 operations; 340.9 current ops/sec; est completion in 15 hours 9 minutes [READ: Count=3409, Max=38687, Min=105, Avg=2932.97, 90=10663, 99=18063, 99.9=37343, 99.99=38687] 
2017-05-24 01:02:11:769 530 sec: 97944 operations; 356.1 current ops/sec; est completion in 14 hours 53 minutes [READ: Count=3561, Max=39903, Min=88, Avg=2804.94, 90=10671, 99=19487, 99.9=32079, 99.99=39903] 
2017-05-24 01:02:21:769 540 sec: 101777 operations; 383.3 current ops/sec; est completion in 14 hours 35 minutes [READ: Count=3833, Max=74303, Min=89, Avg=2604.76, 90=10303, 99=18495, 99.9=31423, 99.99=74303] 
2017-05-24 01:02:31:769 550 sec: 105649 operations; 387.2 current ops/sec; est completion in 14 hours 18 minutes [READ: Count=3872, Max=73855, Min=89, Avg=2580.78, 90=10183, 99=18815, 99.9=35711, 99.99=73855] 
2017-05-24 01:02:41:769 560 sec: 109210 operations; 356.1 current ops/sec; est completion in 14 hours 5 minutes [READ: Count=3561, Max=90879, Min=88, Avg=2441.66, 90=9887, 99=18351, 99.9=29583, 99.99=90879] 
2017-05-24 01:02:51:769 570 sec: 113389 operations; 417.9 current ops/sec; est completion in 13 hours 48 minutes [READ: Count=4179, Max=1842175, Min=91, Avg=2702, 90=9455, 99=17615, 99.9=32831, 99.99=1842175] 
2017-05-24 01:03:01:769 580 sec: 118114 operations; 472.5 current ops/sec; est completion in 13 hours 28 minutes [READ: Count=4725, Max=89215, Min=90, Avg=2113.75, 90=9415, 99=17743, 99.9=36703, 99.99=89215] 
2017-05-24 01:03:11:769 590 sec: 123195 operations; 508.1 current ops/sec; est completion in 13 hours 8 minutes [READ: Count=5081, Max=71487, Min=122, Avg=1963.83, 90=8615, 99=18351, 99.9=37983, 99.99=43007] 
2017-05-24 01:03:21:769 600 sec: 128421 operations; 522.6 current ops/sec; est completion in 12 hours 48 minutes [READ: Count=5226, Max=62079, Min=90, Avg=1912.19, 90=8455, 99=19039, 99.9=34175, 99.99=58847] 
Maximum time elapsed. Requesting stop for the workload.
Stop requested for workload. Now Joining!
2017-05-24 01:03:21:785 600 sec: 128427 operations; 375 current ops/sec; est completion in 12 hours 48 minutes [CLEANUP: Count=1, Max=1420, Min=1420, Avg=1420, 90=1420, 99=1420, 99.9=1420, 99.99=1420] [READ: Count=6, Max=11151, Min=160, Avg=3789.5, 90=10895, 99=11151, 99.9=11151, 99.99=11151] 
[OVERALL], RunTime(ms), 600016.0
[OVERALL], Throughput(ops/sec), 214.03929228553906
[TOTAL_GCS_PS_Scavenge], Count, 213.0
[TOTAL_GC_TIME_PS_Scavenge], Time(ms), 339.0
[TOTAL_GC_TIME_%_PS_Scavenge], Time(%), 0.05649849337351003
[TOTAL_GCS_PS_MarkSweep], Count, 0.0
[TOTAL_GC_TIME_PS_MarkSweep], Time(ms), 0.0
[TOTAL_GC_TIME_%_PS_MarkSweep], Time(%), 0.0
[TOTAL_GCs], Count, 213.0
[TOTAL_GC_TIME], Time(ms), 339.0
[TOTAL_GC_TIME_%], Time(%), 0.05649849337351003
[CLEANUP], Operations, 1.0
[CLEANUP], AverageLatency(us), 1420.0
[CLEANUP], MinLatency(us), 1420.0
[CLEANUP], MaxLatency(us), 1420.0
[CLEANUP], 95thPercentileLatency(us), 1420.0
[CLEANUP], 99thPercentileLatency(us), 1420.0
[READ], Operations, 128427.0
[READ], AverageLatency(us), 4660.039602264322
[READ], MinLatency(us), 88.0
[READ], MaxLatency(us), 1842175.0
[READ], 95thPercentileLatency(us), 14455.0
[READ], 99thPercentileLatency(us), 20879.0
[READ], Return=OK, 128427
========== STOP: Container mongo Memory STATS ==============
cache 741011456
rss 258932736
rss_huge 0
mapped_file 8720384
writeback 0
pgpgin 941892
pgpgout 697765
pgfault 243728
pgmajfault 533
inactive_anon 129622016
active_anon 129380352
inactive_file 371019776
active_file 369917952
unevictable 4096
hierarchical_memory_limit 999997440
total_cache 741011456
total_rss 258932736
total_rss_huge 0
total_mapped_file 8720384
total_writeback 0
total_pgpgin 941892
total_pgpgout 697765
total_pgfault 243728
total_pgmajfault 533
total_inactive_anon 129622016
total_active_anon 129380352
total_inactive_file 371019776
total_active_file 369917952
total_unevictable 4096
======== END Container STATS ======
