========== START: Container mongo Memory STATS ==============
cache 62619648
rss 37408768
rss_huge 0
mapped_file 36761600
writeback 0
pgpgin 121216
pgpgout 96795
pgfault 185391
pgmajfault 487
inactive_anon 49152
active_anon 37433344
inactive_file 47779840
active_file 14761984
unevictable 4096
hierarchical_memory_limit 9223372036854771712
total_cache 62619648
total_rss 37408768
total_rss_huge 0
total_mapped_file 36761600
total_writeback 0
total_pgpgin 121216
total_pgpgout 96795
total_pgfault 185391
total_pgmajfault 487
total_inactive_anon 49152
total_active_anon 37433344
total_inactive_file 47779840
total_active_file 14761984
total_unevictable 4096
======== END Container STATS ======
java -cp /home/ubuntu/ycsb_mongo/mongodb-binding/conf:/home/ubuntu/ycsb_mongo/conf:/home/ubuntu/ycsb_mongo/lib/jackson-mapper-asl-1.9.4.jar:/home/ubuntu/ycsb_mongo/lib/jackson-core-asl-1.9.4.jar:/home/ubuntu/ycsb_mongo/lib/htrace-core4-4.1.0-incubating.jar:/home/ubuntu/ycsb_mongo/lib/core-0.12.0.jar:/home/ubuntu/ycsb_mongo/lib/HdrHistogram-2.1.4.jar:/home/ubuntu/ycsb_mongo/mongodb-binding/lib/mongo-java-driver-3.0.3.jar:/home/ubuntu/ycsb_mongo/mongodb-binding/lib/logback-core-1.1.2.jar:/home/ubuntu/ycsb_mongo/mongodb-binding/lib/mongodb-binding-0.12.0.jar:/home/ubuntu/ycsb_mongo/mongodb-binding/lib/logback-classic-1.1.2.jar:/home/ubuntu/ycsb_mongo/mongodb-binding/lib/mongodb-async-driver-2.0.1.jar:/home/ubuntu/ycsb_mongo/mongodb-binding/lib/slf4j-api-1.6.4.jar com.yahoo.ycsb.Client -db com.yahoo.ycsb.db.MongoDbClient -s -P /home/ubuntu/ycsb_mongo/workloads/workload1 -p mongodb.url=mongodb://10.0.3.220:27017/ycsb?w=0 -p maxexecutiontime=600 -t
YCSB Client 0.12.0
Command line: -db com.yahoo.ycsb.db.MongoDbClient -s -P /home/ubuntu/ycsb_mongo/workloads/workload1 -p mongodb.url=mongodb://10.0.3.220:27017/ycsb?w=0 -p maxexecutiontime=600 -t
Loading workload...
Starting test.
Maximum execution time specified as: 600 secs
2017-05-24 00:28:40:972 0 sec: 0 operations; est completion in 0 seconds 
mongo client connection created with mongodb://10.0.3.220:27017/ycsb?w=0
DBWrapper: report latency for each error is false and specific error codes to track for latency are: []
2017-05-24 00:28:50:568 10 sec: 380 operations; 38 current ops/sec; est completion in 3 days 1 hours [READ: Count=380, Max=142847, Min=4244, Avg=23432.38, 90=34079, 99=57087, 99.9=142847, 99.99=142847] 
2017-05-24 00:29:00:568 20 sec: 970 operations; 59 current ops/sec; est completion in 2 days 9 hours [READ: Count=590, Max=73215, Min=330, Avg=16931.72, 90=29455, 99=40671, 99.9=48287, 99.99=73215] 
2017-05-24 00:29:10:568 30 sec: 1848 operations; 87.8 current ops/sec; est completion in 1 days 21 hours [READ: Count=878, Max=48383, Min=286, Avg=11372.11, 90=19295, 99=35839, 99.9=46783, 99.99=48383] 
2017-05-24 00:29:20:568 40 sec: 2917 operations; 106.9 current ops/sec; est completion in 1 days 14 hours [READ: Count=1069, Max=78847, Min=229, Avg=9329.43, 90=14687, 99=26447, 99.9=41215, 99.99=78847] 
2017-05-24 00:29:30:568 50 sec: 4053 operations; 113.6 current ops/sec; est completion in 1 days 10 hours [READ: Count=1136, Max=38975, Min=218, Avg=8788.99, 90=13695, 99=25359, 99.9=38879, 99.99=38975] 
2017-05-24 00:29:40:568 60 sec: 5206 operations; 115.3 current ops/sec; est completion in 1 days 7 hours [READ: Count=1153, Max=50879, Min=193, Avg=8663.37, 90=13351, 99=33375, 99.9=47103, 99.99=50879] 
2017-05-24 00:29:50:568 70 sec: 6415 operations; 120.9 current ops/sec; est completion in 1 days 6 hours [READ: Count=1209, Max=51551, Min=171, Avg=8256.14, 90=13215, 99=15879, 99.9=39935, 99.99=51551] 
2017-05-24 00:30:00:568 80 sec: 7614 operations; 119.9 current ops/sec; est completion in 1 days 5 hours [READ: Count=1199, Max=49951, Min=165, Avg=8328.1, 90=13359, 99=16263, 99.9=43039, 99.99=49951] 
2017-05-24 00:30:10:568 90 sec: 8848 operations; 123.4 current ops/sec; est completion in 1 days 4 hours [READ: Count=1234, Max=44799, Min=163, Avg=8084.76, 90=13287, 99=16159, 99.9=43551, 99.99=44799] 
2017-05-24 00:30:20:568 100 sec: 10122 operations; 127.4 current ops/sec; est completion in 1 days 3 hours [READ: Count=1274, Max=39167, Min=125, Avg=7828.12, 90=12831, 99=16151, 99.9=38911, 99.99=39167] 
2017-05-24 00:30:30:568 110 sec: 11378 operations; 125.6 current ops/sec; est completion in 1 days 2 hours [READ: Count=1256, Max=54591, Min=106, Avg=7958.63, 90=13415, 99=17135, 99.9=40319, 99.99=54591] 
2017-05-24 00:30:40:568 120 sec: 12688 operations; 131 current ops/sec; est completion in 1 days 2 hours [READ: Count=1310, Max=60479, Min=100, Avg=7632.22, 90=12479, 99=18959, 99.9=42047, 99.99=60479] 
2017-05-24 00:30:50:568 130 sec: 13992 operations; 130.4 current ops/sec; est completion in 1 days 1 hours [READ: Count=1304, Max=42847, Min=94, Avg=7664.53, 90=12927, 99=16255, 99.9=38079, 99.99=42847] 
2017-05-24 00:31:00:568 140 sec: 15320 operations; 132.8 current ops/sec; est completion in 1 days 1 hours [READ: Count=1328, Max=42367, Min=96, Avg=7528.73, 90=13055, 99=17135, 99.9=37823, 99.99=42367] 
2017-05-24 00:31:10:568 150 sec: 16599 operations; 127.9 current ops/sec; est completion in 1 days 1 hours [READ: Count=1279, Max=64095, Min=94, Avg=7813.86, 90=13471, 99=30127, 99.9=58367, 99.99=64095] 
2017-05-24 00:31:20:568 160 sec: 17981 operations; 138.2 current ops/sec; est completion in 1 days [READ: Count=1382, Max=48607, Min=92, Avg=7229.73, 90=13063, 99=16607, 99.9=44255, 99.99=48607] 
2017-05-24 00:31:30:568 170 sec: 19402 operations; 142.1 current ops/sec; est completion in 1 days [READ: Count=1421, Max=38591, Min=93, Avg=7036.82, 90=12711, 99=17343, 99.9=38399, 99.99=38591] 
2017-05-24 00:31:40:568 180 sec: 20805 operations; 140.3 current ops/sec; est completion in 23 hours 58 minutes [READ: Count=1403, Max=40799, Min=91, Avg=7124.47, 90=12831, 99=18511, 99.9=40063, 99.99=40799] 
2017-05-24 00:31:50:568 190 sec: 22217 operations; 141.2 current ops/sec; est completion in 23 hours 42 minutes [READ: Count=1412, Max=41023, Min=92, Avg=7079.84, 90=13183, 99=16415, 99.9=36895, 99.99=41023] 
2017-05-24 00:32:00:568 200 sec: 23679 operations; 146.2 current ops/sec; est completion in 23 hours 24 minutes [READ: Count=1462, Max=41631, Min=90, Avg=6838.08, 90=13103, 99=18719, 99.9=41023, 99.99=41631] 
2017-05-24 00:32:10:568 210 sec: 25133 operations; 145.4 current ops/sec; est completion in 23 hours 9 minutes [READ: Count=1454, Max=38559, Min=91, Avg=6878.51, 90=12671, 99=19695, 99.9=38207, 99.99=38559] 
2017-05-24 00:32:20:568 220 sec: 26626 operations; 149.3 current ops/sec; est completion in 22 hours 53 minutes [READ: Count=1493, Max=39679, Min=91, Avg=6692.68, 90=13087, 99=19663, 99.9=38623, 99.99=39679] 
2017-05-24 00:32:30:568 230 sec: 28188 operations; 156.2 current ops/sec; est completion in 22 hours 36 minutes [READ: Count=1562, Max=46847, Min=90, Avg=6400.49, 90=12367, 99=19023, 99.9=41887, 99.99=46847] 
2017-05-24 00:32:40:568 240 sec: 29713 operations; 152.5 current ops/sec; est completion in 22 hours 22 minutes [READ: Count=1525, Max=42911, Min=91, Avg=6550.17, 90=12791, 99=19055, 99.9=34847, 99.99=42911] 
2017-05-24 00:32:50:568 250 sec: 31318 operations; 160.5 current ops/sec; est completion in 22 hours 6 minutes [READ: Count=1605, Max=40671, Min=89, Avg=6231.69, 90=12487, 99=18847, 99.9=37727, 99.99=40671] 
2017-05-24 00:33:00:568 260 sec: 32932 operations; 161.4 current ops/sec; est completion in 21 hours 51 minutes [READ: Count=1614, Max=48607, Min=92, Avg=6194.51, 90=12727, 99=19567, 99.9=43103, 99.99=48607] 
2017-05-24 00:33:10:568 270 sec: 34532 operations; 160 current ops/sec; est completion in 21 hours 38 minutes [READ: Count=1600, Max=38687, Min=91, Avg=6246.32, 90=12551, 99=18815, 99.9=38367, 99.99=38687] 
2017-05-24 00:33:20:568 280 sec: 36192 operations; 166 current ops/sec; est completion in 21 hours 24 minutes [READ: Count=1660, Max=43711, Min=90, Avg=6022.71, 90=13143, 99=19887, 99.9=38591, 99.99=43711] 
2017-05-24 00:33:30:568 290 sec: 37882 operations; 169 current ops/sec; est completion in 21 hours 11 minutes [READ: Count=1690, Max=47679, Min=91, Avg=5909.87, 90=12583, 99=20127, 99.9=41503, 99.99=47679] 
2017-05-24 00:33:40:568 300 sec: 39611 operations; 172.9 current ops/sec; est completion in 20 hours 57 minutes [READ: Count=1729, Max=40831, Min=93, Avg=5786.78, 90=12687, 99=19199, 99.9=35967, 99.99=40831] 
2017-05-24 00:33:50:568 310 sec: 41352 operations; 174.1 current ops/sec; est completion in 20 hours 44 minutes [READ: Count=1741, Max=42015, Min=91, Avg=5738.07, 90=12807, 99=19247, 99.9=37023, 99.99=42015] 
2017-05-24 00:34:00:568 320 sec: 43175 operations; 182.3 current ops/sec; est completion in 20 hours 29 minutes [READ: Count=1823, Max=48479, Min=90, Avg=5485.83, 90=12039, 99=20607, 99.9=40255, 99.99=48479] 
2017-05-24 00:34:10:568 330 sec: 45125 operations; 195 current ops/sec; est completion in 20 hours 13 minutes [READ: Count=1950, Max=59327, Min=91, Avg=5125.19, 90=11959, 99=19903, 99.9=37663, 99.99=59327] 
2017-05-24 00:34:20:568 340 sec: 47068 operations; 194.3 current ops/sec; est completion in 19 hours 58 minutes [READ: Count=1943, Max=50655, Min=90, Avg=5138.1, 90=11847, 99=18879, 99.9=37503, 99.99=50655] 
2017-05-24 00:34:30:568 350 sec: 49069 operations; 200.1 current ops/sec; est completion in 19 hours 42 minutes [READ: Count=2001, Max=44927, Min=89, Avg=5001.04, 90=12007, 99=19951, 99.9=41727, 99.99=44927] 
2017-05-24 00:34:40:568 360 sec: 51180 operations; 211.1 current ops/sec; est completion in 19 hours 26 minutes [READ: Count=2111, Max=44607, Min=89, Avg=4734.78, 90=12039, 99=19871, 99.9=40031, 99.99=44607] 
2017-05-24 00:34:50:568 370 sec: 53245 operations; 206.5 current ops/sec; est completion in 19 hours 12 minutes [READ: Count=2065, Max=42719, Min=90, Avg=4830.97, 90=12375, 99=20447, 99.9=38271, 99.99=42719] 
2017-05-24 00:35:00:568 380 sec: 55339 operations; 209.4 current ops/sec; est completion in 18 hours 58 minutes [READ: Count=2094, Max=50911, Min=90, Avg=4778.99, 90=12007, 99=19551, 99.9=41695, 99.99=50911] 
2017-05-24 00:35:10:568 390 sec: 57607 operations; 226.8 current ops/sec; est completion in 18 hours 41 minutes [READ: Count=2268, Max=40991, Min=89, Avg=4407.41, 90=11847, 99=19359, 99.9=34079, 99.99=40991] 
2017-05-24 00:35:20:568 400 sec: 59839 operations; 223.2 current ops/sec; est completion in 18 hours 27 minutes [READ: Count=2232, Max=50175, Min=110, Avg=4479.08, 90=12031, 99=21199, 99.9=38015, 99.99=50175] 
2017-05-24 00:35:30:568 410 sec: 62093 operations; 225.4 current ops/sec; est completion in 18 hours 13 minutes [READ: Count=2254, Max=42431, Min=91, Avg=4432.17, 90=11959, 99=18303, 99.9=38879, 99.99=42431] 
2017-05-24 00:35:40:568 420 sec: 64436 operations; 234.3 current ops/sec; est completion in 17 hours 59 minutes [READ: Count=2343, Max=42335, Min=90, Avg=4266.92, 90=12015, 99=20911, 99.9=37151, 99.99=42335] 
2017-05-24 00:35:50:568 430 sec: 66924 operations; 248.8 current ops/sec; est completion in 17 hours 43 minutes [READ: Count=2488, Max=44863, Min=90, Avg=4013.43, 90=11367, 99=18463, 99.9=42815, 99.99=44863] 
2017-05-24 00:36:00:568 440 sec: 69523 operations; 259.9 current ops/sec; est completion in 17 hours 27 minutes [READ: Count=2599, Max=48383, Min=91, Avg=3846.26, 90=11311, 99=19151, 99.9=33855, 99.99=48383] 
2017-05-24 00:36:10:568 450 sec: 72131 operations; 260.8 current ops/sec; est completion in 17 hours 12 minutes [READ: Count=2608, Max=41311, Min=93, Avg=3828.66, 90=11495, 99=20191, 99.9=38431, 99.99=41311] 
2017-05-24 00:36:20:568 460 sec: 74878 operations; 274.7 current ops/sec; est completion in 16 hours 56 minutes [READ: Count=2747, Max=38687, Min=89, Avg=3638.42, 90=11423, 99=20063, 99.9=34175, 99.99=38687] 
2017-05-24 00:36:30:568 470 sec: 77799 operations; 292.1 current ops/sec; est completion in 16 hours 39 minutes [READ: Count=2921, Max=51775, Min=88, Avg=3421.91, 90=11103, 99=18623, 99.9=38111, 99.99=51775] 
2017-05-24 00:36:40:568 480 sec: 80801 operations; 300.2 current ops/sec; est completion in 16 hours 22 minutes [READ: Count=3002, Max=39775, Min=89, Avg=3329.23, 90=10823, 99=18559, 99.9=32687, 99.99=39775] 
2017-05-24 00:36:50:568 490 sec: 83777 operations; 297.6 current ops/sec; est completion in 16 hours 6 minutes [READ: Count=2976, Max=39839, Min=89, Avg=3358.27, 90=11183, 99=18639, 99.9=33887, 99.99=39839] 
2017-05-24 00:37:00:568 500 sec: 87030 operations; 325.3 current ops/sec; est completion in 15 hours 49 minutes [READ: Count=3253, Max=49215, Min=88, Avg=3069.99, 90=10607, 99=18223, 99.9=32831, 99.99=49215] 
2017-05-24 00:37:10:568 510 sec: 90146 operations; 311.6 current ops/sec; est completion in 15 hours 34 minutes [READ: Count=3116, Max=40831, Min=91, Avg=3205.12, 90=10839, 99=18015, 99.9=33279, 99.99=40831] 
2017-05-24 00:37:20:568 520 sec: 93544 operations; 339.8 current ops/sec; est completion in 15 hours 17 minutes [READ: Count=3398, Max=40607, Min=91, Avg=2942.15, 90=10583, 99=18879, 99.9=34015, 99.99=40607] 
2017-05-24 00:37:30:568 530 sec: 97133 operations; 358.9 current ops/sec; est completion in 15 hours [READ: Count=3589, Max=43295, Min=88, Avg=2783.82, 90=10415, 99=18799, 99.9=36063, 99.99=43295] 
2017-05-24 00:37:40:568 540 sec: 100882 operations; 374.9 current ops/sec; est completion in 14 hours 43 minutes [READ: Count=3749, Max=42495, Min=88, Avg=2662.3, 90=10303, 99=17919, 99.9=29407, 99.99=42495] 
2017-05-24 00:37:50:568 550 sec: 104418 operations; 353.6 current ops/sec; est completion in 14 hours 28 minutes [READ: Count=3536, Max=41279, Min=90, Avg=2825.93, 90=10551, 99=18111, 99.9=30495, 99.99=41279] 
2017-05-24 00:38:00:568 560 sec: 108196 operations; 377.8 current ops/sec; est completion in 14 hours 13 minutes [READ: Count=3778, Max=41375, Min=106, Avg=2644.48, 90=10295, 99=18607, 99.9=35103, 99.99=41375] 
2017-05-24 00:38:10:568 570 sec: 111881 operations; 368.5 current ops/sec; est completion in 13 hours 59 minutes [READ: Count=3685, Max=52095, Min=89, Avg=2711.21, 90=10151, 99=18495, 99.9=27679, 99.99=52095] 
2017-05-24 00:38:20:568 580 sec: 115353 operations; 347.2 current ops/sec; est completion in 13 hours 48 minutes [READ: Count=3472, Max=40095, Min=95, Avg=2877.72, 90=10671, 99=18847, 99.9=35615, 99.99=40095] 
2017-05-24 00:38:30:568 590 sec: 118934 operations; 358.1 current ops/sec; est completion in 13 hours 36 minutes [READ: Count=3581, Max=41279, Min=88, Avg=2786.07, 90=10351, 99=18927, 99.9=34591, 99.99=41279] 
2017-05-24 00:38:40:568 600 sec: 122566 operations; 363.2 current ops/sec; est completion in 13 hours 25 minutes [READ: Count=3632, Max=42239, Min=104, Avg=2752.25, 90=10295, 99=17711, 99.9=27631, 99.99=42239] 
Maximum time elapsed. Requesting stop for the workload.
Stop requested for workload. Now Joining!
2017-05-24 00:38:40:575 600 sec: 122567 operations; 142.86 current ops/sec; est completion in 13 hours 25 minutes [CLEANUP: Count=1, Max=1294, Min=1294, Avg=1294, 90=1294, 99=1294, 99.9=1294, 99.99=1294] [READ: Count=1, Max=11111, Min=11104, Avg=11108, 90=11111, 99=11111, 99.9=11111, 99.99=11111] 
[OVERALL], RunTime(ms), 600008.0
[OVERALL], Throughput(ops/sec), 204.2756096585379
[TOTAL_GCS_PS_Scavenge], Count, 203.0
[TOTAL_GC_TIME_PS_Scavenge], Time(ms), 270.0
[TOTAL_GC_TIME_%_PS_Scavenge], Time(%), 0.044999400007999894
[TOTAL_GCS_PS_MarkSweep], Count, 0.0
[TOTAL_GC_TIME_PS_MarkSweep], Time(ms), 0.0
[TOTAL_GC_TIME_%_PS_MarkSweep], Time(%), 0.0
[TOTAL_GCs], Count, 203.0
[TOTAL_GC_TIME], Time(ms), 270.0
[TOTAL_GC_TIME_%], Time(%), 0.044999400007999894
[CLEANUP], Operations, 1.0
[CLEANUP], AverageLatency(us), 1294.0
[CLEANUP], MinLatency(us), 1294.0
[CLEANUP], MaxLatency(us), 1294.0
[CLEANUP], 95thPercentileLatency(us), 1294.0
[CLEANUP], 99thPercentileLatency(us), 1294.0
[READ], Operations, 122567.0
[READ], AverageLatency(us), 4882.560942178564
[READ], MinLatency(us), 88.0
[READ], MaxLatency(us), 142847.0
[READ], 95thPercentileLatency(us), 14559.0
[READ], 99thPercentileLatency(us), 21263.0
[READ], Return=OK, 122567
========== STOP: Container mongo Memory STATS ==============
cache 743002112
rss 256811008
rss_huge 0
mapped_file 8605696
writeback 0
pgpgin 907999
pgpgout 663904
pgfault 243914
pgmajfault 528
inactive_anon 129150976
active_anon 127729664
inactive_file 371830784
active_file 371097600
unevictable 4096
hierarchical_memory_limit 999997440
total_cache 743002112
total_rss 256811008
total_rss_huge 0
total_mapped_file 8605696
total_writeback 0
total_pgpgin 907999
total_pgpgout 663904
total_pgfault 243914
total_pgmajfault 528
total_inactive_anon 129150976
total_active_anon 127729664
total_inactive_file 371830784
total_active_file 371097600
total_unevictable 4096
======== END Container STATS ======
