========== START: Container mongo Memory STATS ==============
cache 62611456
rss 37994496
rss_huge 0
mapped_file 36917248
writeback 0
pgpgin 120896
pgpgout 96334
pgfault 183942
pgmajfault 488
inactive_anon 53248
active_anon 38019072
inactive_file 47808512
active_file 14721024
unevictable 4096
hierarchical_memory_limit 9223372036854771712
total_cache 62611456
total_rss 37994496
total_rss_huge 0
total_mapped_file 36917248
total_writeback 0
total_pgpgin 120896
total_pgpgout 96334
total_pgfault 183942
total_pgmajfault 488
total_inactive_anon 53248
total_active_anon 38019072
total_inactive_file 47808512
total_active_file 14721024
total_unevictable 4096
======== END Container STATS ======
java -cp /home/ubuntu/ycsb_mongo/mongodb-binding/conf:/home/ubuntu/ycsb_mongo/conf:/home/ubuntu/ycsb_mongo/lib/jackson-mapper-asl-1.9.4.jar:/home/ubuntu/ycsb_mongo/lib/jackson-core-asl-1.9.4.jar:/home/ubuntu/ycsb_mongo/lib/htrace-core4-4.1.0-incubating.jar:/home/ubuntu/ycsb_mongo/lib/core-0.12.0.jar:/home/ubuntu/ycsb_mongo/lib/HdrHistogram-2.1.4.jar:/home/ubuntu/ycsb_mongo/mongodb-binding/lib/mongo-java-driver-3.0.3.jar:/home/ubuntu/ycsb_mongo/mongodb-binding/lib/logback-core-1.1.2.jar:/home/ubuntu/ycsb_mongo/mongodb-binding/lib/mongodb-binding-0.12.0.jar:/home/ubuntu/ycsb_mongo/mongodb-binding/lib/logback-classic-1.1.2.jar:/home/ubuntu/ycsb_mongo/mongodb-binding/lib/mongodb-async-driver-2.0.1.jar:/home/ubuntu/ycsb_mongo/mongodb-binding/lib/slf4j-api-1.6.4.jar com.yahoo.ycsb.Client -db com.yahoo.ycsb.db.MongoDbClient -s -P /home/ubuntu/ycsb_mongo/workloads/workload1 -p mongodb.url=mongodb://10.0.3.220:27017/ycsb?w=0 -p maxexecutiontime=600 -t
YCSB Client 0.12.0
Command line: -db com.yahoo.ycsb.db.MongoDbClient -s -P /home/ubuntu/ycsb_mongo/workloads/workload1 -p mongodb.url=mongodb://10.0.3.220:27017/ycsb?w=0 -p maxexecutiontime=600 -t
Loading workload...
Starting test.
Maximum execution time specified as: 600 secs
2017-05-24 11:47:12:841 0 sec: 0 operations; est completion in 0 seconds 
mongo client connection created with mongodb://10.0.3.220:27017/ycsb?w=0
DBWrapper: report latency for each error is false and specific error codes to track for latency are: []
2017-05-24 11:47:22:462 10 sec: 377 operations; 37.7 current ops/sec; est completion in 3 days 1 hours [READ: Count=377, Max=122431, Min=3846, Avg=23612.2, 90=34399, 99=55327, 99.9=122431, 99.99=122431] 
2017-05-24 11:47:32:462 20 sec: 970 operations; 59.3 current ops/sec; est completion in 2 days 9 hours [READ: Count=593, Max=80383, Min=332, Avg=16797, 90=28015, 99=43935, 99.9=72255, 99.99=80383] 
2017-05-24 11:47:42:462 30 sec: 1806 operations; 83.6 current ops/sec; est completion in 1 days 22 hours [READ: Count=836, Max=86143, Min=299, Avg=11948.52, 90=21423, 99=37055, 99.9=56639, 99.99=86143] 
2017-05-24 11:47:52:462 40 sec: 2879 operations; 107.3 current ops/sec; est completion in 1 days 14 hours [READ: Count=1073, Max=74879, Min=251, Avg=9309.14, 90=14455, 99=25423, 99.9=38943, 99.99=74879] 
2017-05-24 11:48:02:462 50 sec: 3991 operations; 111.2 current ops/sec; est completion in 1 days 10 hours [READ: Count=1112, Max=50943, Min=220, Avg=8975.39, 90=13767, 99=28575, 99.9=45983, 99.99=50943] 
2017-05-24 11:48:12:462 60 sec: 5139 operations; 114.8 current ops/sec; est completion in 1 days 8 hours [READ: Count=1148, Max=44287, Min=199, Avg=8697.92, 90=13175, 99=33023, 99.9=42783, 99.99=44287] 
2017-05-24 11:48:22:462 70 sec: 6351 operations; 121.2 current ops/sec; est completion in 1 days 6 hours [READ: Count=1212, Max=36607, Min=172, Avg=8230.02, 90=13175, 99=18607, 99.9=36511, 99.99=36607] 
2017-05-24 11:48:32:462 80 sec: 7555 operations; 120.4 current ops/sec; est completion in 1 days 5 hours [READ: Count=1204, Max=40095, Min=171, Avg=8293.37, 90=13023, 99=16015, 99.9=37375, 99.99=40095] 
2017-05-24 11:48:42:462 90 sec: 8783 operations; 122.8 current ops/sec; est completion in 1 days 4 hours [READ: Count=1228, Max=41439, Min=167, Avg=8131.09, 90=12895, 99=16215, 99.9=41023, 99.99=41439] 
2017-05-24 11:48:52:462 100 sec: 10018 operations; 123.5 current ops/sec; est completion in 1 days 3 hours [READ: Count=1235, Max=45567, Min=169, Avg=8088.4, 90=13271, 99=16047, 99.9=39231, 99.99=45567] 
2017-05-24 11:49:02:462 110 sec: 11303 operations; 128.5 current ops/sec; est completion in 1 days 3 hours [READ: Count=1285, Max=41791, Min=110, Avg=7773.24, 90=12647, 99=15663, 99.9=39615, 99.99=41791] 
2017-05-24 11:49:12:462 120 sec: 12550 operations; 124.7 current ops/sec; est completion in 1 days 2 hours [READ: Count=1247, Max=43871, Min=101, Avg=8017.43, 90=13351, 99=19695, 99.9=42623, 99.99=43871] 
2017-05-24 11:49:22:462 130 sec: 13835 operations; 128.5 current ops/sec; est completion in 1 days 2 hours [READ: Count=1285, Max=43231, Min=97, Avg=7780.99, 90=13311, 99=16815, 99.9=38207, 99.99=43231] 
2017-05-24 11:49:32:462 140 sec: 15164 operations; 132.9 current ops/sec; est completion in 1 days 1 hours [READ: Count=1329, Max=43807, Min=93, Avg=7518.41, 90=12727, 99=16143, 99.9=35103, 99.99=43807] 
2017-05-24 11:49:42:462 150 sec: 16550 operations; 138.6 current ops/sec; est completion in 1 days 1 hours [READ: Count=1386, Max=40255, Min=94, Avg=7212.87, 90=12823, 99=15935, 99.9=37279, 99.99=40255] 
2017-05-24 11:49:52:462 160 sec: 17889 operations; 133.9 current ops/sec; est completion in 1 days [READ: Count=1339, Max=41311, Min=91, Avg=7463.26, 90=13135, 99=19519, 99.9=40959, 99.99=41311] 
2017-05-24 11:50:02:462 170 sec: 19224 operations; 133.5 current ops/sec; est completion in 1 days [READ: Count=1335, Max=46527, Min=93, Avg=7490.08, 90=13471, 99=18431, 99.9=43167, 99.99=46527] 
2017-05-24 11:50:12:462 180 sec: 20615 operations; 139.1 current ops/sec; est completion in 1 days [READ: Count=1391, Max=40191, Min=93, Avg=7187.18, 90=13223, 99=18239, 99.9=37471, 99.99=40191] 
2017-05-24 11:50:22:462 190 sec: 22071 operations; 145.6 current ops/sec; est completion in 23 hours 51 minutes [READ: Count=1456, Max=45023, Min=93, Avg=6862.82, 90=12639, 99=16111, 99.9=38783, 99.99=45023] 
2017-05-24 11:50:32:462 200 sec: 23582 operations; 151.1 current ops/sec; est completion in 23 hours 30 minutes [READ: Count=1511, Max=38847, Min=95, Avg=6615.26, 90=12535, 99=16639, 99.9=34655, 99.99=38847] 
2017-05-24 11:50:42:462 210 sec: 25101 operations; 151.9 current ops/sec; est completion in 23 hours 10 minutes [READ: Count=1519, Max=44095, Min=91, Avg=6582.48, 90=12399, 99=19679, 99.9=37919, 99.99=44095] 
2017-05-24 11:50:52:462 220 sec: 26607 operations; 150.6 current ops/sec; est completion in 22 hours 54 minutes [READ: Count=1506, Max=41407, Min=90, Avg=6639.06, 90=12999, 99=19471, 99.9=38591, 99.99=41407] 
2017-05-24 11:51:02:462 230 sec: 28141 operations; 153.4 current ops/sec; est completion in 22 hours 38 minutes [READ: Count=1534, Max=41247, Min=90, Avg=6514.85, 90=13295, 99=19039, 99.9=37183, 99.99=41247] 
2017-05-24 11:51:12:462 240 sec: 29723 operations; 158.2 current ops/sec; est completion in 22 hours 21 minutes [READ: Count=1582, Max=40895, Min=90, Avg=6315.93, 90=12599, 99=19919, 99.9=35167, 99.99=40895] 
2017-05-24 11:51:22:462 250 sec: 31200 operations; 147.7 current ops/sec; est completion in 22 hours 11 minutes [READ: Count=1477, Max=41567, Min=93, Avg=6771.26, 90=12951, 99=18287, 99.9=40351, 99.99=41567] 
2017-05-24 11:51:32:462 260 sec: 32800 operations; 160 current ops/sec; est completion in 21 hours 56 minutes [READ: Count=1600, Max=37087, Min=89, Avg=6243.63, 90=13031, 99=19007, 99.9=34239, 99.99=37087] 
2017-05-24 11:51:42:462 270 sec: 34488 operations; 168.8 current ops/sec; est completion in 21 hours 40 minutes [READ: Count=1688, Max=46143, Min=90, Avg=5926.32, 90=12327, 99=18543, 99.9=34271, 99.99=46143] 
2017-05-24 11:51:52:462 280 sec: 36171 operations; 168.3 current ops/sec; est completion in 21 hours 25 minutes [READ: Count=1683, Max=41503, Min=90, Avg=5938.46, 90=12791, 99=19423, 99.9=36031, 99.99=41503] 
2017-05-24 11:52:02:462 290 sec: 38002 operations; 183.1 current ops/sec; est completion in 21 hours 7 minutes [READ: Count=1831, Max=45631, Min=89, Avg=5454.17, 90=12079, 99=18751, 99.9=41151, 99.99=45631] 
2017-05-24 11:52:12:462 300 sec: 39763 operations; 176.1 current ops/sec; est completion in 20 hours 52 minutes [READ: Count=1761, Max=41983, Min=91, Avg=5674.48, 90=12599, 99=19311, 99.9=35839, 99.99=41983] 
2017-05-24 11:52:22:462 310 sec: 41603 operations; 184 current ops/sec; est completion in 20 hours 36 minutes [READ: Count=1840, Max=35839, Min=90, Avg=5438.76, 90=12311, 99=19231, 99.9=27311, 99.99=35839] 
2017-05-24 11:52:32:462 320 sec: 43400 operations; 179.7 current ops/sec; est completion in 20 hours 23 minutes [READ: Count=1797, Max=42303, Min=90, Avg=5561.59, 90=13015, 99=18799, 99.9=37471, 99.99=42303] 
2017-05-24 11:52:42:462 330 sec: 45284 operations; 188.4 current ops/sec; est completion in 20 hours 9 minutes [READ: Count=1884, Max=38975, Min=89, Avg=5302.06, 90=12479, 99=19775, 99.9=34527, 99.99=38975] 
2017-05-24 11:52:52:462 340 sec: 47143 operations; 185.9 current ops/sec; est completion in 19 hours 56 minutes [READ: Count=1859, Max=44095, Min=91, Avg=5377.51, 90=12255, 99=18943, 99.9=40447, 99.99=44095] 
2017-05-24 11:53:02:462 350 sec: 49039 operations; 189.6 current ops/sec; est completion in 19 hours 43 minutes [READ: Count=1896, Max=43391, Min=90, Avg=5271.68, 90=12703, 99=19951, 99.9=38655, 99.99=43391] 
2017-05-24 11:53:12:462 360 sec: 51024 operations; 198.5 current ops/sec; est completion in 19 hours 29 minutes [READ: Count=1985, Max=39679, Min=89, Avg=5037.77, 90=12199, 99=20607, 99.9=36351, 99.99=39679] 
2017-05-24 11:53:22:462 370 sec: 53112 operations; 208.8 current ops/sec; est completion in 19 hours 14 minutes [READ: Count=2088, Max=40895, Min=91, Avg=4786, 90=11823, 99=18959, 99.9=33247, 99.99=40895] 
2017-05-24 11:53:32:462 380 sec: 55279 operations; 216.7 current ops/sec; est completion in 18 hours 59 minutes [READ: Count=2167, Max=44383, Min=91, Avg=4611.23, 90=12103, 99=19631, 99.9=36511, 99.99=44383] 
2017-05-24 11:53:42:462 390 sec: 57416 operations; 213.7 current ops/sec; est completion in 18 hours 45 minutes [READ: Count=2137, Max=43231, Min=98, Avg=4677.52, 90=12311, 99=20799, 99.9=38591, 99.99=43231] 
2017-05-24 11:53:52:462 400 sec: 59627 operations; 221.1 current ops/sec; est completion in 18 hours 31 minutes [READ: Count=2211, Max=42239, Min=91, Avg=4516.68, 90=11863, 99=19711, 99.9=35967, 99.99=42239] 
2017-05-24 11:54:02:462 410 sec: 61906 operations; 227.9 current ops/sec; est completion in 18 hours 17 minutes [READ: Count=2279, Max=40127, Min=91, Avg=4388.08, 90=12159, 99=19951, 99.9=39167, 99.99=40127] 
2017-05-24 11:54:12:462 420 sec: 64344 operations; 243.8 current ops/sec; est completion in 18 hours [READ: Count=2438, Max=43551, Min=88, Avg=4097.44, 90=11591, 99=18959, 99.9=39263, 99.99=43551] 
2017-05-24 11:54:22:462 430 sec: 66957 operations; 261.3 current ops/sec; est completion in 17 hours 43 minutes [READ: Count=2613, Max=39551, Min=89, Avg=3824.17, 90=11335, 99=18463, 99.9=34335, 99.99=39551] 
2017-05-24 11:54:32:462 440 sec: 69548 operations; 259.1 current ops/sec; est completion in 17 hours 27 minutes [READ: Count=2591, Max=48287, Min=89, Avg=3857.53, 90=11447, 99=20079, 99.9=38847, 99.99=48287] 
2017-05-24 11:54:42:462 450 sec: 72133 operations; 258.5 current ops/sec; est completion in 17 hours 12 minutes [READ: Count=2585, Max=41087, Min=90, Avg=3866.56, 90=11591, 99=18687, 99.9=37535, 99.99=41087] 
2017-05-24 11:54:52:462 460 sec: 74817 operations; 268.4 current ops/sec; est completion in 16 hours 57 minutes [READ: Count=2684, Max=45983, Min=90, Avg=3723.01, 90=11271, 99=19599, 99.9=36063, 99.99=45983] 
2017-05-24 11:55:02:462 470 sec: 77679 operations; 286.2 current ops/sec; est completion in 16 hours 40 minutes [READ: Count=2862, Max=44287, Min=90, Avg=3490.81, 90=11151, 99=18831, 99.9=34911, 99.99=44287] 
2017-05-24 11:55:12:462 480 sec: 80678 operations; 299.9 current ops/sec; est completion in 16 hours 23 minutes [READ: Count=2999, Max=43455, Min=90, Avg=3331.97, 90=11143, 99=18735, 99.9=30495, 99.99=43455] 
2017-05-24 11:55:22:462 490 sec: 83754 operations; 307.6 current ops/sec; est completion in 16 hours 6 minutes [READ: Count=3076, Max=48863, Min=89, Avg=3247.95, 90=10847, 99=18943, 99.9=37695, 99.99=48863] 
2017-05-24 11:55:32:462 500 sec: 86984 operations; 323 current ops/sec; est completion in 15 hours 49 minutes [READ: Count=3230, Max=44191, Min=89, Avg=3091.95, 90=10543, 99=18751, 99.9=36927, 99.99=44191] 
2017-05-24 11:55:42:462 510 sec: 90375 operations; 339.1 current ops/sec; est completion in 15 hours 32 minutes [READ: Count=3391, Max=51487, Min=89, Avg=2948.63, 90=10655, 99=19407, 99.9=34751, 99.99=51487] 
2017-05-24 11:55:52:462 520 sec: 93727 operations; 335.2 current ops/sec; est completion in 15 hours 16 minutes [READ: Count=3352, Max=43167, Min=89, Avg=2976.81, 90=10703, 99=18223, 99.9=31871, 99.99=43167] 
2017-05-24 11:56:02:462 530 sec: 97316 operations; 358.9 current ops/sec; est completion in 14 hours 58 minutes [READ: Count=3589, Max=50271, Min=89, Avg=2785.73, 90=10399, 99=18335, 99.9=31935, 99.99=50271] 
2017-05-24 11:56:12:462 540 sec: 100963 operations; 364.7 current ops/sec; est completion in 14 hours 42 minutes [READ: Count=3647, Max=48831, Min=89, Avg=2739.53, 90=10647, 99=18575, 99.9=33631, 99.99=48831] 
2017-05-24 11:56:22:462 550 sec: 104750 operations; 378.7 current ops/sec; est completion in 14 hours 25 minutes [READ: Count=3787, Max=37279, Min=107, Avg=2637.67, 90=10199, 99=18527, 99.9=35647, 99.99=37279] 
2017-05-24 11:56:32:462 560 sec: 108621 operations; 387.1 current ops/sec; est completion in 14 hours 9 minutes [READ: Count=3871, Max=40159, Min=93, Avg=2574.98, 90=10223, 99=17967, 99.9=34687, 99.99=40159] 
2017-05-24 11:56:42:462 570 sec: 113137 operations; 451.6 current ops/sec; est completion in 13 hours 50 minutes [READ: Count=4516, Max=49247, Min=89, Avg=2215.72, 90=9383, 99=17631, 99.9=29855, 99.99=49247] 
2017-05-24 11:56:52:462 580 sec: 117805 operations; 466.8 current ops/sec; est completion in 13 hours 30 minutes [READ: Count=4668, Max=38431, Min=106, Avg=2138.88, 90=9135, 99=18127, 99.9=30767, 99.99=38431] 
2017-05-24 11:57:02:462 590 sec: 122681 operations; 487.6 current ops/sec; est completion in 13 hours 11 minutes [READ: Count=4876, Max=40959, Min=88, Avg=2047.11, 90=8863, 99=17759, 99.9=34623, 99.99=40959] 
2017-05-24 11:57:12:462 600 sec: 127559 operations; 487.8 current ops/sec; est completion in 12 hours 53 minutes [READ: Count=4878, Max=41151, Min=91, Avg=2046.65, 90=9007, 99=17359, 99.9=28847, 99.99=41151] 
Maximum time elapsed. Requesting stop for the workload.
Stop requested for workload. Now Joining!
2017-05-24 11:57:12:475 600 sec: 127569 operations; 714.29 current ops/sec; est completion in 12 hours 53 minutes [CLEANUP: Count=1, Max=1223, Min=1223, Avg=1223, 90=1223, 99=1223, 99.9=1223, 99.99=1223] [READ: Count=10, Max=16095, Min=190, Avg=2333.2, 90=5391, 99=16095, 99.9=16095, 99.99=16095] 
[OVERALL], RunTime(ms), 600015.0
[OVERALL], Throughput(ops/sec), 212.60968475788104
[TOTAL_GCS_PS_Scavenge], Count, 211.0
[TOTAL_GC_TIME_PS_Scavenge], Time(ms), 270.0
[TOTAL_GC_TIME_%_PS_Scavenge], Time(%), 0.044998875028124295
[TOTAL_GCS_PS_MarkSweep], Count, 0.0
[TOTAL_GC_TIME_PS_MarkSweep], Time(ms), 0.0
[TOTAL_GC_TIME_%_PS_MarkSweep], Time(%), 0.0
[TOTAL_GCs], Count, 211.0
[TOTAL_GC_TIME], Time(ms), 270.0
[TOTAL_GC_TIME_%], Time(%), 0.044998875028124295
[CLEANUP], Operations, 1.0
[CLEANUP], AverageLatency(us), 1223.0
[CLEANUP], MinLatency(us), 1223.0
[CLEANUP], MaxLatency(us), 1223.0
[CLEANUP], 95thPercentileLatency(us), 1223.0
[CLEANUP], 99thPercentileLatency(us), 1223.0
[READ], Operations, 127569.0
[READ], AverageLatency(us), 4690.961840258997
[READ], MinLatency(us), 88.0
[READ], MaxLatency(us), 122431.0
[READ], 95thPercentileLatency(us), 14495.0
[READ], 99thPercentileLatency(us), 21151.0
[READ], Return=OK, 127569
========== STOP: Container mongo Memory STATS ==============
cache 741879808
rss 258064384
rss_huge 0
mapped_file 8560640
writeback 0
pgpgin 939433
pgpgout 695306
pgfault 243591
pgmajfault 531
inactive_anon 129536000
active_anon 128598016
inactive_file 371261440
active_file 370544640
unevictable 4096
hierarchical_memory_limit 999997440
total_cache 741879808
total_rss 258064384
total_rss_huge 0
total_mapped_file 8560640
total_writeback 0
total_pgpgin 939433
total_pgpgout 695306
total_pgfault 243591
total_pgmajfault 531
total_inactive_anon 129536000
total_active_anon 128598016
total_inactive_file 371261440
total_active_file 370544640
total_unevictable 4096
======== END Container STATS ======
