========== START: Container mysql Memory STATS ==============
cache 58175488
rss 471343104
rss_huge 0
mapped_file 20635648
writeback 0
swap 0
pgpgin 209063
pgpgout 79786
pgfault 305278
pgmajfault 352
inactive_anon 49152
active_anon 471330816
inactive_file 40902656
active_file 17195008
unevictable 0
hierarchical_memory_limit 9223372036854771712
hierarchical_memsw_limit 9223372036854771712
total_cache 58175488
total_rss 471343104
total_rss_huge 0
total_mapped_file 20635648
total_writeback 0
total_swap 0
total_pgpgin 209063
total_pgpgout 79786
total_pgfault 305278
total_pgmajfault 352
total_inactive_anon 49152
total_active_anon 471330816
total_inactive_file 40902656
total_active_file 17195008
total_unevictable 0
======== END Container STATS ======
java -cp /usr/share/java/mysql-connector-java.jar:/home/ubuntu/ycsb/jdbc-binding/conf:/home/ubuntu/ycsb/conf:/home/ubuntu/ycsb/lib/jackson-mapper-asl-1.9.4.jar:/home/ubuntu/ycsb/lib/jackson-core-asl-1.9.4.jar:/home/ubuntu/ycsb/lib/htrace-core4-4.1.0-incubating.jar:/home/ubuntu/ycsb/lib/core-0.12.0.jar:/home/ubuntu/ycsb/lib/HdrHistogram-2.1.4.jar:/home/ubuntu/ycsb/jdbc-binding/lib/commons-lang-2.4.jar:/home/ubuntu/ycsb/jdbc-binding/lib/openjpa-jdbc-2.1.1.jar:/home/ubuntu/ycsb/jdbc-binding/lib/openjpa-kernel-2.1.1.jar:/home/ubuntu/ycsb/jdbc-binding/lib/geronimo-jta_1.1_spec-1.1.1.jar:/home/ubuntu/ycsb/jdbc-binding/lib/serp-1.13.1.jar:/home/ubuntu/ycsb/jdbc-binding/lib/geronimo-jms_1.1_spec-1.1.1.jar:/home/ubuntu/ycsb/jdbc-binding/lib/jdbc-binding-0.12.0.jar:/home/ubuntu/ycsb/jdbc-binding/lib/commons-collections-3.2.1.jar:/home/ubuntu/ycsb/jdbc-binding/lib/openjpa-lib-2.1.1.jar:/home/ubuntu/ycsb/jdbc-binding/lib/commons-pool-1.5.4.jar:/home/ubuntu/ycsb/jdbc-binding/lib/mysql-connector-java-5.1.28.jar com.yahoo.ycsb.Client -db com.yahoo.ycsb.db.JdbcDBClient -p db.url=jdbc:mysql://10.0.3.35/ycsb -p db.user=root -p db.password=root -P /home/ubuntu/ycsb/workloads/workload1 -p maxexecutiontime=1200 -t
YCSB Client 0.12.0
Command line: -db com.yahoo.ycsb.db.JdbcDBClient -p db.url=jdbc:mysql://10.0.3.35/ycsb -p db.user=root -p db.password=root -P /home/ubuntu/ycsb/workloads/workload1 -p maxexecutiontime=1200 -t
Loading workload...
Starting test.
Adding shard node URL: jdbc:mysql://10.0.3.35/ycsb
Maximum execution time specified as: 1200 secs
Using shards: 1, batchSize:-1, fetchSize: -1
DBWrapper: report latency for each error is false and specific error codes to track for latency are: []
Maximum time elapsed. Requesting stop for the workload.
Stop requested for workload. Now Joining!
[OVERALL], RunTime(ms), 1200010.0
[OVERALL], Throughput(ops/sec), 1624.1022991475072
[TOTAL_GCS_PS_Scavenge], Count, 318.0
[TOTAL_GC_TIME_PS_Scavenge], Time(ms), 483.0
[TOTAL_GC_TIME_%_PS_Scavenge], Time(%), 0.04024966458612845
[TOTAL_GCS_PS_MarkSweep], Count, 0.0
[TOTAL_GC_TIME_PS_MarkSweep], Time(ms), 0.0
[TOTAL_GC_TIME_%_PS_MarkSweep], Time(%), 0.0
[TOTAL_GCs], Count, 318.0
[TOTAL_GC_TIME], Time(ms), 483.0
[TOTAL_GC_TIME_%], Time(%), 0.04024966458612845
[CLEANUP], Operations, 1.0
[CLEANUP], AverageLatency(us), 854.0
[CLEANUP], MinLatency(us), 854.0
[CLEANUP], MaxLatency(us), 854.0
[CLEANUP], 95thPercentileLatency(us), 854.0
[CLEANUP], 99thPercentileLatency(us), 854.0
[READ], Operations, 1948939.0
[READ], AverageLatency(us), 613.1177907569196
[READ], MinLatency(us), 111.0
[READ], MaxLatency(us), 432383.0
[READ], 95thPercentileLatency(us), 367.0
[READ], 99thPercentileLatency(us), 10279.0
[READ], Return=OK, 1948939
========== STOP: Container mysql Memory STATS ==============
cache 407916544
rss 591986688
rss_huge 0
mapped_file 2449408
writeback 0
swap 4878336
pgpgin 6893517
pgpgout 6649400
pgfault 337797
pgmajfault 473
inactive_anon 296075264
active_anon 295927808
inactive_file 204120064
active_file 203780096
unevictable 0
hierarchical_memory_limit 999997440
hierarchical_memsw_limit 9223372036854771712
total_cache 407916544
total_rss 591986688
total_rss_huge 0
total_mapped_file 2449408
total_writeback 0
total_swap 4878336
total_pgpgin 6893517
total_pgpgout 6649400
total_pgfault 337797
total_pgmajfault 473
total_inactive_anon 296075264
total_active_anon 295927808
total_inactive_file 204120064
total_active_file 203780096
total_unevictable 0
======== END Container STATS ======
