========== START: Container mysql Memory STATS ==============
cache 58667008
rss 471330816
rss_huge 0
mapped_file 20635648
writeback 0
swap 0
pgpgin 208914
pgpgout 79520
pgfault 304663
pgmajfault 353
inactive_anon 49152
active_anon 471351296
inactive_file 40919040
active_file 17670144
unevictable 0
hierarchical_memory_limit 9223372036854771712
hierarchical_memsw_limit 9223372036854771712
total_cache 58667008
total_rss 471330816
total_rss_huge 0
total_mapped_file 20635648
total_writeback 0
total_swap 0
total_pgpgin 208914
total_pgpgout 79520
total_pgfault 304663
total_pgmajfault 353
total_inactive_anon 49152
total_active_anon 471351296
total_inactive_file 40919040
total_active_file 17670144
total_unevictable 0
======== END Container STATS ======
java -cp /usr/share/java/mysql-connector-java.jar:/home/ubuntu/ycsb/jdbc-binding/conf:/home/ubuntu/ycsb/conf:/home/ubuntu/ycsb/lib/jackson-mapper-asl-1.9.4.jar:/home/ubuntu/ycsb/lib/jackson-core-asl-1.9.4.jar:/home/ubuntu/ycsb/lib/htrace-core4-4.1.0-incubating.jar:/home/ubuntu/ycsb/lib/core-0.12.0.jar:/home/ubuntu/ycsb/lib/HdrHistogram-2.1.4.jar:/home/ubuntu/ycsb/jdbc-binding/lib/commons-lang-2.4.jar:/home/ubuntu/ycsb/jdbc-binding/lib/openjpa-jdbc-2.1.1.jar:/home/ubuntu/ycsb/jdbc-binding/lib/openjpa-kernel-2.1.1.jar:/home/ubuntu/ycsb/jdbc-binding/lib/geronimo-jta_1.1_spec-1.1.1.jar:/home/ubuntu/ycsb/jdbc-binding/lib/serp-1.13.1.jar:/home/ubuntu/ycsb/jdbc-binding/lib/geronimo-jms_1.1_spec-1.1.1.jar:/home/ubuntu/ycsb/jdbc-binding/lib/jdbc-binding-0.12.0.jar:/home/ubuntu/ycsb/jdbc-binding/lib/commons-collections-3.2.1.jar:/home/ubuntu/ycsb/jdbc-binding/lib/openjpa-lib-2.1.1.jar:/home/ubuntu/ycsb/jdbc-binding/lib/commons-pool-1.5.4.jar:/home/ubuntu/ycsb/jdbc-binding/lib/mysql-connector-java-5.1.28.jar com.yahoo.ycsb.Client -db com.yahoo.ycsb.db.JdbcDBClient -p db.url=jdbc:mysql://10.0.3.36/ycsb -p db.user=root -p db.password=root -P /home/ubuntu/ycsb/workloads/workload1 -p maxexecutiontime=1200 -t
YCSB Client 0.12.0
Command line: -db com.yahoo.ycsb.db.JdbcDBClient -p db.url=jdbc:mysql://10.0.3.36/ycsb -p db.user=root -p db.password=root -P /home/ubuntu/ycsb/workloads/workload1 -p maxexecutiontime=1200 -t
Loading workload...
Starting test.
Adding shard node URL: jdbc:mysql://10.0.3.36/ycsbMaximum execution time specified as: 1200 secs

Using shards: 1, batchSize:-1, fetchSize: -1
DBWrapper: report latency for each error is false and specific error codes to track for latency are: []
Maximum time elapsed. Requesting stop for the workload.
Stop requested for workload. Now Joining!
[OVERALL], RunTime(ms), 1200012.0
[OVERALL], Throughput(ops/sec), 1597.7248560847725
[TOTAL_GCS_PS_Scavenge], Count, 314.0
[TOTAL_GC_TIME_PS_Scavenge], Time(ms), 589.0
[TOTAL_GC_TIME_%_PS_Scavenge], Time(%), 0.04908284250490828
[TOTAL_GCS_PS_MarkSweep], Count, 0.0
[TOTAL_GC_TIME_PS_MarkSweep], Time(ms), 0.0
[TOTAL_GC_TIME_%_PS_MarkSweep], Time(%), 0.0
[TOTAL_GCs], Count, 314.0
[TOTAL_GC_TIME], Time(ms), 589.0
[TOTAL_GC_TIME_%], Time(%), 0.04908284250490828
[CLEANUP], Operations, 1.0
[CLEANUP], AverageLatency(us), 857.0
[CLEANUP], MinLatency(us), 857.0
[CLEANUP], MaxLatency(us), 857.0
[CLEANUP], 95thPercentileLatency(us), 857.0
[CLEANUP], 99thPercentileLatency(us), 857.0
[READ], Operations, 1917289.0
[READ], AverageLatency(us), 622.9143060853111
[READ], MinLatency(us), 113.0
[READ], MaxLatency(us), 237951.0
[READ], 95thPercentileLatency(us), 372.0
[READ], 99thPercentileLatency(us), 10303.0
[READ], Return=OK, 1917289
========== STOP: Container mysql Memory STATS ==============
cache 407707648
rss 592187392
rss_huge 0
mapped_file 2945024
writeback 0
swap 4694016
pgpgin 6789039
pgpgout 6544924
pgfault 337150
pgmajfault 460
inactive_anon 296169472
active_anon 296038400
inactive_file 204238848
active_file 203448320
unevictable 0
hierarchical_memory_limit 999997440
hierarchical_memsw_limit 9223372036854771712
total_cache 407707648
total_rss 592187392
total_rss_huge 0
total_mapped_file 2945024
total_writeback 0
total_swap 4694016
total_pgpgin 6789039
total_pgpgout 6544924
total_pgfault 337150
total_pgmajfault 460
total_inactive_anon 296169472
total_active_anon 296038400
total_inactive_file 204238848
total_active_file 203448320
total_unevictable 0
======== END Container STATS ======
