========== START: Container mysql Memory STATS ==============
cache 58232832
rss 471326720
rss_huge 0
mapped_file 20635648
writeback 0
swap 0
pgpgin 208983
pgpgout 79696
pgfault 304710
pgmajfault 352
inactive_anon 49152
active_anon 471306240
inactive_file 40898560
active_file 17256448
unevictable 0
hierarchical_memory_limit 9223372036854771712
hierarchical_memsw_limit 9223372036854771712
total_cache 58232832
total_rss 471326720
total_rss_huge 0
total_mapped_file 20635648
total_writeback 0
total_swap 0
total_pgpgin 208983
total_pgpgout 79696
total_pgfault 304710
total_pgmajfault 352
total_inactive_anon 49152
total_active_anon 471306240
total_inactive_file 40898560
total_active_file 17256448
total_unevictable 0
======== END Container STATS ======
java -cp /usr/share/java/mysql-connector-java.jar:/home/ubuntu/ycsb/jdbc-binding/conf:/home/ubuntu/ycsb/conf:/home/ubuntu/ycsb/lib/jackson-mapper-asl-1.9.4.jar:/home/ubuntu/ycsb/lib/jackson-core-asl-1.9.4.jar:/home/ubuntu/ycsb/lib/htrace-core4-4.1.0-incubating.jar:/home/ubuntu/ycsb/lib/core-0.12.0.jar:/home/ubuntu/ycsb/lib/HdrHistogram-2.1.4.jar:/home/ubuntu/ycsb/jdbc-binding/lib/commons-lang-2.4.jar:/home/ubuntu/ycsb/jdbc-binding/lib/openjpa-jdbc-2.1.1.jar:/home/ubuntu/ycsb/jdbc-binding/lib/openjpa-kernel-2.1.1.jar:/home/ubuntu/ycsb/jdbc-binding/lib/geronimo-jta_1.1_spec-1.1.1.jar:/home/ubuntu/ycsb/jdbc-binding/lib/serp-1.13.1.jar:/home/ubuntu/ycsb/jdbc-binding/lib/geronimo-jms_1.1_spec-1.1.1.jar:/home/ubuntu/ycsb/jdbc-binding/lib/jdbc-binding-0.12.0.jar:/home/ubuntu/ycsb/jdbc-binding/lib/commons-collections-3.2.1.jar:/home/ubuntu/ycsb/jdbc-binding/lib/openjpa-lib-2.1.1.jar:/home/ubuntu/ycsb/jdbc-binding/lib/commons-pool-1.5.4.jar:/home/ubuntu/ycsb/jdbc-binding/lib/mysql-connector-java-5.1.28.jar com.yahoo.ycsb.Client -db com.yahoo.ycsb.db.JdbcDBClient -p db.url=jdbc:mysql://10.0.3.35/ycsb -p db.user=root -p db.password=root -P /home/ubuntu/ycsb/workloads/workload1 -p maxexecutiontime=1200 -t
YCSB Client 0.12.0
Command line: -db com.yahoo.ycsb.db.JdbcDBClient -p db.url=jdbc:mysql://10.0.3.35/ycsb -p db.user=root -p db.password=root -P /home/ubuntu/ycsb/workloads/workload1 -p maxexecutiontime=1200 -t
Loading workload...
Starting test.
Maximum execution time specified as: 1200 secsAdding shard node URL: jdbc:mysql://10.0.3.35/ycsb

Using shards: 1, batchSize:-1, fetchSize: -1
DBWrapper: report latency for each error is false and specific error codes to track for latency are: []
Maximum time elapsed. Requesting stop for the workload.
Stop requested for workload. Now Joining!
[OVERALL], RunTime(ms), 1200013.0
[OVERALL], Throughput(ops/sec), 1632.4281486950558
[TOTAL_GCS_PS_Scavenge], Count, 320.0
[TOTAL_GC_TIME_PS_Scavenge], Time(ms), 903.0
[TOTAL_GC_TIME_%_PS_Scavenge], Time(%), 0.075249184800498
[TOTAL_GCS_PS_MarkSweep], Count, 0.0
[TOTAL_GC_TIME_PS_MarkSweep], Time(ms), 0.0
[TOTAL_GC_TIME_%_PS_MarkSweep], Time(%), 0.0
[TOTAL_GCs], Count, 320.0
[TOTAL_GC_TIME], Time(ms), 903.0
[TOTAL_GC_TIME_%], Time(%), 0.075249184800498
[CLEANUP], Operations, 1.0
[CLEANUP], AverageLatency(us), 949.0
[CLEANUP], MinLatency(us), 949.0
[CLEANUP], MaxLatency(us), 949.0
[CLEANUP], 95thPercentileLatency(us), 949.0
[CLEANUP], 99thPercentileLatency(us), 949.0
[READ], Operations, 1958935.0
[READ], AverageLatency(us), 609.5753018859738
[READ], MinLatency(us), 110.0
[READ], MaxLatency(us), 328959.0
[READ], 95thPercentileLatency(us), 362.0
[READ], 99thPercentileLatency(us), 10207.0
[READ], Return=OK, 1958935
========== STOP: Container mysql Memory STATS ==============
cache 407842816
rss 592048128
rss_huge 0
mapped_file 2453504
writeback 0
swap 4784128
pgpgin 6935416
pgpgout 6691302
pgfault 336794
pgmajfault 447
inactive_anon 296091648
active_anon 295976960
inactive_file 204054528
active_file 203767808
unevictable 0
hierarchical_memory_limit 999997440
hierarchical_memsw_limit 9223372036854771712
total_cache 407842816
total_rss 592048128
total_rss_huge 0
total_mapped_file 2453504
total_writeback 0
total_swap 4784128
total_pgpgin 6935416
total_pgpgout 6691302
total_pgfault 336794
total_pgmajfault 447
total_inactive_anon 296091648
total_active_anon 295976960
total_inactive_file 204054528
total_active_file 203767808
total_unevictable 0
======== END Container STATS ======
