========== START: Container mysql Memory STATS ==============
cache 58159104
rss 471334912
rss_huge 0
mapped_file 20635648
writeback 0
swap 0
pgpgin 209055
pgpgout 79784
pgfault 304816
pgmajfault 352
inactive_anon 49152
active_anon 471334912
inactive_file 40890368
active_file 17190912
unevictable 0
hierarchical_memory_limit 9223372036854771712
hierarchical_memsw_limit 9223372036854771712
total_cache 58159104
total_rss 471334912
total_rss_huge 0
total_mapped_file 20635648
total_writeback 0
total_swap 0
total_pgpgin 209055
total_pgpgout 79784
total_pgfault 304816
total_pgmajfault 352
total_inactive_anon 49152
total_active_anon 471334912
total_inactive_file 40890368
total_active_file 17190912
total_unevictable 0
======== END Container STATS ======
java -cp /usr/share/java/mysql-connector-java.jar:/home/ubuntu/ycsb/jdbc-binding/conf:/home/ubuntu/ycsb/conf:/home/ubuntu/ycsb/lib/jackson-mapper-asl-1.9.4.jar:/home/ubuntu/ycsb/lib/jackson-core-asl-1.9.4.jar:/home/ubuntu/ycsb/lib/htrace-core4-4.1.0-incubating.jar:/home/ubuntu/ycsb/lib/core-0.12.0.jar:/home/ubuntu/ycsb/lib/HdrHistogram-2.1.4.jar:/home/ubuntu/ycsb/jdbc-binding/lib/commons-lang-2.4.jar:/home/ubuntu/ycsb/jdbc-binding/lib/openjpa-jdbc-2.1.1.jar:/home/ubuntu/ycsb/jdbc-binding/lib/openjpa-kernel-2.1.1.jar:/home/ubuntu/ycsb/jdbc-binding/lib/geronimo-jta_1.1_spec-1.1.1.jar:/home/ubuntu/ycsb/jdbc-binding/lib/serp-1.13.1.jar:/home/ubuntu/ycsb/jdbc-binding/lib/geronimo-jms_1.1_spec-1.1.1.jar:/home/ubuntu/ycsb/jdbc-binding/lib/jdbc-binding-0.12.0.jar:/home/ubuntu/ycsb/jdbc-binding/lib/commons-collections-3.2.1.jar:/home/ubuntu/ycsb/jdbc-binding/lib/openjpa-lib-2.1.1.jar:/home/ubuntu/ycsb/jdbc-binding/lib/commons-pool-1.5.4.jar:/home/ubuntu/ycsb/jdbc-binding/lib/mysql-connector-java-5.1.28.jar com.yahoo.ycsb.Client -db com.yahoo.ycsb.db.JdbcDBClient -p db.url=jdbc:mysql://10.0.3.35/ycsb -p db.user=root -p db.password=root -P /home/ubuntu/ycsb/workloads/workload1 -p maxexecutiontime=1200 -t
YCSB Client 0.12.0
Command line: -db com.yahoo.ycsb.db.JdbcDBClient -p db.url=jdbc:mysql://10.0.3.35/ycsb -p db.user=root -p db.password=root -P /home/ubuntu/ycsb/workloads/workload1 -p maxexecutiontime=1200 -t
Loading workload...
Starting test.
Maximum execution time specified as: 1200 secs
Adding shard node URL: jdbc:mysql://10.0.3.35/ycsb
Using shards: 1, batchSize:-1, fetchSize: -1
DBWrapper: report latency for each error is false and specific error codes to track for latency are: []
Maximum time elapsed. Requesting stop for the workload.
Stop requested for workload. Now Joining!
[OVERALL], RunTime(ms), 1200007.0
[OVERALL], Throughput(ops/sec), 1637.0737837362615
[TOTAL_GCS_PS_Scavenge], Count, 321.0
[TOTAL_GC_TIME_PS_Scavenge], Time(ms), 538.0
[TOTAL_GC_TIME_%_PS_Scavenge], Time(%), 0.044833071807081126
[TOTAL_GCS_PS_MarkSweep], Count, 0.0
[TOTAL_GC_TIME_PS_MarkSweep], Time(ms), 0.0
[TOTAL_GC_TIME_%_PS_MarkSweep], Time(%), 0.0
[TOTAL_GCs], Count, 321.0
[TOTAL_GC_TIME], Time(ms), 538.0
[TOTAL_GC_TIME_%], Time(%), 0.044833071807081126
[CLEANUP], Operations, 1.0
[CLEANUP], AverageLatency(us), 931.0
[CLEANUP], MinLatency(us), 931.0
[CLEANUP], MaxLatency(us), 931.0
[CLEANUP], 95thPercentileLatency(us), 931.0
[CLEANUP], 99thPercentileLatency(us), 931.0
[READ], Operations, 1964500.0
[READ], AverageLatency(us), 608.0748124204632
[READ], MinLatency(us), 111.0
[READ], MaxLatency(us), 217215.0
[READ], 95thPercentileLatency(us), 362.0
[READ], 99thPercentileLatency(us), 10239.0
[READ], Return=OK, 1964500
========== STOP: Container mysql Memory STATS ==============
cache 407683072
rss 592187392
rss_huge 0
mapped_file 2940928
writeback 0
swap 4685824
pgpgin 6948073
pgpgout 6703964
pgfault 336898
pgmajfault 446
inactive_anon 296132608
active_anon 296062976
inactive_file 204070912
active_file 203603968
unevictable 0
hierarchical_memory_limit 999997440
hierarchical_memsw_limit 9223372036854771712
total_cache 407683072
total_rss 592187392
total_rss_huge 0
total_mapped_file 2940928
total_writeback 0
total_swap 4685824
total_pgpgin 6948073
total_pgpgout 6703964
total_pgfault 336898
total_pgmajfault 446
total_inactive_anon 296132608
total_active_anon 296062976
total_inactive_file 204070912
total_active_file 203603968
total_unevictable 0
======== END Container STATS ======
