========== START: Container mysql Memory STATS ==============
cache 58179584
rss 471334912
rss_huge 0
mapped_file 20635648
writeback 0
swap 0
pgpgin 208894
pgpgout 79618
pgfault 304443
pgmajfault 353
inactive_anon 49152
active_anon 471334912
inactive_file 41009152
active_file 17092608
unevictable 0
hierarchical_memory_limit 9223372036854771712
hierarchical_memsw_limit 9223372036854771712
total_cache 58179584
total_rss 471334912
total_rss_huge 0
total_mapped_file 20635648
total_writeback 0
total_swap 0
total_pgpgin 208894
total_pgpgout 79618
total_pgfault 304443
total_pgmajfault 353
total_inactive_anon 49152
total_active_anon 471334912
total_inactive_file 41009152
total_active_file 17092608
total_unevictable 0
======== END Container STATS ======
java -cp /usr/share/java/mysql-connector-java.jar:/home/ubuntu/ycsb/jdbc-binding/conf:/home/ubuntu/ycsb/conf:/home/ubuntu/ycsb/lib/jackson-mapper-asl-1.9.4.jar:/home/ubuntu/ycsb/lib/jackson-core-asl-1.9.4.jar:/home/ubuntu/ycsb/lib/htrace-core4-4.1.0-incubating.jar:/home/ubuntu/ycsb/lib/core-0.12.0.jar:/home/ubuntu/ycsb/lib/HdrHistogram-2.1.4.jar:/home/ubuntu/ycsb/jdbc-binding/lib/commons-lang-2.4.jar:/home/ubuntu/ycsb/jdbc-binding/lib/openjpa-jdbc-2.1.1.jar:/home/ubuntu/ycsb/jdbc-binding/lib/openjpa-kernel-2.1.1.jar:/home/ubuntu/ycsb/jdbc-binding/lib/geronimo-jta_1.1_spec-1.1.1.jar:/home/ubuntu/ycsb/jdbc-binding/lib/serp-1.13.1.jar:/home/ubuntu/ycsb/jdbc-binding/lib/geronimo-jms_1.1_spec-1.1.1.jar:/home/ubuntu/ycsb/jdbc-binding/lib/jdbc-binding-0.12.0.jar:/home/ubuntu/ycsb/jdbc-binding/lib/commons-collections-3.2.1.jar:/home/ubuntu/ycsb/jdbc-binding/lib/openjpa-lib-2.1.1.jar:/home/ubuntu/ycsb/jdbc-binding/lib/commons-pool-1.5.4.jar:/home/ubuntu/ycsb/jdbc-binding/lib/mysql-connector-java-5.1.28.jar com.yahoo.ycsb.Client -db com.yahoo.ycsb.db.JdbcDBClient -p db.url=jdbc:mysql://10.0.3.35/ycsb -p db.user=root -p db.password=root -P /home/ubuntu/ycsb/workloads/workload1 -p maxexecutiontime=1200 -t
YCSB Client 0.12.0
Command line: -db com.yahoo.ycsb.db.JdbcDBClient -p db.url=jdbc:mysql://10.0.3.35/ycsb -p db.user=root -p db.password=root -P /home/ubuntu/ycsb/workloads/workload1 -p maxexecutiontime=1200 -t
Loading workload...
Starting test.
Adding shard node URL: jdbc:mysql://10.0.3.35/ycsb
Maximum execution time specified as: 1200 secs
Using shards: 1, batchSize:-1, fetchSize: -1
DBWrapper: report latency for each error is false and specific error codes to track for latency are: []
Maximum time elapsed. Requesting stop for the workload.
Stop requested for workload. Now Joining!
[OVERALL], RunTime(ms), 1200021.0
[OVERALL], Throughput(ops/sec), 307.68794879422944
[TOTAL_GCS_PS_Scavenge], Count, 41.0
[TOTAL_GC_TIME_PS_Scavenge], Time(ms), 222.0
[TOTAL_GC_TIME_%_PS_Scavenge], Time(%), 0.018499676255665527
[TOTAL_GCS_PS_MarkSweep], Count, 0.0
[TOTAL_GC_TIME_PS_MarkSweep], Time(ms), 0.0
[TOTAL_GC_TIME_%_PS_MarkSweep], Time(%), 0.0
[TOTAL_GCs], Count, 41.0
[TOTAL_GC_TIME], Time(ms), 222.0
[TOTAL_GC_TIME_%], Time(%), 0.018499676255665527
[CLEANUP], Operations, 1.0
[CLEANUP], AverageLatency(us), 938.0
[CLEANUP], MinLatency(us), 938.0
[CLEANUP], MaxLatency(us), 938.0
[CLEANUP], 95thPercentileLatency(us), 938.0
[CLEANUP], 99thPercentileLatency(us), 938.0
[READ], Operations, 369232.0
[READ], AverageLatency(us), 3243.8499507084975
[READ], MinLatency(us), 112.0
[READ], MaxLatency(us), 170623.0
[READ], 95thPercentileLatency(us), 11071.0
[READ], 99thPercentileLatency(us), 30351.0
[READ], Return=OK, 369232
========== STOP: Container mysql Memory STATS ==============
cache 403898368
rss 596029440
rss_huge 0
mapped_file 2785280
writeback 0
swap 819200
pgpgin 1529015
pgpgout 1284892
pgfault 336781
pgmajfault 378
inactive_anon 298119168
active_anon 297947136
inactive_file 202227712
active_file 201633792
unevictable 0
hierarchical_memory_limit 999997440
hierarchical_memsw_limit 9223372036854771712
total_cache 403898368
total_rss 596029440
total_rss_huge 0
total_mapped_file 2785280
total_writeback 0
total_swap 819200
total_pgpgin 1529015
total_pgpgout 1284892
total_pgfault 336781
total_pgmajfault 378
total_inactive_anon 298119168
total_active_anon 297947136
total_inactive_file 202227712
total_active_file 201633792
total_unevictable 0
======== END Container STATS ======
