========== START: Container mysql Memory STATS ==============
cache 58363904
rss 471420928
rss_huge 0
mapped_file 20635648
writeback 0
swap 0
pgpgin 209212
pgpgout 79870
pgfault 304968
pgmajfault 352
inactive_anon 49152
active_anon 471363584
inactive_file 40919040
active_file 17367040
unevictable 0
hierarchical_memory_limit 9223372036854771712
hierarchical_memsw_limit 9223372036854771712
total_cache 58363904
total_rss 471420928
total_rss_huge 0
total_mapped_file 20635648
total_writeback 0
total_swap 0
total_pgpgin 209212
total_pgpgout 79870
total_pgfault 304968
total_pgmajfault 352
total_inactive_anon 49152
total_active_anon 471363584
total_inactive_file 40919040
total_active_file 17367040
total_unevictable 0
======== END Container STATS ======
java -cp /usr/share/java/mysql-connector-java.jar:/home/ubuntu/ycsb/jdbc-binding/conf:/home/ubuntu/ycsb/conf:/home/ubuntu/ycsb/lib/jackson-mapper-asl-1.9.4.jar:/home/ubuntu/ycsb/lib/jackson-core-asl-1.9.4.jar:/home/ubuntu/ycsb/lib/htrace-core4-4.1.0-incubating.jar:/home/ubuntu/ycsb/lib/core-0.12.0.jar:/home/ubuntu/ycsb/lib/HdrHistogram-2.1.4.jar:/home/ubuntu/ycsb/jdbc-binding/lib/commons-lang-2.4.jar:/home/ubuntu/ycsb/jdbc-binding/lib/openjpa-jdbc-2.1.1.jar:/home/ubuntu/ycsb/jdbc-binding/lib/openjpa-kernel-2.1.1.jar:/home/ubuntu/ycsb/jdbc-binding/lib/geronimo-jta_1.1_spec-1.1.1.jar:/home/ubuntu/ycsb/jdbc-binding/lib/serp-1.13.1.jar:/home/ubuntu/ycsb/jdbc-binding/lib/geronimo-jms_1.1_spec-1.1.1.jar:/home/ubuntu/ycsb/jdbc-binding/lib/jdbc-binding-0.12.0.jar:/home/ubuntu/ycsb/jdbc-binding/lib/commons-collections-3.2.1.jar:/home/ubuntu/ycsb/jdbc-binding/lib/openjpa-lib-2.1.1.jar:/home/ubuntu/ycsb/jdbc-binding/lib/commons-pool-1.5.4.jar:/home/ubuntu/ycsb/jdbc-binding/lib/mysql-connector-java-5.1.28.jar com.yahoo.ycsb.Client -db com.yahoo.ycsb.db.JdbcDBClient -p db.url=jdbc:mysql://10.0.3.35/ycsb -p db.user=root -p db.password=root -P /home/ubuntu/ycsb/workloads/workload1 -p maxexecutiontime=1200 -t
YCSB Client 0.12.0
Command line: -db com.yahoo.ycsb.db.JdbcDBClient -p db.url=jdbc:mysql://10.0.3.35/ycsb -p db.user=root -p db.password=root -P /home/ubuntu/ycsb/workloads/workload1 -p maxexecutiontime=1200 -t
Loading workload...
Starting test.
Maximum execution time specified as: 1200 secsAdding shard node URL: jdbc:mysql://10.0.3.35/ycsb

Using shards: 1, batchSize:-1, fetchSize: -1
DBWrapper: report latency for each error is false and specific error codes to track for latency are: []
Maximum time elapsed. Requesting stop for the workload.
Stop requested for workload. Now Joining!
[OVERALL], RunTime(ms), 1200009.0
[OVERALL], Throughput(ops/sec), 401.60782127467377
[TOTAL_GCS_PS_Scavenge], Count, 60.0
[TOTAL_GC_TIME_PS_Scavenge], Time(ms), 223.0
[TOTAL_GC_TIME_%_PS_Scavenge], Time(%), 0.01858319395937864
[TOTAL_GCS_PS_MarkSweep], Count, 0.0
[TOTAL_GC_TIME_PS_MarkSweep], Time(ms), 0.0
[TOTAL_GC_TIME_%_PS_MarkSweep], Time(%), 0.0
[TOTAL_GCs], Count, 60.0
[TOTAL_GC_TIME], Time(ms), 223.0
[TOTAL_GC_TIME_%], Time(%), 0.01858319395937864
[CLEANUP], Operations, 1.0
[CLEANUP], AverageLatency(us), 876.0
[CLEANUP], MinLatency(us), 876.0
[CLEANUP], MaxLatency(us), 876.0
[CLEANUP], 95thPercentileLatency(us), 876.0
[CLEANUP], 99thPercentileLatency(us), 876.0
[READ], Operations, 481933.0
[READ], AverageLatency(us), 2484.814882981659
[READ], MinLatency(us), 112.0
[READ], MaxLatency(us), 312831.0
[READ], 95thPercentileLatency(us), 9839.0
[READ], 99thPercentileLatency(us), 19855.0
[READ], Return=OK, 481933
========== STOP: Container mysql Memory STATS ==============
cache 404045824
rss 595890176
rss_huge 0
mapped_file 2592768
writeback 0
swap 991232
pgpgin 1915984
pgpgout 1671859
pgfault 336908
pgmajfault 367
inactive_anon 298033152
active_anon 297885696
inactive_file 202207232
active_file 201809920
unevictable 0
hierarchical_memory_limit 999997440
hierarchical_memsw_limit 9223372036854771712
total_cache 404045824
total_rss 595890176
total_rss_huge 0
total_mapped_file 2592768
total_writeback 0
total_swap 991232
total_pgpgin 1915984
total_pgpgout 1671859
total_pgfault 336908
total_pgmajfault 367
total_inactive_anon 298033152
total_active_anon 297885696
total_inactive_file 202207232
total_active_file 201809920
total_unevictable 0
======== END Container STATS ======
