========== START: Container mysql Memory STATS ==============
cache 58372096
rss 471347200
rss_huge 0
mapped_file 20635648
writeback 0
swap 0
pgpgin 209035
pgpgout 79709
pgfault 304974
pgmajfault 352
inactive_anon 49152
active_anon 471289856
inactive_file 40898560
active_file 17395712
unevictable 0
hierarchical_memory_limit 9223372036854771712
hierarchical_memsw_limit 9223372036854771712
total_cache 58372096
total_rss 471347200
total_rss_huge 0
total_mapped_file 20635648
total_writeback 0
total_swap 0
total_pgpgin 209035
total_pgpgout 79709
total_pgfault 304974
total_pgmajfault 352
total_inactive_anon 49152
total_active_anon 471289856
total_inactive_file 40898560
total_active_file 17395712
total_unevictable 0
======== END Container STATS ======
java -cp /usr/share/java/mysql-connector-java.jar:/home/ubuntu/ycsb/jdbc-binding/conf:/home/ubuntu/ycsb/conf:/home/ubuntu/ycsb/lib/jackson-mapper-asl-1.9.4.jar:/home/ubuntu/ycsb/lib/jackson-core-asl-1.9.4.jar:/home/ubuntu/ycsb/lib/htrace-core4-4.1.0-incubating.jar:/home/ubuntu/ycsb/lib/core-0.12.0.jar:/home/ubuntu/ycsb/lib/HdrHistogram-2.1.4.jar:/home/ubuntu/ycsb/jdbc-binding/lib/commons-lang-2.4.jar:/home/ubuntu/ycsb/jdbc-binding/lib/openjpa-jdbc-2.1.1.jar:/home/ubuntu/ycsb/jdbc-binding/lib/openjpa-kernel-2.1.1.jar:/home/ubuntu/ycsb/jdbc-binding/lib/geronimo-jta_1.1_spec-1.1.1.jar:/home/ubuntu/ycsb/jdbc-binding/lib/serp-1.13.1.jar:/home/ubuntu/ycsb/jdbc-binding/lib/geronimo-jms_1.1_spec-1.1.1.jar:/home/ubuntu/ycsb/jdbc-binding/lib/jdbc-binding-0.12.0.jar:/home/ubuntu/ycsb/jdbc-binding/lib/commons-collections-3.2.1.jar:/home/ubuntu/ycsb/jdbc-binding/lib/openjpa-lib-2.1.1.jar:/home/ubuntu/ycsb/jdbc-binding/lib/commons-pool-1.5.4.jar:/home/ubuntu/ycsb/jdbc-binding/lib/mysql-connector-java-5.1.28.jar com.yahoo.ycsb.Client -db com.yahoo.ycsb.db.JdbcDBClient -p db.url=jdbc:mysql://10.0.3.35/ycsb -p db.user=root -p db.password=root -P /home/ubuntu/ycsb/workloads/workload1 -p maxexecutiontime=1200 -t
YCSB Client 0.12.0
Command line: -db com.yahoo.ycsb.db.JdbcDBClient -p db.url=jdbc:mysql://10.0.3.35/ycsb -p db.user=root -p db.password=root -P /home/ubuntu/ycsb/workloads/workload1 -p maxexecutiontime=1200 -t
Loading workload...
Starting test.
Adding shard node URL: jdbc:mysql://10.0.3.35/ycsb
Maximum execution time specified as: 1200 secs
Using shards: 1, batchSize:-1, fetchSize: -1
DBWrapper: report latency for each error is false and specific error codes to track for latency are: []
Maximum time elapsed. Requesting stop for the workload.
Stop requested for workload. Now Joining!
[OVERALL], RunTime(ms), 1200009.0
[OVERALL], Throughput(ops/sec), 401.57948815383884
[TOTAL_GCS_PS_Scavenge], Count, 60.0
[TOTAL_GC_TIME_PS_Scavenge], Time(ms), 289.0
[TOTAL_GC_TIME_%_PS_Scavenge], Time(%), 0.02408315270968801
[TOTAL_GCS_PS_MarkSweep], Count, 0.0
[TOTAL_GC_TIME_PS_MarkSweep], Time(ms), 0.0
[TOTAL_GC_TIME_%_PS_MarkSweep], Time(%), 0.0
[TOTAL_GCs], Count, 60.0
[TOTAL_GC_TIME], Time(ms), 289.0
[TOTAL_GC_TIME_%], Time(%), 0.02408315270968801
[CLEANUP], Operations, 1.0
[CLEANUP], AverageLatency(us), 847.0
[CLEANUP], MinLatency(us), 847.0
[CLEANUP], MaxLatency(us), 847.0
[CLEANUP], 95thPercentileLatency(us), 847.0
[CLEANUP], 99thPercentileLatency(us), 847.0
[READ], Operations, 481899.0
[READ], AverageLatency(us), 2485.411799982984
[READ], MinLatency(us), 112.0
[READ], MaxLatency(us), 361983.0
[READ], 95thPercentileLatency(us), 9855.0
[READ], 99thPercentileLatency(us), 20079.0
[READ], Return=OK, 481899
========== STOP: Container mysql Memory STATS ==============
cache 404197376
rss 595714048
rss_huge 0
mapped_file 3813376
writeback 0
swap 1097728
pgpgin 1919222
pgpgout 1675103
pgfault 337362
pgmajfault 408
inactive_anon 298098688
active_anon 297644032
inactive_file 202440704
active_file 201728000
unevictable 0
hierarchical_memory_limit 999997440
hierarchical_memsw_limit 9223372036854771712
total_cache 404197376
total_rss 595714048
total_rss_huge 0
total_mapped_file 3813376
total_writeback 0
total_swap 1097728
total_pgpgin 1919222
total_pgpgout 1675103
total_pgfault 337362
total_pgmajfault 408
total_inactive_anon 298098688
total_active_anon 297644032
total_inactive_file 202440704
total_active_file 201728000
total_unevictable 0
======== END Container STATS ======
