========== START: Container mysql Memory STATS ==============
cache 58540032
rss 471359488
rss_huge 0
mapped_file 20635648
writeback 0
swap 0
pgpgin 208881
pgpgout 79511
pgfault 304692
pgmajfault 352
inactive_anon 49152
active_anon 471359488
inactive_file 40902656
active_file 17559552
unevictable 0
hierarchical_memory_limit 9223372036854771712
hierarchical_memsw_limit 9223372036854771712
total_cache 58540032
total_rss 471359488
total_rss_huge 0
total_mapped_file 20635648
total_writeback 0
total_swap 0
total_pgpgin 208881
total_pgpgout 79511
total_pgfault 304692
total_pgmajfault 352
total_inactive_anon 49152
total_active_anon 471359488
total_inactive_file 40902656
total_active_file 17559552
total_unevictable 0
======== END Container STATS ======
java -cp /usr/share/java/mysql-connector-java.jar:/home/ubuntu/ycsb/jdbc-binding/conf:/home/ubuntu/ycsb/conf:/home/ubuntu/ycsb/lib/jackson-mapper-asl-1.9.4.jar:/home/ubuntu/ycsb/lib/jackson-core-asl-1.9.4.jar:/home/ubuntu/ycsb/lib/htrace-core4-4.1.0-incubating.jar:/home/ubuntu/ycsb/lib/core-0.12.0.jar:/home/ubuntu/ycsb/lib/HdrHistogram-2.1.4.jar:/home/ubuntu/ycsb/jdbc-binding/lib/commons-lang-2.4.jar:/home/ubuntu/ycsb/jdbc-binding/lib/openjpa-jdbc-2.1.1.jar:/home/ubuntu/ycsb/jdbc-binding/lib/openjpa-kernel-2.1.1.jar:/home/ubuntu/ycsb/jdbc-binding/lib/geronimo-jta_1.1_spec-1.1.1.jar:/home/ubuntu/ycsb/jdbc-binding/lib/serp-1.13.1.jar:/home/ubuntu/ycsb/jdbc-binding/lib/geronimo-jms_1.1_spec-1.1.1.jar:/home/ubuntu/ycsb/jdbc-binding/lib/jdbc-binding-0.12.0.jar:/home/ubuntu/ycsb/jdbc-binding/lib/commons-collections-3.2.1.jar:/home/ubuntu/ycsb/jdbc-binding/lib/openjpa-lib-2.1.1.jar:/home/ubuntu/ycsb/jdbc-binding/lib/commons-pool-1.5.4.jar:/home/ubuntu/ycsb/jdbc-binding/lib/mysql-connector-java-5.1.28.jar com.yahoo.ycsb.Client -db com.yahoo.ycsb.db.JdbcDBClient -p db.url=jdbc:mysql://10.0.3.35/ycsb -p db.user=root -p db.password=root -P /home/ubuntu/ycsb/workloads/workload1 -p maxexecutiontime=1200 -t
YCSB Client 0.12.0
Command line: -db com.yahoo.ycsb.db.JdbcDBClient -p db.url=jdbc:mysql://10.0.3.35/ycsb -p db.user=root -p db.password=root -P /home/ubuntu/ycsb/workloads/workload1 -p maxexecutiontime=1200 -t
Loading workload...
Starting test.
Adding shard node URL: jdbc:mysql://10.0.3.35/ycsb
Maximum execution time specified as: 1200 secs
Using shards: 1, batchSize:-1, fetchSize: -1
DBWrapper: report latency for each error is false and specific error codes to track for latency are: []
Maximum time elapsed. Requesting stop for the workload.
Stop requested for workload. Now Joining!
[OVERALL], RunTime(ms), 1200010.0
[OVERALL], Throughput(ops/sec), 219.18650677911018
[TOTAL_GCS_PS_Scavenge], Count, 26.0
[TOTAL_GC_TIME_PS_Scavenge], Time(ms), 157.0
[TOTAL_GC_TIME_%_PS_Scavenge], Time(%), 0.013083224306464114
[TOTAL_GCS_PS_MarkSweep], Count, 0.0
[TOTAL_GC_TIME_PS_MarkSweep], Time(ms), 0.0
[TOTAL_GC_TIME_%_PS_MarkSweep], Time(%), 0.0
[TOTAL_GCs], Count, 26.0
[TOTAL_GC_TIME], Time(ms), 157.0
[TOTAL_GC_TIME_%], Time(%), 0.013083224306464114
[CLEANUP], Operations, 1.0
[CLEANUP], AverageLatency(us), 917.0
[CLEANUP], MinLatency(us), 917.0
[CLEANUP], MaxLatency(us), 917.0
[CLEANUP], 95thPercentileLatency(us), 917.0
[CLEANUP], 99thPercentileLatency(us), 917.0
[READ], Operations, 263026.0
[READ], AverageLatency(us), 4556.299217567845
[READ], MinLatency(us), 112.0
[READ], MaxLatency(us), 237951.0
[READ], 95thPercentileLatency(us), 11911.0
[READ], 99thPercentileLatency(us), 33119.0
[READ], Return=OK, 263026
========== STOP: Container mysql Memory STATS ==============
cache 403546112
rss 596320256
rss_huge 0
mapped_file 2756608
writeback 0
swap 552960
pgpgin 1166376
pgpgout 922268
pgfault 337041
pgmajfault 380
inactive_anon 298385408
active_anon 297971712
inactive_file 202104832
active_file 201404416
unevictable 0
hierarchical_memory_limit 999997440
hierarchical_memsw_limit 9223372036854771712
total_cache 403546112
total_rss 596320256
total_rss_huge 0
total_mapped_file 2756608
total_writeback 0
total_swap 552960
total_pgpgin 1166376
total_pgpgout 922268
total_pgfault 337041
total_pgmajfault 380
total_inactive_anon 298385408
total_active_anon 297971712
total_inactive_file 202104832
total_active_file 201404416
total_unevictable 0
======== END Container STATS ======
