========== Container 1 Memory STATS ==============
cache 23810048
rss 7573504
rss_huge 0
mapped_file 8032256
writeback 0
swap 0
pgpgin 77643
pgpgout 69981
pgfault 173013
pgmajfault 195
inactive_anon 49152
active_anon 7585792
inactive_file 10854400
active_file 12865536
unevictable 0
hierarchical_memory_limit 999997440
hierarchical_memsw_limit 9223372036854771712
total_cache 23810048
total_rss 7573504
total_rss_huge 0
total_mapped_file 8032256
total_writeback 0
total_swap 0
total_pgpgin 77643
total_pgpgout 69981
total_pgfault 173013
total_pgmajfault 195
total_inactive_anon 49152
total_active_anon 7585792
total_inactive_file 10854400
total_active_file 12865536
total_unevictable 0
======== END Container STATS ======
WARNING: Could not open /proc/sys/kernel/shmmax file!
It means that you probably ran Filebench not as a root. Filebench will not increase shared
region limits in this case, which can lead to the failures on certain workloads.
Filebench Version 1.4.9.1
 1851: 0.000: Allocated 170MB of shared memory
 1851: 0.013: Eventgen rate taken from variable
 1851: 0.013: Video Server Version 3.0 personality successfully loaded
 1851: 0.013: Creating/pre-allocating files and filesets
 1851: 0.039: Fileset passivevids: 10 files, 0 leafdirs, avg dir width = 20, avg dir depth = 0.8, 5699.813MB
 1851: 0.039: Re-using fileset passivevids.
 1851: 0.039: Creating fileset passivevids...
 1851: 0.039: Preallocated 6 of 10 of fileset passivevids in 1 seconds
 1851: 0.039: Fileset activevids: 5 files, 0 leafdirs, avg dir width = 4, avg dir depth = 1.2, 7474.542MB
 1851: 0.039: Re-using fileset activevids.
 1851: 0.039: Creating fileset activevids...
 1851: 0.063: Preallocated 5 of 5 of fileset activevids in 1 seconds
 1851: 0.063: waiting for fileset pre-allocation to finish
 1880: 19.039: Starting 1 vidreaders instances
 1880: 20.504: Starting 1 vidwriter instances
 1881: 21.603: Starting 16 vidreaders threads
 1882: 22.423: Starting 1 vidwriter threads
 1851: 23.424: Running...
