========== Container 4 Memory STATS ==============
cache 23920640
rss 7528448
rss_huge 0
mapped_file 8032256
writeback 0
pgpgin 77459
pgpgout 69781
pgfault 173260
pgmajfault 196
inactive_anon 49152
active_anon 7565312
inactive_file 10870784
active_file 12963840
unevictable 0
hierarchical_memory_limit 999997440
total_cache 23920640
total_rss 7528448
total_rss_huge 0
total_mapped_file 8032256
total_writeback 0
total_pgpgin 77459
total_pgpgout 69781
total_pgfault 173260
total_pgmajfault 196
total_inactive_anon 49152
total_active_anon 7565312
total_inactive_file 10870784
total_active_file 12963840
total_unevictable 0
======== END Container STATS ======
WARNING: Could not open /proc/sys/kernel/shmmax file!
It means that you probably ran Filebench not as a root. Filebench will not increase shared
region limits in this case, which can lead to the failures on certain workloads.
Filebench Version 1.4.9.1
 1857: 0.000: Allocated 170MB of shared memory
 1857: 0.013: Eventgen rate taken from variable
 1857: 0.013: Video Server Version 3.0 personality successfully loaded
 1857: 0.013: Creating/pre-allocating files and filesets
 1857: 0.024: Fileset passivevids: 10 files, 0 leafdirs, avg dir width = 20, avg dir depth = 0.8, 5699.813MB
 1857: 0.024: Re-using fileset passivevids.
 1857: 0.024: Creating fileset passivevids...
 1857: 0.024: Preallocated 6 of 10 of fileset passivevids in 1 seconds
 1857: 0.048: Fileset activevids: 5 files, 0 leafdirs, avg dir width = 4, avg dir depth = 1.2, 7474.542MB
 1857: 0.048: Re-using fileset activevids.
 1857: 0.048: Creating fileset activevids...
 1857: 0.076: Preallocated 5 of 5 of fileset activevids in 1 seconds
 1857: 0.076: waiting for fileset pre-allocation to finish
 1881: 18.289: Starting 1 vidreaders instances
 1881: 20.064: Starting 1 vidwriter instances
 1887: 21.701: Starting 16 vidreaders threads
 1888: 21.790: Starting 1 vidwriter threads
 1857: 22.790: Running...
 1857: 1822.998: Run took 1800 seconds...
 1857: 1823.203: Per-Operation Breakdown
vidreader            624474ops      347ops/s  86.7mb/s     44.9ms/op     7603us/op-cpu [0ms - 3044ms]
replaceinterval      71ops        0ops/s   0.0mb/s  20000.2ms/op        0us/op-cpu [20000ms - 20003ms]
wrtclose             72ops        0ops/s   0.0mb/s      0.0ms/op        0us/op-cpu [0ms - 0ms]
newvid               72ops        0ops/s  22.5mb/s   5001.3ms/op  2133889us/op-cpu [94ms - 21305ms]
wrtopen              72ops        0ops/s   0.0mb/s      7.9ms/op        0us/op-cpu [0ms - 563ms]
vidremover           72ops        0ops/s   0.0mb/s    123.2ms/op     4028us/op-cpu [0ms - 3148ms]
 1857: 1823.204: IO Summary: 624762 ops, 347.032 ops/s, (347/0 r/w), 109.2mb/s,    753us cpu/op,  45.5ms latency
 1857: 1823.204: Shutting down processes
========== Container 4 Memory STATS AT END ==============
cache 816418816
rss 5689344
rss_huge 0
mapped_file 1929216
writeback 0
pgpgin 24904187
pgpgout 24703477
pgfault 1501996
pgmajfault 785
inactive_anon 5005312
active_anon 712704
inactive_file 408784896
active_file 407605248
unevictable 0
hierarchical_memory_limit 999997440
total_cache 816418816
total_rss 5689344
total_rss_huge 0
total_mapped_file 1929216
total_writeback 0
total_pgpgin 24904187
total_pgpgout 24703477
total_pgfault 1501996
total_pgmajfault 785
total_inactive_anon 5005312
total_active_anon 712704
total_inactive_file 408784896
total_active_file 407605248
total_unevictable 0
======== END Container STATS ======
