========== Container 1 Memory STATS ==============
cache 23887872
rss 7589888
rss_huge 0
mapped_file 8032256
writeback 0
swap 0
pgpgin 78311
pgpgout 70626
pgfault 174457
pgmajfault 195
inactive_anon 49152
active_anon 7548928
inactive_file 10960896
active_file 12812288
unevictable 0
hierarchical_memory_limit 999997440
hierarchical_memsw_limit 9223372036854771712
total_cache 23887872
total_rss 7589888
total_rss_huge 0
total_mapped_file 8032256
total_writeback 0
total_swap 0
total_pgpgin 78311
total_pgpgout 70626
total_pgfault 174457
total_pgmajfault 195
total_inactive_anon 49152
total_active_anon 7548928
total_inactive_file 10960896
total_active_file 12812288
total_unevictable 0
======== END Container STATS ======
WARNING: Could not open /proc/sys/kernel/shmmax file!
It means that you probably ran Filebench not as a root. Filebench will not increase shared
region limits in this case, which can lead to the failures on certain workloads.
Filebench Version 1.4.9.1
 1857: 0.000: Allocated 170MB of shared memory
 1857: 0.008: Eventgen rate taken from variable
 1857: 0.008: Video Server Version 3.0 personality successfully loaded
 1857: 0.008: Creating/pre-allocating files and filesets
 1857: 0.029: Fileset passivevids: 10 files, 0 leafdirs, avg dir width = 20, avg dir depth = 0.8, 5699.813MB
 1857: 0.029: Re-using fileset passivevids.
 1857: 0.029: Creating fileset passivevids...
 1857: 0.029: Preallocated 6 of 10 of fileset passivevids in 1 seconds
 1857: 0.029: Fileset activevids: 5 files, 0 leafdirs, avg dir width = 4, avg dir depth = 1.2, 7474.542MB
 1857: 0.029: Re-using fileset activevids.
 1857: 0.029: Creating fileset activevids...
 1857: 0.042: Preallocated 5 of 5 of fileset activevids in 1 seconds
 1857: 0.042: waiting for fileset pre-allocation to finish
 1870: 0.162: Starting 1 vidreaders instances
 1870: 0.162: Starting 1 vidwriter instances
 1872: 0.179: Starting 1 vidwriter threads
 1871: 0.191: Starting 16 vidreaders threads
 1857: 1.210: Running...
 1857: 1802.132: Run took 1800 seconds...
 1857: 1802.201: Per-Operation Breakdown
vidreader            956263ops      531ops/s 132.7mb/s     29.9ms/op    26984us/op-cpu [0ms - 1577ms]
replaceinterval      65ops        0ops/s   0.0mb/s  20001.7ms/op      154us/op-cpu [20000ms - 20010ms]
wrtclose             65ops        0ops/s   0.0mb/s      0.0ms/op      154us/op-cpu [0ms - 0ms]
newvid               65ops        0ops/s  20.5mb/s   7211.7ms/op  1137692us/op-cpu [71ms - 23271ms]
wrtopen              66ops        0ops/s   0.0mb/s     32.4ms/op     5606us/op-cpu [0ms - 376ms]
vidremover           66ops        0ops/s   0.0mb/s    181.0ms/op    15758us/op-cpu [2ms - 3484ms]
 1857: 1802.201: IO Summary: 956524 ops, 531.129 ops/s, (531/0 r/w), 153.2mb/s,   1764us cpu/op,  30.4ms latency
 1857: 1802.201: Shutting down processes
========== Container 1 Memory STATS AT END ==============
cache 815980544
rss 5898240
rss_huge 0
mapped_file 3088384
writeback 0
swap 675840
pgpgin 30702710
pgpgout 30502056
pgfault 2170691
pgmajfault 1080
inactive_anon 5251072
active_anon 679936
inactive_file 410378240
active_file 405569536
unevictable 0
hierarchical_memory_limit 999997440
hierarchical_memsw_limit 9223372036854771712
total_cache 815980544
total_rss 5898240
total_rss_huge 0
total_mapped_file 3088384
total_writeback 0
total_swap 675840
total_pgpgin 30702710
total_pgpgout 30502056
total_pgfault 2170691
total_pgmajfault 1080
total_inactive_anon 5251072
total_active_anon 679936
total_inactive_file 410378240
total_active_file 405569536
total_unevictable 0
======== END Container STATS ======
