--------------------MEMCG-----------------------
MEM ONLY  : 953 MB
MEM+SWAP  : 953 MB
cache 742010880
rss 257794048
rss_huge 0
mapped_file 10686464
writeback 0
swap 0
pgpgin 768989
pgpgout 524896
pgfault 248284
pgmajfault 606
inactive_anon 129630208
active_anon 128233472
inactive_file 371142656
active_file 370794496
unevictable 4096
hierarchical_memory_limit 999997440
hierarchical_memsw_limit 9223372036854771712
total_cache 742010880
total_rss 257794048
total_rss_huge 0
total_mapped_file 10686464
total_writeback 0
total_swap 0
total_pgpgin 768989
total_pgpgout 524896
total_pgfault 248284
total_pgmajfault 606
total_inactive_anon 129630208
total_active_anon 128233472
total_inactive_file 371142656
total_active_file 370794496
total_unevictable 4096
--------------------BLKIO-----------------------
11:0 Read 0
11:0 Write 0
11:0 Sync 0
11:0 Async 0
11:0 Total 0
253:0 Read 1843281920
253:0 Write 3239936
253:0 Sync 196608
253:0 Async 1846325248
253:0 Total 1846521856
Total 1846521856
--------------------CPUAC-----------------------
user 1195
system 2774
--------------------MEMCG-----------------------
MEM ONLY  : 953 MB
MEM+SWAP  : 953 MB
cache 742150144
rss 257798144
rss_huge 0
mapped_file 10686464
writeback 0
swap 0
pgpgin 787823
pgpgout 543695
pgfault 248345
pgmajfault 606
inactive_anon 129630208
active_anon 128237568
inactive_file 371228672
active_file 370823168
unevictable 4096
hierarchical_memory_limit 999997440
hierarchical_memsw_limit 9223372036854771712
total_cache 742150144
total_rss 257798144
total_rss_huge 0
total_mapped_file 10686464
total_writeback 0
total_swap 0
total_pgpgin 787823
total_pgpgout 543695
total_pgfault 248345
total_pgmajfault 606
total_inactive_anon 129630208
total_active_anon 128237568
total_inactive_file 371228672
total_active_file 370823168
total_unevictable 4096
--------------------BLKIO-----------------------
11:0 Read 0
11:0 Write 0
11:0 Sync 0
11:0 Async 0
11:0 Total 0
253:0 Read 1872375808
253:0 Write 3264512
253:0 Sync 196608
253:0 Async 1875443712
253:0 Total 1875640320
Total 1875640320
--------------------CPUAC-----------------------
user 1230
system 2937
--------------------MEMCG-----------------------
MEM ONLY  : 953 MB
MEM+SWAP  : 953 MB
cache 742715392
rss 257224704
rss_huge 0
mapped_file 10686464
writeback 0
swap 0
pgpgin 808754
pgpgout 564628
pgfault 248405
pgmajfault 606
inactive_anon 129630208
active_anon 127664128
inactive_file 371523584
active_file 371101696
unevictable 4096
hierarchical_memory_limit 999997440
hierarchical_memsw_limit 9223372036854771712
total_cache 742715392
total_rss 257224704
total_rss_huge 0
total_mapped_file 10686464
total_writeback 0
total_swap 0
total_pgpgin 808754
total_pgpgout 564628
total_pgfault 248405
total_pgmajfault 606
total_inactive_anon 129630208
total_active_anon 127664128
total_inactive_file 371523584
total_active_file 371101696
total_unevictable 4096
--------------------BLKIO-----------------------
11:0 Read 0
11:0 Write 0
11:0 Sync 0
11:0 Async 0
11:0 Total 0
253:0 Read 1902264320
253:0 Write 3293184
253:0 Sync 196608
253:0 Async 1905360896
253:0 Total 1905557504
Total 1905557504
--------------------CPUAC-----------------------
user 1266
system 3122
--------------------MEMCG-----------------------
MEM ONLY  : 953 MB
MEM+SWAP  : 953 MB
cache 742641664
rss 257224704
rss_huge 0
mapped_file 10686464
writeback 0
swap 0
pgpgin 832548
pgpgout 588440
pgfault 248465
pgmajfault 606
inactive_anon 129630208
active_anon 127664128
inactive_file 371490816
active_file 371019776
unevictable 4096
hierarchical_memory_limit 999997440
hierarchical_memsw_limit 9223372036854771712
total_cache 742641664
total_rss 257224704
total_rss_huge 0
total_mapped_file 10686464
total_writeback 0
total_swap 0
total_pgpgin 832548
total_pgpgout 588440
total_pgfault 248465
total_pgmajfault 606
total_inactive_anon 129630208
total_active_anon 127664128
total_inactive_file 371490816
total_active_file 371019776
total_unevictable 4096
--------------------BLKIO-----------------------
11:0 Read 0
11:0 Write 0
11:0 Sync 0
11:0 Async 0
11:0 Total 0
253:0 Read 1934008320
253:0 Write 3325952
253:0 Sync 196608
253:0 Async 1937137664
253:0 Total 1937334272
Total 1937334272
--------------------CPUAC-----------------------
user 1305
system 3339
--------------------MEMCG-----------------------
MEM ONLY  : 953 MB
MEM+SWAP  : 953 MB
cache 743149568
rss 256618496
rss_huge 0
mapped_file 10686464
writeback 0
swap 0
pgpgin 856472
pgpgout 612388
pgfault 248538
pgmajfault 606
inactive_anon 129630208
active_anon 127057920
inactive_file 371642368
active_file 371417088
unevictable 4096
hierarchical_memory_limit 999997440
hierarchical_memsw_limit 9223372036854771712
total_cache 743149568
total_rss 256618496
total_rss_huge 0
total_mapped_file 10686464
total_writeback 0
total_swap 0
total_pgpgin 856472
total_pgpgout 612388
total_pgfault 248538
total_pgmajfault 606
total_inactive_anon 129630208
total_active_anon 127057920
total_inactive_file 371642368
total_active_file 371417088
total_unevictable 4096
--------------------BLKIO-----------------------
11:0 Read 0
11:0 Write 0
11:0 Sync 0
11:0 Async 0
11:0 Total 0
253:0 Read 1964900352
253:0 Write 3362816
253:0 Sync 196608
253:0 Async 1968066560
253:0 Total 1968263168
Total 1968263168
--------------------CPUAC-----------------------
user 1352
system 3554
--------------------MEMCG-----------------------
MEM ONLY  : 953 MB
MEM+SWAP  : 953 MB
cache 743518208
rss 256397312
rss_huge 0
mapped_file 10686464
writeback 0
swap 0
pgpgin 884064
pgpgout 639944
pgfault 248641
pgmajfault 606
inactive_anon 129630208
active_anon 126836736
inactive_file 371949568
active_file 371445760
unevictable 4096
hierarchical_memory_limit 999997440
hierarchical_memsw_limit 9223372036854771712
total_cache 743518208
total_rss 256397312
total_rss_huge 0
total_mapped_file 10686464
total_writeback 0
total_swap 0
total_pgpgin 884064
total_pgpgout 639944
total_pgfault 248641
total_pgmajfault 606
total_inactive_anon 129630208
total_active_anon 126836736
total_inactive_file 371949568
total_active_file 371445760
total_unevictable 4096
--------------------BLKIO-----------------------
11:0 Read 0
11:0 Write 0
11:0 Sync 0
11:0 Async 0
11:0 Total 0
253:0 Read 1995939840
253:0 Write 3403776
253:0 Sync 196608
253:0 Async 1999147008
253:0 Total 1999343616
Total 1999343616
--------------------CPUAC-----------------------
user 1404
system 3811
--------------------MEMCG-----------------------
MEM ONLY  : 953 MB
MEM+SWAP  : 953 MB
cache 742055936
rss 257859584
rss_huge 0
mapped_file 10686464
writeback 0
swap 0
pgpgin 912126
pgpgout 668006
pgfault 249058
pgmajfault 606
inactive_anon 129630208
active_anon 128299008
inactive_file 371163136
active_file 370810880
unevictable 4096
hierarchical_memory_limit 999997440
hierarchical_memsw_limit 9223372036854771712
total_cache 742055936
total_rss 257859584
total_rss_huge 0
total_mapped_file 10686464
total_writeback 0
total_swap 0
total_pgpgin 912126
total_pgpgout 668006
total_pgfault 249058
total_pgmajfault 606
total_inactive_anon 129630208
total_active_anon 128299008
total_inactive_file 371163136
total_active_file 370810880
total_unevictable 4096
--------------------BLKIO-----------------------
11:0 Read 0
11:0 Write 0
11:0 Sync 0
11:0 Async 0
11:0 Total 0
253:0 Read 2027352064
253:0 Write 3448832
253:0 Sync 196608
253:0 Async 2030604288
253:0 Total 2030800896
Total 2030800896
--------------------CPUAC-----------------------
user 1452
system 4077
--------------------MEMCG-----------------------
MEM ONLY  : 953 MB
MEM+SWAP  : 953 MB
cache 742543360
rss 257421312
rss_huge 0
mapped_file 10207232
writeback 0
swap 0
pgpgin 940608
pgpgout 696476
pgfault 249123
pgmajfault 606
inactive_anon 129630208
active_anon 127860736
inactive_file 371314688
active_file 371113984
unevictable 4096
hierarchical_memory_limit 999997440
hierarchical_memsw_limit 9223372036854771712
total_cache 742543360
total_rss 257421312
total_rss_huge 0
total_mapped_file 10207232
total_writeback 0
total_swap 0
total_pgpgin 940608
total_pgpgout 696476
total_pgfault 249123
total_pgmajfault 606
total_inactive_anon 129630208
total_active_anon 127860736
total_inactive_file 371314688
total_active_file 371113984
total_unevictable 4096
--------------------BLKIO-----------------------
11:0 Read 0
11:0 Write 0
11:0 Sync 0
11:0 Async 0
11:0 Total 0
253:0 Read 2057752576
253:0 Write 3497984
253:0 Sync 196608
253:0 Async 2061053952
253:0 Total 2061250560
Total 2061250560
--------------------CPUAC-----------------------
user 1509
system 4345
--------------------MEMCG-----------------------
MEM ONLY  : 953 MB
MEM+SWAP  : 953 MB
cache 742498304
rss 257425408
rss_huge 0
mapped_file 9859072
writeback 0
swap 0
pgpgin 970623
pgpgout 726501
pgfault 249184
pgmajfault 606
inactive_anon 129630208
active_anon 127864832
inactive_file 371404800
active_file 370962432
unevictable 4096
hierarchical_memory_limit 999997440
hierarchical_memsw_limit 9223372036854771712
total_cache 742498304
total_rss 257425408
total_rss_huge 0
total_mapped_file 9859072
total_writeback 0
total_swap 0
total_pgpgin 970623
total_pgpgout 726501
total_pgfault 249184
total_pgmajfault 606
total_inactive_anon 129630208
total_active_anon 127864832
total_inactive_file 371404800
total_active_file 370962432
total_unevictable 4096
--------------------BLKIO-----------------------
11:0 Read 0
11:0 Write 0
11:0 Sync 0
11:0 Async 0
11:0 Total 0
253:0 Read 2087239680
253:0 Write 3547136
253:0 Sync 196608
253:0 Async 2090590208
253:0 Total 2090786816
Total 2090786816
--------------------CPUAC-----------------------
user 1557
system 4656
--------------------MEMCG-----------------------
MEM ONLY  : 953 MB
MEM+SWAP  : 953 MB
cache 742559744
rss 257425408
rss_huge 0
mapped_file 6918144
writeback 0
swap 0
pgpgin 1004133
pgpgout 759996
pgfault 249245
pgmajfault 607
inactive_anon 129630208
active_anon 127864832
inactive_file 371339264
active_file 371142656
unevictable 4096
hierarchical_memory_limit 999997440
hierarchical_memsw_limit 9223372036854771712
total_cache 742559744
total_rss 257425408
total_rss_huge 0
total_mapped_file 6918144
total_writeback 0
total_swap 0
total_pgpgin 1004133
total_pgpgout 759996
total_pgfault 249245
total_pgmajfault 607
total_inactive_anon 129630208
total_active_anon 127864832
total_inactive_file 371339264
total_active_file 371142656
total_unevictable 4096
--------------------BLKIO-----------------------
11:0 Read 0
11:0 Write 0
11:0 Sync 0
11:0 Async 0
11:0 Total 0
253:0 Read 2118025216
253:0 Write 3604480
253:0 Sync 196608
253:0 Async 2121433088
253:0 Total 2121629696
Total 2121629696
--------------------CPUAC-----------------------
user 1615
system 4990
--------------------MEMCG-----------------------
MEM ONLY  : 953 MB
MEM+SWAP  : 953 MB
cache 742379520
rss 257425408
rss_huge 0
mapped_file 6918144
writeback 0
swap 0
pgpgin 1038320
pgpgout 794227
pgfault 249305
pgmajfault 607
inactive_anon 129630208
active_anon 127864832
inactive_file 371449856
active_file 370802688
unevictable 4096
hierarchical_memory_limit 999997440
hierarchical_memsw_limit 9223372036854771712
total_cache 742379520
total_rss 257425408
total_rss_huge 0
total_mapped_file 6918144
total_writeback 0
total_swap 0
total_pgpgin 1038320
total_pgpgout 794227
total_pgfault 249305
total_pgmajfault 607
total_inactive_anon 129630208
total_active_anon 127864832
total_inactive_file 371449856
total_active_file 370802688
total_unevictable 4096
--------------------BLKIO-----------------------
11:0 Read 0
11:0 Write 0
11:0 Sync 0
11:0 Async 0
11:0 Total 0
253:0 Read 2146594816
253:0 Write 3661824
253:0 Sync 196608
253:0 Async 2150060032
253:0 Total 2150256640
Total 2150256640
--------------------CPUAC-----------------------
user 1667
system 5363
--------------------MEMCG-----------------------
MEM ONLY  : 953 MB
MEM+SWAP  : 953 MB
cache 742088704
rss 257671168
rss_huge 0
mapped_file 6918144
writeback 0
swap 0
pgpgin 1077235
pgpgout 833153
pgfault 249425
pgmajfault 607
inactive_anon 129630208
active_anon 128110592
inactive_file 371175424
active_file 370831360
unevictable 4096
hierarchical_memory_limit 999997440
hierarchical_memsw_limit 9223372036854771712
total_cache 742088704
total_rss 257671168
total_rss_huge 0
total_mapped_file 6918144
total_writeback 0
total_swap 0
total_pgpgin 1077235
total_pgpgout 833153
total_pgfault 249425
total_pgmajfault 607
total_inactive_anon 129630208
total_active_anon 128110592
total_inactive_file 371175424
total_active_file 370831360
total_unevictable 4096
--------------------BLKIO-----------------------
11:0 Read 0
11:0 Write 0
11:0 Sync 0
11:0 Async 0
11:0 Total 0
253:0 Read 2175717376
253:0 Write 3727360
253:0 Sync 196608
253:0 Async 2179248128
253:0 Total 2179444736
Total 2179444736
--------------------CPUAC-----------------------
user 1732
system 5765
--------------------MEMCG-----------------------
MEM ONLY  : 953 MB
MEM+SWAP  : 953 MB
cache 741900288
rss 257880064
rss_huge 0
mapped_file 6918144
writeback 0
swap 0
pgpgin 1117955
pgpgout 873868
pgfault 249536
pgmajfault 607
inactive_anon 129630208
active_anon 128319488
inactive_file 371064832
active_file 370733056
unevictable 4096
hierarchical_memory_limit 999997440
hierarchical_memsw_limit 9223372036854771712
total_cache 741900288
total_rss 257880064
total_rss_huge 0
total_mapped_file 6918144
total_writeback 0
total_swap 0
total_pgpgin 1117955
total_pgpgout 873868
total_pgfault 249536
total_pgmajfault 607
total_inactive_anon 129630208
total_active_anon 128319488
total_inactive_file 371064832
total_active_file 370733056
total_unevictable 4096
--------------------BLKIO-----------------------
11:0 Read 0
11:0 Write 0
11:0 Sync 0
11:0 Async 0
11:0 Total 0
253:0 Read 2203758592
253:0 Write 3796992
253:0 Sync 196608
253:0 Async 2207358976
253:0 Total 2207555584
Total 2207555584
--------------------CPUAC-----------------------
user 1799
system 6218
--------------------MEMCG-----------------------
MEM ONLY  : 953 MB
MEM+SWAP  : 953 MB
cache 739172352
rss 260583424
rss_huge 0
mapped_file 6918144
writeback 0
swap 0
pgpgin 1163870
pgpgout 919789
pgfault 250256
pgmajfault 607
inactive_anon 130547712
active_anon 130105344
inactive_file 369627136
active_file 369467392
unevictable 4096
hierarchical_memory_limit 999997440
hierarchical_memsw_limit 9223372036854771712
total_cache 739172352
total_rss 260583424
total_rss_huge 0
total_mapped_file 6918144
total_writeback 0
total_swap 0
total_pgpgin 1163870
total_pgpgout 919789
total_pgfault 250256
total_pgmajfault 607
total_inactive_anon 130547712
total_active_anon 130105344
total_inactive_file 369627136
total_active_file 369467392
total_unevictable 4096
--------------------BLKIO-----------------------
11:0 Read 0
11:0 Write 0
11:0 Sync 0
11:0 Async 0
11:0 Total 0
253:0 Read 2231250944
253:0 Write 3870720
253:0 Sync 196608
253:0 Async 2234925056
253:0 Total 2235121664
Total 2235121664
--------------------CPUAC-----------------------
user 1879
system 6702
--------------------MEMCG-----------------------
MEM ONLY  : 953 MB
MEM+SWAP  : 953 MB
cache 737898496
rss 261816320
rss_huge 0
mapped_file 6918144
writeback 0
swap 0
pgpgin 1208506
pgpgout 964435
pgfault 250688
pgmajfault 607
inactive_anon 131018752
active_anon 130863104
inactive_file 369061888
active_file 368709632
unevictable 4096
hierarchical_memory_limit 999997440
hierarchical_memsw_limit 9223372036854771712
total_cache 737898496
total_rss 261816320
total_rss_huge 0
total_mapped_file 6918144
total_writeback 0
total_swap 0
total_pgpgin 1208506
total_pgpgout 964435
total_pgfault 250688
total_pgmajfault 607
total_inactive_anon 131018752
total_active_anon 130863104
total_inactive_file 369061888
total_active_file 368709632
total_unevictable 4096
--------------------BLKIO-----------------------
11:0 Read 0
11:0 Write 0
11:0 Sync 0
11:0 Async 0
11:0 Total 0
253:0 Read 2254774272
253:0 Write 3870720
253:0 Sync 196608
253:0 Async 2258448384
253:0 Total 2258644992
Total 2258644992
--------------------CPUAC-----------------------
user 1959
system 7337
--------------------MEMCG-----------------------
MEM ONLY  : 953 MB
MEM+SWAP  : 953 MB
cache 738451456
rss 261500928
rss_huge 0
mapped_file 6918144
writeback 0
swap 0
pgpgin 1256804
pgpgout 1012675
pgfault 250868
pgmajfault 607
inactive_anon 131063808
active_anon 130506752
inactive_file 369344512
active_file 369033216
unevictable 4096
hierarchical_memory_limit 999997440
hierarchical_memsw_limit 9223372036854771712
total_cache 738451456
total_rss 261500928
total_rss_huge 0
total_mapped_file 6918144
total_writeback 0
total_swap 0
total_pgpgin 1256804
total_pgpgout 1012675
total_pgfault 250868
total_pgmajfault 607
total_inactive_anon 131063808
total_active_anon 130506752
total_inactive_file 369344512
total_active_file 369033216
total_unevictable 4096
--------------------BLKIO-----------------------
11:0 Read 0
11:0 Write 0
11:0 Sync 0
11:0 Async 0
11:0 Total 0
253:0 Read 2278989824
253:0 Write 3895296
253:0 Sync 196608
253:0 Async 2282688512
253:0 Total 2282885120
Total 2282885120
--------------------CPUAC-----------------------
user 2061
system 7918
--------------------MEMCG-----------------------
MEM ONLY  : 953 MB
MEM+SWAP  : 953 MB
cache 737509376
rss 262332416
rss_huge 0
mapped_file 6918144
writeback 0
swap 0
pgpgin 1309623
pgpgout 1065521
pgfault 251164
pgmajfault 607
inactive_anon 131457024
active_anon 130945024
inactive_file 368857088
active_file 368578560
unevictable 4096
hierarchical_memory_limit 999997440
hierarchical_memsw_limit 9223372036854771712
total_cache 737509376
total_rss 262332416
total_rss_huge 0
total_mapped_file 6918144
total_writeback 0
total_swap 0
total_pgpgin 1309623
total_pgpgout 1065521
total_pgfault 251164
total_pgmajfault 607
total_inactive_anon 131457024
total_active_anon 130945024
total_inactive_file 368857088
total_active_file 368578560
total_unevictable 4096
--------------------BLKIO-----------------------
11:0 Read 0
11:0 Write 0
11:0 Sync 0
11:0 Async 0
11:0 Total 0
253:0 Read 2303873024
253:0 Write 3923968
253:0 Sync 196608
253:0 Async 2307600384
253:0 Total 2307796992
Total 2307796992
--------------------CPUAC-----------------------
user 2154
system 8560
--------------------MEMCG-----------------------
MEM ONLY  : 953 MB
MEM+SWAP  : 953 MB
cache 737427456
rss 262316032
rss_huge 0
mapped_file 6918144
writeback 0
swap 0
pgpgin 1366686
pgpgout 1122608
pgfault 251275
pgmajfault 607
inactive_anon 131395584
active_anon 130990080
inactive_file 368750592
active_file 368603136
unevictable 4096
hierarchical_memory_limit 999997440
hierarchical_memsw_limit 9223372036854771712
total_cache 737427456
total_rss 262316032
total_rss_huge 0
total_mapped_file 6918144
total_writeback 0
total_swap 0
total_pgpgin 1366686
total_pgpgout 1122608
total_pgfault 251275
total_pgmajfault 607
total_inactive_anon 131395584
total_active_anon 130990080
total_inactive_file 368750592
total_active_file 368603136
total_unevictable 4096
--------------------BLKIO-----------------------
11:0 Read 0
11:0 Write 0
11:0 Sync 0
11:0 Async 0
11:0 Total 0
253:0 Read 2326175744
253:0 Write 3956736
253:0 Sync 196608
253:0 Async 2329935872
253:0 Total 2330132480
Total 2330132480
--------------------CPUAC-----------------------
user 2264
system 9275
--------------------MEMCG-----------------------
MEM ONLY  : 953 MB
MEM+SWAP  : 953 MB
cache 735133696
rss 264777728
rss_huge 0
mapped_file 6918144
writeback 0
swap 0
pgpgin 1430618
pgpgout 1186499
pgfault 252063
pgmajfault 607
inactive_anon 132489216
active_anon 132358144
inactive_file 367550464
active_file 367378432
unevictable 4096
hierarchical_memory_limit 999997440
hierarchical_memsw_limit 9223372036854771712
total_cache 735133696
total_rss 264777728
total_rss_huge 0
total_mapped_file 6918144
total_writeback 0
total_swap 0
total_pgpgin 1430618
total_pgpgout 1186499
total_pgfault 252063
total_pgmajfault 607
total_inactive_anon 132489216
total_active_anon 132358144
total_inactive_file 367550464
total_active_file 367378432
total_unevictable 4096
--------------------BLKIO-----------------------
11:0 Read 0
11:0 Write 0
11:0 Sync 0
11:0 Async 0
11:0 Total 0
253:0 Read 2346291200
253:0 Write 3993600
253:0 Sync 196608
253:0 Async 2350088192
253:0 Total 2350284800
Total 2350284800
--------------------CPUAC-----------------------
user 2365
system 10046
--------------------MEMCG-----------------------
MEM ONLY  : 953 MB
MEM+SWAP  : 953 MB
cache 735072256
rss 264749056
rss_huge 0
mapped_file 6918144
writeback 0
swap 0
pgpgin 1496790
pgpgout 1252693
pgfault 252312
pgmajfault 607
inactive_anon 132603904
active_anon 132214784
inactive_file 367570944
active_file 367419392
unevictable 4096
hierarchical_memory_limit 999997440
hierarchical_memsw_limit 9223372036854771712
total_cache 735072256
total_rss 264749056
total_rss_huge 0
total_mapped_file 6918144
total_writeback 0
total_swap 0
total_pgpgin 1496790
total_pgpgout 1252693
total_pgfault 252312
total_pgmajfault 607
total_inactive_anon 132603904
total_active_anon 132214784
total_inactive_file 367570944
total_active_file 367419392
total_unevictable 4096
--------------------BLKIO-----------------------
11:0 Read 0
11:0 Write 0
11:0 Sync 0
11:0 Async 0
11:0 Total 0
253:0 Read 2365603840
253:0 Write 4034560
253:0 Sync 196608
253:0 Async 2369441792
253:0 Total 2369638400
Total 2369638400
--------------------CPUAC-----------------------
user 2468
system 10881
--------------------MEMCG-----------------------
MEM ONLY  : 953 MB
MEM+SWAP  : 953 MB
cache 734199808
rss 265728000
rss_huge 0
mapped_file 4354048
writeback 0
swap 0
pgpgin 1567881
pgpgout 1323758
pgfault 252893
pgmajfault 607
inactive_anon 133103616
active_anon 132694016
inactive_file 367230976
active_file 366845952
unevictable 4096
hierarchical_memory_limit 999997440
hierarchical_memsw_limit 9223372036854771712
total_cache 734199808
total_rss 265728000
total_rss_huge 0
total_mapped_file 4354048
total_writeback 0
total_swap 0
total_pgpgin 1567881
total_pgpgout 1323758
total_pgfault 252893
total_pgmajfault 607
total_inactive_anon 133103616
total_active_anon 132694016
total_inactive_file 367230976
total_active_file 366845952
total_unevictable 4096
--------------------BLKIO-----------------------
11:0 Read 0
11:0 Write 0
11:0 Sync 0
11:0 Async 0
11:0 Total 0
253:0 Read 2383855616
253:0 Write 4083712
253:0 Sync 196608
253:0 Async 2387742720
253:0 Total 2387939328
Total 2387939328
--------------------CPUAC-----------------------
user 2580
system 11761
--------------------MEMCG-----------------------
MEM ONLY  : 953 MB
MEM+SWAP  : 953 MB
cache 733028352
rss 266813440
rss_huge 0
mapped_file 3829760
writeback 0
swap 0
pgpgin 1644148
pgpgout 1400046
pgfault 253479
pgmajfault 607
inactive_anon 133496832
active_anon 133386240
inactive_file 366604288
active_file 366317568
unevictable 4096
hierarchical_memory_limit 999997440
hierarchical_memsw_limit 9223372036854771712
total_cache 733028352
total_rss 266813440
total_rss_huge 0
total_mapped_file 3829760
total_writeback 0
total_swap 0
total_pgpgin 1644148
total_pgpgout 1400046
total_pgfault 253479
total_pgmajfault 607
total_inactive_anon 133496832
total_active_anon 133386240
total_inactive_file 366604288
total_active_file 366317568
total_unevictable 4096
--------------------BLKIO-----------------------
11:0 Read 0
11:0 Write 0
11:0 Sync 0
11:0 Async 0
11:0 Total 0
253:0 Read 2398846976
253:0 Write 4132864
253:0 Sync 196608
253:0 Async 2402783232
253:0 Total 2402979840
Total 2402979840
--------------------CPUAC-----------------------
user 2706
system 12761
--------------------MEMCG-----------------------
MEM ONLY  : 953 MB
MEM+SWAP  : 953 MB
cache 731688960
rss 268230656
rss_huge 0
mapped_file 3829760
writeback 0
swap 0
pgpgin 1725479
pgpgout 1481358
pgfault 253940
pgmajfault 607
inactive_anon 134373376
active_anon 133926912
inactive_file 365965312
active_file 365596672
unevictable 4096
hierarchical_memory_limit 999997440
hierarchical_memsw_limit 9223372036854771712
total_cache 731688960
total_rss 268230656
total_rss_huge 0
total_mapped_file 3829760
total_writeback 0
total_swap 0
total_pgpgin 1725479
total_pgpgout 1481358
total_pgfault 253940
total_pgmajfault 607
total_inactive_anon 134373376
total_active_anon 133926912
total_inactive_file 365965312
total_active_file 365596672
total_unevictable 4096
--------------------BLKIO-----------------------
11:0 Read 0
11:0 Write 0
11:0 Sync 0
11:0 Async 0
11:0 Total 0
253:0 Read 2412244992
253:0 Write 4190208
253:0 Sync 196608
253:0 Async 2416238592
253:0 Total 2416435200
Total 2416435200
--------------------CPUAC-----------------------
user 2837
system 13840
--------------------MEMCG-----------------------
MEM ONLY  : 953 MB
MEM+SWAP  : 953 MB
cache 731394048
rss 268525568
rss_huge 0
mapped_file 3829760
writeback 0
swap 0
pgpgin 1799914
pgpgout 1555793
pgfault 254254
pgmajfault 607
inactive_anon 134402048
active_anon 134193152
inactive_file 365740032
active_file 365527040
unevictable 4096
hierarchical_memory_limit 999997440
hierarchical_memsw_limit 9223372036854771712
total_cache 731394048
total_rss 268525568
total_rss_huge 0
total_mapped_file 3829760
total_writeback 0
total_swap 0
total_pgpgin 1799914
total_pgpgout 1555793
total_pgfault 254254
total_pgmajfault 607
total_inactive_anon 134402048
total_active_anon 134193152
total_inactive_file 365740032
total_active_file 365527040
total_unevictable 4096
--------------------BLKIO-----------------------
11:0 Read 0
11:0 Write 0
11:0 Sync 0
11:0 Async 0
11:0 Total 0
253:0 Read 2421784576
253:0 Write 4247552
253:0 Sync 196608
253:0 Async 2425835520
253:0 Total 2426032128
Total 2426032128
--------------------CPUAC-----------------------
user 2960
system 15150
--------------------MEMCG-----------------------
MEM ONLY  : 953 MB
MEM+SWAP  : 953 MB
cache 728981504
rss 271015936
rss_huge 0
mapped_file 3829760
writeback 0
swap 0
pgpgin 1869267
pgpgout 1625127
pgfault 255072
pgmajfault 607
inactive_anon 135888896
active_anon 135196672
inactive_file 364666880
active_file 364175360
unevictable 4096
hierarchical_memory_limit 999997440
hierarchical_memsw_limit 9223372036854771712
total_cache 728981504
total_rss 271015936
total_rss_huge 0
total_mapped_file 3829760
total_writeback 0
total_swap 0
total_pgpgin 1869267
total_pgpgout 1625127
total_pgfault 255072
total_pgmajfault 607
total_inactive_anon 135888896
total_active_anon 135196672
total_inactive_file 364666880
total_active_file 364175360
total_unevictable 4096
--------------------BLKIO-----------------------
11:0 Read 0
11:0 Write 0
11:0 Sync 0
11:0 Async 0
11:0 Total 0
253:0 Read 2429734912
253:0 Write 4313088
253:0 Sync 196608
253:0 Async 2433851392
253:0 Total 2434048000
Total 2434048000
--------------------CPUAC-----------------------
user 3074
system 16546
--------------------MEMCG-----------------------
MEM ONLY  : 953 MB
MEM+SWAP  : 953 MB
cache 727236608
rss 272699392
rss_huge 0
mapped_file 3829760
writeback 0
swap 0
pgpgin 1957904
pgpgout 1713779
pgfault 255614
pgmajfault 607
inactive_anon 136544256
active_anon 136224768
inactive_file 363728896
active_file 363421696
unevictable 4096
hierarchical_memory_limit 999997440
hierarchical_memsw_limit 9223372036854771712
total_cache 727236608
total_rss 272699392
total_rss_huge 0
total_mapped_file 3829760
total_writeback 0
total_swap 0
total_pgpgin 1957904
total_pgpgout 1713779
total_pgfault 255614
total_pgmajfault 607
total_inactive_anon 136544256
total_active_anon 136224768
total_inactive_file 363728896
total_active_file 363421696
total_unevictable 4096
--------------------BLKIO-----------------------
11:0 Read 0
11:0 Write 0
11:0 Sync 0
11:0 Async 0
11:0 Total 0
253:0 Read 2438471680
253:0 Write 4382720
253:0 Sync 196608
253:0 Async 2442657792
253:0 Total 2442854400
Total 2442854400
--------------------CPUAC-----------------------
user 3223
system 17795
--------------------MEMCG-----------------------
MEM ONLY  : 953 MB
MEM+SWAP  : 953 MB
cache 726126592
rss 273743872
rss_huge 0
mapped_file 2887680
writeback 0
swap 0
pgpgin 2050397
pgpgout 1806288
pgfault 256079
pgmajfault 607
inactive_anon 137170944
active_anon 136642560
inactive_file 363118592
active_file 362930176
unevictable 4096
hierarchical_memory_limit 999997440
hierarchical_memsw_limit 9223372036854771712
total_cache 726126592
total_rss 273743872
total_rss_huge 0
total_mapped_file 2887680
total_writeback 0
total_swap 0
total_pgpgin 2050397
total_pgpgout 1806288
total_pgfault 256079
total_pgmajfault 607
total_inactive_anon 137170944
total_active_anon 136642560
total_inactive_file 363118592
total_active_file 362930176
total_unevictable 4096
--------------------BLKIO-----------------------
11:0 Read 0
11:0 Write 0
11:0 Sync 0
11:0 Async 0
11:0 Total 0
253:0 Read 2445877248
253:0 Write 4456448
253:0 Sync 196608
253:0 Async 2450137088
253:0 Total 2450333696
Total 2450333696
--------------------CPUAC-----------------------
user 3407
system 19054
--------------------MEMCG-----------------------
MEM ONLY  : 953 MB
MEM+SWAP  : 953 MB
cache 722866176
rss 276910080
rss_huge 0
mapped_file 2883584
writeback 0
swap 0
pgpgin 2144682
pgpgout 1900596
pgfault 257027
pgmajfault 607
inactive_anon 138702848
active_anon 138276864
inactive_file 361422848
active_file 361345024
unevictable 4096
hierarchical_memory_limit 999997440
hierarchical_memsw_limit 9223372036854771712
total_cache 722866176
total_rss 276910080
total_rss_huge 0
total_mapped_file 2883584
total_writeback 0
total_swap 0
total_pgpgin 2144682
total_pgpgout 1900596
total_pgfault 257027
total_pgmajfault 607
total_inactive_anon 138702848
total_active_anon 138276864
total_inactive_file 361422848
total_active_file 361345024
total_unevictable 4096
--------------------BLKIO-----------------------
11:0 Read 0
11:0 Write 0
11:0 Sync 0
11:0 Async 0
11:0 Total 0
253:0 Read 2452013056
253:0 Write 4534272
253:0 Sync 196608
253:0 Async 2456350720
253:0 Total 2456547328
Total 2456547328
--------------------CPUAC-----------------------
user 3576
system 20400
--------------------MEMCG-----------------------
MEM ONLY  : 953 MB
MEM+SWAP  : 953 MB
cache 720744448
rss 279220224
rss_huge 0
mapped_file 2875392
writeback 0
swap 0
pgpgin 2243814
pgpgout 1999682
pgfault 257799
pgmajfault 608
inactive_anon 139882496
active_anon 139407360
inactive_file 360546304
active_file 360087552
unevictable 4096
hierarchical_memory_limit 999997440
hierarchical_memsw_limit 9223372036854771712
total_cache 720744448
total_rss 279220224
total_rss_huge 0
total_mapped_file 2875392
total_writeback 0
total_swap 0
total_pgpgin 2243814
total_pgpgout 1999682
total_pgfault 257799
total_pgmajfault 608
total_inactive_anon 139882496
total_active_anon 139407360
total_inactive_file 360546304
total_active_file 360087552
total_unevictable 4096
--------------------BLKIO-----------------------
11:0 Read 0
11:0 Write 0
11:0 Sync 0
11:0 Async 0
11:0 Total 0
253:0 Read 2456600576
253:0 Write 4616192
253:0 Sync 196608
253:0 Async 2461020160
253:0 Total 2461216768
Total 2461216768
--------------------CPUAC-----------------------
user 3756
system 21773
--------------------MEMCG-----------------------
MEM ONLY  : 953 MB
MEM+SWAP  : 953 MB
cache 717672448
rss 282112000
rss_huge 0
mapped_file 2949120
writeback 0
swap 0
pgpgin 2344056
pgpgout 2099968
pgfault 258737
pgmajfault 611
inactive_anon 141258752
active_anon 140922880
inactive_file 358916096
active_file 358653952
unevictable 4096
hierarchical_memory_limit 999997440
hierarchical_memsw_limit 9223372036854771712
total_cache 717672448
total_rss 282112000
total_rss_huge 0
total_mapped_file 2949120
total_writeback 0
total_swap 0
total_pgpgin 2344056
total_pgpgout 2099968
total_pgfault 258737
total_pgmajfault 611
total_inactive_anon 141258752
total_active_anon 140922880
total_inactive_file 358916096
total_active_file 358653952
total_unevictable 4096
--------------------BLKIO-----------------------
11:0 Read 0
11:0 Write 0
11:0 Sync 0
11:0 Async 0
11:0 Total 0
253:0 Read 2460258304
253:0 Write 4616192
253:0 Sync 196608
253:0 Async 2464677888
253:0 Total 2464874496
Total 2464874496
--------------------CPUAC-----------------------
user 3949
system 23170
