--------------------MEMCG-----------------------
MEM ONLY  : 953 MB
MEM+SWAP  : 953 MB
cache 736804864
rss 263098368
rss_huge 0
mapped_file 7168000
writeback 0
swap 0
pgpgin 1116797
pgpgout 872680
pgfault 251302
pgmajfault 632
inactive_anon 132227072
active_anon 130940928
inactive_file 368574464
active_file 368119808
unevictable 4096
hierarchical_memory_limit 999997440
hierarchical_memsw_limit 9223372036854771712
total_cache 736804864
total_rss 263098368
total_rss_huge 0
total_mapped_file 7168000
total_writeback 0
total_swap 0
total_pgpgin 1116797
total_pgpgout 872680
total_pgfault 251302
total_pgmajfault 632
total_inactive_anon 132227072
total_active_anon 130940928
total_inactive_file 368574464
total_active_file 368119808
total_unevictable 4096
--------------------BLKIO-----------------------
11:0 Read 0
11:0 Write 0
11:0 Sync 0
11:0 Async 0
11:0 Total 0
253:0 Read 2199994368
253:0 Write 3252224
253:0 Sync 196608
253:0 Async 2203049984
253:0 Total 2203246592
Total 2203246592
--------------------CPUAC-----------------------
user 1644
system 1484
--------------------MEMCG-----------------------
MEM ONLY  : 953 MB
MEM+SWAP  : 953 MB
cache 737189888
rss 262758400
rss_huge 0
mapped_file 7168000
writeback 0
swap 0
pgpgin 1171901
pgpgout 927773
pgfault 251489
pgmajfault 632
inactive_anon 132227072
active_anon 130600960
inactive_file 368738304
active_file 368377856
unevictable 4096
hierarchical_memory_limit 999997440
hierarchical_memsw_limit 9223372036854771712
total_cache 737189888
total_rss 262758400
total_rss_huge 0
total_mapped_file 7168000
total_writeback 0
total_swap 0
total_pgpgin 1171901
total_pgpgout 927773
total_pgfault 251489
total_pgmajfault 632
total_inactive_anon 132227072
total_active_anon 130600960
total_inactive_file 368738304
total_active_file 368377856
total_unevictable 4096
--------------------BLKIO-----------------------
11:0 Read 0
11:0 Write 0
11:0 Sync 0
11:0 Async 0
11:0 Total 0
253:0 Read 2232840192
253:0 Write 3276800
253:0 Sync 196608
253:0 Async 2235920384
253:0 Total 2236116992
Total 2236116992
--------------------CPUAC-----------------------
user 1720
system 1556
--------------------MEMCG-----------------------
MEM ONLY  : 953 MB
MEM+SWAP  : 953 MB
cache 736923648
rss 262926336
rss_huge 0
mapped_file 7168000
writeback 0
swap 0
pgpgin 1235836
pgpgout 991732
pgfault 251590
pgmajfault 632
inactive_anon 132227072
active_anon 130768896
inactive_file 368578560
active_file 368234496
unevictable 4096
hierarchical_memory_limit 999997440
hierarchical_memsw_limit 9223372036854771712
total_cache 736923648
total_rss 262926336
total_rss_huge 0
total_mapped_file 7168000
total_writeback 0
total_swap 0
total_pgpgin 1235836
total_pgpgout 991732
total_pgfault 251590
total_pgmajfault 632
total_inactive_anon 132227072
total_active_anon 130768896
total_inactive_file 368578560
total_active_file 368234496
total_unevictable 4096
--------------------BLKIO-----------------------
11:0 Read 0
11:0 Write 0
11:0 Sync 0
11:0 Async 0
11:0 Total 0
253:0 Read 2266644480
253:0 Write 3305472
253:0 Sync 196608
253:0 Async 2269753344
253:0 Total 2269949952
Total 2269949952
--------------------CPUAC-----------------------
user 1818
system 1636
--------------------MEMCG-----------------------
MEM ONLY  : 953 MB
MEM+SWAP  : 953 MB
cache 736030720
rss 263811072
rss_huge 0
mapped_file 7168000
writeback 0
swap 0
pgpgin 1311576
pgpgout 1067474
pgfault 252008
pgmajfault 632
inactive_anon 132194304
active_anon 131686400
inactive_file 368054272
active_file 367902720
unevictable 4096
hierarchical_memory_limit 999997440
hierarchical_memsw_limit 9223372036854771712
total_cache 736030720
total_rss 263811072
total_rss_huge 0
total_mapped_file 7168000
total_writeback 0
total_swap 0
total_pgpgin 1311576
total_pgpgout 1067474
total_pgfault 252008
total_pgmajfault 632
total_inactive_anon 132194304
total_active_anon 131686400
total_inactive_file 368054272
total_active_file 367902720
total_unevictable 4096
--------------------BLKIO-----------------------
11:0 Read 0
11:0 Write 0
11:0 Sync 0
11:0 Async 0
11:0 Total 0
253:0 Read 2299621376
253:0 Write 3338240
253:0 Sync 196608
253:0 Async 2302763008
253:0 Total 2302959616
Total 2302959616
--------------------CPUAC-----------------------
user 1932
system 1735
--------------------MEMCG-----------------------
MEM ONLY  : 953 MB
MEM+SWAP  : 953 MB
cache 734355456
rss 265531392
rss_huge 0
mapped_file 7168000
writeback 0
swap 0
pgpgin 1399231
pgpgout 1155118
pgfault 252606
pgmajfault 632
inactive_anon 132964352
active_anon 132636672
inactive_file 367296512
active_file 366968832
unevictable 4096
hierarchical_memory_limit 999997440
hierarchical_memsw_limit 9223372036854771712
total_cache 734355456
total_rss 265531392
total_rss_huge 0
total_mapped_file 7168000
total_writeback 0
total_swap 0
total_pgpgin 1399231
total_pgpgout 1155118
total_pgfault 252606
total_pgmajfault 632
total_inactive_anon 132964352
total_active_anon 132636672
total_inactive_file 367296512
total_active_file 366968832
total_unevictable 4096
--------------------BLKIO-----------------------
11:0 Read 0
11:0 Write 0
11:0 Sync 0
11:0 Async 0
11:0 Total 0
253:0 Read 2332004352
253:0 Write 3379200
253:0 Sync 196608
253:0 Async 2335186944
253:0 Total 2335383552
Total 2335383552
--------------------CPUAC-----------------------
user 2053
system 1854
--------------------MEMCG-----------------------
MEM ONLY  : 953 MB
MEM+SWAP  : 953 MB
cache 730996736
rss 268898304
rss_huge 0
mapped_file 7168000
writeback 0
swap 0
pgpgin 1502200
pgpgout 1258085
pgfault 253673
pgmajfault 632
inactive_anon 134615040
active_anon 134352896
inactive_file 365768704
active_file 365154304
unevictable 4096
hierarchical_memory_limit 999997440
hierarchical_memsw_limit 9223372036854771712
total_cache 730996736
total_rss 268898304
total_rss_huge 0
total_mapped_file 7168000
total_writeback 0
total_swap 0
total_pgpgin 1502200
total_pgpgout 1258085
total_pgfault 253673
total_pgmajfault 632
total_inactive_anon 134615040
total_active_anon 134352896
total_inactive_file 365768704
total_active_file 365154304
total_unevictable 4096
--------------------BLKIO-----------------------
11:0 Read 0
11:0 Write 0
11:0 Sync 0
11:0 Async 0
11:0 Total 0
253:0 Read 2363428864
253:0 Write 3420160
253:0 Sync 196608
253:0 Async 2366652416
253:0 Total 2366849024
Total 2366849024
--------------------CPUAC-----------------------
user 2200
system 1971
--------------------MEMCG-----------------------
MEM ONLY  : 953 MB
MEM+SWAP  : 953 MB
cache 731058176
rss 268906496
rss_huge 0
mapped_file 7168000
writeback 0
swap 0
pgpgin 1611693
pgpgout 1367561
pgfault 253756
pgmajfault 632
inactive_anon 134602752
active_anon 134373376
inactive_file 365690880
active_file 365252608
unevictable 4096
hierarchical_memory_limit 999997440
hierarchical_memsw_limit 9223372036854771712
total_cache 731058176
total_rss 268906496
total_rss_huge 0
total_mapped_file 7168000
total_writeback 0
total_swap 0
total_pgpgin 1611693
total_pgpgout 1367561
total_pgfault 253756
total_pgmajfault 632
total_inactive_anon 134602752
total_active_anon 134373376
total_inactive_file 365690880
total_active_file 365252608
total_unevictable 4096
--------------------BLKIO-----------------------
11:0 Read 0
11:0 Write 0
11:0 Sync 0
11:0 Async 0
11:0 Total 0
253:0 Read 2394390528
253:0 Write 3469312
253:0 Sync 196608
253:0 Async 2397663232
253:0 Total 2397859840
Total 2397859840
--------------------CPUAC-----------------------
user 2361
system 2105
--------------------MEMCG-----------------------
MEM ONLY  : 953 MB
MEM+SWAP  : 953 MB
cache 728715264
rss 271060992
rss_huge 0
mapped_file 7110656
writeback 0
swap 0
pgpgin 1720482
pgpgout 1476396
pgfault 254463
pgmajfault 632
inactive_anon 135659520
active_anon 135471104
inactive_file 364498944
active_file 364118016
unevictable 4096
hierarchical_memory_limit 999997440
hierarchical_memsw_limit 9223372036854771712
total_cache 728715264
total_rss 271060992
total_rss_huge 0
total_mapped_file 7110656
total_writeback 0
total_swap 0
total_pgpgin 1720482
total_pgpgout 1476396
total_pgfault 254463
total_pgmajfault 632
total_inactive_anon 135659520
total_active_anon 135471104
total_inactive_file 364498944
total_active_file 364118016
total_unevictable 4096
--------------------BLKIO-----------------------
11:0 Read 0
11:0 Write 0
11:0 Sync 0
11:0 Async 0
11:0 Total 0
253:0 Read 2426114048
253:0 Write 3522560
253:0 Sync 196608
253:0 Async 2429440000
253:0 Total 2429636608
Total 2429636608
--------------------CPUAC-----------------------
user 2515
system 2232
--------------------MEMCG-----------------------
MEM ONLY  : 953 MB
MEM+SWAP  : 953 MB
cache 729255936
rss 270602240
rss_huge 0
mapped_file 3567616
writeback 0
swap 0
pgpgin 1828782
pgpgout 1584676
pgfault 254827
pgmajfault 632
inactive_anon 135835648
active_anon 134836224
inactive_file 364630016
active_file 364552192
unevictable 4096
hierarchical_memory_limit 999997440
hierarchical_memsw_limit 9223372036854771712
total_cache 729255936
total_rss 270602240
total_rss_huge 0
total_mapped_file 3567616
total_writeback 0
total_swap 0
total_pgpgin 1828782
total_pgpgout 1584676
total_pgfault 254827
total_pgmajfault 632
total_inactive_anon 135835648
total_active_anon 134836224
total_inactive_file 364630016
total_active_file 364552192
total_unevictable 4096
--------------------BLKIO-----------------------
11:0 Read 0
11:0 Write 0
11:0 Sync 0
11:0 Async 0
11:0 Total 0
253:0 Read 2458185728
253:0 Write 3579904
253:0 Sync 196608
253:0 Async 2461569024
253:0 Total 2461765632
Total 2461765632
--------------------CPUAC-----------------------
user 2668
system 2358
--------------------MEMCG-----------------------
MEM ONLY  : 953 MB
MEM+SWAP  : 953 MB
cache 722681856
rss 277086208
rss_huge 0
mapped_file 3567616
writeback 0
swap 0
pgpgin 1953748
pgpgout 1709663
pgfault 256647
pgmajfault 632
inactive_anon 138743808
active_anon 138412032
inactive_file 361394176
active_file 361205760
unevictable 4096
hierarchical_memory_limit 999997440
hierarchical_memsw_limit 9223372036854771712
total_cache 722694144
total_rss 277086208
total_rss_huge 0
total_mapped_file 3567616
total_writeback 0
total_swap 0
total_pgpgin 1953751
total_pgpgout 1709663
total_pgfault 256647
total_pgmajfault 632
total_inactive_anon 138743808
total_active_anon 138412032
total_inactive_file 361418752
total_active_file 361205760
total_unevictable 4096
--------------------BLKIO-----------------------
11:0 Read 0
11:0 Write 0
11:0 Sync 0
11:0 Async 0
11:0 Total 0
253:0 Read 2488733696
253:0 Write 3641344
253:0 Sync 196608
253:0 Async 2492178432
253:0 Total 2492375040
Total 2492375040
--------------------CPUAC-----------------------
user 2842
system 2512
--------------------MEMCG-----------------------
MEM ONLY  : 953 MB
MEM+SWAP  : 953 MB
cache 722681856
rss 277172224
rss_huge 0
mapped_file 3510272
writeback 0
swap 0
pgpgin 2084258
pgpgout 1840153
pgfault 257251
pgmajfault 632
inactive_anon 138997760
active_anon 138244096
inactive_file 361590784
active_file 361017344
unevictable 4096
hierarchical_memory_limit 999997440
hierarchical_memsw_limit 9223372036854771712
total_cache 722681856
total_rss 277172224
total_rss_huge 0
total_mapped_file 3510272
total_writeback 0
total_swap 0
total_pgpgin 2084258
total_pgpgout 1840153
total_pgfault 257251
total_pgmajfault 632
total_inactive_anon 138997760
total_active_anon 138244096
total_inactive_file 361590784
total_active_file 361017344
total_unevictable 4096
--------------------BLKIO-----------------------
11:0 Read 0
11:0 Write 0
11:0 Sync 0
11:0 Async 0
11:0 Total 0
253:0 Read 2520768512
253:0 Write 3706880
253:0 Sync 196608
253:0 Async 2524278784
253:0 Total 2524475392
Total 2524475392
--------------------CPUAC-----------------------
user 3028
system 2685
--------------------MEMCG-----------------------
MEM ONLY  : 953 MB
MEM+SWAP  : 953 MB
cache 722636800
rss 277221376
rss_huge 0
mapped_file 2875392
writeback 0
swap 0
pgpgin 2211947
pgpgout 1967841
pgfault 257660
pgmajfault 632
inactive_anon 138997760
active_anon 138293248
inactive_file 361345024
active_file 361168896
unevictable 4096
hierarchical_memory_limit 999997440
hierarchical_memsw_limit 9223372036854771712
total_cache 722636800
total_rss 277221376
total_rss_huge 0
total_mapped_file 2875392
total_writeback 0
total_swap 0
total_pgpgin 2211947
total_pgpgout 1967841
total_pgfault 257660
total_pgmajfault 632
total_inactive_anon 138997760
total_active_anon 138293248
total_inactive_file 361345024
total_active_file 361168896
total_unevictable 4096
--------------------BLKIO-----------------------
11:0 Read 0
11:0 Write 0
11:0 Sync 0
11:0 Async 0
11:0 Total 0
253:0 Read 2551181312
253:0 Write 3780608
253:0 Sync 196608
253:0 Async 2554765312
253:0 Total 2554961920
Total 2554961920
--------------------CPUAC-----------------------
user 3204
system 2852
--------------------MEMCG-----------------------
MEM ONLY  : 953 MB
MEM+SWAP  : 953 MB
cache 723431424
rss 276508672
rss_huge 0
mapped_file 2875392
writeback 0
swap 0
pgpgin 2340643
pgpgout 2096517
pgfault 257910
pgmajfault 632
inactive_anon 138760192
active_anon 137818112
inactive_file 361799680
active_file 361558016
unevictable 4096
hierarchical_memory_limit 999997440
hierarchical_memsw_limit 9223372036854771712
total_cache 723431424
total_rss 276508672
total_rss_huge 0
total_mapped_file 2875392
total_writeback 0
total_swap 0
total_pgpgin 2340643
total_pgpgout 2096517
total_pgfault 257910
total_pgmajfault 632
total_inactive_anon 138760192
total_active_anon 137818112
total_inactive_file 361799680
total_active_file 361558016
total_unevictable 4096
--------------------BLKIO-----------------------
11:0 Read 0
11:0 Write 0
11:0 Sync 0
11:0 Async 0
11:0 Total 0
253:0 Read 2582298624
253:0 Write 3858432
253:0 Sync 196608
253:0 Async 2585960448
253:0 Total 2586157056
Total 2586157056
--------------------CPUAC-----------------------
user 3395
system 3007
--------------------MEMCG-----------------------
MEM ONLY  : 953 MB
MEM+SWAP  : 953 MB
cache 720875520
rss 279097344
rss_huge 0
mapped_file 2875392
writeback 0
swap 0
pgpgin 2485476
pgpgout 2241342
pgfault 258929
pgmajfault 632
inactive_anon 139677696
active_anon 139489280
inactive_file 360640512
active_file 360120320
unevictable 4096
hierarchical_memory_limit 999997440
hierarchical_memsw_limit 9223372036854771712
total_cache 720875520
total_rss 279097344
total_rss_huge 0
total_mapped_file 2875392
total_writeback 0
total_swap 0
total_pgpgin 2485476
total_pgpgout 2241342
total_pgfault 258929
total_pgmajfault 632
total_inactive_anon 139677696
total_active_anon 139489280
total_inactive_file 360640512
total_active_file 360120320
total_unevictable 4096
--------------------BLKIO-----------------------
11:0 Read 0
11:0 Write 0
11:0 Sync 0
11:0 Async 0
11:0 Total 0
253:0 Read 2614513664
253:0 Write 3940352
253:0 Sync 196608
253:0 Async 2618257408
253:0 Total 2618454016
Total 2618454016
--------------------CPUAC-----------------------
user 3588
system 3178
--------------------MEMCG-----------------------
MEM ONLY  : 953 MB
MEM+SWAP  : 953 MB
cache 720171008
rss 279826432
rss_huge 0
mapped_file 2945024
writeback 0
swap 0
pgpgin 2636956
pgpgout 2392816
pgfault 259620
pgmajfault 634
inactive_anon 140046336
active_anon 139849728
inactive_file 360079360
active_file 359948288
unevictable 4096
hierarchical_memory_limit 999997440
hierarchical_memsw_limit 9223372036854771712
total_cache 720171008
total_rss 279826432
total_rss_huge 0
total_mapped_file 2945024
total_writeback 0
total_swap 0
total_pgpgin 2636956
total_pgpgout 2392816
total_pgfault 259620
total_pgmajfault 634
total_inactive_anon 140046336
total_active_anon 139849728
total_inactive_file 360079360
total_active_file 359948288
total_unevictable 4096
--------------------BLKIO-----------------------
11:0 Read 0
11:0 Write 0
11:0 Sync 0
11:0 Async 0
11:0 Total 0
253:0 Read 2647920640
253:0 Write 3940352
253:0 Sync 196608
253:0 Async 2651664384
253:0 Total 2651860992
Total 2651860992
--------------------CPUAC-----------------------
user 3801
system 3366
--------------------MEMCG-----------------------
MEM ONLY  : 953 MB
MEM+SWAP  : 953 MB
cache 718966784
rss 280969216
rss_huge 0
mapped_file 2945024
writeback 0
swap 0
pgpgin 2783443
pgpgout 2539318
pgfault 260296
pgmajfault 634
inactive_anon 140767232
active_anon 140271616
inactive_file 359542784
active_file 359317504
unevictable 4096
hierarchical_memory_limit 999997440
hierarchical_memsw_limit 9223372036854771712
total_cache 718970880
total_rss 280969216
total_rss_huge 0
total_mapped_file 2945024
total_writeback 0
total_swap 0
total_pgpgin 2783445
total_pgpgout 2539318
total_pgfault 260296
total_pgmajfault 634
total_inactive_anon 140767232
total_active_anon 140271616
total_inactive_file 359542784
total_active_file 359317504
total_unevictable 4096
--------------------BLKIO-----------------------
11:0 Read 0
11:0 Write 0
11:0 Sync 0
11:0 Async 0
11:0 Total 0
253:0 Read 2680750080
253:0 Write 3964928
253:0 Sync 196608
253:0 Async 2684518400
253:0 Total 2684715008
Total 2684715008
--------------------CPUAC-----------------------
user 3989
system 3554
--------------------MEMCG-----------------------
MEM ONLY  : 953 MB
MEM+SWAP  : 953 MB
cache 720437248
rss 279486464
rss_huge 0
mapped_file 2945024
writeback 0
swap 0
pgpgin 2926554
pgpgout 2682432
pgfault 260601
pgmajfault 634
inactive_anon 140697600
active_anon 138858496
inactive_file 360398848
active_file 359964672
unevictable 4096
hierarchical_memory_limit 999997440
hierarchical_memsw_limit 9223372036854771712
total_cache 720437248
total_rss 279486464
total_rss_huge 0
total_mapped_file 2945024
total_writeback 0
total_swap 0
total_pgpgin 2926554
total_pgpgout 2682432
total_pgfault 260601
total_pgmajfault 634
total_inactive_anon 140697600
total_active_anon 138858496
total_inactive_file 360398848
total_active_file 359964672
total_unevictable 4096
--------------------BLKIO-----------------------
11:0 Read 0
11:0 Write 0
11:0 Sync 0
11:0 Async 0
11:0 Total 0
253:0 Read 2714169344
253:0 Write 3993600
253:0 Sync 196608
253:0 Async 2717966336
253:0 Total 2718162944
Total 2718162944
--------------------CPUAC-----------------------
user 4194
system 3735
--------------------MEMCG-----------------------
MEM ONLY  : 953 MB
MEM+SWAP  : 953 MB
cache 713879552
rss 285990912
rss_huge 0
mapped_file 2945024
writeback 0
swap 0
pgpgin 3081703
pgpgout 2837594
pgfault 262595
pgmajfault 634
inactive_anon 143425536
active_anon 142635008
inactive_file 357105664
active_file 356700160
unevictable 4096
hierarchical_memory_limit 999997440
hierarchical_memsw_limit 9223372036854771712
total_cache 713879552
total_rss 285990912
total_rss_huge 0
total_mapped_file 2945024
total_writeback 0
total_swap 0
total_pgpgin 3081703
total_pgpgout 2837594
total_pgfault 262595
total_pgmajfault 634
total_inactive_anon 143425536
total_active_anon 142635008
total_inactive_file 357105664
total_active_file 356700160
total_unevictable 4096
--------------------BLKIO-----------------------
11:0 Read 0
11:0 Write 0
11:0 Sync 0
11:0 Async 0
11:0 Total 0
253:0 Read 2748940288
253:0 Write 4026368
253:0 Sync 196608
253:0 Async 2752770048
253:0 Total 2752966656
Total 2752966656
--------------------CPUAC-----------------------
user 4399
system 3931
--------------------MEMCG-----------------------
MEM ONLY  : 953 MB
MEM+SWAP  : 953 MB
cache 714235904
rss 285589504
rss_huge 0
mapped_file 2875392
writeback 0
swap 0
pgpgin 3229454
pgpgout 2985356
pgfault 263158
pgmajfault 634
inactive_anon 143458304
active_anon 142200832
inactive_file 357310464
active_file 356839424
unevictable 4096
hierarchical_memory_limit 999997440
hierarchical_memsw_limit 9223372036854771712
total_cache 714235904
total_rss 285589504
total_rss_huge 0
total_mapped_file 2875392
total_writeback 0
total_swap 0
total_pgpgin 3229454
total_pgpgout 2985356
total_pgfault 263158
total_pgmajfault 634
total_inactive_anon 143458304
total_active_anon 142200832
total_inactive_file 357310464
total_active_file 356839424
total_unevictable 4096
--------------------BLKIO-----------------------
11:0 Read 0
11:0 Write 0
11:0 Sync 0
11:0 Async 0
11:0 Total 0
253:0 Read 2785050624
253:0 Write 4067328
253:0 Sync 196608
253:0 Async 2788921344
253:0 Total 2789117952
Total 2789117952
--------------------CPUAC-----------------------
user 4614
system 4096
--------------------MEMCG-----------------------
MEM ONLY  : 953 MB
MEM+SWAP  : 953 MB
cache 715534336
rss 284393472
rss_huge 0
mapped_file 2875392
writeback 0
swap 0
pgpgin 3390766
pgpgout 3146643
pgfault 263528
pgmajfault 634
inactive_anon 143458304
active_anon 141004800
inactive_file 357953536
active_file 357507072
unevictable 4096
hierarchical_memory_limit 999997440
hierarchical_memsw_limit 9223372036854771712
total_cache 715534336
total_rss 284393472
total_rss_huge 0
total_mapped_file 2875392
total_writeback 0
total_swap 0
total_pgpgin 3390766
total_pgpgout 3146643
total_pgfault 263528
total_pgmajfault 634
total_inactive_anon 143458304
total_active_anon 141004800
total_inactive_file 357953536
total_active_file 357507072
total_unevictable 4096
--------------------BLKIO-----------------------
11:0 Read 0
11:0 Write 0
11:0 Sync 0
11:0 Async 0
11:0 Total 0
253:0 Read 2820972544
253:0 Write 4108288
253:0 Sync 196608
253:0 Async 2824884224
253:0 Total 2825080832
Total 2825080832
--------------------CPUAC-----------------------
user 4827
system 4296
--------------------MEMCG-----------------------
MEM ONLY  : 953 MB
MEM+SWAP  : 953 MB
cache 713834496
rss 285958144
rss_huge 0
mapped_file 2875392
writeback 0
swap 0
pgpgin 3551660
pgpgout 3307570
pgfault 264584
pgmajfault 634
inactive_anon 143126528
active_anon 142901248
inactive_file 357220352
active_file 356540416
unevictable 4096
hierarchical_memory_limit 999997440
hierarchical_memsw_limit 9223372036854771712
total_cache 713834496
total_rss 285958144
total_rss_huge 0
total_mapped_file 2875392
total_writeback 0
total_swap 0
total_pgpgin 3551660
total_pgpgout 3307570
total_pgfault 264584
total_pgmajfault 634
total_inactive_anon 143126528
total_active_anon 142901248
total_inactive_file 357220352
total_active_file 356540416
total_unevictable 4096
--------------------BLKIO-----------------------
11:0 Read 0
11:0 Write 0
11:0 Sync 0
11:0 Async 0
11:0 Total 0
253:0 Read 2857390080
253:0 Write 4157440
253:0 Sync 196608
253:0 Async 2861350912
253:0 Total 2861547520
Total 2861547520
--------------------CPUAC-----------------------
user 5060
system 4480
--------------------MEMCG-----------------------
MEM ONLY  : 953 MB
MEM+SWAP  : 953 MB
cache 713629696
rss 286334976
rss_huge 0
mapped_file 2875392
writeback 0
swap 0
pgpgin 3719758
pgpgout 3475626
pgfault 265114
pgmajfault 634
inactive_anon 143273984
active_anon 143130624
inactive_file 356933632
active_file 356622336
unevictable 4096
hierarchical_memory_limit 999997440
hierarchical_memsw_limit 9223372036854771712
total_cache 713629696
total_rss 286334976
total_rss_huge 0
total_mapped_file 2875392
total_writeback 0
total_swap 0
total_pgpgin 3719758
total_pgpgout 3475626
total_pgfault 265114
total_pgmajfault 634
total_inactive_anon 143273984
total_active_anon 143130624
total_inactive_file 356933632
total_active_file 356622336
total_unevictable 4096
--------------------BLKIO-----------------------
11:0 Read 0
11:0 Write 0
11:0 Sync 0
11:0 Async 0
11:0 Total 0
253:0 Read 2894602240
253:0 Write 4210688
253:0 Sync 196608
253:0 Async 2898616320
253:0 Total 2898812928
Total 2898812928
--------------------CPUAC-----------------------
user 5293
system 4690
--------------------MEMCG-----------------------
MEM ONLY  : 953 MB
MEM+SWAP  : 953 MB
cache 712822784
rss 287109120
rss_huge 0
mapped_file 2875392
writeback 0
swap 0
pgpgin 3883974
pgpgout 3639850
pgfault 265639
pgmajfault 634
inactive_anon 143863808
active_anon 143314944
inactive_file 356577280
active_file 356171776
unevictable 4096
hierarchical_memory_limit 999997440
hierarchical_memsw_limit 9223372036854771712
total_cache 712822784
total_rss 287109120
total_rss_huge 0
total_mapped_file 2875392
total_writeback 0
total_swap 0
total_pgpgin 3883974
total_pgpgout 3639850
total_pgfault 265639
total_pgmajfault 634
total_inactive_anon 143863808
total_active_anon 143314944
total_inactive_file 356577280
total_active_file 356171776
total_unevictable 4096
--------------------BLKIO-----------------------
11:0 Read 0
11:0 Write 0
11:0 Sync 0
11:0 Async 0
11:0 Total 0
253:0 Read 2933637120
253:0 Write 4268032
253:0 Sync 196608
253:0 Async 2937708544
253:0 Total 2937905152
Total 2937905152
--------------------CPUAC-----------------------
user 5521
system 4906
--------------------MEMCG-----------------------
MEM ONLY  : 953 MB
MEM+SWAP  : 953 MB
cache 710176768
rss 289652736
rss_huge 0
mapped_file 2875392
writeback 0
swap 0
pgpgin 4065504
pgpgout 3821405
pgfault 266607
pgmajfault 634
inactive_anon 144932864
active_anon 144789504
inactive_file 355241984
active_file 354844672
unevictable 4096
hierarchical_memory_limit 999997440
hierarchical_memsw_limit 9223372036854771712
total_cache 710176768
total_rss 289652736
total_rss_huge 0
total_mapped_file 2875392
total_writeback 0
total_swap 0
total_pgpgin 4065504
total_pgpgout 3821405
total_pgfault 266607
total_pgmajfault 634
total_inactive_anon 144932864
total_active_anon 144789504
total_inactive_file 355241984
total_active_file 354844672
total_unevictable 4096
--------------------BLKIO-----------------------
11:0 Read 0
11:0 Write 0
11:0 Sync 0
11:0 Async 0
11:0 Total 0
253:0 Read 2976251904
253:0 Write 4329472
253:0 Sync 196608
253:0 Async 2980384768
253:0 Total 2980581376
Total 2980581376
--------------------CPUAC-----------------------
user 5763
system 5130
--------------------MEMCG-----------------------
MEM ONLY  : 953 MB
MEM+SWAP  : 953 MB
cache 710955008
rss 288968704
rss_huge 0
mapped_file 2875392
writeback 0
swap 0
pgpgin 4244851
pgpgout 4000729
pgfault 267073
pgmajfault 634
inactive_anon 144842752
active_anon 144195584
inactive_file 355635200
active_file 355192832
unevictable 4096
hierarchical_memory_limit 999997440
hierarchical_memsw_limit 9223372036854771712
total_cache 710955008
total_rss 288968704
total_rss_huge 0
total_mapped_file 2875392
total_writeback 0
total_swap 0
total_pgpgin 4244851
total_pgpgout 4000729
total_pgfault 267073
total_pgmajfault 634
total_inactive_anon 144842752
total_active_anon 144195584
total_inactive_file 355635200
total_active_file 355192832
total_unevictable 4096
--------------------BLKIO-----------------------
11:0 Read 0
11:0 Write 0
11:0 Sync 0
11:0 Async 0
11:0 Total 0
253:0 Read 3019231232
253:0 Write 4395008
253:0 Sync 196608
253:0 Async 3023429632
253:0 Total 3023626240
Total 3023626240
--------------------CPUAC-----------------------
user 6006
system 5361
--------------------MEMCG-----------------------
MEM ONLY  : 953 MB
MEM+SWAP  : 953 MB
cache 710078464
rss 289824768
rss_huge 0
mapped_file 2863104
writeback 0
swap 0
pgpgin 4422361
pgpgout 4178244
pgfault 268031
pgmajfault 634
inactive_anon 145301504
active_anon 144592896
inactive_file 355123200
active_file 354848768
unevictable 4096
hierarchical_memory_limit 999997440
hierarchical_memsw_limit 9223372036854771712
total_cache 710078464
total_rss 289824768
total_rss_huge 0
total_mapped_file 2863104
total_writeback 0
total_swap 0
total_pgpgin 4422361
total_pgpgout 4178244
total_pgfault 268031
total_pgmajfault 634
total_inactive_anon 145301504
total_active_anon 144592896
total_inactive_file 355123200
total_active_file 354848768
total_unevictable 4096
--------------------BLKIO-----------------------
11:0 Read 0
11:0 Write 0
11:0 Sync 0
11:0 Async 0
11:0 Total 0
253:0 Read 3061436416
253:0 Write 4468736
253:0 Sync 196608
253:0 Async 3065708544
253:0 Total 3065905152
Total 3065905152
--------------------CPUAC-----------------------
user 6263
system 5569
--------------------MEMCG-----------------------
MEM ONLY  : 953 MB
MEM+SWAP  : 953 MB
cache 712769536
rss 287158272
rss_huge 0
mapped_file 2899968
writeback 0
swap 0
pgpgin 4598577
pgpgout 4354454
pgfault 268222
pgmajfault 645
inactive_anon 144830464
active_anon 142397440
inactive_file 356466688
active_file 356184064
unevictable 4096
hierarchical_memory_limit 999997440
hierarchical_memsw_limit 9223372036854771712
total_cache 712769536
total_rss 287158272
total_rss_huge 0
total_mapped_file 2899968
total_writeback 0
total_swap 0
total_pgpgin 4598577
total_pgpgout 4354454
total_pgfault 268222
total_pgmajfault 645
total_inactive_anon 144830464
total_active_anon 142397440
total_inactive_file 356466688
total_active_file 356184064
total_unevictable 4096
--------------------BLKIO-----------------------
11:0 Read 0
11:0 Write 0
11:0 Sync 0
11:0 Async 0
11:0 Total 0
253:0 Read 3105959936
253:0 Write 4546560
253:0 Sync 196608
253:0 Async 3110309888
253:0 Total 3110506496
Total 3110506496
--------------------CPUAC-----------------------
user 6516
system 5778
--------------------MEMCG-----------------------
MEM ONLY  : 953 MB
MEM+SWAP  : 953 MB
cache 711622656
rss 288174080
rss_huge 0
mapped_file 2895872
writeback 0
swap 0
pgpgin 4787212
pgpgout 4543121
pgfault 269279
pgmajfault 645
inactive_anon 145092608
active_anon 143151104
inactive_file 355815424
active_file 355733504
unevictable 4096
hierarchical_memory_limit 999997440
hierarchical_memsw_limit 9223372036854771712
total_cache 711622656
total_rss 288174080
total_rss_huge 0
total_mapped_file 2895872
total_writeback 0
total_swap 0
total_pgpgin 4787212
total_pgpgout 4543121
total_pgfault 269279
total_pgmajfault 645
total_inactive_anon 145092608
total_active_anon 143151104
total_inactive_file 355815424
total_active_file 355733504
total_unevictable 4096
--------------------BLKIO-----------------------
11:0 Read 0
11:0 Write 0
11:0 Sync 0
11:0 Async 0
11:0 Total 0
253:0 Read 3151810560
253:0 Write 4628480
253:0 Sync 196608
253:0 Async 3156242432
253:0 Total 3156439040
Total 3156439040
--------------------CPUAC-----------------------
user 6780
system 6020
--------------------MEMCG-----------------------
MEM ONLY  : 953 MB
MEM+SWAP  : 953 MB
cache 712691712
rss 287268864
rss_huge 0
mapped_file 2859008
writeback 0
swap 0
pgpgin 4975585
pgpgout 4731454
pgfault 269429
pgmajfault 648
inactive_anon 145010688
active_anon 142327808
inactive_file 356564992
active_file 356052992
unevictable 4096
hierarchical_memory_limit 999997440
hierarchical_memsw_limit 9223372036854771712
total_cache 712691712
total_rss 287268864
total_rss_huge 0
total_mapped_file 2859008
total_writeback 0
total_swap 0
total_pgpgin 4975585
total_pgpgout 4731454
total_pgfault 269429
total_pgmajfault 648
total_inactive_anon 145010688
total_active_anon 142327808
total_inactive_file 356564992
total_active_file 356052992
total_unevictable 4096
--------------------BLKIO-----------------------
11:0 Read 0
11:0 Write 0
11:0 Sync 0
11:0 Async 0
11:0 Total 0
253:0 Read 3196837888
253:0 Write 4714496
253:0 Sync 196608
253:0 Async 3201355776
253:0 Total 3201552384
Total 3201552384
--------------------CPUAC-----------------------
user 7043
system 6255
--------------------MEMCG-----------------------
MEM ONLY  : 953 MB
MEM+SWAP  : 953 MB
cache 710393856
rss 289562624
rss_huge 0
mapped_file 3010560
writeback 0
swap 0
pgpgin 5161286
pgpgout 4917156
pgfault 270703
pgmajfault 654
inactive_anon 145788928
active_anon 143843328
inactive_file 355270656
active_file 355020800
unevictable 4096
hierarchical_memory_limit 999997440
hierarchical_memsw_limit 9223372036854771712
total_cache 710393856
total_rss 289562624
total_rss_huge 0
total_mapped_file 3010560
total_writeback 0
total_swap 0
total_pgpgin 5161286
total_pgpgout 4917156
total_pgfault 270703
total_pgmajfault 654
total_inactive_anon 145788928
total_active_anon 143843328
total_inactive_file 355270656
total_active_file 355020800
total_unevictable 4096
--------------------BLKIO-----------------------
11:0 Read 0
11:0 Write 0
11:0 Sync 0
11:0 Async 0
11:0 Total 0
253:0 Read 3244306432
253:0 Write 4714496
253:0 Sync 196608
253:0 Async 3248824320
253:0 Total 3249020928
Total 3249020928
--------------------CPUAC-----------------------
user 7300
system 6498
