========== Container 1 Memory STATS ==============
cache 63856640
rss 37801984
rss_huge 0
mapped_file 36917248
writeback 0
swap 0
pgpgin 121476
pgpgout 96657
pgfault 184097
pgmajfault 489
inactive_anon 49152
active_anon 37801984
inactive_file 47767552
active_file 16011264
unevictable 4096
hierarchical_memory_limit 999997440
hierarchical_memsw_limit 9223372036854771712
total_cache 63856640
total_rss 37801984
total_rss_huge 0
total_mapped_file 36917248
total_writeback 0
total_swap 0
total_pgpgin 121476
total_pgpgout 96657
total_pgfault 184097
total_pgmajfault 489
total_inactive_anon 49152
total_active_anon 37801984
total_inactive_file 47767552
total_active_file 16011264
total_unevictable 4096
======== END Container STATS ======
========== Container 1 Memory STATS AT END ==============
cache 741892096
rss 257327104
rss_huge 0
mapped_file 9760768
writeback 0
swap 0
pgpgin 780020
pgpgout 536070
pgfault 246753
pgmajfault 565
inactive_anon 129548288
active_anon 127848448
inactive_file 370282496
active_file 371535872
unevictable 4096
hierarchical_memory_limit 999997440
hierarchical_memsw_limit 9223372036854771712
total_cache 741892096
total_rss 257327104
total_rss_huge 0
total_mapped_file 9760768
total_writeback 0
total_swap 0
total_pgpgin 780020
total_pgpgout 536070
total_pgfault 246753
total_pgmajfault 565
total_inactive_anon 129548288
total_active_anon 127848448
total_inactive_file 370282496
total_active_file 371535872
total_unevictable 4096
======== END Container STATS ======
