========== Container 1 Memory STATS ==============
cache 63541248
rss 37789696
rss_huge 0
mapped_file 36917248
writeback 0
swap 0
pgpgin 121055
pgpgout 96316
pgfault 183822
pgmajfault 488
inactive_anon 49152
active_anon 37814272
inactive_file 47747072
active_file 15716352
unevictable 4096
hierarchical_memory_limit 999997440
hierarchical_memsw_limit 9223372036854771712
total_cache 63541248
total_rss 37789696
total_rss_huge 0
total_mapped_file 36917248
total_writeback 0
total_swap 0
total_pgpgin 121055
total_pgpgout 96316
total_pgfault 183822
total_pgmajfault 488
total_inactive_anon 49152
total_active_anon 37814272
total_inactive_file 47747072
total_active_file 15716352
total_unevictable 4096
======== END Container STATS ======
========== Container 1 Memory STATS AT END ==============
cache 742121472
rss 257003520
rss_huge 0
mapped_file 9850880
writeback 0
swap 0
pgpgin 779340
pgpgout 535413
pgfault 246747
pgmajfault 583
inactive_anon 129417216
active_anon 127655936
inactive_file 370409472
active_file 371638272
unevictable 4096
hierarchical_memory_limit 999997440
hierarchical_memsw_limit 9223372036854771712
total_cache 742121472
total_rss 257003520
total_rss_huge 0
total_mapped_file 9850880
total_writeback 0
total_swap 0
total_pgpgin 779340
total_pgpgout 535413
total_pgfault 246747
total_pgmajfault 583
total_inactive_anon 129417216
total_active_anon 127655936
total_inactive_file 370409472
total_active_file 371638272
total_unevictable 4096
======== END Container STATS ======
