========== Container 1 Memory STATS ==============
cache 63442944
rss 37797888
rss_huge 0
mapped_file 36917248
writeback 0
swap 0
pgpgin 121285
pgpgout 96568
pgfault 184282
pgmajfault 487
inactive_anon 49152
active_anon 37822464
inactive_file 47771648
active_file 15593472
unevictable 4096
hierarchical_memory_limit 999997440
hierarchical_memsw_limit 9223372036854771712
total_cache 63442944
total_rss 37797888
total_rss_huge 0
total_mapped_file 36917248
total_writeback 0
total_swap 0
total_pgpgin 121285
total_pgpgout 96568
total_pgfault 184282
total_pgmajfault 487
total_inactive_anon 49152
total_active_anon 37822464
total_inactive_file 47771648
total_active_file 15593472
total_unevictable 4096
======== END Container STATS ======
========== Container 1 Memory STATS AT END ==============
cache 741920768
rss 256966656
rss_huge 0
mapped_file 9703424
writeback 0
swap 0
pgpgin 783716
pgpgout 539847
pgfault 246821
pgmajfault 576
inactive_anon 129089536
active_anon 127946752
inactive_file 370466816
active_file 371380224
unevictable 4096
hierarchical_memory_limit 999997440
hierarchical_memsw_limit 9223372036854771712
total_cache 741920768
total_rss 256966656
total_rss_huge 0
total_mapped_file 9703424
total_writeback 0
total_swap 0
total_pgpgin 783716
total_pgpgout 539847
total_pgfault 246821
total_pgmajfault 576
total_inactive_anon 129089536
total_active_anon 127946752
total_inactive_file 370466816
total_active_file 371380224
total_unevictable 4096
======== END Container STATS ======
