========== Container 1 Memory STATS ==============
cache 741928960
rss 256966656
rss_huge 0
mapped_file 9703424
writeback 0
swap 0
pgpgin 784187
pgpgout 540316
pgfault 247256
pgmajfault 576
inactive_anon 129089536
active_anon 127946752
inactive_file 370470912
active_file 371384320
unevictable 4096
hierarchical_memory_limit 999997440
hierarchical_memsw_limit 9223372036854771712
total_cache 741928960
total_rss 256966656
total_rss_huge 0
total_mapped_file 9703424
total_writeback 0
total_swap 0
total_pgpgin 784187
total_pgpgout 540316
total_pgfault 247256
total_pgmajfault 576
total_inactive_anon 129089536
total_active_anon 127946752
total_inactive_file 370470912
total_active_file 371384320
total_unevictable 4096
======== END Container STATS ======
========== Container 1 Memory STATS AT END ==============
cache 711782400
rss 287813632
rss_huge 0
mapped_file 3858432
writeback 0
swap 0
pgpgin 6377779
pgpgout 6133737
pgfault 273260
pgmajfault 696
inactive_anon 144416768
active_anon 143466496
inactive_file 356356096
active_file 355352576
unevictable 4096
hierarchical_memory_limit 999997440
hierarchical_memsw_limit 9223372036854771712
total_cache 711782400
total_rss 287813632
total_rss_huge 0
total_mapped_file 3858432
total_writeback 0
total_swap 0
total_pgpgin 6377779
total_pgpgout 6133737
total_pgfault 273260
total_pgmajfault 696
total_inactive_anon 144416768
total_active_anon 143466496
total_inactive_file 356356096
total_active_file 355352576
total_unevictable 4096
======== END Container STATS ======
