========== Container 1 Memory STATS ==============
cache 741892096
rss 257327104
rss_huge 0
mapped_file 9760768
writeback 0
swap 0
pgpgin 780161
pgpgout 536211
pgfault 246882
pgmajfault 565
inactive_anon 129548288
active_anon 127848448
inactive_file 370282496
active_file 371535872
unevictable 4096
hierarchical_memory_limit 999997440
hierarchical_memsw_limit 9223372036854771712
total_cache 741892096
total_rss 257327104
total_rss_huge 0
total_mapped_file 9760768
total_writeback 0
total_swap 0
total_pgpgin 780161
total_pgpgout 536211
total_pgfault 246882
total_pgmajfault 565
total_inactive_anon 129548288
total_active_anon 127848448
total_inactive_file 370282496
total_active_file 371535872
total_unevictable 4096
======== END Container STATS ======
========== Container 1 Memory STATS AT END ==============
cache 711413760
rss 288399360
rss_huge 0
mapped_file 3801088
writeback 0
swap 0
pgpgin 6412127
pgpgout 6168032
pgfault 273260
pgmajfault 734
inactive_anon 144474112
active_anon 143994880
inactive_file 356073472
active_file 355266560
unevictable 4096
hierarchical_memory_limit 999997440
hierarchical_memsw_limit 9223372036854771712
total_cache 711413760
total_rss 288399360
total_rss_huge 0
total_mapped_file 3801088
total_writeback 0
total_swap 0
total_pgpgin 6412127
total_pgpgout 6168032
total_pgfault 273260
total_pgmajfault 734
total_inactive_anon 144474112
total_active_anon 143994880
total_inactive_file 356073472
total_active_file 355266560
total_unevictable 4096
======== END Container STATS ======
