========== Container 1 Memory STATS ==============
cache 711991296
rss 287862784
rss_huge 0
mapped_file 3944448
writeback 0
swap 36864
pgpgin 7559260
pgpgout 7315155
pgfault 310254
pgmajfault 1202
inactive_anon 144056320
active_anon 143843328
inactive_file 356413440
active_file 355536896
unevictable 4096
hierarchical_memory_limit 999997440
hierarchical_memsw_limit 9223372036854771712
total_cache 711991296
total_rss 287862784
total_rss_huge 0
total_mapped_file 3944448
total_writeback 0
total_swap 36864
total_pgpgin 7559260
total_pgpgout 7315155
total_pgfault 310254
total_pgmajfault 1202
total_inactive_anon 144056320
total_active_anon 143843328
total_inactive_file 356413440
total_active_file 355536896
total_unevictable 4096
======== END Container STATS ======
