========== Container 2 Memory STATS ==============
cache 22274048
rss 6975488
rss_huge 0
mapped_file 7806976
writeback 0
swap 0
pgpgin 77722
pgpgout 70581
pgfault 174304
pgmajfault 183
inactive_anon 45056
active_anon 7004160
inactive_file 10690560
active_file 11509760
unevictable 0
hierarchical_memory_limit 999997440
hierarchical_memsw_limit 9223372036854771712
total_cache 22274048
total_rss 6975488
total_rss_huge 0
total_mapped_file 7806976
total_writeback 0
total_swap 0
total_pgpgin 77722
total_pgpgout 70581
total_pgfault 174304
total_pgmajfault 183
total_inactive_anon 45056
total_active_anon 7004160
total_inactive_file 10690560
total_active_file 11509760
total_unevictable 0
======== END Container STATS ======
========== Container 2 Memory STATS AT END ==============
cache 907493376
rss 6504448
rss_huge 0
mapped_file 2252800
writeback 0
swap 0
pgpgin 21110815
pgpgout 20887671
pgfault 4584460
pgmajfault 329
inactive_anon 6516736
active_anon 57344
inactive_file 455618560
active_file 451805184
unevictable 0
hierarchical_memory_limit 999997440
hierarchical_memsw_limit 9223372036854771712
total_cache 907493376
total_rss 6504448
total_rss_huge 0
total_mapped_file 2252800
total_writeback 0
total_swap 0
total_pgpgin 21110815
total_pgpgout 20887671
total_pgfault 4584460
total_pgmajfault 329
total_inactive_anon 6516736
total_active_anon 57344
total_inactive_file 455618560
total_active_file 451805184
total_unevictable 0
======== END Container STATS ======
