========== Container 2 Memory STATS ==============
cache 912748544
rss 6545408
rss_huge 0
mapped_file 2121728
writeback 0
swap 0
pgpgin 60001332
pgpgout 59776895
pgfault 12775563
pgmajfault 1059
inactive_anon 6553600
active_anon 61440
inactive_file 456126464
active_file 456527872
unevictable 0
hierarchical_memory_limit 999997440
hierarchical_memsw_limit 9223372036854771712
total_cache 912748544
total_rss 6545408
total_rss_huge 0
total_mapped_file 2121728
total_writeback 0
total_swap 0
total_pgpgin 60001332
total_pgpgout 59776895
total_pgfault 12775563
total_pgmajfault 1059
total_inactive_anon 6553600
total_active_anon 61440
total_inactive_file 456126464
total_active_file 456527872
total_unevictable 0
======== END Container STATS ======
