========== Container 2 Memory STATS ==============
cache 920453120
rss 8269824
rss_huge 0
mapped_file 8163328
writeback 0
swap 0
pgpgin 21108265
pgpgout 20881526
pgfault 4587696
pgmajfault 438
inactive_anon 6434816
active_anon 1908736
inactive_file 461422592
active_file 458956800
unevictable 0
hierarchical_memory_limit 999997440
hierarchical_memsw_limit 9223372036854771712
total_cache 920453120
total_rss 8269824
total_rss_huge 0
total_mapped_file 8163328
total_writeback 0
total_swap 0
total_pgpgin 21108265
total_pgpgout 20881526
total_pgfault 4587696
total_pgmajfault 438
total_inactive_anon 6434816
total_active_anon 1908736
total_inactive_file 461422592
total_active_file 458956800
total_unevictable 0
======== END Container STATS ======
========== Container 2 Memory STATS AT END ==============
cache 970846208
rss 6537216
rss_huge 0
mapped_file 2252800
writeback 0
swap 0
pgpgin 89903080
pgpgout 89664461
pgfault 19133144
pgmajfault 694
inactive_anon 6545408
active_anon 61440
inactive_file 486682624
active_file 484093952
unevictable 0
hierarchical_memory_limit 999997440
hierarchical_memsw_limit 9223372036854771712
total_cache 970846208
total_rss 6537216
total_rss_huge 0
total_mapped_file 2252800
total_writeback 0
total_swap 0
total_pgpgin 89903080
total_pgpgout 89664461
total_pgfault 19133144
total_pgmajfault 694
total_inactive_anon 6545408
total_active_anon 61440
total_inactive_file 486682624
total_active_file 484093952
total_unevictable 0
======== END Container STATS ======
