========== Container 2 Memory STATS ==============
cache 907493376
rss 6504448
rss_huge 0
mapped_file 2252800
writeback 0
swap 0
pgpgin 21110815
pgpgout 20887671
pgfault 4584460
pgmajfault 329
inactive_anon 6516736
active_anon 57344
inactive_file 455618560
active_file 451805184
unevictable 0
hierarchical_memory_limit 999997440
hierarchical_memsw_limit 9223372036854771712
total_cache 907493376
total_rss 6504448
total_rss_huge 0
total_mapped_file 2252800
total_writeback 0
total_swap 0
total_pgpgin 21110815
total_pgpgout 20887671
total_pgfault 4584460
total_pgmajfault 329
total_inactive_anon 6516736
total_active_anon 57344
total_inactive_file 455618560
total_active_file 451805184
total_unevictable 0
======== END Container STATS ======
========== Container 2 Memory STATS AT END ==============
cache 908247040
rss 6508544
rss_huge 0
mapped_file 2629632
writeback 0
swap 0
pgpgin 45298565
pgpgout 45075236
pgfault 9652744
pgmajfault 545
inactive_anon 6475776
active_anon 102400
inactive_file 454668288
active_file 453509120
unevictable 0
hierarchical_memory_limit 999997440
hierarchical_memsw_limit 9223372036854771712
total_cache 908247040
total_rss 6508544
total_rss_huge 0
total_mapped_file 2629632
total_writeback 0
total_swap 0
total_pgpgin 45298565
total_pgpgout 45075236
total_pgfault 9652744
total_pgmajfault 545
total_inactive_anon 6475776
total_active_anon 102400
total_inactive_file 454668288
total_active_file 453509120
total_unevictable 0
======== END Container STATS ======
