========== Container 3 Memory STATS ==============
cache 56377344
rss 471306240
rss_huge 0
mapped_file 20635648
writeback 0
swap 0
pgpgin 209159
pgpgout 80330
pgfault 306180
pgmajfault 340
inactive_anon 49152
active_anon 471314432
inactive_file 41119744
active_file 15179776
unevictable 0
hierarchical_memory_limit 999997440
hierarchical_memsw_limit 9223372036854771712
total_cache 56377344
total_rss 471306240
total_rss_huge 0
total_mapped_file 20635648
total_writeback 0
total_swap 0
total_pgpgin 209159
total_pgpgout 80330
total_pgfault 306180
total_pgmajfault 340
total_inactive_anon 49152
total_active_anon 471314432
total_inactive_file 41119744
total_active_file 15179776
total_unevictable 0
======== END Container STATS ======
========== Container 3 Memory STATS AT END ==============
cache 406249472
rss 593686528
rss_huge 0
mapped_file 4546560
writeback 0
swap 3149824
pgpgin 690291
pgpgout 446166
pgfault 340107
pgmajfault 397
inactive_anon 297058304
active_anon 296656896
inactive_file 203051008
active_file 203169792
unevictable 0
hierarchical_memory_limit 999997440
hierarchical_memsw_limit 9223372036854771712
total_cache 406249472
total_rss 593686528
total_rss_huge 0
total_mapped_file 4546560
total_writeback 0
total_swap 3149824
total_pgpgin 690291
total_pgpgout 446166
total_pgfault 340107
total_pgmajfault 397
total_inactive_anon 297058304
total_active_anon 296656896
total_inactive_file 203051008
total_active_file 203169792
total_unevictable 0
======== END Container STATS ======
