========== Container 3 Memory STATS ==============
cache 406249472
rss 593686528
rss_huge 0
mapped_file 4546560
writeback 0
swap 3149824
pgpgin 690291
pgpgout 446166
pgfault 340107
pgmajfault 397
inactive_anon 297058304
active_anon 296656896
inactive_file 203051008
active_file 203169792
unevictable 0
hierarchical_memory_limit 999997440
hierarchical_memsw_limit 9223372036854771712
total_cache 406249472
total_rss 593686528
total_rss_huge 0
total_mapped_file 4546560
total_writeback 0
total_swap 3149824
total_pgpgin 690291
total_pgpgout 446166
total_pgfault 340107
total_pgmajfault 397
total_inactive_anon 297058304
total_active_anon 296656896
total_inactive_file 203051008
total_active_file 203169792
total_unevictable 0
======== END Container STATS ======
========== Container 3 Memory STATS AT END ==============
cache 407822336
rss 592031744
rss_huge 0
mapped_file 2478080
writeback 0
swap 4816896
pgpgin 3330366
pgpgout 3086261
pgfault 340261
pgmajfault 471
inactive_anon 296218624
active_anon 295829504
inactive_file 204181504
active_file 203624448
unevictable 0
hierarchical_memory_limit 999997440
hierarchical_memsw_limit 9223372036854771712
total_cache 407822336
total_rss 592031744
total_rss_huge 0
total_mapped_file 2478080
total_writeback 0
total_swap 4816896
total_pgpgin 3330366
total_pgpgout 3086261
total_pgfault 340261
total_pgmajfault 471
total_inactive_anon 296218624
total_active_anon 295829504
total_inactive_file 204181504
total_active_file 203624448
total_unevictable 0
======== END Container STATS ======
