========== Container 3 Memory STATS ==============
cache 405602304
rss 594284544
rss_huge 0
mapped_file 2592768
writeback 0
swap 2666496
pgpgin 694045
pgpgout 449932
pgfault 342078
pgmajfault 375
inactive_anon 297336832
active_anon 296964096
inactive_file 202932224
active_file 202653696
unevictable 0
hierarchical_memory_limit 999997440
hierarchical_memsw_limit 9223372036854771712
total_cache 405602304
total_rss 594284544
total_rss_huge 0
total_mapped_file 2592768
total_writeback 0
total_swap 2666496
total_pgpgin 694045
total_pgpgout 449932
total_pgfault 342078
total_pgmajfault 375
total_inactive_anon 297336832
total_active_anon 296964096
total_inactive_file 202932224
total_active_file 202653696
total_unevictable 0
======== END Container STATS ======
========== Container 3 Memory STATS AT END ==============
cache 407408640
rss 592441344
rss_huge 0
mapped_file 2478080
writeback 0
swap 4517888
pgpgin 3454101
pgpgout 3209997
pgfault 342241
pgmajfault 451
inactive_anon 296411136
active_anon 296038400
inactive_file 203890688
active_file 203509760
unevictable 0
hierarchical_memory_limit 999997440
hierarchical_memsw_limit 9223372036854771712
total_cache 407408640
total_rss 592441344
total_rss_huge 0
total_mapped_file 2478080
total_writeback 0
total_swap 4517888
total_pgpgin 3454101
total_pgpgout 3209997
total_pgfault 342241
total_pgmajfault 451
total_inactive_anon 296411136
total_active_anon 296038400
total_inactive_file 203890688
total_active_file 203509760
total_unevictable 0
======== END Container STATS ======
