--------------------MEMCG-----------------------
MEM ONLY  : 953 MB
MEM+SWAP  : 953 MB
cache 403410944
rss 596541440
rss_huge 0
mapped_file 2064384
writeback 0
swap 327680
pgpgin 784759
pgpgout 540630
pgfault 336745
pgmajfault 353
inactive_anon 298377216
active_anon 298205184
inactive_file 201744384
active_file 201609216
unevictable 0
hierarchical_memory_limit 999997440
hierarchical_memsw_limit 9223372036854771712
total_cache 403410944
total_rss 596541440
total_rss_huge 0
total_mapped_file 2064384
total_writeback 0
total_swap 327680
total_pgpgin 784759
total_pgpgout 540630
total_pgfault 336745
total_pgmajfault 353
total_inactive_anon 298377216
total_active_anon 298205184
total_inactive_file 201744384
total_active_file 201609216
total_unevictable 0
--------------------BLKIO-----------------------
11:0 Read 0
11:0 Write 0
11:0 Sync 0
11:0 Async 0
11:0 Total 0
253:0 Read 2287636480
253:0 Write 25034752
253:0 Sync 24457216
253:0 Async 2288214016
253:0 Total 2312671232
Total 2312671232
--------------------CPUAC-----------------------
user 1951
system 1100
 
--------------------MEMCG-----------------------
MEM ONLY  : 953 MB
MEM+SWAP  : 953 MB
cache 403398656
rss 596537344
rss_huge 0
mapped_file 2064384
writeback 0
swap 331776
pgpgin 800930
pgpgout 556805
pgfault 336745
pgmajfault 353
inactive_anon 298377216
active_anon 298201088
inactive_file 201797632
active_file 201543680
unevictable 0
hierarchical_memory_limit 999997440
hierarchical_memsw_limit 9223372036854771712
total_cache 403398656
total_rss 596537344
total_rss_huge 0
total_mapped_file 2064384
total_writeback 0
total_swap 331776
total_pgpgin 800930
total_pgpgout 556805
total_pgfault 336745
total_pgmajfault 353
total_inactive_anon 298377216
total_active_anon 298201088
total_inactive_file 201797632
total_active_file 201543680
total_unevictable 0
--------------------BLKIO-----------------------
11:0 Read 0
11:0 Write 0
11:0 Sync 0
11:0 Async 0
11:0 Total 0
253:0 Read 2353872896
253:0 Write 25821184
253:0 Sync 25235456
253:0 Async 2354458624
253:0 Total 2379694080
Total 2379694080
--------------------CPUAC-----------------------
user 2013
system 1133
 
--------------------MEMCG-----------------------
MEM ONLY  : 953 MB
MEM+SWAP  : 953 MB
cache 403406848
rss 596533248
rss_huge 0
mapped_file 2064384
writeback 0
swap 335872
pgpgin 817475
pgpgout 573349
pgfault 336745
pgmajfault 353
inactive_anon 298373120
active_anon 298201088
inactive_file 201756672
active_file 201576448
unevictable 0
hierarchical_memory_limit 999997440
hierarchical_memsw_limit 9223372036854771712
total_cache 403406848
total_rss 596533248
total_rss_huge 0
total_mapped_file 2064384
total_writeback 0
total_swap 335872
total_pgpgin 817475
total_pgpgout 573349
total_pgfault 336745
total_pgmajfault 353
total_inactive_anon 298373120
total_active_anon 298201088
total_inactive_file 201756672
total_active_file 201576448
total_unevictable 0
--------------------BLKIO-----------------------
11:0 Read 0
11:0 Write 0
11:0 Sync 0
11:0 Async 0
11:0 Total 0
253:0 Read 2421641216
253:0 Write 26599424
253:0 Sync 26009600
253:0 Async 2422231040
253:0 Total 2448240640
Total 2448240640
--------------------CPUAC-----------------------
user 2077
system 1166
 
--------------------MEMCG-----------------------
MEM ONLY  : 953 MB
MEM+SWAP  : 954 MB
cache 403382272
rss 596516864
rss_huge 0
mapped_file 2064384
writeback 0
swap 352256
pgpgin 834459
pgpgout 590343
pgfault 336745
pgmajfault 353
inactive_anon 298364928
active_anon 298192896
inactive_file 201740288
active_file 201576448
unevictable 0
hierarchical_memory_limit 999997440
hierarchical_memsw_limit 9223372036854771712
total_cache 403382272
total_rss 596516864
total_rss_huge 0
total_mapped_file 2064384
total_writeback 0
total_swap 352256
total_pgpgin 834459
total_pgpgout 590343
total_pgfault 336745
total_pgmajfault 353
total_inactive_anon 298364928
total_active_anon 298192896
total_inactive_file 201740288
total_active_file 201576448
total_unevictable 0
--------------------BLKIO-----------------------
11:0 Read 0
11:0 Write 0
11:0 Sync 0
11:0 Async 0
11:0 Total 0
253:0 Read 2491207680
253:0 Write 27398144
253:0 Sync 26796032
253:0 Async 2491809792
253:0 Total 2518605824
Total 2518605824
--------------------CPUAC-----------------------
user 2142
system 1190
 
--------------------MEMCG-----------------------
MEM ONLY  : 953 MB
MEM+SWAP  : 954 MB
cache 403382272
rss 596512768
rss_huge 0
mapped_file 2064384
writeback 0
swap 356352
pgpgin 851341
pgpgout 607226
pgfault 336745
pgmajfault 353
inactive_anon 298364928
active_anon 298188800
inactive_file 201691136
active_file 201650176
unevictable 0
hierarchical_memory_limit 999997440
hierarchical_memsw_limit 9223372036854771712
total_cache 403382272
total_rss 596512768
total_rss_huge 0
total_mapped_file 2064384
total_writeback 0
total_swap 356352
total_pgpgin 851341
total_pgpgout 607226
total_pgfault 336745
total_pgmajfault 353
total_inactive_anon 298364928
total_active_anon 298188800
total_inactive_file 201691136
total_active_file 201650176
total_unevictable 0
--------------------BLKIO-----------------------
11:0 Read 0
11:0 Write 0
11:0 Sync 0
11:0 Async 0
11:0 Total 0
253:0 Read 2560356352
253:0 Write 28176384
253:0 Sync 27570176
253:0 Async 2560962560
253:0 Total 2588532736
Total 2588532736
--------------------CPUAC-----------------------
user 2211
system 1224
 
--------------------MEMCG-----------------------
MEM ONLY  : 953 MB
MEM+SWAP  : 954 MB
cache 403464192
rss 596500480
rss_huge 0
mapped_file 2064384
writeback 0
swap 368640
pgpgin 867944
pgpgout 623812
pgfault 336745
pgmajfault 353
inactive_anon 298356736
active_anon 298184704
inactive_file 201777152
active_file 201629696
unevictable 0
hierarchical_memory_limit 999997440
hierarchical_memsw_limit 9223372036854771712
total_cache 403464192
total_rss 596500480
total_rss_huge 0
total_mapped_file 2064384
total_writeback 0
total_swap 368640
total_pgpgin 867944
total_pgpgout 623812
total_pgfault 336745
total_pgmajfault 353
total_inactive_anon 298356736
total_active_anon 298184704
total_inactive_file 201777152
total_active_file 201629696
total_unevictable 0
--------------------BLKIO-----------------------
11:0 Read 0
11:0 Write 0
11:0 Sync 0
11:0 Async 0
11:0 Total 0
253:0 Read 2628362240
253:0 Write 28962816
253:0 Sync 28344320
253:0 Async 2628980736
253:0 Total 2657325056
Total 2657325056
--------------------CPUAC-----------------------
user 2264
system 1258
 
--------------------MEMCG-----------------------
MEM ONLY  : 953 MB
MEM+SWAP  : 954 MB
cache 403427328
rss 596496384
rss_huge 0
mapped_file 2064384
writeback 0
swap 372736
pgpgin 884676
pgpgout 640554
pgfault 336745
pgmajfault 353
inactive_anon 298356736
active_anon 298180608
inactive_file 201764864
active_file 201605120
unevictable 0
hierarchical_memory_limit 999997440
hierarchical_memsw_limit 9223372036854771712
total_cache 403427328
total_rss 596496384
total_rss_huge 0
total_mapped_file 2064384
total_writeback 0
total_swap 372736
total_pgpgin 884676
total_pgpgout 640554
total_pgfault 336745
total_pgmajfault 353
total_inactive_anon 298356736
total_active_anon 298180608
total_inactive_file 201764864
total_active_file 201605120
total_unevictable 0
--------------------BLKIO-----------------------
11:0 Read 0
11:0 Write 0
11:0 Sync 0
11:0 Async 0
11:0 Total 0
253:0 Read 2696896512
253:0 Write 29749248
253:0 Sync 29126656
253:0 Async 2697519104
253:0 Total 2726645760
Total 2726645760
--------------------CPUAC-----------------------
user 2326
system 1296
 
