========== Container 1 Memory STATS ==============
cache 63393792
rss 37445632
rss_huge 0
mapped_file 36745216
writeback 0
swap 0
pgpgin 121975
pgpgout 97356
pgfault 186140
pgmajfault 487
inactive_anon 45056
active_anon 37470208
inactive_file 47067136
active_file 16252928
unevictable 4096
hierarchical_memory_limit 999997440
hierarchical_memsw_limit 9223372036854771712
total_cache 63393792
total_rss 37445632
total_rss_huge 0
total_mapped_file 36745216
total_writeback 0
total_swap 0
total_pgpgin 121975
total_pgpgout 97356
total_pgfault 186140
total_pgmajfault 487
total_inactive_anon 45056
total_active_anon 37470208
total_inactive_file 47067136
total_active_file 16252928
total_unevictable 4096
======== END Container STATS ======
========== Container 1 Memory STATS AT END ==============
cache 742506496
rss 256663552
rss_huge 0
mapped_file 9904128
writeback 0
swap 0
pgpgin 753761
pgpgout 509823
pgfault 248233
pgmajfault 582
inactive_anon 129003520
active_anon 127729664
inactive_file 370671616
active_file 371761152
unevictable 4096
hierarchical_memory_limit 999997440
hierarchical_memsw_limit 9223372036854771712
total_cache 742506496
total_rss 256663552
total_rss_huge 0
total_mapped_file 9904128
total_writeback 0
total_swap 0
total_pgpgin 753761
total_pgpgout 509823
total_pgfault 248233
total_pgmajfault 582
total_inactive_anon 129003520
total_active_anon 127729664
total_inactive_file 370671616
total_active_file 371761152
total_unevictable 4096
======== END Container STATS ======
