========== Container 1 Memory STATS ==============
cache 13496320
rss 255791104
rss_huge 0
mapped_file 9932800
writeback 0
swap 0
pgpgin 763136
pgpgout 697392
pgfault 258147
pgmajfault 622
inactive_anon 128987136
active_anon 126873600
inactive_file 1462272
active_file 11927552
unevictable 4096
hierarchical_memory_limit 999997440
hierarchical_memsw_limit 9223372036854771712
total_cache 13496320
total_rss 255791104
total_rss_huge 0
total_mapped_file 9932800
total_writeback 0
total_swap 0
total_pgpgin 763136
total_pgpgout 697392
total_pgfault 258147
total_pgmajfault 622
total_inactive_anon 128987136
total_active_anon 126873600
total_inactive_file 1462272
total_active_file 11927552
total_unevictable 4096
======== END Container STATS ======
========== Container 1 Memory STATS AT END ==============
cache 732794880
rss 266887168
rss_huge 0
mapped_file 5988352
writeback 0
swap 0
pgpgin 1554469
pgpgout 1310406
pgfault 264057
pgmajfault 664
inactive_anon 133562368
active_anon 133394432
inactive_file 366571520
active_file 366149632
unevictable 4096
hierarchical_memory_limit 999997440
hierarchical_memsw_limit 9223372036854771712
total_cache 732794880
total_rss 266887168
total_rss_huge 0
total_mapped_file 5988352
total_writeback 0
total_swap 0
total_pgpgin 1554469
total_pgpgout 1310406
total_pgfault 264057
total_pgmajfault 664
total_inactive_anon 133562368
total_active_anon 133394432
total_inactive_file 366571520
total_active_file 366149632
total_unevictable 4096
======== END Container STATS ======
