========== Container 5 Memory STATS ==============
cache 61075456
rss 37175296
rss_huge 0
mapped_file 36741120
writeback 0
swap 0
pgpgin 121076
pgpgout 97089
pgfault 185792
pgmajfault 479
inactive_anon 45056
active_anon 37199872
inactive_file 47443968
active_file 13557760
unevictable 4096
hierarchical_memory_limit 999997440
hierarchical_memsw_limit 9223372036854771712
total_cache 61075456
total_rss 37175296
total_rss_huge 0
total_mapped_file 36741120
total_writeback 0
total_swap 0
total_pgpgin 121076
total_pgpgout 97089
total_pgfault 185792
total_pgmajfault 479
total_inactive_anon 45056
total_active_anon 37199872
total_inactive_file 47443968
total_active_file 13557760
total_unevictable 4096
======== END Container STATS ======
========== Container 5 Memory STATS AT END ==============
cache 735510528
rss 263331840
rss_huge 0
mapped_file 6414336
writeback 0
swap 0
pgpgin 1090644
pgpgout 846786
pgfault 250289
pgmajfault 613
inactive_anon 132317184
active_anon 131084288
inactive_file 366317568
active_file 369119232
unevictable 4096
hierarchical_memory_limit 999997440
hierarchical_memsw_limit 9223372036854771712
total_cache 735510528
total_rss 263331840
total_rss_huge 0
total_mapped_file 6414336
total_writeback 0
total_swap 0
total_pgpgin 1090644
total_pgpgout 846786
total_pgfault 250289
total_pgmajfault 613
total_inactive_anon 132317184
total_active_anon 131084288
total_inactive_file 366317568
total_active_file 369119232
total_unevictable 4096
======== END Container STATS ======
