========== Container 7 Memory STATS ==============
cache 6995968
rss 281587712
rss_huge 0
mapped_file 6590464
writeback 0
swap 335872
pgpgin 1477594
pgpgout 1407139
pgfault 263473
pgmajfault 644
inactive_anon 141377536
active_anon 140242944
inactive_file 1581056
active_file 5378048
unevictable 4096
hierarchical_memory_limit 999997440
hierarchical_memsw_limit 9223372036854771712
total_cache 6995968
total_rss 281587712
total_rss_huge 0
total_mapped_file 6590464
total_writeback 0
total_swap 335872
total_pgpgin 1477594
total_pgpgout 1407139
total_pgfault 263473
total_pgmajfault 644
total_inactive_anon 141377536
total_active_anon 140242944
total_inactive_file 1581056
total_active_file 5378048
total_unevictable 4096
======== END Container STATS ======
========== Container 7 Memory STATS AT END ==============
cache 712122368
rss 287797248
rss_huge 0
mapped_file 3575808
writeback 0
swap 348160
pgpgin 5611941
pgpgout 5367820
pgfault 283203
pgmajfault 781
inactive_anon 144629760
active_anon 143200256
inactive_file 356397056
active_file 355688448
unevictable 4096
hierarchical_memory_limit 999997440
hierarchical_memsw_limit 9223372036854771712
total_cache 712122368
total_rss 287797248
total_rss_huge 0
total_mapped_file 3575808
total_writeback 0
total_swap 348160
total_pgpgin 5611941
total_pgpgout 5367820
total_pgfault 283203
total_pgmajfault 781
total_inactive_anon 144629760
total_active_anon 143200256
total_inactive_file 356397056
total_active_file 355688448
total_unevictable 4096
======== END Container STATS ======
