java -cp /home/ubuntu/ycsb/mongodb-binding/conf:/home/ubuntu/ycsb/conf:/home/ubuntu/ycsb/lib/jackson-mapper-asl-1.9.4.jar:/home/ubuntu/ycsb/lib/jackson-core-asl-1.9.4.jar:/home/ubuntu/ycsb/lib/htrace-core4-4.1.0-incubating.jar:/home/ubuntu/ycsb/lib/core-0.12.0.jar:/home/ubuntu/ycsb/lib/HdrHistogram-2.1.4.jar:/home/ubuntu/ycsb/mongodb-binding/lib/mongo-java-driver-3.0.3.jar:/home/ubuntu/ycsb/mongodb-binding/lib/logback-core-1.1.2.jar:/home/ubuntu/ycsb/mongodb-binding/lib/mongodb-binding-0.12.0.jar:/home/ubuntu/ycsb/mongodb-binding/lib/logback-classic-1.1.2.jar:/home/ubuntu/ycsb/mongodb-binding/lib/mongodb-async-driver-2.0.1.jar:/home/ubuntu/ycsb/mongodb-binding/lib/slf4j-api-1.6.4.jar com.yahoo.ycsb.Client -db com.yahoo.ycsb.db.MongoDbClient -s -P /home/ubuntu/ycsb/workloads/workload1 -p mongodb.url=mongodb://10.0.3.221:27017/ycsb?w=0 -p maxexecutiontime=600 -t
YCSB Client 0.12.0
Command line: -db com.yahoo.ycsb.db.MongoDbClient -s -P /home/ubuntu/ycsb/workloads/workload1 -p mongodb.url=mongodb://10.0.3.221:27017/ycsb?w=0 -p maxexecutiontime=600 -t
Loading workload...
Starting test.
Maximum execution time specified as: 600 secs
2017-06-24 22:49:19:087 0 sec: 0 operations; est completion in 0 seconds 
mongo client connection created with mongodb://10.0.3.221:27017/ycsb?w=0
DBWrapper: report latency for each error is false and specific error codes to track for latency are: []
2017-06-24 22:49:28:760 10 sec: 785 operations; 78.5 current ops/sec; est completion in 1 days 11 hours [READ: Count=785, Max=687103, Min=251, Avg=7665.95, 90=23407, 99=50047, 99.9=71999, 99.99=687103] 
2017-06-24 22:49:38:760 20 sec: 2522 operations; 173.7 current ops/sec; est completion in 22 hours 1 minutes [READ: Count=1737, Max=83327, Min=181, Avg=5732.9, 90=19983, 99=48191, 99.9=65983, 99.99=83327] 
2017-06-24 22:49:48:760 30 sec: 4188 operations; 166.6 current ops/sec; est completion in 19 hours 53 minutes [READ: Count=1666, Max=246399, Min=173, Avg=5979.5, 90=20111, 99=52319, 99.9=107967, 99.99=246399] 
2017-06-24 22:49:58:760 40 sec: 5898 operations; 171 current ops/sec; est completion in 18 hours 49 minutes [READ: Count=1710, Max=131455, Min=155, Avg=5833.97, 90=20191, 99=53247, 99.9=113919, 99.99=131455] 
2017-06-24 22:50:08:760 50 sec: 7753 operations; 185.5 current ops/sec; est completion in 17 hours 54 minutes [READ: Count=1855, Max=71359, Min=151, Avg=5383.07, 90=19951, 99=51807, 99.9=69823, 99.99=71359] 
2017-06-24 22:50:18:760 60 sec: 9573 operations; 182 current ops/sec; est completion in 17 hours 23 minutes [READ: Count=1820, Max=120319, Min=140, Avg=5486.75, 90=20127, 99=52415, 99.9=89215, 99.99=120319] 
2017-06-24 22:50:28:760 70 sec: 11593 operations; 202 current ops/sec; est completion in 16 hours 45 minutes [READ: Count=2020, Max=205823, Min=136, Avg=4937.08, 90=18127, 99=50367, 99.9=83903, 99.99=205823] 
2017-06-24 22:50:38:760 80 sec: 13701 operations; 210.8 current ops/sec; est completion in 16 hours 11 minutes [READ: Count=2108, Max=102463, Min=137, Avg=4749.68, 90=16991, 99=54975, 99.9=87807, 99.99=102463] 
2017-06-24 22:50:48:760 90 sec: 15613 operations; 191.2 current ops/sec; est completion in 15 hours 59 minutes [READ: Count=1912, Max=120063, Min=138, Avg=5227.86, 90=18351, 99=57311, 99.9=102207, 99.99=120063] 
2017-06-24 22:50:58:760 100 sec: 17842 operations; 222.9 current ops/sec; est completion in 15 hours 32 minutes [READ: Count=2229, Max=199423, Min=136, Avg=4480.79, 90=16543, 99=49599, 99.9=92031, 99.99=199423] 
2017-06-24 22:51:08:760 110 sec: 19997 operations; 215.5 current ops/sec; est completion in 15 hours 14 minutes [READ: Count=2155, Max=119103, Min=137, Avg=4639.05, 90=17151, 99=52127, 99.9=82815, 99.99=119103] 
2017-06-24 22:51:18:760 120 sec: 22076 operations; 207.9 current ops/sec; est completion in 15 hours 3 minutes [READ: Count=2079, Max=115071, Min=136, Avg=4794.29, 90=17263, 99=53119, 99.9=98239, 99.99=115071] 
2017-06-24 22:51:28:760 130 sec: 24356 operations; 228 current ops/sec; est completion in 14 hours 47 minutes [READ: Count=2280, Max=121215, Min=137, Avg=4389.93, 90=17151, 99=52575, 99.9=85375, 99.99=121215] 
2017-06-24 22:51:38:760 140 sec: 26483 operations; 212.7 current ops/sec; est completion in 14 hours 38 minutes [READ: Count=2127, Max=177791, Min=137, Avg=4692.46, 90=17359, 99=58399, 99.9=103999, 99.99=177791] 
2017-06-24 22:51:48:760 150 sec: 28918 operations; 243.5 current ops/sec; est completion in 14 hours 22 minutes [READ: Count=2435, Max=240127, Min=135, Avg=4106.31, 90=16031, 99=48383, 99.9=105471, 99.99=240127] 
2017-06-24 22:51:58:760 160 sec: 31505 operations; 258.7 current ops/sec; est completion in 14 hours 3 minutes [READ: Count=2587, Max=99455, Min=135, Avg=3862.7, 90=14031, 99=50079, 99.9=92607, 99.99=99455] 
2017-06-24 22:52:08:760 170 sec: 33913 operations; 240.8 current ops/sec; est completion in 13 hours 52 minutes [READ: Count=2408, Max=96703, Min=136, Avg=4150.29, 90=15711, 99=51359, 99.9=77631, 99.99=96703] 
2017-06-24 22:52:18:760 180 sec: 36726 operations; 281.3 current ops/sec; est completion in 13 hours 33 minutes [READ: Count=2813, Max=108735, Min=136, Avg=3547.79, 90=14279, 99=47903, 99.9=92607, 99.99=108735] 
2017-06-24 22:52:28:760 190 sec: 39343 operations; 261.7 current ops/sec; est completion in 13 hours 21 minutes [READ: Count=2617, Max=177791, Min=135, Avg=3810.79, 90=13367, 99=51519, 99.9=87615, 99.99=177791] 
2017-06-24 22:52:38:760 200 sec: 41910 operations; 256.7 current ops/sec; est completion in 13 hours 12 minutes [READ: Count=2567, Max=192127, Min=136, Avg=3895.68, 90=15311, 99=48095, 99.9=87167, 99.99=192127] 
2017-06-24 22:52:48:760 210 sec: 44831 operations; 292.1 current ops/sec; est completion in 12 hours 57 minutes [READ: Count=2921, Max=118271, Min=136, Avg=3426.3, 90=12479, 99=46527, 99.9=84223, 99.99=118271] 
2017-06-24 22:52:58:760 220 sec: 47439 operations; 260.8 current ops/sec; est completion in 12 hours 49 minutes [READ: Count=2608, Max=96575, Min=137, Avg=3829.75, 90=14239, 99=52223, 99.9=78207, 99.99=96575] 
2017-06-24 22:53:08:760 230 sec: 50393 operations; 295.4 current ops/sec; est completion in 12 hours 36 minutes [READ: Count=2954, Max=94527, Min=135, Avg=3374.57, 90=12439, 99=50079, 99.9=77823, 99.99=94527] 
2017-06-24 22:53:18:760 240 sec: 53403 operations; 301 current ops/sec; est completion in 12 hours 25 minutes [READ: Count=3010, Max=210303, Min=135, Avg=3322.96, 90=11735, 99=48319, 99.9=91135, 99.99=210303] 
2017-06-24 22:53:28:760 250 sec: 56166 operations; 276.3 current ops/sec; est completion in 12 hours 17 minutes [READ: Count=2763, Max=152319, Min=137, Avg=3616.08, 90=12479, 99=52799, 99.9=100479, 99.99=152319] 
2017-06-24 22:53:38:760 260 sec: 59325 operations; 315.9 current ops/sec; est completion in 12 hours 6 minutes [READ: Count=3159, Max=195711, Min=138, Avg=3158.79, 90=9943, 99=49919, 99.9=101695, 99.99=195711] 
2017-06-24 22:53:48:760 270 sec: 63022 operations; 369.7 current ops/sec; est completion in 11 hours 49 minutes [READ: Count=3697, Max=118655, Min=136, Avg=2702.53, 90=9407, 99=42335, 99.9=73215, 99.99=118655] 
2017-06-24 22:53:58:760 280 sec: 67083 operations; 406.1 current ops/sec; est completion in 11 hours 31 minutes [READ: Count=4061, Max=152063, Min=136, Avg=2451.36, 90=5639, 99=42111, 99.9=77055, 99.99=152063] 
2017-06-24 22:54:08:760 290 sec: 70815 operations; 373.2 current ops/sec; est completion in 11 hours 17 minutes [READ: Count=3732, Max=143871, Min=135, Avg=2687.83, 90=5959, 99=46591, 99.9=78143, 99.99=143871] 
2017-06-24 22:54:18:760 300 sec: 75203 operations; 438.8 current ops/sec; est completion in 10 hours 59 minutes [READ: Count=4388, Max=92799, Min=135, Avg=2275.48, 90=631, 99=41023, 99.9=74239, 99.99=92799] 
2017-06-24 22:54:28:760 310 sec: 79237 operations; 403.4 current ops/sec; est completion in 10 hours 46 minutes [READ: Count=4034, Max=113215, Min=136, Avg=2473.24, 90=518, 99=49023, 99.9=84479, 99.99=113215] 
2017-06-24 22:54:38:760 320 sec: 83373 operations; 413.6 current ops/sec; est completion in 10 hours 34 minutes [READ: Count=4136, Max=130879, Min=136, Avg=2410.56, 90=486, 99=42079, 99.9=91519, 99.99=130879] 
2017-06-24 22:54:48:760 330 sec: 88286 operations; 491.3 current ops/sec; est completion in 10 hours 17 minutes [READ: Count=4913, Max=221695, Min=134, Avg=2039.49, 90=475, 99=37407, 99.9=66751, 99.99=221695] 
2017-06-24 22:54:58:760 340 sec: 93447 operations; 516.1 current ops/sec; est completion in 10 hours [READ: Count=5161, Max=87423, Min=135, Avg=1935.57, 90=471, 99=40511, 99.9=70975, 99.99=86463] 
2017-06-24 22:55:08:760 350 sec: 98771 operations; 532.4 current ops/sec; est completion in 9 hours 44 minutes [READ: Count=5324, Max=110207, Min=134, Avg=1875.16, 90=467, 99=37439, 99.9=78847, 99.99=104895] 
2017-06-24 22:55:18:760 360 sec: 104012 operations; 524.1 current ops/sec; est completion in 9 hours 30 minutes [READ: Count=5241, Max=108415, Min=135, Avg=1905.88, 90=469, 99=38623, 99.9=80127, 99.99=102719] 
2017-06-24 22:55:28:760 370 sec: 110155 operations; 614.3 current ops/sec; est completion in 9 hours 13 minutes [READ: Count=6143, Max=109887, Min=134, Avg=1609.42, 90=411, 99=34623, 99.9=80767, 99.99=93695] 
2017-06-24 22:55:38:760 380 sec: 117517 operations; 736.2 current ops/sec; est completion in 8 hours 52 minutes [READ: Count=7362, Max=124543, Min=134, Avg=1369.37, 90=387, 99=31487, 99.9=70335, 99.99=108799] 
2017-06-24 22:55:48:760 390 sec: 124696 operations; 717.9 current ops/sec; est completion in 8 hours 34 minutes [READ: Count=7179, Max=150655, Min=135, Avg=1389.99, 90=421, 99=30719, 99.9=64383, 99.99=102079] 
2017-06-24 22:55:58:760 400 sec: 132364 operations; 766.8 current ops/sec; est completion in 8 hours 17 minutes [READ: Count=7668, Max=83903, Min=128, Avg=1303.19, 90=375, 99=30063, 99.9=68159, 99.99=83647] 
2017-06-24 22:56:08:760 410 sec: 141636 operations; 927.2 current ops/sec; est completion in 7 hours 55 minutes [READ: Count=9272, Max=173055, Min=133, Avg=1074.21, 90=355, 99=26047, 99.9=58015, 99.99=102399] 
2017-06-24 22:56:18:760 420 sec: 151749 operations; 1011.3 current ops/sec; est completion in 7 hours 34 minutes [READ: Count=10113, Max=92671, Min=132, Avg=988.31, 90=351, 99=24975, 99.9=60159, 99.99=86847] 
2017-06-24 22:56:28:760 430 sec: 161314 operations; 956.5 current ops/sec; est completion in 7 hours 17 minutes [READ: Count=9565, Max=106495, Min=136, Avg=1040.06, 90=360, 99=27919, 99.9=62879, 99.99=96767] 
2017-06-24 22:56:38:760 440 sec: 173012 operations; 1169.8 current ops/sec; est completion in 6 hours 56 minutes [READ: Count=11698, Max=197759, Min=133, Avg=852.01, 90=353, 99=22223, 99.9=61983, 99.99=115519] 
2017-06-24 22:56:48:760 450 sec: 185631 operations; 1261.9 current ops/sec; est completion in 6 hours 36 minutes [READ: Count=12619, Max=88767, Min=134, Avg=792.74, 90=347, 99=21039, 99.9=61215, 99.99=86911] 
2017-06-24 22:56:58:760 460 sec: 201749 operations; 1611.8 current ops/sec; est completion in 6 hours 12 minutes [READ: Count=16118, Max=107839, Min=133, Avg=619.5, 90=347, 99=16199, 99.9=49375, 99.99=79231] 
2017-06-24 22:57:08:760 470 sec: 218747 operations; 1699.8 current ops/sec; est completion in 5 hours 50 minutes [READ: Count=16998, Max=153087, Min=134, Avg=586.06, 90=339, 99=13535, 99.9=51359, 99.99=88383] 
2017-06-24 22:57:18:760 480 sec: 241048 operations; 2230.1 current ops/sec; est completion in 5 hours 23 minutes [READ: Count=22301, Max=76799, Min=134, Avg=446.35, 90=339, 99=8123, 99.9=38719, 99.99=54015] 
2017-06-24 22:57:28:760 490 sec: 263943 operations; 2289.5 current ops/sec; est completion in 5 hours 1 minutes [READ: Count=22895, Max=109951, Min=134, Avg=434.69, 90=343, 99=1030, 99.9=45439, 99.99=76991] 
2017-06-24 22:57:38:760 500 sec: 294009 operations; 3006.6 current ops/sec; est completion in 4 hours 35 minutes [READ: Count=30066, Max=76287, Min=133, Avg=330.6, 90=344, 99=494, 99.9=28207, 99.99=65919] 
2017-06-24 22:57:48:760 510 sec: 326477 operations; 3246.8 current ops/sec; est completion in 4 hours 11 minutes [READ: Count=32468, Max=90943, Min=133, Avg=305.97, 90=347, 99=517, 99.9=23967, 99.99=65791] 
2017-06-24 22:57:58:760 520 sec: 363394 operations; 3691.7 current ops/sec; est completion in 3 hours 49 minutes [READ: Count=36917, Max=67199, Min=134, Avg=268.78, 90=350, 99=490, 99.9=16751, 99.99=40095] 
2017-06-24 22:58:08:760 530 sec: 402848 operations; 3945.4 current ops/sec; est completion in 3 hours 30 minutes [READ: Count=39454, Max=34207, Min=132, Avg=251.39, 90=349, 99=479, 99.9=12247, 99.99=28607] 
2017-06-24 22:58:18:760 540 sec: 443325 operations; 4047.7 current ops/sec; est completion in 3 hours 14 minutes [READ: Count=40477, Max=87167, Min=134, Avg=244.95, 90=348, 99=477, 99.9=2495, 99.99=34271] 
2017-06-24 22:58:28:760 550 sec: 485605 operations; 4228 current ops/sec; est completion in 2 hours 59 minutes [READ: Count=42280, Max=40703, Min=134, Avg=234.43, 90=340, 99=440, 99.9=2371, 99.99=28319] 
2017-06-24 22:58:38:760 560 sec: 528133 operations; 4252.8 current ops/sec; est completion in 2 hours 47 minutes [READ: Count=42528, Max=42143, Min=133, Avg=233.09, 90=351, 99=471, 99.9=2183, 99.99=15959] 
2017-06-24 22:58:48:760 570 sec: 571470 operations; 4333.7 current ops/sec; est completion in 2 hours 36 minutes [READ: Count=43337, Max=22751, Min=136, Avg=228.69, 90=344, 99=447, 99.9=2159, 99.99=14831] 
2017-06-24 22:58:58:760 580 sec: 615427 operations; 4395.7 current ops/sec; est completion in 2 hours 27 minutes [READ: Count=43957, Max=10415, Min=136, Avg=225.46, 90=340, 99=432, 99.9=2105, 99.99=2385] 
2017-06-24 22:59:08:760 590 sec: 658711 operations; 4328.4 current ops/sec; est completion in 2 hours 19 minutes [READ: Count=43284, Max=24767, Min=134, Avg=228.94, 90=345, 99=447, 99.9=2153, 99.99=3255] 
2017-06-24 22:59:18:760 600 sec: 700383 operations; 4167.2 current ops/sec; est completion in 2 hours 12 minutes [READ: Count=41672, Max=15119, Min=132, Avg=237.74, 90=352, 99=511, 99.9=2365, 99.99=3289] 
Maximum time elapsed. Requesting stop for the workload.
Stop requested for workload. Now Joining!
2017-06-24 22:59:18:767 600 sec: 700400 operations; 2428.57 current ops/sec; est completion in 2 hours 12 minutes [READ: Count=17, Max=1387, Min=177, Avg=308.94, 90=370, 99=1387, 99.9=1387, 99.99=1387] [CLEANUP: Count=1, Max=1852, Min=1852, Avg=1852, 90=1852, 99=1852, 99.9=1852, 99.99=1852] 
[OVERALL], RunTime(ms), 600009.0
[OVERALL], Throughput(ops/sec), 1167.3158235959793
[TOTAL_GCS_PS_Scavenge], Count, 767.0
[TOTAL_GC_TIME_PS_Scavenge], Time(ms), 1358.0
[TOTAL_GC_TIME_%_PS_Scavenge], Time(%), 0.22632993838425758
[TOTAL_GCS_PS_MarkSweep], Count, 0.0
[TOTAL_GC_TIME_PS_MarkSweep], Time(ms), 0.0
[TOTAL_GC_TIME_%_PS_MarkSweep], Time(%), 0.0
[TOTAL_GCs], Count, 767.0
[TOTAL_GC_TIME], Time(ms), 1358.0
[TOTAL_GC_TIME_%], Time(%), 0.22632993838425758
[READ], Operations, 700400.0
[READ], AverageLatency(us), 848.5683409480297
[READ], MinLatency(us), 128.0
[READ], MaxLatency(us), 687103.0
[READ], 95thPercentileLatency(us), 432.0
[READ], 99thPercentileLatency(us), 22431.0
[READ], Return=OK, 700400
[CLEANUP], Operations, 1.0
[CLEANUP], AverageLatency(us), 1852.0
[CLEANUP], MinLatency(us), 1852.0
[CLEANUP], MaxLatency(us), 1852.0
[CLEANUP], 95thPercentileLatency(us), 1852.0
[CLEANUP], 99thPercentileLatency(us), 1852.0
