========== Container 1 Memory STATS ==============
cache 63713280
rss 37777408
rss_huge 0
mapped_file 36917248
writeback 0
swap 0
pgpgin 121258
pgpgout 96480
pgfault 184047
pgmajfault 487
inactive_anon 49152
active_anon 37801984
inactive_file 47968256
active_file 15667200
unevictable 4096
hierarchical_memory_limit 999997440
hierarchical_memsw_limit 9223372036854771712
total_cache 63713280
total_rss 37777408
total_rss_huge 0
total_mapped_file 36917248
total_writeback 0
total_swap 0
total_pgpgin 121258
total_pgpgout 96480
total_pgfault 184047
total_pgmajfault 487
total_inactive_anon 49152
total_active_anon 37801984
total_inactive_file 47968256
total_active_file 15667200
total_unevictable 4096
======== END Container STATS ======
========== Container 1 Memory STATS AT END ==============
cache 741752832
rss 257196032
rss_huge 0
mapped_file 9699328
writeback 0
swap 0
pgpgin 774423
pgpgout 530539
pgfault 246584
pgmajfault 574
inactive_anon 129601536
active_anon 127664128
inactive_file 370278400
active_file 371400704
unevictable 4096
hierarchical_memory_limit 999997440
hierarchical_memsw_limit 9223372036854771712
total_cache 741752832
total_rss 257196032
total_rss_huge 0
total_mapped_file 9699328
total_writeback 0
total_swap 0
total_pgpgin 774423
total_pgpgout 530539
total_pgfault 246584
total_pgmajfault 574
total_inactive_anon 129601536
total_active_anon 127664128
total_inactive_file 370278400
total_active_file 371400704
total_unevictable 4096
======== END Container STATS ======
