========== Container 2 Memory STATS ==============
cache 910180352
rss 6565888
rss_huge 0
mapped_file 3174400
writeback 0
swap 0
pgpgin 11928679
pgpgout 11704864
pgfault 2684917
pgmajfault 354
inactive_anon 6557696
active_anon 77824
inactive_file 456183808
active_file 453926912
unevictable 0
hierarchical_memory_limit 999997440
hierarchical_memsw_limit 9223372036854771712
total_cache 910180352
total_rss 6565888
total_rss_huge 0
total_mapped_file 3174400
total_writeback 0
total_swap 0
total_pgpgin 11928679
total_pgpgout 11704864
total_pgfault 2684917
total_pgmajfault 354
total_inactive_anon 6557696
total_active_anon 77824
total_inactive_file 456183808
total_active_file 453926912
total_unevictable 0
========== Container 2 Memory STATS AT END ==============
cache 907284480
rss 6569984
rss_huge 0
mapped_file 2179072
writeback 0
swap 0
pgpgin 22814840
pgpgout 22591731
pgfault 5000873
pgmajfault 520
inactive_anon 6578176
active_anon 61440
inactive_file 452730880
active_file 454483968
unevictable 0
hierarchical_memory_limit 999997440
hierarchical_memsw_limit 9223372036854771712
total_cache 907284480
total_rss 6569984
total_rss_huge 0
total_mapped_file 2179072
total_writeback 0
total_swap 0
total_pgpgin 22814840
total_pgpgout 22591731
total_pgfault 5000873
total_pgmajfault 520
total_inactive_anon 6578176
total_active_anon 61440
total_inactive_file 452730880
total_active_file 454483968
total_unevictable 0
======== END Container STATS ======
