========== Container 3 Memory STATS ==============
cache 405344256
rss 594477056
rss_huge 0
mapped_file 2588672
writeback 0
swap 2355200
pgpgin 661114
pgpgout 417017
pgfault 339451
pgmajfault 383
inactive_anon 297394176
active_anon 297107456
inactive_file 202637312
active_file 202682368
unevictable 0
hierarchical_memory_limit 999997440
hierarchical_memsw_limit 9223372036854771712
total_cache 405344256
total_rss 594477056
total_rss_huge 0
total_mapped_file 2588672
total_writeback 0
total_swap 2355200
total_pgpgin 661114
total_pgpgout 417017
total_pgfault 339451
total_pgmajfault 383
total_inactive_anon 297394176
total_active_anon 297107456
total_inactive_file 202637312
total_active_file 202682368
total_unevictable 0
========== Container 3 Memory STATS AT END ==============
cache 405716992
rss 594137088
rss_huge 0
mapped_file 4943872
writeback 0
swap 2695168
pgpgin 856458
pgpgout 612353
pgfault 339550
pgmajfault 423
inactive_anon 297267200
active_anon 296894464
inactive_file 202911744
active_file 202780672
unevictable 0
hierarchical_memory_limit 999997440
hierarchical_memsw_limit 9223372036854771712
total_cache 405716992
total_rss 594137088
total_rss_huge 0
total_mapped_file 4943872
total_writeback 0
total_swap 2695168
total_pgpgin 856458
total_pgpgout 612353
total_pgfault 339550
total_pgmajfault 423
total_inactive_anon 297267200
total_active_anon 296894464
total_inactive_file 202911744
total_active_file 202780672
total_unevictable 0
======== END Container STATS ======
