--------------------MEMCG-----------------------
MEM ONLY  : 953 MB
MEM+SWAP  : 953 MB
cache 990896128
rss 8949760
rss_huge 0
mapped_file 9216000
writeback 188747776
swap 0
pgpgin 749001
pgpgout 504898
pgfault 184950
pgmajfault 238
inactive_anon 4714496
active_anon 4313088
inactive_file 971776000
active_file 18960384
unevictable 0
hierarchical_memory_limit 999997440
hierarchical_memsw_limit 9223372036854771712
total_cache 990896128
total_rss 8949760
total_rss_huge 0
total_mapped_file 9216000
total_writeback 188747776
total_swap 0
total_pgpgin 749001
total_pgpgout 504898
total_pgfault 184950
total_pgmajfault 238
total_inactive_anon 4714496
total_active_anon 4313088
total_inactive_file 971776000
total_active_file 18960384
total_unevictable 0
--------------------BLKIO-----------------------
11:0 Read 0
11:0 Write 0
11:0 Sync 0
11:0 Async 0
11:0 Total 0
253:0 Read 25374720
253:0 Write 241664
253:0 Sync 0
253:0 Async 25616384
253:0 Total 25616384
Total 25616384
--------------------CPUAC-----------------------
user 43
system 310
 
--------------------MEMCG-----------------------
MEM ONLY  : 953 MB
MEM+SWAP  : 953 MB
cache 812650496
rss 187346944
rss_huge 0
mapped_file 9826304
writeback 0
swap 0
pgpgin 1192244
pgpgout 948104
pgfault 241699
pgmajfault 264
inactive_anon 93847552
active_anon 93581312
inactive_file 585531392
active_file 226918400
unevictable 0
hierarchical_memory_limit 999997440
hierarchical_memsw_limit 9223372036854771712
total_cache 812650496
total_rss 187346944
total_rss_huge 0
total_mapped_file 9826304
total_writeback 0
total_swap 0
total_pgpgin 1192244
total_pgpgout 948104
total_pgfault 241699
total_pgmajfault 264
total_inactive_anon 93847552
total_active_anon 93581312
total_inactive_file 585531392
total_active_file 226918400
total_unevictable 0
--------------------BLKIO-----------------------
11:0 Read 0
11:0 Write 0
11:0 Sync 0
11:0 Async 0
11:0 Total 0
253:0 Read 985878528
253:0 Write 241664
253:0 Sync 0
253:0 Async 986120192
253:0 Total 986120192
Total 986120192
--------------------CPUAC-----------------------
user 358
system 560
 
--------------------MEMCG-----------------------
MEM ONLY  : 953 MB
MEM+SWAP  : 953 MB
cache 812875776
rss 187080704
rss_huge 0
mapped_file 6017024
writeback 0
swap 0
pgpgin 1720368
pgpgout 1476238
pgfault 256132
pgmajfault 266
inactive_anon 93589504
active_anon 93573120
inactive_file 406544384
active_file 406233088
unevictable 0
hierarchical_memory_limit 999997440
hierarchical_memsw_limit 9223372036854771712
total_cache 812875776
total_rss 187080704
total_rss_huge 0
total_mapped_file 6017024
total_writeback 0
total_swap 0
total_pgpgin 1720368
total_pgpgout 1476238
total_pgfault 256132
total_pgmajfault 266
total_inactive_anon 93589504
total_active_anon 93573120
total_inactive_file 406544384
total_active_file 406233088
total_unevictable 0
--------------------BLKIO-----------------------
11:0 Read 0
11:0 Write 0
11:0 Sync 0
11:0 Async 0
11:0 Total 0
253:0 Read 2151522304
253:0 Write 241664
253:0 Sync 0
253:0 Async 2151763968
253:0 Total 2151763968
Total 2151763968
--------------------CPUAC-----------------------
user 370
system 955
 
--------------------MEMCG-----------------------
MEM ONLY  : 953 MB
MEM+SWAP  : 960 MB
cache 820383744
rss 179527680
rss_huge 0
mapped_file 335872
writeback 55648256
swap 7634944
pgpgin 2672271
pgpgout 2428151
pgfault 681647
pgmajfault 271
inactive_anon 89993216
active_anon 89530368
inactive_file 293187584
active_file 527192064
unevictable 0
hierarchical_memory_limit 999997440
hierarchical_memsw_limit 9223372036854771712
total_cache 820383744
total_rss 179527680
total_rss_huge 0
total_mapped_file 335872
total_writeback 55648256
total_swap 7634944
total_pgpgin 2672271
total_pgpgout 2428152
total_pgfault 681647
total_pgmajfault 271
total_inactive_anon 89993216
total_active_anon 89530368
total_inactive_file 293187584
total_active_file 527192064
total_unevictable 0
--------------------BLKIO-----------------------
11:0 Read 0
11:0 Write 0
11:0 Sync 0
11:0 Async 0
11:0 Total 0
253:0 Read 3125219328
253:0 Write 7942144
253:0 Sync 0
253:0 Async 3133161472
253:0 Total 3133161472
Total 3133161472
--------------------CPUAC-----------------------
user 569
system 2998
 
--------------------MEMCG-----------------------
MEM ONLY  : 953 MB
MEM+SWAP  : 964 MB
cache 823996416
rss 175845376
rss_huge 0
mapped_file 585728
writeback 0
swap 11317248
pgpgin 3716293
pgpgout 3472191
pgfault 1314570
pgmajfault 285
inactive_anon 88145920
active_anon 87703552
inactive_file 310620160
active_file 513372160
unevictable 0
hierarchical_memory_limit 999997440
hierarchical_memsw_limit 9223372036854771712
total_cache 823996416
total_rss 175845376
total_rss_huge 0
total_mapped_file 585728
total_writeback 0
total_swap 11317248
total_pgpgin 3716293
total_pgpgout 3472191
total_pgfault 1314570
total_pgmajfault 285
total_inactive_anon 88145920
total_active_anon 87703552
total_inactive_file 310620160
total_active_file 513372160
total_unevictable 0
--------------------BLKIO-----------------------
11:0 Read 0
11:0 Write 0
11:0 Sync 0
11:0 Async 0
11:0 Total 0
253:0 Read 4113235968
253:0 Write 11575296
253:0 Sync 0
253:0 Async 4124811264
253:0 Total 4124811264
Total 4124811264
--------------------CPUAC-----------------------
user 918
system 5629
 
--------------------MEMCG-----------------------
MEM ONLY  : 953 MB
MEM+SWAP  : 968 MB
cache 828878848
rss 171061248
rss_huge 0
mapped_file 335872
writeback 33226752
swap 16105472
pgpgin 4745177
pgpgout 4501050
pgfault 1946317
pgmajfault 299
inactive_anon 85671936
active_anon 85381120
inactive_file 305741824
active_file 523132928
unevictable 0
hierarchical_memory_limit 999997440
hierarchical_memsw_limit 9223372036854771712
total_cache 828878848
total_rss 171065344
total_rss_huge 0
total_mapped_file 335872
total_writeback 33226752
total_swap 16105472
total_pgpgin 4745177
total_pgpgout 4501051
total_pgfault 1946317
total_pgmajfault 299
total_inactive_anon 85671936
total_active_anon 85389312
total_inactive_file 305741824
total_active_file 523132928
total_unevictable 0
--------------------BLKIO-----------------------
11:0 Read 0
11:0 Write 0
11:0 Sync 0
11:0 Async 0
11:0 Total 0
253:0 Read 4911886336
253:0 Write 16613376
253:0 Sync 0
253:0 Async 4928499712
253:0 Total 4928499712
Total 4928499712
--------------------CPUAC-----------------------
user 1244
system 8284
 
--------------------MEMCG-----------------------
MEM ONLY  : 953 MB
MEM+SWAP  : 974 MB
cache 834215936
rss 165683200
rss_huge 0
mapped_file 421888
writeback 51220480
swap 21483520
pgpgin 5781537
pgpgout 5537421
pgfault 2579834
pgmajfault 316
inactive_anon 82948096
active_anon 82739200
inactive_file 311513088
active_file 522698752
unevictable 0
hierarchical_memory_limit 999997440
hierarchical_memsw_limit 9223372036854771712
total_cache 834215936
total_rss 165683200
total_rss_huge 0
total_mapped_file 421888
total_writeback 51220480
total_swap 21483520
total_pgpgin 5781537
total_pgpgout 5537421
total_pgfault 2579834
total_pgmajfault 316
total_inactive_anon 82948096
total_active_anon 82739200
total_inactive_file 311513088
total_active_file 522698752
total_unevictable 0
--------------------BLKIO-----------------------
11:0 Read 0
11:0 Write 0
11:0 Sync 0
11:0 Async 0
11:0 Total 0
253:0 Read 5743808512
253:0 Write 21884928
253:0 Sync 0
253:0 Async 5765693440
253:0 Total 5765693440
Total 5765693440
--------------------CPUAC-----------------------
user 1559
system 10940
 
--------------------MEMCG-----------------------
MEM ONLY  : 953 MB
MEM+SWAP  : 977 MB
cache 837550080
rss 162279424
rss_huge 0
mapped_file 712704
writeback 0
swap 24883200
pgpgin 6738864
pgpgout 6494766
pgfault 3224615
pgmajfault 331
inactive_anon 81195008
active_anon 81084416
inactive_file 316149760
active_file 521396224
unevictable 0
hierarchical_memory_limit 999997440
hierarchical_memsw_limit 9223372036854771712
total_cache 837550080
total_rss 162275328
total_rss_huge 0
total_mapped_file 712704
total_writeback 0
total_swap 24883200
total_pgpgin 6738864
total_pgpgout 6494766
total_pgfault 3224615
total_pgmajfault 331
total_inactive_anon 81195008
total_active_anon 81084416
total_inactive_file 316149760
total_active_file 521396224
total_unevictable 0
--------------------BLKIO-----------------------
11:0 Read 0
11:0 Write 0
11:0 Sync 0
11:0 Async 0
11:0 Total 0
253:0 Read 6712832000
253:0 Write 25157632
253:0 Sync 0
253:0 Async 6737989632
253:0 Total 6737989632
Total 6737989632
--------------------CPUAC-----------------------
user 1908
system 13592
 
--------------------MEMCG-----------------------
MEM ONLY  : 953 MB
MEM+SWAP  : 977 MB
cache 838193152
rss 161615872
rss_huge 0
mapped_file 376832
writeback 0
swap 25546752
pgpgin 7790428
pgpgout 7546334
pgfault 3854336
pgmajfault 345
inactive_anon 80961536
active_anon 80658432
inactive_file 320000000
active_file 518189056
unevictable 0
hierarchical_memory_limit 999997440
hierarchical_memsw_limit 9223372036854771712
total_cache 838193152
total_rss 161615872
total_rss_huge 0
total_mapped_file 376832
total_writeback 0
total_swap 25546752
total_pgpgin 7790428
total_pgpgout 7546334
total_pgfault 3854336
total_pgmajfault 345
total_inactive_anon 80961536
total_active_anon 80658432
total_inactive_file 320000000
total_active_file 518189056
total_unevictable 0
--------------------BLKIO-----------------------
11:0 Read 0
11:0 Write 0
11:0 Sync 0
11:0 Async 0
11:0 Total 0
253:0 Read 7749742592
253:0 Write 26001408
253:0 Sync 0
253:0 Async 7775744000
253:0 Total 7775744000
Total 7775744000
--------------------CPUAC-----------------------
user 2262
system 16229
 
--------------------MEMCG-----------------------
MEM ONLY  : 953 MB
MEM+SWAP  : 977 MB
cache 837332992
rss 162467840
rss_huge 0
mapped_file 401408
writeback 0
swap 24690688
pgpgin 8756710
pgpgout 8512617
pgfault 4489067
pgmajfault 395
inactive_anon 81416192
active_anon 81055744
inactive_file 314482688
active_file 522846208
unevictable 0
hierarchical_memory_limit 999997440
hierarchical_memsw_limit 9223372036854771712
total_cache 837332992
total_rss 162476032
total_rss_huge 0
total_mapped_file 401408
total_writeback 0
total_swap 24690688
total_pgpgin 8756711
total_pgpgout 8512617
total_pgfault 4489069
total_pgmajfault 395
total_inactive_anon 81416192
total_active_anon 81055744
total_inactive_file 314482688
total_active_file 522846208
total_unevictable 0
--------------------BLKIO-----------------------
11:0 Read 0
11:0 Write 0
11:0 Sync 0
11:0 Async 0
11:0 Total 0
253:0 Read 8687083520
253:0 Write 26152960
253:0 Sync 0
253:0 Async 8713236480
253:0 Total 8713236480
Total 8713236480
--------------------CPUAC-----------------------
user 2596
system 18864
 
--------------------MEMCG-----------------------
MEM ONLY  : 953 MB
MEM+SWAP  : 977 MB
cache 838086656
rss 161599488
rss_huge 0
mapped_file 544768
writeback 0
swap 25563136
pgpgin 9717131
pgpgout 9473067
pgfault 5111197
pgmajfault 412
inactive_anon 80969728
active_anon 80633856
inactive_file 333901824
active_file 504070144
unevictable 0
hierarchical_memory_limit 999997440
hierarchical_memsw_limit 9223372036854771712
total_cache 838086656
total_rss 161595392
total_rss_huge 0
total_mapped_file 544768
total_writeback 0
total_swap 25563136
total_pgpgin 9717131
total_pgpgout 9473068
total_pgfault 5111197
total_pgmajfault 412
total_inactive_anon 80969728
total_active_anon 80629760
total_inactive_file 333901824
total_active_file 504070144
total_unevictable 0
--------------------BLKIO-----------------------
11:0 Read 0
11:0 Write 0
11:0 Sync 0
11:0 Async 0
11:0 Total 0
253:0 Read 9748086784
253:0 Write 27013120
253:0 Sync 0
253:0 Async 9775099904
253:0 Total 9775099904
Total 9775099904
--------------------CPUAC-----------------------
user 2912
system 21535
 
--------------------MEMCG-----------------------
MEM ONLY  : 953 MB
MEM+SWAP  : 979 MB
cache 840011776
rss 159883264
rss_huge 0
mapped_file 643072
writeback 0
swap 27283456
pgpgin 10750631
pgpgout 10506516
pgfault 5754418
pgmajfault 428
inactive_anon 80027648
active_anon 79859712
inactive_file 318689280
active_file 521318400
unevictable 0
hierarchical_memory_limit 999997440
hierarchical_memsw_limit 9223372036854771712
total_cache 840011776
total_rss 159883264
total_rss_huge 0
total_mapped_file 643072
total_writeback 0
total_swap 27283456
total_pgpgin 10750631
total_pgpgout 10506516
total_pgfault 5754418
total_pgmajfault 428
total_inactive_anon 80027648
total_active_anon 79859712
total_inactive_file 318689280
total_active_file 521318400
total_unevictable 0
--------------------BLKIO-----------------------
11:0 Read 0
11:0 Write 0
11:0 Sync 0
11:0 Async 0
11:0 Total 0
253:0 Read 10592870400
253:0 Write 28815360
253:0 Sync 0
253:0 Async 10621685760
253:0 Total 10621685760
Total 10621685760
--------------------CPUAC-----------------------
user 3238
system 24210
 
--------------------MEMCG-----------------------
MEM ONLY  : 953 MB
MEM+SWAP  : 981 MB
cache 842489856
rss 157417472
rss_huge 0
mapped_file 335872
writeback 47878144
swap 29749248
pgpgin 11861745
pgpgout 11617627
pgfault 6375773
pgmajfault 438
inactive_anon 78876672
active_anon 78540800
inactive_file 315506688
active_file 526979072
unevictable 0
hierarchical_memory_limit 999997440
hierarchical_memsw_limit 9223372036854771712
total_cache 842489856
total_rss 157417472
total_rss_huge 0
total_mapped_file 335872
total_writeback 47878144
total_swap 29749248
total_pgpgin 11861745
total_pgpgout 11617627
total_pgfault 6375773
total_pgmajfault 438
total_inactive_anon 78876672
total_active_anon 78540800
total_inactive_file 315506688
total_active_file 526979072
total_unevictable 0
--------------------BLKIO-----------------------
11:0 Read 0
11:0 Write 0
11:0 Sync 0
11:0 Async 0
11:0 Total 0
253:0 Read 11440644096
253:0 Write 31256576
253:0 Sync 0
253:0 Async 11471900672
253:0 Total 11471900672
Total 11471900672
--------------------CPUAC-----------------------
user 3548
system 26863
 
--------------------MEMCG-----------------------
MEM ONLY  : 953 MB
MEM+SWAP  : 983 MB
cache 843870208
rss 156127232
rss_huge 0
mapped_file 585728
writeback 0
swap 31039488
pgpgin 12876113
pgpgout 12631973
pgfault 7000149
pgmajfault 458
inactive_anon 78278656
active_anon 77852672
inactive_file 346554368
active_file 497250304
unevictable 0
hierarchical_memory_limit 999997440
hierarchical_memsw_limit 9223372036854771712
total_cache 843870208
total_rss 156127232
total_rss_huge 0
total_mapped_file 585728
total_writeback 0
total_swap 31039488
total_pgpgin 12876113
total_pgpgout 12631973
total_pgfault 7000149
total_pgmajfault 458
total_inactive_anon 78278656
total_active_anon 77852672
total_inactive_file 346554368
total_active_file 497250304
total_unevictable 0
--------------------BLKIO-----------------------
11:0 Read 0
11:0 Write 0
11:0 Sync 0
11:0 Async 0
11:0 Total 0
253:0 Read 12361863168
253:0 Write 32292864
253:0 Sync 0
253:0 Async 12394156032
253:0 Total 12394156032
Total 12394156032
--------------------CPUAC-----------------------
user 3845
system 29496
 
--------------------MEMCG-----------------------
MEM ONLY  : 953 MB
MEM+SWAP  : 983 MB
cache 844337152
rss 155316224
rss_huge 0
mapped_file 335872
writeback 0
swap 31846400
pgpgin 13944390
pgpgout 13700334
pgfault 7616978
pgmajfault 468
inactive_anon 77873152
active_anon 77447168
inactive_file 356114432
active_file 488218624
unevictable 0
hierarchical_memory_limit 999997440
hierarchical_memsw_limit 9223372036854771712
total_cache 844337152
total_rss 155316224
total_rss_huge 0
total_mapped_file 335872
total_writeback 0
total_swap 31846400
total_pgpgin 13944390
total_pgpgout 13700334
total_pgfault 7616978
total_pgmajfault 468
total_inactive_anon 77873152
total_active_anon 77447168
total_inactive_file 356114432
total_active_file 488218624
total_unevictable 0
--------------------BLKIO-----------------------
11:0 Read 0
11:0 Write 0
11:0 Sync 0
11:0 Async 0
11:0 Total 0
253:0 Read 13285462016
253:0 Write 33107968
253:0 Sync 0
253:0 Async 13318569984
253:0 Total 13318569984
Total 13318569984
--------------------CPUAC-----------------------
user 4157
system 32170
 
--------------------MEMCG-----------------------
MEM ONLY  : 953 MB
MEM+SWAP  : 984 MB
cache 845115392
rss 154648576
rss_huge 0
mapped_file 471040
writeback 17424384
swap 32514048
pgpgin 14967008
pgpgout 14722925
pgfault 8261804
pgmajfault 487
inactive_anon 77463552
active_anon 77189120
inactive_file 343085056
active_file 502026240
unevictable 0
hierarchical_memory_limit 999997440
hierarchical_memsw_limit 9223372036854771712
total_cache 845115392
total_rss 154648576
total_rss_huge 0
total_mapped_file 471040
total_writeback 17424384
total_swap 32514048
total_pgpgin 14967008
total_pgpgout 14722925
total_pgfault 8261804
total_pgmajfault 487
total_inactive_anon 77463552
total_active_anon 77189120
total_inactive_file 343085056
total_active_file 502026240
total_unevictable 0
--------------------BLKIO-----------------------
11:0 Read 0
11:0 Write 0
11:0 Sync 0
11:0 Async 0
11:0 Total 0
253:0 Read 14112395264
253:0 Write 33763328
253:0 Sync 0
253:0 Async 14146158592
253:0 Total 14146158592
Total 14146158592
--------------------CPUAC-----------------------
user 4470
system 34859
 
--------------------MEMCG-----------------------
MEM ONLY  : 953 MB
MEM+SWAP  : 985 MB
cache 845856768
rss 153972736
rss_huge 0
mapped_file 585728
writeback 0
swap 33189888
pgpgin 15919436
pgpgout 15675337
pgfault 8908492
pgmajfault 497
inactive_anon 77189120
active_anon 76787712
inactive_file 331988992
active_file 513863680
unevictable 0
hierarchical_memory_limit 999997440
hierarchical_memsw_limit 9223372036854771712
total_cache 845856768
total_rss 153972736
total_rss_huge 0
total_mapped_file 585728
total_writeback 0
total_swap 33189888
total_pgpgin 15919436
total_pgpgout 15675337
total_pgfault 8908492
total_pgmajfault 497
total_inactive_anon 77189120
total_active_anon 76787712
total_inactive_file 331988992
total_active_file 513863680
total_unevictable 0
--------------------BLKIO-----------------------
11:0 Read 0
11:0 Write 0
11:0 Sync 0
11:0 Async 0
11:0 Total 0
253:0 Read 15054647296
253:0 Write 34451456
253:0 Sync 0
253:0 Async 15089098752
253:0 Total 15089098752
Total 15089098752
--------------------CPUAC-----------------------
user 4805
system 37525
 
--------------------MEMCG-----------------------
MEM ONLY  : 953 MB
MEM+SWAP  : 986 MB
cache 846942208
rss 152932352
rss_huge 0
mapped_file 364544
writeback 0
swap 34230272
pgpgin 16945147
pgpgout 16701036
pgfault 9542307
pgmajfault 511
inactive_anon 76709888
active_anon 76226560
inactive_file 334774272
active_file 512163840
unevictable 0
hierarchical_memory_limit 999997440
hierarchical_memsw_limit 9223372036854771712
total_cache 846950400
total_rss 152932352
total_rss_huge 0
total_mapped_file 364544
total_writeback 0
total_swap 34230272
total_pgpgin 16945148
total_pgpgout 16701036
total_pgfault 9542307
total_pgmajfault 511
total_inactive_anon 76709888
total_active_anon 76226560
total_inactive_file 334774272
total_active_file 512163840
total_unevictable 0
--------------------BLKIO-----------------------
11:0 Read 0
11:0 Write 0
11:0 Sync 0
11:0 Async 0
11:0 Total 0
253:0 Read 15968907264
253:0 Write 35540992
253:0 Sync 0
253:0 Async 16004448256
253:0 Total 16004448256
Total 16004448256
--------------------CPUAC-----------------------
user 5140
system 40190
 
--------------------MEMCG-----------------------
MEM ONLY  : 953 MB
MEM+SWAP  : 986 MB
cache 846831616
rss 153047040
rss_huge 0
mapped_file 421888
writeback 0
swap 34123776
pgpgin 17946556
pgpgout 17702446
pgfault 10178465
pgmajfault 544
inactive_anon 76816384
active_anon 76230656
inactive_file 329183232
active_file 517644288
unevictable 0
hierarchical_memory_limit 999997440
hierarchical_memsw_limit 9223372036854771712
total_cache 846831616
total_rss 153042944
total_rss_huge 0
total_mapped_file 421888
total_writeback 0
total_swap 34123776
total_pgpgin 17946556
total_pgpgout 17702446
total_pgfault 10178465
total_pgmajfault 544
total_inactive_anon 76816384
total_active_anon 76230656
total_inactive_file 329183232
total_active_file 517644288
total_unevictable 0
--------------------BLKIO-----------------------
11:0 Read 0
11:0 Write 0
11:0 Sync 0
11:0 Async 0
11:0 Total 0
253:0 Read 17044156416
253:0 Write 36077568
253:0 Sync 0
253:0 Async 17080233984
253:0 Total 17080233984
Total 17080233984
--------------------CPUAC-----------------------
user 5464
system 42833
 
--------------------MEMCG-----------------------
MEM ONLY  : 953 MB
MEM+SWAP  : 986 MB
cache 847118336
rss 152862720
rss_huge 0
mapped_file 413696
writeback 0
swap 34304000
pgpgin 18883312
pgpgout 18639175
pgfault 10815117
pgmajfault 556
inactive_anon 76636160
active_anon 76226560
inactive_file 327290880
active_file 519823360
unevictable 0
hierarchical_memory_limit 999997440
hierarchical_memsw_limit 9223372036854771712
total_cache 847118336
total_rss 152862720
total_rss_huge 0
total_mapped_file 413696
total_writeback 0
total_swap 34304000
total_pgpgin 18883312
total_pgpgout 18639176
total_pgfault 10815117
total_pgmajfault 556
total_inactive_anon 76636160
total_active_anon 76230656
total_inactive_file 327290880
total_active_file 519823360
total_unevictable 0
--------------------BLKIO-----------------------
11:0 Read 0
11:0 Write 0
11:0 Sync 0
11:0 Async 0
11:0 Total 0
253:0 Read 18134007808
253:0 Write 36278272
253:0 Sync 0
253:0 Async 18170286080
253:0 Total 18170286080
Total 18170286080
--------------------CPUAC-----------------------
user 5806
system 45491
 
--------------------MEMCG-----------------------
MEM ONLY  : 953 MB
MEM+SWAP  : 986 MB
cache 847568896
rss 152276992
rss_huge 0
mapped_file 356352
writeback 0
swap 34889728
pgpgin 19857981
pgpgout 19613876
pgfault 11449026
pgmajfault 564
inactive_anon 76337152
active_anon 75943936
inactive_file 323584000
active_file 523935744
unevictable 0
hierarchical_memory_limit 999997440
hierarchical_memsw_limit 9223372036854771712
total_cache 847577088
total_rss 152276992
total_rss_huge 0
total_mapped_file 356352
total_writeback 0
total_swap 34889728
total_pgpgin 19857981
total_pgpgout 19613876
total_pgfault 11449026
total_pgmajfault 564
total_inactive_anon 76337152
total_active_anon 75943936
total_inactive_file 323584000
total_active_file 523935744
total_unevictable 0
--------------------BLKIO-----------------------
11:0 Read 0
11:0 Write 0
11:0 Sync 0
11:0 Async 0
11:0 Total 0
253:0 Read 19008757760
253:0 Write 36843520
253:0 Sync 0
253:0 Async 19045601280
253:0 Total 19045601280
Total 19045601280
--------------------CPUAC-----------------------
user 6139
system 48129
 
--------------------MEMCG-----------------------
MEM ONLY  : 953 MB
MEM+SWAP  : 986 MB
cache 847585280
rss 152023040
rss_huge 0
mapped_file 491520
writeback 29409280
swap 35143680
pgpgin 20876192
pgpgout 20632147
pgfault 12068302
pgmajfault 607
inactive_anon 76353536
active_anon 75673600
inactive_file 358735872
active_file 488845312
unevictable 0
hierarchical_memory_limit 999997440
hierarchical_memsw_limit 9223372036854771712
total_cache 847585280
total_rss 152023040
total_rss_huge 0
total_mapped_file 491520
total_writeback 29409280
total_swap 35143680
total_pgpgin 20876192
total_pgpgout 20632147
total_pgfault 12068302
total_pgmajfault 607
total_inactive_anon 76353536
total_active_anon 75673600
total_inactive_file 358735872
total_active_file 488845312
total_unevictable 0
--------------------BLKIO-----------------------
11:0 Read 0
11:0 Write 0
11:0 Sync 0
11:0 Async 0
11:0 Total 0
253:0 Read 19952480256
253:0 Write 37699584
253:0 Sync 0
253:0 Async 19990179840
253:0 Total 19990179840
Total 19990179840
--------------------CPUAC-----------------------
user 6458
system 50768
 
--------------------MEMCG-----------------------
MEM ONLY  : 953 MB
MEM+SWAP  : 989 MB
cache 850104320
rss 149786624
rss_huge 0
mapped_file 364544
writeback 0
swap 37376000
pgpgin 21999115
pgpgout 21755001
pgfault 12726470
pgmajfault 611
inactive_anon 75132928
active_anon 74657792
inactive_file 337649664
active_file 512450560
unevictable 0
hierarchical_memory_limit 999997440
hierarchical_memsw_limit 9223372036854771712
total_cache 850104320
total_rss 149786624
total_rss_huge 0
total_mapped_file 364544
total_writeback 0
total_swap 37376000
total_pgpgin 21999115
total_pgpgout 21755001
total_pgfault 12726470
total_pgmajfault 611
total_inactive_anon 75132928
total_active_anon 74657792
total_inactive_file 337649664
total_active_file 512450560
total_unevictable 0
--------------------BLKIO-----------------------
11:0 Read 0
11:0 Write 0
11:0 Sync 0
11:0 Async 0
11:0 Total 0
253:0 Read 20393549824
253:0 Write 39927808
253:0 Sync 0
253:0 Async 20433477632
253:0 Total 20433477632
Total 20433477632
--------------------CPUAC-----------------------
user 6814
system 53408
 
--------------------MEMCG-----------------------
MEM ONLY  : 953 MB
MEM+SWAP  : 989 MB
cache 850321408
rss 149618688
rss_huge 0
mapped_file 393216
writeback 0
swap 37539840
pgpgin 22914609
pgpgout 22670483
pgfault 13368936
pgmajfault 624
inactive_anon 75112448
active_anon 74510336
inactive_file 330461184
active_file 519847936
unevictable 0
hierarchical_memory_limit 999997440
hierarchical_memsw_limit 9223372036854771712
total_cache 850321408
total_rss 149618688
total_rss_huge 0
total_mapped_file 393216
total_writeback 0
total_swap 37539840
total_pgpgin 22914609
total_pgpgout 22670483
total_pgfault 13368936
total_pgmajfault 624
total_inactive_anon 75112448
total_active_anon 74510336
total_inactive_file 330461184
total_active_file 519835648
total_unevictable 0
--------------------BLKIO-----------------------
11:0 Read 0
11:0 Write 0
11:0 Sync 0
11:0 Async 0
11:0 Total 0
253:0 Read 21411590144
253:0 Write 40067072
253:0 Sync 0
253:0 Async 21451657216
253:0 Total 21451657216
Total 21451657216
--------------------CPUAC-----------------------
user 7144
system 56078
 
--------------------MEMCG-----------------------
MEM ONLY  : 953 MB
MEM+SWAP  : 990 MB
cache 850972672
rss 148992000
rss_huge 0
mapped_file 372736
writeback 0
swap 38170624
pgpgin 23980120
pgpgout 23735988
pgfault 14003655
pgmajfault 636
inactive_anon 74809344
active_anon 74186752
inactive_file 326279168
active_file 524689408
unevictable 0
hierarchical_memory_limit 999997440
hierarchical_memsw_limit 9223372036854771712
total_cache 850972672
total_rss 148992000
total_rss_huge 0
total_mapped_file 372736
total_writeback 0
total_swap 38170624
total_pgpgin 23980120
total_pgpgout 23735989
total_pgfault 14003655
total_pgmajfault 636
total_inactive_anon 74809344
total_active_anon 74182656
total_inactive_file 326279168
total_active_file 524689408
total_unevictable 0
--------------------BLKIO-----------------------
11:0 Read 0
11:0 Write 0
11:0 Sync 0
11:0 Async 0
11:0 Total 0
253:0 Read 22137040896
253:0 Write 40689664
253:0 Sync 0
253:0 Async 22177730560
253:0 Total 22177730560
Total 22177730560
--------------------CPUAC-----------------------
user 7438
system 58709
 
--------------------MEMCG-----------------------
MEM ONLY  : 953 MB
MEM+SWAP  : 990 MB
cache 851156992
rss 148807680
rss_huge 0
mapped_file 376832
writeback 0
swap 38350848
pgpgin 24979462
pgpgout 24735330
pgfault 14647954
pgmajfault 653
inactive_anon 74678272
active_anon 74133504
inactive_file 331321344
active_file 519831552
unevictable 0
hierarchical_memory_limit 999997440
hierarchical_memsw_limit 9223372036854771712
total_cache 851156992
total_rss 148807680
total_rss_huge 0
total_mapped_file 376832
total_writeback 0
total_swap 38350848
total_pgpgin 24979462
total_pgpgout 24735330
total_pgfault 14647954
total_pgmajfault 653
total_inactive_anon 74678272
total_active_anon 74133504
total_inactive_file 331321344
total_active_file 519831552
total_unevictable 0
--------------------BLKIO-----------------------
11:0 Read 0
11:0 Write 0
11:0 Sync 0
11:0 Async 0
11:0 Total 0
253:0 Read 22981668864
253:0 Write 40914944
253:0 Sync 0
253:0 Async 23022583808
253:0 Total 23022583808
Total 23022583808
--------------------CPUAC-----------------------
user 7740
system 61388
 
--------------------MEMCG-----------------------
MEM ONLY  : 953 MB
MEM+SWAP  : 991 MB
cache 852004864
rss 147775488
rss_huge 0
mapped_file 585728
writeback 39362560
swap 39387136
pgpgin 25991607
pgpgout 25747520
pgfault 15262343
pgmajfault 673
inactive_anon 74088448
active_anon 73687040
inactive_file 347271168
active_file 504721408
unevictable 0
hierarchical_memory_limit 999997440
hierarchical_memsw_limit 9223372036854771712
total_cache 852004864
total_rss 147771392
total_rss_huge 0
total_mapped_file 585728
total_writeback 39235584
total_swap 39387136
total_pgpgin 25991607
total_pgpgout 25747521
total_pgfault 15262343
total_pgmajfault 673
total_inactive_anon 74088448
total_active_anon 73687040
total_inactive_file 347271168
total_active_file 504721408
total_unevictable 0
--------------------BLKIO-----------------------
11:0 Read 0
11:0 Write 0
11:0 Sync 0
11:0 Async 0
11:0 Total 0
253:0 Read 23893217280
253:0 Write 42024960
253:0 Sync 0
253:0 Async 23935242240
253:0 Total 23935242240
Total 23935242240
--------------------CPUAC-----------------------
user 8051
system 64052
 
--------------------MEMCG-----------------------
MEM ONLY  : 953 MB
MEM+SWAP  : 991 MB
cache 852910080
rss 146886656
rss_huge 0
mapped_file 552960
writeback 0
swap 40275968
pgpgin 27016653
pgpgout 26772563
pgfault 15902852
pgmajfault 692
inactive_anon 73764864
active_anon 73121792
inactive_file 336445440
active_file 516460544
unevictable 0
hierarchical_memory_limit 999997440
hierarchical_memsw_limit 9223372036854771712
total_cache 852910080
total_rss 146882560
total_rss_huge 0
total_mapped_file 552960
total_writeback 0
total_swap 40275968
total_pgpgin 27016653
total_pgpgout 26772563
total_pgfault 15902852
total_pgmajfault 692
total_inactive_anon 73764864
total_active_anon 73121792
total_inactive_file 336445440
total_active_file 516460544
total_unevictable 0
--------------------BLKIO-----------------------
11:0 Read 0
11:0 Write 0
11:0 Sync 0
11:0 Async 0
11:0 Total 0
253:0 Read 24762519552
253:0 Write 42815488
253:0 Sync 0
253:0 Async 24805335040
253:0 Total 24805335040
Total 24805335040
--------------------CPUAC-----------------------
user 8390
system 66712
 
--------------------MEMCG-----------------------
MEM ONLY  : 953 MB
MEM+SWAP  : 992 MB
cache 852975616
rss 146890752
rss_huge 0
mapped_file 552960
writeback 0
swap 40275968
pgpgin 27940175
pgpgout 27696067
pgfault 16554373
pgmajfault 702
inactive_anon 73760768
active_anon 73134080
inactive_file 329916416
active_file 523055104
unevictable 0
hierarchical_memory_limit 999997440
hierarchical_memsw_limit 9223372036854771712
total_cache 852975616
total_rss 146890752
total_rss_huge 0
total_mapped_file 552960
total_writeback 0
total_swap 40275968
total_pgpgin 27940175
total_pgpgout 27696067
total_pgfault 16554373
total_pgmajfault 702
total_inactive_anon 73760768
total_active_anon 73134080
total_inactive_file 329916416
total_active_file 523055104
total_unevictable 0
--------------------BLKIO-----------------------
11:0 Read 0
11:0 Write 0
11:0 Sync 0
11:0 Async 0
11:0 Total 0
253:0 Read 25738338304
253:0 Write 42815488
253:0 Sync 0
253:0 Async 25781153792
253:0 Total 25781153792
Total 25781153792
--------------------CPUAC-----------------------
user 8730
system 69372
 
--------------------MEMCG-----------------------
MEM ONLY  : 953 MB
MEM+SWAP  : 991 MB
cache 853016576
rss 146948096
rss_huge 0
mapped_file 368640
writeback 0
swap 40214528
pgpgin 28941960
pgpgout 28697828
pgfault 17200130
pgmajfault 817
inactive_anon 73699328
active_anon 73256960
inactive_file 326299648
active_file 526708736
unevictable 0
hierarchical_memory_limit 999997440
hierarchical_memsw_limit 9223372036854771712
total_cache 853016576
total_rss 146948096
total_rss_huge 0
total_mapped_file 368640
total_writeback 0
total_swap 40214528
total_pgpgin 28941960
total_pgpgout 28697829
total_pgfault 17200130
total_pgmajfault 817
total_inactive_anon 73699328
total_active_anon 73252864
total_inactive_file 326299648
total_active_file 526708736
total_unevictable 0
--------------------BLKIO-----------------------
11:0 Read 0
11:0 Write 0
11:0 Sync 0
11:0 Async 0
11:0 Total 0
253:0 Read 26676891648
253:0 Write 43061248
253:0 Sync 0
253:0 Async 26719952896
253:0 Total 26719952896
Total 26719952896
--------------------CPUAC-----------------------
user 9066
system 72036
 
--------------------MEMCG-----------------------
MEM ONLY  : 953 MB
MEM+SWAP  : 992 MB
cache 853651456
rss 146333696
rss_huge 0
mapped_file 339968
writeback 0
swap 40837120
pgpgin 29910234
pgpgout 29666097
pgfault 17836172
pgmajfault 827
inactive_anon 73396224
active_anon 72945664
inactive_file 335552512
active_file 518090752
unevictable 0
hierarchical_memory_limit 999997440
hierarchical_memsw_limit 9223372036854771712
total_cache 853651456
total_rss 146333696
total_rss_huge 0
total_mapped_file 339968
total_writeback 0
total_swap 40837120
total_pgpgin 29910234
total_pgpgout 29666097
total_pgfault 17836172
total_pgmajfault 827
total_inactive_anon 73396224
total_active_anon 72945664
total_inactive_file 335552512
total_active_file 518090752
total_unevictable 0
--------------------BLKIO-----------------------
11:0 Read 0
11:0 Write 0
11:0 Sync 0
11:0 Async 0
11:0 Total 0
253:0 Read 27618775040
253:0 Write 43642880
253:0 Sync 0
253:0 Async 27662417920
253:0 Total 27662417920
Total 27662417920
--------------------CPUAC-----------------------
user 9404
system 74689
 
--------------------MEMCG-----------------------
MEM ONLY  : 953 MB
MEM+SWAP  : 993 MB
cache 854282240
rss 145543168
rss_huge 0
mapped_file 364544
writeback 0
swap 41623552
pgpgin 31083066
pgpgout 30838968
pgfault 18461367
pgmajfault 846
inactive_anon 72790016
active_anon 72761344
inactive_file 333684736
active_file 520589312
unevictable 0
hierarchical_memory_limit 999997440
hierarchical_memsw_limit 9223372036854771712
total_cache 854282240
total_rss 145543168
total_rss_huge 0
total_mapped_file 364544
total_writeback 0
total_swap 41623552
total_pgpgin 31083066
total_pgpgout 30838969
total_pgfault 18461367
total_pgmajfault 846
total_inactive_anon 72790016
total_active_anon 72757248
total_inactive_file 333684736
total_active_file 520589312
total_unevictable 0
--------------------BLKIO-----------------------
11:0 Read 0
11:0 Write 0
11:0 Sync 0
11:0 Async 0
11:0 Total 0
253:0 Read 28127350784
253:0 Write 44818432
253:0 Sync 0
253:0 Async 28172169216
253:0 Total 28172169216
Total 28172169216
--------------------CPUAC-----------------------
user 9720
system 77326
 
--------------------MEMCG-----------------------
MEM ONLY  : 953 MB
MEM+SWAP  : 993 MB
cache 854446080
rss 145375232
rss_huge 0
mapped_file 409600
writeback 0
swap 41791488
pgpgin 32015373
pgpgout 31771275
pgfault 19093585
pgmajfault 855
inactive_anon 72753152
active_anon 72630272
inactive_file 341807104
active_file 512630784
unevictable 0
hierarchical_memory_limit 999997440
hierarchical_memsw_limit 9223372036854771712
total_cache 854446080
total_rss 145375232
total_rss_huge 0
total_mapped_file 409600
total_writeback 0
total_swap 41791488
total_pgpgin 32015373
total_pgpgout 31771276
total_pgfault 19093585
total_pgmajfault 855
total_inactive_anon 72753152
total_active_anon 72630272
total_inactive_file 341807104
total_active_file 512630784
total_unevictable 0
--------------------BLKIO-----------------------
11:0 Read 0
11:0 Write 0
11:0 Sync 0
11:0 Async 0
11:0 Total 0
253:0 Read 29256372224
253:0 Write 44818432
253:0 Sync 0
253:0 Async 29301190656
253:0 Total 29301190656
Total 29301190656
--------------------CPUAC-----------------------
user 10062
system 79985
 
--------------------MEMCG-----------------------
MEM ONLY  : 953 MB
MEM+SWAP  : 994 MB
cache 855920640
rss 144035840
rss_huge 0
mapped_file 372736
writeback 0
swap 43130880
pgpgin 33067382
pgpgout 32823252
pgfault 19717141
pgmajfault 872
inactive_anon 72183808
active_anon 71852032
inactive_file 337154048
active_file 518758400
unevictable 0
hierarchical_memory_limit 999997440
hierarchical_memsw_limit 9223372036854771712
total_cache 855920640
total_rss 144039936
total_rss_huge 0
total_mapped_file 372736
total_writeback 0
total_swap 43130880
total_pgpgin 33067383
total_pgpgout 32823253
total_pgfault 19717141
total_pgmajfault 872
total_inactive_anon 72183808
total_active_anon 71860224
total_inactive_file 337154048
total_active_file 518758400
total_unevictable 0
--------------------BLKIO-----------------------
11:0 Read 0
11:0 Write 0
11:0 Sync 0
11:0 Async 0
11:0 Total 0
253:0 Read 29972684800
253:0 Write 46014464
253:0 Sync 0
253:0 Async 30018699264
253:0 Total 30018699264
Total 30018699264
--------------------CPUAC-----------------------
user 10355
system 82620
 
--------------------MEMCG-----------------------
MEM ONLY  : 953 MB
MEM+SWAP  : 995 MB
cache 856207360
rss 143749120
rss_huge 0
mapped_file 475136
writeback 0
swap 43417600
pgpgin 34061991
pgpgout 33817859
pgfault 20354042
pgmajfault 891
inactive_anon 72040448
active_anon 71716864
inactive_file 330055680
active_file 526102528
unevictable 0
hierarchical_memory_limit 999997440
hierarchical_memsw_limit 9223372036854771712
total_cache 856223744
total_rss 143749120
total_rss_huge 0
total_mapped_file 475136
total_writeback 0
total_swap 43417600
total_pgpgin 34061994
total_pgpgout 33817859
total_pgfault 20354042
total_pgmajfault 891
total_inactive_anon 72040448
total_active_anon 71716864
total_inactive_file 330113024
total_active_file 526102528
total_unevictable 0
--------------------BLKIO-----------------------
11:0 Read 0
11:0 Write 0
11:0 Sync 0
11:0 Async 0
11:0 Total 0
253:0 Read 30808793088
253:0 Write 46268416
253:0 Sync 0
253:0 Async 30855061504
253:0 Total 30855061504
Total 30855061504
--------------------CPUAC-----------------------
user 10685
system 85262
 
--------------------MEMCG-----------------------
MEM ONLY  : 953 MB
MEM+SWAP  : 995 MB
cache 856498176
rss 143450112
rss_huge 0
mapped_file 356352
writeback 54001664
swap 43716608
pgpgin 35129617
pgpgout 34885487
pgfault 20981729
pgmajfault 903
inactive_anon 71806976
active_anon 71651328
inactive_file 372326400
active_file 484159488
unevictable 0
hierarchical_memory_limit 999997440
hierarchical_memsw_limit 9223372036854771712
total_cache 856514560
total_rss 143450112
total_rss_huge 0
total_mapped_file 356352
total_writeback 54001664
total_swap 43716608
total_pgpgin 35129621
total_pgpgout 34885487
total_pgfault 20981729
total_pgmajfault 903
total_inactive_anon 71806976
total_active_anon 71651328
total_inactive_file 372326400
total_active_file 484159488
total_unevictable 0
--------------------BLKIO-----------------------
11:0 Read 0
11:0 Write 0
11:0 Sync 0
11:0 Async 0
11:0 Total 0
253:0 Read 31632056320
253:0 Write 46510080
253:0 Sync 0
253:0 Async 31678566400
253:0 Total 31678566400
Total 31678566400
--------------------CPUAC-----------------------
user 11017
system 87931
 
--------------------MEMCG-----------------------
MEM ONLY  : 953 MB
MEM+SWAP  : 995 MB
cache 856395776
rss 143454208
rss_huge 0
mapped_file 425984
writeback 0
swap 43716608
pgpgin 36103489
pgpgout 35859386
pgfault 21630202
pgmajfault 912
inactive_anon 71925760
active_anon 71532544
inactive_file 341704704
active_file 514682880
unevictable 0
hierarchical_memory_limit 999997440
hierarchical_memsw_limit 9223372036854771712
total_cache 856395776
total_rss 143450112
total_rss_huge 0
total_mapped_file 425984
total_writeback 0
total_swap 43716608
total_pgpgin 36103489
total_pgpgout 35859386
total_pgfault 21630202
total_pgmajfault 912
total_inactive_anon 71925760
total_active_anon 71532544
total_inactive_file 341704704
total_active_file 514682880
total_unevictable 0
--------------------BLKIO-----------------------
11:0 Read 0
11:0 Write 0
11:0 Sync 0
11:0 Async 0
11:0 Total 0
253:0 Read 32542744576
253:0 Write 46510080
253:0 Sync 0
253:0 Async 32589254656
253:0 Total 32589254656
Total 32589254656
--------------------CPUAC-----------------------
user 11358
system 90589
 
--------------------MEMCG-----------------------
MEM ONLY  : 953 MB
MEM+SWAP  : 995 MB
cache 856514560
rss 143405056
rss_huge 0
mapped_file 397312
writeback 0
swap 43761664
pgpgin 37051014
pgpgout 36806893
pgfault 22280654
pgmajfault 927
inactive_anon 71884800
active_anon 71528448
inactive_file 343695360
active_file 512811008
unevictable 0
hierarchical_memory_limit 999997440
hierarchical_memsw_limit 9223372036854771712
total_cache 856514560
total_rss 143405056
total_rss_huge 0
total_mapped_file 397312
total_writeback 0
total_swap 43761664
total_pgpgin 37051014
total_pgpgout 36806893
total_pgfault 22280654
total_pgmajfault 927
total_inactive_anon 71884800
total_active_anon 71528448
total_inactive_file 343695360
total_active_file 512811008
total_unevictable 0
--------------------BLKIO-----------------------
11:0 Read 0
11:0 Write 0
11:0 Sync 0
11:0 Async 0
11:0 Total 0
253:0 Read 33620578304
253:0 Write 46579712
253:0 Sync 0
253:0 Async 33667158016
253:0 Total 33667158016
Total 33667158016
--------------------CPUAC-----------------------
user 11678
system 93270
 
--------------------MEMCG-----------------------
MEM ONLY  : 953 MB
MEM+SWAP  : 995 MB
cache 856932352
rss 142979072
rss_huge 0
mapped_file 344064
writeback 0
swap 44183552
pgpgin 38058225
pgpgout 37814106
pgfault 22919665
pgmajfault 935
inactive_anon 71606272
active_anon 71380992
inactive_file 330813440
active_file 526110720
unevictable 0
hierarchical_memory_limit 999997440
hierarchical_memsw_limit 9223372036854771712
total_cache 856932352
total_rss 142979072
total_rss_huge 0
total_mapped_file 344064
total_writeback 0
total_swap 44183552
total_pgpgin 38058225
total_pgpgout 37814106
total_pgfault 22919665
total_pgmajfault 935
total_inactive_anon 71606272
total_active_anon 71380992
total_inactive_file 330813440
total_active_file 526110720
total_unevictable 0
--------------------BLKIO-----------------------
11:0 Read 0
11:0 Write 0
11:0 Sync 0
11:0 Async 0
11:0 Total 0
253:0 Read 34608205824
253:0 Write 47009792
253:0 Sync 0
253:0 Async 34655215616
253:0 Total 34655215616
Total 34655215616
--------------------CPUAC-----------------------
user 12009
system 95940
 
--------------------MEMCG-----------------------
MEM ONLY  : 953 MB
MEM+SWAP  : 995 MB
cache 857006080
rss 142786560
rss_huge 0
mapped_file 585728
writeback 12582912
swap 44371968
pgpgin 39127534
pgpgout 38883444
pgfault 23527634
pgmajfault 959
inactive_anon 71569408
active_anon 71225344
inactive_file 402751488
active_file 454221824
unevictable 0
hierarchical_memory_limit 999997440
hierarchical_memsw_limit 9223372036854771712
total_cache 857006080
total_rss 142786560
total_rss_huge 0
total_mapped_file 585728
total_writeback 12582912
total_swap 44371968
total_pgpgin 39127534
total_pgpgout 38883444
total_pgfault 23527634
total_pgmajfault 959
total_inactive_anon 71569408
total_active_anon 71225344
total_inactive_file 402751488
total_active_file 454221824
total_unevictable 0
--------------------BLKIO-----------------------
11:0 Read 0
11:0 Write 0
11:0 Sync 0
11:0 Async 0
11:0 Total 0
253:0 Read 35590393856
253:0 Write 47177728
253:0 Sync 0
253:0 Async 35637571584
253:0 Total 35637571584
Total 35637571584
--------------------CPUAC-----------------------
user 12337
system 98609
 
--------------------MEMCG-----------------------
MEM ONLY  : 953 MB
MEM+SWAP  : 998 MB
cache 859320320
rss 140566528
rss_huge 0
mapped_file 360448
writeback 0
swap 46600192
pgpgin 40227796
pgpgout 39983683
pgfault 24178425
pgmajfault 963
inactive_anon 70377472
active_anon 70197248
inactive_file 337809408
active_file 521502720
unevictable 0
hierarchical_memory_limit 999997440
hierarchical_memsw_limit 9223372036854771712
total_cache 859320320
total_rss 140566528
total_rss_huge 0
total_mapped_file 360448
total_writeback 0
total_swap 46600192
total_pgpgin 40227796
total_pgpgout 39983683
total_pgfault 24178425
total_pgmajfault 963
total_inactive_anon 70377472
total_active_anon 70197248
total_inactive_file 337809408
total_active_file 521502720
total_unevictable 0
--------------------BLKIO-----------------------
11:0 Read 0
11:0 Write 0
11:0 Sync 0
11:0 Async 0
11:0 Total 0
253:0 Read 36185604096
253:0 Write 49545216
253:0 Sync 0
253:0 Async 36235149312
253:0 Total 36235149312
Total 36235149312
--------------------CPUAC-----------------------
user 12674
system 101218
 
--------------------MEMCG-----------------------
MEM ONLY  : 953 MB
MEM+SWAP  : 998 MB
cache 859635712
rss 140288000
rss_huge 0
mapped_file 385024
writeback 52457472
swap 46882816
pgpgin 41255370
pgpgout 41011248
pgfault 24793801
pgmajfault 984
inactive_anon 70238208
active_anon 70057984
inactive_file 362242048
active_file 497254400
unevictable 0
hierarchical_memory_limit 999997440
hierarchical_memsw_limit 9223372036854771712
total_cache 859635712
total_rss 140288000
total_rss_huge 0
total_mapped_file 385024
total_writeback 52457472
total_swap 46882816
total_pgpgin 41255370
total_pgpgout 41011248
total_pgfault 24793801
total_pgmajfault 984
total_inactive_anon 70238208
total_active_anon 70057984
total_inactive_file 362242048
total_active_file 497254400
total_unevictable 0
--------------------BLKIO-----------------------
11:0 Read 0
11:0 Write 0
11:0 Sync 0
11:0 Async 0
11:0 Total 0
253:0 Read 37215543296
253:0 Write 49815552
253:0 Sync 0
253:0 Async 37265358848
253:0 Total 37265358848
Total 37265358848
--------------------CPUAC-----------------------
user 12994
system 103872
 
--------------------MEMCG-----------------------
MEM ONLY  : 953 MB
MEM+SWAP  : 1000 MB
cache 861368320
rss 138440704
rss_huge 0
mapped_file 438272
writeback 42045440
swap 48726016
pgpgin 42291123
pgpgout 42047029
pgfault 25399719
pgmajfault 996
inactive_anon 69353472
active_anon 69095424
inactive_file 349827072
active_file 511504384
unevictable 0
hierarchical_memory_limit 999997440
hierarchical_memsw_limit 9223372036854771712
total_cache 861368320
total_rss 138440704
total_rss_huge 0
total_mapped_file 438272
total_writeback 42045440
total_swap 48726016
total_pgpgin 42291123
total_pgpgout 42047029
total_pgfault 25399719
total_pgmajfault 996
total_inactive_anon 69353472
total_active_anon 69095424
total_inactive_file 349827072
total_active_file 511504384
total_unevictable 0
--------------------BLKIO-----------------------
11:0 Read 0
11:0 Write 0
11:0 Sync 0
11:0 Async 0
11:0 Total 0
253:0 Read 37957804032
253:0 Write 51814400
253:0 Sync 0
253:0 Async 38009618432
253:0 Total 38009618432
Total 38009618432
--------------------CPUAC-----------------------
user 13298
system 106437
 
--------------------MEMCG-----------------------
MEM ONLY  : 953 MB
MEM+SWAP  : 1000 MB
cache 861642752
rss 138125312
rss_huge 0
mapped_file 438272
writeback 0
swap 49037312
pgpgin 43250595
pgpgout 43006510
pgfault 26048552
pgmajfault 1008
inactive_anon 69214208
active_anon 68915200
inactive_file 362745856
active_file 498888704
unevictable 0
hierarchical_memory_limit 999997440
hierarchical_memsw_limit 9223372036854771712
total_cache 861642752
total_rss 138133504
total_rss_huge 0
total_mapped_file 438272
total_writeback 0
total_swap 49037312
total_pgpgin 43250596
total_pgpgout 43006511
total_pgfault 26048552
total_pgmajfault 1008
total_inactive_anon 69214208
total_active_anon 68923392
total_inactive_file 362745856
total_active_file 498888704
total_unevictable 0
--------------------BLKIO-----------------------
11:0 Read 0
11:0 Write 0
11:0 Sync 0
11:0 Async 0
11:0 Total 0
253:0 Read 38849388544
253:0 Write 52154368
253:0 Sync 0
253:0 Async 38901542912
253:0 Total 38901542912
Total 38901542912
--------------------CPUAC-----------------------
user 13620
system 109076
 
--------------------MEMCG-----------------------
MEM ONLY  : 953 MB
MEM+SWAP  : 1000 MB
cache 862089216
rss 137768960
rss_huge 0
mapped_file 368640
writeback 0
swap 49393664
pgpgin 44307244
pgpgout 44063138
pgfault 26681643
pgmajfault 1016
inactive_anon 69099520
active_anon 68677632
inactive_file 344928256
active_file 517152768
unevictable 0
hierarchical_memory_limit 999997440
hierarchical_memsw_limit 9223372036854771712
total_cache 862089216
total_rss 137768960
total_rss_huge 0
total_mapped_file 368640
total_writeback 0
total_swap 49393664
total_pgpgin 44307244
total_pgpgout 44063138
total_pgfault 26681643
total_pgmajfault 1016
total_inactive_anon 69099520
total_active_anon 68677632
total_inactive_file 344928256
total_active_file 517152768
total_unevictable 0
--------------------BLKIO-----------------------
11:0 Read 0
11:0 Write 0
11:0 Sync 0
11:0 Async 0
11:0 Total 0
253:0 Read 39893245952
253:0 Write 52453376
253:0 Sync 0
253:0 Async 39945699328
253:0 Total 39945699328
Total 39945699328
--------------------CPUAC-----------------------
user 13928
system 111736
 
--------------------MEMCG-----------------------
MEM ONLY  : 953 MB
MEM+SWAP  : 1001 MB
cache 862453760
rss 137478144
rss_huge 0
mapped_file 413696
writeback 0
swap 49684480
pgpgin 45287249
pgpgout 45043125
pgfault 27331715
pgmajfault 1028
inactive_anon 68939776
active_anon 68546560
inactive_file 350261248
active_file 512065536
unevictable 0
hierarchical_memory_limit 999997440
hierarchical_memsw_limit 9223372036854771712
total_cache 862453760
total_rss 137478144
total_rss_huge 0
total_mapped_file 413696
total_writeback 0
total_swap 49684480
total_pgpgin 45287249
total_pgpgout 45043125
total_pgfault 27331715
total_pgmajfault 1028
total_inactive_anon 68939776
total_active_anon 68546560
total_inactive_file 350261248
total_active_file 512065536
total_unevictable 0
--------------------BLKIO-----------------------
11:0 Read 0
11:0 Write 0
11:0 Sync 0
11:0 Async 0
11:0 Total 0
253:0 Read 40822644736
253:0 Write 52686848
253:0 Sync 0
253:0 Async 40875331584
253:0 Total 40875331584
Total 40875331584
--------------------CPUAC-----------------------
user 14266
system 114399
 
--------------------MEMCG-----------------------
MEM ONLY  : 953 MB
MEM+SWAP  : 1001 MB
cache 862564352
rss 137236480
rss_huge 0
mapped_file 499712
writeback 47837184
swap 49926144
pgpgin 46320931
pgpgout 46076839
pgfault 27940301
pgmajfault 1045
inactive_anon 68722688
active_anon 68517888
inactive_file 378826752
active_file 483729408
unevictable 0
hierarchical_memory_limit 999997440
hierarchical_memsw_limit 9223372036854771712
total_cache 862564352
total_rss 137244672
total_rss_huge 0
total_mapped_file 499712
total_writeback 47837184
total_swap 49926144
total_pgpgin 46320933
total_pgpgout 46076839
total_pgfault 27940302
total_pgmajfault 1045
total_inactive_anon 68722688
total_active_anon 68526080
total_inactive_file 378826752
total_active_file 483729408
total_unevictable 0
--------------------BLKIO-----------------------
11:0 Read 0
11:0 Write 0
11:0 Sync 0
11:0 Async 0
11:0 Total 0
253:0 Read 41903448064
253:0 Write 52961280
253:0 Sync 0
253:0 Async 41956409344
253:0 Total 41956409344
Total 41956409344
--------------------CPUAC-----------------------
user 14591
system 117065
 
--------------------MEMCG-----------------------
MEM ONLY  : 953 MB
MEM+SWAP  : 1001 MB
cache 862691328
rss 137117696
rss_huge 0
mapped_file 430080
writeback 0
swap 50040832
pgpgin 47274527
pgpgout 47030433
pgfault 28583570
pgmajfault 1060
inactive_anon 68739072
active_anon 68386816
inactive_file 349941760
active_file 512741376
unevictable 0
hierarchical_memory_limit 999997440
hierarchical_memsw_limit 9223372036854771712
total_cache 862695424
total_rss 137117696
total_rss_huge 0
total_mapped_file 430080
total_writeback 0
total_swap 50040832
total_pgpgin 47274528
total_pgpgout 47030433
total_pgfault 28583570
total_pgmajfault 1060
total_inactive_anon 68739072
total_active_anon 68386816
total_inactive_file 349941760
total_active_file 512741376
total_unevictable 0
--------------------BLKIO-----------------------
11:0 Read 0
11:0 Write 0
11:0 Sync 0
11:0 Async 0
11:0 Total 0
253:0 Read 42755952640
253:0 Write 53092352
253:0 Sync 0
253:0 Async 42809044992
253:0 Total 42809044992
Total 42809044992
--------------------CPUAC-----------------------
user 14929
system 119677
 
--------------------MEMCG-----------------------
MEM ONLY  : 953 MB
MEM+SWAP  : 1003 MB
cache 865202176
rss 134725632
rss_huge 0
mapped_file 335872
writeback 54611968
swap 52436992
pgpgin 48417688
pgpgout 48173565
pgfault 29184345
pgmajfault 1069
inactive_anon 67448832
active_anon 67280896
inactive_file 361721856
active_file 503472128
unevictable 0
hierarchical_memory_limit 999997440
hierarchical_memsw_limit 9223372036854771712
total_cache 865202176
total_rss 134725632
total_rss_huge 0
total_mapped_file 335872
total_writeback 54611968
total_swap 52436992
total_pgpgin 48417688
total_pgpgout 48173565
total_pgfault 29184345
total_pgmajfault 1069
total_inactive_anon 67448832
total_active_anon 67280896
total_inactive_file 361721856
total_active_file 503472128
total_unevictable 0
--------------------BLKIO-----------------------
11:0 Read 0
11:0 Write 0
11:0 Sync 0
11:0 Async 0
11:0 Total 0
253:0 Read 43326115840
253:0 Write 55250944
253:0 Sync 0
253:0 Async 43381366784
253:0 Total 43381366784
Total 43381366784
--------------------CPUAC-----------------------
user 15207
system 122223
 
--------------------MEMCG-----------------------
MEM ONLY  : 953 MB
MEM+SWAP  : 1003 MB
cache 865554432
rss 134418432
rss_huge 0
mapped_file 487424
writeback 0
swap 52748288
pgpgin 49333408
pgpgout 49089274
pgfault 29830468
pgmajfault 1086
inactive_anon 67448832
active_anon 66977792
inactive_file 340832256
active_file 524713984
unevictable 0
hierarchical_memory_limit 999997440
hierarchical_memsw_limit 9223372036854771712
total_cache 865554432
total_rss 134418432
total_rss_huge 0
total_mapped_file 487424
total_writeback 0
total_swap 52748288
total_pgpgin 49333408
total_pgpgout 49089274
total_pgfault 29830468
total_pgmajfault 1086
total_inactive_anon 67448832
total_active_anon 66977792
total_inactive_file 340832256
total_active_file 524713984
total_unevictable 0
--------------------BLKIO-----------------------
11:0 Read 0
11:0 Write 0
11:0 Sync 0
11:0 Async 0
11:0 Total 0
253:0 Read 44246896640
253:0 Write 55562240
253:0 Sync 0
253:0 Async 44302458880
253:0 Total 44302458880
Total 44302458880
--------------------CPUAC-----------------------
user 15542
system 124840
 
--------------------MEMCG-----------------------
MEM ONLY  : 953 MB
MEM+SWAP  : 1004 MB
cache 866459648
rss 133500928
rss_huge 0
mapped_file 376832
writeback 0
swap 53661696
pgpgin 50376287
pgpgout 50132156
pgfault 30434850
pgmajfault 1098
inactive_anon 66916352
active_anon 66592768
inactive_file 343150592
active_file 523300864
unevictable 0
hierarchical_memory_limit 999997440
hierarchical_memsw_limit 9223372036854771712
total_cache 866459648
total_rss 133500928
total_rss_huge 0
total_mapped_file 376832
total_writeback 0
total_swap 53661696
total_pgpgin 50376287
total_pgpgout 50132156
total_pgfault 30434850
total_pgmajfault 1098
total_inactive_anon 66916352
total_active_anon 66592768
total_inactive_file 343150592
total_active_file 523300864
total_unevictable 0
--------------------BLKIO-----------------------
11:0 Read 0
11:0 Write 0
11:0 Sync 0
11:0 Async 0
11:0 Total 0
253:0 Read 45003943936
253:0 Write 56672256
253:0 Sync 0
253:0 Async 45060616192
253:0 Total 45060616192
Total 45060616192
--------------------CPUAC-----------------------
user 15862
system 127394
 
--------------------MEMCG-----------------------
MEM ONLY  : 953 MB
MEM+SWAP  : 1005 MB
cache 866803712
rss 133185536
rss_huge 0
mapped_file 376832
writeback 0
swap 53981184
pgpgin 51365247
pgpgout 51121109
pgfault 31073377
pgmajfault 1114
inactive_anon 66830336
active_anon 66363392
inactive_file 350560256
active_file 516235264
unevictable 0
hierarchical_memory_limit 999997440
hierarchical_memsw_limit 9223372036854771712
total_cache 866803712
total_rss 133185536
total_rss_huge 0
total_mapped_file 376832
total_writeback 0
total_swap 53981184
total_pgpgin 51365247
total_pgpgout 51121109
total_pgfault 31073377
total_pgmajfault 1114
total_inactive_anon 66830336
total_active_anon 66363392
total_inactive_file 350560256
total_active_file 516235264
total_unevictable 0
--------------------BLKIO-----------------------
11:0 Read 0
11:0 Write 0
11:0 Sync 0
11:0 Async 0
11:0 Total 0
253:0 Read 45831536640
253:0 Write 56844288
253:0 Sync 0
253:0 Async 45888380928
253:0 Total 45888380928
Total 45888380928
--------------------CPUAC-----------------------
user 16181
system 130030
 
--------------------MEMCG-----------------------
MEM ONLY  : 953 MB
MEM+SWAP  : 1005 MB
cache 866672640
rss 133181440
rss_huge 0
mapped_file 372736
writeback 0
swap 53981184
pgpgin 52319042
pgpgout 52074937
pgfault 31716449
pgmajfault 1123
inactive_anon 66744320
active_anon 66445312
inactive_file 353001472
active_file 513662976
unevictable 0
hierarchical_memory_limit 999997440
hierarchical_memsw_limit 9223372036854771712
total_cache 866672640
total_rss 133181440
total_rss_huge 0
total_mapped_file 372736
total_writeback 0
total_swap 53981184
total_pgpgin 52319042
total_pgpgout 52074937
total_pgfault 31716449
total_pgmajfault 1123
total_inactive_anon 66744320
total_active_anon 66445312
total_inactive_file 353001472
total_active_file 513662976
total_unevictable 0
--------------------BLKIO-----------------------
11:0 Read 0
11:0 Write 0
11:0 Sync 0
11:0 Async 0
11:0 Total 0
253:0 Read 46793310208
253:0 Write 56844288
253:0 Sync 0
253:0 Async 46850154496
253:0 Total 46850154496
Total 46850154496
--------------------CPUAC-----------------------
user 16528
system 132685
 
--------------------MEMCG-----------------------
MEM ONLY  : 953 MB
MEM+SWAP  : 1005 MB
cache 866725888
rss 133103616
rss_huge 0
mapped_file 462848
writeback 0
swap 54059008
pgpgin 53356713
pgpgout 53112611
pgfault 32323810
pgmajfault 1144
inactive_anon 66662400
active_anon 66449408
inactive_file 392081408
active_file 474603520
unevictable 0
hierarchical_memory_limit 999997440
hierarchical_memsw_limit 9223372036854771712
total_cache 866742272
total_rss 133103616
total_rss_huge 0
total_mapped_file 462848
total_writeback 0
total_swap 54059008
total_pgpgin 53356714
total_pgpgout 53112611
total_pgfault 32323810
total_pgmajfault 1144
total_inactive_anon 66662400
total_active_anon 66449408
total_inactive_file 392081408
total_active_file 474603520
total_unevictable 0
--------------------BLKIO-----------------------
11:0 Read 0
11:0 Write 0
11:0 Sync 0
11:0 Async 0
11:0 Total 0
253:0 Read 47631777792
253:0 Write 56856576
253:0 Sync 0
253:0 Async 47688634368
253:0 Total 47688634368
Total 47688634368
--------------------CPUAC-----------------------
user 16795
system 135299
 
--------------------MEMCG-----------------------
MEM ONLY  : 953 MB
MEM+SWAP  : 1005 MB
cache 866709504
rss 133095424
rss_huge 0
mapped_file 438272
writeback 0
swap 54071296
pgpgin 54305683
pgpgout 54061590
pgfault 32957072
pgmajfault 1152
inactive_anon 66641920
active_anon 66461696
inactive_file 342134784
active_file 524566528
unevictable 0
hierarchical_memory_limit 999997440
hierarchical_memsw_limit 9223372036854771712
total_cache 866709504
total_rss 133095424
total_rss_huge 0
total_mapped_file 438272
total_writeback 0
total_swap 54071296
total_pgpgin 54305683
total_pgpgout 54061590
total_pgfault 32957072
total_pgmajfault 1152
total_inactive_anon 66641920
total_active_anon 66461696
total_inactive_file 342134784
total_active_file 524566528
total_unevictable 0
--------------------BLKIO-----------------------
11:0 Read 0
11:0 Write 0
11:0 Sync 0
11:0 Async 0
11:0 Total 0
253:0 Read 48588709888
253:0 Write 56864768
253:0 Sync 0
253:0 Async 48645574656
253:0 Total 48645574656
Total 48645574656
--------------------CPUAC-----------------------
user 17129
system 137920
 
--------------------MEMCG-----------------------
MEM ONLY  : 953 MB
MEM+SWAP  : 1004 MB
cache 866508800
rss 133279744
rss_huge 0
mapped_file 2596864
writeback 0
swap 53878784
pgpgin 55295511
pgpgout 55051422
pgfault 33610598
pgmajfault 1274
inactive_anon 67194880
active_anon 66097152
inactive_file 338903040
active_file 527593472
unevictable 0
hierarchical_memory_limit 999997440
hierarchical_memsw_limit 9223372036854771712
total_cache 866508800
total_rss 133279744
total_rss_huge 0
total_mapped_file 2596864
total_writeback 0
total_swap 53878784
total_pgpgin 55295511
total_pgpgout 55051422
total_pgfault 33610598
total_pgmajfault 1274
total_inactive_anon 67194880
total_active_anon 66097152
total_inactive_file 338903040
total_active_file 527593472
total_unevictable 0
--------------------BLKIO-----------------------
11:0 Read 0
11:0 Write 0
11:0 Sync 0
11:0 Async 0
11:0 Total 0
253:0 Read 49449058304
253:0 Write 56971264
253:0 Sync 0
253:0 Async 49506029568
253:0 Total 49506029568
Total 49506029568
--------------------CPUAC-----------------------
user 17464
system 140586
 
--------------------MEMCG-----------------------
MEM ONLY  : 953 MB
MEM+SWAP  : 1005 MB
cache 866729984
rss 133148672
rss_huge 0
mapped_file 339968
writeback 0
swap 54013952
pgpgin 56267400
pgpgout 56023289
pgfault 34257400
pgmajfault 1280
inactive_anon 67059712
active_anon 66101248
inactive_file 351916032
active_file 514801664
unevictable 0
hierarchical_memory_limit 999997440
hierarchical_memsw_limit 9223372036854771712
total_cache 866729984
total_rss 133148672
total_rss_huge 0
total_mapped_file 339968
total_writeback 0
total_swap 54013952
total_pgpgin 56267400
total_pgpgout 56023289
total_pgfault 34257400
total_pgmajfault 1280
total_inactive_anon 67059712
total_active_anon 66101248
total_inactive_file 351916032
total_active_file 514801664
total_unevictable 0
--------------------BLKIO-----------------------
11:0 Read 0
11:0 Write 0
11:0 Sync 0
11:0 Async 0
11:0 Total 0
253:0 Read 50362245120
253:0 Write 57077760
253:0 Sync 0
253:0 Async 50419322880
253:0 Total 50419322880
Total 50419322880
--------------------CPUAC-----------------------
user 17789
system 143262
 
--------------------MEMCG-----------------------
MEM ONLY  : 953 MB
MEM+SWAP  : 1005 MB
cache 867524608
rss 132395008
rss_huge 0
mapped_file 364544
writeback 0
swap 54767616
pgpgin 57253720
pgpgout 57009599
pgfault 34692678
pgmajfault 1295
inactive_anon 66449408
active_anon 65957888
inactive_file 341643264
active_file 525869056
unevictable 0
hierarchical_memory_limit 999997440
hierarchical_memsw_limit 9223372036854771712
total_cache 867524608
total_rss 132395008
total_rss_huge 0
total_mapped_file 364544
total_writeback 0
total_swap 54767616
total_pgpgin 57253720
total_pgpgout 57009599
total_pgfault 34692678
total_pgmajfault 1295
total_inactive_anon 66449408
total_active_anon 65957888
total_inactive_file 341585920
total_active_file 525926400
total_unevictable 0
--------------------BLKIO-----------------------
11:0 Read 0
11:0 Write 0
11:0 Sync 0
11:0 Async 0
11:0 Total 0
253:0 Read 50766880768
253:0 Write 58101760
253:0 Sync 0
253:0 Async 50824982528
253:0 Total 50824982528
Total 50824982528
--------------------CPUAC-----------------------
user 18002
system 145333
 
--------------------MEMCG-----------------------
MEM ONLY  : 953 MB
MEM+SWAP  : 1005 MB
cache 867467264
rss 132337664
rss_huge 0
mapped_file 397312
writeback 0
swap 54824960
pgpgin 58171242
pgpgout 57927148
pgfault 35336808
pgmajfault 1303
inactive_anon 66392064
active_anon 65949696
inactive_file 346955776
active_file 520499200
unevictable 0
hierarchical_memory_limit 999997440
hierarchical_memsw_limit 9223372036854771712
total_cache 867467264
total_rss 132337664
total_rss_huge 0
total_mapped_file 397312
total_writeback 0
total_swap 54824960
total_pgpgin 58171242
total_pgpgout 57927149
total_pgfault 35336808
total_pgmajfault 1303
total_inactive_anon 66392064
total_active_anon 65957888
total_inactive_file 346955776
total_active_file 520499200
total_unevictable 0
--------------------BLKIO-----------------------
11:0 Read 0
11:0 Write 0
11:0 Sync 0
11:0 Async 0
11:0 Total 0
253:0 Read 51786571776
253:0 Write 58101760
253:0 Sync 0
253:0 Async 51844673536
253:0 Total 51844673536
Total 51844673536
--------------------CPUAC-----------------------
user 18347
system 147989
 
--------------------MEMCG-----------------------
MEM ONLY  : 953 MB
MEM+SWAP  : 1007 MB
cache 869810176
rss 130117632
rss_huge 0
mapped_file 376832
writeback 0
swap 57044992
pgpgin 59178788
pgpgout 58934665
pgfault 35913568
pgmajfault 1320
inactive_anon 65249280
active_anon 64880640
inactive_file 360030208
active_file 509640704
unevictable 0
hierarchical_memory_limit 999997440
hierarchical_memsw_limit 9223372036854771712
total_cache 869810176
total_rss 130117632
total_rss_huge 0
total_mapped_file 376832
total_writeback 0
total_swap 57044992
total_pgpgin 59178788
total_pgpgout 58934665
total_pgfault 35913568
total_pgmajfault 1320
total_inactive_anon 65249280
total_active_anon 64880640
total_inactive_file 360030208
total_active_file 509640704
total_unevictable 0
--------------------BLKIO-----------------------
11:0 Read 0
11:0 Write 0
11:0 Sync 0
11:0 Async 0
11:0 Total 0
253:0 Read 52503650304
253:0 Write 60092416
253:0 Sync 0
253:0 Async 52563742720
253:0 Total 52563742720
Total 52563742720
--------------------CPUAC-----------------------
user 18631
system 150458
 
--------------------MEMCG-----------------------
MEM ONLY  : 953 MB
MEM+SWAP  : 1008 MB
cache 870031360
rss 129896448
rss_huge 0
mapped_file 450560
writeback 4194304
swap 57262080
pgpgin 60226795
pgpgout 59982672
pgfault 36528433
pgmajfault 1335
inactive_anon 65032192
active_anon 64876544
inactive_file 359440384
active_file 510455808
unevictable 0
hierarchical_memory_limit 999997440
hierarchical_memsw_limit 9223372036854771712
total_cache 870031360
total_rss 129896448
total_rss_huge 0
total_mapped_file 450560
total_writeback 4194304
total_swap 57262080
total_pgpgin 60226795
total_pgpgout 59982672
total_pgfault 36528433
total_pgmajfault 1335
total_inactive_anon 65032192
total_active_anon 64876544
total_inactive_file 359440384
total_active_file 510455808
total_unevictable 0
--------------------BLKIO-----------------------
11:0 Read 0
11:0 Write 0
11:0 Sync 0
11:0 Async 0
11:0 Total 0
253:0 Read 53416435712
253:0 Write 60280832
253:0 Sync 0
253:0 Async 53476716544
253:0 Total 53476716544
Total 53476716544
--------------------CPUAC-----------------------
user 18938
system 153116
 
