========== START: Container 1 Memory STATS ==============
cache 78483456
rss 292171776
rss_huge 0
mapped_file 37703680
writeback 0
pgpgin 187825
pgpgout 97333
pgfault 248012
pgmajfault 499
inactive_anon 45056
active_anon 292196352
inactive_file 62701568
active_file 15708160
unevictable 4096
hierarchical_memory_limit 1073741824
total_cache 78483456
total_rss 292171776
total_rss_huge 0
total_mapped_file 37703680
total_writeback 0
total_pgpgin 187825
total_pgpgout 97333
total_pgfault 248012
total_pgmajfault 499
total_inactive_anon 45056
total_active_anon 292196352
total_inactive_file 62701568
total_active_file 15708160
total_unevictable 4096
======== END Container STATS ======
java -cp /home/ubuntu/ycsb_mongo/mongodb-binding/conf:/home/ubuntu/ycsb_mongo/conf:/home/ubuntu/ycsb_mongo/lib/jackson-mapper-asl-1.9.4.jar:/home/ubuntu/ycsb_mongo/lib/jackson-core-asl-1.9.4.jar:/home/ubuntu/ycsb_mongo/lib/htrace-core4-4.1.0-incubating.jar:/home/ubuntu/ycsb_mongo/lib/core-0.12.0.jar:/home/ubuntu/ycsb_mongo/lib/HdrHistogram-2.1.4.jar:/home/ubuntu/ycsb_mongo/mongodb-binding/lib/mongo-java-driver-3.0.3.jar:/home/ubuntu/ycsb_mongo/mongodb-binding/lib/logback-core-1.1.2.jar:/home/ubuntu/ycsb_mongo/mongodb-binding/lib/mongodb-binding-0.12.0.jar:/home/ubuntu/ycsb_mongo/mongodb-binding/lib/logback-classic-1.1.2.jar:/home/ubuntu/ycsb_mongo/mongodb-binding/lib/mongodb-async-driver-2.0.1.jar:/home/ubuntu/ycsb_mongo/mongodb-binding/lib/slf4j-api-1.6.4.jar com.yahoo.ycsb.Client -db com.yahoo.ycsb.db.MongoDbClient -s -P /home/ubuntu/ycsb_mongo/workloads/workload1 -p mongodb.url=mongodb://10.0.3.220:27017/ycsb?w=0 -p maxexecutiontime=600 -threads 2 -t
YCSB Client 0.12.0
Command line: -db com.yahoo.ycsb.db.MongoDbClient -s -P /home/ubuntu/ycsb_mongo/workloads/workload1 -p mongodb.url=mongodb://10.0.3.220:27017/ycsb?w=0 -p maxexecutiontime=600 -threads 2 -t
Loading workload...
Starting test.
Maximum execution time specified as: 600 secs
2017-05-20 17:24:05:924 0 sec: 0 operations; est completion in 0 seconds 
mongo client connection created with mongodb://10.0.3.220:27017/ycsb?w=0
DBWrapper: report latency for each error is false and specific error codes to track for latency are: []
DBWrapper: report latency for each error is false and specific error codes to track for latency are: []
2017-05-20 17:24:15:901 10 sec: 1138 operations; 113.8 current ops/sec; est completion in 1 days [READ: Count=1138, Max=125247, Min=322, Avg=17056.94, 90=32655, 99=63135, 99.9=107071, 99.99=125247] 
2017-05-20 17:24:25:901 20 sec: 2682 operations; 154.4 current ops/sec; est completion in 20 hours 42 minutes [READ: Count=1544, Max=105087, Min=245, Avg=12937.61, 90=24703, 99=44575, 99.9=57471, 99.99=105087] 
2017-05-20 17:24:35:901 30 sec: 4286 operations; 160.4 current ops/sec; est completion in 19 hours 26 minutes [READ: Count=1604, Max=66047, Min=211, Avg=12445.18, 90=22591, 99=45983, 99.9=55679, 99.99=66047] 
2017-05-20 17:24:45:901 40 sec: 5944 operations; 165.8 current ops/sec; est completion in 18 hours 40 minutes [READ: Count=1659, Max=67839, Min=181, Avg=12046.89, 90=21631, 99=43487, 99.9=54527, 99.99=67839] 
2017-05-20 17:24:55:901 50 sec: 7621 operations; 167.7 current ops/sec; est completion in 18 hours 12 minutes [READ: Count=1677, Max=63103, Min=167, Avg=11909.38, 90=22127, 99=43487, 99.9=57983, 99.99=63103] 
2017-05-20 17:25:05:901 60 sec: 9324 operations; 170.3 current ops/sec; est completion in 17 hours 51 minutes [READ: Count=1703, Max=67071, Min=169, Avg=11726.85, 90=21887, 99=43199, 99.9=52319, 99.99=67071] 
2017-05-20 17:25:15:901 70 sec: 11111 operations; 178.7 current ops/sec; est completion in 17 hours 28 minutes [READ: Count=1786, Max=51775, Min=108, Avg=11185.45, 90=22623, 99=45343, 99.9=51071, 99.99=51775] 
2017-05-20 17:25:25:900 80 sec: 12859 operations; 174.8 current ops/sec; est completion in 17 hours 15 minutes [READ: Count=1748, Max=62239, Min=103, Avg=11439.6, 90=22575, 99=43039, 99.9=53151, 99.99=62239] 
2017-05-20 17:25:35:901 90 sec: 14695 operations; 183.6 current ops/sec; est completion in 16 hours 59 minutes [READ: Count=1836, Max=70463, Min=103, Avg=10881.48, 90=20591, 99=41567, 99.9=47487, 99.99=70463] 
2017-05-20 17:25:45:901 100 sec: 16577 operations; 188.2 current ops/sec; est completion in 16 hours 43 minutes [READ: Count=1882, Max=67519, Min=97, Avg=10631.3, 90=21215, 99=39583, 99.9=58783, 99.99=67519] 
2017-05-20 17:25:55:901 110 sec: 18462 operations; 188.5 current ops/sec; est completion in 16 hours 31 minutes [READ: Count=1885, Max=65471, Min=97, Avg=10606.09, 90=21039, 99=43263, 99.9=52511, 99.99=65471] 
2017-05-20 17:26:05:901 120 sec: 20431 operations; 196.9 current ops/sec; est completion in 16 hours 16 minutes [READ: Count=1969, Max=59007, Min=96, Avg=10152.02, 90=20783, 99=43263, 99.9=57023, 99.99=59007] 
2017-05-20 17:26:15:901 130 sec: 22505 operations; 207.4 current ops/sec; est completion in 16 hours [READ: Count=2074, Max=86335, Min=96, Avg=9638.59, 90=20447, 99=43327, 99.9=64735, 99.99=86335] 
2017-05-20 17:26:25:901 140 sec: 24573 operations; 206.8 current ops/sec; est completion in 15 hours 47 minutes [READ: Count=2069, Max=53663, Min=88, Avg=9671.01, 90=20351, 99=42047, 99.9=51903, 99.99=53663] 
2017-05-20 17:26:35:901 150 sec: 26713 operations; 214 current ops/sec; est completion in 15 hours 33 minutes [READ: Count=2139, Max=53055, Min=84, Avg=9342.34, 90=20079, 99=36095, 99.9=50751, 99.99=53055] 
2017-05-20 17:26:45:901 160 sec: 28928 operations; 221.5 current ops/sec; est completion in 15 hours 19 minutes [READ: Count=2215, Max=60159, Min=83, Avg=9031.43, 90=20191, 99=39679, 99.9=53759, 99.99=60159] 
2017-05-20 17:26:55:901 170 sec: 31263 operations; 233.5 current ops/sec; est completion in 15 hours 3 minutes [READ: Count=2335, Max=65855, Min=82, Avg=8552.69, 90=19727, 99=37279, 99.9=56383, 99.99=65855] 
2017-05-20 17:27:05:901 180 sec: 33566 operations; 230.3 current ops/sec; est completion in 14 hours 50 minutes [READ: Count=2303, Max=84799, Min=90, Avg=8674.7, 90=19855, 99=43583, 99.9=63455, 99.99=84799] 
2017-05-20 17:27:15:901 190 sec: 35796 operations; 223 current ops/sec; est completion in 14 hours 41 minutes [READ: Count=2230, Max=239231, Min=82, Avg=8980.63, 90=19775, 99=39039, 99.9=178175, 99.99=239231] 
2017-05-20 17:27:25:901 200 sec: 38086 operations; 229 current ops/sec; est completion in 14 hours 31 minutes [READ: Count=2290, Max=97855, Min=90, Avg=8722.93, 90=20319, 99=44703, 99.9=88319, 99.99=97855] 
2017-05-20 17:27:35:901 210 sec: 40344 operations; 225.8 current ops/sec; est completion in 14 hours 24 minutes [READ: Count=2258, Max=309759, Min=80, Avg=8863.48, 90=20415, 99=46911, 99.9=165887, 99.99=309759] 
2017-05-20 17:27:45:901 220 sec: 42526 operations; 218.2 current ops/sec; est completion in 14 hours 18 minutes [READ: Count=2182, Max=669183, Min=92, Avg=9162.25, 90=20783, 99=46879, 99.9=72895, 99.99=669183] 
2017-05-20 17:27:55:901 230 sec: 44919 operations; 239.3 current ops/sec; est completion in 14 hours 9 minutes [READ: Count=2394, Max=196607, Min=84, Avg=8353.44, 90=20239, 99=46623, 99.9=163071, 99.99=196607] 
2017-05-20 17:28:05:901 240 sec: 47038 operations; 211.9 current ops/sec; est completion in 14 hours 6 minutes [READ: Count=2118, Max=751615, Min=86, Avg=9422.15, 90=20959, 99=56351, 99.9=142207, 99.99=751615] 
2017-05-20 17:28:15:901 250 sec: 49351 operations; 231.3 current ops/sec; est completion in 14 hours [READ: Count=2313, Max=99647, Min=78, Avg=8661.3, 90=21087, 99=48735, 99.9=96511, 99.99=99647] 
2017-05-20 17:28:25:900 260 sec: 51531 operations; 218 current ops/sec; est completion in 13 hours 56 minutes [READ: Count=2180, Max=199423, Min=85, Avg=9163.88, 90=22175, 99=53247, 99.9=153855, 99.99=199423] 
2017-05-20 17:28:35:901 270 sec: 53651 operations; 212 current ops/sec; est completion in 13 hours 54 minutes [READ: Count=2120, Max=301567, Min=83, Avg=9437.42, 90=22303, 99=61503, 99.9=133759, 99.99=301567] 
2017-05-20 17:28:45:901 280 sec: 55643 operations; 199.2 current ops/sec; est completion in 13 hours 54 minutes [READ: Count=1992, Max=643071, Min=84, Avg=10026.52, 90=22639, 99=62015, 99.9=164223, 99.99=643071] 
2017-05-20 17:28:55:901 290 sec: 57869 operations; 222.6 current ops/sec; est completion in 13 hours 50 minutes [READ: Count=2226, Max=87359, Min=80, Avg=8985.73, 90=22607, 99=51039, 99.9=76863, 99.99=87359] 
2017-05-20 17:29:05:901 300 sec: 60024 operations; 215.5 current ops/sec; est completion in 13 hours 48 minutes [READ: Count=2155, Max=161407, Min=89, Avg=9275.22, 90=21535, 99=54015, 99.9=144511, 99.99=161407] 
2017-05-20 17:29:15:901 310 sec: 61936 operations; 191.2 current ops/sec; est completion in 13 hours 49 minutes [READ: Count=1912, Max=339967, Min=83, Avg=10466.6, 90=24527, 99=56671, 99.9=206335, 99.99=339967] 
2017-05-20 17:29:25:901 320 sec: 64014 operations; 207.8 current ops/sec; est completion in 13 hours 47 minutes [READ: Count=2078, Max=93887, Min=82, Avg=9605.87, 90=22959, 99=50175, 99.9=86335, 99.99=93887] 
2017-05-20 17:29:35:901 330 sec: 66010 operations; 199.6 current ops/sec; est completion in 13 hours 47 minutes [READ: Count=1996, Max=237439, Min=85, Avg=9989, 90=23887, 99=60063, 99.9=95551, 99.99=237439] 
2017-05-20 17:29:45:901 340 sec: 67978 operations; 196.8 current ops/sec; est completion in 13 hours 47 minutes [READ: Count=1968, Max=170751, Min=84, Avg=10201.92, 90=24335, 99=61631, 99.9=130559, 99.99=170751] 
2017-05-20 17:29:55:901 350 sec: 69941 operations; 196.3 current ops/sec; est completion in 13 hours 48 minutes [READ: Count=1963, Max=695295, Min=90, Avg=10171.3, 90=23519, 99=53983, 99.9=81407, 99.99=695295] 
2017-05-20 17:30:05:901 360 sec: 71952 operations; 201.1 current ops/sec; est completion in 13 hours 47 minutes [READ: Count=2011, Max=98879, Min=80, Avg=9954.81, 90=24671, 99=56095, 99.9=88319, 99.99=98879] 
2017-05-20 17:30:15:901 370 sec: 73824 operations; 187.2 current ops/sec; est completion in 13 hours 49 minutes [READ: Count=1872, Max=230015, Min=91, Avg=10689.03, 90=24703, 99=51519, 99.9=148863, 99.99=230015] 
2017-05-20 17:30:25:901 380 sec: 75701 operations; 187.7 current ops/sec; est completion in 13 hours 50 minutes [READ: Count=1877, Max=380927, Min=91, Avg=10645.15, 90=24895, 99=51519, 99.9=269823, 99.99=380927] 
2017-05-20 17:30:35:901 390 sec: 77604 operations; 190.3 current ops/sec; est completion in 13 hours 51 minutes [READ: Count=1903, Max=191743, Min=79, Avg=10506.99, 90=25231, 99=53247, 99.9=90239, 99.99=191743] 
2017-05-20 17:30:45:901 400 sec: 79450 operations; 184.6 current ops/sec; est completion in 13 hours 52 minutes [READ: Count=1846, Max=835071, Min=78, Avg=10840.9, 90=24271, 99=52031, 99.9=98367, 99.99=835071] 
2017-05-20 17:30:55:901 410 sec: 81454 operations; 200.4 current ops/sec; est completion in 13 hours 52 minutes [READ: Count=2004, Max=96255, Min=83, Avg=9965.71, 90=24111, 99=43135, 99.9=84223, 99.99=96255] 
2017-05-20 17:31:05:901 420 sec: 83386 operations; 193.2 current ops/sec; est completion in 13 hours 52 minutes [READ: Count=1932, Max=94527, Min=90, Avg=10361.82, 90=24543, 99=50143, 99.9=76031, 99.99=94527] 
2017-05-20 17:31:15:901 430 sec: 85219 operations; 183.3 current ops/sec; est completion in 13 hours 53 minutes [READ: Count=1833, Max=127039, Min=90, Avg=10903.45, 90=25487, 99=47935, 99.9=93119, 99.99=127039] 
2017-05-20 17:31:25:901 440 sec: 87069 operations; 185 current ops/sec; est completion in 13 hours 54 minutes [READ: Count=1850, Max=612863, Min=77, Avg=10808.29, 90=25823, 99=51199, 99.9=96959, 99.99=612863] 
2017-05-20 17:31:35:901 450 sec: 88956 operations; 188.7 current ops/sec; est completion in 13 hours 55 minutes [READ: Count=1887, Max=98239, Min=89, Avg=10595.2, 90=25215, 99=51487, 99.9=75839, 99.99=98239] 
2017-05-20 17:31:45:901 460 sec: 90866 operations; 191 current ops/sec; est completion in 13 hours 56 minutes [READ: Count=1910, Max=187519, Min=89, Avg=10472.25, 90=24559, 99=53535, 99.9=129727, 99.99=187519] 
2017-05-20 17:31:55:901 470 sec: 92699 operations; 183.3 current ops/sec; est completion in 13 hours 57 minutes [READ: Count=1833, Max=544767, Min=89, Avg=10911.71, 90=25567, 99=49567, 99.9=157183, 99.99=544767] 
2017-05-20 17:32:05:901 480 sec: 94560 operations; 186.1 current ops/sec; est completion in 13 hours 58 minutes [READ: Count=1861, Max=88831, Min=79, Avg=10738.6, 90=24511, 99=45759, 99.9=81535, 99.99=88831] 
2017-05-20 17:32:15:901 490 sec: 96481 operations; 192.1 current ops/sec; est completion in 13 hours 58 minutes [READ: Count=1921, Max=97087, Min=79, Avg=10411.41, 90=25599, 99=48895, 99.9=92415, 99.99=97087] 
2017-05-20 17:32:25:901 500 sec: 98175 operations; 169.4 current ops/sec; est completion in 14 hours [READ: Count=1694, Max=674815, Min=82, Avg=11804.29, 90=26687, 99=45759, 99.9=152831, 99.99=674815] 
2017-05-20 17:32:35:901 510 sec: 100108 operations; 193.3 current ops/sec; est completion in 14 hours [READ: Count=1933, Max=75583, Min=78, Avg=10342.36, 90=25151, 99=49183, 99.9=62527, 99.99=75583] 
2017-05-20 17:32:45:901 520 sec: 102019 operations; 191.1 current ops/sec; est completion in 14 hours [READ: Count=1911, Max=159871, Min=78, Avg=10466.52, 90=24751, 99=49695, 99.9=65919, 99.99=159871] 
2017-05-20 17:32:55:901 530 sec: 103868 operations; 184.9 current ops/sec; est completion in 14 hours 1 minutes [READ: Count=1849, Max=201855, Min=89, Avg=10813.5, 90=24271, 99=47071, 99.9=178943, 99.99=201855] 
2017-05-20 17:33:05:901 540 sec: 105649 operations; 178.1 current ops/sec; est completion in 14 hours 2 minutes [READ: Count=1781, Max=206591, Min=84, Avg=11218.53, 90=25967, 99=52383, 99.9=89599, 99.99=206591] 
2017-05-20 17:33:15:902 550 sec: 107368 operations; 171.9 current ops/sec; est completion in 14 hours 4 minutes [READ: Count=1719, Max=350207, Min=92, Avg=11616.22, 90=25359, 99=53407, 99.9=111679, 99.99=350207] 
2017-05-20 17:33:25:901 560 sec: 109148 operations; 178 current ops/sec; est completion in 14 hours 5 minutes [READ: Count=1780, Max=496383, Min=93, Avg=11248.56, 90=23983, 99=48671, 99.9=157567, 99.99=496383] 
2017-05-20 17:33:35:901 570 sec: 110995 operations; 184.7 current ops/sec; est completion in 14 hours 6 minutes [READ: Count=1847, Max=125503, Min=90, Avg=10826.36, 90=24847, 99=53151, 99.9=76287, 99.99=125503] 
2017-05-20 17:33:45:901 580 sec: 112847 operations; 185.2 current ops/sec; est completion in 14 hours 6 minutes [READ: Count=1852, Max=165503, Min=83, Avg=10807.62, 90=24447, 99=43775, 99.9=96767, 99.99=165503] 
2017-05-20 17:33:55:901 590 sec: 114701 operations; 185.4 current ops/sec; est completion in 14 hours 7 minutes [READ: Count=1854, Max=218239, Min=82, Avg=10775.88, 90=25167, 99=48735, 99.9=90815, 99.99=218239] 
Maximum time elapsed. Requesting stop for the workload.
Stop requested for workload. Now Joining!
2017-05-20 17:34:05:901 600 sec: 116414 operations; 171.3 current ops/sec; est completion in 14 hours 9 minutes [READ: Count=1713, Max=531455, Min=79, Avg=11676.48, 90=26511, 99=54303, 99.9=83519, 99.99=531455] 
2017-05-20 17:34:05:914 600 sec: 116416 operations; 142.86 current ops/sec; est completion in 14 hours 9 minutes [CLEANUP: Count=2, Max=1169, Min=3, Avg=586, 90=1169, 99=1169, 99.9=1169, 99.99=1169] [READ: Count=2, Max=19007, Min=17568, Avg=18288, 90=19007, 99=19007, 99.9=19007, 99.99=19007] 
[OVERALL], RunTime(ms), 600016.0
[OVERALL], Throughput(ops/sec), 194.02149276019307
[TOTAL_GCS_PS_Scavenge], Count, 195.0
[TOTAL_GC_TIME_PS_Scavenge], Time(ms), 274.0
[TOTAL_GC_TIME_%_PS_Scavenge], Time(%), 0.045665448921362095
[TOTAL_GCS_PS_MarkSweep], Count, 0.0
[TOTAL_GC_TIME_PS_MarkSweep], Time(ms), 0.0
[TOTAL_GC_TIME_%_PS_MarkSweep], Time(%), 0.0
[TOTAL_GCs], Count, 195.0
[TOTAL_GC_TIME], Time(ms), 274.0
[TOTAL_GC_TIME_%], Time(%), 0.045665448921362095
[CLEANUP], Operations, 2.0
[CLEANUP], AverageLatency(us), 586.0
[CLEANUP], MinLatency(us), 3.0
[CLEANUP], MaxLatency(us), 1169.0
[CLEANUP], 95thPercentileLatency(us), 1169.0
[CLEANUP], 99thPercentileLatency(us), 1169.0
[READ], Operations, 116416.0
[READ], AverageLatency(us), 10299.33308995327
[READ], MinLatency(us), 77.0
[READ], MaxLatency(us), 835071.0
[READ], 95thPercentileLatency(us), 29647.0
[READ], 99thPercentileLatency(us), 48479.0
[READ], Return=OK, 116416
========== STOP: Container 1 Memory STATS ==============
cache 6184960
rss 1067520000
rss_huge 0
mapped_file 3325952
writeback 0
pgpgin 1135063
pgpgout 872928
pgfault 747517
pgmajfault 37067
inactive_anon 533819392
active_anon 533696512
inactive_file 3096576
active_file 3039232
unevictable 4096
hierarchical_memory_limit 1073741824
total_cache 6184960
total_rss 1067520000
total_rss_huge 0
total_mapped_file 3325952
total_writeback 0
total_pgpgin 1135063
total_pgpgout 872928
total_pgfault 747517
total_pgmajfault 37067
total_inactive_anon 533819392
total_active_anon 533696512
total_inactive_file 3096576
total_active_file 3039232
total_unevictable 4096
======== END Container STATS ======
