========== START: Container 1 Memory STATS ==============
cache 78241792
rss 302239744
rss_huge 0
mapped_file 37576704
writeback 0
pgpgin 190567
pgpgout 97676
pgfault 250726
pgmajfault 500
inactive_anon 45056
active_anon 302264320
inactive_file 62697472
active_file 15470592
unevictable 4096
hierarchical_memory_limit 1073741824
total_cache 78241792
total_rss 302239744
total_rss_huge 0
total_mapped_file 37576704
total_writeback 0
total_pgpgin 190567
total_pgpgout 97676
total_pgfault 250726
total_pgmajfault 500
total_inactive_anon 45056
total_active_anon 302264320
total_inactive_file 62697472
total_active_file 15470592
total_unevictable 4096
======== END Container STATS ======
java -cp /home/ubuntu/ycsb_mongo/mongodb-binding/conf:/home/ubuntu/ycsb_mongo/conf:/home/ubuntu/ycsb_mongo/lib/jackson-mapper-asl-1.9.4.jar:/home/ubuntu/ycsb_mongo/lib/jackson-core-asl-1.9.4.jar:/home/ubuntu/ycsb_mongo/lib/htrace-core4-4.1.0-incubating.jar:/home/ubuntu/ycsb_mongo/lib/core-0.12.0.jar:/home/ubuntu/ycsb_mongo/lib/HdrHistogram-2.1.4.jar:/home/ubuntu/ycsb_mongo/mongodb-binding/lib/mongo-java-driver-3.0.3.jar:/home/ubuntu/ycsb_mongo/mongodb-binding/lib/logback-core-1.1.2.jar:/home/ubuntu/ycsb_mongo/mongodb-binding/lib/mongodb-binding-0.12.0.jar:/home/ubuntu/ycsb_mongo/mongodb-binding/lib/logback-classic-1.1.2.jar:/home/ubuntu/ycsb_mongo/mongodb-binding/lib/mongodb-async-driver-2.0.1.jar:/home/ubuntu/ycsb_mongo/mongodb-binding/lib/slf4j-api-1.6.4.jar com.yahoo.ycsb.Client -db com.yahoo.ycsb.db.MongoDbClient -s -P /home/ubuntu/ycsb_mongo/workloads/workload1 -p mongodb.url=mongodb://10.0.3.220:27017/ycsb?w=0 -p maxexecutiontime=600 -threads 2 -t
YCSB Client 0.12.0
Command line: -db com.yahoo.ycsb.db.MongoDbClient -s -P /home/ubuntu/ycsb_mongo/workloads/workload1 -p mongodb.url=mongodb://10.0.3.220:27017/ycsb?w=0 -p maxexecutiontime=600 -threads 2 -t
Loading workload...
Starting test.
Maximum execution time specified as: 600 secs
2017-05-20 23:38:52:430 0 sec: 0 operations; est completion in 0 seconds 
mongo client connection created with mongodb://10.0.3.220:27017/ycsb?w=0
DBWrapper: report latency for each error is false and specific error codes to track for latency are: []
DBWrapper: report latency for each error is false and specific error codes to track for latency are: []
2017-05-20 23:39:02:413 10 sec: 1176 operations; 117.6 current ops/sec; est completion in 23 hours 37 minutes [READ: Count=1176, Max=108095, Min=316, Avg=16518.44, 90=30959, 99=58975, 99.9=80511, 99.99=108095] 
2017-05-20 23:39:12:413 20 sec: 2701 operations; 152.5 current ops/sec; est completion in 20 hours 33 minutes [READ: Count=1525, Max=100863, Min=246, Avg=13097.65, 90=23759, 99=46239, 99.9=69823, 99.99=100863] 
2017-05-20 23:39:22:413 30 sec: 4296 operations; 159.5 current ops/sec; est completion in 19 hours 23 minutes [READ: Count=1595, Max=60799, Min=220, Avg=12518.36, 90=22495, 99=43359, 99.9=55327, 99.99=60799] 
2017-05-20 23:39:32:413 40 sec: 5957 operations; 166.1 current ops/sec; est completion in 18 hours 38 minutes [READ: Count=1661, Max=66239, Min=186, Avg=12028.14, 90=21919, 99=41183, 99.9=55007, 99.99=66239] 
2017-05-20 23:39:42:413 50 sec: 7710 operations; 175.3 current ops/sec; est completion in 18 hours [READ: Count=1753, Max=56415, Min=172, Avg=11390.75, 90=21119, 99=41343, 99.9=52895, 99.99=56415] 
2017-05-20 23:39:52:413 60 sec: 9434 operations; 172.4 current ops/sec; est completion in 17 hours 39 minutes [READ: Count=1725, Max=61407, Min=167, Avg=11588.04, 90=21999, 99=44607, 99.9=54335, 99.99=61407] 
2017-05-20 23:40:02:413 70 sec: 11170 operations; 173.6 current ops/sec; est completion in 17 hours 23 minutes [READ: Count=1735, Max=94527, Min=103, Avg=11509.49, 90=21647, 99=43647, 99.9=69183, 99.99=94527] 
2017-05-20 23:40:12:413 80 sec: 12989 operations; 181.9 current ops/sec; est completion in 17 hours 5 minutes [READ: Count=1819, Max=75007, Min=92, Avg=10993.65, 90=21167, 99=41407, 99.9=52735, 99.99=75007] 
2017-05-20 23:40:22:413 90 sec: 14869 operations; 188 current ops/sec; est completion in 16 hours 47 minutes [READ: Count=1880, Max=61183, Min=90, Avg=10623.1, 90=21311, 99=42047, 99.9=58879, 99.99=61183] 
2017-05-20 23:40:32:413 100 sec: 16671 operations; 180.2 current ops/sec; est completion in 16 hours 38 minutes [READ: Count=1802, Max=69695, Min=89, Avg=11105.69, 90=22207, 99=44639, 99.9=53695, 99.99=69695] 
2017-05-20 23:40:42:413 110 sec: 18589 operations; 191.8 current ops/sec; est completion in 16 hours 24 minutes [READ: Count=1918, Max=60447, Min=89, Avg=10419.39, 90=21119, 99=41183, 99.9=50783, 99.99=60447] 
2017-05-20 23:40:52:413 120 sec: 20488 operations; 189.9 current ops/sec; est completion in 16 hours 14 minutes [READ: Count=1899, Max=78399, Min=89, Avg=10532.25, 90=21359, 99=42303, 99.9=54527, 99.99=78399] 
2017-05-20 23:41:02:413 130 sec: 22552 operations; 206.4 current ops/sec; est completion in 15 hours 58 minutes [READ: Count=2064, Max=59679, Min=76, Avg=9691.95, 90=20879, 99=44671, 99.9=55711, 99.99=59679] 
2017-05-20 23:41:12:413 140 sec: 24597 operations; 204.5 current ops/sec; est completion in 15 hours 46 minutes [READ: Count=2045, Max=51679, Min=90, Avg=9776.21, 90=20447, 99=41279, 99.9=49055, 99.99=51679] 
2017-05-20 23:41:22:413 150 sec: 26754 operations; 215.7 current ops/sec; est completion in 15 hours 31 minutes [READ: Count=2157, Max=55103, Min=81, Avg=9270.68, 90=20495, 99=36831, 99.9=50943, 99.99=55103] 
2017-05-20 23:41:32:413 160 sec: 28924 operations; 217 current ops/sec; est completion in 15 hours 19 minutes [READ: Count=2170, Max=76415, Min=88, Avg=9214.14, 90=20559, 99=40607, 99.9=57631, 99.99=76415] 
2017-05-20 23:41:42:413 170 sec: 31146 operations; 222.2 current ops/sec; est completion in 15 hours 6 minutes [READ: Count=2222, Max=59839, Min=87, Avg=8989.91, 90=20383, 99=41695, 99.9=55071, 99.99=59839] 
2017-05-20 23:41:52:413 180 sec: 33500 operations; 235.4 current ops/sec; est completion in 14 hours 52 minutes [READ: Count=2354, Max=75199, Min=76, Avg=8500.28, 90=19871, 99=36191, 99.9=61215, 99.99=75199] 
2017-05-20 23:42:02:413 190 sec: 35639 operations; 213.9 current ops/sec; est completion in 14 hours 45 minutes [READ: Count=2139, Max=227455, Min=81, Avg=9345.75, 90=20383, 99=52767, 99.9=176639, 99.99=227455] 
2017-05-20 23:42:12:413 200 sec: 37864 operations; 222.5 current ops/sec; est completion in 14 hours 37 minutes [READ: Count=2225, Max=249599, Min=88, Avg=8975.35, 90=20927, 99=46335, 99.9=99775, 99.99=249599] 
2017-05-20 23:42:22:413 210 sec: 39886 operations; 202.2 current ops/sec; est completion in 14 hours 34 minutes [READ: Count=2022, Max=742911, Min=88, Avg=9902.88, 90=21775, 99=57631, 99.9=223743, 99.99=742911] 
2017-05-20 23:42:32:413 220 sec: 42222 operations; 233.6 current ops/sec; est completion in 14 hours 24 minutes [READ: Count=2336, Max=94335, Min=76, Avg=8560.79, 90=20479, 99=52031, 99.9=82559, 99.99=94335] 
2017-05-20 23:42:42:413 230 sec: 44321 operations; 209.9 current ops/sec; est completion in 14 hours 21 minutes [READ: Count=2099, Max=531455, Min=86, Avg=9525.04, 90=20975, 99=55615, 99.9=299519, 99.99=531455] 
2017-05-20 23:42:52:413 240 sec: 46603 operations; 228.2 current ops/sec; est completion in 14 hours 14 minutes [READ: Count=2282, Max=84671, Min=80, Avg=8757.24, 90=21663, 99=51583, 99.9=84351, 99.99=84671] 
2017-05-20 23:43:02:413 250 sec: 48783 operations; 218 current ops/sec; est completion in 14 hours 9 minutes [READ: Count=2180, Max=567295, Min=85, Avg=9167.54, 90=21471, 99=56863, 99.9=180991, 99.99=567295] 
2017-05-20 23:43:12:413 260 sec: 50946 operations; 216.3 current ops/sec; est completion in 14 hours 6 minutes [READ: Count=2163, Max=235391, Min=81, Avg=9241.49, 90=23007, 99=53887, 99.9=92031, 99.99=235391] 
2017-05-20 23:43:22:413 270 sec: 53008 operations; 206.2 current ops/sec; est completion in 14 hours 4 minutes [READ: Count=2062, Max=701951, Min=81, Avg=9705.6, 90=21647, 99=59327, 99.9=231167, 99.99=701951] 
2017-05-20 23:43:32:413 280 sec: 55214 operations; 220.6 current ops/sec; est completion in 14 hours [READ: Count=2206, Max=139519, Min=87, Avg=9067.92, 90=22863, 99=48511, 99.9=87551, 99.99=139519] 
2017-05-20 23:43:42:413 290 sec: 57339 operations; 212.5 current ops/sec; est completion in 13 hours 58 minutes [READ: Count=2125, Max=169087, Min=85, Avg=9402.16, 90=22047, 99=60959, 99.9=131711, 99.99=169087] 
2017-05-20 23:43:52:413 300 sec: 59363 operations; 202.4 current ops/sec; est completion in 13 hours 57 minutes [READ: Count=2024, Max=672767, Min=83, Avg=9869.82, 90=22751, 99=51519, 99.9=110399, 99.99=672767] 
2017-05-20 23:44:02:413 310 sec: 61488 operations; 212.5 current ops/sec; est completion in 13 hours 55 minutes [READ: Count=2125, Max=97023, Min=85, Avg=9408.46, 90=23935, 99=51455, 99.9=83519, 99.99=97023] 
2017-05-20 23:44:12:413 320 sec: 63394 operations; 190.6 current ops/sec; est completion in 13 hours 55 minutes [READ: Count=1906, Max=664575, Min=91, Avg=10494.26, 90=24943, 99=60575, 99.9=179583, 99.99=664575] 
2017-05-20 23:44:22:413 330 sec: 65350 operations; 195.6 current ops/sec; est completion in 13 hours 56 minutes [READ: Count=1956, Max=101055, Min=77, Avg=10235, 90=24911, 99=57759, 99.9=92799, 99.99=101055] 
2017-05-20 23:44:32:413 340 sec: 67369 operations; 201.9 current ops/sec; est completion in 13 hours 55 minutes [READ: Count=2019, Max=98879, Min=88, Avg=9902.15, 90=24047, 99=55007, 99.9=96127, 99.99=98879] 
2017-05-20 23:44:42:413 350 sec: 69307 operations; 193.8 current ops/sec; est completion in 13 hours 55 minutes [READ: Count=1938, Max=185983, Min=79, Avg=10320.53, 90=23327, 99=65311, 99.9=143103, 99.99=185983] 
2017-05-20 23:44:52:413 360 sec: 71289 operations; 198.2 current ops/sec; est completion in 13 hours 55 minutes [READ: Count=1982, Max=156031, Min=79, Avg=10003.51, 90=24015, 99=48063, 99.9=108543, 99.99=156031] 
2017-05-20 23:45:02:413 370 sec: 73167 operations; 187.8 current ops/sec; est completion in 13 hours 56 minutes [READ: Count=1878, Max=231039, Min=87, Avg=10728.22, 90=23823, 99=58175, 99.9=215295, 99.99=231039] 
2017-05-20 23:45:12:413 380 sec: 75132 operations; 196.5 current ops/sec; est completion in 13 hours 56 minutes [READ: Count=1965, Max=169599, Min=86, Avg=10160.87, 90=25023, 99=58943, 99.9=83455, 99.99=169599] 
2017-05-20 23:45:22:413 390 sec: 76867 operations; 173.5 current ops/sec; est completion in 13 hours 59 minutes [READ: Count=1735, Max=166143, Min=87, Avg=11128.92, 90=26367, 99=63935, 99.9=151295, 99.99=166143] 
2017-05-20 23:45:32:413 400 sec: 78714 operations; 184.7 current ops/sec; est completion in 14 hours [READ: Count=1847, Max=510975, Min=80, Avg=11215.56, 90=25487, 99=56383, 99.9=129663, 99.99=510975] 
2017-05-20 23:45:42:413 410 sec: 80685 operations; 197.1 current ops/sec; est completion in 14 hours [READ: Count=1971, Max=95679, Min=78, Avg=10146.84, 90=24639, 99=51583, 99.9=75007, 99.99=95679] 
2017-05-20 23:45:52:413 420 sec: 82462 operations; 177.7 current ops/sec; est completion in 14 hours 1 minutes [READ: Count=1777, Max=558079, Min=87, Avg=11243.46, 90=25839, 99=56831, 99.9=182783, 99.99=558079] 
2017-05-20 23:46:02:413 430 sec: 84354 operations; 189.2 current ops/sec; est completion in 14 hours 2 minutes [READ: Count=1892, Max=110079, Min=88, Avg=10571.98, 90=25183, 99=52351, 99.9=90687, 99.99=110079] 
2017-05-20 23:46:12:413 440 sec: 86231 operations; 187.7 current ops/sec; est completion in 14 hours 3 minutes [READ: Count=1877, Max=99519, Min=80, Avg=10650.23, 90=23807, 99=57599, 99.9=90431, 99.99=99519] 
2017-05-20 23:46:22:413 450 sec: 87937 operations; 170.6 current ops/sec; est completion in 14 hours 5 minutes [READ: Count=1706, Max=125759, Min=87, Avg=11256.91, 90=27023, 99=57471, 99.9=96127, 99.99=125759] 
2017-05-20 23:46:32:413 460 sec: 89837 operations; 190 current ops/sec; est completion in 14 hours 5 minutes [READ: Count=1900, Max=621055, Min=81, Avg=10943.24, 90=24447, 99=51615, 99.9=133119, 99.99=621055] 
2017-05-20 23:46:42:413 470 sec: 91743 operations; 190.6 current ops/sec; est completion in 14 hours 6 minutes [READ: Count=1906, Max=86463, Min=81, Avg=10479.51, 90=25711, 99=47391, 99.9=66111, 99.99=86463] 
2017-05-20 23:46:52:413 480 sec: 93521 operations; 177.8 current ops/sec; est completion in 14 hours 7 minutes [READ: Count=1778, Max=217599, Min=87, Avg=11254.98, 90=26463, 99=52223, 99.9=153855, 99.99=217599] 
2017-05-20 23:47:02:413 490 sec: 95251 operations; 173 current ops/sec; est completion in 14 hours 9 minutes [READ: Count=1730, Max=144511, Min=88, Avg=11114.05, 90=25935, 99=56671, 99.9=94399, 99.99=144511] 
2017-05-20 23:47:12:413 500 sec: 97118 operations; 186.7 current ops/sec; est completion in 14 hours 9 minutes [READ: Count=1867, Max=512767, Min=87, Avg=11129.04, 90=24319, 99=54079, 99.9=124991, 99.99=512767] 
2017-05-20 23:47:22:413 510 sec: 98984 operations; 186.6 current ops/sec; est completion in 14 hours 10 minutes [READ: Count=1866, Max=79487, Min=86, Avg=10711.3, 90=25423, 99=47231, 99.9=74175, 99.99=79487] 
2017-05-20 23:47:32:413 520 sec: 100726 operations; 174.2 current ops/sec; est completion in 14 hours 11 minutes [READ: Count=1742, Max=570879, Min=77, Avg=11481.47, 90=25519, 99=54687, 99.9=129279, 99.99=570879] 
2017-05-20 23:47:42:413 530 sec: 102565 operations; 183.9 current ops/sec; est completion in 14 hours 12 minutes [READ: Count=1839, Max=140671, Min=87, Avg=10876.75, 90=25311, 99=50015, 99.9=77887, 99.99=140671] 
2017-05-20 23:47:52:413 540 sec: 104390 operations; 182.5 current ops/sec; est completion in 14 hours 13 minutes [READ: Count=1825, Max=147583, Min=88, Avg=10939.26, 90=25471, 99=47647, 99.9=101247, 99.99=147583] 
2017-05-20 23:48:02:413 550 sec: 106176 operations; 178.6 current ops/sec; est completion in 14 hours 14 minutes [READ: Count=1786, Max=247039, Min=87, Avg=11208.14, 90=25775, 99=47615, 99.9=150911, 99.99=247039] 
2017-05-20 23:48:12:413 560 sec: 107911 operations; 173.5 current ops/sec; est completion in 14 hours 15 minutes [READ: Count=1735, Max=279807, Min=86, Avg=11523.01, 90=26095, 99=54559, 99.9=190719, 99.99=279807] 
2017-05-20 23:48:22:413 570 sec: 109770 operations; 185.9 current ops/sec; est completion in 14 hours 15 minutes [READ: Count=1859, Max=125951, Min=76, Avg=10760.94, 90=25199, 99=48639, 99.9=115263, 99.99=125951] 
2017-05-20 23:48:32:413 580 sec: 111636 operations; 186.6 current ops/sec; est completion in 14 hours 16 minutes [READ: Count=1866, Max=146815, Min=78, Avg=10714.34, 90=24463, 99=51807, 99.9=133247, 99.99=146815] 
2017-05-20 23:48:42:413 590 sec: 113515 operations; 187.9 current ops/sec; est completion in 14 hours 16 minutes [READ: Count=1879, Max=124415, Min=85, Avg=10628.23, 90=24975, 99=56607, 99.9=95871, 99.99=124415] 
Maximum time elapsed. Requesting stop for the workload.
Stop requested for workload. Now Joining!
2017-05-20 23:48:52:413 600 sec: 115350 operations; 183.5 current ops/sec; est completion in 14 hours 16 minutes [READ: Count=1835, Max=444159, Min=78, Avg=10901.98, 90=25983, 99=48639, 99.9=92607, 99.99=444159] 
2017-05-20 23:48:52:424 600 sec: 115352 operations; 181.82 current ops/sec; est completion in 14 hours 16 minutes [CLEANUP: Count=2, Max=1039, Min=3, Avg=521, 90=1039, 99=1039, 99.9=1039, 99.99=1039] [READ: Count=2, Max=23471, Min=18720, Avg=21096, 90=23471, 99=23471, 99.9=23471, 99.99=23471] 
[OVERALL], RunTime(ms), 600013.0
[OVERALL], Throughput(ops/sec), 192.24916793469475
[TOTAL_GCS_PS_Scavenge], Count, 186.0
[TOTAL_GC_TIME_PS_Scavenge], Time(ms), 287.0
[TOTAL_GC_TIME_%_PS_Scavenge], Time(%), 0.04783229696689905
[TOTAL_GCS_PS_MarkSweep], Count, 0.0
[TOTAL_GC_TIME_PS_MarkSweep], Time(ms), 0.0
[TOTAL_GC_TIME_%_PS_MarkSweep], Time(%), 0.0
[TOTAL_GCs], Count, 186.0
[TOTAL_GC_TIME], Time(ms), 287.0
[TOTAL_GC_TIME_%], Time(%), 0.04783229696689905
[CLEANUP], Operations, 2.0
[CLEANUP], AverageLatency(us), 521.0
[CLEANUP], MinLatency(us), 3.0
[CLEANUP], MaxLatency(us), 1039.0
[CLEANUP], 95thPercentileLatency(us), 1039.0
[CLEANUP], 99thPercentileLatency(us), 1039.0
[READ], Operations, 115352.0
[READ], AverageLatency(us), 10394.527559123379
[READ], MinLatency(us), 76.0
[READ], MaxLatency(us), 742911.0
[READ], 95thPercentileLatency(us), 30239.0
[READ], 99thPercentileLatency(us), 50335.0
[READ], Return=OK, 115352
========== STOP: Container 1 Memory STATS ==============
cache 8310784
rss 1065234432
rss_huge 0
mapped_file 5095424
writeback 0
pgpgin 1142601
pgpgout 880505
pgfault 749258
pgmajfault 37258
inactive_anon 532705280
active_anon 532525056
inactive_file 4055040
active_file 4255744
unevictable 4096
hierarchical_memory_limit 1073741824
total_cache 8310784
total_rss 1065234432
total_rss_huge 0
total_mapped_file 5095424
total_writeback 0
total_pgpgin 1142601
total_pgpgout 880505
total_pgfault 749258
total_pgmajfault 37258
total_inactive_anon 532705280
total_active_anon 532525056
total_inactive_file 4055040
total_active_file 4255744
total_unevictable 4096
======== END Container STATS ======
