========== START: Container mongo Memory STATS ==============
cache 62697472
rss 37933056
rss_huge 0
mapped_file 36917248
writeback 0
pgpgin 121008
pgpgout 96440
pgfault 184639
pgmajfault 487
inactive_anon 49152
active_anon 37961728
inactive_file 47759360
active_file 14856192
unevictable 4096
hierarchical_memory_limit 9223372036854771712
total_cache 62697472
total_rss 37933056
total_rss_huge 0
total_mapped_file 36917248
total_writeback 0
total_pgpgin 121008
total_pgpgout 96440
total_pgfault 184639
total_pgmajfault 487
total_inactive_anon 49152
total_active_anon 37961728
total_inactive_file 47759360
total_active_file 14856192
total_unevictable 4096
======== END Container STATS ======
java -cp /home/ubuntu/ycsb_mongo/mongodb-binding/conf:/home/ubuntu/ycsb_mongo/conf:/home/ubuntu/ycsb_mongo/lib/jackson-mapper-asl-1.9.4.jar:/home/ubuntu/ycsb_mongo/lib/jackson-core-asl-1.9.4.jar:/home/ubuntu/ycsb_mongo/lib/htrace-core4-4.1.0-incubating.jar:/home/ubuntu/ycsb_mongo/lib/core-0.12.0.jar:/home/ubuntu/ycsb_mongo/lib/HdrHistogram-2.1.4.jar:/home/ubuntu/ycsb_mongo/mongodb-binding/lib/mongo-java-driver-3.0.3.jar:/home/ubuntu/ycsb_mongo/mongodb-binding/lib/logback-core-1.1.2.jar:/home/ubuntu/ycsb_mongo/mongodb-binding/lib/mongodb-binding-0.12.0.jar:/home/ubuntu/ycsb_mongo/mongodb-binding/lib/logback-classic-1.1.2.jar:/home/ubuntu/ycsb_mongo/mongodb-binding/lib/mongodb-async-driver-2.0.1.jar:/home/ubuntu/ycsb_mongo/mongodb-binding/lib/slf4j-api-1.6.4.jar com.yahoo.ycsb.Client -db com.yahoo.ycsb.db.MongoDbClient -s -P /home/ubuntu/ycsb_mongo/workloads/workload1 -p mongodb.url=mongodb://10.0.3.220:27017/ycsb?w=0 -p maxexecutiontime=600 -load
YCSB Client 0.12.0
Command line: -db com.yahoo.ycsb.db.MongoDbClient -s -P /home/ubuntu/ycsb_mongo/workloads/workload1 -p mongodb.url=mongodb://10.0.3.220:27017/ycsb?w=0 -p maxexecutiontime=600 -load
Loading workload...
Starting test.
Maximum execution time specified as: 600 secs
2017-05-20 16:28:57:849 0 sec: 0 operations; est completion in 0 seconds 
mongo client connection created with mongodb://10.0.3.220:27017/ycsb?w=0
DBWrapper: report latency for each error is false and specific error codes to track for latency are: []
2017-05-20 16:29:07:458 10 sec: 78683 operations; 7868.3 current ops/sec; est completion in 54 seconds [INSERT: Count=79148, Max=609791, Min=33, Avg=107.87, 90=107, 99=249, 99.9=1109, 99.99=74495] 
2017-05-20 16:29:17:458 20 sec: 244855 operations; 16617.2 current ops/sec; est completion in 21 seconds [INSERT: Count=165712, Max=1965, Min=50, Avg=56.13, 90=61, 99=71, 99.9=93, 99.99=132] 
2017-05-20 16:29:27:458 30 sec: 412564 operations; 16770.9 current ops/sec; est completion in 7 seconds [INSERT: Count=167709, Max=1605, Min=50, Avg=55.82, 90=61, 99=71, 99.9=94, 99.99=303] 
Could not wait until max specified time, TerminatorThread interrupted.
2017-05-20 16:29:32:668 35 sec: 500000 operations; 16782.34 current ops/sec; [CLEANUP: Count=1, Max=1314, Min=1314, Avg=1314, 90=1314, 99=1314, 99.9=1314, 99.99=1314] [INSERT: Count=87431, Max=1237, Min=50, Avg=55.74, 90=61, 99=72, 99.9=95, 99.99=1078] 
[OVERALL], RunTime(ms), 35210.0
[OVERALL], Throughput(ops/sec), 14200.511218403863
[TOTAL_GCS_PS_Scavenge], Count, 48.0
[TOTAL_GC_TIME_PS_Scavenge], Time(ms), 152.0
[TOTAL_GC_TIME_%_PS_Scavenge], Time(%), 0.43169554103947744
[TOTAL_GCS_PS_MarkSweep], Count, 0.0
[TOTAL_GC_TIME_PS_MarkSweep], Time(ms), 0.0
[TOTAL_GC_TIME_%_PS_MarkSweep], Time(%), 0.0
[TOTAL_GCs], Count, 48.0
[TOTAL_GC_TIME], Time(ms), 152.0
[TOTAL_GC_TIME_%], Time(%), 0.43169554103947744
[CLEANUP], Operations, 1.0
[CLEANUP], AverageLatency(us), 1314.0
[CLEANUP], MinLatency(us), 1314.0
[CLEANUP], MaxLatency(us), 1314.0
[CLEANUP], 95thPercentileLatency(us), 1314.0
[CLEANUP], 99thPercentileLatency(us), 1314.0
[INSERT], Operations, 500000.0
[INSERT], AverageLatency(us), 64.147884
[INSERT], MinLatency(us), 33.0
[INSERT], MaxLatency(us), 609791.0
[INSERT], 95thPercentileLatency(us), 76.0
[INSERT], 99thPercentileLatency(us), 117.0
[INSERT], Return=OK, 500000
========== STOP: Container mongo Memory STATS ==============
cache 78405632
rss 302321664
rss_huge 0
mapped_file 37715968
writeback 0
pgpgin 190850
pgpgout 97899
pgfault 251542
pgmajfault 499
inactive_anon 45056
active_anon 302346240
inactive_file 62717952
active_file 15613952
unevictable 4096
hierarchical_memory_limit 1073741824
total_cache 78405632
total_rss 302321664
total_rss_huge 0
total_mapped_file 37715968
total_writeback 0
total_pgpgin 190850
total_pgpgout 97899
total_pgfault 251542
total_pgmajfault 499
total_inactive_anon 45056
total_active_anon 302346240
total_inactive_file 62717952
total_active_file 15613952
total_unevictable 4096
======== END Container STATS ======
