========== START: Container mysql Memory STATS ==============
cache 58155008
rss 471379968
rss_huge 0
mapped_file 20635648
writeback 0
swap 0
pgpgin 209159
pgpgout 79878
pgfault 304981
pgmajfault 352
inactive_anon 49152
active_anon 471359488
inactive_file 40910848
active_file 17166336
unevictable 0
hierarchical_memory_limit 9223372036854771712
hierarchical_memsw_limit 9223372036854771712
total_cache 58155008
total_rss 471379968
total_rss_huge 0
total_mapped_file 20635648
total_writeback 0
total_swap 0
total_pgpgin 209159
total_pgpgout 79878
total_pgfault 304981
total_pgmajfault 352
total_inactive_anon 49152
total_active_anon 471359488
total_inactive_file 40910848
total_active_file 17166336
total_unevictable 0
======== END Container STATS ======
java -cp /usr/share/java/mysql-connector-java.jar:/home/ubuntu/ycsb/jdbc-binding/conf:/home/ubuntu/ycsb/conf:/home/ubuntu/ycsb/lib/jackson-mapper-asl-1.9.4.jar:/home/ubuntu/ycsb/lib/jackson-core-asl-1.9.4.jar:/home/ubuntu/ycsb/lib/htrace-core4-4.1.0-incubating.jar:/home/ubuntu/ycsb/lib/core-0.12.0.jar:/home/ubuntu/ycsb/lib/HdrHistogram-2.1.4.jar:/home/ubuntu/ycsb/jdbc-binding/lib/commons-lang-2.4.jar:/home/ubuntu/ycsb/jdbc-binding/lib/openjpa-jdbc-2.1.1.jar:/home/ubuntu/ycsb/jdbc-binding/lib/openjpa-kernel-2.1.1.jar:/home/ubuntu/ycsb/jdbc-binding/lib/geronimo-jta_1.1_spec-1.1.1.jar:/home/ubuntu/ycsb/jdbc-binding/lib/serp-1.13.1.jar:/home/ubuntu/ycsb/jdbc-binding/lib/geronimo-jms_1.1_spec-1.1.1.jar:/home/ubuntu/ycsb/jdbc-binding/lib/jdbc-binding-0.12.0.jar:/home/ubuntu/ycsb/jdbc-binding/lib/commons-collections-3.2.1.jar:/home/ubuntu/ycsb/jdbc-binding/lib/openjpa-lib-2.1.1.jar:/home/ubuntu/ycsb/jdbc-binding/lib/commons-pool-1.5.4.jar:/home/ubuntu/ycsb/jdbc-binding/lib/mysql-connector-java-5.1.28.jar com.yahoo.ycsb.Client -db com.yahoo.ycsb.db.JdbcDBClient -p db.url=jdbc:mysql://10.0.3.35/ycsb -p db.user=root -p db.password=root -P /home/ubuntu/ycsb/workloads/workload1 -p maxexecutiontime=1200 -t
YCSB Client 0.12.0
Command line: -db com.yahoo.ycsb.db.JdbcDBClient -p db.url=jdbc:mysql://10.0.3.35/ycsb -p db.user=root -p db.password=root -P /home/ubuntu/ycsb/workloads/workload1 -p maxexecutiontime=1200 -t
Loading workload...
Starting test.
Adding shard node URL: jdbc:mysql://10.0.3.35/ycsb
Maximum execution time specified as: 1200 secs
Using shards: 1, batchSize:-1, fetchSize: -1
DBWrapper: report latency for each error is false and specific error codes to track for latency are: []
Maximum time elapsed. Requesting stop for the workload.
Stop requested for workload. Now Joining!
[OVERALL], RunTime(ms), 1200007.0
[OVERALL], Throughput(ops/sec), 388.40606763127215
[TOTAL_GCS_PS_Scavenge], Count, 57.0
[TOTAL_GC_TIME_PS_Scavenge], Time(ms), 108.0
[TOTAL_GC_TIME_%_PS_Scavenge], Time(%), 0.008999947500306247
[TOTAL_GCS_PS_MarkSweep], Count, 0.0
[TOTAL_GC_TIME_PS_MarkSweep], Time(ms), 0.0
[TOTAL_GC_TIME_%_PS_MarkSweep], Time(%), 0.0
[TOTAL_GCs], Count, 57.0
[TOTAL_GC_TIME], Time(ms), 108.0
[TOTAL_GC_TIME_%], Time(%), 0.008999947500306247
[CLEANUP], Operations, 1.0
[CLEANUP], AverageLatency(us), 892.0
[CLEANUP], MinLatency(us), 892.0
[CLEANUP], MaxLatency(us), 892.0
[CLEANUP], 95thPercentileLatency(us), 892.0
[CLEANUP], 99thPercentileLatency(us), 892.0
[READ], Operations, 466090.0
[READ], AverageLatency(us), 2569.7992705271513
[READ], MinLatency(us), 112.0
[READ], MaxLatency(us), 234495.0
[READ], 95thPercentileLatency(us), 9967.0
[READ], 99thPercentileLatency(us), 21055.0
[READ], Return=OK, 466090
========== STOP: Container mysql Memory STATS ==============
cache 403066880
rss 596832256
rss_huge 0
mapped_file 2588672
writeback 0
swap 0
pgpgin 1863792
pgpgout 1619676
pgfault 336921
pgmajfault 367
inactive_anon 298569728
active_anon 298336256
inactive_file 201633792
active_file 201310208
unevictable 0
hierarchical_memory_limit 999997440
hierarchical_memsw_limit 999997440
total_cache 403066880
total_rss 596832256
total_rss_huge 0
total_mapped_file 2588672
total_writeback 0
total_swap 0
total_pgpgin 1863792
total_pgpgout 1619676
total_pgfault 336921
total_pgmajfault 367
total_inactive_anon 298569728
total_active_anon 298336256
total_inactive_file 201633792
total_active_file 201310208
total_unevictable 0
======== END Container STATS ======
