========== START: Container mysql Memory STATS ==============
cache 58314752
rss 471343104
rss_huge 0
mapped_file 20635648
writeback 0
swap 0
pgpgin 209028
pgpgout 79717
pgfault 304722
pgmajfault 352
inactive_anon 49152
active_anon 471314432
inactive_file 40910848
active_file 17326080
unevictable 0
hierarchical_memory_limit 9223372036854771712
hierarchical_memsw_limit 9223372036854771712
total_cache 58314752
total_rss 471343104
total_rss_huge 0
total_mapped_file 20635648
total_writeback 0
total_swap 0
total_pgpgin 209028
total_pgpgout 79717
total_pgfault 304722
total_pgmajfault 352
total_inactive_anon 49152
total_active_anon 471314432
total_inactive_file 40910848
total_active_file 17326080
total_unevictable 0
======== END Container STATS ======
java -cp /usr/share/java/mysql-connector-java.jar:/home/ubuntu/ycsb/jdbc-binding/conf:/home/ubuntu/ycsb/conf:/home/ubuntu/ycsb/lib/jackson-mapper-asl-1.9.4.jar:/home/ubuntu/ycsb/lib/jackson-core-asl-1.9.4.jar:/home/ubuntu/ycsb/lib/htrace-core4-4.1.0-incubating.jar:/home/ubuntu/ycsb/lib/core-0.12.0.jar:/home/ubuntu/ycsb/lib/HdrHistogram-2.1.4.jar:/home/ubuntu/ycsb/jdbc-binding/lib/commons-lang-2.4.jar:/home/ubuntu/ycsb/jdbc-binding/lib/openjpa-jdbc-2.1.1.jar:/home/ubuntu/ycsb/jdbc-binding/lib/openjpa-kernel-2.1.1.jar:/home/ubuntu/ycsb/jdbc-binding/lib/geronimo-jta_1.1_spec-1.1.1.jar:/home/ubuntu/ycsb/jdbc-binding/lib/serp-1.13.1.jar:/home/ubuntu/ycsb/jdbc-binding/lib/geronimo-jms_1.1_spec-1.1.1.jar:/home/ubuntu/ycsb/jdbc-binding/lib/jdbc-binding-0.12.0.jar:/home/ubuntu/ycsb/jdbc-binding/lib/commons-collections-3.2.1.jar:/home/ubuntu/ycsb/jdbc-binding/lib/openjpa-lib-2.1.1.jar:/home/ubuntu/ycsb/jdbc-binding/lib/commons-pool-1.5.4.jar:/home/ubuntu/ycsb/jdbc-binding/lib/mysql-connector-java-5.1.28.jar com.yahoo.ycsb.Client -db com.yahoo.ycsb.db.JdbcDBClient -p db.url=jdbc:mysql://10.0.3.35/ycsb -p db.user=root -p db.password=root -P /home/ubuntu/ycsb/workloads/workload1 -p maxexecutiontime=1200 -t
YCSB Client 0.12.0
Command line: -db com.yahoo.ycsb.db.JdbcDBClient -p db.url=jdbc:mysql://10.0.3.35/ycsb -p db.user=root -p db.password=root -P /home/ubuntu/ycsb/workloads/workload1 -p maxexecutiontime=1200 -t
Loading workload...
Starting test.
Maximum execution time specified as: 1200 secsAdding shard node URL: jdbc:mysql://10.0.3.35/ycsb

Using shards: 1, batchSize:-1, fetchSize: -1
DBWrapper: report latency for each error is false and specific error codes to track for latency are: []
Maximum time elapsed. Requesting stop for the workload.
Stop requested for workload. Now Joining!
[OVERALL], RunTime(ms), 1200011.0
[OVERALL], Throughput(ops/sec), 402.2838123983864
[TOTAL_GCS_PS_Scavenge], Count, 60.0
[TOTAL_GC_TIME_PS_Scavenge], Time(ms), 107.0
[TOTAL_GC_TIME_%_PS_Scavenge], Time(%), 0.008916584931304797
[TOTAL_GCS_PS_MarkSweep], Count, 0.0
[TOTAL_GC_TIME_PS_MarkSweep], Time(ms), 0.0
[TOTAL_GC_TIME_%_PS_MarkSweep], Time(%), 0.0
[TOTAL_GCs], Count, 60.0
[TOTAL_GC_TIME], Time(ms), 107.0
[TOTAL_GC_TIME_%], Time(%), 0.008916584931304797
[CLEANUP], Operations, 1.0
[CLEANUP], AverageLatency(us), 865.0
[CLEANUP], MinLatency(us), 865.0
[CLEANUP], MaxLatency(us), 865.0
[CLEANUP], 95thPercentileLatency(us), 865.0
[CLEANUP], 99thPercentileLatency(us), 865.0
[READ], Operations, 482745.0
[READ], AverageLatency(us), 2481.447163616402
[READ], MinLatency(us), 112.0
[READ], MaxLatency(us), 205823.0
[READ], 95thPercentileLatency(us), 9815.0
[READ], 99thPercentileLatency(us), 19887.0
[READ], Return=OK, 482745
========== STOP: Container mysql Memory STATS ==============
cache 403156992
rss 596787200
rss_huge 0
mapped_file 2588672
writeback 0
swap 0
pgpgin 1917572
pgpgout 1673445
pgfault 336662
pgmajfault 367
inactive_anon 298569728
active_anon 298291200
inactive_file 201715712
active_file 201367552
unevictable 0
hierarchical_memory_limit 999997440
hierarchical_memsw_limit 999997440
total_cache 403156992
total_rss 596787200
total_rss_huge 0
total_mapped_file 2588672
total_writeback 0
total_swap 0
total_pgpgin 1917572
total_pgpgout 1673445
total_pgfault 336662
total_pgmajfault 367
total_inactive_anon 298569728
total_active_anon 298291200
total_inactive_file 201715712
total_active_file 201367552
total_unevictable 0
======== END Container STATS ======
