========== START: Container mysql Memory STATS ==============
cache 58511360
rss 471437312
rss_huge 0
mapped_file 20635648
writeback 0
swap 0
pgpgin 208963
pgpgout 79581
pgfault 304604
pgmajfault 352
inactive_anon 49152
active_anon 471429120
inactive_file 40927232
active_file 17506304
unevictable 0
hierarchical_memory_limit 9223372036854771712
hierarchical_memsw_limit 9223372036854771712
total_cache 58511360
total_rss 471437312
total_rss_huge 0
total_mapped_file 20635648
total_writeback 0
total_swap 0
total_pgpgin 208963
total_pgpgout 79581
total_pgfault 304604
total_pgmajfault 352
total_inactive_anon 49152
total_active_anon 471429120
total_inactive_file 40927232
total_active_file 17506304
total_unevictable 0
======== END Container STATS ======
java -cp /usr/share/java/mysql-connector-java.jar:/home/ubuntu/ycsb/jdbc-binding/conf:/home/ubuntu/ycsb/conf:/home/ubuntu/ycsb/lib/jackson-mapper-asl-1.9.4.jar:/home/ubuntu/ycsb/lib/jackson-core-asl-1.9.4.jar:/home/ubuntu/ycsb/lib/htrace-core4-4.1.0-incubating.jar:/home/ubuntu/ycsb/lib/core-0.12.0.jar:/home/ubuntu/ycsb/lib/HdrHistogram-2.1.4.jar:/home/ubuntu/ycsb/jdbc-binding/lib/commons-lang-2.4.jar:/home/ubuntu/ycsb/jdbc-binding/lib/openjpa-jdbc-2.1.1.jar:/home/ubuntu/ycsb/jdbc-binding/lib/openjpa-kernel-2.1.1.jar:/home/ubuntu/ycsb/jdbc-binding/lib/geronimo-jta_1.1_spec-1.1.1.jar:/home/ubuntu/ycsb/jdbc-binding/lib/serp-1.13.1.jar:/home/ubuntu/ycsb/jdbc-binding/lib/geronimo-jms_1.1_spec-1.1.1.jar:/home/ubuntu/ycsb/jdbc-binding/lib/jdbc-binding-0.12.0.jar:/home/ubuntu/ycsb/jdbc-binding/lib/commons-collections-3.2.1.jar:/home/ubuntu/ycsb/jdbc-binding/lib/openjpa-lib-2.1.1.jar:/home/ubuntu/ycsb/jdbc-binding/lib/commons-pool-1.5.4.jar:/home/ubuntu/ycsb/jdbc-binding/lib/mysql-connector-java-5.1.28.jar com.yahoo.ycsb.Client -db com.yahoo.ycsb.db.JdbcDBClient -p db.url=jdbc:mysql://10.0.3.35/ycsb -p db.user=root -p db.password=root -P /home/ubuntu/ycsb/workloads/workload1 -p maxexecutiontime=1200 -t
YCSB Client 0.12.0
Command line: -db com.yahoo.ycsb.db.JdbcDBClient -p db.url=jdbc:mysql://10.0.3.35/ycsb -p db.user=root -p db.password=root -P /home/ubuntu/ycsb/workloads/workload1 -p maxexecutiontime=1200 -t
Loading workload...
Starting test.
Adding shard node URL: jdbc:mysql://10.0.3.35/ycsb
Maximum execution time specified as: 1200 secs
Using shards: 1, batchSize:-1, fetchSize: -1
DBWrapper: report latency for each error is false and specific error codes to track for latency are: []
Maximum time elapsed. Requesting stop for the workload.
Stop requested for workload. Now Joining!
[OVERALL], RunTime(ms), 1200010.0
[OVERALL], Throughput(ops/sec), 394.0650494579212
[TOTAL_GCS_PS_Scavenge], Count, 58.0
[TOTAL_GC_TIME_PS_Scavenge], Time(ms), 225.0
[TOTAL_GC_TIME_%_PS_Scavenge], Time(%), 0.01874984375130207
[TOTAL_GCS_PS_MarkSweep], Count, 0.0
[TOTAL_GC_TIME_PS_MarkSweep], Time(ms), 0.0
[TOTAL_GC_TIME_%_PS_MarkSweep], Time(%), 0.0
[TOTAL_GCs], Count, 58.0
[TOTAL_GC_TIME], Time(ms), 225.0
[TOTAL_GC_TIME_%], Time(%), 0.01874984375130207
[CLEANUP], Operations, 1.0
[CLEANUP], AverageLatency(us), 913.0
[CLEANUP], MinLatency(us), 913.0
[CLEANUP], MaxLatency(us), 913.0
[CLEANUP], 95thPercentileLatency(us), 913.0
[CLEANUP], 99thPercentileLatency(us), 913.0
[READ], Operations, 472882.0
[READ], AverageLatency(us), 2533.2372663793503
[READ], MinLatency(us), 111.0
[READ], MaxLatency(us), 395775.0
[READ], 95thPercentileLatency(us), 9895.0
[READ], 99thPercentileLatency(us), 20495.0
[READ], Return=OK, 472882
========== STOP: Container mysql Memory STATS ==============
cache 402980864
rss 596905984
rss_huge 0
mapped_file 2592768
writeback 0
swap 0
pgpgin 1886427
pgpgout 1642314
pgfault 336992
pgmajfault 409
inactive_anon 298807296
active_anon 298172416
inactive_file 201592832
active_file 201314304
unevictable 0
hierarchical_memory_limit 999997440
hierarchical_memsw_limit 999997440
total_cache 402980864
total_rss 596905984
total_rss_huge 0
total_mapped_file 2592768
total_writeback 0
total_swap 0
total_pgpgin 1886427
total_pgpgout 1642314
total_pgfault 336992
total_pgmajfault 409
total_inactive_anon 298807296
total_active_anon 298172416
total_inactive_file 201592832
total_active_file 201314304
total_unevictable 0
======== END Container STATS ======
