========== START: Container mysql Memory STATS ==============
cache 58396672
rss 471363584
rss_huge 0
mapped_file 20635648
writeback 0
swap 0
pgpgin 208814
pgpgout 79478
pgfault 304374
pgmajfault 352
inactive_anon 49152
active_anon 471334912
inactive_file 40919040
active_file 17399808
unevictable 0
hierarchical_memory_limit 9223372036854771712
hierarchical_memsw_limit 9223372036854771712
total_cache 58396672
total_rss 471363584
total_rss_huge 0
total_mapped_file 20635648
total_writeback 0
total_swap 0
total_pgpgin 208814
total_pgpgout 79478
total_pgfault 304374
total_pgmajfault 352
total_inactive_anon 49152
total_active_anon 471334912
total_inactive_file 40919040
total_active_file 17399808
total_unevictable 0
======== END Container STATS ======
java -cp /usr/share/java/mysql-connector-java.jar:/home/ubuntu/ycsb/jdbc-binding/conf:/home/ubuntu/ycsb/conf:/home/ubuntu/ycsb/lib/jackson-mapper-asl-1.9.4.jar:/home/ubuntu/ycsb/lib/jackson-core-asl-1.9.4.jar:/home/ubuntu/ycsb/lib/htrace-core4-4.1.0-incubating.jar:/home/ubuntu/ycsb/lib/core-0.12.0.jar:/home/ubuntu/ycsb/lib/HdrHistogram-2.1.4.jar:/home/ubuntu/ycsb/jdbc-binding/lib/commons-lang-2.4.jar:/home/ubuntu/ycsb/jdbc-binding/lib/openjpa-jdbc-2.1.1.jar:/home/ubuntu/ycsb/jdbc-binding/lib/openjpa-kernel-2.1.1.jar:/home/ubuntu/ycsb/jdbc-binding/lib/geronimo-jta_1.1_spec-1.1.1.jar:/home/ubuntu/ycsb/jdbc-binding/lib/serp-1.13.1.jar:/home/ubuntu/ycsb/jdbc-binding/lib/geronimo-jms_1.1_spec-1.1.1.jar:/home/ubuntu/ycsb/jdbc-binding/lib/jdbc-binding-0.12.0.jar:/home/ubuntu/ycsb/jdbc-binding/lib/commons-collections-3.2.1.jar:/home/ubuntu/ycsb/jdbc-binding/lib/openjpa-lib-2.1.1.jar:/home/ubuntu/ycsb/jdbc-binding/lib/commons-pool-1.5.4.jar:/home/ubuntu/ycsb/jdbc-binding/lib/mysql-connector-java-5.1.28.jar com.yahoo.ycsb.Client -db com.yahoo.ycsb.db.JdbcDBClient -p db.url=jdbc:mysql://10.0.3.35/ycsb -p db.user=root -p db.password=root -P /home/ubuntu/ycsb/workloads/workload1 -p maxexecutiontime=1200 -t
YCSB Client 0.12.0
Command line: -db com.yahoo.ycsb.db.JdbcDBClient -p db.url=jdbc:mysql://10.0.3.35/ycsb -p db.user=root -p db.password=root -P /home/ubuntu/ycsb/workloads/workload1 -p maxexecutiontime=1200 -t
Loading workload...
Starting test.
Adding shard node URL: jdbc:mysql://10.0.3.35/ycsb
Maximum execution time specified as: 1200 secs
Using shards: 1, batchSize:-1, fetchSize: -1
DBWrapper: report latency for each error is false and specific error codes to track for latency are: []
Maximum time elapsed. Requesting stop for the workload.
Stop requested for workload. Now Joining!
[OVERALL], RunTime(ms), 1200016.0
[OVERALL], Throughput(ops/sec), 398.4713537152838
[TOTAL_GCS_PS_Scavenge], Count, 59.0
[TOTAL_GC_TIME_PS_Scavenge], Time(ms), 191.0
[TOTAL_GC_TIME_%_PS_Scavenge], Time(%), 0.015916454447274034
[TOTAL_GCS_PS_MarkSweep], Count, 0.0
[TOTAL_GC_TIME_PS_MarkSweep], Time(ms), 0.0
[TOTAL_GC_TIME_%_PS_MarkSweep], Time(%), 0.0
[TOTAL_GCs], Count, 59.0
[TOTAL_GC_TIME], Time(ms), 191.0
[TOTAL_GC_TIME_%], Time(%), 0.015916454447274034
[CLEANUP], Operations, 1.0
[CLEANUP], AverageLatency(us), 872.0
[CLEANUP], MinLatency(us), 872.0
[CLEANUP], MaxLatency(us), 872.0
[CLEANUP], 95thPercentileLatency(us), 872.0
[CLEANUP], 99thPercentileLatency(us), 872.0
[READ], Operations, 478172.0
[READ], AverageLatency(us), 2505.2747776950555
[READ], MinLatency(us), 111.0
[READ], MaxLatency(us), 196735.0
[READ], 95thPercentileLatency(us), 9887.0
[READ], 99thPercentileLatency(us), 20479.0
[READ], Return=OK, 478172
========== STOP: Container mysql Memory STATS ==============
cache 403107840
rss 596807680
rss_huge 0
mapped_file 2592768
writeback 0
swap 0
pgpgin 1904083
pgpgout 1659963
pgfault 336314
pgmajfault 367
inactive_anon 298569728
active_anon 298311680
inactive_file 201719808
active_file 201314304
unevictable 0
hierarchical_memory_limit 999997440
hierarchical_memsw_limit 999997440
total_cache 403107840
total_rss 596807680
total_rss_huge 0
total_mapped_file 2592768
total_writeback 0
total_swap 0
total_pgpgin 1904083
total_pgpgout 1659963
total_pgfault 336314
total_pgmajfault 367
total_inactive_anon 298569728
total_active_anon 298311680
total_inactive_file 201719808
total_active_file 201314304
total_unevictable 0
======== END Container STATS ======
