========== START: Container mysql Memory STATS ==============
cache 58138624
rss 471326720
rss_huge 0
mapped_file 20635648
writeback 0
swap 0
pgpgin 208871
pgpgout 79607
pgfault 304679
pgmajfault 352
inactive_anon 49152
active_anon 471326720
inactive_file 40906752
active_file 17154048
unevictable 0
hierarchical_memory_limit 9223372036854771712
hierarchical_memsw_limit 9223372036854771712
total_cache 58138624
total_rss 471326720
total_rss_huge 0
total_mapped_file 20635648
total_writeback 0
total_swap 0
total_pgpgin 208871
total_pgpgout 79607
total_pgfault 304679
total_pgmajfault 352
total_inactive_anon 49152
total_active_anon 471326720
total_inactive_file 40906752
total_active_file 17154048
total_unevictable 0
======== END Container STATS ======
java -cp /usr/share/java/mysql-connector-java.jar:/home/ubuntu/ycsb/jdbc-binding/conf:/home/ubuntu/ycsb/conf:/home/ubuntu/ycsb/lib/jackson-mapper-asl-1.9.4.jar:/home/ubuntu/ycsb/lib/jackson-core-asl-1.9.4.jar:/home/ubuntu/ycsb/lib/htrace-core4-4.1.0-incubating.jar:/home/ubuntu/ycsb/lib/core-0.12.0.jar:/home/ubuntu/ycsb/lib/HdrHistogram-2.1.4.jar:/home/ubuntu/ycsb/jdbc-binding/lib/commons-lang-2.4.jar:/home/ubuntu/ycsb/jdbc-binding/lib/openjpa-jdbc-2.1.1.jar:/home/ubuntu/ycsb/jdbc-binding/lib/openjpa-kernel-2.1.1.jar:/home/ubuntu/ycsb/jdbc-binding/lib/geronimo-jta_1.1_spec-1.1.1.jar:/home/ubuntu/ycsb/jdbc-binding/lib/serp-1.13.1.jar:/home/ubuntu/ycsb/jdbc-binding/lib/geronimo-jms_1.1_spec-1.1.1.jar:/home/ubuntu/ycsb/jdbc-binding/lib/jdbc-binding-0.12.0.jar:/home/ubuntu/ycsb/jdbc-binding/lib/commons-collections-3.2.1.jar:/home/ubuntu/ycsb/jdbc-binding/lib/openjpa-lib-2.1.1.jar:/home/ubuntu/ycsb/jdbc-binding/lib/commons-pool-1.5.4.jar:/home/ubuntu/ycsb/jdbc-binding/lib/mysql-connector-java-5.1.28.jar com.yahoo.ycsb.Client -db com.yahoo.ycsb.db.JdbcDBClient -p db.url=jdbc:mysql://10.0.3.35/ycsb -p db.user=root -p db.password=root -P /home/ubuntu/ycsb/workloads/workload1 -p maxexecutiontime=1200 -t
YCSB Client 0.12.0
Command line: -db com.yahoo.ycsb.db.JdbcDBClient -p db.url=jdbc:mysql://10.0.3.35/ycsb -p db.user=root -p db.password=root -P /home/ubuntu/ycsb/workloads/workload1 -p maxexecutiontime=1200 -t
Loading workload...
Starting test.
Adding shard node URL: jdbc:mysql://10.0.3.35/ycsb
Maximum execution time specified as: 1200 secs
Using shards: 1, batchSize:-1, fetchSize: -1
DBWrapper: report latency for each error is false and specific error codes to track for latency are: []
Maximum time elapsed. Requesting stop for the workload.
Stop requested for workload. Now Joining!
[OVERALL], RunTime(ms), 1200051.0
[OVERALL], Throughput(ops/sec), 345.77613784747484
[TOTAL_GCS_PS_Scavenge], Count, 48.0
[TOTAL_GC_TIME_PS_Scavenge], Time(ms), 200.0
[TOTAL_GC_TIME_%_PS_Scavenge], Time(%), 0.01666595836343622
[TOTAL_GCS_PS_MarkSweep], Count, 0.0
[TOTAL_GC_TIME_PS_MarkSweep], Time(ms), 0.0
[TOTAL_GC_TIME_%_PS_MarkSweep], Time(%), 0.0
[TOTAL_GCs], Count, 48.0
[TOTAL_GC_TIME], Time(ms), 200.0
[TOTAL_GC_TIME_%], Time(%), 0.01666595836343622
[CLEANUP], Operations, 1.0
[CLEANUP], AverageLatency(us), 957.0
[CLEANUP], MinLatency(us), 957.0
[CLEANUP], MaxLatency(us), 957.0
[CLEANUP], 95thPercentileLatency(us), 957.0
[CLEANUP], 99thPercentileLatency(us), 957.0
[READ], Operations, 414949.0
[READ], AverageLatency(us), 2886.4126483013574
[READ], MinLatency(us), 112.0
[READ], MaxLatency(us), 244607.0
[READ], 95thPercentileLatency(us), 10431.0
[READ], 99thPercentileLatency(us), 24527.0
[READ], Return=OK, 414949
========== STOP: Container mysql Memory STATS ==============
cache 403120128
rss 596803584
rss_huge 0
mapped_file 3981312
writeback 0
swap 0
pgpgin 1690408
pgpgout 1446286
pgfault 337092
pgmajfault 408
inactive_anon 298819584
active_anon 298057728
inactive_file 201699328
active_file 201347072
unevictable 0
hierarchical_memory_limit 999997440
hierarchical_memsw_limit 999997440
total_cache 403120128
total_rss 596803584
total_rss_huge 0
total_mapped_file 3981312
total_writeback 0
total_swap 0
total_pgpgin 1690408
total_pgpgout 1446286
total_pgfault 337092
total_pgmajfault 408
total_inactive_anon 298819584
total_active_anon 298057728
total_inactive_file 201699328
total_active_file 201347072
total_unevictable 0
======== END Container STATS ======
