========== START: Container mongo Memory STATS ==============
cache 26095616
rss 8130560
rss_huge 0
mapped_file 8941568
writeback 0
swap 0
pgpgin 79215
pgpgout 70859
pgfault 177192
pgmajfault 206
inactive_anon 49152
active_anon 8151040
inactive_file 11694080
active_file 14323712
unevictable 0
hierarchical_memory_limit 9223372036854771712
hierarchical_memsw_limit 9223372036854771712
total_cache 26095616
total_rss 8130560
total_rss_huge 0
total_mapped_file 8941568
total_writeback 0
total_swap 0
total_pgpgin 79215
total_pgpgout 70859
total_pgfault 177192
total_pgmajfault 206
total_inactive_anon 49152
total_active_anon 8151040
total_inactive_file 11694080
total_active_file 14323712
total_unevictable 0
======== END Container STATS ======
java -cp /home/ubuntu/ycsb/redis-binding/conf:/home/ubuntu/ycsb/conf:/home/ubuntu/ycsb/lib/commons-pool-1.5.5.jar:/home/ubuntu/ycsb/lib/jackson-mapper-asl-1.9.4.jar:/home/ubuntu/ycsb/lib/redis-binding-0.13.0-SNAPSHOT.jar:/home/ubuntu/ycsb/lib/jackson-core-asl-1.9.4.jar:/home/ubuntu/ycsb/lib/htrace-core4-4.1.0-incubating.jar:/home/ubuntu/ycsb/lib/jedis-2.0.0.jar:/home/ubuntu/ycsb/lib/HdrHistogram-2.1.4.jar:/home/ubuntu/ycsb/lib/core-0.13.0-SNAPSHOT.jar com.yahoo.ycsb.Client -db com.yahoo.ycsb.db.RedisClient -s -P /home/ubuntu/ycsb/workloads/workload1 -p redis.host=10.0.3.168 -p redis.port=6379 -load
Command line: -db com.yahoo.ycsb.db.RedisClient -s -P /home/ubuntu/ycsb/workloads/workload1 -p redis.host=10.0.3.168 -p redis.port=6379 -loadYCSB Client 0.13.0-SNAPSHOT

Loading workload...
Starting test.
DBWrapper: report latency for each error is false and specific error codes to track for latency are: []
2017-06-08 18:31:24:138 0 sec: 0 operations; est completion in 0 seconds 
2017-06-08 18:31:34:009 10 sec: 60784 operations; 6078.4 current ops/sec; est completion in 23 seconds [INSERT: Count=61015, Max=51679, Min=129, Avg=154.83, 90=168, 99=251, 99.9=405, 99.99=6219] 
2017-06-08 18:31:44:009 20 sec: 104719 operations; 4393.5 current ops/sec; est completion in 19 seconds [INSERT: Count=43704, Max=184831, Min=128, Avg=221.29, 90=176, 99=650, 99.9=10967, 99.99=58239] 
2017-06-08 18:31:54:009 30 sec: 115307 operations; 1058.8 current ops/sec; est completion in 23 seconds [INSERT: Count=10588, Max=237823, Min=137, Avg=939.2, 90=328, 99=10863, 99.9=41311, 99.99=163199] 
2017-06-08 18:32:04:009 40 sec: 123452 operations; 814.5 current ops/sec; est completion in 25 seconds [INSERT: Count=8145, Max=143615, Min=187, Avg=1229.19, 90=3867, 99=13823, 99.9=50719, 99.99=108031] 
2017-06-08 18:32:14:009 50 sec: 130303 operations; 685.1 current ops/sec; est completion in 27 seconds [INSERT: Count=6851, Max=585727, Min=188, Avg=1455.25, 90=5735, 99=13415, 99.9=32639, 99.99=131583] 
2017-06-08 18:32:24:009 60 sec: 131521 operations; 121.8 current ops/sec; est completion in 32 seconds [INSERT: Count=1218, Max=277759, Min=153, Avg=8201.47, 90=12359, 99=197631, 99.9=273663, 99.99=277759] 
2017-06-08 18:32:34:009 70 sec: 132109 operations; 58.8 current ops/sec; est completion in 36 seconds [INSERT: Count=588, Max=381951, Min=143, Avg=16790.89, 90=20559, 99=223103, 99.9=306943, 99.99=381951] 
2017-06-08 18:32:44:009 80 sec: 132761 operations; 65.2 current ops/sec; est completion in 41 seconds [INSERT: Count=652, Max=271615, Min=143, Avg=15514.41, 90=18959, 99=207103, 99.9=267007, 99.99=271615] 
2017-06-08 18:32:54:009 90 sec: 133546 operations; 78.5 current ops/sec; est completion in 45 seconds [INSERT: Count=785, Max=287743, Min=142, Avg=12703.63, 90=17439, 99=186367, 99.9=270079, 99.99=287743] 
2017-06-08 18:33:04:009 100 sec: 134510 operations; 96.4 current ops/sec; est completion in 49 seconds [INSERT: Count=964, Max=215423, Min=141, Avg=10378.68, 90=14311, 99=153599, 99.9=205567, 99.99=215423] 
2017-06-08 18:33:14:009 110 sec: 135687 operations; 117.7 current ops/sec; est completion in 53 seconds [INSERT: Count=1177, Max=234367, Min=139, Avg=8458.47, 90=12215, 99=132095, 99.9=205311, 99.99=234367] 
2017-06-08 18:33:24:009 120 sec: 137493 operations; 180.6 current ops/sec; est completion in 55 seconds [INSERT: Count=1806, Max=253823, Min=138, Avg=5522.83, 90=9831, 99=98367, 99.9=190591, 99.99=253823] 
2017-06-08 18:33:34:009 130 sec: 140139 operations; 264.6 current ops/sec; est completion in 56 seconds [INSERT: Count=2646, Max=246399, Min=137, Avg=3773.4, 90=8815, 99=76543, 99.9=116415, 99.99=246399] 
2017-06-08 18:33:44:009 140 sec: 152411 operations; 1227.2 current ops/sec; est completion in 44 seconds [INSERT: Count=12272, Max=458239, Min=133, Avg=814.39, 90=252, 99=10271, 99.9=61471, 99.99=157055] 
2017-06-08 18:33:54:009 150 sec: 180720 operations; 2830.9 current ops/sec; est completion in 17 seconds [INSERT: Count=28309, Max=567295, Min=187, Avg=348.58, 90=226, 99=4275, 99.9=19727, 99.99=63135] 
2017-06-08 18:34:04:009 160 sec: 192900 operations; 1218 current ops/sec; est completion in 6 seconds [INSERT: Count=12180, Max=204927, Min=187, Avg=816.4, 90=271, 99=10031, 99.9=56575, 99.99=142975] 
2017-06-08 18:34:13:138 169 sec: 200000 operations; 777.74 current ops/sec; [CLEANUP: Count=1, Max=203, Min=203, Avg=203, 90=203, 99=203, 99.9=203, 99.99=203] [INSERT: Count=7100, Max=143103, Min=188, Avg=1280.87, 90=4339, 99=13207, 99.9=56191, 99.99=130879] 
[OVERALL], RunTime(ms), 169129.0
[OVERALL], Throughput(ops/sec), 1182.52931194532
[TOTAL_GCS_PS_Scavenge], Count, 18.0
[TOTAL_GC_TIME_PS_Scavenge], Time(ms), 157.0
[TOTAL_GC_TIME_%_PS_Scavenge], Time(%), 0.0928285509877076
[TOTAL_GCS_PS_MarkSweep], Count, 0.0
[TOTAL_GC_TIME_PS_MarkSweep], Time(ms), 0.0
[TOTAL_GC_TIME_%_PS_MarkSweep], Time(%), 0.0
[TOTAL_GCs], Count, 18.0
[TOTAL_GC_TIME], Time(ms), 157.0
[TOTAL_GC_TIME_%], Time(%), 0.0928285509877076
[CLEANUP], Operations, 1.0
[CLEANUP], AverageLatency(us), 203.0
[CLEANUP], MinLatency(us), 203.0
[CLEANUP], MaxLatency(us), 203.0
[CLEANUP], 95thPercentileLatency(us), 203.0
[CLEANUP], 99thPercentileLatency(us), 203.0
[INSERT], Operations, 200000.0
[INSERT], AverageLatency(us), 839.067355
[INSERT], MinLatency(us), 128.0
[INSERT], MaxLatency(us), 585727.0
[INSERT], 95thPercentileLatency(us), 2046.0
[INSERT], 99thPercentileLatency(us), 10615.0
[INSERT], Return=OK, 200000
========== STOP: Container mongo Memory STATS ==============
cache 1560576
rss 998244352
rss_huge 0
mapped_file 921600
writeback 0
swap 1116745728
pgpgin 621805
pgpgout 377712
pgfault 757734
pgmajfault 27037
inactive_anon 499245056
active_anon 498995200
inactive_file 245760
active_file 1294336
unevictable 0
hierarchical_memory_limit 999997440
hierarchical_memsw_limit 9223372036854771712
total_cache 1560576
total_rss 998244352
total_rss_huge 0
total_mapped_file 921600
total_writeback 0
total_swap 1116745728
total_pgpgin 621805
total_pgpgout 377712
total_pgfault 757734
total_pgmajfault 27037
total_inactive_anon 499245056
total_active_anon 498995200
total_inactive_file 245760
total_active_file 1294336
total_unevictable 0
======== END Container STATS ======
