========== Container 4 Memory STATS ==============
cache 23789568
rss 7585792
rss_huge 0
mapped_file 8032256
writeback 0
pgpgin 77616
pgpgout 69956
pgfault 173389
pgmajfault 196
inactive_anon 49152
active_anon 7573504
inactive_file 10858496
active_file 12836864
unevictable 0
hierarchical_memory_limit 999997440
total_cache 23789568
total_rss 7585792
total_rss_huge 0
total_mapped_file 8032256
total_writeback 0
total_pgpgin 77616
total_pgpgout 69956
total_pgfault 173389
total_pgmajfault 196
total_inactive_anon 49152
total_active_anon 7573504
total_inactive_file 10858496
total_active_file 12836864
total_unevictable 0
======== END Container STATS ======
WARNING: Could not open /proc/sys/kernel/shmmax file!
It means that you probably ran Filebench not as a root. Filebench will not increase shared
region limits in this case, which can lead to the failures on certain workloads.
Filebench Version 1.4.9.1
 1856: 0.000: Allocated 170MB of shared memory
 1856: 0.013: Eventgen rate taken from variable
 1856: 0.014: Video Server Version 3.0 personality successfully loaded
 1856: 0.014: Creating/pre-allocating files and filesets
 1856: 0.033: Fileset passivevids: 10 files, 0 leafdirs, avg dir width = 20, avg dir depth = 0.8, 5699.813MB
 1856: 0.033: Re-using fileset passivevids.
 1856: 0.033: Creating fileset passivevids...
 1856: 0.033: Preallocated 6 of 10 of fileset passivevids in 1 seconds
 1856: 0.033: Fileset activevids: 5 files, 0 leafdirs, avg dir width = 4, avg dir depth = 1.2, 7474.542MB
 1856: 0.033: Re-using fileset activevids.
 1856: 0.033: Creating fileset activevids...
 1856: 0.063: Preallocated 5 of 5 of fileset activevids in 1 seconds
 1856: 0.063: waiting for fileset pre-allocation to finish
 1880: 12.162: Starting 1 vidreaders instances
 1880: 12.956: Starting 1 vidwriter instances
 1882: 13.399: Starting 1 vidwriter threads
 1881: 13.419: Starting 16 vidreaders threads
 1856: 15.436: Running...
 1856: 615.485: Run took 600 seconds...
 1856: 615.773: Per-Operation Breakdown
vidreader            7059720ops    11764ops/s 2938.3mb/s      0.5ms/op      436us/op-cpu [0ms - 1076ms]
replaceinterval      24ops        0ops/s   0.0mb/s  20002.3ms/op      417us/op-cpu [20000ms - 20004ms]
wrtclose             25ops        0ops/s   0.0mb/s      0.0ms/op        0us/op-cpu [0ms - 0ms]
newvid               25ops        0ops/s  23.6mb/s   4407.9ms/op   584000us/op-cpu [99ms - 16311ms]
wrtopen              25ops        0ops/s   0.0mb/s      0.1ms/op        0us/op-cpu [0ms - 0ms]
vidremover           25ops        0ops/s   0.0mb/s     67.1ms/op     5200us/op-cpu [0ms - 520ms]
 1856: 615.773: IO Summary: 7059820 ops, 11764.343 ops/s, (11764/0 r/w), 2961.9mb/s,     78us cpu/op,   0.5ms latency
 1856: 615.773: Shutting down processes
========== Container 4 Memory STATS AT END ==============
cache 846585856
rss 1110016
rss_huge 0
mapped_file 2093056
writeback 0
pgpgin 24049907
pgpgout 23842950
pgfault 14357287
pgmajfault 859
inactive_anon 65536
active_anon 1044480
inactive_file 296099840
active_file 550486016
unevictable 0
hierarchical_memory_limit 999997440
total_cache 846585856
total_rss 1110016
total_rss_huge 0
total_mapped_file 2093056
total_writeback 0
total_pgpgin 24049907
total_pgpgout 23842950
total_pgfault 14357287
total_pgmajfault 859
total_inactive_anon 65536
total_active_anon 1044480
total_inactive_file 296099840
total_active_file 550486016
total_unevictable 0
======== END Container STATS ======
