========== Container 1 Memory STATS ==============
cache 55529472
rss 468627456
rss_huge 0
mapped_file 20844544
writeback 0
pgpgin 206860
pgpgout 78892
pgfault 301905
pgmajfault 354
inactive_anon 53248
active_anon 468664320
inactive_file 37818368
active_file 17620992
unevictable 0
hierarchical_memory_limit 999997440
total_cache 55529472
total_rss 468627456
total_rss_huge 0
total_mapped_file 20844544
total_writeback 0
total_pgpgin 206860
total_pgpgout 78892
total_pgfault 301905
total_pgmajfault 354
total_inactive_anon 53248
total_active_anon 468664320
total_inactive_file 37818368
total_active_file 17620992
total_unevictable 0
======== END Container STATS ======
WARNING: Could not open /proc/sys/kernel/shmmax file!
It means that you probably ran Filebench not as a root. Filebench will not increase shared
region limits in this case, which can lead to the failures on certain workloads.
Filebench Version 1.4.9.1
 1946: 0.000: Allocated 170MB of shared memory
 1946: 0.015: Eventgen rate taken from variable
 1946: 0.015: Video Server Version 3.0 personality successfully loaded
 1946: 0.015: Creating/pre-allocating files and filesets
 1946: 0.027: Fileset passivevids: 10 files, 0 leafdirs, avg dir width = 20, avg dir depth = 0.8, 5699.813MB
 1946: 0.027: Re-using fileset passivevids.
 1946: 0.027: Creating fileset passivevids...
 1946: 0.027: Preallocated 6 of 10 of fileset passivevids in 1 seconds
 1946: 0.027: Fileset activevids: 5 files, 0 leafdirs, avg dir width = 4, avg dir depth = 1.2, 7474.542MB
 1946: 0.027: Re-using fileset activevids.
 1946: 0.027: Creating fileset activevids...
 1946: 0.037: Preallocated 5 of 5 of fileset activevids in 1 seconds
 1946: 0.037: waiting for fileset pre-allocation to finish
 1964: 6.481: Starting 1 vidreaders instances
 1964: 6.491: Starting 1 vidwriter instances
 1965: 6.541: Starting 16 vidreaders threads
 1966: 6.553: Starting 1 vidwriter threads
 1946: 7.565: Running...
 1946: 1808.053: Run took 1800 seconds...
 1946: 1808.130: Per-Operation Breakdown
vidreader            212959ops      118ops/s  29.6mb/s     58.3ms/op    53965us/op-cpu [0ms - 1133ms]
replaceinterval      62ops        0ops/s   0.0mb/s  20002.6ms/op     1613us/op-cpu [20000ms - 20007ms]
wrtclose             63ops        0ops/s   0.0mb/s      0.0ms/op        0us/op-cpu [0ms - 0ms]
newvid               63ops        0ops/s  19.6mb/s   8360.8ms/op   956032us/op-cpu [1251ms - 30329ms]
wrtopen              63ops        0ops/s   0.0mb/s      3.5ms/op      794us/op-cpu [0ms - 115ms]
vidremover           63ops        0ops/s   0.0mb/s    142.7ms/op     6667us/op-cpu [0ms - 2287ms]
 1946: 1808.130: IO Summary: 213211 ops, 118.418 ops/s, (118/0 r/w),  49.1mb/s,   8026us cpu/op,  60.8ms latency
 1946: 1808.130: Shutting down processes
========== Container 1 Memory STATS AT END ==============
cache 580894720
rss 64188416
rss_huge 0
mapped_file 2170880
writeback 0
pgpgin 18847758
pgpgout 18690267
pgfault 849275
pgmajfault 1273
inactive_anon 60899328
active_anon 3309568
inactive_file 291835904
active_file 289038336
unevictable 0
hierarchical_memory_limit 999997440
total_cache 580894720
total_rss 64188416
total_rss_huge 0
total_mapped_file 2170880
total_writeback 0
total_pgpgin 18847758
total_pgpgout 18690267
total_pgfault 849275
total_pgmajfault 1273
total_inactive_anon 60899328
total_active_anon 3309568
total_inactive_file 291835904
total_active_file 289038336
total_unevictable 0
======== END Container STATS ======
