========== Container 1 Memory STATS ==============
cache 34914304
rss 9318400
rss_huge 0
mapped_file 14524416
writeback 0
pgpgin 82017
pgpgout 71218
pgfault 177213
pgmajfault 257
inactive_anon 49152
active_anon 9318400
inactive_file 20934656
active_file 13873152
unevictable 0
hierarchical_memory_limit 999997440
total_cache 34914304
total_rss 9318400
total_rss_huge 0
total_mapped_file 14524416
total_writeback 0
total_pgpgin 82017
total_pgpgout 71218
total_pgfault 177213
total_pgmajfault 257
total_inactive_anon 49152
total_active_anon 9318400
total_inactive_file 20934656
total_active_file 13873152
total_unevictable 0
======== END Container STATS ======
WARNING: Could not open /proc/sys/kernel/shmmax file!
It means that you probably ran Filebench not as a root. Filebench will not increase shared
region limits in this case, which can lead to the failures on certain workloads.
Filebench Version 1.4.9.1
 1927: 0.000: Allocated 170MB of shared memory
 1927: 0.014: Eventgen rate taken from variable
 1927: 0.014: Video Server Version 3.0 personality successfully loaded
 1927: 0.015: Creating/pre-allocating files and filesets
 1927: 0.061: Fileset passivevids: 10 files, 0 leafdirs, avg dir width = 20, avg dir depth = 0.8, 5699.813MB
 1927: 0.062: Removed any existing fileset passivevids in 1 seconds
 1927: 0.062: making tree for filset /home/ubuntu/passivevids
 1927: 0.102: Creating fileset passivevids...
 1927: 0.102: Preallocated 6 of 10 of fileset passivevids in 1 seconds
 1927: 0.102: Fileset activevids: 5 files, 0 leafdirs, avg dir width = 4, avg dir depth = 1.2, 7474.542MB
 1927: 0.129: Removed any existing fileset activevids in 1 seconds
 1927: 0.129: making tree for filset /home/ubuntu/activevids
 1927: 0.129: Creating fileset activevids...
 1927: 46.083: Preallocated 5 of 5 of fileset activevids in 46 seconds
 1927: 46.158: waiting for fileset pre-allocation to finish
 1992: 107.280: Starting 1 vidreaders instances
 1992: 108.037: Starting 1 vidwriter instances
 1994: 108.820: Starting 1 vidwriter threads
 1993: 109.552: Starting 16 vidreaders threads
 1927: 110.564: Running...
 1927: 1910.780: Run took 1800 seconds...
 1927: 1910.945: Per-Operation Breakdown
serverlimit          685962ops      381ops/s   0.0mb/s     39.9ms/op    26612us/op-cpu [0ms - 2300ms]
vidreader            686009ops      381ops/s  95.2mb/s      5.5ms/op     1363us/op-cpu [0ms - 2266ms]
replaceinterval      73ops        0ops/s   0.0mb/s  20000.3ms/op        0us/op-cpu [20000ms - 20002ms]
wrtclose             74ops        0ops/s   0.0mb/s      0.0ms/op        0us/op-cpu [0ms - 0ms]
newvid               74ops        0ops/s  23.7mb/s   4458.3ms/op   917568us/op-cpu [173ms - 21533ms]
wrtopen              74ops        0ops/s   0.0mb/s      0.1ms/op      135us/op-cpu [0ms - 0ms]
vidremover           74ops        0ops/s   0.0mb/s     13.1ms/op     8784us/op-cpu [1ms - 65ms]
 1927: 1910.945: IO Summary: 686305 ops, 381.235 ops/s, (381/0 r/w), 118.9mb/s,      0us cpu/op,   6.0ms latency
 1927: 1910.945: Shutting down processes
========== Container 1 Memory STATS AT END ==============
cache 772177920
rss 50630656
rss_huge 37748736
mapped_file 2174976
writeback 0
pgpgin 35647296
pgpgout 35546571
pgfault 2481102
pgmajfault 1400
inactive_anon 46149632
active_anon 4497408
inactive_file 386670592
active_file 385490944
unevictable 0
hierarchical_memory_limit 999997440
total_cache 772177920
total_rss 50630656
total_rss_huge 37748736
total_mapped_file 2174976
total_writeback 0
total_pgpgin 35647296
total_pgpgout 35546571
total_pgfault 2481102
total_pgmajfault 1400
total_inactive_anon 46149632
total_active_anon 4497408
total_inactive_file 386670592
total_active_file 385490944
total_unevictable 0
======== END Container STATS ======
