========== Container c2 Memory STATS ==============
cache 23646208
rss 7680000
rss_huge 0
mapped_file 8032256
writeback 0
swap 0
pgpgin 77656
pgpgout 70008
pgfault 173141
pgmajfault 195
inactive_anon 49152
active_anon 7663616
inactive_file 10846208
active_file 12705792
unevictable 0
hierarchical_memory_limit 999997440
hierarchical_memsw_limit 9223372036854771712
total_cache 23646208
total_rss 7680000
total_rss_huge 0
total_mapped_file 8032256
total_writeback 0
total_swap 0
total_pgpgin 77656
total_pgpgout 70008
total_pgfault 173141
total_pgmajfault 195
total_inactive_anon 49152
total_active_anon 7663616
total_inactive_file 10846208
total_active_file 12705792
total_unevictable 0
======== END Container STATS ======
WARNING: Could not open /proc/sys/kernel/shmmax file!
It means that you probably ran Filebench not as a root. Filebench will not increase shared
region limits in this case, which can lead to the failures on certain workloads.
Filebench Version 1.4.9.1
 1853: 0.000: Allocated 170MB of shared memory
 1853: 0.010: Web-server Version 3.0 personality successfully loaded
 1853: 0.011: Creating/pre-allocating files and filesets
 1853: 0.033: Fileset logfiles: 1 files, 0 leafdirs, avg dir width = 20, avg dir depth = 0.0, 0.016MB
 1853: 0.059: Removed any existing fileset logfiles in 1 seconds
 1853: 0.059: making tree for filset /home/ubuntu/logfiles
 1853: 0.059: Creating fileset logfiles...
 1853: 0.059: Preallocated 1 of 1 of fileset logfiles in 1 seconds
 1853: 0.091: Fileset bigfileset: 24000 files, 0 leafdirs, avg dir width = 20, avg dir depth = 3.4, 2993.551MB
 1853: 0.091: Re-using fileset bigfileset.
 1853: 0.091: Creating fileset bigfileset...
 1853: 1.738: Preallocated 24000 of 24000 of fileset bigfileset in 2 seconds
 1853: 1.738: waiting for fileset pre-allocation to finish
25857: 1.769: Starting 1 filereader instances
25858: 1.782: Starting 8 filereaderthread threads
 1853: 2.801: Running...
