--------------------MEMCG-----------------------
MEM ONLY  : 953 MB
MEM+SWAP  : 1137 MB
cache 921600
rss 998957056
rss_huge 0
mapped_file 696320
writeback 0
swap 192901120
pgpgin 369683
pgpgout 125572
pgfault 469970
pgmajfault 2232
inactive_anon 499519488
active_anon 499400704
inactive_file 307200
active_file 614400
unevictable 0
hierarchical_memory_limit 999997440
hierarchical_memsw_limit 9223372036854771712
total_cache 921600
total_rss 998957056
total_rss_huge 0
total_mapped_file 696320
total_writeback 0
total_swap 192901120
total_pgpgin 369683
total_pgpgout 125572
total_pgfault 469970
total_pgmajfault 2232
total_inactive_anon 499519488
total_active_anon 499400704
total_inactive_file 307200
total_active_file 614400
total_unevictable 0
--------------------BLKIO-----------------------
11:0 Read 0
11:0 Write 0
11:0 Sync 0
11:0 Async 0
11:0 Total 0
253:0 Read 34328576
253:0 Write 203177984
253:0 Sync 0
253:0 Async 237506560
253:0 Total 237506560
Total 237506560
--------------------CPUAC-----------------------
user 436
system 455
 
--------------------MEMCG-----------------------
MEM ONLY  : 953 MB
MEM+SWAP  : 1327 MB
cache 2580480
rss 997330944
rss_huge 0
mapped_file 1249280
writeback 0
swap 392409088
pgpgin 424718
pgpgout 180599
pgfault 532541
pgmajfault 8443
inactive_anon 498720768
active_anon 498601984
inactive_file 368640
active_file 2211840
unevictable 0
hierarchical_memory_limit 999997440
hierarchical_memsw_limit 9223372036854771712
total_cache 2580480
total_rss 997330944
total_rss_huge 0
total_mapped_file 1249280
total_writeback 0
total_swap 392409088
total_pgpgin 424718
total_pgpgout 180599
total_pgfault 532541
total_pgmajfault 8443
total_inactive_anon 498720768
total_active_anon 498601984
total_inactive_file 368640
total_active_file 2211840
total_unevictable 0
--------------------BLKIO-----------------------
11:0 Read 0
11:0 Write 0
11:0 Sync 0
11:0 Async 0
11:0 Total 0
253:0 Read 60559360
253:0 Write 462409728
253:0 Sync 0
253:0 Async 522969088
253:0 Total 522969088
Total 522969088
--------------------CPUAC-----------------------
user 504
system 596
 
--------------------MEMCG-----------------------
MEM ONLY  : 953 MB
MEM+SWAP  : 1349 MB
cache 2899968
rss 997081088
rss_huge 0
mapped_file 1589248
writeback 0
swap 415330304
pgpgin 436881
pgpgout 192745
pgfault 556312
pgmajfault 14997
inactive_anon 498688000
active_anon 498393088
inactive_file 368640
active_file 2531328
unevictable 0
hierarchical_memory_limit 999997440
hierarchical_memsw_limit 9223372036854771712
total_cache 2899968
total_rss 997081088
total_rss_huge 0
total_mapped_file 1589248
total_writeback 0
total_swap 415330304
total_pgpgin 436881
total_pgpgout 192745
total_pgfault 556312
total_pgmajfault 14997
total_inactive_anon 498688000
total_active_anon 498393088
total_inactive_file 368640
total_active_file 2531328
total_unevictable 0
--------------------BLKIO-----------------------
11:0 Read 0
11:0 Write 0
11:0 Sync 0
11:0 Async 0
11:0 Total 0
253:0 Read 87986176
253:0 Write 480493568
253:0 Sync 0
253:0 Async 568479744
253:0 Total 568479744
Total 568479744
--------------------CPUAC-----------------------
user 513
system 625
 
--------------------MEMCG-----------------------
MEM ONLY  : 953 MB
MEM+SWAP  : 1386 MB
cache 2883584
rss 996954112
rss_huge 0
mapped_file 1572864
writeback 0
swap 453894144
pgpgin 451880
pgpgout 207779
pgfault 579712
pgmajfault 20612
inactive_anon 498573312
active_anon 498380800
inactive_file 528384
active_file 2355200
unevictable 0
hierarchical_memory_limit 999997440
hierarchical_memsw_limit 9223372036854771712
total_cache 2883584
total_rss 996954112
total_rss_huge 0
total_mapped_file 1572864
total_writeback 0
total_swap 453894144
total_pgpgin 451880
total_pgpgout 207779
total_pgfault 579712
total_pgmajfault 20612
total_inactive_anon 498573312
total_active_anon 498380800
total_inactive_file 528384
total_active_file 2355200
total_unevictable 0
--------------------BLKIO-----------------------
11:0 Read 0
11:0 Write 0
11:0 Sync 0
11:0 Async 0
11:0 Total 0
253:0 Read 111398912
253:0 Write 550977536
253:0 Sync 0
253:0 Async 662376448
253:0 Total 662376448
Total 662376448
--------------------CPUAC-----------------------
user 533
system 660
 
--------------------MEMCG-----------------------
MEM ONLY  : 953 MB
MEM+SWAP  : 1755 MB
cache 966656
rss 998887424
rss_huge 0
mapped_file 913408
writeback 0
swap 840376320
pgpgin 550336
pgpgout 306231
pgfault 682724
pgmajfault 24237
inactive_anon 499441664
active_anon 499437568
inactive_file 450560
active_file 516096
unevictable 0
hierarchical_memory_limit 999997440
hierarchical_memsw_limit 9223372036854771712
total_cache 966656
total_rss 998887424
total_rss_huge 0
total_mapped_file 913408
total_writeback 0
total_swap 840376320
total_pgpgin 550336
total_pgpgout 306231
total_pgfault 682724
total_pgmajfault 24237
total_inactive_anon 499441664
total_active_anon 499437568
total_inactive_file 450560
total_active_file 516096
total_unevictable 0
--------------------BLKIO-----------------------
11:0 Read 0
11:0 Write 0
11:0 Sync 0
11:0 Async 0
11:0 Total 0
253:0 Read 126443520
253:0 Write 943849472
253:0 Sync 0
253:0 Async 1070292992
253:0 Total 1070292992
Total 1070292992
--------------------CPUAC-----------------------
user 672
system 901
 
--------------------MEMCG-----------------------
MEM ONLY  : 953 MB
MEM+SWAP  : 2013 MB
cache 1814528
rss 998076416
rss_huge 0
mapped_file 1093632
writeback 0
swap 1111855104
pgpgin 622188
pgpgout 378074
pgfault 760290
pgmajfault 29683
inactive_anon 499384320
active_anon 498692096
inactive_file 442368
active_file 1372160
unevictable 0
hierarchical_memory_limit 999997440
hierarchical_memsw_limit 9223372036854771712
total_cache 1814528
total_rss 998076416
total_rss_huge 0
total_mapped_file 1093632
total_writeback 0
total_swap 1111855104
total_pgpgin 622188
total_pgpgout 378074
total_pgfault 760290
total_pgmajfault 29683
total_inactive_anon 499384320
total_active_anon 498692096
total_inactive_file 442368
total_active_file 1372160
total_unevictable 0
--------------------BLKIO-----------------------
11:0 Read 0
11:0 Write 0
11:0 Sync 0
11:0 Async 0
11:0 Total 0
253:0 Read 150892544
253:0 Write 1228881920
253:0 Sync 0
253:0 Async 1379774464
253:0 Total 1379774464
Total 1379774464
--------------------CPUAC-----------------------
user 756
system 1087
 
--------------------MEMCG-----------------------
MEM ONLY  : 953 MB
MEM+SWAP  : 2014 MB
cache 2056192
rss 997855232
rss_huge 0
mapped_file 1204224
writeback 0
swap 1112080384
pgpgin 634720
pgpgout 390601
pgfault 786756
pgmajfault 41711
inactive_anon 499609600
active_anon 498245632
inactive_file 442368
active_file 1613824
unevictable 0
hierarchical_memory_limit 999997440
hierarchical_memsw_limit 9223372036854771712
total_cache 2056192
total_rss 997855232
total_rss_huge 0
total_mapped_file 1204224
total_writeback 0
total_swap 1112080384
total_pgpgin 634720
total_pgpgout 390601
total_pgfault 786756
total_pgmajfault 41711
total_inactive_anon 499609600
total_active_anon 498245632
total_inactive_file 442368
total_active_file 1613824
total_unevictable 0
--------------------BLKIO-----------------------
11:0 Read 0
11:0 Write 0
11:0 Sync 0
11:0 Async 0
11:0 Total 0
253:0 Read 207093760
253:0 Write 1278103552
253:0 Sync 0
253:0 Async 1485197312
253:0 Total 1485197312
Total 1485197312
--------------------CPUAC-----------------------
user 763
system 1119
 
--------------------MEMCG-----------------------
MEM ONLY  : 953 MB
MEM+SWAP  : 2014 MB
cache 2056192
rss 997888000
rss_huge 0
mapped_file 1204224
writeback 0
swap 1112047616
pgpgin 647058
pgpgout 402931
pgfault 812869
pgmajfault 53524
inactive_anon 499187712
active_anon 498675712
inactive_file 442368
active_file 1613824
unevictable 0
hierarchical_memory_limit 999997440
hierarchical_memsw_limit 9223372036854771712
total_cache 2056192
total_rss 997888000
total_rss_huge 0
total_mapped_file 1204224
total_writeback 0
total_swap 1112047616
total_pgpgin 647058
total_pgpgout 402931
total_pgfault 812869
total_pgmajfault 53524
total_inactive_anon 499187712
total_active_anon 498675712
total_inactive_file 442368
total_active_file 1613824
total_unevictable 0
--------------------BLKIO-----------------------
11:0 Read 0
11:0 Write 0
11:0 Sync 0
11:0 Async 0
11:0 Total 0
253:0 Read 263041024
253:0 Write 1327562752
253:0 Sync 0
253:0 Async 1590603776
253:0 Total 1590603776
Total 1590603776
--------------------CPUAC-----------------------
user 770
system 1153
 
--------------------MEMCG-----------------------
MEM ONLY  : 953 MB
MEM+SWAP  : 2014 MB
cache 2056192
rss 997908480
rss_huge 0
mapped_file 1204224
writeback 0
swap 1112027136
pgpgin 658860
pgpgout 414728
pgfault 837594
pgmajfault 64568
inactive_anon 499126272
active_anon 498782208
inactive_file 442368
active_file 1613824
unevictable 0
hierarchical_memory_limit 999997440
hierarchical_memsw_limit 9223372036854771712
total_cache 2056192
total_rss 997908480
total_rss_huge 0
total_mapped_file 1204224
total_writeback 0
total_swap 1112027136
total_pgpgin 658860
total_pgpgout 414728
total_pgfault 837594
total_pgmajfault 64568
total_inactive_anon 499126272
total_active_anon 498782208
total_inactive_file 442368
total_active_file 1613824
total_unevictable 0
--------------------BLKIO-----------------------
11:0 Read 0
11:0 Write 0
11:0 Sync 0
11:0 Async 0
11:0 Total 0
253:0 Read 318230528
253:0 Write 1374150656
253:0 Sync 0
253:0 Async 1692381184
253:0 Total 1692381184
Total 1692381184
--------------------CPUAC-----------------------
user 783
system 1185
 
--------------------MEMCG-----------------------
MEM ONLY  : 953 MB
MEM+SWAP  : 2014 MB
cache 2056192
rss 997724160
rss_huge 0
mapped_file 1204224
writeback 0
swap 1112211456
pgpgin 670528
pgpgout 426441
pgfault 861951
pgmajfault 75376
inactive_anon 498966528
active_anon 498757632
inactive_file 442368
active_file 1613824
unevictable 0
hierarchical_memory_limit 999997440
hierarchical_memsw_limit 9223372036854771712
total_cache 2056192
total_rss 997724160
total_rss_huge 0
total_mapped_file 1204224
total_writeback 0
total_swap 1112211456
total_pgpgin 670528
total_pgpgout 426441
total_pgfault 861951
total_pgmajfault 75376
total_inactive_anon 498966528
total_active_anon 498757632
total_inactive_file 442368
total_active_file 1613824
total_unevictable 0
--------------------BLKIO-----------------------
11:0 Read 0
11:0 Write 0
11:0 Sync 0
11:0 Async 0
11:0 Total 0
253:0 Read 373596160
253:0 Write 1420705792
253:0 Sync 0
253:0 Async 1794301952
253:0 Total 1794301952
Total 1794301952
--------------------CPUAC-----------------------
user 792
system 1216
 
--------------------MEMCG-----------------------
MEM ONLY  : 953 MB
MEM+SWAP  : 2014 MB
cache 2056192
rss 997916672
rss_huge 0
mapped_file 1204224
writeback 0
swap 1112018944
pgpgin 682190
pgpgout 438056
pgfault 886097
pgmajfault 85994
inactive_anon 499142656
active_anon 498745344
inactive_file 442368
active_file 1613824
unevictable 0
hierarchical_memory_limit 999997440
hierarchical_memsw_limit 9223372036854771712
total_cache 2056192
total_rss 997916672
total_rss_huge 0
total_mapped_file 1204224
total_writeback 0
total_swap 1112018944
total_pgpgin 682190
total_pgpgout 438056
total_pgfault 886097
total_pgmajfault 85994
total_inactive_anon 499142656
total_active_anon 498745344
total_inactive_file 442368
total_active_file 1613824
total_unevictable 0
--------------------BLKIO-----------------------
11:0 Read 0
11:0 Write 0
11:0 Sync 0
11:0 Async 0
11:0 Total 0
253:0 Read 429903872
253:0 Write 1467330560
253:0 Sync 0
253:0 Async 1897234432
253:0 Total 1897234432
Total 1897234432
--------------------CPUAC-----------------------
user 800
system 1249
 
--------------------MEMCG-----------------------
MEM ONLY  : 953 MB
MEM+SWAP  : 2014 MB
cache 2056192
rss 997941248
rss_huge 0
mapped_file 1204224
writeback 0
swap 1111994368
pgpgin 693605
pgpgout 449465
pgfault 909574
pgmajfault 96217
inactive_anon 499204096
active_anon 498737152
inactive_file 442368
active_file 1613824
unevictable 0
hierarchical_memory_limit 999997440
hierarchical_memsw_limit 9223372036854771712
total_cache 2056192
total_rss 997941248
total_rss_huge 0
total_mapped_file 1204224
total_writeback 0
total_swap 1111994368
total_pgpgin 693605
total_pgpgout 449465
total_pgfault 909574
total_pgmajfault 96217
total_inactive_anon 499204096
total_active_anon 498737152
total_inactive_file 442368
total_active_file 1613824
total_unevictable 0
--------------------BLKIO-----------------------
11:0 Read 0
11:0 Write 0
11:0 Sync 0
11:0 Async 0
11:0 Total 0
253:0 Read 485400576
253:0 Write 1508642816
253:0 Sync 0
253:0 Async 1994043392
253:0 Total 1994043392
Total 1994043392
--------------------CPUAC-----------------------
user 809
system 1274
 
--------------------MEMCG-----------------------
MEM ONLY  : 953 MB
MEM+SWAP  : 2014 MB
cache 2056192
rss 997859328
rss_huge 0
mapped_file 1204224
writeback 0
swap 1112076288
pgpgin 704811
pgpgout 460691
pgfault 932348
pgmajfault 106026
inactive_anon 499040256
active_anon 498769920
inactive_file 442368
active_file 1613824
unevictable 0
hierarchical_memory_limit 999997440
hierarchical_memsw_limit 9223372036854771712
total_cache 2056192
total_rss 997859328
total_rss_huge 0
total_mapped_file 1204224
total_writeback 0
total_swap 1112076288
total_pgpgin 704811
total_pgpgout 460691
total_pgfault 932348
total_pgmajfault 106026
total_inactive_anon 499040256
total_active_anon 498769920
total_inactive_file 442368
total_active_file 1613824
total_unevictable 0
--------------------BLKIO-----------------------
11:0 Read 0
11:0 Write 0
11:0 Sync 0
11:0 Async 0
11:0 Total 0
253:0 Read 540852224
253:0 Write 1544138752
253:0 Sync 0
253:0 Async 2084990976
253:0 Total 2084990976
Total 2084990976
--------------------CPUAC-----------------------
user 813
system 1312
 
--------------------MEMCG-----------------------
MEM ONLY  : 953 MB
MEM+SWAP  : 2014 MB
cache 1994752
rss 997965824
rss_huge 0
mapped_file 1142784
writeback 0
swap 1111969792
pgpgin 715783
pgpgout 471652
pgfault 954457
pgmajfault 115613
inactive_anon 499179520
active_anon 498741248
inactive_file 589824
active_file 1404928
unevictable 0
hierarchical_memory_limit 999997440
hierarchical_memsw_limit 9223372036854771712
total_cache 1994752
total_rss 997965824
total_rss_huge 0
total_mapped_file 1142784
total_writeback 0
total_swap 1111969792
total_pgpgin 715783
total_pgpgout 471652
total_pgfault 954457
total_pgmajfault 115613
total_inactive_anon 499179520
total_active_anon 498741248
total_inactive_file 589824
total_active_file 1404928
total_unevictable 0
--------------------BLKIO-----------------------
11:0 Read 0
11:0 Write 0
11:0 Sync 0
11:0 Async 0
11:0 Total 0
253:0 Read 594305024
253:0 Write 1585844224
253:0 Sync 0
253:0 Async 2180149248
253:0 Total 2180149248
Total 2180149248
--------------------CPUAC-----------------------
user 822
system 1342
 
--------------------MEMCG-----------------------
MEM ONLY  : 953 MB
MEM+SWAP  : 2014 MB
cache 1843200
rss 998043648
rss_huge 0
mapped_file 991232
writeback 0
swap 1111891968
pgpgin 726543
pgpgout 482430
pgfault 976016
pgmajfault 124832
inactive_anon 499179520
active_anon 498860032
inactive_file 770048
active_file 1073152
unevictable 0
hierarchical_memory_limit 999997440
hierarchical_memsw_limit 9223372036854771712
total_cache 1843200
total_rss 998043648
total_rss_huge 0
total_mapped_file 991232
total_writeback 0
total_swap 1111891968
total_pgpgin 726543
total_pgpgout 482430
total_pgfault 976016
total_pgmajfault 124832
total_inactive_anon 499179520
total_active_anon 498860032
total_inactive_file 770048
total_active_file 1073152
total_unevictable 0
--------------------BLKIO-----------------------
11:0 Read 0
11:0 Write 0
11:0 Sync 0
11:0 Async 0
11:0 Total 0
253:0 Read 647860224
253:0 Write 1623646208
253:0 Sync 0
253:0 Async 2271506432
253:0 Total 2271506432
Total 2271506432
--------------------CPUAC-----------------------
user 831
system 1374
 
--------------------MEMCG-----------------------
MEM ONLY  : 953 MB
MEM+SWAP  : 2013 MB
cache 1761280
rss 998191104
rss_huge 0
mapped_file 909312
writeback 0
swap 1111744512
pgpgin 737156
pgpgout 493027
pgfault 997152
pgmajfault 133887
inactive_anon 499286016
active_anon 498900992
inactive_file 749568
active_file 1011712
unevictable 0
hierarchical_memory_limit 999997440
hierarchical_memsw_limit 9223372036854771712
total_cache 1761280
total_rss 998191104
total_rss_huge 0
total_mapped_file 909312
total_writeback 0
total_swap 1111744512
total_pgpgin 737156
total_pgpgout 493027
total_pgfault 997152
total_pgmajfault 133887
total_inactive_anon 499286016
total_active_anon 498900992
total_inactive_file 749568
total_active_file 1011712
total_unevictable 0
--------------------BLKIO-----------------------
11:0 Read 0
11:0 Write 0
11:0 Sync 0
11:0 Async 0
11:0 Total 0
253:0 Read 700604416
253:0 Write 1662984192
253:0 Sync 0
253:0 Async 2363588608
253:0 Total 2363588608
Total 2363588608
--------------------CPUAC-----------------------
user 838
system 1409
 
--------------------MEMCG-----------------------
MEM ONLY  : 953 MB
MEM+SWAP  : 2013 MB
cache 1757184
rss 998072320
rss_huge 0
mapped_file 905216
writeback 0
swap 1111863296
pgpgin 747894
pgpgout 503795
pgfault 1018365
pgmajfault 142817
inactive_anon 499183616
active_anon 498880512
inactive_file 737280
active_file 1019904
unevictable 0
hierarchical_memory_limit 999997440
hierarchical_memsw_limit 9223372036854771712
total_cache 1757184
total_rss 998072320
total_rss_huge 0
total_mapped_file 905216
total_writeback 0
total_swap 1111863296
total_pgpgin 747894
total_pgpgout 503795
total_pgfault 1018365
total_pgmajfault 142817
total_inactive_anon 499183616
total_active_anon 498880512
total_inactive_file 737280
total_active_file 1019904
total_unevictable 0
--------------------BLKIO-----------------------
11:0 Read 0
11:0 Write 0
11:0 Sync 0
11:0 Async 0
11:0 Total 0
253:0 Read 754663424
253:0 Write 1704566784
253:0 Sync 0
253:0 Async 2459230208
253:0 Total 2459230208
Total 2459230208
--------------------CPUAC-----------------------
user 847
system 1442
 
--------------------MEMCG-----------------------
MEM ONLY  : 953 MB
MEM+SWAP  : 2013 MB
cache 1753088
rss 998129664
rss_huge 0
mapped_file 901120
writeback 0
swap 1111805952
pgpgin 758276
pgpgout 514164
pgfault 1038662
pgmajfault 151366
inactive_anon 499216384
active_anon 498913280
inactive_file 733184
active_file 1019904
unevictable 0
hierarchical_memory_limit 999997440
hierarchical_memsw_limit 9223372036854771712
total_cache 1753088
total_rss 998129664
total_rss_huge 0
total_mapped_file 901120
total_writeback 0
total_swap 1111805952
total_pgpgin 758276
total_pgpgout 514164
total_pgfault 1038662
total_pgmajfault 151366
total_inactive_anon 499216384
total_active_anon 498913280
total_inactive_file 733184
total_active_file 1019904
total_unevictable 0
--------------------BLKIO-----------------------
11:0 Read 0
11:0 Write 0
11:0 Sync 0
11:0 Async 0
11:0 Total 0
253:0 Read 806809600
253:0 Write 1745498112
253:0 Sync 0
253:0 Async 2552307712
253:0 Total 2552307712
Total 2552307712
--------------------CPUAC-----------------------
user 853
system 1474
 
--------------------MEMCG-----------------------
MEM ONLY  : 953 MB
MEM+SWAP  : 2013 MB
cache 1748992
rss 998166528
rss_huge 0
mapped_file 897024
writeback 0
swap 1111769088
pgpgin 768605
pgpgout 524485
pgfault 1058808
pgmajfault 159826
inactive_anon 499286016
active_anon 498876416
inactive_file 729088
active_file 1019904
unevictable 0
hierarchical_memory_limit 999997440
hierarchical_memsw_limit 9223372036854771712
total_cache 1748992
total_rss 998166528
total_rss_huge 0
total_mapped_file 897024
total_writeback 0
total_swap 1111769088
total_pgpgin 768605
total_pgpgout 524485
total_pgfault 1058808
total_pgmajfault 159826
total_inactive_anon 499286016
total_active_anon 498876416
total_inactive_file 729088
total_active_file 1019904
total_unevictable 0
--------------------BLKIO-----------------------
11:0 Read 0
11:0 Write 0
11:0 Sync 0
11:0 Async 0
11:0 Total 0
253:0 Read 858525696
253:0 Write 1783021568
253:0 Sync 0
253:0 Async 2641547264
253:0 Total 2641547264
Total 2641547264
--------------------CPUAC-----------------------
user 860
system 1505
 
--------------------MEMCG-----------------------
MEM ONLY  : 953 MB
MEM+SWAP  : 2013 MB
cache 1748992
rss 998195200
rss_huge 0
mapped_file 897024
writeback 0
swap 1111740416
pgpgin 779151
pgpgout 535024
pgfault 1079236
pgmajfault 168309
inactive_anon 499261440
active_anon 498909184
inactive_file 724992
active_file 1024000
unevictable 0
hierarchical_memory_limit 999997440
hierarchical_memsw_limit 9223372036854771712
total_cache 1748992
total_rss 998195200
total_rss_huge 0
total_mapped_file 897024
total_writeback 0
total_swap 1111740416
total_pgpgin 779151
total_pgpgout 535024
total_pgfault 1079236
total_pgmajfault 168309
total_inactive_anon 499261440
total_active_anon 498909184
total_inactive_file 724992
total_active_file 1024000
total_unevictable 0
--------------------BLKIO-----------------------
11:0 Read 0
11:0 Write 0
11:0 Sync 0
11:0 Async 0
11:0 Total 0
253:0 Read 911945728
253:0 Write 1821696000
253:0 Sync 0
253:0 Async 2733641728
253:0 Total 2733641728
Total 2733641728
--------------------CPUAC-----------------------
user 867
system 1542
 
--------------------MEMCG-----------------------
MEM ONLY  : 953 MB
MEM+SWAP  : 2013 MB
cache 1748992
rss 998182912
rss_huge 0
mapped_file 897024
writeback 0
swap 1111752704
pgpgin 789316
pgpgout 545192
pgfault 1098748
pgmajfault 176363
inactive_anon 499208192
active_anon 498974720
inactive_file 712704
active_file 1036288
unevictable 0
hierarchical_memory_limit 999997440
hierarchical_memsw_limit 9223372036854771712
total_cache 1748992
total_rss 998182912
total_rss_huge 0
total_mapped_file 897024
total_writeback 0
total_swap 1111752704
total_pgpgin 789316
total_pgpgout 545192
total_pgfault 1098748
total_pgmajfault 176363
total_inactive_anon 499208192
total_active_anon 498974720
total_inactive_file 712704
total_active_file 1036288
total_unevictable 0
--------------------BLKIO-----------------------
11:0 Read 0
11:0 Write 0
11:0 Sync 0
11:0 Async 0
11:0 Total 0
253:0 Read 963846144
253:0 Write 1858437120
253:0 Sync 0
253:0 Async 2822283264
253:0 Total 2822283264
Total 2822283264
--------------------CPUAC-----------------------
user 876
system 1576
 
--------------------MEMCG-----------------------
MEM ONLY  : 953 MB
MEM+SWAP  : 2013 MB
cache 1748992
rss 997949440
rss_huge 0
mapped_file 897024
writeback 0
swap 1111986176
pgpgin 799388
pgpgout 555321
pgfault 1117812
pgmajfault 184079
inactive_anon 499195904
active_anon 498753536
inactive_file 696320
active_file 1052672
unevictable 0
hierarchical_memory_limit 999997440
hierarchical_memsw_limit 9223372036854771712
total_cache 1748992
total_rss 997949440
total_rss_huge 0
total_mapped_file 897024
total_writeback 0
total_swap 1111986176
total_pgpgin 799388
total_pgpgout 555321
total_pgfault 1117812
total_pgmajfault 184079
total_inactive_anon 499195904
total_active_anon 498753536
total_inactive_file 696320
total_active_file 1052672
total_unevictable 0
--------------------BLKIO-----------------------
11:0 Read 0
11:0 Write 0
11:0 Sync 0
11:0 Async 0
11:0 Total 0
253:0 Read 1015861248
253:0 Write 1896841216
253:0 Sync 0
253:0 Async 2912702464
253:0 Total 2912702464
Total 2912702464
--------------------CPUAC-----------------------
user 884
system 1608
 
--------------------MEMCG-----------------------
MEM ONLY  : 953 MB
MEM+SWAP  : 2013 MB
cache 1728512
rss 998203392
rss_huge 0
mapped_file 876544
writeback 0
swap 1111732224
pgpgin 809624
pgpgout 565500
pgfault 1137132
pgmajfault 191857
inactive_anon 499408896
active_anon 498794496
inactive_file 688128
active_file 1040384
unevictable 0
hierarchical_memory_limit 999997440
hierarchical_memsw_limit 9223372036854771712
total_cache 1728512
total_rss 998203392
total_rss_huge 0
total_mapped_file 876544
total_writeback 0
total_swap 1111732224
total_pgpgin 809624
total_pgpgout 565500
total_pgfault 1137132
total_pgmajfault 191857
total_inactive_anon 499408896
total_active_anon 498794496
total_inactive_file 688128
total_active_file 1040384
total_unevictable 0
--------------------BLKIO-----------------------
11:0 Read 0
11:0 Write 0
11:0 Sync 0
11:0 Async 0
11:0 Total 0
253:0 Read 1068580864
253:0 Write 1929408512
253:0 Sync 0
253:0 Async 2997989376
253:0 Total 2997989376
Total 2997989376
--------------------CPUAC-----------------------
user 890
system 1637
 
--------------------MEMCG-----------------------
MEM ONLY  : 953 MB
MEM+SWAP  : 2013 MB
cache 1716224
rss 998281216
rss_huge 0
mapped_file 876544
writeback 0
swap 1111654400
pgpgin 819409
pgpgout 575269
pgfault 1155555
pgmajfault 199340
inactive_anon 499372032
active_anon 498909184
inactive_file 679936
active_file 1036288
unevictable 0
hierarchical_memory_limit 999997440
hierarchical_memsw_limit 9223372036854771712
total_cache 1716224
total_rss 998281216
total_rss_huge 0
total_mapped_file 876544
total_writeback 0
total_swap 1111654400
total_pgpgin 819409
total_pgpgout 575269
total_pgfault 1155555
total_pgmajfault 199340
total_inactive_anon 499372032
total_active_anon 498909184
total_inactive_file 679936
total_active_file 1036288
total_unevictable 0
--------------------BLKIO-----------------------
11:0 Read 0
11:0 Write 0
11:0 Sync 0
11:0 Async 0
11:0 Total 0
253:0 Read 1118924800
253:0 Write 1957625856
253:0 Sync 0
253:0 Async 3076550656
253:0 Total 3076550656
Total 3076550656
--------------------CPUAC-----------------------
user 898
system 1668
 
--------------------MEMCG-----------------------
MEM ONLY  : 953 MB
MEM+SWAP  : 2013 MB
cache 1708032
rss 998207488
rss_huge 0
mapped_file 876544
writeback 0
swap 1111728128
pgpgin 829023
pgpgout 584903
pgfault 1173616
pgmajfault 206605
inactive_anon 499281920
active_anon 498925568
inactive_file 671744
active_file 1036288
unevictable 0
hierarchical_memory_limit 999997440
hierarchical_memsw_limit 9223372036854771712
total_cache 1708032
total_rss 998207488
total_rss_huge 0
total_mapped_file 876544
total_writeback 0
total_swap 1111728128
total_pgpgin 829023
total_pgpgout 584903
total_pgfault 1173616
total_pgmajfault 206605
total_inactive_anon 499281920
total_active_anon 498925568
total_inactive_file 671744
total_active_file 1036288
total_unevictable 0
--------------------BLKIO-----------------------
11:0 Read 0
11:0 Write 0
11:0 Sync 0
11:0 Async 0
11:0 Total 0
253:0 Read 1168601088
253:0 Write 1983188992
253:0 Sync 0
253:0 Async 3151790080
253:0 Total 3151790080
Total 3151790080
--------------------CPUAC-----------------------
user 907
system 1693
 
