--------------------MEMCG-----------------------
MEM ONLY  : 953 MB
MEM+SWAP  : 1017 MB
cache 729088
rss 999108608
rss_huge 0
mapped_file 520192
writeback 2916352
swap 67137536
pgpgin 338035
pgpgout 93934
pgfault 437716
pgmajfault 459
inactive_anon 487051264
active_anon 512028672
inactive_file 114688
active_file 610304
unevictable 0
hierarchical_memory_limit 999997440
hierarchical_memsw_limit 9223372036854771712
total_cache 729088
total_rss 999108608
total_rss_huge 0
total_mapped_file 520192
total_writeback 2916352
total_swap 67137536
total_pgpgin 338035
total_pgpgout 93934
total_pgfault 437716
total_pgmajfault 459
total_inactive_anon 487051264
total_active_anon 512028672
total_inactive_file 114688
total_active_file 610304
total_unevictable 0
--------------------BLKIO-----------------------
11:0 Read 0
11:0 Write 0
11:0 Sync 0
11:0 Async 0
11:0 Total 0
253:0 Read 26755072
253:0 Write 72859648
253:0 Sync 0
253:0 Async 99614720
253:0 Total 99614720
Total 99614720
--------------------CPUAC-----------------------
user 343
system 381
 
--------------------MEMCG-----------------------
MEM ONLY  : 953 MB
MEM+SWAP  : 1298 MB
cache 663552
rss 999153664
rss_huge 0
mapped_file 471040
writeback 0
swap 361852928
pgpgin 415902
pgpgout 171806
pgfault 521693
pgmajfault 6361
inactive_anon 499691520
active_anon 499466240
inactive_file 143360
active_file 516096
unevictable 0
hierarchical_memory_limit 999997440
hierarchical_memsw_limit 9223372036854771712
total_cache 663552
total_rss 999153664
total_rss_huge 0
total_mapped_file 471040
total_writeback 0
total_swap 361852928
total_pgpgin 415902
total_pgpgout 171806
total_pgfault 521693
total_pgmajfault 6361
total_inactive_anon 499691520
total_active_anon 499466240
total_inactive_file 143360
total_active_file 516096
total_unevictable 0
--------------------BLKIO-----------------------
11:0 Read 0
11:0 Write 0
11:0 Sync 0
11:0 Async 0
11:0 Total 0
253:0 Read 51781632
253:0 Write 390512640
253:0 Sync 0
253:0 Async 442294272
253:0 Total 442294272
Total 442294272
--------------------CPUAC-----------------------
user 443
system 556
 
--------------------MEMCG-----------------------
MEM ONLY  : 953 MB
MEM+SWAP  : 1344 MB
cache 2838528
rss 997089280
rss_huge 0
mapped_file 1519616
writeback 0
swap 410324992
pgpgin 434125
pgpgout 190002
pgfault 550477
pgmajfault 12672
inactive_anon 498675712
active_anon 498380800
inactive_file 151552
active_file 2686976
unevictable 0
hierarchical_memory_limit 999997440
hierarchical_memsw_limit 9223372036854771712
total_cache 2838528
total_rss 997089280
total_rss_huge 0
total_mapped_file 1519616
total_writeback 0
total_swap 410324992
total_pgpgin 434125
total_pgpgout 190002
total_pgfault 550477
total_pgmajfault 12672
total_inactive_anon 498675712
total_active_anon 498380800
total_inactive_file 151552
total_active_file 2686976
total_unevictable 0
--------------------BLKIO-----------------------
11:0 Read 0
11:0 Write 0
11:0 Sync 0
11:0 Async 0
11:0 Total 0
253:0 Read 78221312
253:0 Write 464142336
253:0 Sync 0
253:0 Async 542363648
253:0 Total 542363648
Total 542363648
--------------------CPUAC-----------------------
user 460
system 600
 
--------------------MEMCG-----------------------
MEM ONLY  : 953 MB
MEM+SWAP  : 1367 MB
cache 2736128
rss 997154816
rss_huge 0
mapped_file 1519616
writeback 0
swap 434286592
pgpgin 445446
pgpgout 201332
pgfault 570965
pgmajfault 18126
inactive_anon 498724864
active_anon 498393088
inactive_file 434176
active_file 2301952
unevictable 0
hierarchical_memory_limit 999997440
hierarchical_memsw_limit 9223372036854771712
total_cache 2736128
total_rss 997154816
total_rss_huge 0
total_mapped_file 1519616
total_writeback 0
total_swap 434286592
total_pgpgin 445446
total_pgpgout 201332
total_pgfault 570965
total_pgmajfault 18126
total_inactive_anon 498724864
total_active_anon 498393088
total_inactive_file 434176
total_active_file 2301952
total_unevictable 0
--------------------BLKIO-----------------------
11:0 Read 0
11:0 Write 0
11:0 Sync 0
11:0 Async 0
11:0 Total 0
253:0 Read 100970496
253:0 Write 542597120
253:0 Sync 0
253:0 Async 643567616
253:0 Total 643567616
Total 643567616
--------------------CPUAC-----------------------
user 473
system 625
 
--------------------MEMCG-----------------------
MEM ONLY  : 953 MB
MEM+SWAP  : 1430 MB
cache 2703360
rss 997216256
rss_huge 0
mapped_file 1519616
writeback 0
swap 499654656
pgpgin 466611
pgpgout 222490
pgfault 599310
pgmajfault 23317
inactive_anon 498610176
active_anon 498581504
inactive_file 663552
active_file 2039808
unevictable 0
hierarchical_memory_limit 999997440
hierarchical_memsw_limit 9223372036854771712
total_cache 2703360
total_rss 997216256
total_rss_huge 0
total_mapped_file 1519616
total_writeback 0
total_swap 499654656
total_pgpgin 466611
total_pgpgout 222490
total_pgfault 599310
total_pgmajfault 23317
total_inactive_anon 498610176
total_active_anon 498581504
total_inactive_file 663552
total_active_file 2039808
total_unevictable 0
--------------------BLKIO-----------------------
11:0 Read 0
11:0 Write 0
11:0 Sync 0
11:0 Async 0
11:0 Total 0
253:0 Read 122454016
253:0 Write 598585344
253:0 Sync 0
253:0 Async 721039360
253:0 Total 721039360
Total 721039360
--------------------CPUAC-----------------------
user 505
system 664
 
--------------------MEMCG-----------------------
MEM ONLY  : 953 MB
MEM+SWAP  : 1934 MB
cache 643072
rss 999337984
rss_huge 0
mapped_file 638976
writeback 0
swap 1028984832
pgpgin 599508
pgpgout 355372
pgfault 735600
pgmajfault 26457
inactive_anon 499630080
active_anon 499703808
inactive_file 180224
active_file 462848
unevictable 0
hierarchical_memory_limit 999997440
hierarchical_memsw_limit 9223372036854771712
total_cache 643072
total_rss 999337984
total_rss_huge 0
total_mapped_file 638976
total_writeback 0
total_swap 1028984832
total_pgpgin 599508
total_pgpgout 355372
total_pgfault 735600
total_pgmajfault 26457
total_inactive_anon 499630080
total_active_anon 499703808
total_inactive_file 180224
total_active_file 462848
total_unevictable 0
--------------------BLKIO-----------------------
11:0 Read 0
11:0 Write 0
11:0 Sync 0
11:0 Async 0
11:0 Total 0
253:0 Read 135593984
253:0 Write 1142259712
253:0 Sync 0
253:0 Async 1277853696
253:0 Total 1277853696
Total 1277853696
--------------------CPUAC-----------------------
user 680
system 945
 
--------------------MEMCG-----------------------
MEM ONLY  : 953 MB
MEM+SWAP  : 2019 MB
cache 1863680
rss 998019072
rss_huge 0
mapped_file 966656
writeback 0
swap 1117831168
pgpgin 630794
pgpgout 386682
pgfault 777136
pgmajfault 35830
inactive_anon 499142656
active_anon 498839552
inactive_file 180224
active_file 1683456
unevictable 0
hierarchical_memory_limit 999997440
hierarchical_memsw_limit 9223372036854771712
total_cache 1863680
total_rss 998019072
total_rss_huge 0
total_mapped_file 966656
total_writeback 0
total_swap 1117831168
total_pgpgin 630794
total_pgpgout 386682
total_pgfault 777136
total_pgmajfault 35830
total_inactive_anon 499142656
total_active_anon 498839552
total_inactive_file 180224
total_active_file 1683456
total_unevictable 0
--------------------BLKIO-----------------------
11:0 Read 0
11:0 Write 0
11:0 Sync 0
11:0 Async 0
11:0 Total 0
253:0 Read 178675712
253:0 Write 1259454464
253:0 Sync 0
253:0 Async 1438130176
253:0 Total 1438130176
Total 1438130176
--------------------CPUAC-----------------------
user 713
system 1034
 
--------------------MEMCG-----------------------
MEM ONLY  : 953 MB
MEM+SWAP  : 2019 MB
cache 1863680
rss 997986304
rss_huge 0
mapped_file 966656
writeback 0
swap 1117863936
pgpgin 643440
pgpgout 399336
pgfault 803869
pgmajfault 48023
inactive_anon 499179520
active_anon 498774016
inactive_file 180224
active_file 1683456
unevictable 0
hierarchical_memory_limit 999997440
hierarchical_memsw_limit 9223372036854771712
total_cache 1863680
total_rss 997986304
total_rss_huge 0
total_mapped_file 966656
total_writeback 0
total_swap 1117863936
total_pgpgin 643440
total_pgpgout 399336
total_pgfault 803869
total_pgmajfault 48024
total_inactive_anon 499179520
total_active_anon 498774016
total_inactive_file 180224
total_active_file 1683456
total_unevictable 0
--------------------BLKIO-----------------------
11:0 Read 0
11:0 Write 0
11:0 Sync 0
11:0 Async 0
11:0 Total 0
253:0 Read 235257856
253:0 Write 1309454336
253:0 Sync 0
253:0 Async 1544712192
253:0 Total 1544712192
Total 1544712192
--------------------CPUAC-----------------------
user 721
system 1073
 
--------------------MEMCG-----------------------
MEM ONLY  : 953 MB
MEM+SWAP  : 2019 MB
cache 1863680
rss 998035456
rss_huge 0
mapped_file 966656
writeback 0
swap 1117814784
pgpgin 655710
pgpgout 411594
pgfault 829714
pgmajfault 59723
inactive_anon 499159040
active_anon 498847744
inactive_file 180224
active_file 1683456
unevictable 0
hierarchical_memory_limit 999997440
hierarchical_memsw_limit 9223372036854771712
total_cache 1863680
total_rss 998035456
total_rss_huge 0
total_mapped_file 966656
total_writeback 0
total_swap 1117814784
total_pgpgin 655710
total_pgpgout 411594
total_pgfault 829714
total_pgmajfault 59723
total_inactive_anon 499159040
total_active_anon 498847744
total_inactive_file 180224
total_active_file 1683456
total_unevictable 0
--------------------BLKIO-----------------------
11:0 Read 0
11:0 Write 0
11:0 Sync 0
11:0 Async 0
11:0 Total 0
253:0 Read 291008512
253:0 Write 1348321280
253:0 Sync 0
253:0 Async 1639329792
253:0 Total 1639329792
Total 1639329792
--------------------CPUAC-----------------------
user 729
system 1112
 
--------------------MEMCG-----------------------
MEM ONLY  : 953 MB
MEM+SWAP  : 2019 MB
cache 1863680
rss 998055936
rss_huge 0
mapped_file 966656
writeback 0
swap 1117798400
pgpgin 667728
pgpgout 423607
pgfault 854892
pgmajfault 71030
inactive_anon 499306496
active_anon 498724864
inactive_file 180224
active_file 1683456
unevictable 0
hierarchical_memory_limit 999997440
hierarchical_memsw_limit 9223372036854771712
total_cache 1863680
total_rss 998055936
total_rss_huge 0
total_mapped_file 966656
total_writeback 0
total_swap 1117798400
total_pgpgin 667728
total_pgpgout 423607
total_pgfault 854892
total_pgmajfault 71030
total_inactive_anon 499306496
total_active_anon 498724864
total_inactive_file 180224
total_active_file 1683456
total_unevictable 0
--------------------BLKIO-----------------------
11:0 Read 0
11:0 Write 0
11:0 Sync 0
11:0 Async 0
11:0 Total 0
253:0 Read 346775552
253:0 Write 1387954176
253:0 Sync 0
253:0 Async 1734729728
253:0 Total 1734729728
Total 1734729728
--------------------CPUAC-----------------------
user 741
system 1148
 
--------------------MEMCG-----------------------
MEM ONLY  : 953 MB
MEM+SWAP  : 2019 MB
cache 1863680
rss 998002688
rss_huge 0
mapped_file 966656
writeback 0
swap 1117851648
pgpgin 679393
pgpgout 435285
pgfault 879125
pgmajfault 81794
inactive_anon 499212288
active_anon 498790400
inactive_file 180224
active_file 1683456
unevictable 0
hierarchical_memory_limit 999997440
hierarchical_memsw_limit 9223372036854771712
total_cache 1863680
total_rss 998002688
total_rss_huge 0
total_mapped_file 966656
total_writeback 0
total_swap 1117851648
total_pgpgin 679393
total_pgpgout 435285
total_pgfault 879125
total_pgmajfault 81794
total_inactive_anon 499212288
total_active_anon 498790400
total_inactive_file 180224
total_active_file 1683456
total_unevictable 0
--------------------BLKIO-----------------------
11:0 Read 0
11:0 Write 0
11:0 Sync 0
11:0 Async 0
11:0 Total 0
253:0 Read 401989632
253:0 Write 1427058688
253:0 Sync 0
253:0 Async 1829048320
253:0 Total 1829048320
Total 1829048320
--------------------CPUAC-----------------------
user 749
system 1184
 
--------------------MEMCG-----------------------
MEM ONLY  : 953 MB
MEM+SWAP  : 2019 MB
cache 1863680
rss 998072320
rss_huge 0
mapped_file 966656
writeback 0
swap 1117782016
pgpgin 690970
pgpgout 446845
pgfault 903073
pgmajfault 92367
inactive_anon 499355648
active_anon 498716672
inactive_file 192512
active_file 1671168
unevictable 0
hierarchical_memory_limit 999997440
hierarchical_memsw_limit 9223372036854771712
total_cache 1863680
total_rss 998072320
total_rss_huge 0
total_mapped_file 966656
total_writeback 0
total_swap 1117782016
total_pgpgin 690970
total_pgpgout 446845
total_pgfault 903073
total_pgmajfault 92367
total_inactive_anon 499355648
total_active_anon 498716672
total_inactive_file 192512
total_active_file 1671168
total_unevictable 0
--------------------BLKIO-----------------------
11:0 Read 0
11:0 Write 0
11:0 Sync 0
11:0 Async 0
11:0 Total 0
253:0 Read 457342976
253:0 Write 1475309568
253:0 Sync 0
253:0 Async 1932652544
253:0 Total 1932652544
Total 1932652544
--------------------CPUAC-----------------------
user 755
system 1220
 
--------------------MEMCG-----------------------
MEM ONLY  : 953 MB
MEM+SWAP  : 2019 MB
cache 1863680
rss 997974016
rss_huge 0
mapped_file 966656
writeback 0
swap 1117880320
pgpgin 702120
pgpgout 458019
pgfault 925977
pgmajfault 102475
inactive_anon 499150848
active_anon 498810880
inactive_file 192512
active_file 1671168
unevictable 0
hierarchical_memory_limit 999997440
hierarchical_memsw_limit 9223372036854771712
total_cache 1863680
total_rss 997974016
total_rss_huge 0
total_mapped_file 966656
total_writeback 0
total_swap 1117880320
total_pgpgin 702120
total_pgpgout 458019
total_pgfault 925977
total_pgmajfault 102475
total_inactive_anon 499150848
total_active_anon 498810880
total_inactive_file 192512
total_active_file 1671168
total_unevictable 0
--------------------BLKIO-----------------------
11:0 Read 0
11:0 Write 0
11:0 Sync 0
11:0 Async 0
11:0 Total 0
253:0 Read 510631936
253:0 Write 1519644672
253:0 Sync 0
253:0 Async 2030276608
253:0 Total 2030276608
Total 2030276608
--------------------CPUAC-----------------------
user 760
system 1254
 
--------------------MEMCG-----------------------
MEM ONLY  : 953 MB
MEM+SWAP  : 2019 MB
cache 1863680
rss 998109184
rss_huge 0
mapped_file 966656
writeback 0
swap 1117745152
pgpgin 713327
pgpgout 469193
pgfault 948817
pgmajfault 112457
inactive_anon 499240960
active_anon 498843648
inactive_file 200704
active_file 1662976
unevictable 0
hierarchical_memory_limit 999997440
hierarchical_memsw_limit 9223372036854771712
total_cache 1863680
total_rss 998109184
total_rss_huge 0
total_mapped_file 966656
total_writeback 0
total_swap 1117745152
total_pgpgin 713327
total_pgpgout 469193
total_pgfault 948817
total_pgmajfault 112457
total_inactive_anon 499240960
total_active_anon 498843648
total_inactive_file 200704
total_active_file 1662976
total_unevictable 0
--------------------BLKIO-----------------------
11:0 Read 0
11:0 Write 0
11:0 Sync 0
11:0 Async 0
11:0 Total 0
253:0 Read 565256192
253:0 Write 1565265920
253:0 Sync 0
253:0 Async 2130522112
253:0 Total 2130522112
Total 2130522112
--------------------CPUAC-----------------------
user 768
system 1289
 
--------------------MEMCG-----------------------
MEM ONLY  : 953 MB
MEM+SWAP  : 2019 MB
cache 1818624
rss 998125568
rss_huge 0
mapped_file 921600
writeback 0
swap 1117728768
pgpgin 724374
pgpgout 480247
pgfault 971100
pgmajfault 122065
inactive_anon 499228672
active_anon 498896896
inactive_file 548864
active_file 1269760
unevictable 0
hierarchical_memory_limit 999997440
hierarchical_memsw_limit 9223372036854771712
total_cache 1818624
total_rss 998125568
total_rss_huge 0
total_mapped_file 921600
total_writeback 0
total_swap 1117728768
total_pgpgin 724374
total_pgpgout 480247
total_pgfault 971100
total_pgmajfault 122065
total_inactive_anon 499228672
total_active_anon 498896896
total_inactive_file 548864
total_active_file 1269760
total_unevictable 0
--------------------BLKIO-----------------------
11:0 Read 0
11:0 Write 0
11:0 Sync 0
11:0 Async 0
11:0 Total 0
253:0 Read 619950080
253:0 Write 1610342400
253:0 Sync 0
253:0 Async 2230292480
253:0 Total 2230292480
Total 2230292480
--------------------CPUAC-----------------------
user 775
system 1325
 
--------------------MEMCG-----------------------
MEM ONLY  : 953 MB
MEM+SWAP  : 2019 MB
cache 1646592
rss 998309888
rss_huge 0
mapped_file 892928
writeback 0
swap 1117544448
pgpgin 735286
pgpgout 491156
pgfault 992965
pgmajfault 131396
inactive_anon 499580928
active_anon 498728960
inactive_file 589824
active_file 1056768
unevictable 0
hierarchical_memory_limit 999997440
hierarchical_memsw_limit 9223372036854771712
total_cache 1646592
total_rss 998309888
total_rss_huge 0
total_mapped_file 892928
total_writeback 0
total_swap 1117544448
total_pgpgin 735286
total_pgpgout 491156
total_pgfault 992965
total_pgmajfault 131396
total_inactive_anon 499580928
total_active_anon 498728960
total_inactive_file 589824
total_active_file 1056768
total_unevictable 0
--------------------BLKIO-----------------------
11:0 Read 0
11:0 Write 0
11:0 Sync 0
11:0 Async 0
11:0 Total 0
253:0 Read 674631680
253:0 Write 1655533568
253:0 Sync 0
253:0 Async 2330165248
253:0 Total 2330165248
Total 2330165248
--------------------CPUAC-----------------------
user 784
system 1360
 
--------------------MEMCG-----------------------
MEM ONLY  : 953 MB
MEM+SWAP  : 2019 MB
cache 1646592
rss 998338560
rss_huge 0
mapped_file 892928
writeback 0
swap 1117515776
pgpgin 745797
pgpgout 501660
pgfault 1013905
pgmajfault 140361
inactive_anon 499613696
active_anon 498724864
inactive_file 589824
active_file 1056768
unevictable 0
hierarchical_memory_limit 999997440
hierarchical_memsw_limit 9223372036854771712
total_cache 1646592
total_rss 998338560
total_rss_huge 0
total_mapped_file 892928
total_writeback 0
total_swap 1117515776
total_pgpgin 745797
total_pgpgout 501660
total_pgfault 1013905
total_pgmajfault 140361
total_inactive_anon 499613696
total_active_anon 498724864
total_inactive_file 589824
total_active_file 1056768
total_unevictable 0
--------------------BLKIO-----------------------
11:0 Read 0
11:0 Write 0
11:0 Sync 0
11:0 Async 0
11:0 Total 0
253:0 Read 726855680
253:0 Write 1698136064
253:0 Sync 0
253:0 Async 2424991744
253:0 Total 2424991744
Total 2424991744
--------------------CPUAC-----------------------
user 789
system 1392
 
--------------------MEMCG-----------------------
MEM ONLY  : 953 MB
MEM+SWAP  : 2019 MB
cache 1646592
rss 998301696
rss_huge 0
mapped_file 892928
writeback 0
swap 1117552640
pgpgin 756233
pgpgout 512105
pgfault 1034561
pgmajfault 149142
inactive_anon 499478528
active_anon 498823168
inactive_file 593920
active_file 1052672
unevictable 0
hierarchical_memory_limit 999997440
hierarchical_memsw_limit 9223372036854771712
total_cache 1646592
total_rss 998301696
total_rss_huge 0
total_mapped_file 892928
total_writeback 0
total_swap 1117552640
total_pgpgin 756233
total_pgpgout 512105
total_pgfault 1034561
total_pgmajfault 149142
total_inactive_anon 499478528
total_active_anon 498823168
total_inactive_file 593920
total_active_file 1052672
total_unevictable 0
--------------------BLKIO-----------------------
11:0 Read 0
11:0 Write 0
11:0 Sync 0
11:0 Async 0
11:0 Total 0
253:0 Read 778797056
253:0 Write 1740627968
253:0 Sync 0
253:0 Async 2519425024
253:0 Total 2519425024
Total 2519425024
--------------------CPUAC-----------------------
user 798
system 1427
 
--------------------MEMCG-----------------------
MEM ONLY  : 953 MB
MEM+SWAP  : 2019 MB
cache 1646592
rss 998277120
rss_huge 0
mapped_file 892928
writeback 0
swap 1117577216
pgpgin 766648
pgpgout 522526
pgfault 1054996
pgmajfault 157723
inactive_anon 499335168
active_anon 498941952
inactive_file 593920
active_file 1052672
unevictable 0
hierarchical_memory_limit 999997440
hierarchical_memsw_limit 9223372036854771712
total_cache 1646592
total_rss 998277120
total_rss_huge 0
total_mapped_file 892928
total_writeback 0
total_swap 1117577216
total_pgpgin 766648
total_pgpgout 522526
total_pgfault 1054996
total_pgmajfault 157723
total_inactive_anon 499335168
total_active_anon 498941952
total_inactive_file 593920
total_active_file 1052672
total_unevictable 0
--------------------BLKIO-----------------------
11:0 Read 0
11:0 Write 0
11:0 Sync 0
11:0 Async 0
11:0 Total 0
253:0 Read 831324160
253:0 Write 1783750656
253:0 Sync 0
253:0 Async 2615074816
253:0 Total 2615074816
Total 2615074816
--------------------CPUAC-----------------------
user 807
system 1460
 
--------------------MEMCG-----------------------
MEM ONLY  : 953 MB
MEM+SWAP  : 2019 MB
cache 1646592
rss 998223872
rss_huge 0
mapped_file 892928
writeback 0
swap 1117630464
pgpgin 777095
pgpgout 532986
pgfault 1075359
pgmajfault 166232
inactive_anon 499286016
active_anon 498929664
inactive_file 593920
active_file 1052672
unevictable 0
hierarchical_memory_limit 999997440
hierarchical_memsw_limit 9223372036854771712
total_cache 1646592
total_rss 998223872
total_rss_huge 0
total_mapped_file 892928
total_writeback 0
total_swap 1117630464
total_pgpgin 777095
total_pgpgout 532986
total_pgfault 1075359
total_pgmajfault 166232
total_inactive_anon 499286016
total_active_anon 498929664
total_inactive_file 593920
total_active_file 1052672
total_unevictable 0
--------------------BLKIO-----------------------
11:0 Read 0
11:0 Write 0
11:0 Sync 0
11:0 Async 0
11:0 Total 0
253:0 Read 884178944
253:0 Write 1825583104
253:0 Sync 0
253:0 Async 2709762048
253:0 Total 2709762048
Total 2709762048
--------------------CPUAC-----------------------
user 812
system 1496
 
--------------------MEMCG-----------------------
MEM ONLY  : 953 MB
MEM+SWAP  : 2019 MB
cache 1642496
rss 998273024
rss_huge 0
mapped_file 892928
writeback 0
swap 1117581312
pgpgin 787482
pgpgout 543362
pgfault 1095450
pgmajfault 174626
inactive_anon 499318784
active_anon 498954240
inactive_file 585728
active_file 1056768
unevictable 0
hierarchical_memory_limit 999997440
hierarchical_memsw_limit 9223372036854771712
total_cache 1642496
total_rss 998273024
total_rss_huge 0
total_mapped_file 892928
total_writeback 0
total_swap 1117581312
total_pgpgin 787482
total_pgpgout 543362
total_pgfault 1095450
total_pgmajfault 174626
total_inactive_anon 499318784
total_active_anon 498954240
total_inactive_file 585728
total_active_file 1056768
total_unevictable 0
--------------------BLKIO-----------------------
11:0 Read 0
11:0 Write 0
11:0 Sync 0
11:0 Async 0
11:0 Total 0
253:0 Read 936734720
253:0 Write 1868267520
253:0 Sync 0
253:0 Async 2805002240
253:0 Total 2805002240
Total 2805002240
--------------------CPUAC-----------------------
user 818
system 1533
 
--------------------MEMCG-----------------------
MEM ONLY  : 953 MB
MEM+SWAP  : 2019 MB
cache 1642496
rss 998334464
rss_huge 0
mapped_file 892928
writeback 0
swap 1117519872
pgpgin 797917
pgpgout 553782
pgfault 1115485
pgmajfault 182892
inactive_anon 499376128
active_anon 498933760
inactive_file 585728
active_file 1056768
unevictable 0
hierarchical_memory_limit 999997440
hierarchical_memsw_limit 9223372036854771712
total_cache 1642496
total_rss 998334464
total_rss_huge 0
total_mapped_file 892928
total_writeback 0
total_swap 1117519872
total_pgpgin 797917
total_pgpgout 553782
total_pgfault 1115485
total_pgmajfault 182892
total_inactive_anon 499376128
total_active_anon 498933760
total_inactive_file 585728
total_active_file 1056768
total_unevictable 0
--------------------BLKIO-----------------------
11:0 Read 0
11:0 Write 0
11:0 Sync 0
11:0 Async 0
11:0 Total 0
253:0 Read 989880320
253:0 Write 1909100544
253:0 Sync 0
253:0 Async 2898980864
253:0 Total 2898980864
Total 2898980864
--------------------CPUAC-----------------------
user 825
system 1568
 
--------------------MEMCG-----------------------
MEM ONLY  : 953 MB
MEM+SWAP  : 2019 MB
cache 1642496
rss 998309888
rss_huge 0
mapped_file 892928
writeback 0
swap 1117544448
pgpgin 807887
pgpgout 563758
pgfault 1134623
pgmajfault 190815
inactive_anon 499326976
active_anon 498970624
inactive_file 585728
active_file 1056768
unevictable 0
hierarchical_memory_limit 999997440
hierarchical_memsw_limit 9223372036854771712
total_cache 1642496
total_rss 998309888
total_rss_huge 0
total_mapped_file 892928
total_writeback 0
total_swap 1117544448
total_pgpgin 807887
total_pgpgout 563758
total_pgfault 1134623
total_pgmajfault 190815
total_inactive_anon 499326976
total_active_anon 498970624
total_inactive_file 585728
total_active_file 1056768
total_unevictable 0
--------------------BLKIO-----------------------
11:0 Read 0
11:0 Write 0
11:0 Sync 0
11:0 Async 0
11:0 Total 0
253:0 Read 1040388096
253:0 Write 1938321408
253:0 Sync 0
253:0 Async 2978709504
253:0 Total 2978709504
Total 2978709504
--------------------CPUAC-----------------------
user 835
system 1596
 
--------------------MEMCG-----------------------
MEM ONLY  : 953 MB
MEM+SWAP  : 2019 MB
cache 1638400
rss 998354944
rss_huge 0
mapped_file 892928
writeback 0
swap 1117499392
pgpgin 817661
pgpgout 573522
pgfault 1153028
pgmajfault 198326
inactive_anon 499384320
active_anon 498970624
inactive_file 598016
active_file 1040384
unevictable 0
hierarchical_memory_limit 999997440
hierarchical_memsw_limit 9223372036854771712
total_cache 1638400
total_rss 998354944
total_rss_huge 0
total_mapped_file 892928
total_writeback 0
total_swap 1117499392
total_pgpgin 817661
total_pgpgout 573522
total_pgfault 1153028
total_pgmajfault 198326
total_inactive_anon 499384320
total_active_anon 498970624
total_inactive_file 598016
total_active_file 1040384
total_unevictable 0
--------------------BLKIO-----------------------
11:0 Read 0
11:0 Write 0
11:0 Sync 0
11:0 Async 0
11:0 Total 0
253:0 Read 1090199552
253:0 Write 1969221632
253:0 Sync 0
253:0 Async 3059421184
253:0 Total 3059421184
Total 3059421184
--------------------CPUAC-----------------------
user 844
system 1623
 
--------------------MEMCG-----------------------
MEM ONLY  : 953 MB
MEM+SWAP  : 2019 MB
cache 1638400
rss 998354944
rss_huge 0
mapped_file 892928
writeback 0
swap 1117499392
pgpgin 827533
pgpgout 583394
pgfault 1171486
pgmajfault 205769
inactive_anon 499441664
active_anon 498909184
inactive_file 602112
active_file 1036288
unevictable 0
hierarchical_memory_limit 999997440
hierarchical_memsw_limit 9223372036854771712
total_cache 1638400
total_rss 998354944
total_rss_huge 0
total_mapped_file 892928
total_writeback 0
total_swap 1117499392
total_pgpgin 827533
total_pgpgout 583394
total_pgfault 1171486
total_pgmajfault 205769
total_inactive_anon 499441664
total_active_anon 498909184
total_inactive_file 602112
total_active_file 1036288
total_unevictable 0
--------------------BLKIO-----------------------
11:0 Read 0
11:0 Write 0
11:0 Sync 0
11:0 Async 0
11:0 Total 0
253:0 Read 1140621312
253:0 Write 1991303168
253:0 Sync 0
253:0 Async 3131924480
253:0 Total 3131924480
Total 3131924480
--------------------CPUAC-----------------------
user 852
system 1660
 
--------------------MEMCG-----------------------
MEM ONLY  : 953 MB
MEM+SWAP  : 2019 MB
cache 1638400
rss 998219776
rss_huge 0
mapped_file 892928
writeback 0
swap 1117634560
pgpgin 837031
pgpgout 592925
pgfault 1189415
pgmajfault 213076
inactive_anon 499294208
active_anon 498909184
inactive_file 602112
active_file 1036288
unevictable 0
hierarchical_memory_limit 999997440
hierarchical_memsw_limit 9223372036854771712
total_cache 1638400
total_rss 998219776
total_rss_huge 0
total_mapped_file 892928
total_writeback 0
total_swap 1117634560
total_pgpgin 837031
total_pgpgout 592925
total_pgfault 1189415
total_pgmajfault 213076
total_inactive_anon 499294208
total_active_anon 498909184
total_inactive_file 602112
total_active_file 1036288
total_unevictable 0
--------------------BLKIO-----------------------
11:0 Read 0
11:0 Write 0
11:0 Sync 0
11:0 Async 0
11:0 Total 0
253:0 Read 1188909056
253:0 Write 2003185664
253:0 Sync 0
253:0 Async 3192094720
253:0 Total 3192094720
Total 3192094720
--------------------CPUAC-----------------------
user 861
system 1684
 
