--------------------MEMCG-----------------------
MEM ONLY  : 953 MB
MEM+SWAP  : 1130 MB
cache 688128
rss 999092224
rss_huge 0
mapped_file 557056
writeback 0
swap 185438208
pgpgin 368110
pgpgout 124023
pgfault 469353
pgmajfault 1973
inactive_anon 499539968
active_anon 499539968
inactive_file 192512
active_file 495616
unevictable 0
hierarchical_memory_limit 999997440
hierarchical_memsw_limit 9223372036854771712
total_cache 688128
total_rss 999092224
total_rss_huge 0
total_mapped_file 557056
total_writeback 0
total_swap 185438208
total_pgpgin 368110
total_pgpgout 124023
total_pgfault 469353
total_pgmajfault 1973
total_inactive_anon 499539968
total_active_anon 499539968
total_inactive_file 192512
total_active_file 495616
total_unevictable 0
--------------------BLKIO-----------------------
11:0 Read 0
11:0 Write 0
11:0 Sync 0
11:0 Async 0
11:0 Total 0
253:0 Read 33259520
253:0 Write 194519040
253:0 Sync 0
253:0 Async 227778560
253:0 Total 227778560
Total 227778560
--------------------CPUAC-----------------------
user 424
system 454
 
--------------------MEMCG-----------------------
MEM ONLY  : 953 MB
MEM+SWAP  : 1330 MB
cache 2818048
rss 997023744
rss_huge 0
mapped_file 1417216
writeback 0
swap 394809344
pgpgin 425430
pgpgout 181328
pgfault 533931
pgmajfault 8100
inactive_anon 498589696
active_anon 498434048
inactive_file 212992
active_file 2605056
unevictable 0
hierarchical_memory_limit 999997440
hierarchical_memsw_limit 9223372036854771712
total_cache 2818048
total_rss 997023744
total_rss_huge 0
total_mapped_file 1417216
total_writeback 0
total_swap 394809344
total_pgpgin 425430
total_pgpgout 181328
total_pgfault 533931
total_pgmajfault 8100
total_inactive_anon 498589696
total_active_anon 498434048
total_inactive_file 212992
total_active_file 2605056
total_unevictable 0
--------------------BLKIO-----------------------
11:0 Read 0
11:0 Write 0
11:0 Sync 0
11:0 Async 0
11:0 Total 0
253:0 Read 59076608
253:0 Write 461918208
253:0 Sync 0
253:0 Async 520994816
253:0 Total 520994816
Total 520994816
--------------------CPUAC-----------------------
user 496
system 572
 
--------------------MEMCG-----------------------
MEM ONLY  : 953 MB
MEM+SWAP  : 1352 MB
cache 2818048
rss 997117952
rss_huge 0
mapped_file 1417216
writeback 0
swap 418070528
pgpgin 437715
pgpgout 193590
pgfault 557753
pgmajfault 14682
inactive_anon 498700288
active_anon 498397184
inactive_file 212992
active_file 2605056
unevictable 0
hierarchical_memory_limit 999997440
hierarchical_memsw_limit 9223372036854771712
total_cache 2818048
total_rss 997117952
total_rss_huge 0
total_mapped_file 1417216
total_writeback 0
total_swap 418070528
total_pgpgin 437715
total_pgpgout 193590
total_pgfault 557753
total_pgmajfault 14682
total_inactive_anon 498700288
total_active_anon 498397184
total_inactive_file 212992
total_active_file 2605056
total_unevictable 0
--------------------BLKIO-----------------------
11:0 Read 0
11:0 Write 0
11:0 Sync 0
11:0 Async 0
11:0 Total 0
253:0 Read 86634496
253:0 Write 483229696
253:0 Sync 0
253:0 Async 569864192
253:0 Total 569864192
Total 569864192
--------------------CPUAC-----------------------
user 512
system 603
 
--------------------MEMCG-----------------------
MEM ONLY  : 953 MB
MEM+SWAP  : 1390 MB
cache 2797568
rss 997085184
rss_huge 0
mapped_file 1396736
writeback 0
swap 457654272
pgpgin 453069
pgpgout 208957
pgfault 581915
pgmajfault 20377
inactive_anon 498675712
active_anon 498405376
inactive_file 405504
active_file 2392064
unevictable 0
hierarchical_memory_limit 999997440
hierarchical_memsw_limit 9223372036854771712
total_cache 2797568
total_rss 997085184
total_rss_huge 0
total_mapped_file 1396736
total_writeback 0
total_swap 457654272
total_pgpgin 453069
total_pgpgout 208957
total_pgfault 581915
total_pgmajfault 20377
total_inactive_anon 498675712
total_active_anon 498405376
total_inactive_file 405504
total_active_file 2392064
total_unevictable 0
--------------------BLKIO-----------------------
11:0 Read 0
11:0 Write 0
11:0 Sync 0
11:0 Async 0
11:0 Total 0
253:0 Read 110370816
253:0 Write 551178240
253:0 Sync 0
253:0 Async 661549056
253:0 Total 661549056
Total 661549056
--------------------CPUAC-----------------------
user 525
system 637
 
--------------------MEMCG-----------------------
MEM ONLY  : 953 MB
MEM+SWAP  : 1773 MB
cache 1339392
rss 998395904
rss_huge 0
mapped_file 1331200
writeback 0
swap 859734016
pgpgin 555081
pgpgout 311005
pgfault 688399
pgmajfault 23905
inactive_anon 499216384
active_anon 499179520
inactive_file 602112
active_file 737280
unevictable 0
hierarchical_memory_limit 999997440
hierarchical_memsw_limit 9223372036854771712
total_cache 1339392
total_rss 998395904
total_rss_huge 0
total_mapped_file 1331200
total_writeback 0
total_swap 859734016
total_pgpgin 555081
total_pgpgout 311005
total_pgfault 688399
total_pgmajfault 23905
total_inactive_anon 499216384
total_active_anon 499179520
total_inactive_file 602112
total_active_file 737280
total_unevictable 0
--------------------BLKIO-----------------------
11:0 Read 0
11:0 Write 0
11:0 Sync 0
11:0 Async 0
11:0 Total 0
253:0 Read 124985344
253:0 Write 962101248
253:0 Sync 0
253:0 Async 1087086592
253:0 Total 1087086592
Total 1087086592
--------------------CPUAC-----------------------
user 666
system 870
 
--------------------MEMCG-----------------------
MEM ONLY  : 953 MB
MEM+SWAP  : 2017 MB
cache 2019328
rss 997871616
rss_huge 0
mapped_file 1310720
writeback 0
swap 1115664384
pgpgin 622890
pgpgout 378776
pgfault 761352
pgmajfault 28989
inactive_anon 499642368
active_anon 498229248
inactive_file 462848
active_file 1556480
unevictable 0
hierarchical_memory_limit 999997440
hierarchical_memsw_limit 9223372036854771712
total_cache 2019328
total_rss 997871616
total_rss_huge 0
total_mapped_file 1310720
total_writeback 0
total_swap 1115664384
total_pgpgin 622890
total_pgpgout 378776
total_pgfault 761352
total_pgmajfault 28989
total_inactive_anon 499642368
total_active_anon 498229248
total_inactive_file 462848
total_active_file 1556480
total_unevictable 0
--------------------BLKIO-----------------------
11:0 Read 0
11:0 Write 0
11:0 Sync 0
11:0 Async 0
11:0 Total 0
253:0 Read 147656704
253:0 Write 1228177408
253:0 Sync 0
253:0 Async 1375834112
253:0 Total 1375834112
Total 1375834112
--------------------CPUAC-----------------------
user 742
system 1049
 
--------------------MEMCG-----------------------
MEM ONLY  : 953 MB
MEM+SWAP  : 2017 MB
cache 2019328
rss 997863424
rss_huge 0
mapped_file 1310720
writeback 0
swap 1115676672
pgpgin 635497
pgpgout 391385
pgfault 788015
pgmajfault 41072
inactive_anon 504184832
active_anon 493641728
inactive_file 462848
active_file 1556480
unevictable 0
hierarchical_memory_limit 999997440
hierarchical_memsw_limit 9223372036854771712
total_cache 2019328
total_rss 997863424
total_rss_huge 0
total_mapped_file 1310720
total_writeback 0
total_swap 1115676672
total_pgpgin 635497
total_pgpgout 391385
total_pgfault 788015
total_pgmajfault 41072
total_inactive_anon 504184832
total_active_anon 493641728
total_inactive_file 462848
total_active_file 1556480
total_unevictable 0
--------------------BLKIO-----------------------
11:0 Read 0
11:0 Write 0
11:0 Sync 0
11:0 Async 0
11:0 Total 0
253:0 Read 204804096
253:0 Write 1279533056
253:0 Sync 0
253:0 Async 1484337152
253:0 Total 1484337152
Total 1484337152
--------------------CPUAC-----------------------
user 752
system 1084
 
--------------------MEMCG-----------------------
MEM ONLY  : 953 MB
MEM+SWAP  : 2017 MB
cache 2019328
rss 997953536
rss_huge 0
mapped_file 1310720
writeback 0
swap 1115586560
pgpgin 647674
pgpgout 403540
pgfault 813768
pgmajfault 52698
inactive_anon 508301312
active_anon 489652224
inactive_file 462848
active_file 1556480
unevictable 0
hierarchical_memory_limit 999997440
hierarchical_memsw_limit 9223372036854771712
total_cache 2019328
total_rss 997953536
total_rss_huge 0
total_mapped_file 1310720
total_writeback 0
total_swap 1115586560
total_pgpgin 647674
total_pgpgout 403540
total_pgfault 813768
total_pgmajfault 52698
total_inactive_anon 508301312
total_active_anon 489652224
total_inactive_file 462848
total_active_file 1556480
total_unevictable 0
--------------------BLKIO-----------------------
11:0 Read 0
11:0 Write 0
11:0 Sync 0
11:0 Async 0
11:0 Total 0
253:0 Read 260243456
253:0 Write 1327267840
253:0 Sync 0
253:0 Async 1587511296
253:0 Total 1587511296
Total 1587511296
--------------------CPUAC-----------------------
user 755
system 1113
 
--------------------MEMCG-----------------------
MEM ONLY  : 953 MB
MEM+SWAP  : 2017 MB
cache 2019328
rss 997826560
rss_huge 0
mapped_file 1310720
writeback 0
swap 1115713536
pgpgin 660057
pgpgout 415954
pgfault 839765
pgmajfault 64360
inactive_anon 512163840
active_anon 485662720
inactive_file 462848
active_file 1556480
unevictable 0
hierarchical_memory_limit 999997440
hierarchical_memsw_limit 9223372036854771712
total_cache 2019328
total_rss 997826560
total_rss_huge 0
total_mapped_file 1310720
total_writeback 0
total_swap 1115713536
total_pgpgin 660057
total_pgpgout 415954
total_pgfault 839765
total_pgmajfault 64360
total_inactive_anon 512163840
total_active_anon 485662720
total_inactive_file 462848
total_active_file 1556480
total_unevictable 0
--------------------BLKIO-----------------------
11:0 Read 0
11:0 Write 0
11:0 Sync 0
11:0 Async 0
11:0 Total 0
253:0 Read 317726720
253:0 Write 1376600064
253:0 Sync 0
253:0 Async 1694326784
253:0 Total 1694326784
Total 1694326784
--------------------CPUAC-----------------------
user 763
system 1145
 
--------------------MEMCG-----------------------
MEM ONLY  : 953 MB
MEM+SWAP  : 2017 MB
cache 2019328
rss 997859328
rss_huge 0
mapped_file 1310720
writeback 0
swap 1115680768
pgpgin 672023
pgpgout 427912
pgfault 864806
pgmajfault 75557
inactive_anon 516481024
active_anon 481378304
inactive_file 462848
active_file 1556480
unevictable 0
hierarchical_memory_limit 999997440
hierarchical_memsw_limit 9223372036854771712
total_cache 2019328
total_rss 997859328
total_rss_huge 0
total_mapped_file 1310720
total_writeback 0
total_swap 1115680768
total_pgpgin 672023
total_pgpgout 427912
total_pgfault 864806
total_pgmajfault 75557
total_inactive_anon 516481024
total_active_anon 481378304
total_inactive_file 462848
total_active_file 1556480
total_unevictable 0
--------------------BLKIO-----------------------
11:0 Read 0
11:0 Write 0
11:0 Sync 0
11:0 Async 0
11:0 Total 0
253:0 Read 373485568
253:0 Write 1424801792
253:0 Sync 0
253:0 Async 1798287360
253:0 Total 1798287360
Total 1798287360
--------------------CPUAC-----------------------
user 771
system 1176
 
--------------------MEMCG-----------------------
MEM ONLY  : 953 MB
MEM+SWAP  : 2017 MB
cache 2019328
rss 997781504
rss_huge 0
mapped_file 1310720
writeback 0
swap 1115758592
pgpgin 683805
pgpgout 439713
pgfault 889134
pgmajfault 86213
inactive_anon 520208384
active_anon 477573120
inactive_file 462848
active_file 1556480
unevictable 0
hierarchical_memory_limit 999997440
hierarchical_memsw_limit 9223372036854771712
total_cache 2019328
total_rss 997781504
total_rss_huge 0
total_mapped_file 1310720
total_writeback 0
total_swap 1115758592
total_pgpgin 683805
total_pgpgout 439713
total_pgfault 889134
total_pgmajfault 86213
total_inactive_anon 520208384
total_active_anon 477573120
total_inactive_file 462848
total_active_file 1556480
total_unevictable 0
--------------------BLKIO-----------------------
11:0 Read 0
11:0 Write 0
11:0 Sync 0
11:0 Async 0
11:0 Total 0
253:0 Read 430034944
253:0 Write 1469231104
253:0 Sync 0
253:0 Async 1899266048
253:0 Total 1899266048
Total 1899266048
--------------------CPUAC-----------------------
user 780
system 1211
 
--------------------MEMCG-----------------------
MEM ONLY  : 953 MB
MEM+SWAP  : 2017 MB
cache 2019328
rss 997974016
rss_huge 0
mapped_file 1310720
writeback 0
swap 1115566080
pgpgin 695039
pgpgout 450900
pgfault 912288
pgmajfault 96435
inactive_anon 524210176
active_anon 473755648
inactive_file 462848
active_file 1556480
unevictable 0
hierarchical_memory_limit 999997440
hierarchical_memsw_limit 9223372036854771712
total_cache 2019328
total_rss 997974016
total_rss_huge 0
total_mapped_file 1310720
total_writeback 0
total_swap 1115566080
total_pgpgin 695039
total_pgpgout 450900
total_pgfault 912288
total_pgmajfault 96435
total_inactive_anon 524210176
total_active_anon 473755648
total_inactive_file 462848
total_active_file 1556480
total_unevictable 0
--------------------BLKIO-----------------------
11:0 Read 0
11:0 Write 0
11:0 Sync 0
11:0 Async 0
11:0 Total 0
253:0 Read 483856384
253:0 Write 1503842304
253:0 Sync 0
253:0 Async 1987698688
253:0 Total 1987698688
Total 1987698688
--------------------CPUAC-----------------------
user 786
system 1239
 
--------------------MEMCG-----------------------
MEM ONLY  : 953 MB
MEM+SWAP  : 2017 MB
cache 1998848
rss 997781504
rss_huge 0
mapped_file 1290240
writeback 0
swap 1115758592
pgpgin 706342
pgpgout 462255
pgfault 935333
pgmajfault 106403
inactive_anon 528015360
active_anon 469766144
inactive_file 446464
active_file 1552384
unevictable 0
hierarchical_memory_limit 999997440
hierarchical_memsw_limit 9223372036854771712
total_cache 1998848
total_rss 997781504
total_rss_huge 0
total_mapped_file 1290240
total_writeback 0
total_swap 1115758592
total_pgpgin 706342
total_pgpgout 462255
total_pgfault 935333
total_pgmajfault 106403
total_inactive_anon 528015360
total_active_anon 469766144
total_inactive_file 446464
total_active_file 1552384
total_unevictable 0
--------------------BLKIO-----------------------
11:0 Read 0
11:0 Write 0
11:0 Sync 0
11:0 Async 0
11:0 Total 0
253:0 Read 539320320
253:0 Write 1546977280
253:0 Sync 0
253:0 Async 2086297600
253:0 Total 2086297600
Total 2086297600
--------------------CPUAC-----------------------
user 794
system 1273
 
--------------------MEMCG-----------------------
MEM ONLY  : 953 MB
MEM+SWAP  : 2017 MB
cache 1896448
rss 998014976
rss_huge 0
mapped_file 1187840
writeback 0
swap 1115525120
pgpgin 717499
pgpgout 473380
pgfault 957892
pgmajfault 116141
inactive_anon 531755008
active_anon 466259968
inactive_file 618496
active_file 1277952
unevictable 0
hierarchical_memory_limit 999997440
hierarchical_memsw_limit 9223372036854771712
total_cache 1896448
total_rss 998014976
total_rss_huge 0
total_mapped_file 1187840
total_writeback 0
total_swap 1115525120
total_pgpgin 717499
total_pgpgout 473380
total_pgfault 957892
total_pgmajfault 116141
total_inactive_anon 531755008
total_active_anon 466259968
total_inactive_file 618496
total_active_file 1277952
total_unevictable 0
--------------------BLKIO-----------------------
11:0 Read 0
11:0 Write 0
11:0 Sync 0
11:0 Async 0
11:0 Total 0
253:0 Read 594452480
253:0 Write 1584955392
253:0 Sync 0
253:0 Async 2179407872
253:0 Total 2179407872
Total 2179407872
--------------------CPUAC-----------------------
user 804
system 1310
 
--------------------MEMCG-----------------------
MEM ONLY  : 953 MB
MEM+SWAP  : 2017 MB
cache 1486848
rss 998449152
rss_huge 0
mapped_file 897024
writeback 0
swap 1115090944
pgpgin 728471
pgpgout 484346
pgfault 979879
pgmajfault 125588
inactive_anon 535412736
active_anon 463036416
inactive_file 647168
active_file 839680
unevictable 0
hierarchical_memory_limit 999997440
hierarchical_memsw_limit 9223372036854771712
total_cache 1486848
total_rss 998449152
total_rss_huge 0
total_mapped_file 897024
total_writeback 0
total_swap 1115090944
total_pgpgin 728471
total_pgpgout 484346
total_pgfault 979879
total_pgmajfault 125588
total_inactive_anon 535412736
total_active_anon 463036416
total_inactive_file 647168
total_active_file 839680
total_unevictable 0
--------------------BLKIO-----------------------
11:0 Read 0
11:0 Write 0
11:0 Sync 0
11:0 Async 0
11:0 Total 0
253:0 Read 649224192
253:0 Write 1625841664
253:0 Sync 0
253:0 Async 2275065856
253:0 Total 2275065856
Total 2275065856
--------------------CPUAC-----------------------
user 813
system 1347
 
--------------------MEMCG-----------------------
MEM ONLY  : 953 MB
MEM+SWAP  : 2016 MB
cache 1396736
rss 998371328
rss_huge 0
mapped_file 897024
writeback 0
swap 1115168768
pgpgin 739440
pgpgout 495356
pgfault 1001813
pgmajfault 134948
inactive_anon 539226112
active_anon 459145216
inactive_file 589824
active_file 806912
unevictable 0
hierarchical_memory_limit 999997440
hierarchical_memsw_limit 9223372036854771712
total_cache 1396736
total_rss 998371328
total_rss_huge 0
total_mapped_file 897024
total_writeback 0
total_swap 1115168768
total_pgpgin 739440
total_pgpgout 495356
total_pgfault 1001813
total_pgmajfault 134948
total_inactive_anon 539226112
total_active_anon 459145216
total_inactive_file 589824
total_active_file 806912
total_unevictable 0
--------------------BLKIO-----------------------
11:0 Read 0
11:0 Write 0
11:0 Sync 0
11:0 Async 0
11:0 Total 0
253:0 Read 703676416
253:0 Write 1668587520
253:0 Sync 0
253:0 Async 2372263936
253:0 Total 2372263936
Total 2372263936
--------------------CPUAC-----------------------
user 822
system 1379
 
--------------------MEMCG-----------------------
MEM ONLY  : 953 MB
MEM+SWAP  : 2017 MB
cache 1359872
rss 998531072
rss_huge 0
mapped_file 897024
writeback 0
swap 1115009024
pgpgin 750347
pgpgout 506233
pgfault 1023415
pgmajfault 144069
inactive_anon 543264768
active_anon 455266304
inactive_file 589824
active_file 770048
unevictable 0
hierarchical_memory_limit 999997440
hierarchical_memsw_limit 9223372036854771712
total_cache 1359872
total_rss 998531072
total_rss_huge 0
total_mapped_file 897024
total_writeback 0
total_swap 1115009024
total_pgpgin 750347
total_pgpgout 506233
total_pgfault 1023415
total_pgmajfault 144069
total_inactive_anon 543264768
total_active_anon 455266304
total_inactive_file 589824
total_active_file 770048
total_unevictable 0
--------------------BLKIO-----------------------
11:0 Read 0
11:0 Write 0
11:0 Sync 0
11:0 Async 0
11:0 Total 0
253:0 Read 758525952
253:0 Write 1713594368
253:0 Sync 0
253:0 Async 2472120320
253:0 Total 2472120320
Total 2472120320
--------------------CPUAC-----------------------
user 831
system 1412
 
--------------------MEMCG-----------------------
MEM ONLY  : 953 MB
MEM+SWAP  : 2016 MB
cache 1212416
rss 998653952
rss_huge 0
mapped_file 897024
writeback 0
swap 1114886144
pgpgin 761109
pgpgout 517001
pgfault 1044544
pgmajfault 152897
inactive_anon 546967552
active_anon 451686400
inactive_file 565248
active_file 647168
unevictable 0
hierarchical_memory_limit 999997440
hierarchical_memsw_limit 9223372036854771712
total_cache 1212416
total_rss 998653952
total_rss_huge 0
total_mapped_file 897024
total_writeback 0
total_swap 1114886144
total_pgpgin 761109
total_pgpgout 517001
total_pgfault 1044544
total_pgmajfault 152897
total_inactive_anon 546967552
total_active_anon 451686400
total_inactive_file 565248
total_active_file 647168
total_unevictable 0
--------------------BLKIO-----------------------
11:0 Read 0
11:0 Write 0
11:0 Sync 0
11:0 Async 0
11:0 Total 0
253:0 Read 812773376
253:0 Write 1767096320
253:0 Sync 0
253:0 Async 2579869696
253:0 Total 2579869696
Total 2579869696
--------------------CPUAC-----------------------
user 836
system 1446
 
--------------------MEMCG-----------------------
MEM ONLY  : 953 MB
MEM+SWAP  : 2016 MB
cache 1069056
rss 998920192
rss_huge 0
mapped_file 897024
writeback 0
swap 1114619904
pgpgin 772006
pgpgout 527868
pgfault 1065827
pgmajfault 161743
inactive_anon 551002112
active_anon 447909888
inactive_file 524288
active_file 544768
unevictable 0
hierarchical_memory_limit 999997440
hierarchical_memsw_limit 9223372036854771712
total_cache 1069056
total_rss 998920192
total_rss_huge 0
total_mapped_file 897024
total_writeback 0
total_swap 1114619904
total_pgpgin 772006
total_pgpgout 527868
total_pgfault 1065827
total_pgmajfault 161743
total_inactive_anon 551002112
total_active_anon 447909888
total_inactive_file 524288
total_active_file 544768
total_unevictable 0
--------------------BLKIO-----------------------
11:0 Read 0
11:0 Write 0
11:0 Sync 0
11:0 Async 0
11:0 Total 0
253:0 Read 868253696
253:0 Write 1802694656
253:0 Sync 0
253:0 Async 2670948352
253:0 Total 2670948352
Total 2670948352
--------------------CPUAC-----------------------
user 846
system 1476
 
--------------------MEMCG-----------------------
MEM ONLY  : 953 MB
MEM+SWAP  : 2016 MB
cache 892928
rss 999010304
rss_huge 0
mapped_file 888832
writeback 0
swap 1114529792
pgpgin 782441
pgpgout 538324
pgfault 1085980
pgmajfault 170073
inactive_anon 554840064
active_anon 444170240
inactive_file 417792
active_file 475136
unevictable 0
hierarchical_memory_limit 999997440
hierarchical_memsw_limit 9223372036854771712
total_cache 892928
total_rss 999010304
total_rss_huge 0
total_mapped_file 888832
total_writeback 0
total_swap 1114529792
total_pgpgin 782441
total_pgpgout 538324
total_pgfault 1085980
total_pgmajfault 170073
total_inactive_anon 554840064
total_active_anon 444170240
total_inactive_file 417792
total_active_file 475136
total_unevictable 0
--------------------BLKIO-----------------------
11:0 Read 0
11:0 Write 0
11:0 Sync 0
11:0 Async 0
11:0 Total 0
253:0 Read 921194496
253:0 Write 1844330496
253:0 Sync 0
253:0 Async 2765524992
253:0 Total 2765524992
Total 2765524992
--------------------CPUAC-----------------------
user 854
system 1517
 
--------------------MEMCG-----------------------
MEM ONLY  : 953 MB
MEM+SWAP  : 2016 MB
cache 815104
rss 999178240
rss_huge 0
mapped_file 811008
writeback 0
swap 1114361856
pgpgin 792825
pgpgout 548686
pgfault 1105857
pgmajfault 178223
inactive_anon 558346240
active_anon 440832000
inactive_file 344064
active_file 471040
unevictable 0
hierarchical_memory_limit 999997440
hierarchical_memsw_limit 9223372036854771712
total_cache 815104
total_rss 999178240
total_rss_huge 0
total_mapped_file 811008
total_writeback 0
total_swap 1114361856
total_pgpgin 792825
total_pgpgout 548686
total_pgfault 1105857
total_pgmajfault 178223
total_inactive_anon 558346240
total_active_anon 440832000
total_inactive_file 344064
total_active_file 471040
total_unevictable 0
--------------------BLKIO-----------------------
11:0 Read 0
11:0 Write 0
11:0 Sync 0
11:0 Async 0
11:0 Total 0
253:0 Read 974282752
253:0 Write 1884614656
253:0 Sync 0
253:0 Async 2858897408
253:0 Total 2858897408
Total 2858897408
--------------------CPUAC-----------------------
user 862
system 1557
 
--------------------MEMCG-----------------------
MEM ONLY  : 953 MB
MEM+SWAP  : 2016 MB
cache 811008
rss 999186432
rss_huge 0
mapped_file 806912
writeback 0
swap 1114353664
pgpgin 802564
pgpgout 558424
pgfault 1124425
pgmajfault 185858
inactive_anon 561176576
active_anon 438009856
inactive_file 339968
active_file 471040
unevictable 0
hierarchical_memory_limit 999997440
hierarchical_memsw_limit 9223372036854771712
total_cache 811008
total_rss 999186432
total_rss_huge 0
total_mapped_file 806912
total_writeback 0
total_swap 1114353664
total_pgpgin 802564
total_pgpgout 558424
total_pgfault 1124425
total_pgmajfault 185858
total_inactive_anon 561176576
total_active_anon 438009856
total_inactive_file 339968
total_active_file 471040
total_unevictable 0
--------------------BLKIO-----------------------
11:0 Read 0
11:0 Write 0
11:0 Sync 0
11:0 Async 0
11:0 Total 0
253:0 Read 1024499712
253:0 Write 1915932672
253:0 Sync 0
253:0 Async 2940432384
253:0 Total 2940432384
Total 2940432384
--------------------CPUAC-----------------------
user 868
system 1581
 
--------------------MEMCG-----------------------
MEM ONLY  : 953 MB
MEM+SWAP  : 2016 MB
cache 811008
rss 999002112
rss_huge 0
mapped_file 806912
writeback 36864
swap 1114537984
pgpgin 812391
pgpgout 568296
pgfault 1143033
pgmajfault 193376
inactive_anon 564453376
active_anon 434548736
inactive_file 339968
active_file 471040
unevictable 0
hierarchical_memory_limit 999997440
hierarchical_memsw_limit 9223372036854771712
total_cache 811008
total_rss 999002112
total_rss_huge 0
total_mapped_file 806912
total_writeback 36864
total_swap 1114537984
total_pgpgin 812391
total_pgpgout 568296
total_pgfault 1143033
total_pgmajfault 193376
total_inactive_anon 564453376
total_active_anon 434548736
total_inactive_file 339968
total_active_file 471040
total_unevictable 0
--------------------BLKIO-----------------------
11:0 Read 0
11:0 Write 0
11:0 Sync 0
11:0 Async 0
11:0 Total 0
253:0 Read 1075470336
253:0 Write 1932972032
253:0 Sync 0
253:0 Async 3008442368
253:0 Total 3008442368
Total 3008442368
--------------------CPUAC-----------------------
user 877
system 1610
 
--------------------MEMCG-----------------------
MEM ONLY  : 953 MB
MEM+SWAP  : 2016 MB
cache 811008
rss 999100416
rss_huge 0
mapped_file 806912
writeback 0
swap 1114443776
pgpgin 822008
pgpgout 577889
pgfault 1161142
pgmajfault 200681
inactive_anon 567603200
active_anon 431497216
inactive_file 339968
active_file 471040
unevictable 0
hierarchical_memory_limit 999997440
hierarchical_memsw_limit 9223372036854771712
total_cache 811008
total_rss 999100416
total_rss_huge 0
total_mapped_file 806912
total_writeback 0
total_swap 1114443776
total_pgpgin 822008
total_pgpgout 577889
total_pgfault 1161142
total_pgmajfault 200681
total_inactive_anon 567603200
total_active_anon 431497216
total_inactive_file 339968
total_active_file 471040
total_unevictable 0
--------------------BLKIO-----------------------
11:0 Read 0
11:0 Write 0
11:0 Sync 0
11:0 Async 0
11:0 Total 0
253:0 Read 1124921344
253:0 Write 1942798336
253:0 Sync 0
253:0 Async 3067719680
253:0 Total 3067719680
Total 3067719680
--------------------CPUAC-----------------------
user 885
system 1636
 
--------------------MEMCG-----------------------
MEM ONLY  : 953 MB
MEM+SWAP  : 2016 MB
cache 811008
rss 999129088
rss_huge 0
mapped_file 806912
writeback 0
swap 1114415104
pgpgin 831681
pgpgout 587555
pgfault 1179365
pgmajfault 208012
inactive_anon 571064320
active_anon 428064768
inactive_file 339968
active_file 471040
unevictable 0
hierarchical_memory_limit 999997440
hierarchical_memsw_limit 9223372036854771712
total_cache 811008
total_rss 999129088
total_rss_huge 0
total_mapped_file 806912
total_writeback 0
total_swap 1114415104
total_pgpgin 831681
total_pgpgout 587555
total_pgfault 1179365
total_pgmajfault 208012
total_inactive_anon 571064320
total_active_anon 428064768
total_inactive_file 339968
total_active_file 471040
total_unevictable 0
--------------------BLKIO-----------------------
11:0 Read 0
11:0 Write 0
11:0 Sync 0
11:0 Async 0
11:0 Total 0
253:0 Read 1174654976
253:0 Write 1952751616
253:0 Sync 0
253:0 Async 3127406592
253:0 Total 3127406592
Total 3127406592
--------------------CPUAC-----------------------
user 890
system 1664
 
