--------------------MEMCG-----------------------
MEM ONLY  : 636 MB
MEM+SWAP  : 636 MB
cache 408961024
rss 257908736
rss_huge 0
mapped_file 36610048
writeback 0
swap 0
pgpgin 260175
pgpgout 97365
pgfault 238974
pgmajfault 487
inactive_anon 45056
active_anon 257933312
inactive_file 379023360
active_file 29822976
unevictable 4096
hierarchical_memory_limit 999997440
hierarchical_memsw_limit 9223372036854771712
total_cache 408961024
total_rss 257908736
total_rss_huge 0
total_mapped_file 36610048
total_writeback 0
total_swap 0
total_pgpgin 260175
total_pgpgout 97365
total_pgfault 238974
total_pgmajfault 487
total_inactive_anon 45056
total_active_anon 257933312
total_inactive_file 379023360
total_active_file 29822976
total_unevictable 4096
--------------------BLKIO-----------------------
11:0 Read 0
11:0 Write 0
11:0 Sync 0
11:0 Async 0
11:0 Total 0
253:0 Read 408547328
253:0 Write 610304
253:0 Sync 196608
253:0 Async 408961024
253:0 Total 409157632
Total 409157632
--------------------CPUAC-----------------------
user 185
system 212
--------------------MEMCG-----------------------
MEM ONLY  : 691 MB
MEM+SWAP  : 691 MB
cache 466915328
rss 258048000
rss_huge 0
mapped_file 36610048
writeback 0
swap 0
pgpgin 274496
pgpgout 97502
pgfault 239135
pgmajfault 487
inactive_anon 45056
active_anon 258072576
inactive_file 431919104
active_file 34889728
unevictable 4096
hierarchical_memory_limit 999997440
hierarchical_memsw_limit 9223372036854771712
total_cache 466931712
total_rss 258048000
total_rss_huge 0
total_mapped_file 36610048
total_writeback 0
total_swap 0
total_pgpgin 274501
total_pgpgout 97502
total_pgfault 239135
total_pgmajfault 487
total_inactive_anon 45056
total_active_anon 258072576
total_inactive_file 431919104
total_active_file 34889728
total_unevictable 4096
--------------------BLKIO-----------------------
11:0 Read 0
11:0 Write 0
11:0 Sync 0
11:0 Async 0
11:0 Total 0
253:0 Read 466526208
253:0 Write 651264
253:0 Sync 196608
253:0 Async 466980864
253:0 Total 467177472
Total 467177472
--------------------CPUAC-----------------------
user 215
system 234
--------------------MEMCG-----------------------
MEM ONLY  : 749 MB
MEM+SWAP  : 749 MB
cache 528125952
rss 257851392
rss_huge 0
mapped_file 36610048
writeback 0
swap 0
pgpgin 289512
pgpgout 97623
pgfault 239198
pgmajfault 487
inactive_anon 45056
active_anon 257875968
inactive_file 487235584
active_file 40787968
unevictable 4096
hierarchical_memory_limit 999997440
hierarchical_memsw_limit 9223372036854771712
total_cache 528125952
total_rss 257851392
total_rss_huge 0
total_mapped_file 36610048
total_writeback 0
total_swap 0
total_pgpgin 289512
total_pgpgout 97623
total_pgfault 239198
total_pgmajfault 487
total_inactive_anon 45056
total_active_anon 257875968
total_inactive_file 487235584
total_active_file 40787968
total_unevictable 4096
--------------------BLKIO-----------------------
11:0 Read 0
11:0 Write 0
11:0 Sync 0
11:0 Async 0
11:0 Total 0
253:0 Read 527708160
253:0 Write 696320
253:0 Sync 196608
253:0 Async 528207872
253:0 Total 528404480
Total 528404480
--------------------CPUAC-----------------------
user 244
system 252
--------------------MEMCG-----------------------
MEM ONLY  : 805 MB
MEM+SWAP  : 805 MB
cache 586903552
rss 257691648
rss_huge 0
mapped_file 36610048
writeback 0
swap 0
pgpgin 303958
pgpgout 97758
pgfault 239282
pgmajfault 487
inactive_anon 45056
active_anon 257716224
inactive_file 539156480
active_file 47673344
unevictable 4096
hierarchical_memory_limit 999997440
hierarchical_memsw_limit 9223372036854771712
total_cache 586903552
total_rss 257691648
total_rss_huge 0
total_mapped_file 36610048
total_writeback 0
total_swap 0
total_pgpgin 303958
total_pgpgout 97758
total_pgfault 239282
total_pgmajfault 487
total_inactive_anon 45056
total_active_anon 257716224
total_inactive_file 539156480
total_active_file 47673344
total_unevictable 4096
--------------------BLKIO-----------------------
11:0 Read 0
11:0 Write 0
11:0 Sync 0
11:0 Async 0
11:0 Total 0
253:0 Read 586485760
253:0 Write 745472
253:0 Sync 196608
253:0 Async 587034624
253:0 Total 587231232
Total 587231232
--------------------CPUAC-----------------------
user 271
system 272
--------------------MEMCG-----------------------
MEM ONLY  : 865 MB
MEM+SWAP  : 865 MB
cache 649433088
rss 257867776
rss_huge 0
mapped_file 36610048
writeback 0
swap 0
pgpgin 319355
pgpgout 97846
pgfault 239402
pgmajfault 487
inactive_anon 45056
active_anon 257892352
inactive_file 592654336
active_file 56676352
unevictable 4096
hierarchical_memory_limit 999997440
hierarchical_memsw_limit 9223372036854771712
total_cache 649433088
total_rss 257867776
total_rss_huge 0
total_mapped_file 36610048
total_writeback 0
total_swap 0
total_pgpgin 319355
total_pgpgout 97846
total_pgfault 239402
total_pgmajfault 487
total_inactive_anon 45056
total_active_anon 257892352
total_inactive_file 592654336
total_active_file 56676352
total_unevictable 4096
--------------------BLKIO-----------------------
11:0 Read 0
11:0 Write 0
11:0 Sync 0
11:0 Async 0
11:0 Total 0
253:0 Read 649015296
253:0 Write 794624
253:0 Sync 196608
253:0 Async 649613312
253:0 Total 649809920
Total 649809920
--------------------CPUAC-----------------------
user 300
system 292
--------------------MEMCG-----------------------
MEM ONLY  : 924 MB
MEM+SWAP  : 923 MB
cache 710864896
rss 257933312
rss_huge 0
mapped_file 36610048
writeback 0
swap 0
pgpgin 334442
pgpgout 97919
pgfault 239478
pgmajfault 487
inactive_anon 45056
active_anon 257957888
inactive_file 643350528
active_file 67411968
unevictable 4096
hierarchical_memory_limit 999997440
hierarchical_memsw_limit 9223372036854771712
total_cache 710864896
total_rss 257933312
total_rss_huge 0
total_mapped_file 36610048
total_writeback 0
total_swap 0
total_pgpgin 334442
total_pgpgout 97919
total_pgfault 239478
total_pgmajfault 487
total_inactive_anon 45056
total_active_anon 257957888
total_inactive_file 643350528
total_active_file 67411968
total_unevictable 4096
--------------------BLKIO-----------------------
11:0 Read 0
11:0 Write 0
11:0 Sync 0
11:0 Async 0
11:0 Total 0
253:0 Read 710443008
253:0 Write 851968
253:0 Sync 196608
253:0 Async 711098368
253:0 Total 711294976
Total 711294976
--------------------CPUAC-----------------------
user 333
system 315
--------------------MEMCG-----------------------
MEM ONLY  : 953 MB
MEM+SWAP  : 953 MB
cache 742031360
rss 257945600
rss_huge 0
mapped_file 36581376
writeback 0
swap 0
pgpgin 349924
pgpgout 105789
pgfault 239541
pgmajfault 487
inactive_anon 55689216
active_anon 202326016
inactive_file 630820864
active_file 111124480
unevictable 4096
hierarchical_memory_limit 999997440
hierarchical_memsw_limit 9223372036854771712
total_cache 742031360
total_rss 257945600
total_rss_huge 0
total_mapped_file 36581376
total_writeback 0
total_swap 0
total_pgpgin 349924
total_pgpgout 105789
total_pgfault 239541
total_pgmajfault 487
total_inactive_anon 55689216
total_active_anon 202326016
total_inactive_file 630820864
total_active_file 111124480
total_unevictable 4096
--------------------BLKIO-----------------------
11:0 Read 0
11:0 Write 0
11:0 Sync 0
11:0 Async 0
11:0 Total 0
253:0 Read 773513216
253:0 Write 909312
253:0 Sync 196608
253:0 Async 774225920
253:0 Total 774422528
Total 774422528
--------------------CPUAC-----------------------
user 368
system 341
--------------------MEMCG-----------------------
MEM ONLY  : 953 MB
MEM+SWAP  : 953 MB
cache 741961728
rss 257961984
rss_huge 0
mapped_file 36581376
writeback 0
swap 0
pgpgin 365626
pgpgout 121504
pgfault 239605
pgmajfault 487
inactive_anon 112836608
active_anon 145195008
inactive_file 616935424
active_file 124940288
unevictable 4096
hierarchical_memory_limit 999997440
hierarchical_memsw_limit 9223372036854771712
total_cache 741961728
total_rss 257961984
total_rss_huge 0
total_mapped_file 36581376
total_writeback 0
total_swap 0
total_pgpgin 365626
total_pgpgout 121504
total_pgfault 239605
total_pgmajfault 487
total_inactive_anon 112836608
total_active_anon 145195008
total_inactive_file 616935424
total_active_file 124940288
total_unevictable 4096
--------------------BLKIO-----------------------
11:0 Read 0
11:0 Write 0
11:0 Sync 0
11:0 Async 0
11:0 Total 0
253:0 Read 836354048
253:0 Write 974848
253:0 Sync 196608
253:0 Async 837132288
253:0 Total 837328896
Total 837328896
--------------------CPUAC-----------------------
user 398
system 370
--------------------MEMCG-----------------------
MEM ONLY  : 953 MB
MEM+SWAP  : 953 MB
cache 741933056
rss 257970176
rss_huge 0
mapped_file 36581376
writeback 0
swap 0
pgpgin 380572
pgpgout 136455
pgfault 239667
pgmajfault 487
inactive_anon 129089536
active_anon 128950272
inactive_file 601464832
active_file 140349440
unevictable 4096
hierarchical_memory_limit 999997440
hierarchical_memsw_limit 9223372036854771712
total_cache 741933056
total_rss 257970176
total_rss_huge 0
total_mapped_file 36581376
total_writeback 0
total_swap 0
total_pgpgin 380572
total_pgpgout 136455
total_pgfault 239667
total_pgmajfault 487
total_inactive_anon 129089536
total_active_anon 128950272
total_inactive_file 601464832
total_active_file 140349440
total_unevictable 4096
--------------------BLKIO-----------------------
11:0 Read 0
11:0 Write 0
11:0 Sync 0
11:0 Async 0
11:0 Total 0
253:0 Read 894558208
253:0 Write 1040384
253:0 Sync 196608
253:0 Async 895401984
253:0 Total 895598592
Total 895598592
--------------------CPUAC-----------------------
user 428
system 394
--------------------MEMCG-----------------------
MEM ONLY  : 953 MB
MEM+SWAP  : 953 MB
cache 741941248
rss 257994752
rss_huge 0
mapped_file 36581376
writeback 0
swap 0
pgpgin 397448
pgpgout 153323
pgfault 239733
pgmajfault 487
inactive_anon 129089536
active_anon 128974848
inactive_file 580411392
active_file 161427456
unevictable 4096
hierarchical_memory_limit 999997440
hierarchical_memsw_limit 9223372036854771712
total_cache 741941248
total_rss 257994752
total_rss_huge 0
total_mapped_file 36581376
total_writeback 0
total_swap 0
total_pgpgin 397448
total_pgpgout 153323
total_pgfault 239733
total_pgmajfault 487
total_inactive_anon 129089536
total_active_anon 128974848
total_inactive_file 580411392
total_active_file 161427456
total_unevictable 4096
--------------------BLKIO-----------------------
11:0 Read 0
11:0 Write 0
11:0 Sync 0
11:0 Async 0
11:0 Total 0
253:0 Read 957677568
253:0 Write 1040384
253:0 Sync 196608
253:0 Async 958521344
253:0 Total 958717952
Total 958717952
--------------------CPUAC-----------------------
user 466
system 425
--------------------MEMCG-----------------------
MEM ONLY  : 953 MB
MEM+SWAP  : 953 MB
cache 741949440
rss 258007040
rss_huge 0
mapped_file 36581376
writeback 0
swap 0
pgpgin 414671
pgpgout 170541
pgfault 239796
pgmajfault 487
inactive_anon 129089536
active_anon 128987136
inactive_file 558247936
active_file 183586816
unevictable 4096
hierarchical_memory_limit 999997440
hierarchical_memsw_limit 9223372036854771712
total_cache 741949440
total_rss 258007040
total_rss_huge 0
total_mapped_file 36581376
total_writeback 0
total_swap 0
total_pgpgin 414671
total_pgpgout 170541
total_pgfault 239796
total_pgmajfault 487
total_inactive_anon 129089536
total_active_anon 128987136
total_inactive_file 558247936
total_active_file 183586816
total_unevictable 4096
--------------------BLKIO-----------------------
11:0 Read 0
11:0 Write 0
11:0 Sync 0
11:0 Async 0
11:0 Total 0
253:0 Read 1020293120
253:0 Write 1064960
253:0 Sync 196608
253:0 Async 1021161472
253:0 Total 1021358080
Total 1021358080
--------------------CPUAC-----------------------
user 498
system 449
--------------------MEMCG-----------------------
MEM ONLY  : 953 MB
MEM+SWAP  : 953 MB
cache 741801984
rss 257904640
rss_huge 0
mapped_file 36581376
writeback 0
swap 0
pgpgin 432940
pgpgout 188871
pgfault 239894
pgmajfault 487
inactive_anon 129146880
active_anon 128827392
inactive_file 535805952
active_file 205922304
unevictable 4096
hierarchical_memory_limit 999997440
hierarchical_memsw_limit 9223372036854771712
total_cache 741801984
total_rss 257904640
total_rss_huge 0
total_mapped_file 36581376
total_writeback 0
total_swap 0
total_pgpgin 432940
total_pgpgout 188871
total_pgfault 239894
total_pgmajfault 487
total_inactive_anon 129146880
total_active_anon 128827392
total_inactive_file 535805952
total_active_file 205922304
total_unevictable 4096
--------------------BLKIO-----------------------
11:0 Read 0
11:0 Write 0
11:0 Sync 0
11:0 Async 0
11:0 Total 0
253:0 Read 1083809792
253:0 Write 1089536
253:0 Sync 196608
253:0 Async 1084702720
253:0 Total 1084899328
Total 1084899328
--------------------CPUAC-----------------------
user 540
system 476
--------------------MEMCG-----------------------
MEM ONLY  : 953 MB
MEM+SWAP  : 953 MB
cache 742014976
rss 257867776
rss_huge 0
mapped_file 36581376
writeback 0
swap 0
pgpgin 451166
pgpgout 207054
pgfault 240028
pgmajfault 487
inactive_anon 129134592
active_anon 128802816
inactive_file 514215936
active_file 227667968
unevictable 4096
hierarchical_memory_limit 999997440
hierarchical_memsw_limit 9223372036854771712
total_cache 742014976
total_rss 257867776
total_rss_huge 0
total_mapped_file 36581376
total_writeback 0
total_swap 0
total_pgpgin 451166
total_pgpgout 207054
total_pgfault 240028
total_pgmajfault 487
total_inactive_anon 129134592
total_active_anon 128802816
total_inactive_file 514215936
total_active_file 227667968
total_unevictable 4096
--------------------BLKIO-----------------------
11:0 Read 0
11:0 Write 0
11:0 Sync 0
11:0 Async 0
11:0 Total 0
253:0 Read 1145638912
253:0 Write 1122304
253:0 Sync 196608
253:0 Async 1146564608
253:0 Total 1146761216
Total 1146761216
--------------------CPUAC-----------------------
user 576
system 500
--------------------MEMCG-----------------------
MEM ONLY  : 953 MB
MEM+SWAP  : 953 MB
cache 742215680
rss 257679360
rss_huge 0
mapped_file 36581376
writeback 0
swap 0
pgpgin 470565
pgpgout 226450
pgfault 240124
pgmajfault 487
inactive_anon 129007616
active_anon 128741376
inactive_file 490250240
active_file 251891712
unevictable 4096
hierarchical_memory_limit 999997440
hierarchical_memsw_limit 9223372036854771712
total_cache 742215680
total_rss 257679360
total_rss_huge 0
total_mapped_file 36581376
total_writeback 0
total_swap 0
total_pgpgin 470565
total_pgpgout 226450
total_pgfault 240124
total_pgmajfault 487
total_inactive_anon 129007616
total_active_anon 128741376
total_inactive_file 490250240
total_active_file 251891712
total_unevictable 4096
--------------------BLKIO-----------------------
11:0 Read 0
11:0 Write 0
11:0 Sync 0
11:0 Async 0
11:0 Total 0
253:0 Read 1208688640
253:0 Write 1155072
253:0 Sync 196608
253:0 Async 1209647104
253:0 Total 1209843712
Total 1209843712
--------------------CPUAC-----------------------
user 612
system 526
--------------------MEMCG-----------------------
MEM ONLY  : 953 MB
MEM+SWAP  : 953 MB
cache 742432768
rss 257531904
rss_huge 0
mapped_file 36495360
writeback 0
swap 0
pgpgin 491332
pgpgout 247200
pgfault 240193
pgmajfault 487
inactive_anon 129007616
active_anon 128593920
inactive_file 464699392
active_file 277630976
unevictable 4096
hierarchical_memory_limit 999997440
hierarchical_memsw_limit 9223372036854771712
total_cache 742432768
total_rss 257531904
total_rss_huge 0
total_mapped_file 36495360
total_writeback 0
total_swap 0
total_pgpgin 491332
total_pgpgout 247200
total_pgfault 240193
total_pgmajfault 487
total_inactive_anon 129007616
total_active_anon 128593920
total_inactive_file 464699392
total_active_file 277630976
total_unevictable 4096
--------------------BLKIO-----------------------
11:0 Read 0
11:0 Write 0
11:0 Sync 0
11:0 Async 0
11:0 Total 0
253:0 Read 1271197696
253:0 Write 1191936
253:0 Sync 196608
253:0 Async 1272193024
253:0 Total 1272389632
Total 1272389632
--------------------CPUAC-----------------------
user 644
system 548
--------------------MEMCG-----------------------
MEM ONLY  : 953 MB
MEM+SWAP  : 953 MB
cache 742072320
rss 257773568
rss_huge 0
mapped_file 36495360
writeback 0
swap 0
pgpgin 513383
pgpgout 269280
pgfault 240359
pgmajfault 487
inactive_anon 129007616
active_anon 128831488
inactive_file 436539392
active_file 305430528
unevictable 4096
hierarchical_memory_limit 999997440
hierarchical_memsw_limit 9223372036854771712
total_cache 742072320
total_rss 257773568
total_rss_huge 0
total_mapped_file 36495360
total_writeback 0
total_swap 0
total_pgpgin 513383
total_pgpgout 269280
total_pgfault 240359
total_pgmajfault 487
total_inactive_anon 129007616
total_active_anon 128831488
total_inactive_file 436539392
total_active_file 305430528
total_unevictable 4096
--------------------BLKIO-----------------------
11:0 Read 0
11:0 Write 0
11:0 Sync 0
11:0 Async 0
11:0 Total 0
253:0 Read 1333645312
253:0 Write 1232896
253:0 Sync 196608
253:0 Async 1334681600
253:0 Total 1334878208
Total 1334878208
--------------------CPUAC-----------------------
user 681
system 588
--------------------MEMCG-----------------------
MEM ONLY  : 953 MB
MEM+SWAP  : 953 MB
cache 741670912
rss 258093056
rss_huge 0
mapped_file 36495360
writeback 0
swap 0
pgpgin 536957
pgpgout 292874
pgfault 240498
pgmajfault 487
inactive_anon 129138688
active_anon 129024000
inactive_file 408297472
active_file 333242368
unevictable 4096
hierarchical_memory_limit 999997440
hierarchical_memsw_limit 9223372036854771712
total_cache 741670912
total_rss 258093056
total_rss_huge 0
total_mapped_file 36495360
total_writeback 0
total_swap 0
total_pgpgin 536957
total_pgpgout 292874
total_pgfault 240498
total_pgmajfault 487
total_inactive_anon 129138688
total_active_anon 129024000
total_inactive_file 408297472
total_active_file 333242368
total_unevictable 4096
--------------------BLKIO-----------------------
11:0 Read 0
11:0 Write 0
11:0 Sync 0
11:0 Async 0
11:0 Total 0
253:0 Read 1396637696
253:0 Write 1277952
253:0 Sync 196608
253:0 Async 1397719040
253:0 Total 1397915648
Total 1397915648
--------------------CPUAC-----------------------
user 718
system 626
--------------------MEMCG-----------------------
MEM ONLY  : 953 MB
MEM+SWAP  : 953 MB
cache 741580800
rss 258203648
rss_huge 0
mapped_file 36495360
writeback 0
swap 0
pgpgin 562099
pgpgout 318011
pgfault 240586
pgmajfault 487
inactive_anon 129269760
active_anon 129003520
inactive_file 377212928
active_file 364261376
unevictable 4096
hierarchical_memory_limit 999997440
hierarchical_memsw_limit 9223372036854771712
total_cache 741580800
total_rss 258203648
total_rss_huge 0
total_mapped_file 36495360
total_writeback 0
total_swap 0
total_pgpgin 562099
total_pgpgout 318011
total_pgfault 240586
total_pgmajfault 487
total_inactive_anon 129269760
total_active_anon 129003520
total_inactive_file 377212928
total_active_file 364261376
total_unevictable 4096
--------------------BLKIO-----------------------
11:0 Read 0
11:0 Write 0
11:0 Sync 0
11:0 Async 0
11:0 Total 0
253:0 Read 1459159040
253:0 Write 1327104
253:0 Sync 196608
253:0 Async 1460289536
253:0 Total 1460486144
Total 1460486144
--------------------CPUAC-----------------------
user 757
system 657
--------------------MEMCG-----------------------
MEM ONLY  : 953 MB
MEM+SWAP  : 953 MB
cache 741617664
rss 258211840
rss_huge 0
mapped_file 36495360
writeback 0
swap 0
pgpgin 588236
pgpgout 344137
pgfault 240651
pgmajfault 487
inactive_anon 129269760
active_anon 129011712
inactive_file 370946048
active_file 370597888
unevictable 4096
hierarchical_memory_limit 999997440
hierarchical_memsw_limit 9223372036854771712
total_cache 741617664
total_rss 258211840
total_rss_huge 0
total_mapped_file 36495360
total_writeback 0
total_swap 0
total_pgpgin 588236
total_pgpgout 344137
total_pgfault 240651
total_pgmajfault 487
total_inactive_anon 129269760
total_active_anon 129011712
total_inactive_file 370946048
total_active_file 370597888
total_unevictable 4096
--------------------BLKIO-----------------------
11:0 Read 0
11:0 Write 0
11:0 Sync 0
11:0 Async 0
11:0 Total 0
253:0 Read 1520730112
253:0 Write 1376256
253:0 Sync 196608
253:0 Async 1521909760
253:0 Total 1522106368
Total 1522106368
--------------------CPUAC-----------------------
user 805
system 693
--------------------MEMCG-----------------------
MEM ONLY  : 953 MB
MEM+SWAP  : 953 MB
cache 741474304
rss 258338816
rss_huge 0
mapped_file 36495360
writeback 0
swap 0
pgpgin 616061
pgpgout 371966
pgfault 240777
pgmajfault 487
inactive_anon 129429504
active_anon 128978944
inactive_file 370855936
active_file 370544640
unevictable 4096
hierarchical_memory_limit 999997440
hierarchical_memsw_limit 9223372036854771712
total_cache 741474304
total_rss 258338816
total_rss_huge 0
total_mapped_file 36495360
total_writeback 0
total_swap 0
total_pgpgin 616061
total_pgpgout 371966
total_pgfault 240777
total_pgmajfault 487
total_inactive_anon 129429504
total_active_anon 128978944
total_inactive_file 370855936
total_active_file 370544640
total_unevictable 4096
--------------------BLKIO-----------------------
11:0 Read 0
11:0 Write 0
11:0 Sync 0
11:0 Async 0
11:0 Total 0
253:0 Read 1581264896
253:0 Write 1433600
253:0 Sync 196608
253:0 Async 1582501888
253:0 Total 1582698496
Total 1582698496
--------------------CPUAC-----------------------
user 852
system 738
--------------------MEMCG-----------------------
MEM ONLY  : 953 MB
MEM+SWAP  : 953 MB
cache 741752832
rss 258031616
rss_huge 0
mapped_file 36495360
writeback 0
swap 0
pgpgin 645690
pgpgout 401602
pgfault 240874
pgmajfault 487
inactive_anon 129228800
active_anon 128872448
inactive_file 371056640
active_file 370622464
unevictable 4096
hierarchical_memory_limit 999997440
hierarchical_memsw_limit 9223372036854771712
total_cache 741752832
total_rss 258031616
total_rss_huge 0
total_mapped_file 36495360
total_writeback 0
total_swap 0
total_pgpgin 645690
total_pgpgout 401602
total_pgfault 240874
total_pgmajfault 487
total_inactive_anon 129228800
total_active_anon 128872448
total_inactive_file 371056640
total_active_file 370622464
total_unevictable 4096
--------------------BLKIO-----------------------
11:0 Read 0
11:0 Write 0
11:0 Sync 0
11:0 Async 0
11:0 Total 0
253:0 Read 1641828352
253:0 Write 1490944
253:0 Sync 196608
253:0 Async 1643122688
253:0 Total 1643319296
Total 1643319296
--------------------CPUAC-----------------------
user 896
system 778
--------------------MEMCG-----------------------
MEM ONLY  : 953 MB
MEM+SWAP  : 953 MB
cache 742006784
rss 257830912
rss_huge 0
mapped_file 36491264
writeback 0
swap 0
pgpgin 677302
pgpgout 433201
pgfault 241012
pgmajfault 487
inactive_anon 129228800
active_anon 128671744
inactive_file 370966528
active_file 370966528
unevictable 4096
hierarchical_memory_limit 999997440
hierarchical_memsw_limit 9223372036854771712
total_cache 742006784
total_rss 257830912
total_rss_huge 0
total_mapped_file 36491264
total_writeback 0
total_swap 0
total_pgpgin 677302
total_pgpgout 433201
total_pgfault 241012
total_pgmajfault 487
total_inactive_anon 129228800
total_active_anon 128671744
total_inactive_file 370966528
total_active_file 370966528
total_unevictable 4096
--------------------BLKIO-----------------------
11:0 Read 0
11:0 Write 0
11:0 Sync 0
11:0 Async 0
11:0 Total 0
253:0 Read 1701601280
253:0 Write 1556480
253:0 Sync 196608
253:0 Async 1702961152
253:0 Total 1703157760
Total 1703157760
--------------------CPUAC-----------------------
user 941
system 822
--------------------MEMCG-----------------------
MEM ONLY  : 953 MB
MEM+SWAP  : 953 MB
cache 741650432
rss 258338816
rss_huge 0
mapped_file 34754560
writeback 0
swap 0
pgpgin 711819
pgpgout 467681
pgfault 241371
pgmajfault 487
inactive_anon 129622016
active_anon 128786432
inactive_file 370921472
active_file 370655232
unevictable 4096
hierarchical_memory_limit 999997440
hierarchical_memsw_limit 9223372036854771712
total_cache 741650432
total_rss 258338816
total_rss_huge 0
total_mapped_file 34754560
total_writeback 0
total_swap 0
total_pgpgin 711819
total_pgpgout 467681
total_pgfault 241371
total_pgmajfault 487
total_inactive_anon 129622016
total_active_anon 128786432
total_inactive_file 370921472
total_active_file 370655232
total_unevictable 4096
--------------------BLKIO-----------------------
11:0 Read 0
11:0 Write 0
11:0 Sync 0
11:0 Async 0
11:0 Total 0
253:0 Read 1762471936
253:0 Write 1622016
253:0 Sync 196608
253:0 Async 1763897344
253:0 Total 1764093952
Total 1764093952
--------------------CPUAC-----------------------
user 992
system 864
--------------------MEMCG-----------------------
MEM ONLY  : 953 MB
MEM+SWAP  : 953 MB
cache 741945344
rss 257921024
rss_huge 0
mapped_file 7110656
writeback 0
swap 0
pgpgin 747017
pgpgout 502909
pgfault 241434
pgmajfault 487
inactive_anon 129622016
active_anon 128368640
inactive_file 371150848
active_file 370708480
unevictable 4096
hierarchical_memory_limit 999997440
hierarchical_memsw_limit 9223372036854771712
total_cache 741945344
total_rss 257921024
total_rss_huge 0
total_mapped_file 7110656
total_writeback 0
total_swap 0
total_pgpgin 747017
total_pgpgout 502909
total_pgfault 241434
total_pgmajfault 487
total_inactive_anon 129622016
total_active_anon 128368640
total_inactive_file 371150848
total_active_file 370708480
total_unevictable 4096
--------------------BLKIO-----------------------
11:0 Read 0
11:0 Write 0
11:0 Sync 0
11:0 Async 0
11:0 Total 0
253:0 Read 1820811264
253:0 Write 1691648
253:0 Sync 196608
253:0 Async 1822306304
253:0 Total 1822502912
Total 1822502912
--------------------CPUAC-----------------------
user 1046
system 909
