--------------------MEMCG-----------------------
MEM ONLY  : 953 MB
MEM+SWAP  : 953 MB
cache 742551552
rss 257216512
rss_huge 0
mapped_file 10444800
writeback 0
swap 0
pgpgin 778095
pgpgout 534011
pgfault 247079
pgmajfault 591
inactive_anon 129601536
active_anon 127684608
inactive_file 371425280
active_file 371052544
unevictable 4096
hierarchical_memory_limit 999997440
hierarchical_memsw_limit 9223372036854771712
total_cache 742551552
total_rss 257216512
total_rss_huge 0
total_mapped_file 10444800
total_writeback 0
total_swap 0
total_pgpgin 778095
total_pgpgout 534011
total_pgfault 247079
total_pgmajfault 591
total_inactive_anon 129601536
total_active_anon 127684608
total_inactive_file 371425280
total_active_file 371052544
total_unevictable 4096
--------------------BLKIO-----------------------
11:0 Read 0
11:0 Write 0
11:0 Sync 0
11:0 Async 0
11:0 Total 0
253:0 Read 1859981312
253:0 Write 2969600
253:0 Sync 196608
253:0 Async 1862754304
253:0 Total 1862950912
Total 1862950912
--------------------CPUAC-----------------------
user 1193
system 1042
--------------------MEMCG-----------------------
MEM ONLY  : 953 MB
MEM+SWAP  : 953 MB
cache 742481920
rss 257372160
rss_huge 0
mapped_file 10444800
writeback 0
swap 0
pgpgin 779322
pgpgout 535217
pgfault 247177
pgmajfault 591
inactive_anon 129601536
active_anon 127836160
inactive_file 371412992
active_file 370995200
unevictable 4096
hierarchical_memory_limit 999997440
hierarchical_memsw_limit 9223372036854771712
total_cache 742481920
total_rss 257372160
total_rss_huge 0
total_mapped_file 10444800
total_writeback 0
total_swap 0
total_pgpgin 779322
total_pgpgout 535217
total_pgfault 247177
total_pgmajfault 591
total_inactive_anon 129601536
total_active_anon 127836160
total_inactive_file 371412992
total_active_file 370995200
total_unevictable 4096
--------------------BLKIO-----------------------
11:0 Read 0
11:0 Write 0
11:0 Sync 0
11:0 Async 0
11:0 Total 0
253:0 Read 1861595136
253:0 Write 2994176
253:0 Sync 196608
253:0 Async 1864392704
253:0 Total 1864589312
Total 1864589312
--------------------CPUAC-----------------------
user 1198
system 1045
--------------------MEMCG-----------------------
MEM ONLY  : 953 MB
MEM+SWAP  : 953 MB
cache 741654528
rss 258146304
rss_huge 0
mapped_file 10444800
writeback 0
swap 0
pgpgin 780744
pgpgout 536652
pgfault 247426
pgmajfault 591
inactive_anon 129601536
active_anon 128614400
inactive_file 371036160
active_file 370544640
unevictable 4096
hierarchical_memory_limit 999997440
hierarchical_memsw_limit 9223372036854771712
total_cache 741654528
total_rss 258146304
total_rss_huge 0
total_mapped_file 10444800
total_writeback 0
total_swap 0
total_pgpgin 780744
total_pgpgout 536652
total_pgfault 247426
total_pgmajfault 591
total_inactive_anon 129601536
total_active_anon 128614400
total_inactive_file 371036160
total_active_file 370544640
total_unevictable 4096
--------------------BLKIO-----------------------
11:0 Read 0
11:0 Write 0
11:0 Sync 0
11:0 Async 0
11:0 Total 0
253:0 Read 1863372800
253:0 Write 3018752
253:0 Sync 196608
253:0 Async 1866194944
253:0 Total 1866391552
Total 1866391552
--------------------CPUAC-----------------------
user 1203
system 1049
--------------------MEMCG-----------------------
MEM ONLY  : 953 MB
MEM+SWAP  : 953 MB
cache 741650432
rss 258203648
rss_huge 0
mapped_file 10444800
writeback 4096
swap 0
pgpgin 782197
pgpgout 538092
pgfault 247500
pgmajfault 591
inactive_anon 129601536
active_anon 128671744
inactive_file 370872320
active_file 370692096
unevictable 4096
hierarchical_memory_limit 999997440
hierarchical_memsw_limit 9223372036854771712
total_cache 741650432
total_rss 258203648
total_rss_huge 0
total_mapped_file 10444800
total_writeback 4096
total_swap 0
total_pgpgin 782197
total_pgpgout 538092
total_pgfault 247500
total_pgmajfault 591
total_inactive_anon 129601536
total_active_anon 128671744
total_inactive_file 370872320
total_active_file 370692096
total_unevictable 4096
--------------------BLKIO-----------------------
11:0 Read 0
11:0 Write 0
11:0 Sync 0
11:0 Async 0
11:0 Total 0
253:0 Read 1865281536
253:0 Write 3051520
253:0 Sync 196608
253:0 Async 1868136448
253:0 Total 1868333056
Total 1868333056
--------------------CPUAC-----------------------
user 1207
system 1054
--------------------MEMCG-----------------------
MEM ONLY  : 953 MB
MEM+SWAP  : 953 MB
cache 741740544
rss 258228224
rss_huge 0
mapped_file 10444800
writeback 0
swap 0
pgpgin 783361
pgpgout 539228
pgfault 247566
pgmajfault 591
inactive_anon 129601536
active_anon 128696320
inactive_file 371089408
active_file 370577408
unevictable 4096
hierarchical_memory_limit 999997440
hierarchical_memsw_limit 9223372036854771712
total_cache 741740544
total_rss 258228224
total_rss_huge 0
total_mapped_file 10444800
total_writeback 0
total_swap 0
total_pgpgin 783361
total_pgpgout 539228
total_pgfault 247566
total_pgmajfault 591
total_inactive_anon 129601536
total_active_anon 128696320
total_inactive_file 371089408
total_active_file 370577408
total_unevictable 4096
--------------------BLKIO-----------------------
11:0 Read 0
11:0 Write 0
11:0 Sync 0
11:0 Async 0
11:0 Total 0
253:0 Read 1866887168
253:0 Write 3084288
253:0 Sync 196608
253:0 Async 1869774848
253:0 Total 1869971456
Total 1869971456
--------------------CPUAC-----------------------
user 1210
system 1057
--------------------MEMCG-----------------------
MEM ONLY  : 953 MB
MEM+SWAP  : 953 MB
cache 741687296
rss 258228224
rss_huge 0
mapped_file 10444800
writeback 0
swap 0
pgpgin 784782
pgpgout 540662
pgfault 247626
pgmajfault 591
inactive_anon 129601536
active_anon 128696320
inactive_file 371134464
active_file 370479104
unevictable 4096
hierarchical_memory_limit 999997440
hierarchical_memsw_limit 9223372036854771712
total_cache 741687296
total_rss 258228224
total_rss_huge 0
total_mapped_file 10444800
total_writeback 0
total_swap 0
total_pgpgin 784782
total_pgpgout 540662
total_pgfault 247626
total_pgmajfault 591
total_inactive_anon 129601536
total_active_anon 128696320
total_inactive_file 371134464
total_active_file 370479104
total_unevictable 4096
--------------------BLKIO-----------------------
11:0 Read 0
11:0 Write 0
11:0 Sync 0
11:0 Async 0
11:0 Total 0
253:0 Read 1868840960
253:0 Write 3117056
253:0 Sync 196608
253:0 Async 1871761408
253:0 Total 1871958016
Total 1871958016
--------------------CPUAC-----------------------
user 1215
system 1061
--------------------MEMCG-----------------------
MEM ONLY  : 953 MB
MEM+SWAP  : 953 MB
cache 741588992
rss 258228224
rss_huge 0
mapped_file 10444800
writeback 0
swap 0
pgpgin 786201
pgpgout 542105
pgfault 247686
pgmajfault 591
inactive_anon 129601536
active_anon 128696320
inactive_file 370913280
active_file 370601984
unevictable 4096
hierarchical_memory_limit 999997440
hierarchical_memsw_limit 9223372036854771712
total_cache 741588992
total_rss 258228224
total_rss_huge 0
total_mapped_file 10444800
total_writeback 0
total_swap 0
total_pgpgin 786201
total_pgpgout 542105
total_pgfault 247686
total_pgmajfault 591
total_inactive_anon 129601536
total_active_anon 128696320
total_inactive_file 370913280
total_active_file 370601984
total_unevictable 4096
--------------------BLKIO-----------------------
11:0 Read 0
11:0 Write 0
11:0 Sync 0
11:0 Async 0
11:0 Total 0
253:0 Read 1870757888
253:0 Write 3158016
253:0 Sync 196608
253:0 Async 1873719296
253:0 Total 1873915904
Total 1873915904
--------------------CPUAC-----------------------
user 1220
system 1065
--------------------MEMCG-----------------------
MEM ONLY  : 953 MB
MEM+SWAP  : 953 MB
cache 741658624
rss 258236416
rss_huge 0
mapped_file 10444800
writeback 0
swap 0
pgpgin 787119
pgpgout 543004
pgfault 247748
pgmajfault 591
inactive_anon 129601536
active_anon 128704512
inactive_file 370974720
active_file 370610176
unevictable 4096
hierarchical_memory_limit 999997440
hierarchical_memsw_limit 9223372036854771712
total_cache 741658624
total_rss 258236416
total_rss_huge 0
total_mapped_file 10444800
total_writeback 0
total_swap 0
total_pgpgin 787119
total_pgpgout 543004
total_pgfault 247748
total_pgmajfault 591
total_inactive_anon 129601536
total_active_anon 128704512
total_inactive_file 370974720
total_active_file 370610176
total_unevictable 4096
--------------------BLKIO-----------------------
11:0 Read 0
11:0 Write 0
11:0 Sync 0
11:0 Async 0
11:0 Total 0
253:0 Read 1871986688
253:0 Write 3198976
253:0 Sync 196608
253:0 Async 1874989056
253:0 Total 1875185664
Total 1875185664
--------------------CPUAC-----------------------
user 1226
system 1067
--------------------MEMCG-----------------------
MEM ONLY  : 953 MB
MEM+SWAP  : 953 MB
cache 741670912
rss 258236416
rss_huge 0
mapped_file 10444800
writeback 0
swap 0
pgpgin 788688
pgpgout 544570
pgfault 247808
pgmajfault 591
inactive_anon 129601536
active_anon 128704512
inactive_file 371122176
active_file 370417664
unevictable 4096
hierarchical_memory_limit 999997440
hierarchical_memsw_limit 9223372036854771712
total_cache 741670912
total_rss 258236416
total_rss_huge 0
total_mapped_file 10444800
total_writeback 0
total_swap 0
total_pgpgin 788688
total_pgpgout 544570
total_pgfault 247808
total_pgmajfault 591
total_inactive_anon 129601536
total_active_anon 128704512
total_inactive_file 371122176
total_active_file 370417664
total_unevictable 4096
--------------------BLKIO-----------------------
11:0 Read 0
11:0 Write 0
11:0 Sync 0
11:0 Async 0
11:0 Total 0
253:0 Read 1874259968
253:0 Write 3239936
253:0 Sync 196608
253:0 Async 1877303296
253:0 Total 1877499904
Total 1877499904
--------------------CPUAC-----------------------
user 1230
system 1072
--------------------MEMCG-----------------------
MEM ONLY  : 953 MB
MEM+SWAP  : 953 MB
cache 741609472
rss 258236416
rss_huge 0
mapped_file 10444800
writeback 0
swap 0
pgpgin 789704
pgpgout 545601
pgfault 247868
pgmajfault 591
inactive_anon 129601536
active_anon 128704512
inactive_file 371101696
active_file 370434048
unevictable 4096
hierarchical_memory_limit 999997440
hierarchical_memsw_limit 9223372036854771712
total_cache 741609472
total_rss 258236416
total_rss_huge 0
total_mapped_file 10444800
total_writeback 0
total_swap 0
total_pgpgin 789704
total_pgpgout 545601
total_pgfault 247868
total_pgmajfault 591
total_inactive_anon 129601536
total_active_anon 128704512
total_inactive_file 371101696
total_active_file 370434048
total_unevictable 4096
--------------------BLKIO-----------------------
11:0 Read 0
11:0 Write 0
11:0 Sync 0
11:0 Async 0
11:0 Total 0
253:0 Read 1875689472
253:0 Write 3289088
253:0 Sync 196608
253:0 Async 1878781952
253:0 Total 1878978560
Total 1878978560
--------------------CPUAC-----------------------
user 1235
system 1074
--------------------MEMCG-----------------------
MEM ONLY  : 953 MB
MEM+SWAP  : 953 MB
cache 741572608
rss 258236416
rss_huge 0
mapped_file 10444800
writeback 0
swap 0
pgpgin 790845
pgpgout 546751
pgfault 247928
pgmajfault 591
inactive_anon 129601536
active_anon 128704512
inactive_file 371023872
active_file 370446336
unevictable 4096
hierarchical_memory_limit 999997440
hierarchical_memsw_limit 9223372036854771712
total_cache 741572608
total_rss 258236416
total_rss_huge 0
total_mapped_file 10444800
total_writeback 0
total_swap 0
total_pgpgin 790845
total_pgpgout 546751
total_pgfault 247928
total_pgmajfault 591
total_inactive_anon 129601536
total_active_anon 128704512
total_inactive_file 371023872
total_active_file 370446336
total_unevictable 4096
--------------------BLKIO-----------------------
11:0 Read 0
11:0 Write 0
11:0 Sync 0
11:0 Async 0
11:0 Total 0
253:0 Read 1877176320
253:0 Write 3338240
253:0 Sync 196608
253:0 Async 1880317952
253:0 Total 1880514560
Total 1880514560
--------------------CPUAC-----------------------
user 1238
system 1076
--------------------MEMCG-----------------------
MEM ONLY  : 953 MB
MEM+SWAP  : 953 MB
cache 741523456
rss 258248704
rss_huge 0
mapped_file 10444800
writeback 0
swap 0
pgpgin 791988
pgpgout 547903
pgfault 247991
pgmajfault 591
inactive_anon 129601536
active_anon 128716800
inactive_file 370925568
active_file 370524160
unevictable 4096
hierarchical_memory_limit 999997440
hierarchical_memsw_limit 9223372036854771712
total_cache 741523456
total_rss 258248704
total_rss_huge 0
total_mapped_file 10444800
total_writeback 0
total_swap 0
total_pgpgin 791988
total_pgpgout 547903
total_pgfault 247991
total_pgmajfault 591
total_inactive_anon 129601536
total_active_anon 128716800
total_inactive_file 370925568
total_active_file 370524160
total_unevictable 4096
--------------------BLKIO-----------------------
11:0 Read 0
11:0 Write 0
11:0 Sync 0
11:0 Async 0
11:0 Total 0
253:0 Read 1878921216
253:0 Write 3362816
253:0 Sync 196608
253:0 Async 1882087424
253:0 Total 1882284032
Total 1882284032
--------------------CPUAC-----------------------
user 1241
system 1077
--------------------MEMCG-----------------------
MEM ONLY  : 953 MB
MEM+SWAP  : 953 MB
cache 742006784
rss 257912832
rss_huge 0
mapped_file 10444800
writeback 0
swap 0
pgpgin 793185
pgpgout 549064
pgfault 248109
pgmajfault 591
inactive_anon 129601536
active_anon 128380928
inactive_file 371126272
active_file 370806784
unevictable 4096
hierarchical_memory_limit 999997440
hierarchical_memsw_limit 9223372036854771712
total_cache 742006784
total_rss 257912832
total_rss_huge 0
total_mapped_file 10444800
total_writeback 0
total_swap 0
total_pgpgin 793185
total_pgpgout 549064
total_pgfault 248109
total_pgmajfault 591
total_inactive_anon 129601536
total_active_anon 128380928
total_inactive_file 371126272
total_active_file 370806784
total_unevictable 4096
--------------------BLKIO-----------------------
11:0 Read 0
11:0 Write 0
11:0 Sync 0
11:0 Async 0
11:0 Total 0
253:0 Read 1880354816
253:0 Write 3375104
253:0 Sync 196608
253:0 Async 1883533312
253:0 Total 1883729920
Total 1883729920
--------------------CPUAC-----------------------
user 1246
system 1081
--------------------MEMCG-----------------------
MEM ONLY  : 953 MB
MEM+SWAP  : 953 MB
cache 741924864
rss 257933312
rss_huge 0
mapped_file 10444800
writeback 0
swap 0
pgpgin 794256
pgpgout 550150
pgfault 248174
pgmajfault 591
inactive_anon 129601536
active_anon 128401408
inactive_file 371032064
active_file 370819072
unevictable 4096
hierarchical_memory_limit 999997440
hierarchical_memsw_limit 9223372036854771712
total_cache 741924864
total_rss 257933312
total_rss_huge 0
total_mapped_file 10444800
total_writeback 0
total_swap 0
total_pgpgin 794256
total_pgpgout 550150
total_pgfault 248174
total_pgmajfault 591
total_inactive_anon 129601536
total_active_anon 128401408
total_inactive_file 371032064
total_active_file 370819072
total_unevictable 4096
--------------------BLKIO-----------------------
11:0 Read 0
11:0 Write 0
11:0 Sync 0
11:0 Async 0
11:0 Total 0
253:0 Read 1881960448
253:0 Write 3399680
253:0 Sync 196608
253:0 Async 1885163520
253:0 Total 1885360128
Total 1885360128
--------------------CPUAC-----------------------
user 1249
system 1083
--------------------MEMCG-----------------------
MEM ONLY  : 953 MB
MEM+SWAP  : 953 MB
cache 741982208
rss 257974272
rss_huge 0
mapped_file 10444800
writeback 0
swap 0
pgpgin 795659
pgpgout 551529
pgfault 248244
pgmajfault 591
inactive_anon 129601536
active_anon 128442368
inactive_file 371146752
active_file 370761728
unevictable 4096
hierarchical_memory_limit 999997440
hierarchical_memsw_limit 9223372036854771712
total_cache 741982208
total_rss 257974272
total_rss_huge 0
total_mapped_file 10444800
total_writeback 0
total_swap 0
total_pgpgin 795659
total_pgpgout 551529
total_pgfault 248244
total_pgmajfault 591
total_inactive_anon 129601536
total_active_anon 128442368
total_inactive_file 371146752
total_active_file 370761728
total_unevictable 4096
--------------------BLKIO-----------------------
11:0 Read 0
11:0 Write 0
11:0 Sync 0
11:0 Async 0
11:0 Total 0
253:0 Read 1883611136
253:0 Write 3424256
253:0 Sync 196608
253:0 Async 1886838784
253:0 Total 1887035392
Total 1887035392
--------------------CPUAC-----------------------
user 1253
system 1084
--------------------MEMCG-----------------------
MEM ONLY  : 953 MB
MEM+SWAP  : 953 MB
cache 741625856
rss 258199552
rss_huge 0
mapped_file 10444800
writeback 0
swap 0
pgpgin 796876
pgpgout 552778
pgfault 248359
pgmajfault 591
inactive_anon 129601536
active_anon 128667648
inactive_file 370921472
active_file 370618368
unevictable 4096
hierarchical_memory_limit 999997440
hierarchical_memsw_limit 9223372036854771712
total_cache 741625856
total_rss 258199552
total_rss_huge 0
total_mapped_file 10444800
total_writeback 0
total_swap 0
total_pgpgin 796876
total_pgpgout 552778
total_pgfault 248359
total_pgmajfault 591
total_inactive_anon 129601536
total_active_anon 128667648
total_inactive_file 370921472
total_active_file 370618368
total_unevictable 4096
--------------------BLKIO-----------------------
11:0 Read 0
11:0 Write 0
11:0 Sync 0
11:0 Async 0
11:0 Total 0
253:0 Read 1885216768
253:0 Write 3452928
253:0 Sync 196608
253:0 Async 1888473088
253:0 Total 1888669696
Total 1888669696
--------------------CPUAC-----------------------
user 1255
system 1088
--------------------MEMCG-----------------------
MEM ONLY  : 953 MB
MEM+SWAP  : 953 MB
cache 741687296
rss 258203648
rss_huge 0
mapped_file 10444800
writeback 0
swap 0
pgpgin 798268
pgpgout 554154
pgfault 248420
pgmajfault 591
inactive_anon 129601536
active_anon 128671744
inactive_file 371081216
active_file 370532352
unevictable 4096
hierarchical_memory_limit 999997440
hierarchical_memsw_limit 9223372036854771712
total_cache 741687296
total_rss 258203648
total_rss_huge 0
total_mapped_file 10444800
total_writeback 0
total_swap 0
total_pgpgin 798268
total_pgpgout 554154
total_pgfault 248420
total_pgmajfault 591
total_inactive_anon 129601536
total_active_anon 128671744
total_inactive_file 371081216
total_active_file 370532352
total_unevictable 4096
--------------------BLKIO-----------------------
11:0 Read 0
11:0 Write 0
11:0 Sync 0
11:0 Async 0
11:0 Total 0
253:0 Read 1886932992
253:0 Write 3485696
253:0 Sync 196608
253:0 Async 1890222080
253:0 Total 1890418688
Total 1890418688
--------------------CPUAC-----------------------
user 1261
system 1091
--------------------MEMCG-----------------------
MEM ONLY  : 953 MB
MEM+SWAP  : 953 MB
cache 741629952
rss 258211840
rss_huge 0
mapped_file 10444800
writeback 0
swap 0
pgpgin 799644
pgpgout 555542
pgfault 248482
pgmajfault 591
inactive_anon 129601536
active_anon 128679936
inactive_file 371015680
active_file 370540544
unevictable 4096
hierarchical_memory_limit 999997440
hierarchical_memsw_limit 9223372036854771712
total_cache 741629952
total_rss 258211840
total_rss_huge 0
total_mapped_file 10444800
total_writeback 0
total_swap 0
total_pgpgin 799644
total_pgpgout 555542
total_pgfault 248482
total_pgmajfault 591
total_inactive_anon 129601536
total_active_anon 128679936
total_inactive_file 371015680
total_active_file 370540544
total_unevictable 4096
--------------------BLKIO-----------------------
11:0 Read 0
11:0 Write 0
11:0 Sync 0
11:0 Async 0
11:0 Total 0
253:0 Read 1888845824
253:0 Write 3518464
253:0 Sync 196608
253:0 Async 1892167680
253:0 Total 1892364288
Total 1892364288
--------------------CPUAC-----------------------
user 1266
system 1096
--------------------MEMCG-----------------------
MEM ONLY  : 953 MB
MEM+SWAP  : 953 MB
cache 741675008
rss 258215936
rss_huge 0
mapped_file 10444800
writeback 0
swap 0
pgpgin 801274
pgpgout 557160
pgfault 248543
pgmajfault 591
inactive_anon 129601536
active_anon 128684032
inactive_file 371068928
active_file 370532352
unevictable 4096
hierarchical_memory_limit 999997440
hierarchical_memsw_limit 9223372036854771712
total_cache 741675008
total_rss 258215936
total_rss_huge 0
total_mapped_file 10444800
total_writeback 0
total_swap 0
total_pgpgin 801274
total_pgpgout 557160
total_pgfault 248543
total_pgmajfault 591
total_inactive_anon 129601536
total_active_anon 128684032
total_inactive_file 371068928
total_active_file 370532352
total_unevictable 4096
--------------------BLKIO-----------------------
11:0 Read 0
11:0 Write 0
11:0 Sync 0
11:0 Async 0
11:0 Total 0
253:0 Read 1890721792
253:0 Write 3555328
253:0 Sync 196608
253:0 Async 1894080512
253:0 Total 1894277120
Total 1894277120
--------------------CPUAC-----------------------
user 1270
system 1100
--------------------MEMCG-----------------------
MEM ONLY  : 953 MB
MEM+SWAP  : 953 MB
cache 741392384
rss 258605056
rss_huge 0
mapped_file 10444800
writeback 0
swap 0
pgpgin 806022
pgpgout 561882
pgfault 248698
pgmajfault 591
inactive_anon 129601536
active_anon 129073152
inactive_file 370966528
active_file 370339840
unevictable 4096
hierarchical_memory_limit 999997440
hierarchical_memsw_limit 9223372036854771712
total_cache 741392384
total_rss 258605056
total_rss_huge 0
total_mapped_file 10444800
total_writeback 0
total_swap 0
total_pgpgin 806022
total_pgpgout 561882
total_pgfault 248698
total_pgmajfault 591
total_inactive_anon 129601536
total_active_anon 129073152
total_inactive_file 370966528
total_active_file 370339840
total_unevictable 4096
--------------------BLKIO-----------------------
11:0 Read 0
11:0 Write 0
11:0 Sync 0
11:0 Async 0
11:0 Total 0
253:0 Read 1897177088
253:0 Write 3596288
253:0 Sync 196608
253:0 Async 1900576768
253:0 Total 1900773376
Total 1900773376
--------------------CPUAC-----------------------
user 1280
system 1108
--------------------MEMCG-----------------------
MEM ONLY  : 953 MB
MEM+SWAP  : 953 MB
cache 741400576
rss 258363392
rss_huge 0
mapped_file 10444800
writeback 0
swap 0
pgpgin 828866
pgpgout 584783
pgfault 248769
pgmajfault 591
inactive_anon 129601536
active_anon 128831488
inactive_file 370823168
active_file 370491392
unevictable 4096
hierarchical_memory_limit 999997440
hierarchical_memsw_limit 9223372036854771712
total_cache 741400576
total_rss 258363392
total_rss_huge 0
total_mapped_file 10444800
total_writeback 0
total_swap 0
total_pgpgin 828866
total_pgpgout 584783
total_pgfault 248769
total_pgmajfault 591
total_inactive_anon 129601536
total_active_anon 128831488
total_inactive_file 370823168
total_active_file 370491392
total_unevictable 4096
--------------------BLKIO-----------------------
11:0 Read 0
11:0 Write 0
11:0 Sync 0
11:0 Async 0
11:0 Total 0
253:0 Read 1929134080
253:0 Write 3637248
253:0 Sync 196608
253:0 Async 1932574720
253:0 Total 1932771328
Total 1932771328
--------------------CPUAC-----------------------
user 1320
system 1140
--------------------MEMCG-----------------------
MEM ONLY  : 953 MB
MEM+SWAP  : 953 MB
cache 741445632
rss 258453504
rss_huge 0
mapped_file 10444800
writeback 0
swap 0
pgpgin 854237
pgpgout 610121
pgfault 248851
pgmajfault 591
inactive_anon 129601536
active_anon 128921600
inactive_file 370794496
active_file 370548736
unevictable 4096
hierarchical_memory_limit 999997440
hierarchical_memsw_limit 9223372036854771712
total_cache 741445632
total_rss 258453504
total_rss_huge 0
total_mapped_file 10444800
total_writeback 0
total_swap 0
total_pgpgin 854237
total_pgpgout 610121
total_pgfault 248851
total_pgmajfault 591
total_inactive_anon 129601536
total_active_anon 128921600
total_inactive_file 370794496
total_active_file 370548736
total_unevictable 4096
--------------------BLKIO-----------------------
11:0 Read 0
11:0 Write 0
11:0 Sync 0
11:0 Async 0
11:0 Total 0
253:0 Read 1961103360
253:0 Write 3686400
253:0 Sync 196608
253:0 Async 1964593152
253:0 Total 1964789760
Total 1964789760
--------------------CPUAC-----------------------
user 1359
system 1177
--------------------MEMCG-----------------------
MEM ONLY  : 953 MB
MEM+SWAP  : 953 MB
cache 741388288
rss 258461696
rss_huge 0
mapped_file 10444800
writeback 0
swap 0
pgpgin 881396
pgpgout 637292
pgfault 248913
pgmajfault 591
inactive_anon 129601536
active_anon 128929792
inactive_file 370769920
active_file 370503680
unevictable 4096
hierarchical_memory_limit 999997440
hierarchical_memsw_limit 9223372036854771712
total_cache 741388288
total_rss 258461696
total_rss_huge 0
total_mapped_file 10444800
total_writeback 0
total_swap 0
total_pgpgin 881396
total_pgpgout 637292
total_pgfault 248913
total_pgmajfault 591
total_inactive_anon 129601536
total_active_anon 128929792
total_inactive_file 370769920
total_active_file 370503680
total_unevictable 4096
--------------------BLKIO-----------------------
11:0 Read 0
11:0 Write 0
11:0 Sync 0
11:0 Async 0
11:0 Total 0
253:0 Read 1993334784
253:0 Write 3735552
253:0 Sync 196608
253:0 Async 1996873728
253:0 Total 1997070336
Total 1997070336
--------------------CPUAC-----------------------
user 1404
system 1210
--------------------MEMCG-----------------------
MEM ONLY  : 953 MB
MEM+SWAP  : 953 MB
cache 741416960
rss 258465792
rss_huge 0
mapped_file 10444800
writeback 0
swap 0
pgpgin 908780
pgpgout 664668
pgfault 248974
pgmajfault 591
inactive_anon 129601536
active_anon 128933888
inactive_file 370683904
active_file 370630656
unevictable 4096
hierarchical_memory_limit 999997440
hierarchical_memsw_limit 9223372036854771712
total_cache 741416960
total_rss 258465792
total_rss_huge 0
total_mapped_file 10444800
total_writeback 0
total_swap 0
total_pgpgin 908780
total_pgpgout 664668
total_pgfault 248974
total_pgmajfault 591
total_inactive_anon 129601536
total_active_anon 128933888
total_inactive_file 370683904
total_active_file 370630656
total_unevictable 4096
--------------------BLKIO-----------------------
11:0 Read 0
11:0 Write 0
11:0 Sync 0
11:0 Async 0
11:0 Total 0
253:0 Read 2025127936
253:0 Write 3788800
253:0 Sync 196608
253:0 Async 2028720128
253:0 Total 2028916736
Total 2028916736
--------------------CPUAC-----------------------
user 1450
system 1244
--------------------MEMCG-----------------------
MEM ONLY  : 953 MB
MEM+SWAP  : 953 MB
cache 741453824
rss 258375680
rss_huge 0
mapped_file 10444800
writeback 0
swap 0
pgpgin 937845
pgpgout 693746
pgfault 249035
pgmajfault 591
inactive_anon 129531904
active_anon 128913408
inactive_file 370667520
active_file 370683904
unevictable 4096
hierarchical_memory_limit 999997440
hierarchical_memsw_limit 9223372036854771712
total_cache 741453824
total_rss 258375680
total_rss_huge 0
total_mapped_file 10444800
total_writeback 0
total_swap 0
total_pgpgin 937845
total_pgpgout 693746
total_pgfault 249035
total_pgmajfault 591
total_inactive_anon 129531904
total_active_anon 128913408
total_inactive_file 370667520
total_active_file 370683904
total_unevictable 4096
--------------------BLKIO-----------------------
11:0 Read 0
11:0 Write 0
11:0 Sync 0
11:0 Async 0
11:0 Total 0
253:0 Read 2056519680
253:0 Write 3846144
253:0 Sync 196608
253:0 Async 2060169216
253:0 Total 2060365824
Total 2060365824
--------------------CPUAC-----------------------
user 1492
system 1281
--------------------MEMCG-----------------------
MEM ONLY  : 953 MB
MEM+SWAP  : 953 MB
cache 741568512
rss 258383872
rss_huge 0
mapped_file 10444800
writeback 0
swap 0
pgpgin 969427
pgpgout 725298
pgfault 249219
pgmajfault 591
inactive_anon 129363968
active_anon 129089536
inactive_file 370802688
active_file 370692096
unevictable 4096
hierarchical_memory_limit 999997440
hierarchical_memsw_limit 9223372036854771712
total_cache 741568512
total_rss 258383872
total_rss_huge 0
total_mapped_file 10444800
total_writeback 0
total_swap 0
total_pgpgin 969427
total_pgpgout 725298
total_pgfault 249219
total_pgmajfault 591
total_inactive_anon 129363968
total_active_anon 129089536
total_inactive_file 370802688
total_active_file 370692096
total_unevictable 4096
--------------------BLKIO-----------------------
11:0 Read 0
11:0 Write 0
11:0 Sync 0
11:0 Async 0
11:0 Total 0
253:0 Read 2087202816
253:0 Write 3907584
253:0 Sync 196608
253:0 Async 2090913792
253:0 Total 2091110400
Total 2091110400
--------------------CPUAC-----------------------
user 1533
system 1318
--------------------MEMCG-----------------------
MEM ONLY  : 953 MB
MEM+SWAP  : 953 MB
cache 741818368
rss 258088960
rss_huge 0
mapped_file 10354688
writeback 0
swap 0
pgpgin 1002968
pgpgout 758850
pgfault 249396
pgmajfault 591
inactive_anon 129363968
active_anon 128794624
inactive_file 370974720
active_file 370741248
unevictable 4096
hierarchical_memory_limit 999997440
hierarchical_memsw_limit 9223372036854771712
total_cache 741818368
total_rss 258088960
total_rss_huge 0
total_mapped_file 10354688
total_writeback 0
total_swap 0
total_pgpgin 1002968
total_pgpgout 758850
total_pgfault 249396
total_pgmajfault 591
total_inactive_anon 129363968
total_active_anon 128794624
total_inactive_file 370974720
total_active_file 370741248
total_unevictable 4096
--------------------BLKIO-----------------------
11:0 Read 0
11:0 Write 0
11:0 Sync 0
11:0 Async 0
11:0 Total 0
253:0 Read 2118434816
253:0 Write 3940352
253:0 Sync 196608
253:0 Async 2122178560
253:0 Total 2122375168
Total 2122375168
--------------------CPUAC-----------------------
user 1586
system 1362
--------------------MEMCG-----------------------
MEM ONLY  : 953 MB
MEM+SWAP  : 953 MB
cache 742076416
rss 257855488
rss_huge 0
mapped_file 6782976
writeback 0
swap 0
pgpgin 1039351
pgpgout 795227
pgfault 249550
pgmajfault 591
inactive_anon 129363968
active_anon 128561152
inactive_file 371015680
active_file 370954240
unevictable 4096
hierarchical_memory_limit 999997440
hierarchical_memsw_limit 9223372036854771712
total_cache 742076416
total_rss 257855488
total_rss_huge 0
total_mapped_file 6782976
total_writeback 0
total_swap 0
total_pgpgin 1039351
total_pgpgout 795227
total_pgfault 249550
total_pgmajfault 591
total_inactive_anon 129363968
total_active_anon 128561152
total_inactive_file 371015680
total_active_file 370954240
total_unevictable 4096
--------------------BLKIO-----------------------
11:0 Read 0
11:0 Write 0
11:0 Sync 0
11:0 Async 0
11:0 Total 0
253:0 Read 2150342656
253:0 Write 3952640
253:0 Sync 196608
253:0 Async 2154098688
253:0 Total 2154295296
Total 2154295296
--------------------CPUAC-----------------------
user 1641
system 1404
--------------------MEMCG-----------------------
MEM ONLY  : 953 MB
MEM+SWAP  : 953 MB
cache 741810176
rss 258052096
rss_huge 0
mapped_file 6782976
writeback 0
swap 0
pgpgin 1074604
pgpgout 830497
pgfault 249742
pgmajfault 591
inactive_anon 129363968
active_anon 128757760
inactive_file 370872320
active_file 370823168
unevictable 4096
hierarchical_memory_limit 999997440
hierarchical_memsw_limit 9223372036854771712
total_cache 741810176
total_rss 258052096
total_rss_huge 0
total_mapped_file 6782976
total_writeback 0
total_swap 0
total_pgpgin 1074604
total_pgpgout 830497
total_pgfault 249742
total_pgmajfault 591
total_inactive_anon 129363968
total_active_anon 128757760
total_inactive_file 370872320
total_active_file 370823168
total_unevictable 4096
--------------------BLKIO-----------------------
11:0 Read 0
11:0 Write 0
11:0 Sync 0
11:0 Async 0
11:0 Total 0
253:0 Read 2181537792
253:0 Write 3977216
253:0 Sync 196608
253:0 Async 2185318400
253:0 Total 2185515008
Total 2185515008
--------------------CPUAC-----------------------
user 1690
system 1447
