--------------------MEMCG-----------------------
MEM ONLY  : 953 MB
MEM+SWAP  : 953 MB
cache 907481088
rss 92487680
rss_huge 0
mapped_file 7106560
writeback 0
swap 0
pgpgin 12617835
pgpgout 12373702
pgfault 2876150
pgmajfault 402
inactive_anon 46415872
active_anon 46145536
inactive_file 453791744
active_file 453595136
unevictable 0
hierarchical_memory_limit 999997440
hierarchical_memsw_limit 9223372036854771712
total_cache 907481088
total_rss 92487680
total_rss_huge 0
total_mapped_file 7106560
total_writeback 0
total_swap 0
total_pgpgin 12617835
total_pgpgout 12373702
total_pgfault 2876150
total_pgmajfault 402
total_inactive_anon 46415872
total_active_anon 46145536
total_inactive_file 453791744
total_active_file 453595136
total_unevictable 0
--------------------BLKIO-----------------------
11:0 Read 0
11:0 Write 0
11:0 Sync 0
11:0 Async 0
11:0 Total 0
253:0 Read 9010126848
253:0 Write 237568
253:0 Sync 0
253:0 Async 9010364416
253:0 Total 9010364416
Total 9010364416
--------------------CPUAC-----------------------
user 1432
system 9766
--------------------MEMCG-----------------------
MEM ONLY  : 953 MB
MEM+SWAP  : 953 MB
cache 907337728
rss 92487680
rss_huge 0
mapped_file 3485696
writeback 0
swap 0
pgpgin 13172134
pgpgout 12928036
pgfault 2992271
pgmajfault 409
inactive_anon 46415872
active_anon 46145536
inactive_file 453763072
active_file 453500928
unevictable 0
hierarchical_memory_limit 999997440
hierarchical_memsw_limit 9223372036854771712
total_cache 907337728
total_rss 92487680
total_rss_huge 0
total_mapped_file 3485696
total_writeback 0
total_swap 0
total_pgpgin 13172134
total_pgpgout 12928036
total_pgfault 2992271
total_pgmajfault 409
total_inactive_anon 46415872
total_active_anon 46145536
total_inactive_file 453763072
total_active_file 453500928
total_unevictable 0
--------------------BLKIO-----------------------
11:0 Read 0
11:0 Write 0
11:0 Sync 0
11:0 Async 0
11:0 Total 0
253:0 Read 9335574528
253:0 Write 237568
253:0 Sync 0
253:0 Async 9335812096
253:0 Total 9335812096
Total 9335812096
--------------------CPUAC-----------------------
user 1488
system 10203
--------------------MEMCG-----------------------
MEM ONLY  : 953 MB
MEM+SWAP  : 953 MB
cache 907423744
rss 92487680
rss_huge 0
mapped_file 3334144
writeback 0
swap 0
pgpgin 13743283
pgpgout 13499164
pgfault 3112035
pgmajfault 409
inactive_anon 46415872
active_anon 46145536
inactive_file 453672960
active_file 453644288
unevictable 0
hierarchical_memory_limit 999997440
hierarchical_memsw_limit 9223372036854771712
total_cache 907423744
total_rss 92487680
total_rss_huge 0
total_mapped_file 3334144
total_writeback 0
total_swap 0
total_pgpgin 13743283
total_pgpgout 13499164
total_pgfault 3112035
total_pgmajfault 409
total_inactive_anon 46415872
total_active_anon 46145536
total_inactive_file 453672960
total_active_file 453644288
total_unevictable 0
--------------------BLKIO-----------------------
11:0 Read 0
11:0 Write 0
11:0 Sync 0
11:0 Async 0
11:0 Total 0
253:0 Read 9667633152
253:0 Write 237568
253:0 Sync 0
253:0 Async 9667870720
253:0 Total 9667870720
Total 9667870720
--------------------CPUAC-----------------------
user 1541
system 10639
--------------------MEMCG-----------------------
MEM ONLY  : 953 MB
MEM+SWAP  : 953 MB
cache 907165696
rss 92487680
rss_huge 0
mapped_file 3334144
writeback 69632
swap 0
pgpgin 14273673
pgpgout 14029617
pgfault 3221880
pgmajfault 409
inactive_anon 46415872
active_anon 46145536
inactive_file 453668864
active_file 453423104
unevictable 0
hierarchical_memory_limit 999997440
hierarchical_memsw_limit 9223372036854771712
total_cache 907165696
total_rss 92487680
total_rss_huge 0
total_mapped_file 3334144
total_writeback 69632
total_swap 0
total_pgpgin 14273673
total_pgpgout 14029617
total_pgfault 3221880
total_pgmajfault 409
total_inactive_anon 46415872
total_active_anon 46145536
total_inactive_file 453668864
total_active_file 453423104
total_unevictable 0
--------------------BLKIO-----------------------
11:0 Read 0
11:0 Write 0
11:0 Sync 0
11:0 Async 0
11:0 Total 0
253:0 Read 9980649472
253:0 Write 237568
253:0 Sync 0
253:0 Async 9980887040
253:0 Total 9980887040
Total 9980887040
--------------------CPUAC-----------------------
user 1585
system 11054
--------------------MEMCG-----------------------
MEM ONLY  : 953 MB
MEM+SWAP  : 953 MB
cache 907247616
rss 92487680
rss_huge 0
mapped_file 3485696
writeback 0
swap 0
pgpgin 14824982
pgpgout 14580906
pgfault 3337483
pgmajfault 415
inactive_anon 46415872
active_anon 46145536
inactive_file 453828608
active_file 453345280
unevictable 0
hierarchical_memory_limit 999997440
hierarchical_memsw_limit 9223372036854771712
total_cache 907247616
total_rss 92487680
total_rss_huge 0
total_mapped_file 3485696
total_writeback 0
total_swap 0
total_pgpgin 14824982
total_pgpgout 14580906
total_pgfault 3337483
total_pgmajfault 415
total_inactive_anon 46415872
total_active_anon 46145536
total_inactive_file 453828608
total_active_file 453345280
total_unevictable 0
--------------------BLKIO-----------------------
11:0 Read 0
11:0 Write 0
11:0 Sync 0
11:0 Async 0
11:0 Total 0
253:0 Read 10307608576
253:0 Write 237568
253:0 Sync 0
253:0 Async 10307846144
253:0 Total 10307846144
Total 10307846144
--------------------CPUAC-----------------------
user 1639
system 11474
--------------------MEMCG-----------------------
MEM ONLY  : 953 MB
MEM+SWAP  : 953 MB
cache 907280384
rss 92487680
rss_huge 0
mapped_file 3330048
writeback 0
swap 0
pgpgin 15372852
pgpgout 15128768
pgfault 3451038
pgmajfault 415
inactive_anon 46415872
active_anon 46145536
inactive_file 453672960
active_file 453496832
unevictable 0
hierarchical_memory_limit 999997440
hierarchical_memsw_limit 9223372036854771712
total_cache 907280384
total_rss 92487680
total_rss_huge 0
total_mapped_file 3330048
total_writeback 0
total_swap 0
total_pgpgin 15372852
total_pgpgout 15128768
total_pgfault 3451038
total_pgmajfault 415
total_inactive_anon 46415872
total_active_anon 46145536
total_inactive_file 453672960
total_active_file 453496832
total_unevictable 0
--------------------BLKIO-----------------------
11:0 Read 0
11:0 Write 0
11:0 Sync 0
11:0 Async 0
11:0 Total 0
253:0 Read 10632732672
253:0 Write 237568
253:0 Sync 0
253:0 Async 10632970240
253:0 Total 10632970240
Total 10632970240
--------------------CPUAC-----------------------
user 1701
system 11879
--------------------MEMCG-----------------------
MEM ONLY  : 953 MB
MEM+SWAP  : 953 MB
cache 907501568
rss 92487680
rss_huge 0
mapped_file 3334144
writeback 0
swap 0
pgpgin 15915172
pgpgout 15671034
pgfault 3563699
pgmajfault 416
inactive_anon 46415872
active_anon 46145536
inactive_file 453894144
active_file 453513216
unevictable 0
hierarchical_memory_limit 999997440
hierarchical_memsw_limit 9223372036854771712
total_cache 907501568
total_rss 92487680
total_rss_huge 0
total_mapped_file 3334144
total_writeback 0
total_swap 0
total_pgpgin 15915172
total_pgpgout 15671034
total_pgfault 3563699
total_pgmajfault 416
total_inactive_anon 46415872
total_active_anon 46145536
total_inactive_file 453894144
total_active_file 453513216
total_unevictable 0
--------------------BLKIO-----------------------
11:0 Read 0
11:0 Write 0
11:0 Sync 0
11:0 Async 0
11:0 Total 0
253:0 Read 10944217088
253:0 Write 237568
253:0 Sync 0
253:0 Async 10944454656
253:0 Total 10944454656
Total 10944454656
--------------------CPUAC-----------------------
user 1758
system 12294
--------------------MEMCG-----------------------
MEM ONLY  : 953 MB
MEM+SWAP  : 953 MB
cache 907464704
rss 92487680
rss_huge 0
mapped_file 3485696
writeback 0
swap 0
pgpgin 16478489
pgpgout 16234360
pgfault 3680942
pgmajfault 422
inactive_anon 46415872
active_anon 46145536
inactive_file 453832704
active_file 453525504
unevictable 0
hierarchical_memory_limit 999997440
hierarchical_memsw_limit 9223372036854771712
total_cache 907464704
total_rss 92487680
total_rss_huge 0
total_mapped_file 3485696
total_writeback 0
total_swap 0
total_pgpgin 16478489
total_pgpgout 16234360
total_pgfault 3680942
total_pgmajfault 422
total_inactive_anon 46415872
total_active_anon 46145536
total_inactive_file 453832704
total_active_file 453525504
total_unevictable 0
--------------------BLKIO-----------------------
11:0 Read 0
11:0 Write 0
11:0 Sync 0
11:0 Async 0
11:0 Total 0
253:0 Read 11277344768
253:0 Write 237568
253:0 Sync 0
253:0 Async 11277582336
253:0 Total 11277582336
Total 11277582336
--------------------CPUAC-----------------------
user 1812
system 12723
--------------------MEMCG-----------------------
MEM ONLY  : 953 MB
MEM+SWAP  : 953 MB
cache 907350016
rss 92487680
rss_huge 0
mapped_file 3325952
writeback 0
swap 0
pgpgin 17011598
pgpgout 16767495
pgfault 3793249
pgmajfault 422
inactive_anon 46415872
active_anon 46145536
inactive_file 453619712
active_file 453652480
unevictable 0
hierarchical_memory_limit 999997440
hierarchical_memsw_limit 9223372036854771712
total_cache 907370496
total_rss 92487680
total_rss_huge 0
total_mapped_file 3325952
total_writeback 0
total_swap 0
total_pgpgin 17011603
total_pgpgout 16767495
total_pgfault 3793249
total_pgmajfault 422
total_inactive_anon 46415872
total_active_anon 46145536
total_inactive_file 453619712
total_active_file 453652480
total_unevictable 0
--------------------BLKIO-----------------------
11:0 Read 0
11:0 Write 0
11:0 Sync 0
11:0 Async 0
11:0 Total 0
253:0 Read 11594493952
253:0 Write 237568
253:0 Sync 0
253:0 Async 11594731520
253:0 Total 11594731520
Total 11594731520
--------------------CPUAC-----------------------
user 1862
system 13108
--------------------MEMCG-----------------------
MEM ONLY  : 953 MB
MEM+SWAP  : 953 MB
cache 907501568
rss 92487680
rss_huge 0
mapped_file 3325952
writeback 0
swap 0
pgpgin 17546623
pgpgout 17302485
pgfault 3903725
pgmajfault 422
inactive_anon 46415872
active_anon 46145536
inactive_file 453967872
active_file 453459968
unevictable 0
hierarchical_memory_limit 999997440
hierarchical_memsw_limit 9223372036854771712
total_cache 907501568
total_rss 92487680
total_rss_huge 0
total_mapped_file 3325952
total_writeback 0
total_swap 0
total_pgpgin 17546623
total_pgpgout 17302485
total_pgfault 3903725
total_pgmajfault 422
total_inactive_anon 46415872
total_active_anon 46145536
total_inactive_file 453967872
total_active_file 453459968
total_unevictable 0
--------------------BLKIO-----------------------
11:0 Read 0
11:0 Write 0
11:0 Sync 0
11:0 Async 0
11:0 Total 0
253:0 Read 11925020672
253:0 Write 237568
253:0 Sync 0
253:0 Async 11925258240
253:0 Total 11925258240
Total 11925258240
--------------------CPUAC-----------------------
user 1910
system 13497
--------------------MEMCG-----------------------
MEM ONLY  : 953 MB
MEM+SWAP  : 953 MB
cache 907329536
rss 92487680
rss_huge 0
mapped_file 3485696
writeback 0
swap 0
pgpgin 18112539
pgpgout 17868443
pgfault 4021812
pgmajfault 429
inactive_anon 46415872
active_anon 46145536
inactive_file 453787648
active_file 453435392
unevictable 0
hierarchical_memory_limit 999997440
hierarchical_memsw_limit 9223372036854771712
total_cache 907329536
total_rss 92487680
total_rss_huge 0
total_mapped_file 3485696
total_writeback 0
total_swap 0
total_pgpgin 18112539
total_pgpgout 17868443
total_pgfault 4021812
total_pgmajfault 429
total_inactive_anon 46415872
total_active_anon 46145536
total_inactive_file 453787648
total_active_file 453435392
total_unevictable 0
--------------------BLKIO-----------------------
11:0 Read 0
11:0 Write 0
11:0 Sync 0
11:0 Async 0
11:0 Total 0
253:0 Read 12254007296
253:0 Write 237568
253:0 Sync 0
253:0 Async 12254244864
253:0 Total 12254244864
Total 12254244864
--------------------CPUAC-----------------------
user 1970
system 13941
--------------------MEMCG-----------------------
MEM ONLY  : 953 MB
MEM+SWAP  : 953 MB
cache 907313152
rss 92487680
rss_huge 0
mapped_file 3334144
writeback 0
swap 0
pgpgin 18676977
pgpgout 18432885
pgfault 4139282
pgmajfault 429
inactive_anon 46415872
active_anon 46145536
inactive_file 453914624
active_file 453304320
unevictable 0
hierarchical_memory_limit 999997440
hierarchical_memsw_limit 9223372036854771712
total_cache 907313152
total_rss 92487680
total_rss_huge 0
total_mapped_file 3334144
total_writeback 0
total_swap 0
total_pgpgin 18676977
total_pgpgout 18432885
total_pgfault 4139282
total_pgmajfault 429
total_inactive_anon 46415872
total_active_anon 46145536
total_inactive_file 453914624
total_active_file 453304320
total_unevictable 0
--------------------BLKIO-----------------------
11:0 Read 0
11:0 Write 0
11:0 Sync 0
11:0 Async 0
11:0 Total 0
253:0 Read 12571598848
253:0 Write 237568
253:0 Sync 0
253:0 Async 12571836416
253:0 Total 12571836416
Total 12571836416
--------------------CPUAC-----------------------
user 2030
system 14368
--------------------MEMCG-----------------------
MEM ONLY  : 953 MB
MEM+SWAP  : 953 MB
cache 907300864
rss 92487680
rss_huge 0
mapped_file 3334144
writeback 0
swap 0
pgpgin 19208636
pgpgout 18964547
pgfault 4249347
pgmajfault 429
inactive_anon 46415872
active_anon 46145536
inactive_file 452648960
active_file 454578176
unevictable 0
hierarchical_memory_limit 999997440
hierarchical_memsw_limit 9223372036854771712
total_cache 907300864
total_rss 92487680
total_rss_huge 0
total_mapped_file 3334144
total_writeback 0
total_swap 0
total_pgpgin 19208636
total_pgpgout 18964547
total_pgfault 4249347
total_pgmajfault 429
total_inactive_anon 46415872
total_active_anon 46145536
total_inactive_file 452648960
total_active_file 454578176
total_unevictable 0
--------------------BLKIO-----------------------
11:0 Read 0
11:0 Write 0
11:0 Sync 0
11:0 Async 0
11:0 Total 0
253:0 Read 12903059456
253:0 Write 237568
253:0 Sync 0
253:0 Async 12903297024
253:0 Total 12903297024
Total 12903297024
--------------------CPUAC-----------------------
user 2082
system 14778
--------------------MEMCG-----------------------
MEM ONLY  : 953 MB
MEM+SWAP  : 953 MB
cache 907313152
rss 92487680
rss_huge 0
mapped_file 3485696
writeback 0
swap 0
pgpgin 19724263
pgpgout 19480171
pgfault 4357485
pgmajfault 435
inactive_anon 46415872
active_anon 46145536
inactive_file 453812224
active_file 453427200
unevictable 0
hierarchical_memory_limit 999997440
hierarchical_memsw_limit 9223372036854771712
total_cache 907313152
total_rss 92487680
total_rss_huge 0
total_mapped_file 3485696
total_writeback 0
total_swap 0
total_pgpgin 19724263
total_pgpgout 19480171
total_pgfault 4357485
total_pgmajfault 435
total_inactive_anon 46415872
total_active_anon 46145536
total_inactive_file 453812224
total_active_file 453427200
total_unevictable 0
--------------------BLKIO-----------------------
11:0 Read 0
11:0 Write 0
11:0 Sync 0
11:0 Async 0
11:0 Total 0
253:0 Read 13216350208
253:0 Write 237568
253:0 Sync 0
253:0 Async 13216587776
253:0 Total 13216587776
Total 13216587776
--------------------CPUAC-----------------------
user 2132
system 15167
--------------------MEMCG-----------------------
MEM ONLY  : 953 MB
MEM+SWAP  : 953 MB
cache 907120640
rss 92487680
rss_huge 0
mapped_file 3334144
writeback 0
swap 0
pgpgin 20252834
pgpgout 20008789
pgfault 4467354
pgmajfault 435
inactive_anon 46415872
active_anon 46145536
inactive_file 453857280
active_file 453177344
unevictable 0
hierarchical_memory_limit 999997440
hierarchical_memsw_limit 9223372036854771712
total_cache 907120640
total_rss 92487680
total_rss_huge 0
total_mapped_file 3334144
total_writeback 0
total_swap 0
total_pgpgin 20252834
total_pgpgout 20008789
total_pgfault 4467354
total_pgmajfault 435
total_inactive_anon 46415872
total_active_anon 46145536
total_inactive_file 453857280
total_active_file 453177344
total_unevictable 0
--------------------BLKIO-----------------------
11:0 Read 0
11:0 Write 0
11:0 Sync 0
11:0 Async 0
11:0 Total 0
253:0 Read 13537546240
253:0 Write 237568
253:0 Sync 0
253:0 Async 13537783808
253:0 Total 13537783808
Total 13537783808
--------------------CPUAC-----------------------
user 2183
system 15578
--------------------MEMCG-----------------------
MEM ONLY  : 953 MB
MEM+SWAP  : 953 MB
cache 907378688
rss 92487680
rss_huge 0
mapped_file 3334144
writeback 0
swap 0
pgpgin 20784742
pgpgout 20540634
pgfault 4578063
pgmajfault 435
inactive_anon 46415872
active_anon 46145536
inactive_file 453632000
active_file 453656576
unevictable 0
hierarchical_memory_limit 999997440
hierarchical_memsw_limit 9223372036854771712
total_cache 907378688
total_rss 92487680
total_rss_huge 0
total_mapped_file 3334144
total_writeback 0
total_swap 0
total_pgpgin 20784742
total_pgpgout 20540634
total_pgfault 4578063
total_pgmajfault 435
total_inactive_anon 46415872
total_active_anon 46145536
total_inactive_file 453632000
total_active_file 453656576
total_unevictable 0
--------------------BLKIO-----------------------
11:0 Read 0
11:0 Write 0
11:0 Sync 0
11:0 Async 0
11:0 Total 0
253:0 Read 13865070592
253:0 Write 237568
253:0 Sync 0
253:0 Async 13865308160
253:0 Total 13865308160
Total 13865308160
--------------------CPUAC-----------------------
user 2239
system 15990
--------------------MEMCG-----------------------
MEM ONLY  : 953 MB
MEM+SWAP  : 953 MB
cache 907464704
rss 92487680
rss_huge 0
mapped_file 3485696
writeback 0
swap 0
pgpgin 21320533
pgpgout 21076402
pgfault 4689943
pgmajfault 441
inactive_anon 46415872
active_anon 46145536
inactive_file 453373952
active_file 454000640
unevictable 0
hierarchical_memory_limit 999997440
hierarchical_memsw_limit 9223372036854771712
total_cache 907476992
total_rss 92491776
total_rss_huge 0
total_mapped_file 3485696
total_writeback 0
total_swap 0
total_pgpgin 21320536
total_pgpgout 21076402
total_pgfault 4689943
total_pgmajfault 441
total_inactive_anon 46415872
total_active_anon 46149632
total_inactive_file 453373952
total_active_file 454012928
total_unevictable 0
--------------------BLKIO-----------------------
11:0 Read 0
11:0 Write 0
11:0 Sync 0
11:0 Async 0
11:0 Total 0
253:0 Read 14174412800
253:0 Write 237568
253:0 Sync 0
253:0 Async 14174650368
253:0 Total 14174650368
Total 14174650368
--------------------CPUAC-----------------------
user 2292
system 16406
--------------------MEMCG-----------------------
MEM ONLY  : 953 MB
MEM+SWAP  : 953 MB
cache 907497472
rss 92487680
rss_huge 0
mapped_file 3334144
writeback 0
swap 0
pgpgin 21867750
pgpgout 21623612
pgfault 4803746
pgmajfault 441
inactive_anon 46415872
active_anon 46145536
inactive_file 453402624
active_file 453984256
unevictable 0
hierarchical_memory_limit 999997440
hierarchical_memsw_limit 9223372036854771712
total_cache 907509760
total_rss 92487680
total_rss_huge 0
total_mapped_file 3334144
total_writeback 0
total_swap 0
total_pgpgin 21867752
total_pgpgout 21623612
total_pgfault 4803746
total_pgmajfault 441
total_inactive_anon 46415872
total_active_anon 46145536
total_inactive_file 453410816
total_active_file 453984256
total_unevictable 0
--------------------BLKIO-----------------------
11:0 Read 0
11:0 Write 0
11:0 Sync 0
11:0 Async 0
11:0 Total 0
253:0 Read 14498361344
253:0 Write 237568
253:0 Sync 0
253:0 Async 14498598912
253:0 Total 14498598912
Total 14498598912
--------------------CPUAC-----------------------
user 2346
system 16823
--------------------MEMCG-----------------------
MEM ONLY  : 953 MB
MEM+SWAP  : 953 MB
cache 907264000
rss 92487680
rss_huge 0
mapped_file 3334144
writeback 0
swap 0
pgpgin 22377361
pgpgout 22133281
pgfault 4910144
pgmajfault 442
inactive_anon 46415872
active_anon 46145536
inactive_file 453586944
active_file 453582848
unevictable 0
hierarchical_memory_limit 999997440
hierarchical_memsw_limit 9223372036854771712
total_cache 907264000
total_rss 92487680
total_rss_huge 0
total_mapped_file 3334144
total_writeback 0
total_swap 0
total_pgpgin 22377361
total_pgpgout 22133281
total_pgfault 4910144
total_pgmajfault 442
total_inactive_anon 46415872
total_active_anon 46145536
total_inactive_file 453586944
total_active_file 453582848
total_unevictable 0
--------------------BLKIO-----------------------
11:0 Read 0
11:0 Write 0
11:0 Sync 0
11:0 Async 0
11:0 Total 0
253:0 Read 14815973376
253:0 Write 237568
253:0 Sync 0
253:0 Async 14816210944
253:0 Total 14816210944
Total 14816210944
--------------------CPUAC-----------------------
user 2385
system 17224
--------------------MEMCG-----------------------
MEM ONLY  : 871 MB
MEM+SWAP  : 871 MB
cache 907284480
rss 6569984
rss_huge 0
mapped_file 2179072
writeback 0
swap 0
pgpgin 22814840
pgpgout 22591731
pgfault 5000873
pgmajfault 520
inactive_anon 6578176
active_anon 61440
inactive_file 452730880
active_file 454483968
unevictable 0
hierarchical_memory_limit 999997440
hierarchical_memsw_limit 9223372036854771712
total_cache 907284480
total_rss 6569984
total_rss_huge 0
total_mapped_file 2179072
total_writeback 0
total_swap 0
total_pgpgin 22814840
total_pgpgout 22591731
total_pgfault 5000873
total_pgmajfault 520
total_inactive_anon 6578176
total_active_anon 61440
total_inactive_file 452730880
total_active_file 454483968
total_unevictable 0
--------------------BLKIO-----------------------
11:0 Read 0
11:0 Write 0
11:0 Sync 0
11:0 Async 0
11:0 Total 0
253:0 Read 15082688512
253:0 Write 237568
253:0 Sync 0
253:0 Async 15082926080
253:0 Total 15082926080
Total 15082926080
--------------------CPUAC-----------------------
user 2429
system 17559
--------------------MEMCG-----------------------
MEM ONLY  : 871 MB
MEM+SWAP  : 871 MB
cache 907284480
rss 6569984
rss_huge 0
mapped_file 2179072
writeback 0
swap 0
pgpgin 22814840
pgpgout 22591731
pgfault 5000873
pgmajfault 520
inactive_anon 6578176
active_anon 61440
inactive_file 452730880
active_file 454483968
unevictable 0
hierarchical_memory_limit 999997440
hierarchical_memsw_limit 9223372036854771712
total_cache 907284480
total_rss 6569984
total_rss_huge 0
total_mapped_file 2179072
total_writeback 0
total_swap 0
total_pgpgin 22814840
total_pgpgout 22591731
total_pgfault 5000873
total_pgmajfault 520
total_inactive_anon 6578176
total_active_anon 61440
total_inactive_file 452730880
total_active_file 454483968
total_unevictable 0
--------------------BLKIO-----------------------
11:0 Read 0
11:0 Write 0
11:0 Sync 0
11:0 Async 0
11:0 Total 0
253:0 Read 15082688512
253:0 Write 237568
253:0 Sync 0
253:0 Async 15082926080
253:0 Total 15082926080
Total 15082926080
--------------------CPUAC-----------------------
user 2429
system 17559
--------------------MEMCG-----------------------
MEM ONLY  : 871 MB
MEM+SWAP  : 871 MB
cache 907284480
rss 6569984
rss_huge 0
mapped_file 2179072
writeback 0
swap 0
pgpgin 22814840
pgpgout 22591731
pgfault 5000873
pgmajfault 520
inactive_anon 6578176
active_anon 61440
inactive_file 452730880
active_file 454483968
unevictable 0
hierarchical_memory_limit 999997440
hierarchical_memsw_limit 9223372036854771712
total_cache 907284480
total_rss 6569984
total_rss_huge 0
total_mapped_file 2179072
total_writeback 0
total_swap 0
total_pgpgin 22814840
total_pgpgout 22591731
total_pgfault 5000873
total_pgmajfault 520
total_inactive_anon 6578176
total_active_anon 61440
total_inactive_file 452730880
total_active_file 454483968
total_unevictable 0
--------------------BLKIO-----------------------
11:0 Read 0
11:0 Write 0
11:0 Sync 0
11:0 Async 0
11:0 Total 0
253:0 Read 15082688512
253:0 Write 237568
253:0 Sync 0
253:0 Async 15082926080
253:0 Total 15082926080
Total 15082926080
--------------------CPUAC-----------------------
user 2429
system 17559
--------------------MEMCG-----------------------
MEM ONLY  : 871 MB
MEM+SWAP  : 871 MB
cache 907284480
rss 6569984
rss_huge 0
mapped_file 2179072
writeback 0
swap 0
pgpgin 22814840
pgpgout 22591731
pgfault 5000873
pgmajfault 520
inactive_anon 6578176
active_anon 61440
inactive_file 452730880
active_file 454483968
unevictable 0
hierarchical_memory_limit 999997440
hierarchical_memsw_limit 9223372036854771712
total_cache 907284480
total_rss 6569984
total_rss_huge 0
total_mapped_file 2179072
total_writeback 0
total_swap 0
total_pgpgin 22814840
total_pgpgout 22591731
total_pgfault 5000873
total_pgmajfault 520
total_inactive_anon 6578176
total_active_anon 61440
total_inactive_file 452730880
total_active_file 454483968
total_unevictable 0
--------------------BLKIO-----------------------
11:0 Read 0
11:0 Write 0
11:0 Sync 0
11:0 Async 0
11:0 Total 0
253:0 Read 15082688512
253:0 Write 237568
253:0 Sync 0
253:0 Async 15082926080
253:0 Total 15082926080
Total 15082926080
--------------------CPUAC-----------------------
user 2429
system 17559
--------------------MEMCG-----------------------
MEM ONLY  : 871 MB
MEM+SWAP  : 871 MB
cache 907284480
rss 6569984
rss_huge 0
mapped_file 2179072
writeback 0
swap 0
pgpgin 22814840
pgpgout 22591731
pgfault 5000873
pgmajfault 520
inactive_anon 6578176
active_anon 61440
inactive_file 452730880
active_file 454483968
unevictable 0
hierarchical_memory_limit 999997440
hierarchical_memsw_limit 9223372036854771712
total_cache 907284480
total_rss 6569984
total_rss_huge 0
total_mapped_file 2179072
total_writeback 0
total_swap 0
total_pgpgin 22814840
total_pgpgout 22591731
total_pgfault 5000873
total_pgmajfault 520
total_inactive_anon 6578176
total_active_anon 61440
total_inactive_file 452730880
total_active_file 454483968
total_unevictable 0
--------------------BLKIO-----------------------
11:0 Read 0
11:0 Write 0
11:0 Sync 0
11:0 Async 0
11:0 Total 0
253:0 Read 15082688512
253:0 Write 237568
253:0 Sync 0
253:0 Async 15082926080
253:0 Total 15082926080
Total 15082926080
--------------------CPUAC-----------------------
user 2429
system 17559
--------------------MEMCG-----------------------
MEM ONLY  : 871 MB
MEM+SWAP  : 871 MB
cache 907284480
rss 6569984
rss_huge 0
mapped_file 2179072
writeback 0
swap 0
pgpgin 22814840
pgpgout 22591731
pgfault 5000873
pgmajfault 520
inactive_anon 6578176
active_anon 61440
inactive_file 452730880
active_file 454483968
unevictable 0
hierarchical_memory_limit 999997440
hierarchical_memsw_limit 9223372036854771712
total_cache 907284480
total_rss 6569984
total_rss_huge 0
total_mapped_file 2179072
total_writeback 0
total_swap 0
total_pgpgin 22814840
total_pgpgout 22591731
total_pgfault 5000873
total_pgmajfault 520
total_inactive_anon 6578176
total_active_anon 61440
total_inactive_file 452730880
total_active_file 454483968
total_unevictable 0
--------------------BLKIO-----------------------
11:0 Read 0
11:0 Write 0
11:0 Sync 0
11:0 Async 0
11:0 Total 0
253:0 Read 15082688512
253:0 Write 237568
253:0 Sync 0
253:0 Async 15082926080
253:0 Total 15082926080
Total 15082926080
--------------------CPUAC-----------------------
user 2429
system 17559
--------------------MEMCG-----------------------
MEM ONLY  : 871 MB
MEM+SWAP  : 871 MB
cache 907284480
rss 6569984
rss_huge 0
mapped_file 2179072
writeback 0
swap 0
pgpgin 22814840
pgpgout 22591731
pgfault 5000873
pgmajfault 520
inactive_anon 6578176
active_anon 61440
inactive_file 452730880
active_file 454483968
unevictable 0
hierarchical_memory_limit 999997440
hierarchical_memsw_limit 9223372036854771712
total_cache 907284480
total_rss 6569984
total_rss_huge 0
total_mapped_file 2179072
total_writeback 0
total_swap 0
total_pgpgin 22814840
total_pgpgout 22591731
total_pgfault 5000873
total_pgmajfault 520
total_inactive_anon 6578176
total_active_anon 61440
total_inactive_file 452730880
total_active_file 454483968
total_unevictable 0
--------------------BLKIO-----------------------
11:0 Read 0
11:0 Write 0
11:0 Sync 0
11:0 Async 0
11:0 Total 0
253:0 Read 15082688512
253:0 Write 237568
253:0 Sync 0
253:0 Async 15082926080
253:0 Total 15082926080
Total 15082926080
--------------------CPUAC-----------------------
user 2429
system 17559
--------------------MEMCG-----------------------
MEM ONLY  : 871 MB
MEM+SWAP  : 871 MB
cache 907284480
rss 6569984
rss_huge 0
mapped_file 2179072
writeback 0
swap 0
pgpgin 22814840
pgpgout 22591731
pgfault 5000873
pgmajfault 520
inactive_anon 6578176
active_anon 61440
inactive_file 452730880
active_file 454483968
unevictable 0
hierarchical_memory_limit 999997440
hierarchical_memsw_limit 9223372036854771712
total_cache 907284480
total_rss 6569984
total_rss_huge 0
total_mapped_file 2179072
total_writeback 0
total_swap 0
total_pgpgin 22814840
total_pgpgout 22591731
total_pgfault 5000873
total_pgmajfault 520
total_inactive_anon 6578176
total_active_anon 61440
total_inactive_file 452730880
total_active_file 454483968
total_unevictable 0
--------------------BLKIO-----------------------
11:0 Read 0
11:0 Write 0
11:0 Sync 0
11:0 Async 0
11:0 Total 0
253:0 Read 15082688512
253:0 Write 237568
253:0 Sync 0
253:0 Async 15082926080
253:0 Total 15082926080
Total 15082926080
--------------------CPUAC-----------------------
user 2429
system 17559
--------------------MEMCG-----------------------
MEM ONLY  : 871 MB
MEM+SWAP  : 871 MB
cache 907284480
rss 6569984
rss_huge 0
mapped_file 2179072
writeback 0
swap 0
pgpgin 22814840
pgpgout 22591731
pgfault 5000873
pgmajfault 520
inactive_anon 6578176
active_anon 61440
inactive_file 452730880
active_file 454483968
unevictable 0
hierarchical_memory_limit 999997440
hierarchical_memsw_limit 9223372036854771712
total_cache 907284480
total_rss 6569984
total_rss_huge 0
total_mapped_file 2179072
total_writeback 0
total_swap 0
total_pgpgin 22814840
total_pgpgout 22591731
total_pgfault 5000873
total_pgmajfault 520
total_inactive_anon 6578176
total_active_anon 61440
total_inactive_file 452730880
total_active_file 454483968
total_unevictable 0
--------------------BLKIO-----------------------
11:0 Read 0
11:0 Write 0
11:0 Sync 0
11:0 Async 0
11:0 Total 0
253:0 Read 15082688512
253:0 Write 237568
253:0 Sync 0
253:0 Async 15082926080
253:0 Total 15082926080
Total 15082926080
--------------------CPUAC-----------------------
user 2429
system 17559
--------------------MEMCG-----------------------
MEM ONLY  : 871 MB
MEM+SWAP  : 871 MB
cache 907284480
rss 6569984
rss_huge 0
mapped_file 2179072
writeback 0
swap 0
pgpgin 22814840
pgpgout 22591731
pgfault 5000873
pgmajfault 520
inactive_anon 6578176
active_anon 61440
inactive_file 452730880
active_file 454483968
unevictable 0
hierarchical_memory_limit 999997440
hierarchical_memsw_limit 9223372036854771712
total_cache 907284480
total_rss 6569984
total_rss_huge 0
total_mapped_file 2179072
total_writeback 0
total_swap 0
total_pgpgin 22814840
total_pgpgout 22591731
total_pgfault 5000873
total_pgmajfault 520
total_inactive_anon 6578176
total_active_anon 61440
total_inactive_file 452730880
total_active_file 454483968
total_unevictable 0
--------------------BLKIO-----------------------
11:0 Read 0
11:0 Write 0
11:0 Sync 0
11:0 Async 0
11:0 Total 0
253:0 Read 15082688512
253:0 Write 237568
253:0 Sync 0
253:0 Async 15082926080
253:0 Total 15082926080
Total 15082926080
--------------------CPUAC-----------------------
user 2429
system 17559
