--------------------MEMCG-----------------------
MEM ONLY  : 518 MB
MEM+SWAP  : 518 MB
cache 289431552
rss 254554112
rss_huge 0
mapped_file 36610048
writeback 0
swap 0
pgpgin 230154
pgpgout 97345
pgfault 238013
pgmajfault 489
inactive_anon 45056
active_anon 254578688
inactive_file 269684736
active_file 19615744
unevictable 4096
hierarchical_memory_limit 999997440
hierarchical_memsw_limit 9223372036854771712
total_cache 289431552
total_rss 254554112
total_rss_huge 0
total_mapped_file 36610048
total_writeback 0
total_swap 0
total_pgpgin 230154
total_pgpgout 97345
total_pgfault 238013
total_pgmajfault 489
total_inactive_anon 45056
total_active_anon 254578688
total_inactive_file 269684736
total_active_file 19615744
total_unevictable 4096
--------------------BLKIO-----------------------
11:0 Read 0
11:0 Write 0
11:0 Sync 0
11:0 Async 0
11:0 Total 0
253:0 Read 289169408
253:0 Write 507904
253:0 Sync 159744
253:0 Async 289517568
253:0 Total 289677312
Total 289677312
--------------------CPUAC-----------------------
user 137
system 162
--------------------MEMCG-----------------------
MEM ONLY  : 569 MB
MEM+SWAP  : 569 MB
cache 340041728
rss 257212416
rss_huge 0
mapped_file 36610048
writeback 0
swap 0
pgpgin 243227
pgpgout 97413
pgfault 238722
pgmajfault 489
inactive_anon 45056
active_anon 257236992
inactive_file 314707968
active_file 25219072
unevictable 4096
hierarchical_memory_limit 999997440
hierarchical_memsw_limit 9223372036854771712
total_cache 340041728
total_rss 257212416
total_rss_huge 0
total_mapped_file 36610048
total_writeback 0
total_swap 0
total_pgpgin 243227
total_pgpgout 97413
total_pgfault 238722
total_pgmajfault 489
total_inactive_anon 45056
total_active_anon 257236992
total_inactive_file 314707968
total_active_file 25219072
total_unevictable 4096
--------------------BLKIO-----------------------
11:0 Read 0
11:0 Write 0
11:0 Sync 0
11:0 Async 0
11:0 Total 0
253:0 Read 339779584
253:0 Write 540672
253:0 Sync 159744
253:0 Async 340160512
253:0 Total 340320256
Total 340320256
--------------------CPUAC-----------------------
user 160
system 175
--------------------MEMCG-----------------------
MEM ONLY  : 624 MB
MEM+SWAP  : 624 MB
cache 397283328
rss 257355776
rss_huge 0
mapped_file 36610048
writeback 0
swap 0
pgpgin 257343
pgpgout 97519
pgfault 238854
pgmajfault 489
inactive_anon 45056
active_anon 257380352
inactive_file 367751168
active_file 29433856
unevictable 4096
hierarchical_memory_limit 999997440
hierarchical_memsw_limit 9223372036854771712
total_cache 397283328
total_rss 257355776
total_rss_huge 0
total_mapped_file 36610048
total_writeback 0
total_swap 0
total_pgpgin 257343
total_pgpgout 97519
total_pgfault 238854
total_pgmajfault 489
total_inactive_anon 45056
total_active_anon 257380352
total_inactive_file 367751168
total_active_file 29433856
total_unevictable 4096
--------------------BLKIO-----------------------
11:0 Read 0
11:0 Write 0
11:0 Sync 0
11:0 Async 0
11:0 Total 0
253:0 Read 397017088
253:0 Write 618496
253:0 Sync 196608
253:0 Async 397438976
253:0 Total 397635584
Total 397635584
--------------------CPUAC-----------------------
user 187
system 196
--------------------MEMCG-----------------------
MEM ONLY  : 680 MB
MEM+SWAP  : 680 MB
cache 456011776
rss 257380352
rss_huge 0
mapped_file 36610048
writeback 0
swap 0
pgpgin 271823
pgpgout 97655
pgfault 238986
pgmajfault 489
inactive_anon 45056
active_anon 257404928
inactive_file 421314560
active_file 34623488
unevictable 4096
hierarchical_memory_limit 999997440
hierarchical_memsw_limit 9223372036854771712
total_cache 456011776
total_rss 257380352
total_rss_huge 0
total_mapped_file 36610048
total_writeback 0
total_swap 0
total_pgpgin 271823
total_pgpgout 97655
total_pgfault 238986
total_pgmajfault 489
total_inactive_anon 45056
total_active_anon 257404928
total_inactive_file 421314560
total_active_file 34623488
total_unevictable 4096
--------------------BLKIO-----------------------
11:0 Read 0
11:0 Write 0
11:0 Sync 0
11:0 Async 0
11:0 Total 0
253:0 Read 455745536
253:0 Write 659456
253:0 Sync 196608
253:0 Async 456208384
253:0 Total 456404992
Total 456404992
--------------------CPUAC-----------------------
user 215
system 214
--------------------MEMCG-----------------------
MEM ONLY  : 736 MB
MEM+SWAP  : 736 MB
cache 514625536
rss 257785856
rss_huge 0
mapped_file 36610048
writeback 0
swap 0
pgpgin 286351
pgpgout 97774
pgfault 239193
pgmajfault 489
inactive_anon 45056
active_anon 257810432
inactive_file 474112000
active_file 40382464
unevictable 4096
hierarchical_memory_limit 999997440
hierarchical_memsw_limit 9223372036854771712
total_cache 514625536
total_rss 257785856
total_rss_huge 0
total_mapped_file 36610048
total_writeback 0
total_swap 0
total_pgpgin 286351
total_pgpgout 97774
total_pgfault 239193
total_pgmajfault 489
total_inactive_anon 45056
total_active_anon 257810432
total_inactive_file 474112000
total_active_file 40382464
total_unevictable 4096
--------------------BLKIO-----------------------
11:0 Read 0
11:0 Write 0
11:0 Sync 0
11:0 Async 0
11:0 Total 0
253:0 Read 514355200
253:0 Write 708608
253:0 Sync 196608
253:0 Async 514867200
253:0 Total 515063808
Total 515063808
--------------------CPUAC-----------------------
user 242
system 233
--------------------MEMCG-----------------------
MEM ONLY  : 794 MB
MEM+SWAP  : 794 MB
cache 574926848
rss 258236416
rss_huge 0
mapped_file 36610048
writeback 0
swap 0
pgpgin 301255
pgpgout 97846
pgfault 239363
pgmajfault 489
inactive_anon 45056
active_anon 258260992
inactive_file 527261696
active_file 47562752
unevictable 4096
hierarchical_memory_limit 999997440
hierarchical_memsw_limit 9223372036854771712
total_cache 574926848
total_rss 258236416
total_rss_huge 0
total_mapped_file 36610048
total_writeback 0
total_swap 0
total_pgpgin 301255
total_pgpgout 97846
total_pgfault 239363
total_pgmajfault 489
total_inactive_anon 45056
total_active_anon 258260992
total_inactive_file 527261696
total_active_file 47562752
total_unevictable 4096
--------------------BLKIO-----------------------
11:0 Read 0
11:0 Write 0
11:0 Sync 0
11:0 Async 0
11:0 Total 0
253:0 Read 574656512
253:0 Write 757760
253:0 Sync 196608
253:0 Async 575217664
253:0 Total 575414272
Total 575414272
--------------------CPUAC-----------------------
user 271
system 253
--------------------MEMCG-----------------------
MEM ONLY  : 852 MB
MEM+SWAP  : 852 MB
cache 634961920
rss 258351104
rss_huge 0
mapped_file 36610048
writeback 0
swap 0
pgpgin 316012
pgpgout 97918
pgfault 239452
pgmajfault 489
inactive_anon 45056
active_anon 258375680
inactive_file 579928064
active_file 54915072
unevictable 4096
hierarchical_memory_limit 999997440
hierarchical_memsw_limit 9223372036854771712
total_cache 634961920
total_rss 258351104
total_rss_huge 0
total_mapped_file 36610048
total_writeback 0
total_swap 0
total_pgpgin 316012
total_pgpgout 97918
total_pgfault 239452
total_pgmajfault 489
total_inactive_anon 45056
total_active_anon 258375680
total_inactive_file 579928064
total_active_file 54915072
total_unevictable 4096
--------------------BLKIO-----------------------
11:0 Read 0
11:0 Write 0
11:0 Sync 0
11:0 Async 0
11:0 Total 0
253:0 Read 634691584
253:0 Write 806912
253:0 Sync 196608
253:0 Async 635301888
253:0 Total 635498496
Total 635498496
--------------------CPUAC-----------------------
user 300
system 270
--------------------MEMCG-----------------------
MEM ONLY  : 911 MB
MEM+SWAP  : 911 MB
cache 697286656
rss 258183168
rss_huge 0
mapped_file 36610048
writeback 0
swap 0
pgpgin 331315
pgpgout 98046
pgfault 239526
pgmajfault 489
inactive_anon 45056
active_anon 258207744
inactive_file 631705600
active_file 65507328
unevictable 4096
hierarchical_memory_limit 999997440
hierarchical_memsw_limit 9223372036854771712
total_cache 697286656
total_rss 258183168
total_rss_huge 0
total_mapped_file 36610048
total_writeback 0
total_swap 0
total_pgpgin 331315
total_pgpgout 98046
total_pgfault 239526
total_pgmajfault 489
total_inactive_anon 45056
total_active_anon 258207744
total_inactive_file 631705600
total_active_file 65507328
total_unevictable 4096
--------------------BLKIO-----------------------
11:0 Read 0
11:0 Write 0
11:0 Sync 0
11:0 Async 0
11:0 Total 0
253:0 Read 697012224
253:0 Write 864256
253:0 Sync 196608
253:0 Async 697679872
253:0 Total 697876480
Total 697876480
--------------------CPUAC-----------------------
user 330
system 288
--------------------MEMCG-----------------------
MEM ONLY  : 953 MB
MEM+SWAP  : 953 MB
cache 741363712
rss 258453504
rss_huge 0
mapped_file 36581376
writeback 0
swap 0
pgpgin 346982
pgpgout 102886
pgfault 239652
pgmajfault 489
inactive_anon 44548096
active_anon 213975040
inactive_file 631357440
active_file 109899776
unevictable 4096
hierarchical_memory_limit 999997440
hierarchical_memsw_limit 9223372036854771712
total_cache 741363712
total_rss 258453504
total_rss_huge 0
total_mapped_file 36581376
total_writeback 0
total_swap 0
total_pgpgin 346982
total_pgpgout 102886
total_pgfault 239652
total_pgmajfault 489
total_inactive_anon 44548096
total_active_anon 213975040
total_inactive_file 631357440
total_active_file 109899776
total_unevictable 4096
--------------------BLKIO-----------------------
11:0 Read 0
11:0 Write 0
11:0 Sync 0
11:0 Async 0
11:0 Total 0
253:0 Read 760610816
253:0 Write 921600
253:0 Sync 196608
253:0 Async 761335808
253:0 Total 761532416
Total 761532416
--------------------CPUAC-----------------------
user 365
system 310
--------------------MEMCG-----------------------
MEM ONLY  : 953 MB
MEM+SWAP  : 953 MB
cache 741449728
rss 258465792
rss_huge 0
mapped_file 36581376
writeback 0
swap 0
pgpgin 362928
pgpgout 118808
pgfault 239715
pgmajfault 489
inactive_anon 102481920
active_anon 156053504
inactive_file 617795584
active_file 123576320
unevictable 4096
hierarchical_memory_limit 999997440
hierarchical_memsw_limit 9223372036854771712
total_cache 741449728
total_rss 258465792
total_rss_huge 0
total_mapped_file 36581376
total_writeback 0
total_swap 0
total_pgpgin 362928
total_pgpgout 118808
total_pgfault 239715
total_pgmajfault 489
total_inactive_anon 102481920
total_active_anon 156053504
total_inactive_file 617795584
total_active_file 123576320
total_unevictable 4096
--------------------BLKIO-----------------------
11:0 Read 0
11:0 Write 0
11:0 Sync 0
11:0 Async 0
11:0 Total 0
253:0 Read 824913920
253:0 Write 987136
253:0 Sync 196608
253:0 Async 825704448
253:0 Total 825901056
Total 825901056
--------------------CPUAC-----------------------
user 396
system 338
--------------------MEMCG-----------------------
MEM ONLY  : 953 MB
MEM+SWAP  : 953 MB
cache 741294080
rss 258473984
rss_huge 0
mapped_file 36581376
writeback 0
swap 0
pgpgin 379118
pgpgout 135034
pgfault 239792
pgmajfault 489
inactive_anon 129482752
active_anon 129060864
inactive_file 601018368
active_file 140152832
unevictable 4096
hierarchical_memory_limit 999997440
hierarchical_memsw_limit 9223372036854771712
total_cache 741294080
total_rss 258473984
total_rss_huge 0
total_mapped_file 36581376
total_writeback 0
total_swap 0
total_pgpgin 379118
total_pgpgout 135034
total_pgfault 239792
total_pgmajfault 489
total_inactive_anon 129482752
total_active_anon 129060864
total_inactive_file 601018368
total_active_file 140152832
total_unevictable 4096
--------------------BLKIO-----------------------
11:0 Read 0
11:0 Write 0
11:0 Sync 0
11:0 Async 0
11:0 Total 0
253:0 Read 888426496
253:0 Write 1052672
253:0 Sync 196608
253:0 Async 889282560
253:0 Total 889479168
Total 889479168
--------------------CPUAC-----------------------
user 427
system 361
--------------------MEMCG-----------------------
MEM ONLY  : 953 MB
MEM+SWAP  : 953 MB
cache 741433344
rss 258555904
rss_huge 0
mapped_file 36581376
writeback 0
swap 0
pgpgin 395903
pgpgout 151765
pgfault 239872
pgmajfault 489
inactive_anon 129482752
active_anon 129142784
inactive_file 581013504
active_file 160346112
unevictable 4096
hierarchical_memory_limit 999997440
hierarchical_memsw_limit 9223372036854771712
total_cache 741433344
total_rss 258555904
total_rss_huge 0
total_mapped_file 36581376
total_writeback 0
total_swap 0
total_pgpgin 395903
total_pgpgout 151765
total_pgfault 239872
total_pgmajfault 489
total_inactive_anon 129482752
total_active_anon 129142784
total_inactive_file 581013504
total_active_file 160346112
total_unevictable 4096
--------------------BLKIO-----------------------
11:0 Read 0
11:0 Write 0
11:0 Sync 0
11:0 Async 0
11:0 Total 0
253:0 Read 951136256
253:0 Write 1052672
253:0 Sync 196608
253:0 Async 951992320
253:0 Total 952188928
Total 952188928
--------------------CPUAC-----------------------
user 462
system 382
--------------------MEMCG-----------------------
MEM ONLY  : 953 MB
MEM+SWAP  : 953 MB
cache 741355520
rss 258572288
rss_huge 0
mapped_file 36581376
writeback 0
swap 0
pgpgin 413113
pgpgout 168990
pgfault 239936
pgmajfault 489
inactive_anon 129482752
active_anon 129159168
inactive_file 558469120
active_file 182771712
unevictable 4096
hierarchical_memory_limit 999997440
hierarchical_memsw_limit 9223372036854771712
total_cache 741355520
total_rss 258572288
total_rss_huge 0
total_mapped_file 36581376
total_writeback 0
total_swap 0
total_pgpgin 413113
total_pgpgout 168990
total_pgfault 239936
total_pgmajfault 489
total_inactive_anon 129482752
total_active_anon 129159168
total_inactive_file 558469120
total_active_file 182771712
total_unevictable 4096
--------------------BLKIO-----------------------
11:0 Read 0
11:0 Write 0
11:0 Sync 0
11:0 Async 0
11:0 Total 0
253:0 Read 1013252096
253:0 Write 1077248
253:0 Sync 196608
253:0 Async 1014132736
253:0 Total 1014329344
Total 1014329344
--------------------CPUAC-----------------------
user 500
system 408
--------------------MEMCG-----------------------
MEM ONLY  : 953 MB
MEM+SWAP  : 953 MB
cache 741142528
rss 258576384
rss_huge 0
mapped_file 36581376
writeback 0
swap 0
pgpgin 431096
pgpgout 187024
pgfault 239997
pgmajfault 489
inactive_anon 129482752
active_anon 129163264
inactive_file 536944640
active_file 204124160
unevictable 4096
hierarchical_memory_limit 999997440
hierarchical_memsw_limit 9223372036854771712
total_cache 741142528
total_rss 258576384
total_rss_huge 0
total_mapped_file 36581376
total_writeback 0
total_swap 0
total_pgpgin 431096
total_pgpgout 187024
total_pgfault 239997
total_pgmajfault 489
total_inactive_anon 129482752
total_active_anon 129163264
total_inactive_file 536944640
total_active_file 204124160
total_unevictable 4096
--------------------BLKIO-----------------------
11:0 Read 0
11:0 Write 0
11:0 Sync 0
11:0 Async 0
11:0 Total 0
253:0 Read 1077485568
253:0 Write 1101824
253:0 Sync 196608
253:0 Async 1078390784
253:0 Total 1078587392
Total 1078587392
--------------------CPUAC-----------------------
user 540
system 431
--------------------MEMCG-----------------------
MEM ONLY  : 953 MB
MEM+SWAP  : 953 MB
cache 741175296
rss 258576384
rss_huge 0
mapped_file 36581376
writeback 0
swap 0
pgpgin 450251
pgpgout 206171
pgfault 240057
pgmajfault 489
inactive_anon 129482752
active_anon 129163264
inactive_file 512458752
active_file 228601856
unevictable 4096
hierarchical_memory_limit 999997440
hierarchical_memsw_limit 9223372036854771712
total_cache 741175296
total_rss 258576384
total_rss_huge 0
total_mapped_file 36581376
total_writeback 0
total_swap 0
total_pgpgin 450251
total_pgpgout 206171
total_pgfault 240057
total_pgmajfault 489
total_inactive_anon 129482752
total_active_anon 129163264
total_inactive_file 512458752
total_active_file 228601856
total_unevictable 4096
--------------------BLKIO-----------------------
11:0 Read 0
11:0 Write 0
11:0 Sync 0
11:0 Async 0
11:0 Total 0
253:0 Read 1142181888
253:0 Write 1130496
253:0 Sync 196608
253:0 Async 1143115776
253:0 Total 1143312384
Total 1143312384
--------------------CPUAC-----------------------
user 573
system 453
--------------------MEMCG-----------------------
MEM ONLY  : 953 MB
MEM+SWAP  : 953 MB
cache 741142528
rss 258600960
rss_huge 0
mapped_file 36581376
writeback 0
swap 0
pgpgin 469889
pgpgout 225811
pgfault 240123
pgmajfault 489
inactive_anon 129482752
active_anon 129187840
inactive_file 487550976
active_file 253517824
unevictable 4096
hierarchical_memory_limit 999997440
hierarchical_memsw_limit 9223372036854771712
total_cache 741142528
total_rss 258600960
total_rss_huge 0
total_mapped_file 36581376
total_writeback 0
total_swap 0
total_pgpgin 469889
total_pgpgout 225811
total_pgfault 240123
total_pgmajfault 489
total_inactive_anon 129482752
total_active_anon 129187840
total_inactive_file 487550976
total_active_file 253517824
total_unevictable 4096
--------------------BLKIO-----------------------
11:0 Read 0
11:0 Write 0
11:0 Sync 0
11:0 Async 0
11:0 Total 0
253:0 Read 1205866496
253:0 Write 1163264
253:0 Sync 196608
253:0 Async 1206833152
253:0 Total 1207029760
Total 1207029760
--------------------CPUAC-----------------------
user 606
system 478
--------------------MEMCG-----------------------
MEM ONLY  : 953 MB
MEM+SWAP  : 953 MB
cache 741019648
rss 258605056
rss_huge 0
mapped_file 36495360
writeback 0
swap 0
pgpgin 490336
pgpgout 246287
pgfault 240184
pgmajfault 489
inactive_anon 129482752
active_anon 129191936
inactive_file 461602816
active_file 279289856
unevictable 4096
hierarchical_memory_limit 999997440
hierarchical_memsw_limit 9223372036854771712
total_cache 741019648
total_rss 258605056
total_rss_huge 0
total_mapped_file 36495360
total_writeback 0
total_swap 0
total_pgpgin 490336
total_pgpgout 246287
total_pgfault 240184
total_pgmajfault 489
total_inactive_anon 129482752
total_active_anon 129191936
total_inactive_file 461602816
total_active_file 279289856
total_unevictable 4096
--------------------BLKIO-----------------------
11:0 Read 0
11:0 Write 0
11:0 Sync 0
11:0 Async 0
11:0 Total 0
253:0 Read 1268449280
253:0 Write 1200128
253:0 Sync 196608
253:0 Async 1269452800
253:0 Total 1269649408
Total 1269649408
--------------------CPUAC-----------------------
user 641
system 504
--------------------MEMCG-----------------------
MEM ONLY  : 953 MB
MEM+SWAP  : 953 MB
cache 741326848
rss 258519040
rss_huge 0
mapped_file 36495360
writeback 0
swap 0
pgpgin 511971
pgpgout 267868
pgfault 240282
pgmajfault 489
inactive_anon 129413120
active_anon 129175552
inactive_file 437055488
active_file 304164864
unevictable 4096
hierarchical_memory_limit 999997440
hierarchical_memsw_limit 9223372036854771712
total_cache 741326848
total_rss 258519040
total_rss_huge 0
total_mapped_file 36495360
total_writeback 0
total_swap 0
total_pgpgin 511971
total_pgpgout 267868
total_pgfault 240282
total_pgmajfault 489
total_inactive_anon 129413120
total_active_anon 129175552
total_inactive_file 437055488
total_active_file 304164864
total_unevictable 4096
--------------------BLKIO-----------------------
11:0 Read 0
11:0 Write 0
11:0 Sync 0
11:0 Async 0
11:0 Total 0
253:0 Read 1331638272
253:0 Write 1241088
253:0 Sync 196608
253:0 Async 1332682752
253:0 Total 1332879360
Total 1332879360
--------------------CPUAC-----------------------
user 679
system 536
--------------------MEMCG-----------------------
MEM ONLY  : 953 MB
MEM+SWAP  : 953 MB
cache 741539840
rss 258244608
rss_huge 0
mapped_file 36495360
writeback 0
swap 0
pgpgin 535929
pgpgout 291841
pgfault 240394
pgmajfault 489
inactive_anon 129376256
active_anon 128937984
inactive_file 407130112
active_file 334336000
unevictable 4096
hierarchical_memory_limit 999997440
hierarchical_memsw_limit 9223372036854771712
total_cache 741539840
total_rss 258244608
total_rss_huge 0
total_mapped_file 36495360
total_writeback 0
total_swap 0
total_pgpgin 535929
total_pgpgout 291841
total_pgfault 240394
total_pgmajfault 489
total_inactive_anon 129376256
total_active_anon 128937984
total_inactive_file 407130112
total_active_file 334336000
total_unevictable 4096
--------------------BLKIO-----------------------
11:0 Read 0
11:0 Write 0
11:0 Sync 0
11:0 Async 0
11:0 Total 0
253:0 Read 1393979392
253:0 Write 1282048
253:0 Sync 196608
253:0 Async 1395064832
253:0 Total 1395261440
Total 1395261440
--------------------CPUAC-----------------------
user 716
system 570
--------------------MEMCG-----------------------
MEM ONLY  : 953 MB
MEM+SWAP  : 953 MB
cache 741842944
rss 258150400
rss_huge 0
mapped_file 36495360
writeback 0
swap 0
pgpgin 560032
pgpgout 315893
pgfault 240523
pgmajfault 489
inactive_anon 129306624
active_anon 128913408
inactive_file 377815040
active_file 363950080
unevictable 4096
hierarchical_memory_limit 999997440
hierarchical_memsw_limit 9223372036854771712
total_cache 741842944
total_rss 258150400
total_rss_huge 0
total_mapped_file 36495360
total_writeback 0
total_swap 0
total_pgpgin 560032
total_pgpgout 315893
total_pgfault 240523
total_pgmajfault 489
total_inactive_anon 129306624
total_active_anon 128913408
total_inactive_file 377815040
total_active_file 363950080
total_unevictable 4096
--------------------BLKIO-----------------------
11:0 Read 0
11:0 Write 0
11:0 Sync 0
11:0 Async 0
11:0 Total 0
253:0 Read 1455136768
253:0 Write 1331200
253:0 Sync 196608
253:0 Async 1456271360
253:0 Total 1456467968
Total 1456467968
--------------------CPUAC-----------------------
user 744
system 599
--------------------MEMCG-----------------------
MEM ONLY  : 953 MB
MEM+SWAP  : 953 MB
cache 742297600
rss 257691648
rss_huge 0
mapped_file 36495360
writeback 0
swap 0
pgpgin 586599
pgpgout 342461
pgfault 240584
pgmajfault 489
inactive_anon 129306624
active_anon 128454656
inactive_file 371310592
active_file 370913280
unevictable 4096
hierarchical_memory_limit 999997440
hierarchical_memsw_limit 9223372036854771712
total_cache 742297600
total_rss 257691648
total_rss_huge 0
total_mapped_file 36495360
total_writeback 0
total_swap 0
total_pgpgin 586599
total_pgpgout 342461
total_pgfault 240584
total_pgmajfault 489
total_inactive_anon 129306624
total_active_anon 128454656
total_inactive_file 371310592
total_active_file 370913280
total_unevictable 4096
--------------------BLKIO-----------------------
11:0 Read 0
11:0 Write 0
11:0 Sync 0
11:0 Async 0
11:0 Total 0
253:0 Read 1516052480
253:0 Write 1380352
253:0 Sync 196608
253:0 Async 1517236224
253:0 Total 1517432832
Total 1517432832
--------------------CPUAC-----------------------
user 787
system 632
--------------------MEMCG-----------------------
MEM ONLY  : 953 MB
MEM+SWAP  : 953 MB
cache 741388288
rss 258428928
rss_huge 0
mapped_file 36495360
writeback 0
swap 0
pgpgin 614176
pgpgout 370080
pgfault 240889
pgmajfault 489
inactive_anon 129437696
active_anon 129060864
inactive_file 370798592
active_file 370511872
unevictable 4096
hierarchical_memory_limit 999997440
hierarchical_memsw_limit 9223372036854771712
total_cache 741388288
total_rss 258428928
total_rss_huge 0
total_mapped_file 36495360
total_writeback 0
total_swap 0
total_pgpgin 614176
total_pgpgout 370080
total_pgfault 240889
total_pgmajfault 489
total_inactive_anon 129437696
total_active_anon 129060864
total_inactive_file 370798592
total_active_file 370511872
total_unevictable 4096
--------------------BLKIO-----------------------
11:0 Read 0
11:0 Write 0
11:0 Sync 0
11:0 Async 0
11:0 Total 0
253:0 Read 1576038400
253:0 Write 1433600
253:0 Sync 196608
253:0 Async 1577275392
253:0 Total 1577472000
Total 1577472000
--------------------CPUAC-----------------------
user 834
system 671
--------------------MEMCG-----------------------
MEM ONLY  : 953 MB
MEM+SWAP  : 953 MB
cache 741609472
rss 258252800
rss_huge 0
mapped_file 36495360
writeback 0
swap 0
pgpgin 644130
pgpgout 400023
pgfault 241053
pgmajfault 489
inactive_anon 129437696
active_anon 128884736
inactive_file 370823168
active_file 370712576
unevictable 4096
hierarchical_memory_limit 999997440
hierarchical_memsw_limit 9223372036854771712
total_cache 741609472
total_rss 258252800
total_rss_huge 0
total_mapped_file 36495360
total_writeback 0
total_swap 0
total_pgpgin 644130
total_pgpgout 400023
total_pgfault 241053
total_pgmajfault 489
total_inactive_anon 129437696
total_active_anon 128884736
total_inactive_file 370823168
total_active_file 370712576
total_unevictable 4096
--------------------BLKIO-----------------------
11:0 Read 0
11:0 Write 0
11:0 Sync 0
11:0 Async 0
11:0 Total 0
253:0 Read 1637892096
253:0 Write 1490944
253:0 Sync 196608
253:0 Async 1639186432
253:0 Total 1639383040
Total 1639383040
--------------------CPUAC-----------------------
user 875
system 711
--------------------MEMCG-----------------------
MEM ONLY  : 953 MB
MEM+SWAP  : 953 MB
cache 741367808
rss 258248704
rss_huge 0
mapped_file 36491264
writeback 0
swap 0
pgpgin 675003
pgpgout 430956
pgfault 241295
pgmajfault 489
inactive_anon 129437696
active_anon 128880640
inactive_file 370823168
active_file 370470912
unevictable 4096
hierarchical_memory_limit 999997440
hierarchical_memsw_limit 9223372036854771712
total_cache 741367808
total_rss 258248704
total_rss_huge 0
total_mapped_file 36491264
total_writeback 0
total_swap 0
total_pgpgin 675003
total_pgpgout 430956
total_pgfault 241295
total_pgmajfault 489
total_inactive_anon 129437696
total_active_anon 128880640
total_inactive_file 370823168
total_active_file 370470912
total_unevictable 4096
--------------------BLKIO-----------------------
11:0 Read 0
11:0 Write 0
11:0 Sync 0
11:0 Async 0
11:0 Total 0
253:0 Read 1698897920
253:0 Write 1552384
253:0 Sync 196608
253:0 Async 1700253696
253:0 Total 1700450304
Total 1700450304
--------------------CPUAC-----------------------
user 924
system 755
--------------------MEMCG-----------------------
MEM ONLY  : 953 MB
MEM+SWAP  : 953 MB
cache 741830656
rss 257990656
rss_huge 0
mapped_file 32796672
writeback 0
swap 0
pgpgin 708357
pgpgout 464260
pgfault 241404
pgmajfault 489
inactive_anon 129568768
active_anon 128491520
inactive_file 370962432
active_file 370786304
unevictable 4096
hierarchical_memory_limit 999997440
hierarchical_memsw_limit 9223372036854771712
total_cache 741830656
total_rss 257990656
total_rss_huge 0
total_mapped_file 32796672
total_writeback 0
total_swap 0
total_pgpgin 708357
total_pgpgout 464260
total_pgfault 241404
total_pgmajfault 489
total_inactive_anon 129568768
total_active_anon 128491520
total_inactive_file 370962432
total_active_file 370786304
total_unevictable 4096
--------------------BLKIO-----------------------
11:0 Read 0
11:0 Write 0
11:0 Sync 0
11:0 Async 0
11:0 Total 0
253:0 Read 1758109696
253:0 Write 1617920
253:0 Sync 196608
253:0 Async 1759531008
253:0 Total 1759727616
Total 1759727616
--------------------CPUAC-----------------------
user 976
system 792
--------------------MEMCG-----------------------
MEM ONLY  : 953 MB
MEM+SWAP  : 953 MB
cache 742211584
rss 257777664
rss_huge 0
mapped_file 7122944
writeback 0
swap 0
pgpgin 744046
pgpgout 499908
pgfault 241566
pgmajfault 489
inactive_anon 129568768
active_anon 128278528
inactive_file 371163136
active_file 370925568
unevictable 4096
hierarchical_memory_limit 999997440
hierarchical_memsw_limit 9223372036854771712
total_cache 742211584
total_rss 257777664
total_rss_huge 0
total_mapped_file 7122944
total_writeback 0
total_swap 0
total_pgpgin 744046
total_pgpgout 499908
total_pgfault 241566
total_pgmajfault 489
total_inactive_anon 129568768
total_active_anon 128278528
total_inactive_file 371163136
total_active_file 370925568
total_unevictable 4096
--------------------BLKIO-----------------------
11:0 Read 0
11:0 Write 0
11:0 Sync 0
11:0 Async 0
11:0 Total 0
253:0 Read 1817600000
253:0 Write 1687552
253:0 Sync 196608
253:0 Async 1819090944
253:0 Total 1819287552
Total 1819287552
--------------------CPUAC-----------------------
user 1026
system 839
--------------------MEMCG-----------------------
MEM ONLY  : 953 MB
MEM+SWAP  : 953 MB
cache 742592512
rss 257290240
rss_huge 0
mapped_file 8577024
writeback 0
swap 0
pgpgin 774877
pgpgout 530765
pgfault 241810
pgmajfault 526
inactive_anon 129568768
active_anon 127791104
inactive_file 371138560
active_file 371380224
unevictable 4096
hierarchical_memory_limit 999997440
hierarchical_memsw_limit 9223372036854771712
total_cache 742592512
total_rss 257290240
total_rss_huge 0
total_mapped_file 8577024
total_writeback 0
total_swap 0
total_pgpgin 774877
total_pgpgout 530765
total_pgfault 241810
total_pgmajfault 526
total_inactive_anon 129568768
total_active_anon 127791104
total_inactive_file 371138560
total_active_file 371380224
total_unevictable 4096
--------------------BLKIO-----------------------
11:0 Read 0
11:0 Write 0
11:0 Sync 0
11:0 Async 0
11:0 Total 0
253:0 Read 1865162752
253:0 Write 1687552
253:0 Sync 196608
253:0 Async 1866653696
253:0 Total 1866850304
Total 1866850304
--------------------CPUAC-----------------------
user 1072
system 883
--------------------MEMCG-----------------------
MEM ONLY  : 953 MB
MEM+SWAP  : 953 MB
cache 742592512
rss 257290240
rss_huge 0
mapped_file 8577024
writeback 0
swap 0
pgpgin 774941
pgpgout 530829
pgfault 241870
pgmajfault 526
inactive_anon 129568768
active_anon 127791104
inactive_file 371138560
active_file 371380224
unevictable 4096
hierarchical_memory_limit 999997440
hierarchical_memsw_limit 9223372036854771712
total_cache 742592512
total_rss 257290240
total_rss_huge 0
total_mapped_file 8577024
total_writeback 0
total_swap 0
total_pgpgin 774941
total_pgpgout 530829
total_pgfault 241870
total_pgmajfault 526
total_inactive_anon 129568768
total_active_anon 127791104
total_inactive_file 371138560
total_active_file 371380224
total_unevictable 4096
--------------------BLKIO-----------------------
11:0 Read 0
11:0 Write 0
11:0 Sync 0
11:0 Async 0
11:0 Total 0
253:0 Read 1865162752
253:0 Write 1703936
253:0 Sync 196608
253:0 Async 1866670080
253:0 Total 1866866688
Total 1866866688
--------------------CPUAC-----------------------
user 1074
system 884
--------------------MEMCG-----------------------
MEM ONLY  : 953 MB
MEM+SWAP  : 953 MB
cache 742592512
rss 257290240
rss_huge 0
mapped_file 8577024
writeback 0
swap 0
pgpgin 775005
pgpgout 530893
pgfault 241930
pgmajfault 526
inactive_anon 129568768
active_anon 127791104
inactive_file 371138560
active_file 371380224
unevictable 4096
hierarchical_memory_limit 999997440
hierarchical_memsw_limit 9223372036854771712
total_cache 742592512
total_rss 257290240
total_rss_huge 0
total_mapped_file 8577024
total_writeback 0
total_swap 0
total_pgpgin 775005
total_pgpgout 530893
total_pgfault 241930
total_pgmajfault 526
total_inactive_anon 129568768
total_active_anon 127791104
total_inactive_file 371138560
total_active_file 371380224
total_unevictable 4096
--------------------BLKIO-----------------------
11:0 Read 0
11:0 Write 0
11:0 Sync 0
11:0 Async 0
11:0 Total 0
253:0 Read 1865162752
253:0 Write 1720320
253:0 Sync 196608
253:0 Async 1866686464
253:0 Total 1866883072
Total 1866883072
--------------------CPUAC-----------------------
user 1074
system 885
--------------------MEMCG-----------------------
MEM ONLY  : 953 MB
MEM+SWAP  : 953 MB
cache 742596608
rss 257290240
rss_huge 0
mapped_file 8577024
writeback 0
swap 0
pgpgin 775071
pgpgout 530958
pgfault 241990
pgmajfault 526
inactive_anon 129568768
active_anon 127791104
inactive_file 371142656
active_file 371380224
unevictable 4096
hierarchical_memory_limit 999997440
hierarchical_memsw_limit 9223372036854771712
total_cache 742596608
total_rss 257290240
total_rss_huge 0
total_mapped_file 8577024
total_writeback 0
total_swap 0
total_pgpgin 775071
total_pgpgout 530958
total_pgfault 241990
total_pgmajfault 526
total_inactive_anon 129568768
total_active_anon 127791104
total_inactive_file 371142656
total_active_file 371380224
total_unevictable 4096
--------------------BLKIO-----------------------
11:0 Read 0
11:0 Write 0
11:0 Sync 0
11:0 Async 0
11:0 Total 0
253:0 Read 1865162752
253:0 Write 1744896
253:0 Sync 196608
253:0 Async 1866711040
253:0 Total 1866907648
Total 1866907648
--------------------CPUAC-----------------------
user 1074
system 886
--------------------MEMCG-----------------------
MEM ONLY  : 953 MB
MEM+SWAP  : 953 MB
cache 742596608
rss 257290240
rss_huge 0
mapped_file 8577024
writeback 0
swap 0
pgpgin 775137
pgpgout 531024
pgfault 242050
pgmajfault 526
inactive_anon 129568768
active_anon 127791104
inactive_file 371142656
active_file 371380224
unevictable 4096
hierarchical_memory_limit 999997440
hierarchical_memsw_limit 9223372036854771712
total_cache 742596608
total_rss 257290240
total_rss_huge 0
total_mapped_file 8577024
total_writeback 0
total_swap 0
total_pgpgin 775137
total_pgpgout 531024
total_pgfault 242050
total_pgmajfault 526
total_inactive_anon 129568768
total_active_anon 127791104
total_inactive_file 371142656
total_active_file 371380224
total_unevictable 4096
--------------------BLKIO-----------------------
11:0 Read 0
11:0 Write 0
11:0 Sync 0
11:0 Async 0
11:0 Total 0
253:0 Read 1865162752
253:0 Write 1769472
253:0 Sync 196608
253:0 Async 1866735616
253:0 Total 1866932224
Total 1866932224
--------------------CPUAC-----------------------
user 1075
system 888
--------------------MEMCG-----------------------
MEM ONLY  : 953 MB
MEM+SWAP  : 953 MB
cache 742596608
rss 257302528
rss_huge 0
mapped_file 8577024
writeback 0
swap 0
pgpgin 775206
pgpgout 531090
pgfault 242113
pgmajfault 526
inactive_anon 129568768
active_anon 127803392
inactive_file 371142656
active_file 371380224
unevictable 4096
hierarchical_memory_limit 999997440
hierarchical_memsw_limit 9223372036854771712
total_cache 742596608
total_rss 257302528
total_rss_huge 0
total_mapped_file 8577024
total_writeback 0
total_swap 0
total_pgpgin 775206
total_pgpgout 531090
total_pgfault 242113
total_pgmajfault 526
total_inactive_anon 129568768
total_active_anon 127803392
total_inactive_file 371142656
total_active_file 371380224
total_unevictable 4096
--------------------BLKIO-----------------------
11:0 Read 0
11:0 Write 0
11:0 Sync 0
11:0 Async 0
11:0 Total 0
253:0 Read 1865162752
253:0 Write 1794048
253:0 Sync 196608
253:0 Async 1866760192
253:0 Total 1866956800
Total 1866956800
--------------------CPUAC-----------------------
user 1075
system 890
--------------------MEMCG-----------------------
MEM ONLY  : 953 MB
MEM+SWAP  : 953 MB
cache 742596608
rss 257314816
rss_huge 0
mapped_file 8577024
writeback 0
swap 0
pgpgin 775275
pgpgout 531156
pgfault 242176
pgmajfault 526
inactive_anon 129568768
active_anon 127815680
inactive_file 371142656
active_file 371380224
unevictable 4096
hierarchical_memory_limit 999997440
hierarchical_memsw_limit 9223372036854771712
total_cache 742596608
total_rss 257314816
total_rss_huge 0
total_mapped_file 8577024
total_writeback 0
total_swap 0
total_pgpgin 775275
total_pgpgout 531156
total_pgfault 242176
total_pgmajfault 526
total_inactive_anon 129568768
total_active_anon 127815680
total_inactive_file 371142656
total_active_file 371380224
total_unevictable 4096
--------------------BLKIO-----------------------
11:0 Read 0
11:0 Write 0
11:0 Sync 0
11:0 Async 0
11:0 Total 0
253:0 Read 1865162752
253:0 Write 1818624
253:0 Sync 196608
253:0 Async 1866784768
253:0 Total 1866981376
Total 1866981376
--------------------CPUAC-----------------------
user 1076
system 892
--------------------MEMCG-----------------------
MEM ONLY  : 953 MB
MEM+SWAP  : 953 MB
cache 742596608
rss 257314816
rss_huge 0
mapped_file 8577024
writeback 0
swap 0
pgpgin 775341
pgpgout 531222
pgfault 242236
pgmajfault 526
inactive_anon 129568768
active_anon 127815680
inactive_file 371142656
active_file 371380224
unevictable 4096
hierarchical_memory_limit 999997440
hierarchical_memsw_limit 9223372036854771712
total_cache 742596608
total_rss 257314816
total_rss_huge 0
total_mapped_file 8577024
total_writeback 0
total_swap 0
total_pgpgin 775341
total_pgpgout 531222
total_pgfault 242236
total_pgmajfault 526
total_inactive_anon 129568768
total_active_anon 127815680
total_inactive_file 371142656
total_active_file 371380224
total_unevictable 4096
--------------------BLKIO-----------------------
11:0 Read 0
11:0 Write 0
11:0 Sync 0
11:0 Async 0
11:0 Total 0
253:0 Read 1865162752
253:0 Write 1843200
253:0 Sync 196608
253:0 Async 1866809344
253:0 Total 1867005952
Total 1867005952
--------------------CPUAC-----------------------
user 1076
system 894
--------------------MEMCG-----------------------
MEM ONLY  : 953 MB
MEM+SWAP  : 953 MB
cache 742596608
rss 257314816
rss_huge 0
mapped_file 8577024
writeback 0
swap 0
pgpgin 775407
pgpgout 531288
pgfault 242296
pgmajfault 526
inactive_anon 129568768
active_anon 127815680
inactive_file 371142656
active_file 371380224
unevictable 4096
hierarchical_memory_limit 999997440
hierarchical_memsw_limit 9223372036854771712
total_cache 742596608
total_rss 257314816
total_rss_huge 0
total_mapped_file 8577024
total_writeback 0
total_swap 0
total_pgpgin 775407
total_pgpgout 531288
total_pgfault 242296
total_pgmajfault 526
total_inactive_anon 129568768
total_active_anon 127815680
total_inactive_file 371142656
total_active_file 371380224
total_unevictable 4096
--------------------BLKIO-----------------------
11:0 Read 0
11:0 Write 0
11:0 Sync 0
11:0 Async 0
11:0 Total 0
253:0 Read 1865162752
253:0 Write 1867776
253:0 Sync 196608
253:0 Async 1866833920
253:0 Total 1867030528
Total 1867030528
--------------------CPUAC-----------------------
user 1078
system 895
--------------------MEMCG-----------------------
MEM ONLY  : 953 MB
MEM+SWAP  : 953 MB
cache 742596608
rss 257314816
rss_huge 0
mapped_file 8577024
writeback 0
swap 0
pgpgin 775473
pgpgout 531354
pgfault 242356
pgmajfault 526
inactive_anon 129568768
active_anon 127815680
inactive_file 371142656
active_file 371380224
unevictable 4096
hierarchical_memory_limit 999997440
hierarchical_memsw_limit 9223372036854771712
total_cache 742596608
total_rss 257314816
total_rss_huge 0
total_mapped_file 8577024
total_writeback 0
total_swap 0
total_pgpgin 775473
total_pgpgout 531354
total_pgfault 242356
total_pgmajfault 526
total_inactive_anon 129568768
total_active_anon 127815680
total_inactive_file 371142656
total_active_file 371380224
total_unevictable 4096
--------------------BLKIO-----------------------
11:0 Read 0
11:0 Write 0
11:0 Sync 0
11:0 Async 0
11:0 Total 0
253:0 Read 1865162752
253:0 Write 1892352
253:0 Sync 196608
253:0 Async 1866858496
253:0 Total 1867055104
Total 1867055104
--------------------CPUAC-----------------------
user 1078
system 896
--------------------MEMCG-----------------------
MEM ONLY  : 953 MB
MEM+SWAP  : 953 MB
cache 742596608
rss 257314816
rss_huge 0
mapped_file 8577024
writeback 0
swap 0
pgpgin 775539
pgpgout 531420
pgfault 242416
pgmajfault 526
inactive_anon 129568768
active_anon 127815680
inactive_file 371142656
active_file 371380224
unevictable 4096
hierarchical_memory_limit 999997440
hierarchical_memsw_limit 9223372036854771712
total_cache 742596608
total_rss 257314816
total_rss_huge 0
total_mapped_file 8577024
total_writeback 0
total_swap 0
total_pgpgin 775539
total_pgpgout 531420
total_pgfault 242416
total_pgmajfault 526
total_inactive_anon 129568768
total_active_anon 127815680
total_inactive_file 371142656
total_active_file 371380224
total_unevictable 4096
--------------------BLKIO-----------------------
11:0 Read 0
11:0 Write 0
11:0 Sync 0
11:0 Async 0
11:0 Total 0
253:0 Read 1865162752
253:0 Write 1916928
253:0 Sync 196608
253:0 Async 1866883072
253:0 Total 1867079680
Total 1867079680
--------------------CPUAC-----------------------
user 1078
system 898
--------------------MEMCG-----------------------
MEM ONLY  : 953 MB
MEM+SWAP  : 953 MB
cache 742596608
rss 257314816
rss_huge 0
mapped_file 8577024
writeback 0
swap 0
pgpgin 775605
pgpgout 531486
pgfault 242476
pgmajfault 526
inactive_anon 129568768
active_anon 127815680
inactive_file 371142656
active_file 371380224
unevictable 4096
hierarchical_memory_limit 999997440
hierarchical_memsw_limit 9223372036854771712
total_cache 742596608
total_rss 257314816
total_rss_huge 0
total_mapped_file 8577024
total_writeback 0
total_swap 0
total_pgpgin 775605
total_pgpgout 531486
total_pgfault 242476
total_pgmajfault 526
total_inactive_anon 129568768
total_active_anon 127815680
total_inactive_file 371142656
total_active_file 371380224
total_unevictable 4096
--------------------BLKIO-----------------------
11:0 Read 0
11:0 Write 0
11:0 Sync 0
11:0 Async 0
11:0 Total 0
253:0 Read 1865162752
253:0 Write 1941504
253:0 Sync 196608
253:0 Async 1866907648
253:0 Total 1867104256
Total 1867104256
--------------------CPUAC-----------------------
user 1079
system 900
--------------------MEMCG-----------------------
MEM ONLY  : 953 MB
MEM+SWAP  : 953 MB
cache 742596608
rss 257314816
rss_huge 0
mapped_file 8577024
writeback 0
swap 0
pgpgin 775671
pgpgout 531552
pgfault 242536
pgmajfault 526
inactive_anon 129568768
active_anon 127815680
inactive_file 371142656
active_file 371380224
unevictable 4096
hierarchical_memory_limit 999997440
hierarchical_memsw_limit 9223372036854771712
total_cache 742596608
total_rss 257314816
total_rss_huge 0
total_mapped_file 8577024
total_writeback 0
total_swap 0
total_pgpgin 775671
total_pgpgout 531552
total_pgfault 242536
total_pgmajfault 526
total_inactive_anon 129568768
total_active_anon 127815680
total_inactive_file 371142656
total_active_file 371380224
total_unevictable 4096
--------------------BLKIO-----------------------
11:0 Read 0
11:0 Write 0
11:0 Sync 0
11:0 Async 0
11:0 Total 0
253:0 Read 1865162752
253:0 Write 1966080
253:0 Sync 196608
253:0 Async 1866932224
253:0 Total 1867128832
Total 1867128832
--------------------CPUAC-----------------------
user 1080
system 901
--------------------MEMCG-----------------------
MEM ONLY  : 953 MB
MEM+SWAP  : 953 MB
cache 742596608
rss 257314816
rss_huge 0
mapped_file 8577024
writeback 0
swap 0
pgpgin 775737
pgpgout 531618
pgfault 242596
pgmajfault 526
inactive_anon 129568768
active_anon 127815680
inactive_file 371142656
active_file 371380224
unevictable 4096
hierarchical_memory_limit 999997440
hierarchical_memsw_limit 9223372036854771712
total_cache 742596608
total_rss 257314816
total_rss_huge 0
total_mapped_file 8577024
total_writeback 0
total_swap 0
total_pgpgin 775737
total_pgpgout 531618
total_pgfault 242596
total_pgmajfault 526
total_inactive_anon 129568768
total_active_anon 127815680
total_inactive_file 371142656
total_active_file 371380224
total_unevictable 4096
--------------------BLKIO-----------------------
11:0 Read 0
11:0 Write 0
11:0 Sync 0
11:0 Async 0
11:0 Total 0
253:0 Read 1865162752
253:0 Write 1990656
253:0 Sync 196608
253:0 Async 1866956800
253:0 Total 1867153408
Total 1867153408
--------------------CPUAC-----------------------
user 1083
system 903
--------------------MEMCG-----------------------
MEM ONLY  : 953 MB
MEM+SWAP  : 953 MB
cache 742596608
rss 257314816
rss_huge 0
mapped_file 8577024
writeback 0
swap 0
pgpgin 775803
pgpgout 531684
pgfault 242656
pgmajfault 526
inactive_anon 129568768
active_anon 127815680
inactive_file 371142656
active_file 371380224
unevictable 4096
hierarchical_memory_limit 999997440
hierarchical_memsw_limit 9223372036854771712
total_cache 742596608
total_rss 257314816
total_rss_huge 0
total_mapped_file 8577024
total_writeback 0
total_swap 0
total_pgpgin 775803
total_pgpgout 531684
total_pgfault 242656
total_pgmajfault 526
total_inactive_anon 129568768
total_active_anon 127815680
total_inactive_file 371142656
total_active_file 371380224
total_unevictable 4096
--------------------BLKIO-----------------------
11:0 Read 0
11:0 Write 0
11:0 Sync 0
11:0 Async 0
11:0 Total 0
253:0 Read 1865162752
253:0 Write 2015232
253:0 Sync 196608
253:0 Async 1866981376
253:0 Total 1867177984
Total 1867177984
--------------------CPUAC-----------------------
user 1085
system 905
--------------------MEMCG-----------------------
MEM ONLY  : 953 MB
MEM+SWAP  : 953 MB
cache 742604800
rss 257314816
rss_huge 0
mapped_file 8577024
writeback 0
swap 0
pgpgin 775868
pgpgout 531747
pgfault 242716
pgmajfault 526
inactive_anon 129568768
active_anon 127815680
inactive_file 371146752
active_file 371384320
unevictable 4096
hierarchical_memory_limit 999997440
hierarchical_memsw_limit 9223372036854771712
total_cache 742604800
total_rss 257314816
total_rss_huge 0
total_mapped_file 8577024
total_writeback 0
total_swap 0
total_pgpgin 775868
total_pgpgout 531747
total_pgfault 242716
total_pgmajfault 526
total_inactive_anon 129568768
total_active_anon 127815680
total_inactive_file 371146752
total_active_file 371384320
total_unevictable 4096
--------------------BLKIO-----------------------
11:0 Read 0
11:0 Write 0
11:0 Sync 0
11:0 Async 0
11:0 Total 0
253:0 Read 1865162752
253:0 Write 2015232
253:0 Sync 196608
253:0 Async 1866981376
253:0 Total 1867177984
Total 1867177984
--------------------CPUAC-----------------------
user 1086
system 906
--------------------MEMCG-----------------------
MEM ONLY  : 953 MB
MEM+SWAP  : 953 MB
cache 742604800
rss 257314816
rss_huge 0
mapped_file 8577024
writeback 0
swap 0
pgpgin 775932
pgpgout 531811
pgfault 242776
pgmajfault 526
inactive_anon 129568768
active_anon 127815680
inactive_file 371146752
active_file 371384320
unevictable 4096
hierarchical_memory_limit 999997440
hierarchical_memsw_limit 9223372036854771712
total_cache 742604800
total_rss 257314816
total_rss_huge 0
total_mapped_file 8577024
total_writeback 0
total_swap 0
total_pgpgin 775932
total_pgpgout 531811
total_pgfault 242776
total_pgmajfault 526
total_inactive_anon 129568768
total_active_anon 127815680
total_inactive_file 371146752
total_active_file 371384320
total_unevictable 4096
--------------------BLKIO-----------------------
11:0 Read 0
11:0 Write 0
11:0 Sync 0
11:0 Async 0
11:0 Total 0
253:0 Read 1865162752
253:0 Write 2031616
253:0 Sync 196608
253:0 Async 1866997760
253:0 Total 1867194368
Total 1867194368
--------------------CPUAC-----------------------
user 1088
system 906
--------------------MEMCG-----------------------
MEM ONLY  : 953 MB
MEM+SWAP  : 953 MB
cache 742604800
rss 257318912
rss_huge 0
mapped_file 8577024
writeback 0
swap 0
pgpgin 775997
pgpgout 531875
pgfault 242837
pgmajfault 526
inactive_anon 129568768
active_anon 127819776
inactive_file 371146752
active_file 371384320
unevictable 4096
hierarchical_memory_limit 999997440
hierarchical_memsw_limit 9223372036854771712
total_cache 742604800
total_rss 257318912
total_rss_huge 0
total_mapped_file 8577024
total_writeback 0
total_swap 0
total_pgpgin 775997
total_pgpgout 531875
total_pgfault 242837
total_pgmajfault 526
total_inactive_anon 129568768
total_active_anon 127819776
total_inactive_file 371146752
total_active_file 371384320
total_unevictable 4096
--------------------BLKIO-----------------------
11:0 Read 0
11:0 Write 0
11:0 Sync 0
11:0 Async 0
11:0 Total 0
253:0 Read 1865162752
253:0 Write 2048000
253:0 Sync 196608
253:0 Async 1867014144
253:0 Total 1867210752
Total 1867210752
--------------------CPUAC-----------------------
user 1088
system 909
--------------------MEMCG-----------------------
MEM ONLY  : 953 MB
MEM+SWAP  : 953 MB
cache 742604800
rss 257318912
rss_huge 0
mapped_file 8577024
writeback 0
swap 0
pgpgin 776061
pgpgout 531939
pgfault 242897
pgmajfault 526
inactive_anon 129568768
active_anon 127819776
inactive_file 371146752
active_file 371384320
unevictable 4096
hierarchical_memory_limit 999997440
hierarchical_memsw_limit 9223372036854771712
total_cache 742604800
total_rss 257318912
total_rss_huge 0
total_mapped_file 8577024
total_writeback 0
total_swap 0
total_pgpgin 776061
total_pgpgout 531939
total_pgfault 242897
total_pgmajfault 526
total_inactive_anon 129568768
total_active_anon 127819776
total_inactive_file 371146752
total_active_file 371384320
total_unevictable 4096
--------------------BLKIO-----------------------
11:0 Read 0
11:0 Write 0
11:0 Sync 0
11:0 Async 0
11:0 Total 0
253:0 Read 1865162752
253:0 Write 2064384
253:0 Sync 196608
253:0 Async 1867030528
253:0 Total 1867227136
Total 1867227136
--------------------CPUAC-----------------------
user 1090
system 910
--------------------MEMCG-----------------------
MEM ONLY  : 953 MB
MEM+SWAP  : 953 MB
cache 742604800
rss 257318912
rss_huge 0
mapped_file 8577024
writeback 0
swap 0
pgpgin 776125
pgpgout 532003
pgfault 242957
pgmajfault 526
inactive_anon 129568768
active_anon 127819776
inactive_file 371146752
active_file 371384320
unevictable 4096
hierarchical_memory_limit 999997440
hierarchical_memsw_limit 9223372036854771712
total_cache 742604800
total_rss 257318912
total_rss_huge 0
total_mapped_file 8577024
total_writeback 0
total_swap 0
total_pgpgin 776125
total_pgpgout 532003
total_pgfault 242957
total_pgmajfault 526
total_inactive_anon 129568768
total_active_anon 127819776
total_inactive_file 371146752
total_active_file 371384320
total_unevictable 4096
--------------------BLKIO-----------------------
11:0 Read 0
11:0 Write 0
11:0 Sync 0
11:0 Async 0
11:0 Total 0
253:0 Read 1865162752
253:0 Write 2080768
253:0 Sync 196608
253:0 Async 1867046912
253:0 Total 1867243520
Total 1867243520
--------------------CPUAC-----------------------
user 1091
system 911
--------------------MEMCG-----------------------
MEM ONLY  : 953 MB
MEM+SWAP  : 953 MB
cache 742604800
rss 257318912
rss_huge 0
mapped_file 8577024
writeback 0
swap 0
pgpgin 776189
pgpgout 532067
pgfault 243017
pgmajfault 526
inactive_anon 129568768
active_anon 127819776
inactive_file 371146752
active_file 371384320
unevictable 4096
hierarchical_memory_limit 999997440
hierarchical_memsw_limit 9223372036854771712
total_cache 742604800
total_rss 257318912
total_rss_huge 0
total_mapped_file 8577024
total_writeback 0
total_swap 0
total_pgpgin 776189
total_pgpgout 532067
total_pgfault 243017
total_pgmajfault 526
total_inactive_anon 129568768
total_active_anon 127819776
total_inactive_file 371146752
total_active_file 371384320
total_unevictable 4096
--------------------BLKIO-----------------------
11:0 Read 0
11:0 Write 0
11:0 Sync 0
11:0 Async 0
11:0 Total 0
253:0 Read 1865162752
253:0 Write 2097152
253:0 Sync 196608
253:0 Async 1867063296
253:0 Total 1867259904
Total 1867259904
--------------------CPUAC-----------------------
user 1092
system 912
--------------------MEMCG-----------------------
MEM ONLY  : 953 MB
MEM+SWAP  : 953 MB
cache 742608896
rss 257318912
rss_huge 0
mapped_file 8577024
writeback 0
swap 0
pgpgin 776255
pgpgout 532132
pgfault 243077
pgmajfault 526
inactive_anon 129568768
active_anon 127819776
inactive_file 371150848
active_file 371384320
unevictable 4096
hierarchical_memory_limit 999997440
hierarchical_memsw_limit 9223372036854771712
total_cache 742608896
total_rss 257318912
total_rss_huge 0
total_mapped_file 8577024
total_writeback 0
total_swap 0
total_pgpgin 776255
total_pgpgout 532132
total_pgfault 243077
total_pgmajfault 526
total_inactive_anon 129568768
total_active_anon 127819776
total_inactive_file 371150848
total_active_file 371384320
total_unevictable 4096
--------------------BLKIO-----------------------
11:0 Read 0
11:0 Write 0
11:0 Sync 0
11:0 Async 0
11:0 Total 0
253:0 Read 1865162752
253:0 Write 2121728
253:0 Sync 196608
253:0 Async 1867087872
253:0 Total 1867284480
Total 1867284480
--------------------CPUAC-----------------------
user 1095
system 914
--------------------MEMCG-----------------------
MEM ONLY  : 953 MB
MEM+SWAP  : 953 MB
cache 742608896
rss 257318912
rss_huge 0
mapped_file 8577024
writeback 0
swap 0
pgpgin 776321
pgpgout 532198
pgfault 243137
pgmajfault 526
inactive_anon 129568768
active_anon 127819776
inactive_file 371150848
active_file 371384320
unevictable 4096
hierarchical_memory_limit 999997440
hierarchical_memsw_limit 9223372036854771712
total_cache 742608896
total_rss 257318912
total_rss_huge 0
total_mapped_file 8577024
total_writeback 0
total_swap 0
total_pgpgin 776321
total_pgpgout 532198
total_pgfault 243137
total_pgmajfault 526
total_inactive_anon 129568768
total_active_anon 127819776
total_inactive_file 371150848
total_active_file 371384320
total_unevictable 4096
--------------------BLKIO-----------------------
11:0 Read 0
11:0 Write 0
11:0 Sync 0
11:0 Async 0
11:0 Total 0
253:0 Read 1865162752
253:0 Write 2146304
253:0 Sync 196608
253:0 Async 1867112448
253:0 Total 1867309056
Total 1867309056
--------------------CPUAC-----------------------
user 1096
system 915
--------------------MEMCG-----------------------
MEM ONLY  : 953 MB
MEM+SWAP  : 953 MB
cache 742608896
rss 257318912
rss_huge 0
mapped_file 8577024
writeback 0
swap 0
pgpgin 776387
pgpgout 532264
pgfault 243197
pgmajfault 526
inactive_anon 129568768
active_anon 127819776
inactive_file 371150848
active_file 371384320
unevictable 4096
hierarchical_memory_limit 999997440
hierarchical_memsw_limit 9223372036854771712
total_cache 742608896
total_rss 257318912
total_rss_huge 0
total_mapped_file 8577024
total_writeback 0
total_swap 0
total_pgpgin 776387
total_pgpgout 532264
total_pgfault 243197
total_pgmajfault 526
total_inactive_anon 129568768
total_active_anon 127819776
total_inactive_file 371150848
total_active_file 371384320
total_unevictable 4096
--------------------BLKIO-----------------------
11:0 Read 0
11:0 Write 0
11:0 Sync 0
11:0 Async 0
11:0 Total 0
253:0 Read 1865162752
253:0 Write 2170880
253:0 Sync 196608
253:0 Async 1867137024
253:0 Total 1867333632
Total 1867333632
--------------------CPUAC-----------------------
user 1097
system 915
--------------------MEMCG-----------------------
MEM ONLY  : 953 MB
MEM+SWAP  : 953 MB
cache 742608896
rss 257318912
rss_huge 0
mapped_file 8577024
writeback 0
swap 0
pgpgin 776453
pgpgout 532330
pgfault 243257
pgmajfault 526
inactive_anon 129568768
active_anon 127819776
inactive_file 371150848
active_file 371384320
unevictable 4096
hierarchical_memory_limit 999997440
hierarchical_memsw_limit 9223372036854771712
total_cache 742608896
total_rss 257318912
total_rss_huge 0
total_mapped_file 8577024
total_writeback 0
total_swap 0
total_pgpgin 776453
total_pgpgout 532330
total_pgfault 243257
total_pgmajfault 526
total_inactive_anon 129568768
total_active_anon 127819776
total_inactive_file 371150848
total_active_file 371384320
total_unevictable 4096
--------------------BLKIO-----------------------
11:0 Read 0
11:0 Write 0
11:0 Sync 0
11:0 Async 0
11:0 Total 0
253:0 Read 1865162752
253:0 Write 2195456
253:0 Sync 196608
253:0 Async 1867161600
253:0 Total 1867358208
Total 1867358208
--------------------CPUAC-----------------------
user 1098
system 916
--------------------MEMCG-----------------------
MEM ONLY  : 953 MB
MEM+SWAP  : 953 MB
cache 742617088
rss 257318912
rss_huge 0
mapped_file 8577024
writeback 0
swap 0
pgpgin 777078
pgpgout 532953
pgfault 243833
pgmajfault 526
inactive_anon 129568768
active_anon 127819776
inactive_file 371154944
active_file 371388416
unevictable 4096
hierarchical_memory_limit 999997440
hierarchical_memsw_limit 9223372036854771712
total_cache 742617088
total_rss 257318912
total_rss_huge 0
total_mapped_file 8577024
total_writeback 0
total_swap 0
total_pgpgin 777078
total_pgpgout 532953
total_pgfault 243833
total_pgmajfault 526
total_inactive_anon 129568768
total_active_anon 127819776
total_inactive_file 371154944
total_active_file 371388416
total_unevictable 4096
--------------------BLKIO-----------------------
11:0 Read 0
11:0 Write 0
11:0 Sync 0
11:0 Async 0
11:0 Total 0
253:0 Read 1865162752
253:0 Write 2375680
253:0 Sync 196608
253:0 Async 1867341824
253:0 Total 1867538432
Total 1867538432
--------------------CPUAC-----------------------
user 1108
system 928
--------------------MEMCG-----------------------
MEM ONLY  : 953 MB
MEM+SWAP  : 953 MB
cache 742617088
rss 257318912
rss_huge 0
mapped_file 8577024
writeback 0
swap 0
pgpgin 777142
pgpgout 533017
pgfault 243893
pgmajfault 526
inactive_anon 129568768
active_anon 127819776
inactive_file 371154944
active_file 371388416
unevictable 4096
hierarchical_memory_limit 999997440
hierarchical_memsw_limit 9223372036854771712
total_cache 742617088
total_rss 257318912
total_rss_huge 0
total_mapped_file 8577024
total_writeback 0
total_swap 0
total_pgpgin 777142
total_pgpgout 533017
total_pgfault 243893
total_pgmajfault 526
total_inactive_anon 129568768
total_active_anon 127819776
total_inactive_file 371154944
total_active_file 371388416
total_unevictable 4096
--------------------BLKIO-----------------------
11:0 Read 0
11:0 Write 0
11:0 Sync 0
11:0 Async 0
11:0 Total 0
253:0 Read 1865162752
253:0 Write 2392064
253:0 Sync 196608
253:0 Async 1867358208
253:0 Total 1867554816
Total 1867554816
--------------------CPUAC-----------------------
user 1108
system 929
--------------------MEMCG-----------------------
MEM ONLY  : 953 MB
MEM+SWAP  : 953 MB
cache 742621184
rss 257318912
rss_huge 0
mapped_file 8577024
writeback 0
swap 0
pgpgin 777207
pgpgout 533081
pgfault 243953
pgmajfault 526
inactive_anon 129568768
active_anon 127819776
inactive_file 371159040
active_file 371388416
unevictable 4096
hierarchical_memory_limit 999997440
hierarchical_memsw_limit 9223372036854771712
total_cache 742621184
total_rss 257318912
total_rss_huge 0
total_mapped_file 8577024
total_writeback 0
total_swap 0
total_pgpgin 777207
total_pgpgout 533081
total_pgfault 243953
total_pgmajfault 526
total_inactive_anon 129568768
total_active_anon 127819776
total_inactive_file 371159040
total_active_file 371388416
total_unevictable 4096
--------------------BLKIO-----------------------
11:0 Read 0
11:0 Write 0
11:0 Sync 0
11:0 Async 0
11:0 Total 0
253:0 Read 1865162752
253:0 Write 2412544
253:0 Sync 196608
253:0 Async 1867378688
253:0 Total 1867575296
Total 1867575296
--------------------CPUAC-----------------------
user 1109
system 931
--------------------MEMCG-----------------------
MEM ONLY  : 953 MB
MEM+SWAP  : 953 MB
cache 742621184
rss 257318912
rss_huge 0
mapped_file 8577024
writeback 0
swap 0
pgpgin 777273
pgpgout 533147
pgfault 244013
pgmajfault 526
inactive_anon 129568768
active_anon 127819776
inactive_file 371159040
active_file 371388416
unevictable 4096
hierarchical_memory_limit 999997440
hierarchical_memsw_limit 9223372036854771712
total_cache 742621184
total_rss 257318912
total_rss_huge 0
total_mapped_file 8577024
total_writeback 0
total_swap 0
total_pgpgin 777273
total_pgpgout 533147
total_pgfault 244013
total_pgmajfault 526
total_inactive_anon 129568768
total_active_anon 127819776
total_inactive_file 371159040
total_active_file 371388416
total_unevictable 4096
--------------------BLKIO-----------------------
11:0 Read 0
11:0 Write 0
11:0 Sync 0
11:0 Async 0
11:0 Total 0
253:0 Read 1865162752
253:0 Write 2437120
253:0 Sync 196608
253:0 Async 1867403264
253:0 Total 1867599872
Total 1867599872
--------------------CPUAC-----------------------
user 1109
system 931
--------------------MEMCG-----------------------
MEM ONLY  : 953 MB
MEM+SWAP  : 953 MB
cache 742621184
rss 257318912
rss_huge 0
mapped_file 8577024
writeback 0
swap 0
pgpgin 777339
pgpgout 533213
pgfault 244073
pgmajfault 526
inactive_anon 129568768
active_anon 127819776
inactive_file 371159040
active_file 371388416
unevictable 4096
hierarchical_memory_limit 999997440
hierarchical_memsw_limit 9223372036854771712
total_cache 742621184
total_rss 257318912
total_rss_huge 0
total_mapped_file 8577024
total_writeback 0
total_swap 0
total_pgpgin 777339
total_pgpgout 533213
total_pgfault 244073
total_pgmajfault 526
total_inactive_anon 129568768
total_active_anon 127819776
total_inactive_file 371159040
total_active_file 371388416
total_unevictable 4096
--------------------BLKIO-----------------------
11:0 Read 0
11:0 Write 0
11:0 Sync 0
11:0 Async 0
11:0 Total 0
253:0 Read 1865162752
253:0 Write 2461696
253:0 Sync 196608
253:0 Async 1867427840
253:0 Total 1867624448
Total 1867624448
--------------------CPUAC-----------------------
user 1110
system 932
--------------------MEMCG-----------------------
MEM ONLY  : 953 MB
MEM+SWAP  : 953 MB
cache 742621184
rss 257318912
rss_huge 0
mapped_file 8577024
writeback 0
swap 0
pgpgin 777405
pgpgout 533279
pgfault 244133
pgmajfault 526
inactive_anon 129568768
active_anon 127819776
inactive_file 371159040
active_file 371388416
unevictable 4096
hierarchical_memory_limit 999997440
hierarchical_memsw_limit 9223372036854771712
total_cache 742621184
total_rss 257318912
total_rss_huge 0
total_mapped_file 8577024
total_writeback 0
total_swap 0
total_pgpgin 777405
total_pgpgout 533279
total_pgfault 244133
total_pgmajfault 526
total_inactive_anon 129568768
total_active_anon 127819776
total_inactive_file 371159040
total_active_file 371388416
total_unevictable 4096
--------------------BLKIO-----------------------
11:0 Read 0
11:0 Write 0
11:0 Sync 0
11:0 Async 0
11:0 Total 0
253:0 Read 1865162752
253:0 Write 2486272
253:0 Sync 196608
253:0 Async 1867452416
253:0 Total 1867649024
Total 1867649024
--------------------CPUAC-----------------------
user 1111
system 934
--------------------MEMCG-----------------------
MEM ONLY  : 953 MB
MEM+SWAP  : 953 MB
cache 742621184
rss 257318912
rss_huge 0
mapped_file 8577024
writeback 0
swap 0
pgpgin 777471
pgpgout 533345
pgfault 244193
pgmajfault 526
inactive_anon 129568768
active_anon 127819776
inactive_file 371159040
active_file 371388416
unevictable 4096
hierarchical_memory_limit 999997440
hierarchical_memsw_limit 9223372036854771712
total_cache 742621184
total_rss 257318912
total_rss_huge 0
total_mapped_file 8577024
total_writeback 0
total_swap 0
total_pgpgin 777471
total_pgpgout 533345
total_pgfault 244193
total_pgmajfault 526
total_inactive_anon 129568768
total_active_anon 127819776
total_inactive_file 371159040
total_active_file 371388416
total_unevictable 4096
--------------------BLKIO-----------------------
11:0 Read 0
11:0 Write 0
11:0 Sync 0
11:0 Async 0
11:0 Total 0
253:0 Read 1865162752
253:0 Write 2510848
253:0 Sync 196608
253:0 Async 1867476992
253:0 Total 1867673600
Total 1867673600
--------------------CPUAC-----------------------
user 1112
system 934
--------------------MEMCG-----------------------
MEM ONLY  : 953 MB
MEM+SWAP  : 953 MB
cache 742621184
rss 257318912
rss_huge 0
mapped_file 8577024
writeback 0
swap 0
pgpgin 777537
pgpgout 533411
pgfault 244253
pgmajfault 526
inactive_anon 129568768
active_anon 127819776
inactive_file 371159040
active_file 371388416
unevictable 4096
hierarchical_memory_limit 999997440
hierarchical_memsw_limit 9223372036854771712
total_cache 742621184
total_rss 257318912
total_rss_huge 0
total_mapped_file 8577024
total_writeback 0
total_swap 0
total_pgpgin 777537
total_pgpgout 533411
total_pgfault 244253
total_pgmajfault 526
total_inactive_anon 129568768
total_active_anon 127819776
total_inactive_file 371159040
total_active_file 371388416
total_unevictable 4096
--------------------BLKIO-----------------------
11:0 Read 0
11:0 Write 0
11:0 Sync 0
11:0 Async 0
11:0 Total 0
253:0 Read 1865162752
253:0 Write 2535424
253:0 Sync 196608
253:0 Async 1867501568
253:0 Total 1867698176
Total 1867698176
--------------------CPUAC-----------------------
user 1113
system 936
--------------------MEMCG-----------------------
MEM ONLY  : 953 MB
MEM+SWAP  : 953 MB
cache 742621184
rss 257318912
rss_huge 0
mapped_file 8577024
writeback 0
swap 0
pgpgin 777603
pgpgout 533477
pgfault 244313
pgmajfault 526
inactive_anon 129568768
active_anon 127819776
inactive_file 371159040
active_file 371388416
unevictable 4096
hierarchical_memory_limit 999997440
hierarchical_memsw_limit 9223372036854771712
total_cache 742621184
total_rss 257318912
total_rss_huge 0
total_mapped_file 8577024
total_writeback 0
total_swap 0
total_pgpgin 777603
total_pgpgout 533477
total_pgfault 244313
total_pgmajfault 526
total_inactive_anon 129568768
total_active_anon 127819776
total_inactive_file 371159040
total_active_file 371388416
total_unevictable 4096
--------------------BLKIO-----------------------
11:0 Read 0
11:0 Write 0
11:0 Sync 0
11:0 Async 0
11:0 Total 0
253:0 Read 1865162752
253:0 Write 2560000
253:0 Sync 196608
253:0 Async 1867526144
253:0 Total 1867722752
Total 1867722752
--------------------CPUAC-----------------------
user 1114
system 937
--------------------MEMCG-----------------------
MEM ONLY  : 953 MB
MEM+SWAP  : 953 MB
cache 742621184
rss 257318912
rss_huge 0
mapped_file 8577024
writeback 0
swap 0
pgpgin 777669
pgpgout 533543
pgfault 244373
pgmajfault 526
inactive_anon 129568768
active_anon 127819776
inactive_file 371159040
active_file 371388416
unevictable 4096
hierarchical_memory_limit 999997440
hierarchical_memsw_limit 9223372036854771712
total_cache 742621184
total_rss 257318912
total_rss_huge 0
total_mapped_file 8577024
total_writeback 0
total_swap 0
total_pgpgin 777669
total_pgpgout 533543
total_pgfault 244373
total_pgmajfault 526
total_inactive_anon 129568768
total_active_anon 127819776
total_inactive_file 371159040
total_active_file 371388416
total_unevictable 4096
--------------------BLKIO-----------------------
11:0 Read 0
11:0 Write 0
11:0 Sync 0
11:0 Async 0
11:0 Total 0
253:0 Read 1865162752
253:0 Write 2584576
253:0 Sync 196608
253:0 Async 1867550720
253:0 Total 1867747328
Total 1867747328
--------------------CPUAC-----------------------
user 1114
system 940
--------------------MEMCG-----------------------
MEM ONLY  : 953 MB
MEM+SWAP  : 953 MB
cache 742621184
rss 257318912
rss_huge 0
mapped_file 8577024
writeback 0
swap 0
pgpgin 777735
pgpgout 533609
pgfault 244433
pgmajfault 526
inactive_anon 129568768
active_anon 127819776
inactive_file 371159040
active_file 371388416
unevictable 4096
hierarchical_memory_limit 999997440
hierarchical_memsw_limit 9223372036854771712
total_cache 742621184
total_rss 257318912
total_rss_huge 0
total_mapped_file 8577024
total_writeback 0
total_swap 0
total_pgpgin 777735
total_pgpgout 533609
total_pgfault 244433
total_pgmajfault 526
total_inactive_anon 129568768
total_active_anon 127819776
total_inactive_file 371159040
total_active_file 371388416
total_unevictable 4096
--------------------BLKIO-----------------------
11:0 Read 0
11:0 Write 0
11:0 Sync 0
11:0 Async 0
11:0 Total 0
253:0 Read 1865162752
253:0 Write 2609152
253:0 Sync 196608
253:0 Async 1867575296
253:0 Total 1867771904
Total 1867771904
--------------------CPUAC-----------------------
user 1114
system 940
--------------------MEMCG-----------------------
MEM ONLY  : 953 MB
MEM+SWAP  : 953 MB
cache 742617088
rss 257318912
rss_huge 0
mapped_file 8577024
writeback 0
swap 0
pgpgin 777800
pgpgout 533675
pgfault 244493
pgmajfault 526
inactive_anon 129568768
active_anon 127819776
inactive_file 371150848
active_file 371392512
unevictable 4096
hierarchical_memory_limit 999997440
hierarchical_memsw_limit 9223372036854771712
total_cache 742617088
total_rss 257318912
total_rss_huge 0
total_mapped_file 8577024
total_writeback 0
total_swap 0
total_pgpgin 777800
total_pgpgout 533675
total_pgfault 244493
total_pgmajfault 526
total_inactive_anon 129568768
total_active_anon 127819776
total_inactive_file 371150848
total_active_file 371392512
total_unevictable 4096
--------------------BLKIO-----------------------
11:0 Read 0
11:0 Write 0
11:0 Sync 0
11:0 Async 0
11:0 Total 0
253:0 Read 1865162752
253:0 Write 2621440
253:0 Sync 196608
253:0 Async 1867587584
253:0 Total 1867784192
Total 1867784192
--------------------CPUAC-----------------------
user 1115
system 942
--------------------MEMCG-----------------------
MEM ONLY  : 953 MB
MEM+SWAP  : 953 MB
cache 742625280
rss 257318912
rss_huge 0
mapped_file 8577024
writeback 0
swap 0
pgpgin 777864
pgpgout 533737
pgfault 244553
pgmajfault 526
inactive_anon 129568768
active_anon 127819776
inactive_file 371159040
active_file 371392512
unevictable 4096
hierarchical_memory_limit 999997440
hierarchical_memsw_limit 9223372036854771712
total_cache 742625280
total_rss 257318912
total_rss_huge 0
total_mapped_file 8577024
total_writeback 0
total_swap 0
total_pgpgin 777864
total_pgpgout 533737
total_pgfault 244553
total_pgmajfault 526
total_inactive_anon 129568768
total_active_anon 127819776
total_inactive_file 371159040
total_active_file 371392512
total_unevictable 4096
--------------------BLKIO-----------------------
11:0 Read 0
11:0 Write 0
11:0 Sync 0
11:0 Async 0
11:0 Total 0
253:0 Read 1865162752
253:0 Write 2629632
253:0 Sync 196608
253:0 Async 1867595776
253:0 Total 1867792384
Total 1867792384
--------------------CPUAC-----------------------
user 1115
system 943
--------------------MEMCG-----------------------
MEM ONLY  : 953 MB
MEM+SWAP  : 953 MB
cache 742625280
rss 257318912
rss_huge 0
mapped_file 8577024
writeback 0
swap 0
pgpgin 777928
pgpgout 533801
pgfault 244613
pgmajfault 526
inactive_anon 129568768
active_anon 127819776
inactive_file 371159040
active_file 371392512
unevictable 4096
hierarchical_memory_limit 999997440
hierarchical_memsw_limit 9223372036854771712
total_cache 742625280
total_rss 257318912
total_rss_huge 0
total_mapped_file 8577024
total_writeback 0
total_swap 0
total_pgpgin 777928
total_pgpgout 533801
total_pgfault 244613
total_pgmajfault 526
total_inactive_anon 129568768
total_active_anon 127819776
total_inactive_file 371159040
total_active_file 371392512
total_unevictable 4096
--------------------BLKIO-----------------------
11:0 Read 0
11:0 Write 0
11:0 Sync 0
11:0 Async 0
11:0 Total 0
253:0 Read 1865162752
253:0 Write 2646016
253:0 Sync 196608
253:0 Async 1867612160
253:0 Total 1867808768
Total 1867808768
--------------------CPUAC-----------------------
user 1115
system 943
--------------------MEMCG-----------------------
MEM ONLY  : 953 MB
MEM+SWAP  : 953 MB
cache 742625280
rss 257318912
rss_huge 0
mapped_file 8577024
writeback 0
swap 0
pgpgin 777992
pgpgout 533865
pgfault 244673
pgmajfault 526
inactive_anon 129568768
active_anon 127819776
inactive_file 371159040
active_file 371392512
unevictable 4096
hierarchical_memory_limit 999997440
hierarchical_memsw_limit 9223372036854771712
total_cache 742625280
total_rss 257318912
total_rss_huge 0
total_mapped_file 8577024
total_writeback 0
total_swap 0
total_pgpgin 777992
total_pgpgout 533865
total_pgfault 244673
total_pgmajfault 526
total_inactive_anon 129568768
total_active_anon 127819776
total_inactive_file 371159040
total_active_file 371392512
total_unevictable 4096
--------------------BLKIO-----------------------
11:0 Read 0
11:0 Write 0
11:0 Sync 0
11:0 Async 0
11:0 Total 0
253:0 Read 1865162752
253:0 Write 2662400
253:0 Sync 196608
253:0 Async 1867628544
253:0 Total 1867825152
Total 1867825152
--------------------CPUAC-----------------------
user 1116
system 944
--------------------MEMCG-----------------------
MEM ONLY  : 953 MB
MEM+SWAP  : 953 MB
cache 742625280
rss 257318912
rss_huge 0
mapped_file 8577024
writeback 0
swap 0
pgpgin 778059
pgpgout 533932
pgfault 244736
pgmajfault 526
inactive_anon 129568768
active_anon 127819776
inactive_file 371159040
active_file 371392512
unevictable 4096
hierarchical_memory_limit 999997440
hierarchical_memsw_limit 9223372036854771712
total_cache 742625280
total_rss 257318912
total_rss_huge 0
total_mapped_file 8577024
total_writeback 0
total_swap 0
total_pgpgin 778059
total_pgpgout 533932
total_pgfault 244736
total_pgmajfault 526
total_inactive_anon 129568768
total_active_anon 127819776
total_inactive_file 371159040
total_active_file 371392512
total_unevictable 4096
--------------------BLKIO-----------------------
11:0 Read 0
11:0 Write 0
11:0 Sync 0
11:0 Async 0
11:0 Total 0
253:0 Read 1865162752
253:0 Write 2678784
253:0 Sync 196608
253:0 Async 1867644928
253:0 Total 1867841536
Total 1867841536
--------------------CPUAC-----------------------
user 1118
system 946
--------------------MEMCG-----------------------
MEM ONLY  : 953 MB
MEM+SWAP  : 953 MB
cache 742625280
rss 257318912
rss_huge 0
mapped_file 8577024
writeback 0
swap 0
pgpgin 778123
pgpgout 533996
pgfault 244796
pgmajfault 526
inactive_anon 129568768
active_anon 127819776
inactive_file 371159040
active_file 371392512
unevictable 4096
hierarchical_memory_limit 999997440
hierarchical_memsw_limit 9223372036854771712
total_cache 742625280
total_rss 257318912
total_rss_huge 0
total_mapped_file 8577024
total_writeback 0
total_swap 0
total_pgpgin 778123
total_pgpgout 533996
total_pgfault 244796
total_pgmajfault 526
total_inactive_anon 129568768
total_active_anon 127819776
total_inactive_file 371159040
total_active_file 371392512
total_unevictable 4096
--------------------BLKIO-----------------------
11:0 Read 0
11:0 Write 0
11:0 Sync 0
11:0 Async 0
11:0 Total 0
253:0 Read 1865162752
253:0 Write 2695168
253:0 Sync 196608
253:0 Async 1867661312
253:0 Total 1867857920
Total 1867857920
--------------------CPUAC-----------------------
user 1119
system 948
--------------------MEMCG-----------------------
MEM ONLY  : 953 MB
MEM+SWAP  : 953 MB
cache 742629376
rss 257318912
rss_huge 0
mapped_file 8577024
writeback 0
swap 0
pgpgin 778188
pgpgout 534060
pgfault 244856
pgmajfault 526
inactive_anon 129568768
active_anon 127819776
inactive_file 371163136
active_file 371392512
unevictable 4096
hierarchical_memory_limit 999997440
hierarchical_memsw_limit 9223372036854771712
total_cache 742629376
total_rss 257318912
total_rss_huge 0
total_mapped_file 8577024
total_writeback 0
total_swap 0
total_pgpgin 778188
total_pgpgout 534060
total_pgfault 244856
total_pgmajfault 526
total_inactive_anon 129568768
total_active_anon 127819776
total_inactive_file 371163136
total_active_file 371392512
total_unevictable 4096
--------------------BLKIO-----------------------
11:0 Read 0
11:0 Write 0
11:0 Sync 0
11:0 Async 0
11:0 Total 0
253:0 Read 1865162752
253:0 Write 2715648
253:0 Sync 196608
253:0 Async 1867681792
253:0 Total 1867878400
Total 1867878400
--------------------CPUAC-----------------------
user 1119
system 949
--------------------MEMCG-----------------------
MEM ONLY  : 953 MB
MEM+SWAP  : 953 MB
cache 742629376
rss 257318912
rss_huge 0
mapped_file 8577024
writeback 0
swap 0
pgpgin 778254
pgpgout 534126
pgfault 244916
pgmajfault 526
inactive_anon 129568768
active_anon 127819776
inactive_file 371163136
active_file 371392512
unevictable 4096
hierarchical_memory_limit 999997440
hierarchical_memsw_limit 9223372036854771712
total_cache 742629376
total_rss 257318912
total_rss_huge 0
total_mapped_file 8577024
total_writeback 0
total_swap 0
total_pgpgin 778254
total_pgpgout 534126
total_pgfault 244916
total_pgmajfault 526
total_inactive_anon 129568768
total_active_anon 127819776
total_inactive_file 371163136
total_active_file 371392512
total_unevictable 4096
--------------------BLKIO-----------------------
11:0 Read 0
11:0 Write 0
11:0 Sync 0
11:0 Async 0
11:0 Total 0
253:0 Read 1865162752
253:0 Write 2740224
253:0 Sync 196608
253:0 Async 1867706368
253:0 Total 1867902976
Total 1867902976
--------------------CPUAC-----------------------
user 1119
system 951
--------------------MEMCG-----------------------
MEM ONLY  : 953 MB
MEM+SWAP  : 953 MB
cache 742629376
rss 257323008
rss_huge 0
mapped_file 8577024
writeback 0
swap 0
pgpgin 778321
pgpgout 534192
pgfault 244977
pgmajfault 526
inactive_anon 129568768
active_anon 127823872
inactive_file 371163136
active_file 371392512
unevictable 4096
hierarchical_memory_limit 999997440
hierarchical_memsw_limit 9223372036854771712
total_cache 742629376
total_rss 257323008
total_rss_huge 0
total_mapped_file 8577024
total_writeback 0
total_swap 0
total_pgpgin 778321
total_pgpgout 534192
total_pgfault 244977
total_pgmajfault 526
total_inactive_anon 129568768
total_active_anon 127823872
total_inactive_file 371163136
total_active_file 371392512
total_unevictable 4096
--------------------BLKIO-----------------------
11:0 Read 0
11:0 Write 0
11:0 Sync 0
11:0 Async 0
11:0 Total 0
253:0 Read 1865162752
253:0 Write 2764800
253:0 Sync 196608
253:0 Async 1867730944
253:0 Total 1867927552
Total 1867927552
--------------------CPUAC-----------------------
user 1120
system 951
--------------------MEMCG-----------------------
MEM ONLY  : 953 MB
MEM+SWAP  : 953 MB
cache 742629376
rss 257323008
rss_huge 0
mapped_file 8577024
writeback 0
swap 0
pgpgin 778387
pgpgout 534258
pgfault 245037
pgmajfault 526
inactive_anon 129568768
active_anon 127823872
inactive_file 371163136
active_file 371392512
unevictable 4096
hierarchical_memory_limit 999997440
hierarchical_memsw_limit 9223372036854771712
total_cache 742629376
total_rss 257323008
total_rss_huge 0
total_mapped_file 8577024
total_writeback 0
total_swap 0
total_pgpgin 778387
total_pgpgout 534258
total_pgfault 245037
total_pgmajfault 526
total_inactive_anon 129568768
total_active_anon 127823872
total_inactive_file 371163136
total_active_file 371392512
total_unevictable 4096
--------------------BLKIO-----------------------
11:0 Read 0
11:0 Write 0
11:0 Sync 0
11:0 Async 0
11:0 Total 0
253:0 Read 1865162752
253:0 Write 2789376
253:0 Sync 196608
253:0 Async 1867755520
253:0 Total 1867952128
Total 1867952128
--------------------CPUAC-----------------------
user 1120
system 951
--------------------MEMCG-----------------------
MEM ONLY  : 952 MB
MEM+SWAP  : 952 MB
cache 741892096
rss 257327104
rss_huge 0
mapped_file 9760768
writeback 0
swap 0
pgpgin 779957
pgpgout 536007
pgfault 246696
pgmajfault 565
inactive_anon 129548288
active_anon 127848448
inactive_file 370282496
active_file 371535872
unevictable 4096
hierarchical_memory_limit 999997440
hierarchical_memsw_limit 9223372036854771712
total_cache 741892096
total_rss 257327104
total_rss_huge 0
total_mapped_file 9760768
total_writeback 0
total_swap 0
total_pgpgin 779957
total_pgpgout 536007
total_pgfault 246696
total_pgmajfault 565
total_inactive_anon 129548288
total_active_anon 127848448
total_inactive_file 370282496
total_active_file 371535872
total_unevictable 4096
--------------------BLKIO-----------------------
11:0 Read 0
11:0 Write 0
11:0 Sync 0
11:0 Async 0
11:0 Total 0
253:0 Read 1865449472
253:0 Write 2813952
253:0 Sync 196608
253:0 Async 1868066816
253:0 Total 1868263424
Total 1868263424
--------------------CPUAC-----------------------
user 1122
system 953
