--------------------MEMCG-----------------------
MEM ONLY  : 953 MB
MEM+SWAP  : 953 MB
cache 742748160
rss 257122304
rss_huge 0
mapped_file 10448896
writeback 0
swap 0
pgpgin 790744
pgpgout 546635
pgfault 247355
pgmajfault 593
inactive_anon 129089536
active_anon 128102400
inactive_file 371752960
active_file 370921472
unevictable 4096
hierarchical_memory_limit 999997440
hierarchical_memsw_limit 9223372036854771712
total_cache 742748160
total_rss 257122304
total_rss_huge 0
total_mapped_file 10448896
total_writeback 0
total_swap 0
total_pgpgin 790744
total_pgpgout 546635
total_pgfault 247355
total_pgmajfault 593
total_inactive_anon 129089536
total_active_anon 128102400
total_inactive_file 371752960
total_active_file 370921472
total_unevictable 4096
--------------------BLKIO-----------------------
11:0 Read 0
11:0 Write 0
11:0 Sync 0
11:0 Async 0
11:0 Total 0
253:0 Read 1883824128
253:0 Write 2990080
253:0 Sync 196608
253:0 Async 1886617600
253:0 Total 1886814208
Total 1886814208
--------------------CPUAC-----------------------
user 1251
system 958
--------------------MEMCG-----------------------
MEM ONLY  : 953 MB
MEM+SWAP  : 953 MB
cache 743174144
rss 256802816
rss_huge 0
mapped_file 10448896
writeback 0
swap 0
pgpgin 810770
pgpgout 566633
pgfault 247437
pgmajfault 593
inactive_anon 129089536
active_anon 127782912
inactive_file 372035584
active_file 371044352
unevictable 4096
hierarchical_memory_limit 999997440
hierarchical_memsw_limit 9223372036854771712
total_cache 743190528
total_rss 256802816
total_rss_huge 0
total_mapped_file 10448896
total_writeback 0
total_swap 0
total_pgpgin 810773
total_pgpgout 566633
total_pgfault 247437
total_pgmajfault 593
total_inactive_anon 129089536
total_active_anon 127782912
total_inactive_file 372011008
total_active_file 371044352
total_unevictable 4096
--------------------BLKIO-----------------------
11:0 Read 0
11:0 Write 0
11:0 Sync 0
11:0 Async 0
11:0 Total 0
253:0 Read 1912750080
253:0 Write 3014656
253:0 Sync 196608
253:0 Async 1915568128
253:0 Total 1915764736
Total 1915764736
--------------------CPUAC-----------------------
user 1286
system 985
--------------------MEMCG-----------------------
MEM ONLY  : 953 MB
MEM+SWAP  : 953 MB
cache 743256064
rss 256466944
rss_huge 0
mapped_file 10448896
writeback 0
swap 0
pgpgin 834421
pgpgout 590348
pgfault 247555
pgmajfault 593
inactive_anon 129089536
active_anon 127447040
inactive_file 371830784
active_file 371310592
unevictable 4096
hierarchical_memory_limit 999997440
hierarchical_memsw_limit 9223372036854771712
total_cache 743256064
total_rss 256466944
total_rss_huge 0
total_mapped_file 10448896
total_writeback 0
total_swap 0
total_pgpgin 834421
total_pgpgout 590348
total_pgfault 247555
total_pgmajfault 593
total_inactive_anon 129089536
total_active_anon 127447040
total_inactive_file 371830784
total_active_file 371310592
total_unevictable 4096
--------------------BLKIO-----------------------
11:0 Read 0
11:0 Write 0
11:0 Sync 0
11:0 Async 0
11:0 Total 0
253:0 Read 1944043520
253:0 Write 3039232
253:0 Sync 196608
253:0 Async 1946886144
253:0 Total 1947082752
Total 1947082752
--------------------CPUAC-----------------------
user 1328
system 1013
--------------------MEMCG-----------------------
MEM ONLY  : 953 MB
MEM+SWAP  : 953 MB
cache 743411712
rss 256557056
rss_huge 0
mapped_file 10448896
writeback 0
swap 0
pgpgin 857626
pgpgout 613493
pgfault 247637
pgmajfault 593
inactive_anon 129220608
active_anon 127406080
inactive_file 371851264
active_file 371486720
unevictable 4096
hierarchical_memory_limit 999997440
hierarchical_memsw_limit 9223372036854771712
total_cache 743411712
total_rss 256557056
total_rss_huge 0
total_mapped_file 10448896
total_writeback 0
total_swap 0
total_pgpgin 857626
total_pgpgout 613493
total_pgfault 247637
total_pgmajfault 593
total_inactive_anon 129220608
total_active_anon 127406080
total_inactive_file 371851264
total_active_file 371486720
total_unevictable 4096
--------------------BLKIO-----------------------
11:0 Read 0
11:0 Write 0
11:0 Sync 0
11:0 Async 0
11:0 Total 0
253:0 Read 1973149696
253:0 Write 3072000
253:0 Sync 196608
253:0 Async 1976025088
253:0 Total 1976221696
Total 1976221696
--------------------CPUAC-----------------------
user 1363
system 1042
--------------------MEMCG-----------------------
MEM ONLY  : 953 MB
MEM+SWAP  : 953 MB
cache 743178240
rss 256593920
rss_huge 0
mapped_file 10448896
writeback 0
swap 0
pgpgin 882420
pgpgout 638335
pgfault 247726
pgmajfault 593
inactive_anon 129220608
active_anon 127442944
inactive_file 371855360
active_file 371228672
unevictable 4096
hierarchical_memory_limit 999997440
hierarchical_memsw_limit 9223372036854771712
total_cache 743178240
total_rss 256593920
total_rss_huge 0
total_mapped_file 10448896
total_writeback 0
total_swap 0
total_pgpgin 882420
total_pgpgout 638335
total_pgfault 247726
total_pgmajfault 593
total_inactive_anon 129220608
total_active_anon 127442944
total_inactive_file 371855360
total_active_file 371228672
total_unevictable 4096
--------------------BLKIO-----------------------
11:0 Read 0
11:0 Write 0
11:0 Sync 0
11:0 Async 0
11:0 Total 0
253:0 Read 2001760256
253:0 Write 3104768
253:0 Sync 196608
253:0 Async 2004668416
253:0 Total 2004865024
Total 2004865024
--------------------CPUAC-----------------------
user 1412
system 1069
--------------------MEMCG-----------------------
MEM ONLY  : 953 MB
MEM+SWAP  : 953 MB
cache 742772736
rss 257003520
rss_huge 0
mapped_file 10448896
writeback 0
swap 0
pgpgin 906130
pgpgout 662044
pgfault 247886
pgmajfault 593
inactive_anon 129220608
active_anon 127852544
inactive_file 371568640
active_file 371085312
unevictable 4096
hierarchical_memory_limit 999997440
hierarchical_memsw_limit 9223372036854771712
total_cache 742772736
total_rss 257003520
total_rss_huge 0
total_mapped_file 10448896
total_writeback 0
total_swap 0
total_pgpgin 906130
total_pgpgout 662044
total_pgfault 247886
total_pgmajfault 593
total_inactive_anon 129220608
total_active_anon 127852544
total_inactive_file 371568640
total_active_file 371085312
total_unevictable 4096
--------------------BLKIO-----------------------
11:0 Read 0
11:0 Write 0
11:0 Sync 0
11:0 Async 0
11:0 Total 0
253:0 Read 2029232128
253:0 Write 3141632
253:0 Sync 196608
253:0 Async 2032177152
253:0 Total 2032373760
Total 2032373760
--------------------CPUAC-----------------------
user 1458
system 1094
--------------------MEMCG-----------------------
MEM ONLY  : 953 MB
MEM+SWAP  : 953 MB
cache 743022592
rss 256950272
rss_huge 0
mapped_file 10448896
writeback 0
swap 0
pgpgin 933468
pgpgout 689334
pgfault 247946
pgmajfault 593
inactive_anon 129220608
active_anon 127799296
inactive_file 371646464
active_file 371302400
unevictable 4096
hierarchical_memory_limit 999997440
hierarchical_memsw_limit 9223372036854771712
total_cache 743022592
total_rss 256950272
total_rss_huge 0
total_mapped_file 10448896
total_writeback 0
total_swap 0
total_pgpgin 933468
total_pgpgout 689334
total_pgfault 247946
total_pgmajfault 593
total_inactive_anon 129220608
total_active_anon 127799296
total_inactive_file 371646464
total_active_file 371302400
total_unevictable 4096
--------------------BLKIO-----------------------
11:0 Read 0
11:0 Write 0
11:0 Sync 0
11:0 Async 0
11:0 Total 0
253:0 Read 2058121216
253:0 Write 3182592
253:0 Sync 196608
253:0 Async 2061107200
253:0 Total 2061303808
Total 2061303808
--------------------CPUAC-----------------------
user 1507
system 1133
--------------------MEMCG-----------------------
MEM ONLY  : 953 MB
MEM+SWAP  : 953 MB
cache 742719488
rss 257277952
rss_huge 0
mapped_file 10448896
writeback 0
swap 0
pgpgin 963592
pgpgout 719452
pgfault 248146
pgmajfault 593
inactive_anon 129220608
active_anon 128126976
inactive_file 371572736
active_file 371040256
unevictable 4096
hierarchical_memory_limit 999997440
hierarchical_memsw_limit 9223372036854771712
total_cache 742719488
total_rss 257277952
total_rss_huge 0
total_mapped_file 10448896
total_writeback 0
total_swap 0
total_pgpgin 963592
total_pgpgout 719452
total_pgfault 248146
total_pgmajfault 593
total_inactive_anon 129220608
total_active_anon 128126976
total_inactive_file 371572736
total_active_file 371040256
total_unevictable 4096
--------------------BLKIO-----------------------
11:0 Read 0
11:0 Write 0
11:0 Sync 0
11:0 Async 0
11:0 Total 0
253:0 Read 2087890944
253:0 Write 3227648
253:0 Sync 196608
253:0 Async 2090921984
253:0 Total 2091118592
Total 2091118592
--------------------CPUAC-----------------------
user 1550
system 1169
--------------------MEMCG-----------------------
MEM ONLY  : 953 MB
MEM+SWAP  : 953 MB
cache 742580224
rss 257359872
rss_huge 0
mapped_file 10448896
writeback 0
swap 0
pgpgin 995484
pgpgout 751358
pgfault 248226
pgmajfault 593
inactive_anon 129220608
active_anon 128208896
inactive_file 371785728
active_file 370704384
unevictable 4096
hierarchical_memory_limit 999997440
hierarchical_memsw_limit 9223372036854771712
total_cache 742580224
total_rss 257359872
total_rss_huge 0
total_mapped_file 10448896
total_writeback 0
total_swap 0
total_pgpgin 995484
total_pgpgout 751358
total_pgfault 248226
total_pgmajfault 593
total_inactive_anon 129220608
total_active_anon 128208896
total_inactive_file 371785728
total_active_file 370704384
total_unevictable 4096
--------------------BLKIO-----------------------
11:0 Read 0
11:0 Write 0
11:0 Sync 0
11:0 Async 0
11:0 Total 0
253:0 Read 2116083712
253:0 Write 3276800
253:0 Sync 196608
253:0 Async 2119163904
253:0 Total 2119360512
Total 2119360512
--------------------CPUAC-----------------------
user 1609
system 1210
--------------------MEMCG-----------------------
MEM ONLY  : 953 MB
MEM+SWAP  : 953 MB
cache 741658624
rss 258334720
rss_huge 0
mapped_file 10448896
writeback 0
swap 0
pgpgin 1027920
pgpgout 783781
pgfault 248524
pgmajfault 593
inactive_anon 129351680
active_anon 129052672
inactive_file 371048448
active_file 370536448
unevictable 4096
hierarchical_memory_limit 999997440
hierarchical_memsw_limit 9223372036854771712
total_cache 741658624
total_rss 258334720
total_rss_huge 0
total_mapped_file 10448896
total_writeback 0
total_swap 0
total_pgpgin 1027920
total_pgpgout 783781
total_pgfault 248524
total_pgmajfault 593
total_inactive_anon 129351680
total_active_anon 129052672
total_inactive_file 371048448
total_active_file 370536448
total_unevictable 4096
--------------------BLKIO-----------------------
11:0 Read 0
11:0 Write 0
11:0 Sync 0
11:0 Async 0
11:0 Total 0
253:0 Read 2143965184
253:0 Write 3330048
253:0 Sync 196608
253:0 Async 2147098624
253:0 Total 2147295232
Total 2147295232
--------------------CPUAC-----------------------
user 1669
system 1250
--------------------MEMCG-----------------------
MEM ONLY  : 953 MB
MEM+SWAP  : 953 MB
cache 741109760
rss 258822144
rss_huge 0
mapped_file 10448896
writeback 0
swap 0
pgpgin 1063724
pgpgout 819600
pgfault 248719
pgmajfault 593
inactive_anon 129593344
active_anon 129298432
inactive_file 370860032
active_file 370167808
unevictable 4096
hierarchical_memory_limit 999997440
hierarchical_memsw_limit 9223372036854771712
total_cache 741109760
total_rss 258822144
total_rss_huge 0
total_mapped_file 10448896
total_writeback 0
total_swap 0
total_pgpgin 1063724
total_pgpgout 819600
total_pgfault 248719
total_pgmajfault 593
total_inactive_anon 129593344
total_active_anon 129298432
total_inactive_file 370860032
total_active_file 370167808
total_unevictable 4096
--------------------BLKIO-----------------------
11:0 Read 0
11:0 Write 0
11:0 Sync 0
11:0 Async 0
11:0 Total 0
253:0 Read 2171129856
253:0 Write 3387392
253:0 Sync 196608
253:0 Async 2174320640
253:0 Total 2174517248
Total 2174517248
--------------------CPUAC-----------------------
user 1732
system 1291
--------------------MEMCG-----------------------
MEM ONLY  : 953 MB
MEM+SWAP  : 953 MB
cache 741658624
rss 258334720
rss_huge 0
mapped_file 10117120
writeback 0
swap 0
pgpgin 1103167
pgpgout 859028
pgfault 248894
pgmajfault 593
inactive_anon 129548288
active_anon 128856064
inactive_file 370917376
active_file 370634752
unevictable 4096
hierarchical_memory_limit 999997440
hierarchical_memsw_limit 9223372036854771712
total_cache 741658624
total_rss 258334720
total_rss_huge 0
total_mapped_file 10117120
total_writeback 0
total_swap 0
total_pgpgin 1103167
total_pgpgout 859028
total_pgfault 248894
total_pgmajfault 593
total_inactive_anon 129548288
total_active_anon 128856064
total_inactive_file 370917376
total_active_file 370634752
total_unevictable 4096
--------------------BLKIO-----------------------
11:0 Read 0
11:0 Write 0
11:0 Sync 0
11:0 Async 0
11:0 Total 0
253:0 Read 2199543808
253:0 Write 3448832
253:0 Sync 196608
253:0 Async 2202796032
253:0 Total 2202992640
Total 2202992640
--------------------CPUAC-----------------------
user 1794
system 1342
--------------------MEMCG-----------------------
MEM ONLY  : 953 MB
MEM+SWAP  : 953 MB
cache 737243136
rss 262549504
rss_huge 0
mapped_file 6782976
writeback 0
swap 0
pgpgin 1148513
pgpgout 904423
pgfault 249983
pgmajfault 593
inactive_anon 131514368
active_anon 131104768
inactive_file 368766976
active_file 368402432
unevictable 4096
hierarchical_memory_limit 999997440
hierarchical_memsw_limit 9223372036854771712
total_cache 737243136
total_rss 262549504
total_rss_huge 0
total_mapped_file 6782976
total_writeback 0
total_swap 0
total_pgpgin 1148513
total_pgpgout 904423
total_pgfault 249983
total_pgmajfault 593
total_inactive_anon 131514368
total_active_anon 131104768
total_inactive_file 368766976
total_active_file 368402432
total_unevictable 4096
--------------------BLKIO-----------------------
11:0 Read 0
11:0 Write 0
11:0 Sync 0
11:0 Async 0
11:0 Total 0
253:0 Read 2228244480
253:0 Write 3448832
253:0 Sync 196608
253:0 Async 2231496704
253:0 Total 2231693312
Total 2231693312
--------------------CPUAC-----------------------
user 1870
system 1395
--------------------MEMCG-----------------------
MEM ONLY  : 953 MB
MEM+SWAP  : 953 MB
cache 737386496
rss 262549504
rss_huge 0
mapped_file 6782976
writeback 0
swap 0
pgpgin 1197108
pgpgout 952983
pgfault 250043
pgmajfault 593
inactive_anon 131514368
active_anon 131104768
inactive_file 368926720
active_file 368386048
unevictable 4096
hierarchical_memory_limit 999997440
hierarchical_memsw_limit 9223372036854771712
total_cache 737386496
total_rss 262549504
total_rss_huge 0
total_mapped_file 6782976
total_writeback 0
total_swap 0
total_pgpgin 1197108
total_pgpgout 952983
total_pgfault 250043
total_pgmajfault 593
total_inactive_anon 131514368
total_active_anon 131104768
total_inactive_file 368926720
total_active_file 368386048
total_unevictable 4096
--------------------BLKIO-----------------------
11:0 Read 0
11:0 Write 0
11:0 Sync 0
11:0 Async 0
11:0 Total 0
253:0 Read 2256064512
253:0 Write 3473408
253:0 Sync 196608
253:0 Async 2259341312
253:0 Total 2259537920
Total 2259537920
--------------------CPUAC-----------------------
user 1944
system 1459
--------------------MEMCG-----------------------
MEM ONLY  : 953 MB
MEM+SWAP  : 953 MB
cache 737665024
rss 262295552
rss_huge 0
mapped_file 6782976
writeback 0
swap 0
pgpgin 1255236
pgpgout 1011105
pgfault 250232
pgmajfault 593
inactive_anon 131391488
active_anon 130973696
inactive_file 369025024
active_file 368566272
unevictable 4096
hierarchical_memory_limit 999997440
hierarchical_memsw_limit 9223372036854771712
total_cache 737665024
total_rss 262295552
total_rss_huge 0
total_mapped_file 6782976
total_writeback 0
total_swap 0
total_pgpgin 1255236
total_pgpgout 1011105
total_pgfault 250232
total_pgmajfault 593
total_inactive_anon 131391488
total_active_anon 130973696
total_inactive_file 369025024
total_active_file 368566272
total_unevictable 4096
--------------------BLKIO-----------------------
11:0 Read 0
11:0 Write 0
11:0 Sync 0
11:0 Async 0
11:0 Total 0
253:0 Read 2283593728
253:0 Write 3502080
253:0 Sync 196608
253:0 Async 2286899200
253:0 Total 2287095808
Total 2287095808
--------------------CPUAC-----------------------
user 2031
system 1522
--------------------MEMCG-----------------------
MEM ONLY  : 953 MB
MEM+SWAP  : 953 MB
cache 737079296
rss 262660096
rss_huge 0
mapped_file 6782976
writeback 0
swap 0
pgpgin 1318245
pgpgout 1074168
pgfault 250453
pgmajfault 593
inactive_anon 131502080
active_anon 131227648
inactive_file 368558080
active_file 368431104
unevictable 4096
hierarchical_memory_limit 999997440
hierarchical_memsw_limit 9223372036854771712
total_cache 737079296
total_rss 262660096
total_rss_huge 0
total_mapped_file 6782976
total_writeback 0
total_swap 0
total_pgpgin 1318245
total_pgpgout 1074168
total_pgfault 250453
total_pgmajfault 593
total_inactive_anon 131502080
total_active_anon 131227648
total_inactive_file 368558080
total_active_file 368431104
total_unevictable 4096
--------------------BLKIO-----------------------
11:0 Read 0
11:0 Write 0
11:0 Sync 0
11:0 Async 0
11:0 Total 0
253:0 Read 2310418432
253:0 Write 3534848
253:0 Sync 196608
253:0 Async 2313756672
253:0 Total 2313953280
Total 2313953280
--------------------CPUAC-----------------------
user 2130
system 1597
--------------------MEMCG-----------------------
MEM ONLY  : 953 MB
MEM+SWAP  : 953 MB
cache 733675520
rss 266321920
rss_huge 0
mapped_file 6782976
writeback 0
swap 0
pgpgin 1394070
pgpgout 1149930
pgfault 251662
pgmajfault 593
inactive_anon 133275648
active_anon 133115904
inactive_file 367013888
active_file 366587904
unevictable 4096
hierarchical_memory_limit 999997440
hierarchical_memsw_limit 9223372036854771712
total_cache 733675520
total_rss 266321920
total_rss_huge 0
total_mapped_file 6782976
total_writeback 0
total_swap 0
total_pgpgin 1394070
total_pgpgout 1149930
total_pgfault 251662
total_pgmajfault 593
total_inactive_anon 133275648
total_active_anon 133115904
total_inactive_file 367013888
total_active_file 366587904
total_unevictable 4096
--------------------BLKIO-----------------------
11:0 Read 0
11:0 Write 0
11:0 Sync 0
11:0 Async 0
11:0 Total 0
253:0 Read 2336944128
253:0 Write 3571712
253:0 Sync 196608
253:0 Async 2340319232
253:0 Total 2340515840
Total 2340515840
--------------------CPUAC-----------------------
user 2240
system 1686
--------------------MEMCG-----------------------
MEM ONLY  : 953 MB
MEM+SWAP  : 953 MB
cache 731844608
rss 267853824
rss_huge 0
mapped_file 6782976
writeback 0
swap 0
pgpgin 1483095
pgpgout 1239026
pgfault 252175
pgmajfault 593
inactive_anon 133984256
active_anon 133939200
inactive_file 365916160
active_file 365846528
unevictable 4096
hierarchical_memory_limit 999997440
hierarchical_memsw_limit 9223372036854771712
total_cache 731856896
total_rss 267853824
total_rss_huge 0
total_mapped_file 6782976
total_writeback 0
total_swap 0
total_pgpgin 1483098
total_pgpgout 1239026
total_pgfault 252175
total_pgmajfault 593
total_inactive_anon 133984256
total_active_anon 133939200
total_inactive_file 365916160
total_active_file 365846528
total_unevictable 4096
--------------------BLKIO-----------------------
11:0 Read 0
11:0 Write 0
11:0 Sync 0
11:0 Async 0
11:0 Total 0
253:0 Read 2363932672
253:0 Write 3612672
253:0 Sync 196608
253:0 Async 2367348736
253:0 Total 2367545344
Total 2367545344
--------------------CPUAC-----------------------
user 2370
system 1786
--------------------MEMCG-----------------------
MEM ONLY  : 953 MB
MEM+SWAP  : 953 MB
cache 726876160
rss 272896000
rss_huge 0
mapped_file 6782976
writeback 0
swap 0
pgpgin 1593701
pgpgout 1349616
pgfault 253636
pgmajfault 593
inactive_anon 136593408
active_anon 136372224
inactive_file 363413504
active_file 363347968
unevictable 4096
hierarchical_memory_limit 999997440
hierarchical_memsw_limit 9223372036854771712
total_cache 726876160
total_rss 272896000
total_rss_huge 0
total_mapped_file 6782976
total_writeback 0
total_swap 0
total_pgpgin 1593701
total_pgpgout 1349616
total_pgfault 253636
total_pgmajfault 593
total_inactive_anon 136593408
total_active_anon 136372224
total_inactive_file 363413504
total_active_file 363347968
total_unevictable 4096
--------------------BLKIO-----------------------
11:0 Read 0
11:0 Write 0
11:0 Sync 0
11:0 Async 0
11:0 Total 0
253:0 Read 2390396928
253:0 Write 3661824
253:0 Sync 196608
253:0 Async 2393862144
253:0 Total 2394058752
Total 2394058752
--------------------CPUAC-----------------------
user 2524
system 1921
--------------------MEMCG-----------------------
MEM ONLY  : 953 MB
MEM+SWAP  : 953 MB
cache 720551936
rss 279314432
rss_huge 0
mapped_file 4214784
writeback 0
swap 0
pgpgin 1732628
pgpgout 1488520
pgfault 255589
pgmajfault 593
inactive_anon 139837440
active_anon 139546624
inactive_file 360427520
active_file 360034304
unevictable 4096
hierarchical_memory_limit 999997440
hierarchical_memsw_limit 9223372036854771712
total_cache 720551936
total_rss 279314432
total_rss_huge 0
total_mapped_file 4214784
total_writeback 0
total_swap 0
total_pgpgin 1732628
total_pgpgout 1488520
total_pgfault 255589
total_pgmajfault 593
total_inactive_anon 139837440
total_active_anon 139546624
total_inactive_file 360427520
total_active_file 360034304
total_unevictable 4096
--------------------BLKIO-----------------------
11:0 Read 0
11:0 Write 0
11:0 Sync 0
11:0 Async 0
11:0 Total 0
253:0 Read 2414219264
253:0 Write 3710976
253:0 Sync 196608
253:0 Async 2417733632
253:0 Total 2417930240
Total 2417930240
--------------------CPUAC-----------------------
user 2730
system 2078
--------------------MEMCG-----------------------
MEM ONLY  : 953 MB
MEM+SWAP  : 953 MB
cache 711221248
rss 288731136
rss_huge 0
mapped_file 3645440
writeback 0
swap 0
pgpgin 1917321
pgpgout 1673192
pgfault 258179
pgmajfault 593
inactive_anon 144543744
active_anon 144257024
inactive_file 355786752
active_file 355360768
unevictable 4096
hierarchical_memory_limit 999997440
hierarchical_memsw_limit 9223372036854771712
total_cache 711221248
total_rss 288731136
total_rss_huge 0
total_mapped_file 3645440
total_writeback 0
total_swap 0
total_pgpgin 1917321
total_pgpgout 1673192
total_pgfault 258179
total_pgmajfault 593
total_inactive_anon 144543744
total_active_anon 144257024
total_inactive_file 355786752
total_active_file 355360768
total_unevictable 4096
--------------------BLKIO-----------------------
11:0 Read 0
11:0 Write 0
11:0 Sync 0
11:0 Async 0
11:0 Total 0
253:0 Read 2435801088
253:0 Write 3768320
253:0 Sync 196608
253:0 Async 2439372800
253:0 Total 2439569408
Total 2439569408
--------------------CPUAC-----------------------
user 3000
system 2293
--------------------MEMCG-----------------------
MEM ONLY  : 953 MB
MEM+SWAP  : 953 MB
cache 711872512
rss 287879168
rss_huge 0
mapped_file 2830336
writeback 0
swap 0
pgpgin 2200143
pgpgout 1956063
pgfault 259129
pgmajfault 593
inactive_anon 144760832
active_anon 143187968
inactive_file 356032512
active_file 355766272
unevictable 4096
hierarchical_memory_limit 999997440
hierarchical_memsw_limit 9223372036854771712
total_cache 711872512
total_rss 287879168
total_rss_huge 0
total_mapped_file 2830336
total_writeback 0
total_swap 0
total_pgpgin 2200143
total_pgpgout 1956063
total_pgfault 259129
total_pgmajfault 593
total_inactive_anon 144760832
total_active_anon 143187968
total_inactive_file 356032512
total_active_file 355766272
total_unevictable 4096
--------------------BLKIO-----------------------
11:0 Read 0
11:0 Write 0
11:0 Sync 0
11:0 Async 0
11:0 Total 0
253:0 Read 2453463040
253:0 Write 3829760
253:0 Sync 196608
253:0 Async 2457096192
253:0 Total 2457292800
Total 2457292800
--------------------CPUAC-----------------------
user 3400
system 2610
--------------------MEMCG-----------------------
MEM ONLY  : 953 MB
MEM+SWAP  : 953 MB
cache 711512064
rss 288272384
rss_huge 0
mapped_file 2981888
writeback 0
swap 0
pgpgin 2559477
pgpgout 2315389
pgfault 260472
pgmajfault 599
inactive_anon 144592896
active_anon 143749120
inactive_file 355733504
active_file 355647488
unevictable 4096
hierarchical_memory_limit 999997440
hierarchical_memsw_limit 9223372036854771712
total_cache 711512064
total_rss 288272384
total_rss_huge 0
total_mapped_file 2981888
total_writeback 0
total_swap 0
total_pgpgin 2559477
total_pgpgout 2315389
total_pgfault 260472
total_pgmajfault 599
total_inactive_anon 144592896
total_active_anon 143749120
total_inactive_file 355733504
total_active_file 355647488
total_unevictable 4096
--------------------BLKIO-----------------------
11:0 Read 0
11:0 Write 0
11:0 Sync 0
11:0 Async 0
11:0 Total 0
253:0 Read 2464706560
253:0 Write 3895296
253:0 Sync 196608
253:0 Async 2468405248
253:0 Total 2468601856
Total 2468601856
--------------------CPUAC-----------------------
user 3863
system 3042
--------------------MEMCG-----------------------
MEM ONLY  : 953 MB
MEM+SWAP  : 953 MB
cache 711606272
rss 288337920
rss_huge 0
mapped_file 2678784
writeback 0
swap 0
pgpgin 3048889
pgpgout 2804762
pgfault 262031
pgmajfault 599
inactive_anon 144916480
active_anon 143491072
inactive_file 355880960
active_file 355614720
unevictable 4096
hierarchical_memory_limit 999997440
hierarchical_memsw_limit 9223372036854771712
total_cache 711606272
total_rss 288337920
total_rss_huge 0
total_mapped_file 2678784
total_writeback 0
total_swap 0
total_pgpgin 3048889
total_pgpgout 2804762
total_pgfault 262031
total_pgmajfault 599
total_inactive_anon 144916480
total_active_anon 143491072
total_inactive_file 355880960
total_active_file 355614720
total_unevictable 4096
--------------------BLKIO-----------------------
11:0 Read 0
11:0 Write 0
11:0 Sync 0
11:0 Async 0
11:0 Total 0
253:0 Read 2470772736
253:0 Write 3969024
253:0 Sync 196608
253:0 Async 2474545152
253:0 Total 2474741760
Total 2474741760
--------------------CPUAC-----------------------
user 4498
system 3571
--------------------MEMCG-----------------------
MEM ONLY  : 953 MB
MEM+SWAP  : 953 MB
cache 711188480
rss 288673792
rss_huge 0
mapped_file 2703360
writeback 0
swap 0
pgpgin 3536012
pgpgout 3291905
pgfault 263569
pgmajfault 607
inactive_anon 144670720
active_anon 144072704
inactive_file 355704832
active_file 355356672
unevictable 4096
hierarchical_memory_limit 999997440
hierarchical_memsw_limit 9223372036854771712
total_cache 711188480
total_rss 288673792
total_rss_huge 0
total_mapped_file 2703360
total_writeback 0
total_swap 0
total_pgpgin 3536012
total_pgpgout 3291905
total_pgfault 263569
total_pgmajfault 607
total_inactive_anon 144670720
total_active_anon 144072704
total_inactive_file 355704832
total_active_file 355356672
total_unevictable 4096
--------------------BLKIO-----------------------
11:0 Read 0
11:0 Write 0
11:0 Sync 0
11:0 Async 0
11:0 Total 0
253:0 Read 2472599552
253:0 Write 4046848
253:0 Sync 196608
253:0 Async 2476449792
253:0 Total 2476646400
Total 2476646400
--------------------CPUAC-----------------------
user 5148
system 4166
--------------------MEMCG-----------------------
MEM ONLY  : 953 MB
MEM+SWAP  : 953 MB
cache 710860800
rss 288993280
rss_huge 0
mapped_file 2826240
writeback 0
swap 0
pgpgin 4025289
pgpgout 3781184
pgfault 265109
pgmajfault 614
inactive_anon 144781312
active_anon 144281600
inactive_file 355450880
active_file 355274752
unevictable 4096
hierarchical_memory_limit 999997440
hierarchical_memsw_limit 9223372036854771712
total_cache 710860800
total_rss 288993280
total_rss_huge 0
total_mapped_file 2826240
total_writeback 0
total_swap 0
total_pgpgin 4025289
total_pgpgout 3781184
total_pgfault 265109
total_pgmajfault 614
total_inactive_anon 144781312
total_active_anon 144281600
total_inactive_file 355450880
total_active_file 355274752
total_unevictable 4096
--------------------BLKIO-----------------------
11:0 Read 0
11:0 Write 0
11:0 Sync 0
11:0 Async 0
11:0 Total 0
253:0 Read 2473328640
253:0 Write 4132864
253:0 Sync 196608
253:0 Async 2477264896
253:0 Total 2477461504
Total 2477461504
--------------------CPUAC-----------------------
user 5802
system 4769
--------------------MEMCG-----------------------
MEM ONLY  : 953 MB
MEM+SWAP  : 953 MB
cache 711168000
rss 288751616
rss_huge 0
mapped_file 2768896
writeback 0
swap 0
pgpgin 4536965
pgpgout 4292844
pgfault 266559
pgmajfault 618
inactive_anon 144683008
active_anon 144138240
inactive_file 355549184
active_file 355495936
unevictable 4096
hierarchical_memory_limit 999997440
hierarchical_memsw_limit 9223372036854771712
total_cache 711168000
total_rss 288751616
total_rss_huge 0
total_mapped_file 2768896
total_writeback 0
total_swap 0
total_pgpgin 4536965
total_pgpgout 4292844
total_pgfault 266559
total_pgmajfault 618
total_inactive_anon 144683008
total_active_anon 144138240
total_inactive_file 355549184
total_active_file 355495936
total_unevictable 4096
--------------------BLKIO-----------------------
11:0 Read 0
11:0 Write 0
11:0 Sync 0
11:0 Async 0
11:0 Total 0
253:0 Read 2473779200
253:0 Write 4222976
253:0 Sync 196608
253:0 Async 2477805568
253:0 Total 2478002176
Total 2478002176
--------------------CPUAC-----------------------
user 6516
system 5383
--------------------MEMCG-----------------------
MEM ONLY  : 953 MB
MEM+SWAP  : 953 MB
cache 710889472
rss 288940032
rss_huge 0
mapped_file 2813952
writeback 0
swap 0
pgpgin 5031154
pgpgout 4787055
pgfault 268291
pgmajfault 632
inactive_anon 144924672
active_anon 144084992
inactive_file 355557376
active_file 355246080
unevictable 4096
hierarchical_memory_limit 999997440
hierarchical_memsw_limit 9223372036854771712
total_cache 710889472
total_rss 288940032
total_rss_huge 0
total_mapped_file 2813952
total_writeback 0
total_swap 0
total_pgpgin 5031154
total_pgpgout 4787055
total_pgfault 268291
total_pgmajfault 632
total_inactive_anon 144924672
total_active_anon 144084992
total_inactive_file 355557376
total_active_file 355246080
total_unevictable 4096
--------------------BLKIO-----------------------
11:0 Read 0
11:0 Write 0
11:0 Sync 0
11:0 Async 0
11:0 Total 0
253:0 Read 2474147840
253:0 Write 4222976
253:0 Sync 196608
253:0 Async 2478174208
253:0 Total 2478370816
Total 2478370816
--------------------CPUAC-----------------------
user 7262
system 5987
--------------------MEMCG-----------------------
MEM ONLY  : 953 MB
MEM+SWAP  : 953 MB
cache 712081408
rss 287735808
rss_huge 0
mapped_file 2764800
writeback 0
swap 0
pgpgin 5565852
pgpgout 5321756
pgfault 270079
pgmajfault 638
inactive_anon 144490496
active_anon 143314944
inactive_file 355995648
active_file 355954688
unevictable 4096
hierarchical_memory_limit 999997440
hierarchical_memsw_limit 9223372036854771712
total_cache 712081408
total_rss 287735808
total_rss_huge 0
total_mapped_file 2764800
total_writeback 0
total_swap 0
total_pgpgin 5565852
total_pgpgout 5321756
total_pgfault 270079
total_pgmajfault 638
total_inactive_anon 144490496
total_active_anon 143314944
total_inactive_file 355995648
total_active_file 355954688
total_unevictable 4096
--------------------BLKIO-----------------------
11:0 Read 0
11:0 Write 0
11:0 Sync 0
11:0 Async 0
11:0 Total 0
253:0 Read 2474426368
253:0 Write 4247552
253:0 Sync 196608
253:0 Async 2478477312
253:0 Total 2478673920
Total 2478673920
--------------------CPUAC-----------------------
user 7963
system 6604
--------------------MEMCG-----------------------
MEM ONLY  : 953 MB
MEM+SWAP  : 953 MB
cache 712048640
rss 287752192
rss_huge 0
mapped_file 2760704
writeback 0
swap 0
pgpgin 6093020
pgpgout 5848928
pgfault 272073
pgmajfault 640
inactive_anon 144252928
active_anon 143568896
inactive_file 356016128
active_file 355926016
unevictable 4096
hierarchical_memory_limit 999997440
hierarchical_memsw_limit 9223372036854771712
total_cache 712048640
total_rss 287752192
total_rss_huge 0
total_mapped_file 2760704
total_writeback 0
total_swap 0
total_pgpgin 6093020
total_pgpgout 5848928
total_pgfault 272073
total_pgmajfault 640
total_inactive_anon 144252928
total_active_anon 143568896
total_inactive_file 356016128
total_active_file 355926016
total_unevictable 4096
--------------------BLKIO-----------------------
11:0 Read 0
11:0 Write 0
11:0 Sync 0
11:0 Async 0
11:0 Total 0
253:0 Read 2474676224
253:0 Write 4280320
253:0 Sync 196608
253:0 Async 2478759936
253:0 Total 2478956544
Total 2478956544
--------------------CPUAC-----------------------
user 8656
system 7199
