--------------------MEMCG-----------------------
MEM ONLY  : 953 MB
MEM+SWAP  : 953 MB
cache 741732352
rss 258224128
rss_huge 0
mapped_file 10555392
writeback 0
swap 0
pgpgin 795407
pgpgout 551277
pgfault 266670
pgmajfault 932
inactive_anon 132149248
active_anon 126144512
inactive_file 371077120
active_file 370577408
unevictable 4096
hierarchical_memory_limit 999997440
hierarchical_memsw_limit 9223372036854771712
total_cache 741732352
total_rss 258224128
total_rss_huge 0
total_mapped_file 10555392
total_writeback 0
total_swap 0
total_pgpgin 795407
total_pgpgout 551277
total_pgfault 266670
total_pgmajfault 932
total_inactive_anon 132149248
total_active_anon 126144512
total_inactive_file 371077120
total_active_file 370577408
total_unevictable 4096
--------------------BLKIO-----------------------
11:0 Read 0
11:0 Write 0
11:0 Sync 0
11:0 Async 0
11:0 Total 0
253:0 Read 1897156608
253:0 Write 3002368
253:0 Sync 253952
253:0 Async 1899905024
253:0 Total 1900158976
Total 1900158976
--------------------CPUAC-----------------------
user 1149
system 931
--------------------MEMCG-----------------------
MEM ONLY  : 953 MB
MEM+SWAP  : 953 MB
cache 741679104
rss 258146304
rss_huge 0
mapped_file 10555392
writeback 0
swap 0
pgpgin 816828
pgpgout 572730
pgfault 266745
pgmajfault 932
inactive_anon 132149248
active_anon 126066688
inactive_file 371838976
active_file 369750016
unevictable 4096
hierarchical_memory_limit 999997440
hierarchical_memsw_limit 9223372036854771712
total_cache 741679104
total_rss 258146304
total_rss_huge 0
total_mapped_file 10555392
total_writeback 0
total_swap 0
total_pgpgin 816828
total_pgpgout 572730
total_pgfault 266745
total_pgmajfault 932
total_inactive_anon 132149248
total_active_anon 126066688
total_inactive_file 371838976
total_active_file 369750016
total_unevictable 4096
--------------------BLKIO-----------------------
11:0 Read 0
11:0 Write 0
11:0 Sync 0
11:0 Async 0
11:0 Total 0
253:0 Read 1926737920
253:0 Write 3026944
253:0 Sync 253952
253:0 Async 1929510912
253:0 Total 1929764864
Total 1929764864
--------------------CPUAC-----------------------
user 1183
system 958
--------------------MEMCG-----------------------
MEM ONLY  : 953 MB
MEM+SWAP  : 953 MB
cache 741629952
rss 258150400
rss_huge 0
mapped_file 10555392
writeback 0
swap 0
pgpgin 838123
pgpgout 594036
pgfault 266806
pgmajfault 932
inactive_anon 132149248
active_anon 126070784
inactive_file 371347456
active_file 370208768
unevictable 4096
hierarchical_memory_limit 999997440
hierarchical_memsw_limit 9223372036854771712
total_cache 741629952
total_rss 258150400
total_rss_huge 0
total_mapped_file 10555392
total_writeback 0
total_swap 0
total_pgpgin 838123
total_pgpgout 594036
total_pgfault 266806
total_pgmajfault 932
total_inactive_anon 132149248
total_active_anon 126070784
total_inactive_file 371347456
total_active_file 370208768
total_unevictable 4096
--------------------BLKIO-----------------------
11:0 Read 0
11:0 Write 0
11:0 Sync 0
11:0 Async 0
11:0 Total 0
253:0 Read 1956327424
253:0 Write 3051520
253:0 Sync 253952
253:0 Async 1959124992
253:0 Total 1959378944
Total 1959378944
--------------------CPUAC-----------------------
user 1219
system 985
--------------------MEMCG-----------------------
MEM ONLY  : 953 MB
MEM+SWAP  : 953 MB
cache 741818368
rss 258150400
rss_huge 0
mapped_file 10555392
writeback 0
swap 0
pgpgin 859154
pgpgout 615021
pgfault 266866
pgmajfault 932
inactive_anon 132149248
active_anon 126070784
inactive_file 371073024
active_file 370626560
unevictable 4096
hierarchical_memory_limit 999997440
hierarchical_memsw_limit 9223372036854771712
total_cache 741818368
total_rss 258150400
total_rss_huge 0
total_mapped_file 10555392
total_writeback 0
total_swap 0
total_pgpgin 859154
total_pgpgout 615021
total_pgfault 266866
total_pgmajfault 932
total_inactive_anon 132149248
total_active_anon 126070784
total_inactive_file 371073024
total_active_file 370626560
total_unevictable 4096
--------------------BLKIO-----------------------
11:0 Read 0
11:0 Write 0
11:0 Sync 0
11:0 Async 0
11:0 Total 0
253:0 Read 1985253376
253:0 Write 3084288
253:0 Sync 253952
253:0 Async 1988083712
253:0 Total 1988337664
Total 1988337664
--------------------CPUAC-----------------------
user 1259
system 1006
--------------------MEMCG-----------------------
MEM ONLY  : 953 MB
MEM+SWAP  : 953 MB
cache 741801984
rss 258150400
rss_huge 0
mapped_file 10555392
writeback 0
swap 0
pgpgin 882155
pgpgout 638026
pgfault 266926
pgmajfault 932
inactive_anon 132149248
active_anon 126070784
inactive_file 371109888
active_file 370618368
unevictable 4096
hierarchical_memory_limit 999997440
hierarchical_memsw_limit 9223372036854771712
total_cache 741801984
total_rss 258150400
total_rss_huge 0
total_mapped_file 10555392
total_writeback 0
total_swap 0
total_pgpgin 882155
total_pgpgout 638026
total_pgfault 266926
total_pgmajfault 932
total_inactive_anon 132149248
total_active_anon 126070784
total_inactive_file 371109888
total_active_file 370618368
total_unevictable 4096
--------------------BLKIO-----------------------
11:0 Read 0
11:0 Write 0
11:0 Sync 0
11:0 Async 0
11:0 Total 0
253:0 Read 2013437952
253:0 Write 3117056
253:0 Sync 253952
253:0 Async 2016301056
253:0 Total 2016555008
Total 2016555008
--------------------CPUAC-----------------------
user 1305
system 1034
--------------------MEMCG-----------------------
MEM ONLY  : 953 MB
MEM+SWAP  : 953 MB
cache 741834752
rss 258150400
rss_huge 0
mapped_file 10555392
writeback 0
swap 0
pgpgin 907531
pgpgout 663394
pgfault 266986
pgmajfault 932
inactive_anon 132149248
active_anon 126070784
inactive_file 371015680
active_file 370745344
unevictable 4096
hierarchical_memory_limit 999997440
hierarchical_memsw_limit 9223372036854771712
total_cache 741834752
total_rss 258150400
total_rss_huge 0
total_mapped_file 10555392
total_writeback 0
total_swap 0
total_pgpgin 907531
total_pgpgout 663394
total_pgfault 266986
total_pgmajfault 932
total_inactive_anon 132149248
total_active_anon 126070784
total_inactive_file 371015680
total_active_file 370745344
total_unevictable 4096
--------------------BLKIO-----------------------
11:0 Read 0
11:0 Write 0
11:0 Sync 0
11:0 Async 0
11:0 Total 0
253:0 Read 2043310080
253:0 Write 3158016
253:0 Sync 253952
253:0 Async 2046214144
253:0 Total 2046468096
Total 2046468096
--------------------CPUAC-----------------------
user 1348
system 1062
--------------------MEMCG-----------------------
MEM ONLY  : 953 MB
MEM+SWAP  : 953 MB
cache 741826560
rss 258121728
rss_huge 0
mapped_file 10555392
writeback 0
swap 0
pgpgin 933476
pgpgout 689348
pgfault 267048
pgmajfault 932
inactive_anon 132112384
active_anon 126078976
inactive_file 371130368
active_file 370622464
unevictable 4096
hierarchical_memory_limit 999997440
hierarchical_memsw_limit 9223372036854771712
total_cache 741826560
total_rss 258121728
total_rss_huge 0
total_mapped_file 10555392
total_writeback 0
total_swap 0
total_pgpgin 933476
total_pgpgout 689348
total_pgfault 267048
total_pgmajfault 932
total_inactive_anon 132112384
total_active_anon 126078976
total_inactive_file 371130368
total_active_file 370622464
total_unevictable 4096
--------------------BLKIO-----------------------
11:0 Read 0
11:0 Write 0
11:0 Sync 0
11:0 Async 0
11:0 Total 0
253:0 Read 2071781376
253:0 Write 3198976
253:0 Sync 253952
253:0 Async 2074726400
253:0 Total 2074980352
Total 2074980352
--------------------CPUAC-----------------------
user 1394
system 1086
--------------------MEMCG-----------------------
MEM ONLY  : 953 MB
MEM+SWAP  : 953 MB
cache 741613568
rss 258166784
rss_huge 0
mapped_file 10555392
writeback 0
swap 0
pgpgin 962399
pgpgout 718312
pgfault 267228
pgmajfault 932
inactive_anon 131944448
active_anon 126291968
inactive_file 370978816
active_file 370561024
unevictable 4096
hierarchical_memory_limit 999997440
hierarchical_memsw_limit 9223372036854771712
total_cache 741613568
total_rss 258166784
total_rss_huge 0
total_mapped_file 10555392
total_writeback 0
total_swap 0
total_pgpgin 962399
total_pgpgout 718312
total_pgfault 267228
total_pgmajfault 932
total_inactive_anon 131944448
total_active_anon 126291968
total_inactive_file 370978816
total_active_file 370561024
total_unevictable 4096
--------------------BLKIO-----------------------
11:0 Read 0
11:0 Write 0
11:0 Sync 0
11:0 Async 0
11:0 Total 0
253:0 Read 2100744192
253:0 Write 3248128
253:0 Sync 253952
253:0 Async 2103738368
253:0 Total 2103992320
Total 2103992320
--------------------CPUAC-----------------------
user 1433
system 1128
--------------------MEMCG-----------------------
MEM ONLY  : 953 MB
MEM+SWAP  : 953 MB
cache 742195200
rss 257789952
rss_huge 0
mapped_file 10555392
writeback 0
swap 0
pgpgin 990839
pgpgout 746702
pgfault 267345
pgmajfault 932
inactive_anon 131829760
active_anon 126029824
inactive_file 371318784
active_file 370802688
unevictable 4096
hierarchical_memory_limit 999997440
hierarchical_memsw_limit 9223372036854771712
total_cache 742195200
total_rss 257789952
total_rss_huge 0
total_mapped_file 10555392
total_writeback 0
total_swap 0
total_pgpgin 990839
total_pgpgout 746702
total_pgfault 267345
total_pgmajfault 932
total_inactive_anon 131829760
total_active_anon 126029824
total_inactive_file 371318784
total_active_file 370802688
total_unevictable 4096
--------------------BLKIO-----------------------
11:0 Read 0
11:0 Write 0
11:0 Sync 0
11:0 Async 0
11:0 Total 0
253:0 Read 2128588800
253:0 Write 3297280
253:0 Sync 253952
253:0 Async 2131632128
253:0 Total 2131886080
Total 2131886080
--------------------CPUAC-----------------------
user 1478
system 1167
--------------------MEMCG-----------------------
MEM ONLY  : 953 MB
MEM+SWAP  : 953 MB
cache 742490112
rss 257282048
rss_huge 0
mapped_file 10555392
writeback 0
swap 0
pgpgin 1020126
pgpgout 776041
pgfault 267407
pgmajfault 932
inactive_anon 131829760
active_anon 125521920
inactive_file 371621888
active_file 370794496
unevictable 4096
hierarchical_memory_limit 999997440
hierarchical_memsw_limit 9223372036854771712
total_cache 742490112
total_rss 257282048
total_rss_huge 0
total_mapped_file 10555392
total_writeback 0
total_swap 0
total_pgpgin 1020126
total_pgpgout 776041
total_pgfault 267407
total_pgmajfault 932
total_inactive_anon 131829760
total_active_anon 125521920
total_inactive_file 371621888
total_active_file 370794496
total_unevictable 4096
--------------------BLKIO-----------------------
11:0 Read 0
11:0 Write 0
11:0 Sync 0
11:0 Async 0
11:0 Total 0
253:0 Read 2155106304
253:0 Write 3350528
253:0 Sync 253952
253:0 Async 2158202880
253:0 Total 2158456832
Total 2158456832
--------------------CPUAC-----------------------
user 1521
system 1210
--------------------MEMCG-----------------------
MEM ONLY  : 953 MB
MEM+SWAP  : 953 MB
cache 742494208
rss 257261568
rss_huge 0
mapped_file 10555392
writeback 0
swap 0
pgpgin 1057270
pgpgout 813189
pgfault 267686
pgmajfault 932
inactive_anon 131829760
active_anon 125501440
inactive_file 371363840
active_file 371052544
unevictable 4096
hierarchical_memory_limit 999997440
hierarchical_memsw_limit 9223372036854771712
total_cache 742494208
total_rss 257261568
total_rss_huge 0
total_mapped_file 10555392
total_writeback 0
total_swap 0
total_pgpgin 1057270
total_pgpgout 813189
total_pgfault 267686
total_pgmajfault 932
total_inactive_anon 131829760
total_active_anon 125501440
total_inactive_file 371363840
total_active_file 371052544
total_unevictable 4096
--------------------BLKIO-----------------------
11:0 Read 0
11:0 Write 0
11:0 Sync 0
11:0 Async 0
11:0 Total 0
253:0 Read 2183454720
253:0 Write 3407872
253:0 Sync 253952
253:0 Async 2186608640
253:0 Total 2186862592
Total 2186862592
--------------------CPUAC-----------------------
user 1585
system 1256
--------------------MEMCG-----------------------
MEM ONLY  : 953 MB
MEM+SWAP  : 953 MB
cache 742633472
rss 257245184
rss_huge 0
mapped_file 10555392
writeback 0
swap 0
pgpgin 1094684
pgpgout 850573
pgfault 267764
pgmajfault 932
inactive_anon 131829760
active_anon 125485056
inactive_file 371650560
active_file 370909184
unevictable 4096
hierarchical_memory_limit 999997440
hierarchical_memsw_limit 9223372036854771712
total_cache 742633472
total_rss 257245184
total_rss_huge 0
total_mapped_file 10555392
total_writeback 0
total_swap 0
total_pgpgin 1094684
total_pgpgout 850573
total_pgfault 267764
total_pgmajfault 932
total_inactive_anon 131829760
total_active_anon 125485056
total_inactive_file 371650560
total_active_file 370909184
total_unevictable 4096
--------------------BLKIO-----------------------
11:0 Read 0
11:0 Write 0
11:0 Sync 0
11:0 Async 0
11:0 Total 0
253:0 Read 2212306944
253:0 Write 3469312
253:0 Sync 253952
253:0 Async 2215522304
253:0 Total 2215776256
Total 2215776256
--------------------CPUAC-----------------------
user 1638
system 1310
--------------------MEMCG-----------------------
MEM ONLY  : 953 MB
MEM+SWAP  : 953 MB
cache 741355520
rss 258461696
rss_huge 0
mapped_file 10563584
writeback 0
swap 0
pgpgin 1133400
pgpgout 889304
pgfault 268123
pgmajfault 934
inactive_anon 131829760
active_anon 126701568
inactive_file 370925568
active_file 370352128
unevictable 4096
hierarchical_memory_limit 999997440
hierarchical_memsw_limit 9223372036854771712
total_cache 741355520
total_rss 258461696
total_rss_huge 0
total_mapped_file 10563584
total_writeback 0
total_swap 0
total_pgpgin 1133400
total_pgpgout 889304
total_pgfault 268123
total_pgmajfault 934
total_inactive_anon 131829760
total_active_anon 126701568
total_inactive_file 370925568
total_active_file 370352128
total_unevictable 4096
--------------------BLKIO-----------------------
11:0 Read 0
11:0 Write 0
11:0 Sync 0
11:0 Async 0
11:0 Total 0
253:0 Read 2239209472
253:0 Write 3534848
253:0 Sync 253952
253:0 Async 2242490368
253:0 Total 2242744320
Total 2242744320
--------------------CPUAC-----------------------
user 1694
system 1356
--------------------MEMCG-----------------------
MEM ONLY  : 953 MB
MEM+SWAP  : 953 MB
cache 739647488
rss 260210688
rss_huge 0
mapped_file 7913472
writeback 0
swap 0
pgpgin 1177743
pgpgout 933637
pgfault 268646
pgmajfault 934
inactive_anon 131760128
active_anon 128520192
inactive_file 370122752
active_file 369401856
unevictable 4096
hierarchical_memory_limit 999997440
hierarchical_memsw_limit 9223372036854771712
total_cache 739647488
total_rss 260210688
total_rss_huge 0
total_mapped_file 7913472
total_writeback 0
total_swap 0
total_pgpgin 1177743
total_pgpgout 933637
total_pgfault 268646
total_pgmajfault 934
total_inactive_anon 131760128
total_active_anon 128520192
total_inactive_file 370122752
total_active_file 369401856
total_unevictable 4096
--------------------BLKIO-----------------------
11:0 Read 0
11:0 Write 0
11:0 Sync 0
11:0 Async 0
11:0 Total 0
253:0 Read 2266542080
253:0 Write 3604480
253:0 Sync 253952
253:0 Async 2269892608
253:0 Total 2270146560
Total 2270146560
--------------------CPUAC-----------------------
user 1759
system 1410
--------------------MEMCG-----------------------
MEM ONLY  : 953 MB
MEM+SWAP  : 953 MB
cache 737267712
rss 262725632
rss_huge 0
mapped_file 7356416
writeback 0
swap 0
pgpgin 1230179
pgpgout 986040
pgfault 269534
pgmajfault 934
inactive_anon 131710976
active_anon 131084288
inactive_file 368721920
active_file 368472064
unevictable 4096
hierarchical_memory_limit 999997440
hierarchical_memsw_limit 9223372036854771712
total_cache 737267712
total_rss 262725632
total_rss_huge 0
total_mapped_file 7356416
total_writeback 0
total_swap 0
total_pgpgin 1230179
total_pgpgout 986040
total_pgfault 269534
total_pgmajfault 934
total_inactive_anon 131710976
total_active_anon 131084288
total_inactive_file 368721920
total_active_file 368472064
total_unevictable 4096
--------------------BLKIO-----------------------
11:0 Read 0
11:0 Write 0
11:0 Sync 0
11:0 Async 0
11:0 Total 0
253:0 Read 2294423552
253:0 Write 3641344
253:0 Sync 253952
253:0 Async 2297810944
253:0 Total 2298064896
Total 2298064896
--------------------CPUAC-----------------------
user 1837
system 1476
--------------------MEMCG-----------------------
MEM ONLY  : 953 MB
MEM+SWAP  : 953 MB
cache 737243136
rss 262533120
rss_huge 0
mapped_file 7356416
writeback 0
swap 0
pgpgin 1286516
pgpgout 1042430
pgfault 269653
pgmajfault 934
inactive_anon 131612672
active_anon 130990080
inactive_file 368779264
active_file 368369664
unevictable 4096
hierarchical_memory_limit 999997440
hierarchical_memsw_limit 9223372036854771712
total_cache 737243136
total_rss 262533120
total_rss_huge 0
total_mapped_file 7356416
total_writeback 0
total_swap 0
total_pgpgin 1286516
total_pgpgout 1042430
total_pgfault 269653
total_pgmajfault 934
total_inactive_anon 131612672
total_active_anon 130990080
total_inactive_file 368779264
total_active_file 368369664
total_unevictable 4096
--------------------BLKIO-----------------------
11:0 Read 0
11:0 Write 0
11:0 Sync 0
11:0 Async 0
11:0 Total 0
253:0 Read 2321485824
253:0 Write 3653632
253:0 Sync 253952
253:0 Async 2324885504
253:0 Total 2325139456
Total 2325139456
--------------------CPUAC-----------------------
user 1925
system 1546
--------------------MEMCG-----------------------
MEM ONLY  : 953 MB
MEM+SWAP  : 953 MB
cache 737124352
rss 262819840
rss_huge 0
mapped_file 7348224
writeback 0
swap 0
pgpgin 1349795
pgpgout 1105668
pgfault 270037
pgmajfault 934
inactive_anon 131788800
active_anon 131100672
inactive_file 368660480
active_file 368390144
unevictable 4096
hierarchical_memory_limit 999997440
hierarchical_memsw_limit 9223372036854771712
total_cache 737124352
total_rss 262819840
total_rss_huge 0
total_mapped_file 7348224
total_writeback 0
total_swap 0
total_pgpgin 1349795
total_pgpgout 1105668
total_pgfault 270037
total_pgmajfault 934
total_inactive_anon 131788800
total_active_anon 131100672
total_inactive_file 368660480
total_active_file 368390144
total_unevictable 4096
--------------------BLKIO-----------------------
11:0 Read 0
11:0 Write 0
11:0 Sync 0
11:0 Async 0
11:0 Total 0
253:0 Read 2349043712
253:0 Write 3678208
253:0 Sync 253952
253:0 Async 2352467968
253:0 Total 2352721920
Total 2352721920
--------------------CPUAC-----------------------
user 2016
system 1623
--------------------MEMCG-----------------------
MEM ONLY  : 953 MB
MEM+SWAP  : 953 MB
cache 729767936
rss 270012416
rss_huge 0
mapped_file 7348224
writeback 0
swap 0
pgpgin 1426436
pgpgout 1182349
pgfault 271911
pgmajfault 934
inactive_anon 135196672
active_anon 134885376
inactive_file 365195264
active_file 364470272
unevictable 4096
hierarchical_memory_limit 999997440
hierarchical_memsw_limit 9223372036854771712
total_cache 729767936
total_rss 270012416
total_rss_huge 0
total_mapped_file 7348224
total_writeback 0
total_swap 0
total_pgpgin 1426436
total_pgpgout 1182349
total_pgfault 271911
total_pgmajfault 934
total_inactive_anon 135196672
total_active_anon 134885376
total_inactive_file 365195264
total_active_file 364470272
total_unevictable 4096
--------------------BLKIO-----------------------
11:0 Read 0
11:0 Write 0
11:0 Sync 0
11:0 Async 0
11:0 Total 0
253:0 Read 2376097792
253:0 Write 3710976
253:0 Sync 253952
253:0 Async 2379554816
253:0 Total 2379808768
Total 2379808768
--------------------CPUAC-----------------------
user 2116
system 1718
--------------------MEMCG-----------------------
MEM ONLY  : 953 MB
MEM+SWAP  : 953 MB
cache 729317376
rss 270450688
rss_huge 0
mapped_file 7348224
writeback 0
swap 0
pgpgin 1521130
pgpgout 1277046
pgfault 272209
pgmajfault 934
inactive_anon 135274496
active_anon 135245824
inactive_file 364752896
active_file 364474368
unevictable 4096
hierarchical_memory_limit 999997440
hierarchical_memsw_limit 9223372036854771712
total_cache 729317376
total_rss 270450688
total_rss_huge 0
total_mapped_file 7348224
total_writeback 0
total_swap 0
total_pgpgin 1521130
total_pgpgout 1277046
total_pgfault 272209
total_pgmajfault 934
total_inactive_anon 135274496
total_active_anon 135245824
total_inactive_file 364752896
total_active_file 364474368
total_unevictable 4096
--------------------BLKIO-----------------------
11:0 Read 0
11:0 Write 0
11:0 Sync 0
11:0 Async 0
11:0 Total 0
253:0 Read 2403274752
253:0 Write 3743744
253:0 Sync 253952
253:0 Async 2406764544
253:0 Total 2407018496
Total 2407018496
--------------------CPUAC-----------------------
user 2252
system 1824
--------------------MEMCG-----------------------
MEM ONLY  : 953 MB
MEM+SWAP  : 953 MB
cache 727392256
rss 272420864
rss_huge 0
mapped_file 4710400
writeback 0
swap 0
pgpgin 1632233
pgpgout 1388138
pgfault 273118
pgmajfault 934
inactive_anon 136400896
active_anon 136089600
inactive_file 363864064
active_file 363450368
unevictable 4096
hierarchical_memory_limit 999997440
hierarchical_memsw_limit 9223372036854771712
total_cache 727392256
total_rss 272420864
total_rss_huge 0
total_mapped_file 4710400
total_writeback 0
total_swap 0
total_pgpgin 1632233
total_pgpgout 1388138
total_pgfault 273118
total_pgmajfault 934
total_inactive_anon 136400896
total_active_anon 136089600
total_inactive_file 363864064
total_active_file 363450368
total_unevictable 4096
--------------------BLKIO-----------------------
11:0 Read 0
11:0 Write 0
11:0 Sync 0
11:0 Async 0
11:0 Total 0
253:0 Read 2428436480
253:0 Write 3784704
253:0 Sync 253952
253:0 Async 2431967232
253:0 Total 2432221184
Total 2432221184
--------------------CPUAC-----------------------
user 2411
system 1954
--------------------MEMCG-----------------------
MEM ONLY  : 953 MB
MEM+SWAP  : 953 MB
cache 717758464
rss 282116096
rss_huge 0
mapped_file 4640768
writeback 0
swap 0
pgpgin 1772837
pgpgout 1528727
pgfault 275765
pgmajfault 934
inactive_anon 141185024
active_anon 141000704
inactive_file 359010304
active_file 358658048
unevictable 4096
hierarchical_memory_limit 999997440
hierarchical_memsw_limit 9223372036854771712
total_cache 717758464
total_rss 282116096
total_rss_huge 0
total_mapped_file 4640768
total_writeback 0
total_swap 0
total_pgpgin 1772837
total_pgpgout 1528727
total_pgfault 275765
total_pgmajfault 934
total_inactive_anon 141185024
total_active_anon 141000704
total_inactive_file 359010304
total_active_file 358658048
total_unevictable 4096
--------------------BLKIO-----------------------
11:0 Read 0
11:0 Write 0
11:0 Sync 0
11:0 Async 0
11:0 Total 0
253:0 Read 2451767296
253:0 Write 3829760
253:0 Sync 253952
253:0 Async 2455343104
253:0 Total 2455597056
Total 2455597056
--------------------CPUAC-----------------------
user 2602
system 2104
--------------------MEMCG-----------------------
MEM ONLY  : 953 MB
MEM+SWAP  : 953 MB
cache 711725056
rss 288256000
rss_huge 0
mapped_file 2875392
writeback 0
swap 0
pgpgin 1968877
pgpgout 1724741
pgfault 277862
pgmajfault 934
inactive_anon 144306176
active_anon 144019456
inactive_file 355823616
active_file 355774464
unevictable 4096
hierarchical_memory_limit 999997440
hierarchical_memsw_limit 9223372036854771712
total_cache 711725056
total_rss 288256000
total_rss_huge 0
total_mapped_file 2875392
total_writeback 0
total_swap 0
total_pgpgin 1968877
total_pgpgout 1724741
total_pgfault 277862
total_pgmajfault 934
total_inactive_anon 144306176
total_active_anon 144019456
total_inactive_file 355823616
total_active_file 355774464
total_unevictable 4096
--------------------BLKIO-----------------------
11:0 Read 0
11:0 Write 0
11:0 Sync 0
11:0 Async 0
11:0 Total 0
253:0 Read 2473734144
253:0 Write 3878912
253:0 Sync 253952
253:0 Async 2477359104
253:0 Total 2477613056
Total 2477613056
--------------------CPUAC-----------------------
user 2877
system 2317
--------------------MEMCG-----------------------
MEM ONLY  : 953 MB
MEM+SWAP  : 953 MB
cache 711753728
rss 288083968
rss_huge 0
mapped_file 2772992
writeback 0
swap 20480
pgpgin 2249018
pgpgout 2004917
pgfault 279024
pgmajfault 935
inactive_anon 145027072
active_anon 143106048
inactive_file 355950592
active_file 355647488
unevictable 4096
hierarchical_memory_limit 999997440
hierarchical_memsw_limit 9223372036854771712
total_cache 711753728
total_rss 288083968
total_rss_huge 0
total_mapped_file 2772992
total_writeback 0
total_swap 20480
total_pgpgin 2249018
total_pgpgout 2004917
total_pgfault 279024
total_pgmajfault 935
total_inactive_anon 145027072
total_active_anon 143106048
total_inactive_file 355950592
total_active_file 355647488
total_unevictable 4096
--------------------BLKIO-----------------------
11:0 Read 0
11:0 Write 0
11:0 Sync 0
11:0 Async 0
11:0 Total 0
253:0 Read 2491596800
253:0 Write 3960832
253:0 Sync 253952
253:0 Async 2495303680
253:0 Total 2495557632
Total 2495557632
--------------------CPUAC-----------------------
user 3228
system 2656
--------------------MEMCG-----------------------
MEM ONLY  : 953 MB
MEM+SWAP  : 953 MB
cache 710918144
rss 288796672
rss_huge 0
mapped_file 3006464
writeback 0
swap 36864
pgpgin 2642018
pgpgout 2397947
pgfault 280304
pgmajfault 947
inactive_anon 144891904
active_anon 143941632
inactive_file 355545088
active_file 355323904
unevictable 4096
hierarchical_memory_limit 999997440
hierarchical_memsw_limit 9223372036854771712
total_cache 710918144
total_rss 288796672
total_rss_huge 0
total_mapped_file 3006464
total_writeback 0
total_swap 36864
total_pgpgin 2642018
total_pgpgout 2397947
total_pgfault 280304
total_pgmajfault 947
total_inactive_anon 144891904
total_active_anon 143941632
total_inactive_file 355545088
total_active_file 355323904
total_unevictable 4096
--------------------BLKIO-----------------------
11:0 Read 0
11:0 Write 0
11:0 Sync 0
11:0 Async 0
11:0 Total 0
253:0 Read 2502602752
253:0 Write 4030464
253:0 Sync 253952
253:0 Async 2506379264
253:0 Total 2506633216
Total 2506633216
--------------------CPUAC-----------------------
user 3743
system 3102
--------------------MEMCG-----------------------
MEM ONLY  : 953 MB
MEM+SWAP  : 953 MB
cache 711806976
rss 288116736
rss_huge 0
mapped_file 2781184
writeback 0
swap 36864
pgpgin 3113919
pgpgout 2869797
pgfault 281634
pgmajfault 957
inactive_anon 144707584
active_anon 143446016
inactive_file 356061184
active_file 355684352
unevictable 4096
hierarchical_memory_limit 999997440
hierarchical_memsw_limit 9223372036854771712
total_cache 711806976
total_rss 288116736
total_rss_huge 0
total_mapped_file 2781184
total_writeback 0
total_swap 36864
total_pgpgin 3113919
total_pgpgout 2869797
total_pgfault 281634
total_pgmajfault 957
total_inactive_anon 144707584
total_active_anon 143446016
total_inactive_file 356061184
total_active_file 355684352
total_unevictable 4096
--------------------BLKIO-----------------------
11:0 Read 0
11:0 Write 0
11:0 Sync 0
11:0 Async 0
11:0 Total 0
253:0 Read 2508255232
253:0 Write 4096000
253:0 Sync 253952
253:0 Async 2512097280
253:0 Total 2512351232
Total 2512351232
--------------------CPUAC-----------------------
user 4322
system 3662
--------------------MEMCG-----------------------
MEM ONLY  : 953 MB
MEM+SWAP  : 953 MB
cache 710578176
rss 289341440
rss_huge 0
mapped_file 2764800
writeback 0
swap 36864
pgpgin 3636367
pgpgout 3392246
pgfault 283588
pgmajfault 960
inactive_anon 145133568
active_anon 144244736
inactive_file 355397632
active_file 355082240
unevictable 4096
hierarchical_memory_limit 999997440
hierarchical_memsw_limit 9223372036854771712
total_cache 710578176
total_rss 289341440
total_rss_huge 0
total_mapped_file 2764800
total_writeback 0
total_swap 36864
total_pgpgin 3636367
total_pgpgout 3392246
total_pgfault 283588
total_pgmajfault 960
total_inactive_anon 145133568
total_active_anon 144244736
total_inactive_file 355397632
total_active_file 355082240
total_unevictable 4096
--------------------BLKIO-----------------------
11:0 Read 0
11:0 Write 0
11:0 Sync 0
11:0 Async 0
11:0 Total 0
253:0 Read 2510139392
253:0 Write 4165632
253:0 Sync 253952
253:0 Async 2514051072
253:0 Total 2514305024
Total 2514305024
--------------------CPUAC-----------------------
user 4954
system 4284
--------------------MEMCG-----------------------
MEM ONLY  : 953 MB
MEM+SWAP  : 953 MB
cache 710844416
rss 289046528
rss_huge 0
mapped_file 2871296
writeback 0
swap 36864
pgpgin 4169506
pgpgout 3925392
pgfault 285135
pgmajfault 972
inactive_anon 144674816
active_anon 144408576
inactive_file 355414016
active_file 355344384
unevictable 4096
hierarchical_memory_limit 999997440
hierarchical_memsw_limit 9223372036854771712
total_cache 710844416
total_rss 289046528
total_rss_huge 0
total_mapped_file 2871296
total_writeback 0
total_swap 36864
total_pgpgin 4169506
total_pgpgout 3925392
total_pgfault 285135
total_pgmajfault 972
total_inactive_anon 144674816
total_active_anon 144408576
total_inactive_file 355414016
total_active_file 355344384
total_unevictable 4096
--------------------BLKIO-----------------------
11:0 Read 0
11:0 Write 0
11:0 Sync 0
11:0 Async 0
11:0 Total 0
253:0 Read 2510827520
253:0 Write 4243456
253:0 Sync 253952
253:0 Async 2514817024
253:0 Total 2515070976
Total 2515070976
--------------------CPUAC-----------------------
user 5630
system 4931
--------------------MEMCG-----------------------
MEM ONLY  : 953 MB
MEM+SWAP  : 953 MB
cache 712577024
rss 287334400
rss_huge 0
mapped_file 2764800
writeback 0
swap 36864
pgpgin 4696709
pgpgout 4452589
pgfault 286419
pgmajfault 975
inactive_anon 144809984
active_anon 142561280
inactive_file 356417536
active_file 356085760
unevictable 4096
hierarchical_memory_limit 999997440
hierarchical_memsw_limit 9223372036854771712
total_cache 712581120
total_rss 287334400
total_rss_huge 0
total_mapped_file 2764800
total_writeback 0
total_swap 36864
total_pgpgin 4696710
total_pgpgout 4452589
total_pgfault 286419
total_pgmajfault 975
total_inactive_anon 144809984
total_active_anon 142561280
total_inactive_file 356417536
total_active_file 356085760
total_unevictable 4096
--------------------BLKIO-----------------------
11:0 Read 0
11:0 Write 0
11:0 Sync 0
11:0 Async 0
11:0 Total 0
253:0 Read 2511081472
253:0 Write 4325376
253:0 Sync 253952
253:0 Async 2515152896
253:0 Total 2515406848
Total 2515406848
--------------------CPUAC-----------------------
user 6316
system 5536
--------------------MEMCG-----------------------
MEM ONLY  : 953 MB
MEM+SWAP  : 953 MB
cache 711094272
rss 288595968
rss_huge 0
mapped_file 2682880
writeback 0
swap 36864
pgpgin 5222709
pgpgout 4978644
pgfault 288235
pgmajfault 977
inactive_anon 144371712
active_anon 144261120
inactive_file 355631104
active_file 355368960
unevictable 4096
hierarchical_memory_limit 999997440
hierarchical_memsw_limit 9223372036854771712
total_cache 711094272
total_rss 288595968
total_rss_huge 0
total_mapped_file 2682880
total_writeback 0
total_swap 36864
total_pgpgin 5222709
total_pgpgout 4978644
total_pgfault 288235
total_pgmajfault 977
total_inactive_anon 144371712
total_active_anon 144261120
total_inactive_file 355631104
total_active_file 355368960
total_unevictable 4096
--------------------BLKIO-----------------------
11:0 Read 0
11:0 Write 0
11:0 Sync 0
11:0 Async 0
11:0 Total 0
253:0 Read 2511097856
253:0 Write 4415488
253:0 Sync 253952
253:0 Async 2515259392
253:0 Total 2515513344
Total 2515513344
--------------------CPUAC-----------------------
user 6968
system 6158
--------------------MEMCG-----------------------
MEM ONLY  : 953 MB
MEM+SWAP  : 953 MB
cache 710705152
rss 289251328
rss_huge 0
mapped_file 2891776
writeback 0
swap 36864
pgpgin 5764063
pgpgout 5519933
pgfault 289915
pgmajfault 993
inactive_anon 145158144
active_anon 144130048
inactive_file 355414016
active_file 355233792
unevictable 4096
hierarchical_memory_limit 999997440
hierarchical_memsw_limit 9223372036854771712
total_cache 710705152
total_rss 289251328
total_rss_huge 0
total_mapped_file 2891776
total_writeback 0
total_swap 36864
total_pgpgin 5764063
total_pgpgout 5519933
total_pgfault 289915
total_pgmajfault 993
total_inactive_anon 145158144
total_active_anon 144130048
total_inactive_file 355414016
total_active_file 355233792
total_unevictable 4096
--------------------BLKIO-----------------------
11:0 Read 0
11:0 Write 0
11:0 Sync 0
11:0 Async 0
11:0 Total 0
253:0 Read 2511101952
253:0 Write 4460544
253:0 Sync 253952
253:0 Async 2515308544
253:0 Total 2515562496
Total 2515562496
--------------------CPUAC-----------------------
user 7652
system 6784
--------------------MEMCG-----------------------
MEM ONLY  : 953 MB
MEM+SWAP  : 953 MB
cache 710238208
rss 289714176
rss_huge 0
mapped_file 6422528
writeback 0
swap 36864
pgpgin 6336193
pgpgout 6092064
pgfault 305746
pgmajfault 1127
inactive_anon 145641472
active_anon 144109568
inactive_file 355213312
active_file 354959360
unevictable 4096
hierarchical_memory_limit 999997440
hierarchical_memsw_limit 9223372036854771712
total_cache 710238208
total_rss 289714176
total_rss_huge 0
total_mapped_file 6422528
total_writeback 0
total_swap 36864
total_pgpgin 6336193
total_pgpgout 6092064
total_pgfault 305746
total_pgmajfault 1127
total_inactive_anon 145641472
total_active_anon 144109568
total_inactive_file 355213312
total_active_file 354959360
total_unevictable 4096
--------------------BLKIO-----------------------
11:0 Read 0
11:0 Write 0
11:0 Sync 0
11:0 Async 0
11:0 Total 0
253:0 Read 2514956288
253:0 Write 7294976
253:0 Sync 905216
253:0 Async 2521346048
253:0 Total 2522251264
Total 2522251264
--------------------CPUAC-----------------------
user 8470
system 7614
--------------------MEMCG-----------------------
MEM ONLY  : 953 MB
MEM+SWAP  : 953 MB
cache 710041600
rss 289771520
rss_huge 0
mapped_file 2797568
writeback 0
swap 36864
pgpgin 6844103
pgpgout 6600008
pgfault 307209
pgmajfault 1129
inactive_anon 145006592
active_anon 144801792
inactive_file 355172352
active_file 354816000
unevictable 4096
hierarchical_memory_limit 999997440
hierarchical_memsw_limit 9223372036854771712
total_cache 710041600
total_rss 289771520
total_rss_huge 0
total_mapped_file 2797568
total_writeback 0
total_swap 36864
total_pgpgin 6844103
total_pgpgout 6600008
total_pgfault 307209
total_pgmajfault 1129
total_inactive_anon 145006592
total_active_anon 144801792
total_inactive_file 355172352
total_active_file 354816000
total_unevictable 4096
--------------------BLKIO-----------------------
11:0 Read 0
11:0 Write 0
11:0 Sync 0
11:0 Async 0
11:0 Total 0
253:0 Read 2514960384
253:0 Write 7294976
253:0 Sync 905216
253:0 Async 2521350144
253:0 Total 2522255360
Total 2522255360
--------------------CPUAC-----------------------
user 9146
system 8239
--------------------MEMCG-----------------------
MEM ONLY  : 953 MB
MEM+SWAP  : 953 MB
cache 710025216
rss 289873920
rss_huge 0
mapped_file 5021696
writeback 0
swap 36864
pgpgin 7709425
pgpgout 7465309
pgfault 311043
pgmajfault 1219
inactive_anon 145047552
active_anon 144863232
inactive_file 355074048
active_file 354885632
unevictable 4096
hierarchical_memory_limit 999997440
hierarchical_memsw_limit 9223372036854771712
total_cache 710025216
total_rss 289873920
total_rss_huge 0
total_mapped_file 5021696
total_writeback 0
total_swap 36864
total_pgpgin 7709425
total_pgpgout 7465309
total_pgfault 311043
total_pgmajfault 1219
total_inactive_anon 145047552
total_active_anon 144863232
total_inactive_file 355074048
total_active_file 354885632
total_unevictable 4096
--------------------BLKIO-----------------------
11:0 Read 0
11:0 Write 0
11:0 Sync 0
11:0 Async 0
11:0 Total 0
253:0 Read 2514964480
253:0 Write 7716864
253:0 Sync 905216
253:0 Async 2521776128
253:0 Total 2522681344
Total 2522681344
--------------------CPUAC-----------------------
user 10403
system 9369
--------------------MEMCG-----------------------
MEM ONLY  : 953 MB
MEM+SWAP  : 953 MB
cache 711688192
rss 288108544
rss_huge 0
mapped_file 2834432
writeback 0
swap 36864
pgpgin 8212085
pgpgout 7967994
pgfault 311605
pgmajfault 1222
inactive_anon 144723968
active_anon 143421440
inactive_file 355880960
active_file 355721216
unevictable 4096
hierarchical_memory_limit 999997440
hierarchical_memsw_limit 9223372036854771712
total_cache 711688192
total_rss 288108544
total_rss_huge 0
total_mapped_file 2834432
total_writeback 0
total_swap 36864
total_pgpgin 8212085
total_pgpgout 7967994
total_pgfault 311605
total_pgmajfault 1222
total_inactive_anon 144723968
total_active_anon 143421440
total_inactive_file 355880960
total_active_file 355721216
total_unevictable 4096
--------------------BLKIO-----------------------
11:0 Read 0
11:0 Write 0
11:0 Sync 0
11:0 Async 0
11:0 Total 0
253:0 Read 2515017728
253:0 Write 7757824
253:0 Sync 905216
253:0 Async 2521870336
253:0 Total 2522775552
Total 2522775552
--------------------CPUAC-----------------------
user 11080
system 9966
--------------------MEMCG-----------------------
MEM ONLY  : 953 MB
MEM+SWAP  : 953 MB
cache 710483968
rss 289296384
rss_huge 0
mapped_file 2977792
writeback 0
swap 36864
pgpgin 8714334
pgpgout 8470247
pgfault 313368
pgmajfault 1233
inactive_anon 144904192
active_anon 144429056
inactive_file 355229696
active_file 355192832
unevictable 4096
hierarchical_memory_limit 999997440
hierarchical_memsw_limit 9223372036854771712
total_cache 710483968
total_rss 289296384
total_rss_huge 0
total_mapped_file 2977792
total_writeback 0
total_swap 36864
total_pgpgin 8714334
total_pgpgout 8470247
total_pgfault 313368
total_pgmajfault 1233
total_inactive_anon 144904192
total_active_anon 144429056
total_inactive_file 355229696
total_active_file 355192832
total_unevictable 4096
--------------------BLKIO-----------------------
11:0 Read 0
11:0 Write 0
11:0 Sync 0
11:0 Async 0
11:0 Total 0
253:0 Read 2515156992
253:0 Write 7782400
253:0 Sync 905216
253:0 Async 2522034176
253:0 Total 2522939392
Total 2522939392
--------------------CPUAC-----------------------
user 11771
system 10565
--------------------MEMCG-----------------------
MEM ONLY  : 953 MB
MEM+SWAP  : 953 MB
cache 712495104
rss 287399936
rss_huge 0
mapped_file 2727936
writeback 0
swap 36864
pgpgin 9206391
pgpgout 8962276
pgfault 314785
pgmajfault 1235
inactive_anon 143949824
active_anon 143486976
inactive_file 356360192
active_file 356073472
unevictable 4096
hierarchical_memory_limit 999997440
hierarchical_memsw_limit 9223372036854771712
total_cache 712495104
total_rss 287399936
total_rss_huge 0
total_mapped_file 2727936
total_writeback 0
total_swap 36864
total_pgpgin 9206391
total_pgpgout 8962276
total_pgfault 314785
total_pgmajfault 1235
total_inactive_anon 143949824
total_active_anon 143486976
total_inactive_file 356360192
total_active_file 356073472
total_unevictable 4096
--------------------BLKIO-----------------------
11:0 Read 0
11:0 Write 0
11:0 Sync 0
11:0 Async 0
11:0 Total 0
253:0 Read 2515161088
253:0 Write 7794688
253:0 Sync 905216
253:0 Async 2522050560
253:0 Total 2522955776
Total 2522955776
--------------------CPUAC-----------------------
user 12431
system 11175
--------------------MEMCG-----------------------
MEM ONLY  : 953 MB
MEM+SWAP  : 953 MB
cache 711696384
rss 288223232
rss_huge 0
mapped_file 2895872
writeback 0
swap 36864
pgpgin 9723200
pgpgout 9479079
pgfault 317014
pgmajfault 1240
inactive_anon 144658432
active_anon 143601664
inactive_file 355983360
active_file 355622912
unevictable 4096
hierarchical_memory_limit 999997440
hierarchical_memsw_limit 9223372036854771712
total_cache 711696384
total_rss 288223232
total_rss_huge 0
total_mapped_file 2895872
total_writeback 0
total_swap 36864
total_pgpgin 9723200
total_pgpgout 9479079
total_pgfault 317014
total_pgmajfault 1240
total_inactive_anon 144658432
total_active_anon 143601664
total_inactive_file 355983360
total_active_file 355622912
total_unevictable 4096
--------------------BLKIO-----------------------
11:0 Read 0
11:0 Write 0
11:0 Sync 0
11:0 Async 0
11:0 Total 0
253:0 Read 2515161088
253:0 Write 7819264
253:0 Sync 905216
253:0 Async 2522075136
253:0 Total 2522980352
Total 2522980352
--------------------CPUAC-----------------------
user 13096
system 11793
--------------------MEMCG-----------------------
MEM ONLY  : 953 MB
MEM+SWAP  : 953 MB
cache 711442432
rss 288346112
rss_huge 0
mapped_file 2875392
writeback 0
swap 36864
pgpgin 10259732
pgpgout 10015643
pgfault 319076
pgmajfault 1247
inactive_anon 144535552
active_anon 143847424
inactive_file 355799040
active_file 355549184
unevictable 4096
hierarchical_memory_limit 999997440
hierarchical_memsw_limit 9223372036854771712
total_cache 711442432
total_rss 288346112
total_rss_huge 0
total_mapped_file 2875392
total_writeback 0
total_swap 36864
total_pgpgin 10259732
total_pgpgout 10015643
total_pgfault 319076
total_pgmajfault 1247
total_inactive_anon 144535552
total_active_anon 143847424
total_inactive_file 355799040
total_active_file 355549184
total_unevictable 4096
--------------------BLKIO-----------------------
11:0 Read 0
11:0 Write 0
11:0 Sync 0
11:0 Async 0
11:0 Total 0
253:0 Read 2515161088
253:0 Write 7852032
253:0 Sync 905216
253:0 Async 2522107904
253:0 Total 2523013120
Total 2523013120
--------------------CPUAC-----------------------
user 13799
system 12422
