--------------------MEMCG-----------------------
MEM ONLY  : 28 MB
MEM+SWAP  : 28 MB
cache 22097920
rss 7319552
rss_huge 0
mapped_file 8032256
writeback 0
swap 0
pgpgin 77834
pgpgout 70652
pgfault 174841
pgmajfault 183
inactive_anon 45056
active_anon 7348224
inactive_file 10686464
active_file 11337728
unevictable 0
hierarchical_memory_limit 999997440
hierarchical_memsw_limit 9223372036854771712
total_cache 22097920
total_rss 7319552
total_rss_huge 0
total_mapped_file 8032256
total_writeback 0
total_swap 0
total_pgpgin 77834
total_pgpgout 70652
total_pgfault 174841
total_pgmajfault 183
total_inactive_anon 45056
total_active_anon 7348224
total_inactive_file 10686464
total_active_file 11337728
total_unevictable 0
--------------------BLKIO-----------------------
11:0 Read 0
11:0 Write 0
11:0 Sync 0
11:0 Async 0
11:0 Total 0
253:0 Read 21913600
253:0 Write 249856
253:0 Sync 0
253:0 Async 22163456
253:0 Total 22163456
Total 22163456
--------------------CPUAC-----------------------
user 42
system 83
--------------------MEMCG-----------------------
MEM ONLY  : 27 MB
MEM+SWAP  : 27 MB
cache 22093824
rss 6778880
rss_huge 0
mapped_file 7802880
writeback 0
swap 0
pgpgin 78037
pgpgout 70988
pgfault 175295
pgmajfault 183
inactive_anon 40960
active_anon 6807552
inactive_file 9965568
active_file 12058624
unevictable 0
hierarchical_memory_limit 999997440
hierarchical_memsw_limit 9223372036854771712
total_cache 22093824
total_rss 6778880
total_rss_huge 0
total_mapped_file 7802880
total_writeback 0
total_swap 0
total_pgpgin 78037
total_pgpgout 70988
total_pgfault 175295
total_pgmajfault 183
total_inactive_anon 40960
total_active_anon 6807552
total_inactive_file 9965568
total_active_file 12058624
total_unevictable 0
--------------------BLKIO-----------------------
11:0 Read 0
11:0 Write 0
11:0 Sync 0
11:0 Async 0
11:0 Total 0
253:0 Read 21913600
253:0 Write 249856
253:0 Sync 0
253:0 Async 22163456
253:0 Total 22163456
Total 22163456
--------------------CPUAC-----------------------
user 43
system 83
--------------------MEMCG-----------------------
MEM ONLY  : 27 MB
MEM+SWAP  : 27 MB
cache 22093824
rss 6512640
rss_huge 0
mapped_file 7663616
writeback 0
swap 0
pgpgin 78037
pgpgout 71053
pgfault 175302
pgmajfault 183
inactive_anon 40960
active_anon 6541312
inactive_file 9945088
active_file 12079104
unevictable 0
hierarchical_memory_limit 999997440
hierarchical_memsw_limit 9223372036854771712
total_cache 22093824
total_rss 6512640
total_rss_huge 0
total_mapped_file 7663616
total_writeback 0
total_swap 0
total_pgpgin 78037
total_pgpgout 71053
total_pgfault 175302
total_pgmajfault 183
total_inactive_anon 40960
total_active_anon 6541312
total_inactive_file 9945088
total_active_file 12079104
total_unevictable 0
--------------------BLKIO-----------------------
11:0 Read 0
11:0 Write 0
11:0 Sync 0
11:0 Async 0
11:0 Total 0
253:0 Read 21913600
253:0 Write 249856
253:0 Sync 0
253:0 Async 22163456
253:0 Total 22163456
Total 22163456
--------------------CPUAC-----------------------
user 43
system 83
--------------------MEMCG-----------------------
MEM ONLY  : 27 MB
MEM+SWAP  : 27 MB
cache 22093824
rss 6512640
rss_huge 0
mapped_file 7663616
writeback 0
swap 0
pgpgin 78037
pgpgout 71053
pgfault 175302
pgmajfault 183
inactive_anon 40960
active_anon 6541312
inactive_file 9945088
active_file 12079104
unevictable 0
hierarchical_memory_limit 999997440
hierarchical_memsw_limit 9223372036854771712
total_cache 22093824
total_rss 6512640
total_rss_huge 0
total_mapped_file 7663616
total_writeback 0
total_swap 0
total_pgpgin 78037
total_pgpgout 71053
total_pgfault 175302
total_pgmajfault 183
total_inactive_anon 40960
total_active_anon 6541312
total_inactive_file 9945088
total_active_file 12079104
total_unevictable 0
--------------------BLKIO-----------------------
11:0 Read 0
11:0 Write 0
11:0 Sync 0
11:0 Async 0
11:0 Total 0
253:0 Read 21913600
253:0 Write 249856
253:0 Sync 0
253:0 Async 22163456
253:0 Total 22163456
Total 22163456
--------------------CPUAC-----------------------
user 43
system 83
--------------------MEMCG-----------------------
MEM ONLY  : 27 MB
MEM+SWAP  : 27 MB
cache 22093824
rss 6512640
rss_huge 0
mapped_file 7663616
writeback 0
swap 0
pgpgin 78037
pgpgout 71053
pgfault 175302
pgmajfault 183
inactive_anon 40960
active_anon 6541312
inactive_file 9945088
active_file 12079104
unevictable 0
hierarchical_memory_limit 999997440
hierarchical_memsw_limit 9223372036854771712
total_cache 22093824
total_rss 6512640
total_rss_huge 0
total_mapped_file 7663616
total_writeback 0
total_swap 0
total_pgpgin 78037
total_pgpgout 71053
total_pgfault 175302
total_pgmajfault 183
total_inactive_anon 40960
total_active_anon 6541312
total_inactive_file 9945088
total_active_file 12079104
total_unevictable 0
--------------------BLKIO-----------------------
11:0 Read 0
11:0 Write 0
11:0 Sync 0
11:0 Async 0
11:0 Total 0
253:0 Read 21913600
253:0 Write 249856
253:0 Sync 0
253:0 Async 22163456
253:0 Total 22163456
Total 22163456
--------------------CPUAC-----------------------
user 43
system 83
--------------------MEMCG-----------------------
MEM ONLY  : 27 MB
MEM+SWAP  : 27 MB
cache 22093824
rss 6512640
rss_huge 0
mapped_file 7663616
writeback 0
swap 0
pgpgin 78037
pgpgout 71053
pgfault 175302
pgmajfault 183
inactive_anon 40960
active_anon 6541312
inactive_file 9945088
active_file 12079104
unevictable 0
hierarchical_memory_limit 999997440
hierarchical_memsw_limit 9223372036854771712
total_cache 22093824
total_rss 6512640
total_rss_huge 0
total_mapped_file 7663616
total_writeback 0
total_swap 0
total_pgpgin 78037
total_pgpgout 71053
total_pgfault 175302
total_pgmajfault 183
total_inactive_anon 40960
total_active_anon 6541312
total_inactive_file 9945088
total_active_file 12079104
total_unevictable 0
--------------------BLKIO-----------------------
11:0 Read 0
11:0 Write 0
11:0 Sync 0
11:0 Async 0
11:0 Total 0
253:0 Read 21913600
253:0 Write 249856
253:0 Sync 0
253:0 Async 22163456
253:0 Total 22163456
Total 22163456
--------------------CPUAC-----------------------
user 43
system 83
--------------------MEMCG-----------------------
MEM ONLY  : 27 MB
MEM+SWAP  : 27 MB
cache 22093824
rss 6512640
rss_huge 0
mapped_file 7663616
writeback 0
swap 0
pgpgin 78037
pgpgout 71053
pgfault 175302
pgmajfault 183
inactive_anon 40960
active_anon 6541312
inactive_file 9945088
active_file 12079104
unevictable 0
hierarchical_memory_limit 999997440
hierarchical_memsw_limit 9223372036854771712
total_cache 22093824
total_rss 6512640
total_rss_huge 0
total_mapped_file 7663616
total_writeback 0
total_swap 0
total_pgpgin 78037
total_pgpgout 71053
total_pgfault 175302
total_pgmajfault 183
total_inactive_anon 40960
total_active_anon 6541312
total_inactive_file 9945088
total_active_file 12079104
total_unevictable 0
--------------------BLKIO-----------------------
11:0 Read 0
11:0 Write 0
11:0 Sync 0
11:0 Async 0
11:0 Total 0
253:0 Read 21913600
253:0 Write 249856
253:0 Sync 0
253:0 Async 22163456
253:0 Total 22163456
Total 22163456
--------------------CPUAC-----------------------
user 43
system 83
--------------------MEMCG-----------------------
MEM ONLY  : 27 MB
MEM+SWAP  : 27 MB
cache 22093824
rss 6512640
rss_huge 0
mapped_file 7663616
writeback 0
swap 0
pgpgin 78037
pgpgout 71053
pgfault 175302
pgmajfault 183
inactive_anon 40960
active_anon 6541312
inactive_file 9945088
active_file 12079104
unevictable 0
hierarchical_memory_limit 999997440
hierarchical_memsw_limit 9223372036854771712
total_cache 22093824
total_rss 6512640
total_rss_huge 0
total_mapped_file 7663616
total_writeback 0
total_swap 0
total_pgpgin 78037
total_pgpgout 71053
total_pgfault 175302
total_pgmajfault 183
total_inactive_anon 40960
total_active_anon 6541312
total_inactive_file 9945088
total_active_file 12079104
total_unevictable 0
--------------------BLKIO-----------------------
11:0 Read 0
11:0 Write 0
11:0 Sync 0
11:0 Async 0
11:0 Total 0
253:0 Read 21913600
253:0 Write 249856
253:0 Sync 0
253:0 Async 22163456
253:0 Total 22163456
Total 22163456
--------------------CPUAC-----------------------
user 43
system 83
--------------------MEMCG-----------------------
MEM ONLY  : 27 MB
MEM+SWAP  : 27 MB
cache 22093824
rss 6512640
rss_huge 0
mapped_file 7663616
writeback 0
swap 0
pgpgin 78037
pgpgout 71053
pgfault 175302
pgmajfault 183
inactive_anon 40960
active_anon 6541312
inactive_file 9945088
active_file 12079104
unevictable 0
hierarchical_memory_limit 999997440
hierarchical_memsw_limit 9223372036854771712
total_cache 22093824
total_rss 6512640
total_rss_huge 0
total_mapped_file 7663616
total_writeback 0
total_swap 0
total_pgpgin 78037
total_pgpgout 71053
total_pgfault 175302
total_pgmajfault 183
total_inactive_anon 40960
total_active_anon 6541312
total_inactive_file 9945088
total_active_file 12079104
total_unevictable 0
--------------------BLKIO-----------------------
11:0 Read 0
11:0 Write 0
11:0 Sync 0
11:0 Async 0
11:0 Total 0
253:0 Read 21913600
253:0 Write 249856
253:0 Sync 0
253:0 Async 22163456
253:0 Total 22163456
Total 22163456
--------------------CPUAC-----------------------
user 43
system 83
--------------------MEMCG-----------------------
MEM ONLY  : 27 MB
MEM+SWAP  : 27 MB
cache 22093824
rss 6512640
rss_huge 0
mapped_file 7663616
writeback 0
swap 0
pgpgin 78037
pgpgout 71053
pgfault 175302
pgmajfault 183
inactive_anon 40960
active_anon 6541312
inactive_file 9945088
active_file 12079104
unevictable 0
hierarchical_memory_limit 999997440
hierarchical_memsw_limit 9223372036854771712
total_cache 22093824
total_rss 6512640
total_rss_huge 0
total_mapped_file 7663616
total_writeback 0
total_swap 0
total_pgpgin 78037
total_pgpgout 71053
total_pgfault 175302
total_pgmajfault 183
total_inactive_anon 40960
total_active_anon 6541312
total_inactive_file 9945088
total_active_file 12079104
total_unevictable 0
--------------------BLKIO-----------------------
11:0 Read 0
11:0 Write 0
11:0 Sync 0
11:0 Async 0
11:0 Total 0
253:0 Read 21913600
253:0 Write 249856
253:0 Sync 0
253:0 Async 22163456
253:0 Total 22163456
Total 22163456
--------------------CPUAC-----------------------
user 43
system 83
--------------------MEMCG-----------------------
MEM ONLY  : 27 MB
MEM+SWAP  : 27 MB
cache 22093824
rss 6512640
rss_huge 0
mapped_file 7663616
writeback 0
swap 0
pgpgin 78037
pgpgout 71053
pgfault 175302
pgmajfault 183
inactive_anon 40960
active_anon 6541312
inactive_file 9945088
active_file 12079104
unevictable 0
hierarchical_memory_limit 999997440
hierarchical_memsw_limit 9223372036854771712
total_cache 22093824
total_rss 6512640
total_rss_huge 0
total_mapped_file 7663616
total_writeback 0
total_swap 0
total_pgpgin 78037
total_pgpgout 71053
total_pgfault 175302
total_pgmajfault 183
total_inactive_anon 40960
total_active_anon 6541312
total_inactive_file 9945088
total_active_file 12079104
total_unevictable 0
--------------------BLKIO-----------------------
11:0 Read 0
11:0 Write 0
11:0 Sync 0
11:0 Async 0
11:0 Total 0
253:0 Read 21913600
253:0 Write 249856
253:0 Sync 0
253:0 Async 22163456
253:0 Total 22163456
Total 22163456
--------------------CPUAC-----------------------
user 43
system 83
--------------------MEMCG-----------------------
MEM ONLY  : 27 MB
MEM+SWAP  : 27 MB
cache 22093824
rss 6512640
rss_huge 0
mapped_file 7663616
writeback 0
swap 0
pgpgin 78037
pgpgout 71053
pgfault 175302
pgmajfault 183
inactive_anon 40960
active_anon 6541312
inactive_file 9945088
active_file 12079104
unevictable 0
hierarchical_memory_limit 999997440
hierarchical_memsw_limit 9223372036854771712
total_cache 22093824
total_rss 6512640
total_rss_huge 0
total_mapped_file 7663616
total_writeback 0
total_swap 0
total_pgpgin 78037
total_pgpgout 71053
total_pgfault 175302
total_pgmajfault 183
total_inactive_anon 40960
total_active_anon 6541312
total_inactive_file 9945088
total_active_file 12079104
total_unevictable 0
--------------------BLKIO-----------------------
11:0 Read 0
11:0 Write 0
11:0 Sync 0
11:0 Async 0
11:0 Total 0
253:0 Read 21913600
253:0 Write 249856
253:0 Sync 0
253:0 Async 22163456
253:0 Total 22163456
Total 22163456
--------------------CPUAC-----------------------
user 43
system 83
--------------------MEMCG-----------------------
MEM ONLY  : 27 MB
MEM+SWAP  : 27 MB
cache 22093824
rss 6512640
rss_huge 0
mapped_file 7663616
writeback 0
swap 0
pgpgin 78037
pgpgout 71053
pgfault 175302
pgmajfault 183
inactive_anon 40960
active_anon 6541312
inactive_file 9945088
active_file 12079104
unevictable 0
hierarchical_memory_limit 999997440
hierarchical_memsw_limit 9223372036854771712
total_cache 22093824
total_rss 6512640
total_rss_huge 0
total_mapped_file 7663616
total_writeback 0
total_swap 0
total_pgpgin 78037
total_pgpgout 71053
total_pgfault 175302
total_pgmajfault 183
total_inactive_anon 40960
total_active_anon 6541312
total_inactive_file 9945088
total_active_file 12079104
total_unevictable 0
--------------------BLKIO-----------------------
11:0 Read 0
11:0 Write 0
11:0 Sync 0
11:0 Async 0
11:0 Total 0
253:0 Read 21913600
253:0 Write 249856
253:0 Sync 0
253:0 Async 22163456
253:0 Total 22163456
Total 22163456
--------------------CPUAC-----------------------
user 43
system 83
--------------------MEMCG-----------------------
MEM ONLY  : 27 MB
MEM+SWAP  : 27 MB
cache 22093824
rss 6512640
rss_huge 0
mapped_file 7663616
writeback 0
swap 0
pgpgin 78037
pgpgout 71053
pgfault 175302
pgmajfault 183
inactive_anon 40960
active_anon 6541312
inactive_file 9945088
active_file 12079104
unevictable 0
hierarchical_memory_limit 999997440
hierarchical_memsw_limit 9223372036854771712
total_cache 22093824
total_rss 6512640
total_rss_huge 0
total_mapped_file 7663616
total_writeback 0
total_swap 0
total_pgpgin 78037
total_pgpgout 71053
total_pgfault 175302
total_pgmajfault 183
total_inactive_anon 40960
total_active_anon 6541312
total_inactive_file 9945088
total_active_file 12079104
total_unevictable 0
--------------------BLKIO-----------------------
11:0 Read 0
11:0 Write 0
11:0 Sync 0
11:0 Async 0
11:0 Total 0
253:0 Read 21913600
253:0 Write 249856
253:0 Sync 0
253:0 Async 22163456
253:0 Total 22163456
Total 22163456
--------------------CPUAC-----------------------
user 43
system 83
--------------------MEMCG-----------------------
MEM ONLY  : 27 MB
MEM+SWAP  : 27 MB
cache 22093824
rss 6512640
rss_huge 0
mapped_file 7663616
writeback 0
swap 0
pgpgin 78037
pgpgout 71053
pgfault 175302
pgmajfault 183
inactive_anon 40960
active_anon 6541312
inactive_file 9945088
active_file 12079104
unevictable 0
hierarchical_memory_limit 999997440
hierarchical_memsw_limit 9223372036854771712
total_cache 22093824
total_rss 6512640
total_rss_huge 0
total_mapped_file 7663616
total_writeback 0
total_swap 0
total_pgpgin 78037
total_pgpgout 71053
total_pgfault 175302
total_pgmajfault 183
total_inactive_anon 40960
total_active_anon 6541312
total_inactive_file 9945088
total_active_file 12079104
total_unevictable 0
--------------------BLKIO-----------------------
11:0 Read 0
11:0 Write 0
11:0 Sync 0
11:0 Async 0
11:0 Total 0
253:0 Read 21913600
253:0 Write 249856
253:0 Sync 0
253:0 Async 22163456
253:0 Total 22163456
Total 22163456
--------------------CPUAC-----------------------
user 43
system 83
--------------------MEMCG-----------------------
MEM ONLY  : 27 MB
MEM+SWAP  : 27 MB
cache 22093824
rss 6512640
rss_huge 0
mapped_file 7663616
writeback 0
swap 0
pgpgin 78037
pgpgout 71053
pgfault 175302
pgmajfault 183
inactive_anon 40960
active_anon 6541312
inactive_file 9945088
active_file 12079104
unevictable 0
hierarchical_memory_limit 999997440
hierarchical_memsw_limit 9223372036854771712
total_cache 22093824
total_rss 6512640
total_rss_huge 0
total_mapped_file 7663616
total_writeback 0
total_swap 0
total_pgpgin 78037
total_pgpgout 71053
total_pgfault 175302
total_pgmajfault 183
total_inactive_anon 40960
total_active_anon 6541312
total_inactive_file 9945088
total_active_file 12079104
total_unevictable 0
--------------------BLKIO-----------------------
11:0 Read 0
11:0 Write 0
11:0 Sync 0
11:0 Async 0
11:0 Total 0
253:0 Read 21913600
253:0 Write 249856
253:0 Sync 0
253:0 Async 22163456
253:0 Total 22163456
Total 22163456
--------------------CPUAC-----------------------
user 43
system 83
--------------------MEMCG-----------------------
MEM ONLY  : 27 MB
MEM+SWAP  : 27 MB
cache 22093824
rss 6512640
rss_huge 0
mapped_file 7663616
writeback 0
swap 0
pgpgin 78037
pgpgout 71053
pgfault 175302
pgmajfault 183
inactive_anon 40960
active_anon 6541312
inactive_file 9945088
active_file 12079104
unevictable 0
hierarchical_memory_limit 999997440
hierarchical_memsw_limit 9223372036854771712
total_cache 22093824
total_rss 6512640
total_rss_huge 0
total_mapped_file 7663616
total_writeback 0
total_swap 0
total_pgpgin 78037
total_pgpgout 71053
total_pgfault 175302
total_pgmajfault 183
total_inactive_anon 40960
total_active_anon 6541312
total_inactive_file 9945088
total_active_file 12079104
total_unevictable 0
--------------------BLKIO-----------------------
11:0 Read 0
11:0 Write 0
11:0 Sync 0
11:0 Async 0
11:0 Total 0
253:0 Read 21913600
253:0 Write 249856
253:0 Sync 0
253:0 Async 22163456
253:0 Total 22163456
Total 22163456
--------------------CPUAC-----------------------
user 43
system 83
--------------------MEMCG-----------------------
MEM ONLY  : 27 MB
MEM+SWAP  : 27 MB
cache 22093824
rss 6512640
rss_huge 0
mapped_file 7663616
writeback 0
swap 0
pgpgin 78037
pgpgout 71053
pgfault 175302
pgmajfault 183
inactive_anon 40960
active_anon 6541312
inactive_file 9945088
active_file 12079104
unevictable 0
hierarchical_memory_limit 999997440
hierarchical_memsw_limit 9223372036854771712
total_cache 22093824
total_rss 6512640
total_rss_huge 0
total_mapped_file 7663616
total_writeback 0
total_swap 0
total_pgpgin 78037
total_pgpgout 71053
total_pgfault 175302
total_pgmajfault 183
total_inactive_anon 40960
total_active_anon 6541312
total_inactive_file 9945088
total_active_file 12079104
total_unevictable 0
--------------------BLKIO-----------------------
11:0 Read 0
11:0 Write 0
11:0 Sync 0
11:0 Async 0
11:0 Total 0
253:0 Read 21913600
253:0 Write 249856
253:0 Sync 0
253:0 Async 22163456
253:0 Total 22163456
Total 22163456
--------------------CPUAC-----------------------
user 43
system 83
--------------------MEMCG-----------------------
MEM ONLY  : 27 MB
MEM+SWAP  : 27 MB
cache 22093824
rss 6512640
rss_huge 0
mapped_file 7663616
writeback 0
swap 0
pgpgin 78037
pgpgout 71053
pgfault 175302
pgmajfault 183
inactive_anon 40960
active_anon 6541312
inactive_file 9945088
active_file 12079104
unevictable 0
hierarchical_memory_limit 999997440
hierarchical_memsw_limit 9223372036854771712
total_cache 22093824
total_rss 6512640
total_rss_huge 0
total_mapped_file 7663616
total_writeback 0
total_swap 0
total_pgpgin 78037
total_pgpgout 71053
total_pgfault 175302
total_pgmajfault 183
total_inactive_anon 40960
total_active_anon 6541312
total_inactive_file 9945088
total_active_file 12079104
total_unevictable 0
--------------------BLKIO-----------------------
11:0 Read 0
11:0 Write 0
11:0 Sync 0
11:0 Async 0
11:0 Total 0
253:0 Read 21913600
253:0 Write 249856
253:0 Sync 0
253:0 Async 22163456
253:0 Total 22163456
Total 22163456
--------------------CPUAC-----------------------
user 43
system 83
--------------------MEMCG-----------------------
MEM ONLY  : 27 MB
MEM+SWAP  : 27 MB
cache 22093824
rss 6512640
rss_huge 0
mapped_file 7663616
writeback 0
swap 0
pgpgin 78037
pgpgout 71053
pgfault 175302
pgmajfault 183
inactive_anon 40960
active_anon 6541312
inactive_file 9945088
active_file 12079104
unevictable 0
hierarchical_memory_limit 999997440
hierarchical_memsw_limit 9223372036854771712
total_cache 22093824
total_rss 6512640
total_rss_huge 0
total_mapped_file 7663616
total_writeback 0
total_swap 0
total_pgpgin 78037
total_pgpgout 71053
total_pgfault 175302
total_pgmajfault 183
total_inactive_anon 40960
total_active_anon 6541312
total_inactive_file 9945088
total_active_file 12079104
total_unevictable 0
--------------------BLKIO-----------------------
11:0 Read 0
11:0 Write 0
11:0 Sync 0
11:0 Async 0
11:0 Total 0
253:0 Read 21913600
253:0 Write 249856
253:0 Sync 0
253:0 Async 22163456
253:0 Total 22163456
Total 22163456
--------------------CPUAC-----------------------
user 43
system 83
--------------------MEMCG-----------------------
MEM ONLY  : 27 MB
MEM+SWAP  : 27 MB
cache 22093824
rss 6512640
rss_huge 0
mapped_file 7663616
writeback 0
swap 0
pgpgin 78037
pgpgout 71053
pgfault 175302
pgmajfault 183
inactive_anon 40960
active_anon 6541312
inactive_file 9945088
active_file 12079104
unevictable 0
hierarchical_memory_limit 999997440
hierarchical_memsw_limit 9223372036854771712
total_cache 22093824
total_rss 6512640
total_rss_huge 0
total_mapped_file 7663616
total_writeback 0
total_swap 0
total_pgpgin 78037
total_pgpgout 71053
total_pgfault 175302
total_pgmajfault 183
total_inactive_anon 40960
total_active_anon 6541312
total_inactive_file 9945088
total_active_file 12079104
total_unevictable 0
--------------------BLKIO-----------------------
11:0 Read 0
11:0 Write 0
11:0 Sync 0
11:0 Async 0
11:0 Total 0
253:0 Read 21913600
253:0 Write 249856
253:0 Sync 0
253:0 Async 22163456
253:0 Total 22163456
Total 22163456
--------------------CPUAC-----------------------
user 43
system 83
--------------------MEMCG-----------------------
MEM ONLY  : 27 MB
MEM+SWAP  : 27 MB
cache 22093824
rss 6512640
rss_huge 0
mapped_file 7663616
writeback 0
swap 0
pgpgin 78037
pgpgout 71053
pgfault 175302
pgmajfault 183
inactive_anon 40960
active_anon 6541312
inactive_file 9945088
active_file 12079104
unevictable 0
hierarchical_memory_limit 999997440
hierarchical_memsw_limit 9223372036854771712
total_cache 22093824
total_rss 6512640
total_rss_huge 0
total_mapped_file 7663616
total_writeback 0
total_swap 0
total_pgpgin 78037
total_pgpgout 71053
total_pgfault 175302
total_pgmajfault 183
total_inactive_anon 40960
total_active_anon 6541312
total_inactive_file 9945088
total_active_file 12079104
total_unevictable 0
--------------------BLKIO-----------------------
11:0 Read 0
11:0 Write 0
11:0 Sync 0
11:0 Async 0
11:0 Total 0
253:0 Read 21913600
253:0 Write 249856
253:0 Sync 0
253:0 Async 22163456
253:0 Total 22163456
Total 22163456
--------------------CPUAC-----------------------
user 43
system 83
--------------------MEMCG-----------------------
MEM ONLY  : 27 MB
MEM+SWAP  : 27 MB
cache 22093824
rss 6512640
rss_huge 0
mapped_file 7663616
writeback 0
swap 0
pgpgin 78037
pgpgout 71053
pgfault 175302
pgmajfault 183
inactive_anon 40960
active_anon 6541312
inactive_file 9945088
active_file 12079104
unevictable 0
hierarchical_memory_limit 999997440
hierarchical_memsw_limit 9223372036854771712
total_cache 22093824
total_rss 6512640
total_rss_huge 0
total_mapped_file 7663616
total_writeback 0
total_swap 0
total_pgpgin 78037
total_pgpgout 71053
total_pgfault 175302
total_pgmajfault 183
total_inactive_anon 40960
total_active_anon 6541312
total_inactive_file 9945088
total_active_file 12079104
total_unevictable 0
--------------------BLKIO-----------------------
11:0 Read 0
11:0 Write 0
11:0 Sync 0
11:0 Async 0
11:0 Total 0
253:0 Read 21913600
253:0 Write 249856
253:0 Sync 0
253:0 Async 22163456
253:0 Total 22163456
Total 22163456
--------------------CPUAC-----------------------
user 43
system 83
--------------------MEMCG-----------------------
MEM ONLY  : 27 MB
MEM+SWAP  : 27 MB
cache 22093824
rss 6512640
rss_huge 0
mapped_file 7663616
writeback 0
swap 0
pgpgin 78037
pgpgout 71053
pgfault 175302
pgmajfault 183
inactive_anon 40960
active_anon 6541312
inactive_file 9945088
active_file 12079104
unevictable 0
hierarchical_memory_limit 999997440
hierarchical_memsw_limit 9223372036854771712
total_cache 22093824
total_rss 6512640
total_rss_huge 0
total_mapped_file 7663616
total_writeback 0
total_swap 0
total_pgpgin 78037
total_pgpgout 71053
total_pgfault 175302
total_pgmajfault 183
total_inactive_anon 40960
total_active_anon 6541312
total_inactive_file 9945088
total_active_file 12079104
total_unevictable 0
--------------------BLKIO-----------------------
11:0 Read 0
11:0 Write 0
11:0 Sync 0
11:0 Async 0
11:0 Total 0
253:0 Read 21913600
253:0 Write 249856
253:0 Sync 0
253:0 Async 22163456
253:0 Total 22163456
Total 22163456
--------------------CPUAC-----------------------
user 43
system 83
--------------------MEMCG-----------------------
MEM ONLY  : 27 MB
MEM+SWAP  : 27 MB
cache 22093824
rss 6512640
rss_huge 0
mapped_file 7663616
writeback 0
swap 0
pgpgin 78037
pgpgout 71053
pgfault 175302
pgmajfault 183
inactive_anon 40960
active_anon 6541312
inactive_file 9945088
active_file 12079104
unevictable 0
hierarchical_memory_limit 999997440
hierarchical_memsw_limit 9223372036854771712
total_cache 22093824
total_rss 6512640
total_rss_huge 0
total_mapped_file 7663616
total_writeback 0
total_swap 0
total_pgpgin 78037
total_pgpgout 71053
total_pgfault 175302
total_pgmajfault 183
total_inactive_anon 40960
total_active_anon 6541312
total_inactive_file 9945088
total_active_file 12079104
total_unevictable 0
--------------------BLKIO-----------------------
11:0 Read 0
11:0 Write 0
11:0 Sync 0
11:0 Async 0
11:0 Total 0
253:0 Read 21913600
253:0 Write 249856
253:0 Sync 0
253:0 Async 22163456
253:0 Total 22163456
Total 22163456
--------------------CPUAC-----------------------
user 43
system 83
--------------------MEMCG-----------------------
MEM ONLY  : 27 MB
MEM+SWAP  : 27 MB
cache 22093824
rss 6512640
rss_huge 0
mapped_file 7663616
writeback 0
swap 0
pgpgin 78037
pgpgout 71053
pgfault 175302
pgmajfault 183
inactive_anon 40960
active_anon 6541312
inactive_file 9945088
active_file 12079104
unevictable 0
hierarchical_memory_limit 999997440
hierarchical_memsw_limit 9223372036854771712
total_cache 22093824
total_rss 6512640
total_rss_huge 0
total_mapped_file 7663616
total_writeback 0
total_swap 0
total_pgpgin 78037
total_pgpgout 71053
total_pgfault 175302
total_pgmajfault 183
total_inactive_anon 40960
total_active_anon 6541312
total_inactive_file 9945088
total_active_file 12079104
total_unevictable 0
--------------------BLKIO-----------------------
11:0 Read 0
11:0 Write 0
11:0 Sync 0
11:0 Async 0
11:0 Total 0
253:0 Read 21913600
253:0 Write 249856
253:0 Sync 0
253:0 Async 22163456
253:0 Total 22163456
Total 22163456
--------------------CPUAC-----------------------
user 43
system 83
--------------------MEMCG-----------------------
MEM ONLY  : 27 MB
MEM+SWAP  : 27 MB
cache 22093824
rss 6512640
rss_huge 0
mapped_file 7663616
writeback 0
swap 0
pgpgin 78037
pgpgout 71053
pgfault 175302
pgmajfault 183
inactive_anon 40960
active_anon 6541312
inactive_file 9945088
active_file 12079104
unevictable 0
hierarchical_memory_limit 999997440
hierarchical_memsw_limit 9223372036854771712
total_cache 22093824
total_rss 6512640
total_rss_huge 0
total_mapped_file 7663616
total_writeback 0
total_swap 0
total_pgpgin 78037
total_pgpgout 71053
total_pgfault 175302
total_pgmajfault 183
total_inactive_anon 40960
total_active_anon 6541312
total_inactive_file 9945088
total_active_file 12079104
total_unevictable 0
--------------------BLKIO-----------------------
11:0 Read 0
11:0 Write 0
11:0 Sync 0
11:0 Async 0
11:0 Total 0
253:0 Read 21913600
253:0 Write 249856
253:0 Sync 0
253:0 Async 22163456
253:0 Total 22163456
Total 22163456
--------------------CPUAC-----------------------
user 43
system 83
--------------------MEMCG-----------------------
MEM ONLY  : 27 MB
MEM+SWAP  : 27 MB
cache 22093824
rss 6512640
rss_huge 0
mapped_file 7663616
writeback 0
swap 0
pgpgin 78037
pgpgout 71053
pgfault 175302
pgmajfault 183
inactive_anon 40960
active_anon 6541312
inactive_file 9945088
active_file 12079104
unevictable 0
hierarchical_memory_limit 999997440
hierarchical_memsw_limit 9223372036854771712
total_cache 22093824
total_rss 6512640
total_rss_huge 0
total_mapped_file 7663616
total_writeback 0
total_swap 0
total_pgpgin 78037
total_pgpgout 71053
total_pgfault 175302
total_pgmajfault 183
total_inactive_anon 40960
total_active_anon 6541312
total_inactive_file 9945088
total_active_file 12079104
total_unevictable 0
--------------------BLKIO-----------------------
11:0 Read 0
11:0 Write 0
11:0 Sync 0
11:0 Async 0
11:0 Total 0
253:0 Read 21913600
253:0 Write 249856
253:0 Sync 0
253:0 Async 22163456
253:0 Total 22163456
Total 22163456
--------------------CPUAC-----------------------
user 43
system 83
--------------------MEMCG-----------------------
MEM ONLY  : 27 MB
MEM+SWAP  : 27 MB
cache 22093824
rss 6512640
rss_huge 0
mapped_file 7663616
writeback 0
swap 0
pgpgin 78037
pgpgout 71053
pgfault 175302
pgmajfault 183
inactive_anon 40960
active_anon 6541312
inactive_file 9945088
active_file 12079104
unevictable 0
hierarchical_memory_limit 999997440
hierarchical_memsw_limit 9223372036854771712
total_cache 22093824
total_rss 6512640
total_rss_huge 0
total_mapped_file 7663616
total_writeback 0
total_swap 0
total_pgpgin 78037
total_pgpgout 71053
total_pgfault 175302
total_pgmajfault 183
total_inactive_anon 40960
total_active_anon 6541312
total_inactive_file 9945088
total_active_file 12079104
total_unevictable 0
--------------------BLKIO-----------------------
11:0 Read 0
11:0 Write 0
11:0 Sync 0
11:0 Async 0
11:0 Total 0
253:0 Read 21913600
253:0 Write 249856
253:0 Sync 0
253:0 Async 22163456
253:0 Total 22163456
Total 22163456
--------------------CPUAC-----------------------
user 43
system 83
--------------------MEMCG-----------------------
MEM ONLY  : 27 MB
MEM+SWAP  : 27 MB
cache 22093824
rss 6512640
rss_huge 0
mapped_file 7663616
writeback 0
swap 0
pgpgin 78037
pgpgout 71053
pgfault 175302
pgmajfault 183
inactive_anon 40960
active_anon 6541312
inactive_file 9945088
active_file 12079104
unevictable 0
hierarchical_memory_limit 999997440
hierarchical_memsw_limit 9223372036854771712
total_cache 22093824
total_rss 6512640
total_rss_huge 0
total_mapped_file 7663616
total_writeback 0
total_swap 0
total_pgpgin 78037
total_pgpgout 71053
total_pgfault 175302
total_pgmajfault 183
total_inactive_anon 40960
total_active_anon 6541312
total_inactive_file 9945088
total_active_file 12079104
total_unevictable 0
--------------------BLKIO-----------------------
11:0 Read 0
11:0 Write 0
11:0 Sync 0
11:0 Async 0
11:0 Total 0
253:0 Read 21913600
253:0 Write 249856
253:0 Sync 0
253:0 Async 22163456
253:0 Total 22163456
Total 22163456
--------------------CPUAC-----------------------
user 43
system 83
--------------------MEMCG-----------------------
MEM ONLY  : 212 MB
MEM+SWAP  : 212 MB
cache 129998848
rss 92471296
rss_huge 0
mapped_file 46374912
writeback 0
swap 0
pgpgin 150938
pgpgout 96624
pgfault 232828
pgmajfault 205
inactive_anon 45056
active_anon 92499968
inactive_file 103829504
active_file 26062848
unevictable 0
hierarchical_memory_limit 999997440
hierarchical_memsw_limit 9223372036854771712
total_cache 129998848
total_rss 92471296
total_rss_huge 0
total_mapped_file 46374912
total_writeback 0
total_swap 0
total_pgpgin 150938
total_pgpgout 96624
total_pgfault 232828
total_pgmajfault 205
total_inactive_anon 45056
total_active_anon 92499968
total_inactive_file 103829504
total_active_file 26062848
total_unevictable 0
--------------------BLKIO-----------------------
11:0 Read 0
11:0 Write 0
11:0 Sync 0
11:0 Async 0
11:0 Total 0
253:0 Read 90353664
253:0 Write 249856
253:0 Sync 0
253:0 Async 90603520
253:0 Total 90603520
Total 90603520
--------------------CPUAC-----------------------
user 82
system 244
--------------------MEMCG-----------------------
MEM ONLY  : 558 MB
MEM+SWAP  : 558 MB
cache 493002752
rss 92471296
rss_huge 0
mapped_file 46374912
writeback 0
swap 0
pgpgin 257052
pgpgout 114114
pgfault 251164
pgmajfault 205
inactive_anon 45056
active_anon 92499968
inactive_file 441503744
active_file 51388416
unevictable 0
hierarchical_memory_limit 999997440
hierarchical_memsw_limit 9223372036854771712
total_cache 493002752
total_rss 92471296
total_rss_huge 0
total_mapped_file 46374912
total_writeback 0
total_swap 0
total_pgpgin 257052
total_pgpgout 114114
total_pgfault 251164
total_pgmajfault 205
total_inactive_anon 45056
total_active_anon 92499968
total_inactive_file 441503744
total_active_file 51388416
total_unevictable 0
--------------------BLKIO-----------------------
11:0 Read 0
11:0 Write 0
11:0 Sync 0
11:0 Async 0
11:0 Total 0
253:0 Read 453398528
253:0 Write 249856
253:0 Sync 0
253:0 Async 453648384
253:0 Total 453648384
Total 453648384
--------------------CPUAC-----------------------
user 95
system 306
--------------------MEMCG-----------------------
MEM ONLY  : 890 MB
MEM+SWAP  : 890 MB
cache 841109504
rss 92471296
rss_huge 0
mapped_file 46374912
writeback 0
swap 0
pgpgin 361865
pgpgout 133940
pgfault 272219
pgmajfault 205
inactive_anon 45056
active_anon 92499968
inactive_file 717705216
active_file 123330560
unevictable 0
hierarchical_memory_limit 999997440
hierarchical_memsw_limit 9223372036854771712
total_cache 841109504
total_rss 92475392
total_rss_huge 0
total_mapped_file 46374912
total_writeback 0
total_swap 0
total_pgpgin 361866
total_pgpgout 133940
total_pgfault 272220
total_pgmajfault 205
total_inactive_anon 45056
total_active_anon 92499968
total_inactive_file 717705216
total_active_file 123330560
total_unevictable 0
--------------------BLKIO-----------------------
11:0 Read 0
11:0 Write 0
11:0 Sync 0
11:0 Async 0
11:0 Total 0
253:0 Read 801488896
253:0 Write 249856
253:0 Sync 0
253:0 Async 801738752
253:0 Total 801738752
Total 801738752
--------------------CPUAC-----------------------
user 110
system 379
--------------------MEMCG-----------------------
MEM ONLY  : 953 MB
MEM+SWAP  : 953 MB
cache 907374592
rss 92471296
rss_huge 0
mapped_file 46346240
writeback 0
swap 0
pgpgin 473948
pgpgout 229845
pgfault 296124
pgmajfault 205
inactive_anon 46370816
active_anon 46174208
inactive_file 664338432
active_file 242958336
unevictable 0
hierarchical_memory_limit 999997440
hierarchical_memsw_limit 9223372036854771712
total_cache 907374592
total_rss 92471296
total_rss_huge 0
total_mapped_file 46346240
total_writeback 0
total_swap 0
total_pgpgin 473948
total_pgpgout 229845
total_pgfault 296124
total_pgmajfault 205
total_inactive_anon 46370816
total_active_anon 46174208
total_inactive_file 664338432
total_active_file 242958336
total_unevictable 0
--------------------BLKIO-----------------------
11:0 Read 0
11:0 Write 0
11:0 Sync 0
11:0 Async 0
11:0 Total 0
253:0 Read 1150693376
253:0 Write 249856
253:0 Sync 0
253:0 Async 1150943232
253:0 Total 1150943232
Total 1150943232
--------------------CPUAC-----------------------
user 124
system 467
--------------------MEMCG-----------------------
MEM ONLY  : 953 MB
MEM+SWAP  : 953 MB
cache 907350016
rss 92471296
rss_huge 0
mapped_file 12468224
writeback 0
swap 0
pgpgin 607293
pgpgout 363196
pgfault 326060
pgmajfault 205
inactive_anon 46370816
active_anon 46174208
inactive_file 482713600
active_file 424562688
unevictable 0
hierarchical_memory_limit 999997440
hierarchical_memsw_limit 9223372036854771712
total_cache 907350016
total_rss 92471296
total_rss_huge 0
total_mapped_file 12468224
total_writeback 0
total_swap 0
total_pgpgin 607293
total_pgpgout 363196
total_pgfault 326060
total_pgmajfault 205
total_inactive_anon 46370816
total_active_anon 46174208
total_inactive_file 482713600
total_active_file 424562688
total_unevictable 0
--------------------BLKIO-----------------------
11:0 Read 0
11:0 Write 0
11:0 Sync 0
11:0 Async 0
11:0 Total 0
253:0 Read 1496707072
253:0 Write 249856
253:0 Sync 0
253:0 Async 1496956928
253:0 Total 1496956928
Total 1496956928
--------------------CPUAC-----------------------
user 146
system 570
--------------------MEMCG-----------------------
MEM ONLY  : 953 MB
MEM+SWAP  : 953 MB
cache 907382784
rss 92471296
rss_huge 0
mapped_file 12468224
writeback 0
swap 0
pgpgin 769725
pgpgout 525620
pgfault 360166
pgmajfault 205
inactive_anon 46370816
active_anon 46174208
inactive_file 453685248
active_file 453623808
unevictable 0
hierarchical_memory_limit 999997440
hierarchical_memsw_limit 9223372036854771712
total_cache 907382784
total_rss 92471296
total_rss_huge 0
total_mapped_file 12468224
total_writeback 0
total_swap 0
total_pgpgin 769725
total_pgpgout 525620
total_pgfault 360166
total_pgmajfault 205
total_inactive_anon 46370816
total_active_anon 46174208
total_inactive_file 453685248
total_active_file 453623808
total_unevictable 0
--------------------BLKIO-----------------------
11:0 Read 0
11:0 Write 0
11:0 Sync 0
11:0 Async 0
11:0 Total 0
253:0 Read 1846693888
253:0 Write 249856
253:0 Sync 0
253:0 Async 1846943744
253:0 Total 1846943744
Total 1846943744
--------------------CPUAC-----------------------
user 163
system 701
--------------------MEMCG-----------------------
MEM ONLY  : 953 MB
MEM+SWAP  : 953 MB
cache 907366400
rss 92471296
rss_huge 0
mapped_file 8568832
writeback 0
swap 0
pgpgin 976045
pgpgout 731944
pgfault 403919
pgmajfault 205
inactive_anon 46370816
active_anon 46174208
inactive_file 453156864
active_file 454111232
unevictable 0
hierarchical_memory_limit 999997440
hierarchical_memsw_limit 9223372036854771712
total_cache 907366400
total_rss 92471296
total_rss_huge 0
total_mapped_file 8568832
total_writeback 0
total_swap 0
total_pgpgin 976045
total_pgpgout 731944
total_pgfault 403919
total_pgmajfault 205
total_inactive_anon 46370816
total_active_anon 46174208
total_inactive_file 453156864
total_active_file 454111232
total_unevictable 0
--------------------BLKIO-----------------------
11:0 Read 0
11:0 Write 0
11:0 Sync 0
11:0 Async 0
11:0 Total 0
253:0 Read 2195877888
253:0 Write 249856
253:0 Sync 0
253:0 Async 2196127744
253:0 Total 2196127744
Total 2196127744
--------------------CPUAC-----------------------
user 186
system 870
--------------------MEMCG-----------------------
MEM ONLY  : 953 MB
MEM+SWAP  : 953 MB
cache 907456512
rss 92471296
rss_huge 0
mapped_file 3387392
writeback 0
swap 0
pgpgin 1261491
pgpgout 1017368
pgfault 464154
pgmajfault 205
inactive_anon 46370816
active_anon 46174208
inactive_file 453672960
active_file 453709824
unevictable 0
hierarchical_memory_limit 999997440
hierarchical_memsw_limit 9223372036854771712
total_cache 907456512
total_rss 92471296
total_rss_huge 0
total_mapped_file 3387392
total_writeback 0
total_swap 0
total_pgpgin 1261491
total_pgpgout 1017368
total_pgfault 464154
total_pgmajfault 205
total_inactive_anon 46370816
total_active_anon 46174208
total_inactive_file 453672960
total_active_file 453709824
total_unevictable 0
--------------------BLKIO-----------------------
11:0 Read 0
11:0 Write 0
11:0 Sync 0
11:0 Async 0
11:0 Total 0
253:0 Read 2543964160
253:0 Write 249856
253:0 Sync 0
253:0 Async 2544214016
253:0 Total 2544214016
Total 2544214016
--------------------CPUAC-----------------------
user 220
system 1077
--------------------MEMCG-----------------------
MEM ONLY  : 953 MB
MEM+SWAP  : 953 MB
cache 907374592
rss 92471296
rss_huge 0
mapped_file 3518464
writeback 0
swap 0
pgpgin 1776889
pgpgout 1532785
pgfault 572235
pgmajfault 208
inactive_anon 46370816
active_anon 46174208
inactive_file 453562368
active_file 453738496
unevictable 0
hierarchical_memory_limit 999997440
hierarchical_memsw_limit 9223372036854771712
total_cache 907374592
total_rss 92471296
total_rss_huge 0
total_mapped_file 3518464
total_writeback 0
total_swap 0
total_pgpgin 1776889
total_pgpgout 1532786
total_pgfault 572235
total_pgmajfault 208
total_inactive_anon 46370816
total_active_anon 46174208
total_inactive_file 453562368
total_active_file 453738496
total_unevictable 0
--------------------BLKIO-----------------------
11:0 Read 0
11:0 Write 0
11:0 Sync 0
11:0 Async 0
11:0 Total 0
253:0 Read 2894524416
253:0 Write 249856
253:0 Sync 0
253:0 Async 2894774272
253:0 Total 2894774272
Total 2894774272
--------------------CPUAC-----------------------
user 274
system 1445
--------------------MEMCG-----------------------
MEM ONLY  : 953 MB
MEM+SWAP  : 953 MB
cache 907378688
rss 92479488
rss_huge 0
mapped_file 3334144
writeback 0
swap 0
pgpgin 2970796
pgpgout 2726690
pgfault 820295
pgmajfault 208
inactive_anon 46370816
active_anon 46174208
inactive_file 453619712
active_file 453685248
unevictable 0
hierarchical_memory_limit 999997440
hierarchical_memsw_limit 9223372036854771712
total_cache 907378688
total_rss 92479488
total_rss_huge 0
total_mapped_file 3334144
total_writeback 0
total_swap 0
total_pgpgin 2970796
total_pgpgout 2726690
total_pgfault 820295
total_pgmajfault 208
total_inactive_anon 46370816
total_active_anon 46174208
total_inactive_file 453619712
total_active_file 453685248
total_unevictable 0
--------------------BLKIO-----------------------
11:0 Read 0
11:0 Write 0
11:0 Sync 0
11:0 Async 0
11:0 Total 0
253:0 Read 3166838784
253:0 Write 249856
253:0 Sync 0
253:0 Async 3167088640
253:0 Total 3167088640
Total 3167088640
--------------------CPUAC-----------------------
user 396
system 2752
--------------------MEMCG-----------------------
MEM ONLY  : 953 MB
MEM+SWAP  : 953 MB
cache 907083776
rss 92483584
rss_huge 0
mapped_file 3334144
writeback 0
swap 0
pgpgin 4251681
pgpgout 4007646
pgfault 1085142
pgmajfault 215
inactive_anon 46370816
active_anon 46186496
inactive_file 453185536
active_file 453824512
unevictable 0
hierarchical_memory_limit 999997440
hierarchical_memsw_limit 9223372036854771712
total_cache 907083776
total_rss 92483584
total_rss_huge 0
total_mapped_file 3334144
total_writeback 0
total_swap 0
total_pgpgin 4251681
total_pgpgout 4007646
total_pgfault 1085142
total_pgmajfault 215
total_inactive_anon 46370816
total_active_anon 46186496
total_inactive_file 453185536
total_active_file 453824512
total_unevictable 0
--------------------BLKIO-----------------------
11:0 Read 0
11:0 Write 0
11:0 Sync 0
11:0 Async 0
11:0 Total 0
253:0 Read 3212566528
253:0 Write 249856
253:0 Sync 0
253:0 Async 3212816384
253:0 Total 3212816384
Total 3212816384
--------------------CPUAC-----------------------
user 537
system 4817
--------------------MEMCG-----------------------
MEM ONLY  : 953 MB
MEM+SWAP  : 953 MB
cache 906969088
rss 92491776
rss_huge 0
mapped_file 3334144
writeback 0
swap 0
pgpgin 5219413
pgpgout 4975404
pgfault 1286777
pgmajfault 215
inactive_anon 46370816
active_anon 46186496
inactive_file 453607424
active_file 453287936
unevictable 0
hierarchical_memory_limit 999997440
hierarchical_memsw_limit 9223372036854771712
total_cache 906969088
total_rss 92491776
total_rss_huge 0
total_mapped_file 3334144
total_writeback 0
total_swap 0
total_pgpgin 5219413
total_pgpgout 4975404
total_pgfault 1286777
total_pgmajfault 215
total_inactive_anon 46370816
total_active_anon 46186496
total_inactive_file 453607424
total_active_file 453287936
total_unevictable 0
--------------------BLKIO-----------------------
11:0 Read 0
11:0 Write 0
11:0 Sync 0
11:0 Async 0
11:0 Total 0
253:0 Read 3220156416
253:0 Write 249856
253:0 Sync 0
253:0 Async 3220406272
253:0 Total 3220406272
Total 3220406272
--------------------CPUAC-----------------------
user 639
system 7039
--------------------MEMCG-----------------------
MEM ONLY  : 953 MB
MEM+SWAP  : 953 MB
cache 907288576
rss 92475392
rss_huge 0
mapped_file 3334144
writeback 0
swap 0
pgpgin 6186794
pgpgout 5942711
pgfault 1486953
pgmajfault 215
inactive_anon 46370816
active_anon 46178304
inactive_file 453726208
active_file 453480448
unevictable 0
hierarchical_memory_limit 999997440
hierarchical_memsw_limit 9223372036854771712
total_cache 907288576
total_rss 92475392
total_rss_huge 0
total_mapped_file 3334144
total_writeback 0
total_swap 0
total_pgpgin 6186794
total_pgpgout 5942712
total_pgfault 1486953
total_pgmajfault 215
total_inactive_anon 46370816
total_active_anon 46174208
total_inactive_file 453726208
total_active_file 453480448
total_unevictable 0
--------------------BLKIO-----------------------
11:0 Read 0
11:0 Write 0
11:0 Sync 0
11:0 Async 0
11:0 Total 0
253:0 Read 3222519808
253:0 Write 249856
253:0 Sync 0
253:0 Async 3222769664
253:0 Total 3222769664
Total 3222769664
--------------------CPUAC-----------------------
user 738
system 9252
--------------------MEMCG-----------------------
MEM ONLY  : 953 MB
MEM+SWAP  : 953 MB
cache 907350016
rss 92483584
rss_huge 0
mapped_file 3334144
writeback 0
swap 0
pgpgin 7160316
pgpgout 6916217
pgfault 1688490
pgmajfault 221
inactive_anon 46370816
active_anon 46182400
inactive_file 454266880
active_file 453009408
unevictable 0
hierarchical_memory_limit 999997440
hierarchical_memsw_limit 9223372036854771712
total_cache 907350016
total_rss 92479488
total_rss_huge 0
total_mapped_file 3334144
total_writeback 0
total_swap 0
total_pgpgin 7160316
total_pgpgout 6916217
total_pgfault 1688490
total_pgmajfault 221
total_inactive_anon 46370816
total_active_anon 46182400
total_inactive_file 454266880
total_active_file 453009408
total_unevictable 0
--------------------BLKIO-----------------------
11:0 Read 0
11:0 Write 0
11:0 Sync 0
11:0 Async 0
11:0 Total 0
253:0 Read 3222941696
253:0 Write 249856
253:0 Sync 0
253:0 Async 3223191552
253:0 Total 3223191552
Total 3223191552
--------------------CPUAC-----------------------
user 855
system 11463
--------------------MEMCG-----------------------
MEM ONLY  : 953 MB
MEM+SWAP  : 953 MB
cache 907255808
rss 92487680
rss_huge 0
mapped_file 3334144
writeback 0
swap 0
pgpgin 8104780
pgpgout 7860702
pgfault 1883779
pgmajfault 221
inactive_anon 46370816
active_anon 46182400
inactive_file 453595136
active_file 453586944
unevictable 0
hierarchical_memory_limit 999997440
hierarchical_memsw_limit 9223372036854771712
total_cache 907255808
total_rss 92487680
total_rss_huge 0
total_mapped_file 3334144
total_writeback 0
total_swap 0
total_pgpgin 8104780
total_pgpgout 7860702
total_pgfault 1883779
total_pgmajfault 221
total_inactive_anon 46370816
total_active_anon 46182400
total_inactive_file 453595136
total_active_file 453586944
total_unevictable 0
--------------------BLKIO-----------------------
11:0 Read 0
11:0 Write 0
11:0 Sync 0
11:0 Async 0
11:0 Total 0
253:0 Read 3223121920
253:0 Write 249856
253:0 Sync 0
253:0 Async 3223371776
253:0 Total 3223371776
Total 3223371776
--------------------CPUAC-----------------------
user 953
system 13687
--------------------MEMCG-----------------------
MEM ONLY  : 953 MB
MEM+SWAP  : 953 MB
cache 907214848
rss 92487680
rss_huge 0
mapped_file 3325952
writeback 0
swap 0
pgpgin 9031468
pgpgout 8787400
pgfault 2075017
pgmajfault 221
inactive_anon 46370816
active_anon 46190592
inactive_file 453746688
active_file 453345280
unevictable 0
hierarchical_memory_limit 999997440
hierarchical_memsw_limit 9223372036854771712
total_cache 907214848
total_rss 92487680
total_rss_huge 0
total_mapped_file 3325952
total_writeback 0
total_swap 0
total_pgpgin 9031468
total_pgpgout 8787400
total_pgfault 2075017
total_pgmajfault 221
total_inactive_anon 46370816
total_active_anon 46190592
total_inactive_file 453746688
total_active_file 453345280
total_unevictable 0
--------------------BLKIO-----------------------
11:0 Read 0
11:0 Write 0
11:0 Sync 0
11:0 Async 0
11:0 Total 0
253:0 Read 3223121920
253:0 Write 249856
253:0 Sync 0
253:0 Async 3223371776
253:0 Total 3223371776
Total 3223371776
--------------------CPUAC-----------------------
user 1048
system 15902
--------------------MEMCG-----------------------
MEM ONLY  : 953 MB
MEM+SWAP  : 953 MB
cache 907292672
rss 92491776
rss_huge 0
mapped_file 3325952
writeback 0
swap 0
pgpgin 9956667
pgpgout 9712579
pgfault 2267338
pgmajfault 227
inactive_anon 46370816
active_anon 46174208
inactive_file 453877760
active_file 453341184
unevictable 0
hierarchical_memory_limit 999997440
hierarchical_memsw_limit 9223372036854771712
total_cache 907292672
total_rss 92491776
total_rss_huge 0
total_mapped_file 3325952
total_writeback 0
total_swap 0
total_pgpgin 9956667
total_pgpgout 9712579
total_pgfault 2267338
total_pgmajfault 227
total_inactive_anon 46370816
total_active_anon 46174208
total_inactive_file 453877760
total_active_file 453341184
total_unevictable 0
--------------------BLKIO-----------------------
11:0 Read 0
11:0 Write 0
11:0 Sync 0
11:0 Async 0
11:0 Total 0
253:0 Read 3223121920
253:0 Write 249856
253:0 Sync 0
253:0 Async 3223371776
253:0 Total 3223371776
Total 3223371776
--------------------CPUAC-----------------------
user 1138
system 18129
--------------------MEMCG-----------------------
MEM ONLY  : 953 MB
MEM+SWAP  : 953 MB
cache 907460608
rss 92487680
rss_huge 0
mapped_file 3334144
writeback 0
swap 0
pgpgin 10927406
pgpgout 10683278
pgfault 2467326
pgmajfault 228
inactive_anon 46370816
active_anon 46190592
inactive_file 453795840
active_file 453591040
unevictable 0
hierarchical_memory_limit 999997440
hierarchical_memsw_limit 9223372036854771712
total_cache 907460608
total_rss 92487680
total_rss_huge 0
total_mapped_file 3334144
total_writeback 0
total_swap 0
total_pgpgin 10927406
total_pgpgout 10683278
total_pgfault 2467326
total_pgmajfault 228
total_inactive_anon 46370816
total_active_anon 46190592
total_inactive_file 453795840
total_active_file 453591040
total_unevictable 0
--------------------BLKIO-----------------------
11:0 Read 0
11:0 Write 0
11:0 Sync 0
11:0 Async 0
11:0 Total 0
253:0 Read 3223121920
253:0 Write 249856
253:0 Sync 0
253:0 Async 3223371776
253:0 Total 3223371776
Total 3223371776
--------------------CPUAC-----------------------
user 1229
system 20294
--------------------MEMCG-----------------------
MEM ONLY  : 953 MB
MEM+SWAP  : 953 MB
cache 907177984
rss 92495872
rss_huge 0
mapped_file 3334144
writeback 0
swap 0
pgpgin 11880976
pgpgout 11636915
pgfault 2665599
pgmajfault 228
inactive_anon 46370816
active_anon 46190592
inactive_file 453742592
active_file 453341184
unevictable 0
hierarchical_memory_limit 999997440
hierarchical_memsw_limit 9223372036854771712
total_cache 907177984
total_rss 92495872
total_rss_huge 0
total_mapped_file 3334144
total_writeback 0
total_swap 0
total_pgpgin 11880976
total_pgpgout 11636915
total_pgfault 2665599
total_pgmajfault 228
total_inactive_anon 46370816
total_active_anon 46190592
total_inactive_file 453742592
total_active_file 453341184
total_unevictable 0
--------------------BLKIO-----------------------
11:0 Read 0
11:0 Write 0
11:0 Sync 0
11:0 Async 0
11:0 Total 0
253:0 Read 3223121920
253:0 Write 249856
253:0 Sync 0
253:0 Async 3223371776
253:0 Total 3223371776
Total 3223371776
--------------------CPUAC-----------------------
user 1340
system 22525
--------------------MEMCG-----------------------
MEM ONLY  : 953 MB
MEM+SWAP  : 953 MB
cache 907177984
rss 92487680
rss_huge 0
mapped_file 3325952
writeback 0
swap 0
pgpgin 12838541
pgpgout 12594482
pgfault 2860643
pgmajfault 234
inactive_anon 46370816
active_anon 46174208
inactive_file 453214208
active_file 453890048
unevictable 0
hierarchical_memory_limit 999997440
hierarchical_memsw_limit 9223372036854771712
total_cache 907177984
total_rss 92487680
total_rss_huge 0
total_mapped_file 3325952
total_writeback 0
total_swap 0
total_pgpgin 12838541
total_pgpgout 12594482
total_pgfault 2860643
total_pgmajfault 234
total_inactive_anon 46370816
total_active_anon 46174208
total_inactive_file 453214208
total_active_file 453890048
total_unevictable 0
--------------------BLKIO-----------------------
11:0 Read 0
11:0 Write 0
11:0 Sync 0
11:0 Async 0
11:0 Total 0
253:0 Read 3223121920
253:0 Write 249856
253:0 Sync 0
253:0 Async 3223371776
253:0 Total 3223371776
Total 3223371776
--------------------CPUAC-----------------------
user 1438
system 24743
--------------------MEMCG-----------------------
MEM ONLY  : 953 MB
MEM+SWAP  : 953 MB
cache 907046912
rss 92487680
rss_huge 0
mapped_file 3334144
writeback 0
swap 0
pgpgin 13842171
pgpgout 13598144
pgfault 3069738
pgmajfault 235
inactive_anon 46370816
active_anon 46190592
inactive_file 453623808
active_file 453349376
unevictable 0
hierarchical_memory_limit 999997440
hierarchical_memsw_limit 9223372036854771712
total_cache 907046912
total_rss 92487680
total_rss_huge 0
total_mapped_file 3334144
total_writeback 0
total_swap 0
total_pgpgin 13842171
total_pgpgout 13598144
total_pgfault 3069738
total_pgmajfault 235
total_inactive_anon 46370816
total_active_anon 46190592
total_inactive_file 453623808
total_active_file 453349376
total_unevictable 0
--------------------BLKIO-----------------------
11:0 Read 0
11:0 Write 0
11:0 Sync 0
11:0 Async 0
11:0 Total 0
253:0 Read 3223121920
253:0 Write 249856
253:0 Sync 0
253:0 Async 3223371776
253:0 Total 3223371776
Total 3223371776
--------------------CPUAC-----------------------
user 1538
system 26930
--------------------MEMCG-----------------------
MEM ONLY  : 953 MB
MEM+SWAP  : 953 MB
cache 907313152
rss 92495872
rss_huge 0
mapped_file 3375104
writeback 0
swap 0
pgpgin 14829506
pgpgout 14585412
pgfault 3274413
pgmajfault 236
inactive_anon 46370816
active_anon 46194688
inactive_file 453648384
active_file 453591040
unevictable 0
hierarchical_memory_limit 999997440
hierarchical_memsw_limit 9223372036854771712
total_cache 907313152
total_rss 92495872
total_rss_huge 0
total_mapped_file 3375104
total_writeback 0
total_swap 0
total_pgpgin 14829506
total_pgpgout 14585412
total_pgfault 3274413
total_pgmajfault 236
total_inactive_anon 46370816
total_active_anon 46194688
total_inactive_file 453648384
total_active_file 453591040
total_unevictable 0
--------------------BLKIO-----------------------
11:0 Read 0
11:0 Write 0
11:0 Sync 0
11:0 Async 0
11:0 Total 0
253:0 Read 3223121920
253:0 Write 249856
253:0 Sync 0
253:0 Async 3223371776
253:0 Total 3223371776
Total 3223371776
--------------------CPUAC-----------------------
user 1638
system 29120
--------------------MEMCG-----------------------
MEM ONLY  : 953 MB
MEM+SWAP  : 953 MB
cache 907059200
rss 92475392
rss_huge 0
mapped_file 3334144
writeback 0
swap 0
pgpgin 15763574
pgpgout 15519545
pgfault 3467431
pgmajfault 242
inactive_anon 46370816
active_anon 46178304
inactive_file 453558272
active_file 453402624
unevictable 0
hierarchical_memory_limit 999997440
hierarchical_memsw_limit 9223372036854771712
total_cache 907075584
total_rss 92475392
total_rss_huge 0
total_mapped_file 3334144
total_writeback 0
total_swap 0
total_pgpgin 15763577
total_pgpgout 15519545
total_pgfault 3467431
total_pgmajfault 242
total_inactive_anon 46370816
total_active_anon 46178304
total_inactive_file 453558272
total_active_file 453402624
total_unevictable 0
--------------------BLKIO-----------------------
11:0 Read 0
11:0 Write 0
11:0 Sync 0
11:0 Async 0
11:0 Total 0
253:0 Read 3223121920
253:0 Write 249856
253:0 Sync 0
253:0 Async 3223371776
253:0 Total 3223371776
Total 3223371776
--------------------CPUAC-----------------------
user 1728
system 31340
--------------------MEMCG-----------------------
MEM ONLY  : 953 MB
MEM+SWAP  : 953 MB
cache 907169792
rss 92487680
rss_huge 0
mapped_file 3334144
writeback 0
swap 0
pgpgin 16769628
pgpgout 16525571
pgfault 3676082
pgmajfault 242
inactive_anon 46370816
active_anon 46186496
inactive_file 453431296
active_file 453632000
unevictable 0
hierarchical_memory_limit 999997440
hierarchical_memsw_limit 9223372036854771712
total_cache 907169792
total_rss 92487680
total_rss_huge 0
total_mapped_file 3334144
total_writeback 0
total_swap 0
total_pgpgin 16769628
total_pgpgout 16525571
total_pgfault 3676082
total_pgmajfault 242
total_inactive_anon 46370816
total_active_anon 46186496
total_inactive_file 453431296
total_active_file 453599232
total_unevictable 0
--------------------BLKIO-----------------------
11:0 Read 0
11:0 Write 0
11:0 Sync 0
11:0 Async 0
11:0 Total 0
253:0 Read 3223121920
253:0 Write 249856
253:0 Sync 0
253:0 Async 3223371776
253:0 Total 3223371776
Total 3223371776
--------------------CPUAC-----------------------
user 1831
system 33524
--------------------MEMCG-----------------------
MEM ONLY  : 953 MB
MEM+SWAP  : 953 MB
cache 906854400
rss 92483584
rss_huge 0
mapped_file 3334144
writeback 0
swap 0
pgpgin 17794898
pgpgout 17550918
pgfault 3887502
pgmajfault 242
inactive_anon 46370816
active_anon 46186496
inactive_file 453574656
active_file 453189632
unevictable 0
hierarchical_memory_limit 999997440
hierarchical_memsw_limit 9223372036854771712
total_cache 906866688
total_rss 92483584
total_rss_huge 0
total_mapped_file 3334144
total_writeback 0
total_swap 0
total_pgpgin 17794901
total_pgpgout 17550918
total_pgfault 3887502
total_pgmajfault 242
total_inactive_anon 46370816
total_active_anon 46186496
total_inactive_file 453574656
total_active_file 453189632
total_unevictable 0
--------------------BLKIO-----------------------
11:0 Read 0
11:0 Write 0
11:0 Sync 0
11:0 Async 0
11:0 Total 0
253:0 Read 3223121920
253:0 Write 249856
253:0 Sync 0
253:0 Async 3223371776
253:0 Total 3223371776
Total 3223371776
--------------------CPUAC-----------------------
user 1944
system 35731
--------------------MEMCG-----------------------
MEM ONLY  : 871 MB
MEM+SWAP  : 871 MB
cache 907272192
rss 6516736
rss_huge 0
mapped_file 2125824
writeback 0
swap 0
pgpgin 18554136
pgpgout 18331043
pgfault 4045313
pgmajfault 324
inactive_anon 6529024
active_anon 57344
inactive_file 455884800
active_file 451317760
unevictable 0
hierarchical_memory_limit 999997440
hierarchical_memsw_limit 9223372036854771712
total_cache 907272192
total_rss 6516736
total_rss_huge 0
total_mapped_file 2125824
total_writeback 0
total_swap 0
total_pgpgin 18554136
total_pgpgout 18331043
total_pgfault 4045313
total_pgmajfault 324
total_inactive_anon 6529024
total_active_anon 57344
total_inactive_file 455884800
total_active_file 451317760
total_unevictable 0
--------------------BLKIO-----------------------
11:0 Read 0
11:0 Write 0
11:0 Sync 0
11:0 Async 0
11:0 Total 0
253:0 Read 3223564288
253:0 Write 249856
253:0 Sync 0
253:0 Async 3223814144
253:0 Total 3223814144
Total 3223814144
--------------------CPUAC-----------------------
user 2027
system 37498
--------------------MEMCG-----------------------
MEM ONLY  : 871 MB
MEM+SWAP  : 871 MB
cache 907272192
rss 6516736
rss_huge 0
mapped_file 2125824
writeback 0
swap 0
pgpgin 18554136
pgpgout 18331043
pgfault 4045313
pgmajfault 324
inactive_anon 6529024
active_anon 57344
inactive_file 455884800
active_file 451317760
unevictable 0
hierarchical_memory_limit 999997440
hierarchical_memsw_limit 9223372036854771712
total_cache 907272192
total_rss 6516736
total_rss_huge 0
total_mapped_file 2125824
total_writeback 0
total_swap 0
total_pgpgin 18554136
total_pgpgout 18331043
total_pgfault 4045313
total_pgmajfault 324
total_inactive_anon 6529024
total_active_anon 57344
total_inactive_file 455884800
total_active_file 451317760
total_unevictable 0
--------------------BLKIO-----------------------
11:0 Read 0
11:0 Write 0
11:0 Sync 0
11:0 Async 0
11:0 Total 0
253:0 Read 3223564288
253:0 Write 249856
253:0 Sync 0
253:0 Async 3223814144
253:0 Total 3223814144
Total 3223814144
--------------------CPUAC-----------------------
user 2027
system 37498
--------------------MEMCG-----------------------
MEM ONLY  : 871 MB
MEM+SWAP  : 871 MB
cache 907272192
rss 6516736
rss_huge 0
mapped_file 2125824
writeback 0
swap 0
pgpgin 18554136
pgpgout 18331043
pgfault 4045313
pgmajfault 324
inactive_anon 6529024
active_anon 57344
inactive_file 455884800
active_file 451317760
unevictable 0
hierarchical_memory_limit 999997440
hierarchical_memsw_limit 9223372036854771712
total_cache 907272192
total_rss 6516736
total_rss_huge 0
total_mapped_file 2125824
total_writeback 0
total_swap 0
total_pgpgin 18554136
total_pgpgout 18331043
total_pgfault 4045313
total_pgmajfault 324
total_inactive_anon 6529024
total_active_anon 57344
total_inactive_file 455884800
total_active_file 451317760
total_unevictable 0
--------------------BLKIO-----------------------
11:0 Read 0
11:0 Write 0
11:0 Sync 0
11:0 Async 0
11:0 Total 0
253:0 Read 3223564288
253:0 Write 249856
253:0 Sync 0
253:0 Async 3223814144
253:0 Total 3223814144
Total 3223814144
--------------------CPUAC-----------------------
user 2027
system 37498
--------------------MEMCG-----------------------
MEM ONLY  : 871 MB
MEM+SWAP  : 871 MB
cache 907272192
rss 6516736
rss_huge 0
mapped_file 2125824
writeback 0
swap 0
pgpgin 18554136
pgpgout 18331043
pgfault 4045313
pgmajfault 324
inactive_anon 6529024
active_anon 57344
inactive_file 455884800
active_file 451317760
unevictable 0
hierarchical_memory_limit 999997440
hierarchical_memsw_limit 9223372036854771712
total_cache 907272192
total_rss 6516736
total_rss_huge 0
total_mapped_file 2125824
total_writeback 0
total_swap 0
total_pgpgin 18554136
total_pgpgout 18331043
total_pgfault 4045313
total_pgmajfault 324
total_inactive_anon 6529024
total_active_anon 57344
total_inactive_file 455884800
total_active_file 451317760
total_unevictable 0
--------------------BLKIO-----------------------
11:0 Read 0
11:0 Write 0
11:0 Sync 0
11:0 Async 0
11:0 Total 0
253:0 Read 3223564288
253:0 Write 249856
253:0 Sync 0
253:0 Async 3223814144
253:0 Total 3223814144
Total 3223814144
--------------------CPUAC-----------------------
user 2027
system 37498
--------------------MEMCG-----------------------
MEM ONLY  : 871 MB
MEM+SWAP  : 871 MB
cache 907272192
rss 6516736
rss_huge 0
mapped_file 2125824
writeback 0
swap 0
pgpgin 18554136
pgpgout 18331043
pgfault 4045313
pgmajfault 324
inactive_anon 6529024
active_anon 57344
inactive_file 455884800
active_file 451317760
unevictable 0
hierarchical_memory_limit 999997440
hierarchical_memsw_limit 9223372036854771712
total_cache 907272192
total_rss 6516736
total_rss_huge 0
total_mapped_file 2125824
total_writeback 0
total_swap 0
total_pgpgin 18554136
total_pgpgout 18331043
total_pgfault 4045313
total_pgmajfault 324
total_inactive_anon 6529024
total_active_anon 57344
total_inactive_file 455884800
total_active_file 451317760
total_unevictable 0
--------------------BLKIO-----------------------
11:0 Read 0
11:0 Write 0
11:0 Sync 0
11:0 Async 0
11:0 Total 0
253:0 Read 3223564288
253:0 Write 249856
253:0 Sync 0
253:0 Async 3223814144
253:0 Total 3223814144
Total 3223814144
--------------------CPUAC-----------------------
user 2027
system 37498
--------------------MEMCG-----------------------
MEM ONLY  : 871 MB
MEM+SWAP  : 871 MB
cache 907272192
rss 6516736
rss_huge 0
mapped_file 2125824
writeback 0
swap 0
pgpgin 18554136
pgpgout 18331043
pgfault 4045313
pgmajfault 324
inactive_anon 6529024
active_anon 57344
inactive_file 455884800
active_file 451317760
unevictable 0
hierarchical_memory_limit 999997440
hierarchical_memsw_limit 9223372036854771712
total_cache 907272192
total_rss 6516736
total_rss_huge 0
total_mapped_file 2125824
total_writeback 0
total_swap 0
total_pgpgin 18554136
total_pgpgout 18331043
total_pgfault 4045313
total_pgmajfault 324
total_inactive_anon 6529024
total_active_anon 57344
total_inactive_file 455884800
total_active_file 451317760
total_unevictable 0
--------------------BLKIO-----------------------
11:0 Read 0
11:0 Write 0
11:0 Sync 0
11:0 Async 0
11:0 Total 0
253:0 Read 3223564288
253:0 Write 249856
253:0 Sync 0
253:0 Async 3223814144
253:0 Total 3223814144
Total 3223814144
--------------------CPUAC-----------------------
user 2027
system 37498
--------------------MEMCG-----------------------
MEM ONLY  : 871 MB
MEM+SWAP  : 871 MB
cache 907272192
rss 6516736
rss_huge 0
mapped_file 2125824
writeback 0
swap 0
pgpgin 18554136
pgpgout 18331043
pgfault 4045313
pgmajfault 324
inactive_anon 6529024
active_anon 57344
inactive_file 455884800
active_file 451317760
unevictable 0
hierarchical_memory_limit 999997440
hierarchical_memsw_limit 9223372036854771712
total_cache 907272192
total_rss 6516736
total_rss_huge 0
total_mapped_file 2125824
total_writeback 0
total_swap 0
total_pgpgin 18554136
total_pgpgout 18331043
total_pgfault 4045313
total_pgmajfault 324
total_inactive_anon 6529024
total_active_anon 57344
total_inactive_file 455884800
total_active_file 451317760
total_unevictable 0
--------------------BLKIO-----------------------
11:0 Read 0
11:0 Write 0
11:0 Sync 0
11:0 Async 0
11:0 Total 0
253:0 Read 3223564288
253:0 Write 249856
253:0 Sync 0
253:0 Async 3223814144
253:0 Total 3223814144
Total 3223814144
--------------------CPUAC-----------------------
user 2027
system 37498
--------------------MEMCG-----------------------
MEM ONLY  : 871 MB
MEM+SWAP  : 871 MB
cache 907272192
rss 6516736
rss_huge 0
mapped_file 2125824
writeback 0
swap 0
pgpgin 18554136
pgpgout 18331043
pgfault 4045313
pgmajfault 324
inactive_anon 6529024
active_anon 57344
inactive_file 455884800
active_file 451317760
unevictable 0
hierarchical_memory_limit 999997440
hierarchical_memsw_limit 9223372036854771712
total_cache 907272192
total_rss 6516736
total_rss_huge 0
total_mapped_file 2125824
total_writeback 0
total_swap 0
total_pgpgin 18554136
total_pgpgout 18331043
total_pgfault 4045313
total_pgmajfault 324
total_inactive_anon 6529024
total_active_anon 57344
total_inactive_file 455884800
total_active_file 451317760
total_unevictable 0
--------------------BLKIO-----------------------
11:0 Read 0
11:0 Write 0
11:0 Sync 0
11:0 Async 0
11:0 Total 0
253:0 Read 3223564288
253:0 Write 249856
253:0 Sync 0
253:0 Async 3223814144
253:0 Total 3223814144
Total 3223814144
--------------------CPUAC-----------------------
user 2027
system 37498
--------------------MEMCG-----------------------
MEM ONLY  : 871 MB
MEM+SWAP  : 871 MB
cache 907272192
rss 6516736
rss_huge 0
mapped_file 2125824
writeback 0
swap 0
pgpgin 18554136
pgpgout 18331043
pgfault 4045313
pgmajfault 324
inactive_anon 6529024
active_anon 57344
inactive_file 455884800
active_file 451317760
unevictable 0
hierarchical_memory_limit 999997440
hierarchical_memsw_limit 9223372036854771712
total_cache 907272192
total_rss 6516736
total_rss_huge 0
total_mapped_file 2125824
total_writeback 0
total_swap 0
total_pgpgin 18554136
total_pgpgout 18331043
total_pgfault 4045313
total_pgmajfault 324
total_inactive_anon 6529024
total_active_anon 57344
total_inactive_file 455884800
total_active_file 451317760
total_unevictable 0
--------------------BLKIO-----------------------
11:0 Read 0
11:0 Write 0
11:0 Sync 0
11:0 Async 0
11:0 Total 0
253:0 Read 3223564288
253:0 Write 249856
253:0 Sync 0
253:0 Async 3223814144
253:0 Total 3223814144
Total 3223814144
--------------------CPUAC-----------------------
user 2027
system 37498
--------------------MEMCG-----------------------
MEM ONLY  : 871 MB
MEM+SWAP  : 871 MB
cache 907272192
rss 6516736
rss_huge 0
mapped_file 2125824
writeback 0
swap 0
pgpgin 18554136
pgpgout 18331043
pgfault 4045313
pgmajfault 324
inactive_anon 6529024
active_anon 57344
inactive_file 455884800
active_file 451317760
unevictable 0
hierarchical_memory_limit 999997440
hierarchical_memsw_limit 9223372036854771712
total_cache 907272192
total_rss 6516736
total_rss_huge 0
total_mapped_file 2125824
total_writeback 0
total_swap 0
total_pgpgin 18554136
total_pgpgout 18331043
total_pgfault 4045313
total_pgmajfault 324
total_inactive_anon 6529024
total_active_anon 57344
total_inactive_file 455884800
total_active_file 451317760
total_unevictable 0
--------------------BLKIO-----------------------
11:0 Read 0
11:0 Write 0
11:0 Sync 0
11:0 Async 0
11:0 Total 0
253:0 Read 3223564288
253:0 Write 249856
253:0 Sync 0
253:0 Async 3223814144
253:0 Total 3223814144
Total 3223814144
--------------------CPUAC-----------------------
user 2027
system 37498
--------------------MEMCG-----------------------
MEM ONLY  : 871 MB
MEM+SWAP  : 871 MB
cache 907272192
rss 6516736
rss_huge 0
mapped_file 2125824
writeback 0
swap 0
pgpgin 18554136
pgpgout 18331043
pgfault 4045313
pgmajfault 324
inactive_anon 6529024
active_anon 57344
inactive_file 455884800
active_file 451317760
unevictable 0
hierarchical_memory_limit 999997440
hierarchical_memsw_limit 9223372036854771712
total_cache 907272192
total_rss 6516736
total_rss_huge 0
total_mapped_file 2125824
total_writeback 0
total_swap 0
total_pgpgin 18554136
total_pgpgout 18331043
total_pgfault 4045313
total_pgmajfault 324
total_inactive_anon 6529024
total_active_anon 57344
total_inactive_file 455884800
total_active_file 451317760
total_unevictable 0
--------------------BLKIO-----------------------
11:0 Read 0
11:0 Write 0
11:0 Sync 0
11:0 Async 0
11:0 Total 0
253:0 Read 3223564288
253:0 Write 249856
253:0 Sync 0
253:0 Async 3223814144
253:0 Total 3223814144
Total 3223814144
--------------------CPUAC-----------------------
user 2027
system 37498
--------------------MEMCG-----------------------
MEM ONLY  : 871 MB
MEM+SWAP  : 871 MB
cache 907272192
rss 6516736
rss_huge 0
mapped_file 2125824
writeback 0
swap 0
pgpgin 18554136
pgpgout 18331043
pgfault 4045313
pgmajfault 324
inactive_anon 6529024
active_anon 57344
inactive_file 455884800
active_file 451317760
unevictable 0
hierarchical_memory_limit 999997440
hierarchical_memsw_limit 9223372036854771712
total_cache 907272192
total_rss 6516736
total_rss_huge 0
total_mapped_file 2125824
total_writeback 0
total_swap 0
total_pgpgin 18554136
total_pgpgout 18331043
total_pgfault 4045313
total_pgmajfault 324
total_inactive_anon 6529024
total_active_anon 57344
total_inactive_file 455884800
total_active_file 451317760
total_unevictable 0
--------------------BLKIO-----------------------
11:0 Read 0
11:0 Write 0
11:0 Sync 0
11:0 Async 0
11:0 Total 0
253:0 Read 3223564288
253:0 Write 249856
253:0 Sync 0
253:0 Async 3223814144
253:0 Total 3223814144
Total 3223814144
--------------------CPUAC-----------------------
user 2027
system 37498
--------------------MEMCG-----------------------
MEM ONLY  : 871 MB
MEM+SWAP  : 871 MB
cache 907272192
rss 6516736
rss_huge 0
mapped_file 2125824
writeback 0
swap 0
pgpgin 18554136
pgpgout 18331043
pgfault 4045313
pgmajfault 324
inactive_anon 6529024
active_anon 57344
inactive_file 455884800
active_file 451317760
unevictable 0
hierarchical_memory_limit 999997440
hierarchical_memsw_limit 9223372036854771712
total_cache 907272192
total_rss 6516736
total_rss_huge 0
total_mapped_file 2125824
total_writeback 0
total_swap 0
total_pgpgin 18554136
total_pgpgout 18331043
total_pgfault 4045313
total_pgmajfault 324
total_inactive_anon 6529024
total_active_anon 57344
total_inactive_file 455884800
total_active_file 451317760
total_unevictable 0
--------------------BLKIO-----------------------
11:0 Read 0
11:0 Write 0
11:0 Sync 0
11:0 Async 0
11:0 Total 0
253:0 Read 3223564288
253:0 Write 249856
253:0 Sync 0
253:0 Async 3223814144
253:0 Total 3223814144
Total 3223814144
--------------------CPUAC-----------------------
user 2027
system 37498
--------------------MEMCG-----------------------
MEM ONLY  : 871 MB
MEM+SWAP  : 871 MB
cache 907272192
rss 6516736
rss_huge 0
mapped_file 2125824
writeback 0
swap 0
pgpgin 18554136
pgpgout 18331043
pgfault 4045313
pgmajfault 324
inactive_anon 6529024
active_anon 57344
inactive_file 455884800
active_file 451317760
unevictable 0
hierarchical_memory_limit 999997440
hierarchical_memsw_limit 9223372036854771712
total_cache 907272192
total_rss 6516736
total_rss_huge 0
total_mapped_file 2125824
total_writeback 0
total_swap 0
total_pgpgin 18554136
total_pgpgout 18331043
total_pgfault 4045313
total_pgmajfault 324
total_inactive_anon 6529024
total_active_anon 57344
total_inactive_file 455884800
total_active_file 451317760
total_unevictable 0
--------------------BLKIO-----------------------
11:0 Read 0
11:0 Write 0
11:0 Sync 0
11:0 Async 0
11:0 Total 0
253:0 Read 3223564288
253:0 Write 249856
253:0 Sync 0
253:0 Async 3223814144
253:0 Total 3223814144
Total 3223814144
--------------------CPUAC-----------------------
user 2027
system 37498
--------------------MEMCG-----------------------
MEM ONLY  : 871 MB
MEM+SWAP  : 871 MB
cache 907272192
rss 6516736
rss_huge 0
mapped_file 2125824
writeback 0
swap 0
pgpgin 18554136
pgpgout 18331043
pgfault 4045313
pgmajfault 324
inactive_anon 6529024
active_anon 57344
inactive_file 455884800
active_file 451317760
unevictable 0
hierarchical_memory_limit 999997440
hierarchical_memsw_limit 9223372036854771712
total_cache 907272192
total_rss 6516736
total_rss_huge 0
total_mapped_file 2125824
total_writeback 0
total_swap 0
total_pgpgin 18554136
total_pgpgout 18331043
total_pgfault 4045313
total_pgmajfault 324
total_inactive_anon 6529024
total_active_anon 57344
total_inactive_file 455884800
total_active_file 451317760
total_unevictable 0
--------------------BLKIO-----------------------
11:0 Read 0
11:0 Write 0
11:0 Sync 0
11:0 Async 0
11:0 Total 0
253:0 Read 3223564288
253:0 Write 249856
253:0 Sync 0
253:0 Async 3223814144
253:0 Total 3223814144
Total 3223814144
--------------------CPUAC-----------------------
user 2027
system 37498
--------------------MEMCG-----------------------
MEM ONLY  : 871 MB
MEM+SWAP  : 871 MB
cache 907272192
rss 6516736
rss_huge 0
mapped_file 2125824
writeback 0
swap 0
pgpgin 18554136
pgpgout 18331043
pgfault 4045313
pgmajfault 324
inactive_anon 6529024
active_anon 57344
inactive_file 455884800
active_file 451317760
unevictable 0
hierarchical_memory_limit 999997440
hierarchical_memsw_limit 9223372036854771712
total_cache 907272192
total_rss 6516736
total_rss_huge 0
total_mapped_file 2125824
total_writeback 0
total_swap 0
total_pgpgin 18554136
total_pgpgout 18331043
total_pgfault 4045313
total_pgmajfault 324
total_inactive_anon 6529024
total_active_anon 57344
total_inactive_file 455884800
total_active_file 451317760
total_unevictable 0
--------------------BLKIO-----------------------
11:0 Read 0
11:0 Write 0
11:0 Sync 0
11:0 Async 0
11:0 Total 0
253:0 Read 3223564288
253:0 Write 249856
253:0 Sync 0
253:0 Async 3223814144
253:0 Total 3223814144
Total 3223814144
--------------------CPUAC-----------------------
user 2027
system 37498
--------------------MEMCG-----------------------
MEM ONLY  : 871 MB
MEM+SWAP  : 871 MB
cache 907272192
rss 6516736
rss_huge 0
mapped_file 2125824
writeback 0
swap 0
pgpgin 18554136
pgpgout 18331043
pgfault 4045313
pgmajfault 324
inactive_anon 6529024
active_anon 57344
inactive_file 455884800
active_file 451317760
unevictable 0
hierarchical_memory_limit 999997440
hierarchical_memsw_limit 9223372036854771712
total_cache 907272192
total_rss 6516736
total_rss_huge 0
total_mapped_file 2125824
total_writeback 0
total_swap 0
total_pgpgin 18554136
total_pgpgout 18331043
total_pgfault 4045313
total_pgmajfault 324
total_inactive_anon 6529024
total_active_anon 57344
total_inactive_file 455884800
total_active_file 451317760
total_unevictable 0
--------------------BLKIO-----------------------
11:0 Read 0
11:0 Write 0
11:0 Sync 0
11:0 Async 0
11:0 Total 0
253:0 Read 3223564288
253:0 Write 249856
253:0 Sync 0
253:0 Async 3223814144
253:0 Total 3223814144
Total 3223814144
--------------------CPUAC-----------------------
user 2027
system 37498
--------------------MEMCG-----------------------
MEM ONLY  : 871 MB
MEM+SWAP  : 871 MB
cache 907272192
rss 6516736
rss_huge 0
mapped_file 2125824
writeback 0
swap 0
pgpgin 18554136
pgpgout 18331043
pgfault 4045313
pgmajfault 324
inactive_anon 6529024
active_anon 57344
inactive_file 455884800
active_file 451317760
unevictable 0
hierarchical_memory_limit 999997440
hierarchical_memsw_limit 9223372036854771712
total_cache 907272192
total_rss 6516736
total_rss_huge 0
total_mapped_file 2125824
total_writeback 0
total_swap 0
total_pgpgin 18554136
total_pgpgout 18331043
total_pgfault 4045313
total_pgmajfault 324
total_inactive_anon 6529024
total_active_anon 57344
total_inactive_file 455884800
total_active_file 451317760
total_unevictable 0
--------------------BLKIO-----------------------
11:0 Read 0
11:0 Write 0
11:0 Sync 0
11:0 Async 0
11:0 Total 0
253:0 Read 3223564288
253:0 Write 249856
253:0 Sync 0
253:0 Async 3223814144
253:0 Total 3223814144
Total 3223814144
--------------------CPUAC-----------------------
user 2027
system 37498
--------------------MEMCG-----------------------
MEM ONLY  : 871 MB
MEM+SWAP  : 871 MB
cache 907272192
rss 6516736
rss_huge 0
mapped_file 2125824
writeback 0
swap 0
pgpgin 18554136
pgpgout 18331043
pgfault 4045313
pgmajfault 324
inactive_anon 6529024
active_anon 57344
inactive_file 455884800
active_file 451317760
unevictable 0
hierarchical_memory_limit 999997440
hierarchical_memsw_limit 9223372036854771712
total_cache 907272192
total_rss 6516736
total_rss_huge 0
total_mapped_file 2125824
total_writeback 0
total_swap 0
total_pgpgin 18554136
total_pgpgout 18331043
total_pgfault 4045313
total_pgmajfault 324
total_inactive_anon 6529024
total_active_anon 57344
total_inactive_file 455884800
total_active_file 451317760
total_unevictable 0
--------------------BLKIO-----------------------
11:0 Read 0
11:0 Write 0
11:0 Sync 0
11:0 Async 0
11:0 Total 0
253:0 Read 3223564288
253:0 Write 249856
253:0 Sync 0
253:0 Async 3223814144
253:0 Total 3223814144
Total 3223814144
--------------------CPUAC-----------------------
user 2027
system 37498
--------------------MEMCG-----------------------
MEM ONLY  : 871 MB
MEM+SWAP  : 871 MB
cache 907272192
rss 6516736
rss_huge 0
mapped_file 2125824
writeback 0
swap 0
pgpgin 18554136
pgpgout 18331043
pgfault 4045313
pgmajfault 324
inactive_anon 6529024
active_anon 57344
inactive_file 455884800
active_file 451317760
unevictable 0
hierarchical_memory_limit 999997440
hierarchical_memsw_limit 9223372036854771712
total_cache 907272192
total_rss 6516736
total_rss_huge 0
total_mapped_file 2125824
total_writeback 0
total_swap 0
total_pgpgin 18554136
total_pgpgout 18331043
total_pgfault 4045313
total_pgmajfault 324
total_inactive_anon 6529024
total_active_anon 57344
total_inactive_file 455884800
total_active_file 451317760
total_unevictable 0
--------------------BLKIO-----------------------
11:0 Read 0
11:0 Write 0
11:0 Sync 0
11:0 Async 0
11:0 Total 0
253:0 Read 3223564288
253:0 Write 249856
253:0 Sync 0
253:0 Async 3223814144
253:0 Total 3223814144
Total 3223814144
--------------------CPUAC-----------------------
user 2027
system 37498
--------------------MEMCG-----------------------
MEM ONLY  : 871 MB
MEM+SWAP  : 871 MB
cache 907272192
rss 6516736
rss_huge 0
mapped_file 2125824
writeback 0
swap 0
pgpgin 18554136
pgpgout 18331043
pgfault 4045313
pgmajfault 324
inactive_anon 6529024
active_anon 57344
inactive_file 455884800
active_file 451317760
unevictable 0
hierarchical_memory_limit 999997440
hierarchical_memsw_limit 9223372036854771712
total_cache 907272192
total_rss 6516736
total_rss_huge 0
total_mapped_file 2125824
total_writeback 0
total_swap 0
total_pgpgin 18554136
total_pgpgout 18331043
total_pgfault 4045313
total_pgmajfault 324
total_inactive_anon 6529024
total_active_anon 57344
total_inactive_file 455884800
total_active_file 451317760
total_unevictable 0
--------------------BLKIO-----------------------
11:0 Read 0
11:0 Write 0
11:0 Sync 0
11:0 Async 0
11:0 Total 0
253:0 Read 3223564288
253:0 Write 249856
253:0 Sync 0
253:0 Async 3223814144
253:0 Total 3223814144
Total 3223814144
--------------------CPUAC-----------------------
user 2027
system 37498
--------------------MEMCG-----------------------
MEM ONLY  : 871 MB
MEM+SWAP  : 871 MB
cache 907272192
rss 6516736
rss_huge 0
mapped_file 2125824
writeback 0
swap 0
pgpgin 18554136
pgpgout 18331043
pgfault 4045313
pgmajfault 324
inactive_anon 6529024
active_anon 57344
inactive_file 455884800
active_file 451317760
unevictable 0
hierarchical_memory_limit 999997440
hierarchical_memsw_limit 9223372036854771712
total_cache 907272192
total_rss 6516736
total_rss_huge 0
total_mapped_file 2125824
total_writeback 0
total_swap 0
total_pgpgin 18554136
total_pgpgout 18331043
total_pgfault 4045313
total_pgmajfault 324
total_inactive_anon 6529024
total_active_anon 57344
total_inactive_file 455884800
total_active_file 451317760
total_unevictable 0
--------------------BLKIO-----------------------
11:0 Read 0
11:0 Write 0
11:0 Sync 0
11:0 Async 0
11:0 Total 0
253:0 Read 3223564288
253:0 Write 249856
253:0 Sync 0
253:0 Async 3223814144
253:0 Total 3223814144
Total 3223814144
--------------------CPUAC-----------------------
user 2027
system 37498
--------------------MEMCG-----------------------
MEM ONLY  : 871 MB
MEM+SWAP  : 871 MB
cache 907272192
rss 6516736
rss_huge 0
mapped_file 2125824
writeback 0
swap 0
pgpgin 18554136
pgpgout 18331043
pgfault 4045313
pgmajfault 324
inactive_anon 6529024
active_anon 57344
inactive_file 455884800
active_file 451317760
unevictable 0
hierarchical_memory_limit 999997440
hierarchical_memsw_limit 9223372036854771712
total_cache 907272192
total_rss 6516736
total_rss_huge 0
total_mapped_file 2125824
total_writeback 0
total_swap 0
total_pgpgin 18554136
total_pgpgout 18331043
total_pgfault 4045313
total_pgmajfault 324
total_inactive_anon 6529024
total_active_anon 57344
total_inactive_file 455884800
total_active_file 451317760
total_unevictable 0
--------------------BLKIO-----------------------
11:0 Read 0
11:0 Write 0
11:0 Sync 0
11:0 Async 0
11:0 Total 0
253:0 Read 3223564288
253:0 Write 249856
253:0 Sync 0
253:0 Async 3223814144
253:0 Total 3223814144
Total 3223814144
--------------------CPUAC-----------------------
user 2027
system 37498
--------------------MEMCG-----------------------
MEM ONLY  : 871 MB
MEM+SWAP  : 871 MB
cache 907272192
rss 6516736
rss_huge 0
mapped_file 2125824
writeback 0
swap 0
pgpgin 18554136
pgpgout 18331043
pgfault 4045313
pgmajfault 324
inactive_anon 6529024
active_anon 57344
inactive_file 455884800
active_file 451317760
unevictable 0
hierarchical_memory_limit 999997440
hierarchical_memsw_limit 9223372036854771712
total_cache 907272192
total_rss 6516736
total_rss_huge 0
total_mapped_file 2125824
total_writeback 0
total_swap 0
total_pgpgin 18554136
total_pgpgout 18331043
total_pgfault 4045313
total_pgmajfault 324
total_inactive_anon 6529024
total_active_anon 57344
total_inactive_file 455884800
total_active_file 451317760
total_unevictable 0
--------------------BLKIO-----------------------
11:0 Read 0
11:0 Write 0
11:0 Sync 0
11:0 Async 0
11:0 Total 0
253:0 Read 3223564288
253:0 Write 249856
253:0 Sync 0
253:0 Async 3223814144
253:0 Total 3223814144
Total 3223814144
--------------------CPUAC-----------------------
user 2027
system 37498
--------------------MEMCG-----------------------
MEM ONLY  : 871 MB
MEM+SWAP  : 871 MB
cache 907272192
rss 6516736
rss_huge 0
mapped_file 2125824
writeback 0
swap 0
pgpgin 18554136
pgpgout 18331043
pgfault 4045313
pgmajfault 324
inactive_anon 6529024
active_anon 57344
inactive_file 455884800
active_file 451317760
unevictable 0
hierarchical_memory_limit 999997440
hierarchical_memsw_limit 9223372036854771712
total_cache 907272192
total_rss 6516736
total_rss_huge 0
total_mapped_file 2125824
total_writeback 0
total_swap 0
total_pgpgin 18554136
total_pgpgout 18331043
total_pgfault 4045313
total_pgmajfault 324
total_inactive_anon 6529024
total_active_anon 57344
total_inactive_file 455884800
total_active_file 451317760
total_unevictable 0
--------------------BLKIO-----------------------
11:0 Read 0
11:0 Write 0
11:0 Sync 0
11:0 Async 0
11:0 Total 0
253:0 Read 3223564288
253:0 Write 249856
253:0 Sync 0
253:0 Async 3223814144
253:0 Total 3223814144
Total 3223814144
--------------------CPUAC-----------------------
user 2027
system 37498
--------------------MEMCG-----------------------
MEM ONLY  : 871 MB
MEM+SWAP  : 871 MB
cache 907272192
rss 6516736
rss_huge 0
mapped_file 2125824
writeback 0
swap 0
pgpgin 18554136
pgpgout 18331043
pgfault 4045313
pgmajfault 324
inactive_anon 6529024
active_anon 57344
inactive_file 455884800
active_file 451317760
unevictable 0
hierarchical_memory_limit 999997440
hierarchical_memsw_limit 9223372036854771712
total_cache 907272192
total_rss 6516736
total_rss_huge 0
total_mapped_file 2125824
total_writeback 0
total_swap 0
total_pgpgin 18554136
total_pgpgout 18331043
total_pgfault 4045313
total_pgmajfault 324
total_inactive_anon 6529024
total_active_anon 57344
total_inactive_file 455884800
total_active_file 451317760
total_unevictable 0
--------------------BLKIO-----------------------
11:0 Read 0
11:0 Write 0
11:0 Sync 0
11:0 Async 0
11:0 Total 0
253:0 Read 3223564288
253:0 Write 249856
253:0 Sync 0
253:0 Async 3223814144
253:0 Total 3223814144
Total 3223814144
--------------------CPUAC-----------------------
user 2027
system 37498
--------------------MEMCG-----------------------
MEM ONLY  : 871 MB
MEM+SWAP  : 871 MB
cache 907272192
rss 6516736
rss_huge 0
mapped_file 2125824
writeback 0
swap 0
pgpgin 18554136
pgpgout 18331043
pgfault 4045313
pgmajfault 324
inactive_anon 6529024
active_anon 57344
inactive_file 455884800
active_file 451317760
unevictable 0
hierarchical_memory_limit 999997440
hierarchical_memsw_limit 9223372036854771712
total_cache 907272192
total_rss 6516736
total_rss_huge 0
total_mapped_file 2125824
total_writeback 0
total_swap 0
total_pgpgin 18554136
total_pgpgout 18331043
total_pgfault 4045313
total_pgmajfault 324
total_inactive_anon 6529024
total_active_anon 57344
total_inactive_file 455884800
total_active_file 451317760
total_unevictable 0
--------------------BLKIO-----------------------
11:0 Read 0
11:0 Write 0
11:0 Sync 0
11:0 Async 0
11:0 Total 0
253:0 Read 3223564288
253:0 Write 249856
253:0 Sync 0
253:0 Async 3223814144
253:0 Total 3223814144
Total 3223814144
--------------------CPUAC-----------------------
user 2027
system 37498
--------------------MEMCG-----------------------
MEM ONLY  : 871 MB
MEM+SWAP  : 871 MB
cache 907272192
rss 6516736
rss_huge 0
mapped_file 2125824
writeback 0
swap 0
pgpgin 18554136
pgpgout 18331043
pgfault 4045313
pgmajfault 324
inactive_anon 6529024
active_anon 57344
inactive_file 455884800
active_file 451317760
unevictable 0
hierarchical_memory_limit 999997440
hierarchical_memsw_limit 9223372036854771712
total_cache 907272192
total_rss 6516736
total_rss_huge 0
total_mapped_file 2125824
total_writeback 0
total_swap 0
total_pgpgin 18554136
total_pgpgout 18331043
total_pgfault 4045313
total_pgmajfault 324
total_inactive_anon 6529024
total_active_anon 57344
total_inactive_file 455884800
total_active_file 451317760
total_unevictable 0
--------------------BLKIO-----------------------
11:0 Read 0
11:0 Write 0
11:0 Sync 0
11:0 Async 0
11:0 Total 0
253:0 Read 3223564288
253:0 Write 249856
253:0 Sync 0
253:0 Async 3223814144
253:0 Total 3223814144
Total 3223814144
--------------------CPUAC-----------------------
user 2027
system 37498
--------------------MEMCG-----------------------
MEM ONLY  : 871 MB
MEM+SWAP  : 871 MB
cache 907272192
rss 6516736
rss_huge 0
mapped_file 2125824
writeback 0
swap 0
pgpgin 18554136
pgpgout 18331043
pgfault 4045313
pgmajfault 324
inactive_anon 6529024
active_anon 57344
inactive_file 455884800
active_file 451317760
unevictable 0
hierarchical_memory_limit 999997440
hierarchical_memsw_limit 9223372036854771712
total_cache 907272192
total_rss 6516736
total_rss_huge 0
total_mapped_file 2125824
total_writeback 0
total_swap 0
total_pgpgin 18554136
total_pgpgout 18331043
total_pgfault 4045313
total_pgmajfault 324
total_inactive_anon 6529024
total_active_anon 57344
total_inactive_file 455884800
total_active_file 451317760
total_unevictable 0
--------------------BLKIO-----------------------
11:0 Read 0
11:0 Write 0
11:0 Sync 0
11:0 Async 0
11:0 Total 0
253:0 Read 3223564288
253:0 Write 249856
253:0 Sync 0
253:0 Async 3223814144
253:0 Total 3223814144
Total 3223814144
--------------------CPUAC-----------------------
user 2027
system 37498
--------------------MEMCG-----------------------
MEM ONLY  : 871 MB
MEM+SWAP  : 871 MB
cache 907272192
rss 6516736
rss_huge 0
mapped_file 2125824
writeback 0
swap 0
pgpgin 18554136
pgpgout 18331043
pgfault 4045313
pgmajfault 324
inactive_anon 6529024
active_anon 57344
inactive_file 455884800
active_file 451317760
unevictable 0
hierarchical_memory_limit 999997440
hierarchical_memsw_limit 9223372036854771712
total_cache 907272192
total_rss 6516736
total_rss_huge 0
total_mapped_file 2125824
total_writeback 0
total_swap 0
total_pgpgin 18554136
total_pgpgout 18331043
total_pgfault 4045313
total_pgmajfault 324
total_inactive_anon 6529024
total_active_anon 57344
total_inactive_file 455884800
total_active_file 451317760
total_unevictable 0
--------------------BLKIO-----------------------
11:0 Read 0
11:0 Write 0
11:0 Sync 0
11:0 Async 0
11:0 Total 0
253:0 Read 3223564288
253:0 Write 249856
253:0 Sync 0
253:0 Async 3223814144
253:0 Total 3223814144
Total 3223814144
--------------------CPUAC-----------------------
user 2027
system 37498
