--------------------MEMCG-----------------------
MEM ONLY  : 27 MB
MEM+SWAP  : 27 MB
cache 22269952
rss 6500352
rss_huge 0
mapped_file 7647232
writeback 0
swap 0
pgpgin 78252
pgpgout 71228
pgfault 175446
pgmajfault 183
inactive_anon 40960
active_anon 6529024
inactive_file 9945088
active_file 12255232
unevictable 0
hierarchical_memory_limit 999997440
hierarchical_memsw_limit 9223372036854771712
total_cache 22269952
total_rss 6500352
total_rss_huge 0
total_mapped_file 7647232
total_writeback 0
total_swap 0
total_pgpgin 78252
total_pgpgout 71228
total_pgfault 175446
total_pgmajfault 183
total_inactive_anon 40960
total_active_anon 6529024
total_inactive_file 9945088
total_active_file 12255232
total_unevictable 0
--------------------BLKIO-----------------------
11:0 Read 0
11:0 Write 0
11:0 Sync 0
11:0 Async 0
11:0 Total 0
253:0 Read 21905408
253:0 Write 241664
253:0 Sync 0
253:0 Async 22147072
253:0 Total 22147072
Total 22147072
--------------------CPUAC-----------------------
user 45
system 79
--------------------MEMCG-----------------------
MEM ONLY  : 27 MB
MEM+SWAP  : 27 MB
cache 22269952
rss 6500352
rss_huge 0
mapped_file 7647232
writeback 0
swap 0
pgpgin 78252
pgpgout 71228
pgfault 175446
pgmajfault 183
inactive_anon 40960
active_anon 6529024
inactive_file 9945088
active_file 12255232
unevictable 0
hierarchical_memory_limit 999997440
hierarchical_memsw_limit 9223372036854771712
total_cache 22269952
total_rss 6500352
total_rss_huge 0
total_mapped_file 7647232
total_writeback 0
total_swap 0
total_pgpgin 78252
total_pgpgout 71228
total_pgfault 175446
total_pgmajfault 183
total_inactive_anon 40960
total_active_anon 6529024
total_inactive_file 9945088
total_active_file 12255232
total_unevictable 0
--------------------BLKIO-----------------------
11:0 Read 0
11:0 Write 0
11:0 Sync 0
11:0 Async 0
11:0 Total 0
253:0 Read 21905408
253:0 Write 241664
253:0 Sync 0
253:0 Async 22147072
253:0 Total 22147072
Total 22147072
--------------------CPUAC-----------------------
user 45
system 79
--------------------MEMCG-----------------------
MEM ONLY  : 27 MB
MEM+SWAP  : 27 MB
cache 22269952
rss 6500352
rss_huge 0
mapped_file 7647232
writeback 0
swap 0
pgpgin 78252
pgpgout 71228
pgfault 175446
pgmajfault 183
inactive_anon 40960
active_anon 6529024
inactive_file 9945088
active_file 12255232
unevictable 0
hierarchical_memory_limit 999997440
hierarchical_memsw_limit 9223372036854771712
total_cache 22269952
total_rss 6500352
total_rss_huge 0
total_mapped_file 7647232
total_writeback 0
total_swap 0
total_pgpgin 78252
total_pgpgout 71228
total_pgfault 175446
total_pgmajfault 183
total_inactive_anon 40960
total_active_anon 6529024
total_inactive_file 9945088
total_active_file 12255232
total_unevictable 0
--------------------BLKIO-----------------------
11:0 Read 0
11:0 Write 0
11:0 Sync 0
11:0 Async 0
11:0 Total 0
253:0 Read 21905408
253:0 Write 241664
253:0 Sync 0
253:0 Async 22147072
253:0 Total 22147072
Total 22147072
--------------------CPUAC-----------------------
user 45
system 79
--------------------MEMCG-----------------------
MEM ONLY  : 27 MB
MEM+SWAP  : 27 MB
cache 22269952
rss 6500352
rss_huge 0
mapped_file 7647232
writeback 0
swap 0
pgpgin 78252
pgpgout 71228
pgfault 175446
pgmajfault 183
inactive_anon 40960
active_anon 6529024
inactive_file 9945088
active_file 12255232
unevictable 0
hierarchical_memory_limit 999997440
hierarchical_memsw_limit 9223372036854771712
total_cache 22269952
total_rss 6500352
total_rss_huge 0
total_mapped_file 7647232
total_writeback 0
total_swap 0
total_pgpgin 78252
total_pgpgout 71228
total_pgfault 175446
total_pgmajfault 183
total_inactive_anon 40960
total_active_anon 6529024
total_inactive_file 9945088
total_active_file 12255232
total_unevictable 0
--------------------BLKIO-----------------------
11:0 Read 0
11:0 Write 0
11:0 Sync 0
11:0 Async 0
11:0 Total 0
253:0 Read 21905408
253:0 Write 241664
253:0 Sync 0
253:0 Async 22147072
253:0 Total 22147072
Total 22147072
--------------------CPUAC-----------------------
user 45
system 79
--------------------MEMCG-----------------------
MEM ONLY  : 27 MB
MEM+SWAP  : 27 MB
cache 22269952
rss 6500352
rss_huge 0
mapped_file 7647232
writeback 0
swap 0
pgpgin 78252
pgpgout 71228
pgfault 175446
pgmajfault 183
inactive_anon 40960
active_anon 6529024
inactive_file 9945088
active_file 12255232
unevictable 0
hierarchical_memory_limit 999997440
hierarchical_memsw_limit 9223372036854771712
total_cache 22269952
total_rss 6500352
total_rss_huge 0
total_mapped_file 7647232
total_writeback 0
total_swap 0
total_pgpgin 78252
total_pgpgout 71228
total_pgfault 175446
total_pgmajfault 183
total_inactive_anon 40960
total_active_anon 6529024
total_inactive_file 9945088
total_active_file 12255232
total_unevictable 0
--------------------BLKIO-----------------------
11:0 Read 0
11:0 Write 0
11:0 Sync 0
11:0 Async 0
11:0 Total 0
253:0 Read 21905408
253:0 Write 241664
253:0 Sync 0
253:0 Async 22147072
253:0 Total 22147072
Total 22147072
--------------------CPUAC-----------------------
user 45
system 79
--------------------MEMCG-----------------------
MEM ONLY  : 27 MB
MEM+SWAP  : 27 MB
cache 22269952
rss 6500352
rss_huge 0
mapped_file 7647232
writeback 0
swap 0
pgpgin 78252
pgpgout 71228
pgfault 175446
pgmajfault 183
inactive_anon 40960
active_anon 6529024
inactive_file 9945088
active_file 12255232
unevictable 0
hierarchical_memory_limit 999997440
hierarchical_memsw_limit 9223372036854771712
total_cache 22269952
total_rss 6500352
total_rss_huge 0
total_mapped_file 7647232
total_writeback 0
total_swap 0
total_pgpgin 78252
total_pgpgout 71228
total_pgfault 175446
total_pgmajfault 183
total_inactive_anon 40960
total_active_anon 6529024
total_inactive_file 9945088
total_active_file 12255232
total_unevictable 0
--------------------BLKIO-----------------------
11:0 Read 0
11:0 Write 0
11:0 Sync 0
11:0 Async 0
11:0 Total 0
253:0 Read 21905408
253:0 Write 241664
253:0 Sync 0
253:0 Async 22147072
253:0 Total 22147072
Total 22147072
--------------------CPUAC-----------------------
user 45
system 79
--------------------MEMCG-----------------------
MEM ONLY  : 27 MB
MEM+SWAP  : 27 MB
cache 22269952
rss 6500352
rss_huge 0
mapped_file 7647232
writeback 0
swap 0
pgpgin 78252
pgpgout 71228
pgfault 175446
pgmajfault 183
inactive_anon 40960
active_anon 6529024
inactive_file 9945088
active_file 12255232
unevictable 0
hierarchical_memory_limit 999997440
hierarchical_memsw_limit 9223372036854771712
total_cache 22269952
total_rss 6500352
total_rss_huge 0
total_mapped_file 7647232
total_writeback 0
total_swap 0
total_pgpgin 78252
total_pgpgout 71228
total_pgfault 175446
total_pgmajfault 183
total_inactive_anon 40960
total_active_anon 6529024
total_inactive_file 9945088
total_active_file 12255232
total_unevictable 0
--------------------BLKIO-----------------------
11:0 Read 0
11:0 Write 0
11:0 Sync 0
11:0 Async 0
11:0 Total 0
253:0 Read 21905408
253:0 Write 241664
253:0 Sync 0
253:0 Async 22147072
253:0 Total 22147072
Total 22147072
--------------------CPUAC-----------------------
user 45
system 79
--------------------MEMCG-----------------------
MEM ONLY  : 27 MB
MEM+SWAP  : 27 MB
cache 22269952
rss 6500352
rss_huge 0
mapped_file 7647232
writeback 0
swap 0
pgpgin 78252
pgpgout 71228
pgfault 175446
pgmajfault 183
inactive_anon 40960
active_anon 6529024
inactive_file 9945088
active_file 12255232
unevictable 0
hierarchical_memory_limit 999997440
hierarchical_memsw_limit 9223372036854771712
total_cache 22269952
total_rss 6500352
total_rss_huge 0
total_mapped_file 7647232
total_writeback 0
total_swap 0
total_pgpgin 78252
total_pgpgout 71228
total_pgfault 175446
total_pgmajfault 183
total_inactive_anon 40960
total_active_anon 6529024
total_inactive_file 9945088
total_active_file 12255232
total_unevictable 0
--------------------BLKIO-----------------------
11:0 Read 0
11:0 Write 0
11:0 Sync 0
11:0 Async 0
11:0 Total 0
253:0 Read 21905408
253:0 Write 241664
253:0 Sync 0
253:0 Async 22147072
253:0 Total 22147072
Total 22147072
--------------------CPUAC-----------------------
user 45
system 79
--------------------MEMCG-----------------------
MEM ONLY  : 27 MB
MEM+SWAP  : 27 MB
cache 22269952
rss 6500352
rss_huge 0
mapped_file 7647232
writeback 0
swap 0
pgpgin 78252
pgpgout 71228
pgfault 175446
pgmajfault 183
inactive_anon 40960
active_anon 6529024
inactive_file 9945088
active_file 12255232
unevictable 0
hierarchical_memory_limit 999997440
hierarchical_memsw_limit 9223372036854771712
total_cache 22269952
total_rss 6500352
total_rss_huge 0
total_mapped_file 7647232
total_writeback 0
total_swap 0
total_pgpgin 78252
total_pgpgout 71228
total_pgfault 175446
total_pgmajfault 183
total_inactive_anon 40960
total_active_anon 6529024
total_inactive_file 9945088
total_active_file 12255232
total_unevictable 0
--------------------BLKIO-----------------------
11:0 Read 0
11:0 Write 0
11:0 Sync 0
11:0 Async 0
11:0 Total 0
253:0 Read 21905408
253:0 Write 241664
253:0 Sync 0
253:0 Async 22147072
253:0 Total 22147072
Total 22147072
--------------------CPUAC-----------------------
user 45
system 79
--------------------MEMCG-----------------------
MEM ONLY  : 27 MB
MEM+SWAP  : 27 MB
cache 22269952
rss 6500352
rss_huge 0
mapped_file 7647232
writeback 0
swap 0
pgpgin 78252
pgpgout 71228
pgfault 175446
pgmajfault 183
inactive_anon 40960
active_anon 6529024
inactive_file 9945088
active_file 12255232
unevictable 0
hierarchical_memory_limit 999997440
hierarchical_memsw_limit 9223372036854771712
total_cache 22269952
total_rss 6500352
total_rss_huge 0
total_mapped_file 7647232
total_writeback 0
total_swap 0
total_pgpgin 78252
total_pgpgout 71228
total_pgfault 175446
total_pgmajfault 183
total_inactive_anon 40960
total_active_anon 6529024
total_inactive_file 9945088
total_active_file 12255232
total_unevictable 0
--------------------BLKIO-----------------------
11:0 Read 0
11:0 Write 0
11:0 Sync 0
11:0 Async 0
11:0 Total 0
253:0 Read 21905408
253:0 Write 241664
253:0 Sync 0
253:0 Async 22147072
253:0 Total 22147072
Total 22147072
--------------------CPUAC-----------------------
user 45
system 79
--------------------MEMCG-----------------------
MEM ONLY  : 27 MB
MEM+SWAP  : 27 MB
cache 22269952
rss 6500352
rss_huge 0
mapped_file 7647232
writeback 0
swap 0
pgpgin 78252
pgpgout 71228
pgfault 175446
pgmajfault 183
inactive_anon 40960
active_anon 6529024
inactive_file 9945088
active_file 12255232
unevictable 0
hierarchical_memory_limit 999997440
hierarchical_memsw_limit 9223372036854771712
total_cache 22269952
total_rss 6500352
total_rss_huge 0
total_mapped_file 7647232
total_writeback 0
total_swap 0
total_pgpgin 78252
total_pgpgout 71228
total_pgfault 175446
total_pgmajfault 183
total_inactive_anon 40960
total_active_anon 6529024
total_inactive_file 9945088
total_active_file 12255232
total_unevictable 0
--------------------BLKIO-----------------------
11:0 Read 0
11:0 Write 0
11:0 Sync 0
11:0 Async 0
11:0 Total 0
253:0 Read 21905408
253:0 Write 241664
253:0 Sync 0
253:0 Async 22147072
253:0 Total 22147072
Total 22147072
--------------------CPUAC-----------------------
user 45
system 79
--------------------MEMCG-----------------------
MEM ONLY  : 27 MB
MEM+SWAP  : 27 MB
cache 22269952
rss 6500352
rss_huge 0
mapped_file 7647232
writeback 0
swap 0
pgpgin 78252
pgpgout 71228
pgfault 175446
pgmajfault 183
inactive_anon 40960
active_anon 6529024
inactive_file 9945088
active_file 12255232
unevictable 0
hierarchical_memory_limit 999997440
hierarchical_memsw_limit 9223372036854771712
total_cache 22269952
total_rss 6500352
total_rss_huge 0
total_mapped_file 7647232
total_writeback 0
total_swap 0
total_pgpgin 78252
total_pgpgout 71228
total_pgfault 175446
total_pgmajfault 183
total_inactive_anon 40960
total_active_anon 6529024
total_inactive_file 9945088
total_active_file 12255232
total_unevictable 0
--------------------BLKIO-----------------------
11:0 Read 0
11:0 Write 0
11:0 Sync 0
11:0 Async 0
11:0 Total 0
253:0 Read 21905408
253:0 Write 241664
253:0 Sync 0
253:0 Async 22147072
253:0 Total 22147072
Total 22147072
--------------------CPUAC-----------------------
user 45
system 79
--------------------MEMCG-----------------------
MEM ONLY  : 27 MB
MEM+SWAP  : 27 MB
cache 22269952
rss 6500352
rss_huge 0
mapped_file 7647232
writeback 0
swap 0
pgpgin 78252
pgpgout 71228
pgfault 175446
pgmajfault 183
inactive_anon 40960
active_anon 6529024
inactive_file 9945088
active_file 12255232
unevictable 0
hierarchical_memory_limit 999997440
hierarchical_memsw_limit 9223372036854771712
total_cache 22269952
total_rss 6500352
total_rss_huge 0
total_mapped_file 7647232
total_writeback 0
total_swap 0
total_pgpgin 78252
total_pgpgout 71228
total_pgfault 175446
total_pgmajfault 183
total_inactive_anon 40960
total_active_anon 6529024
total_inactive_file 9945088
total_active_file 12255232
total_unevictable 0
--------------------BLKIO-----------------------
11:0 Read 0
11:0 Write 0
11:0 Sync 0
11:0 Async 0
11:0 Total 0
253:0 Read 21905408
253:0 Write 241664
253:0 Sync 0
253:0 Async 22147072
253:0 Total 22147072
Total 22147072
--------------------CPUAC-----------------------
user 45
system 79
--------------------MEMCG-----------------------
MEM ONLY  : 27 MB
MEM+SWAP  : 27 MB
cache 22269952
rss 6500352
rss_huge 0
mapped_file 7647232
writeback 0
swap 0
pgpgin 78252
pgpgout 71228
pgfault 175446
pgmajfault 183
inactive_anon 40960
active_anon 6529024
inactive_file 9945088
active_file 12255232
unevictable 0
hierarchical_memory_limit 999997440
hierarchical_memsw_limit 9223372036854771712
total_cache 22269952
total_rss 6500352
total_rss_huge 0
total_mapped_file 7647232
total_writeback 0
total_swap 0
total_pgpgin 78252
total_pgpgout 71228
total_pgfault 175446
total_pgmajfault 183
total_inactive_anon 40960
total_active_anon 6529024
total_inactive_file 9945088
total_active_file 12255232
total_unevictable 0
--------------------BLKIO-----------------------
11:0 Read 0
11:0 Write 0
11:0 Sync 0
11:0 Async 0
11:0 Total 0
253:0 Read 21905408
253:0 Write 241664
253:0 Sync 0
253:0 Async 22147072
253:0 Total 22147072
Total 22147072
--------------------CPUAC-----------------------
user 45
system 79
--------------------MEMCG-----------------------
MEM ONLY  : 27 MB
MEM+SWAP  : 27 MB
cache 22269952
rss 6500352
rss_huge 0
mapped_file 7647232
writeback 0
swap 0
pgpgin 78252
pgpgout 71228
pgfault 175446
pgmajfault 183
inactive_anon 40960
active_anon 6529024
inactive_file 9945088
active_file 12255232
unevictable 0
hierarchical_memory_limit 999997440
hierarchical_memsw_limit 9223372036854771712
total_cache 22269952
total_rss 6500352
total_rss_huge 0
total_mapped_file 7647232
total_writeback 0
total_swap 0
total_pgpgin 78252
total_pgpgout 71228
total_pgfault 175446
total_pgmajfault 183
total_inactive_anon 40960
total_active_anon 6529024
total_inactive_file 9945088
total_active_file 12255232
total_unevictable 0
--------------------BLKIO-----------------------
11:0 Read 0
11:0 Write 0
11:0 Sync 0
11:0 Async 0
11:0 Total 0
253:0 Read 21905408
253:0 Write 241664
253:0 Sync 0
253:0 Async 22147072
253:0 Total 22147072
Total 22147072
--------------------CPUAC-----------------------
user 45
system 79
--------------------MEMCG-----------------------
MEM ONLY  : 27 MB
MEM+SWAP  : 27 MB
cache 22269952
rss 6500352
rss_huge 0
mapped_file 7647232
writeback 0
swap 0
pgpgin 78252
pgpgout 71228
pgfault 175446
pgmajfault 183
inactive_anon 40960
active_anon 6529024
inactive_file 9945088
active_file 12255232
unevictable 0
hierarchical_memory_limit 999997440
hierarchical_memsw_limit 9223372036854771712
total_cache 22269952
total_rss 6500352
total_rss_huge 0
total_mapped_file 7647232
total_writeback 0
total_swap 0
total_pgpgin 78252
total_pgpgout 71228
total_pgfault 175446
total_pgmajfault 183
total_inactive_anon 40960
total_active_anon 6529024
total_inactive_file 9945088
total_active_file 12255232
total_unevictable 0
--------------------BLKIO-----------------------
11:0 Read 0
11:0 Write 0
11:0 Sync 0
11:0 Async 0
11:0 Total 0
253:0 Read 21905408
253:0 Write 241664
253:0 Sync 0
253:0 Async 22147072
253:0 Total 22147072
Total 22147072
--------------------CPUAC-----------------------
user 45
system 79
--------------------MEMCG-----------------------
MEM ONLY  : 27 MB
MEM+SWAP  : 27 MB
cache 22269952
rss 6500352
rss_huge 0
mapped_file 7647232
writeback 0
swap 0
pgpgin 78252
pgpgout 71228
pgfault 175446
pgmajfault 183
inactive_anon 40960
active_anon 6529024
inactive_file 9945088
active_file 12255232
unevictable 0
hierarchical_memory_limit 999997440
hierarchical_memsw_limit 9223372036854771712
total_cache 22269952
total_rss 6500352
total_rss_huge 0
total_mapped_file 7647232
total_writeback 0
total_swap 0
total_pgpgin 78252
total_pgpgout 71228
total_pgfault 175446
total_pgmajfault 183
total_inactive_anon 40960
total_active_anon 6529024
total_inactive_file 9945088
total_active_file 12255232
total_unevictable 0
--------------------BLKIO-----------------------
11:0 Read 0
11:0 Write 0
11:0 Sync 0
11:0 Async 0
11:0 Total 0
253:0 Read 21905408
253:0 Write 241664
253:0 Sync 0
253:0 Async 22147072
253:0 Total 22147072
Total 22147072
--------------------CPUAC-----------------------
user 45
system 79
--------------------MEMCG-----------------------
MEM ONLY  : 27 MB
MEM+SWAP  : 27 MB
cache 22269952
rss 6500352
rss_huge 0
mapped_file 7647232
writeback 0
swap 0
pgpgin 78252
pgpgout 71228
pgfault 175446
pgmajfault 183
inactive_anon 40960
active_anon 6529024
inactive_file 9945088
active_file 12255232
unevictable 0
hierarchical_memory_limit 999997440
hierarchical_memsw_limit 9223372036854771712
total_cache 22269952
total_rss 6500352
total_rss_huge 0
total_mapped_file 7647232
total_writeback 0
total_swap 0
total_pgpgin 78252
total_pgpgout 71228
total_pgfault 175446
total_pgmajfault 183
total_inactive_anon 40960
total_active_anon 6529024
total_inactive_file 9945088
total_active_file 12255232
total_unevictable 0
--------------------BLKIO-----------------------
11:0 Read 0
11:0 Write 0
11:0 Sync 0
11:0 Async 0
11:0 Total 0
253:0 Read 21905408
253:0 Write 241664
253:0 Sync 0
253:0 Async 22147072
253:0 Total 22147072
Total 22147072
--------------------CPUAC-----------------------
user 45
system 79
--------------------MEMCG-----------------------
MEM ONLY  : 27 MB
MEM+SWAP  : 27 MB
cache 22269952
rss 6500352
rss_huge 0
mapped_file 7647232
writeback 0
swap 0
pgpgin 78252
pgpgout 71228
pgfault 175446
pgmajfault 183
inactive_anon 40960
active_anon 6529024
inactive_file 9945088
active_file 12255232
unevictable 0
hierarchical_memory_limit 999997440
hierarchical_memsw_limit 9223372036854771712
total_cache 22269952
total_rss 6500352
total_rss_huge 0
total_mapped_file 7647232
total_writeback 0
total_swap 0
total_pgpgin 78252
total_pgpgout 71228
total_pgfault 175446
total_pgmajfault 183
total_inactive_anon 40960
total_active_anon 6529024
total_inactive_file 9945088
total_active_file 12255232
total_unevictable 0
--------------------BLKIO-----------------------
11:0 Read 0
11:0 Write 0
11:0 Sync 0
11:0 Async 0
11:0 Total 0
253:0 Read 21905408
253:0 Write 241664
253:0 Sync 0
253:0 Async 22147072
253:0 Total 22147072
Total 22147072
--------------------CPUAC-----------------------
user 45
system 79
--------------------MEMCG-----------------------
MEM ONLY  : 27 MB
MEM+SWAP  : 27 MB
cache 22269952
rss 6500352
rss_huge 0
mapped_file 7647232
writeback 0
swap 0
pgpgin 78252
pgpgout 71228
pgfault 175446
pgmajfault 183
inactive_anon 40960
active_anon 6529024
inactive_file 9945088
active_file 12255232
unevictable 0
hierarchical_memory_limit 999997440
hierarchical_memsw_limit 9223372036854771712
total_cache 22269952
total_rss 6500352
total_rss_huge 0
total_mapped_file 7647232
total_writeback 0
total_swap 0
total_pgpgin 78252
total_pgpgout 71228
total_pgfault 175446
total_pgmajfault 183
total_inactive_anon 40960
total_active_anon 6529024
total_inactive_file 9945088
total_active_file 12255232
total_unevictable 0
--------------------BLKIO-----------------------
11:0 Read 0
11:0 Write 0
11:0 Sync 0
11:0 Async 0
11:0 Total 0
253:0 Read 21905408
253:0 Write 241664
253:0 Sync 0
253:0 Async 22147072
253:0 Total 22147072
Total 22147072
--------------------CPUAC-----------------------
user 45
system 79
--------------------MEMCG-----------------------
MEM ONLY  : 27 MB
MEM+SWAP  : 27 MB
cache 22269952
rss 6500352
rss_huge 0
mapped_file 7647232
writeback 0
swap 0
pgpgin 78252
pgpgout 71228
pgfault 175446
pgmajfault 183
inactive_anon 40960
active_anon 6529024
inactive_file 9945088
active_file 12255232
unevictable 0
hierarchical_memory_limit 999997440
hierarchical_memsw_limit 9223372036854771712
total_cache 22269952
total_rss 6500352
total_rss_huge 0
total_mapped_file 7647232
total_writeback 0
total_swap 0
total_pgpgin 78252
total_pgpgout 71228
total_pgfault 175446
total_pgmajfault 183
total_inactive_anon 40960
total_active_anon 6529024
total_inactive_file 9945088
total_active_file 12255232
total_unevictable 0
--------------------BLKIO-----------------------
11:0 Read 0
11:0 Write 0
11:0 Sync 0
11:0 Async 0
11:0 Total 0
253:0 Read 21905408
253:0 Write 241664
253:0 Sync 0
253:0 Async 22147072
253:0 Total 22147072
Total 22147072
--------------------CPUAC-----------------------
user 45
system 79
--------------------MEMCG-----------------------
MEM ONLY  : 27 MB
MEM+SWAP  : 27 MB
cache 22269952
rss 6500352
rss_huge 0
mapped_file 7647232
writeback 0
swap 0
pgpgin 78252
pgpgout 71228
pgfault 175446
pgmajfault 183
inactive_anon 40960
active_anon 6529024
inactive_file 9945088
active_file 12255232
unevictable 0
hierarchical_memory_limit 999997440
hierarchical_memsw_limit 9223372036854771712
total_cache 22269952
total_rss 6500352
total_rss_huge 0
total_mapped_file 7647232
total_writeback 0
total_swap 0
total_pgpgin 78252
total_pgpgout 71228
total_pgfault 175446
total_pgmajfault 183
total_inactive_anon 40960
total_active_anon 6529024
total_inactive_file 9945088
total_active_file 12255232
total_unevictable 0
--------------------BLKIO-----------------------
11:0 Read 0
11:0 Write 0
11:0 Sync 0
11:0 Async 0
11:0 Total 0
253:0 Read 21905408
253:0 Write 241664
253:0 Sync 0
253:0 Async 22147072
253:0 Total 22147072
Total 22147072
--------------------CPUAC-----------------------
user 45
system 79
--------------------MEMCG-----------------------
MEM ONLY  : 27 MB
MEM+SWAP  : 27 MB
cache 22269952
rss 6500352
rss_huge 0
mapped_file 7647232
writeback 0
swap 0
pgpgin 78252
pgpgout 71228
pgfault 175446
pgmajfault 183
inactive_anon 40960
active_anon 6529024
inactive_file 9945088
active_file 12255232
unevictable 0
hierarchical_memory_limit 999997440
hierarchical_memsw_limit 9223372036854771712
total_cache 22269952
total_rss 6500352
total_rss_huge 0
total_mapped_file 7647232
total_writeback 0
total_swap 0
total_pgpgin 78252
total_pgpgout 71228
total_pgfault 175446
total_pgmajfault 183
total_inactive_anon 40960
total_active_anon 6529024
total_inactive_file 9945088
total_active_file 12255232
total_unevictable 0
--------------------BLKIO-----------------------
11:0 Read 0
11:0 Write 0
11:0 Sync 0
11:0 Async 0
11:0 Total 0
253:0 Read 21905408
253:0 Write 241664
253:0 Sync 0
253:0 Async 22147072
253:0 Total 22147072
Total 22147072
--------------------CPUAC-----------------------
user 45
system 79
--------------------MEMCG-----------------------
MEM ONLY  : 27 MB
MEM+SWAP  : 27 MB
cache 22269952
rss 6500352
rss_huge 0
mapped_file 7647232
writeback 0
swap 0
pgpgin 78252
pgpgout 71228
pgfault 175446
pgmajfault 183
inactive_anon 40960
active_anon 6529024
inactive_file 9945088
active_file 12255232
unevictable 0
hierarchical_memory_limit 999997440
hierarchical_memsw_limit 9223372036854771712
total_cache 22269952
total_rss 6500352
total_rss_huge 0
total_mapped_file 7647232
total_writeback 0
total_swap 0
total_pgpgin 78252
total_pgpgout 71228
total_pgfault 175446
total_pgmajfault 183
total_inactive_anon 40960
total_active_anon 6529024
total_inactive_file 9945088
total_active_file 12255232
total_unevictable 0
--------------------BLKIO-----------------------
11:0 Read 0
11:0 Write 0
11:0 Sync 0
11:0 Async 0
11:0 Total 0
253:0 Read 21905408
253:0 Write 241664
253:0 Sync 0
253:0 Async 22147072
253:0 Total 22147072
Total 22147072
--------------------CPUAC-----------------------
user 45
system 79
--------------------MEMCG-----------------------
MEM ONLY  : 27 MB
MEM+SWAP  : 27 MB
cache 22269952
rss 6500352
rss_huge 0
mapped_file 7647232
writeback 0
swap 0
pgpgin 78252
pgpgout 71228
pgfault 175446
pgmajfault 183
inactive_anon 40960
active_anon 6529024
inactive_file 9945088
active_file 12255232
unevictable 0
hierarchical_memory_limit 999997440
hierarchical_memsw_limit 9223372036854771712
total_cache 22269952
total_rss 6500352
total_rss_huge 0
total_mapped_file 7647232
total_writeback 0
total_swap 0
total_pgpgin 78252
total_pgpgout 71228
total_pgfault 175446
total_pgmajfault 183
total_inactive_anon 40960
total_active_anon 6529024
total_inactive_file 9945088
total_active_file 12255232
total_unevictable 0
--------------------BLKIO-----------------------
11:0 Read 0
11:0 Write 0
11:0 Sync 0
11:0 Async 0
11:0 Total 0
253:0 Read 21905408
253:0 Write 241664
253:0 Sync 0
253:0 Async 22147072
253:0 Total 22147072
Total 22147072
--------------------CPUAC-----------------------
user 45
system 79
--------------------MEMCG-----------------------
MEM ONLY  : 27 MB
MEM+SWAP  : 27 MB
cache 22269952
rss 6500352
rss_huge 0
mapped_file 7647232
writeback 0
swap 0
pgpgin 78252
pgpgout 71228
pgfault 175446
pgmajfault 183
inactive_anon 40960
active_anon 6529024
inactive_file 9945088
active_file 12255232
unevictable 0
hierarchical_memory_limit 999997440
hierarchical_memsw_limit 9223372036854771712
total_cache 22269952
total_rss 6500352
total_rss_huge 0
total_mapped_file 7647232
total_writeback 0
total_swap 0
total_pgpgin 78252
total_pgpgout 71228
total_pgfault 175446
total_pgmajfault 183
total_inactive_anon 40960
total_active_anon 6529024
total_inactive_file 9945088
total_active_file 12255232
total_unevictable 0
--------------------BLKIO-----------------------
11:0 Read 0
11:0 Write 0
11:0 Sync 0
11:0 Async 0
11:0 Total 0
253:0 Read 21905408
253:0 Write 241664
253:0 Sync 0
253:0 Async 22147072
253:0 Total 22147072
Total 22147072
--------------------CPUAC-----------------------
user 45
system 79
--------------------MEMCG-----------------------
MEM ONLY  : 170 MB
MEM+SWAP  : 170 MB
cache 86200320
rss 92692480
rss_huge 0
mapped_file 46374912
writeback 0
swap 0
pgpgin 151069
pgpgout 107394
pgfault 243598
pgmajfault 205
inactive_anon 45056
active_anon 92721152
inactive_file 60538880
active_file 25554944
unevictable 0
hierarchical_memory_limit 999997440
hierarchical_memsw_limit 9223372036854771712
total_cache 86200320
total_rss 92692480
total_rss_huge 0
total_mapped_file 46374912
total_writeback 0
total_swap 0
total_pgpgin 151069
total_pgpgout 107394
total_pgfault 243598
total_pgmajfault 205
total_inactive_anon 45056
total_active_anon 92721152
total_inactive_file 60538880
total_active_file 25554944
total_unevictable 0
--------------------BLKIO-----------------------
11:0 Read 0
11:0 Write 0
11:0 Sync 0
11:0 Async 0
11:0 Total 0
253:0 Read 46387200
253:0 Write 241664
253:0 Sync 0
253:0 Async 46628864
253:0 Total 46628864
Total 46628864
--------------------CPUAC-----------------------
user 79
system 228
--------------------MEMCG-----------------------
MEM ONLY  : 518 MB
MEM+SWAP  : 518 MB
cache 450715648
rss 92692480
rss_huge 0
mapped_file 46374912
writeback 0
swap 0
pgpgin 257240
pgpgout 124572
pgfault 261741
pgmajfault 205
inactive_anon 45056
active_anon 92721152
inactive_file 403709952
active_file 46931968
unevictable 0
hierarchical_memory_limit 999997440
hierarchical_memsw_limit 9223372036854771712
total_cache 450715648
total_rss 92692480
total_rss_huge 0
total_mapped_file 46374912
total_writeback 0
total_swap 0
total_pgpgin 257240
total_pgpgout 124572
total_pgfault 261741
total_pgmajfault 205
total_inactive_anon 45056
total_active_anon 92721152
total_inactive_file 403709952
total_active_file 46931968
total_unevictable 0
--------------------BLKIO-----------------------
11:0 Read 0
11:0 Write 0
11:0 Sync 0
11:0 Async 0
11:0 Total 0
253:0 Read 410894336
253:0 Write 241664
253:0 Sync 0
253:0 Async 411136000
253:0 Total 411136000
Total 411136000
--------------------CPUAC-----------------------
user 85
system 282
--------------------MEMCG-----------------------
MEM ONLY  : 857 MB
MEM+SWAP  : 857 MB
cache 806281216
rss 92692480
rss_huge 0
mapped_file 46374912
writeback 0
swap 0
pgpgin 363998
pgpgout 144522
pgfault 282908
pgmajfault 205
inactive_anon 45056
active_anon 92721152
inactive_file 692715520
active_file 113459200
unevictable 0
hierarchical_memory_limit 999997440
hierarchical_memsw_limit 9223372036854771712
total_cache 806281216
total_rss 92692480
total_rss_huge 0
total_mapped_file 46374912
total_writeback 0
total_swap 0
total_pgpgin 363998
total_pgpgout 144522
total_pgfault 282908
total_pgmajfault 205
total_inactive_anon 45056
total_active_anon 92721152
total_inactive_file 692715520
total_active_file 113459200
total_unevictable 0
--------------------BLKIO-----------------------
11:0 Read 0
11:0 Write 0
11:0 Sync 0
11:0 Async 0
11:0 Total 0
253:0 Read 766492672
253:0 Write 241664
253:0 Sync 0
253:0 Async 766734336
253:0 Total 766734336
Total 766734336
--------------------CPUAC-----------------------
user 95
system 331
--------------------MEMCG-----------------------
MEM ONLY  : 953 MB
MEM+SWAP  : 953 MB
cache 907165696
rss 92692480
rss_huge 0
mapped_file 46346240
writeback 0
swap 0
pgpgin 477435
pgpgout 233329
pgfault 306399
pgmajfault 205
inactive_anon 46501888
active_anon 46264320
inactive_file 674381824
active_file 232693760
unevictable 0
hierarchical_memory_limit 999997440
hierarchical_memsw_limit 9223372036854771712
total_cache 907165696
total_rss 92692480
total_rss_huge 0
total_mapped_file 46346240
total_writeback 0
total_swap 0
total_pgpgin 477435
total_pgpgout 233329
total_pgfault 306399
total_pgmajfault 205
total_inactive_anon 46501888
total_active_anon 46264320
total_inactive_file 674381824
total_active_file 232693760
total_unevictable 0
--------------------BLKIO-----------------------
11:0 Read 0
11:0 Write 0
11:0 Sync 0
11:0 Async 0
11:0 Total 0
253:0 Read 1123205120
253:0 Write 241664
253:0 Sync 0
253:0 Async 1123446784
253:0 Total 1123446784
Total 1123446784
--------------------CPUAC-----------------------
user 110
system 410
--------------------MEMCG-----------------------
MEM ONLY  : 953 MB
MEM+SWAP  : 953 MB
cache 907202560
rss 92692480
rss_huge 0
mapped_file 12468224
writeback 0
swap 0
pgpgin 603304
pgpgout 359189
pgfault 334759
pgmajfault 205
inactive_anon 46501888
active_anon 46264320
inactive_file 507371520
active_file 399753216
unevictable 0
hierarchical_memory_limit 999997440
hierarchical_memsw_limit 9223372036854771712
total_cache 907202560
total_rss 92692480
total_rss_huge 0
total_mapped_file 12468224
total_writeback 0
total_swap 0
total_pgpgin 603304
total_pgpgout 359189
total_pgfault 334759
total_pgmajfault 205
total_inactive_anon 46501888
total_active_anon 46264320
total_inactive_file 507371520
total_active_file 399753216
total_unevictable 0
--------------------BLKIO-----------------------
11:0 Read 0
11:0 Write 0
11:0 Sync 0
11:0 Async 0
11:0 Total 0
253:0 Read 1456783360
253:0 Write 241664
253:0 Sync 0
253:0 Async 1457025024
253:0 Total 1457025024
Total 1457025024
--------------------CPUAC-----------------------
user 129
system 508
--------------------MEMCG-----------------------
MEM ONLY  : 953 MB
MEM+SWAP  : 953 MB
cache 907239424
rss 92692480
rss_huge 0
mapped_file 12468224
writeback 0
swap 0
pgpgin 762068
pgpgout 517944
pgfault 368488
pgmajfault 205
inactive_anon 46501888
active_anon 46264320
inactive_file 454037504
active_file 453099520
unevictable 0
hierarchical_memory_limit 999997440
hierarchical_memsw_limit 9223372036854771712
total_cache 907239424
total_rss 92692480
total_rss_huge 0
total_mapped_file 12468224
total_writeback 0
total_swap 0
total_pgpgin 762068
total_pgpgout 517944
total_pgfault 368488
total_pgmajfault 205
total_inactive_anon 46501888
total_active_anon 46264320
total_inactive_file 454037504
total_active_file 453099520
total_unevictable 0
--------------------BLKIO-----------------------
11:0 Read 0
11:0 Write 0
11:0 Sync 0
11:0 Async 0
11:0 Total 0
253:0 Read 1803509760
253:0 Write 241664
253:0 Sync 0
253:0 Async 1803751424
253:0 Total 1803751424
Total 1803751424
--------------------CPUAC-----------------------
user 146
system 628
--------------------MEMCG-----------------------
MEM ONLY  : 953 MB
MEM+SWAP  : 953 MB
cache 907202560
rss 92692480
rss_huge 0
mapped_file 8568832
writeback 0
swap 0
pgpgin 952325
pgpgout 708210
pgfault 408892
pgmajfault 205
inactive_anon 46501888
active_anon 46264320
inactive_file 453767168
active_file 453353472
unevictable 0
hierarchical_memory_limit 999997440
hierarchical_memsw_limit 9223372036854771712
total_cache 907202560
total_rss 92692480
total_rss_huge 0
total_mapped_file 8568832
total_writeback 0
total_swap 0
total_pgpgin 952325
total_pgpgout 708210
total_pgfault 408892
total_pgmajfault 205
total_inactive_anon 46501888
total_active_anon 46264320
total_inactive_file 453767168
total_active_file 453353472
total_unevictable 0
--------------------BLKIO-----------------------
11:0 Read 0
11:0 Write 0
11:0 Sync 0
11:0 Async 0
11:0 Total 0
253:0 Read 2146791424
253:0 Write 241664
253:0 Sync 0
253:0 Async 2147033088
253:0 Total 2147033088
Total 2147033088
--------------------CPUAC-----------------------
user 164
system 761
--------------------MEMCG-----------------------
MEM ONLY  : 953 MB
MEM+SWAP  : 953 MB
cache 907296768
rss 92692480
rss_huge 0
mapped_file 3387392
writeback 0
swap 0
pgpgin 1219778
pgpgout 975640
pgfault 465240
pgmajfault 205
inactive_anon 46501888
active_anon 46264320
inactive_file 453853184
active_file 453337088
unevictable 0
hierarchical_memory_limit 999997440
hierarchical_memsw_limit 9223372036854771712
total_cache 907296768
total_rss 92692480
total_rss_huge 0
total_mapped_file 3387392
total_writeback 0
total_swap 0
total_pgpgin 1219778
total_pgpgout 975640
total_pgfault 465240
total_pgmajfault 205
total_inactive_anon 46501888
total_active_anon 46264320
total_inactive_file 453853184
total_active_file 453337088
total_unevictable 0
--------------------BLKIO-----------------------
11:0 Read 0
11:0 Write 0
11:0 Sync 0
11:0 Async 0
11:0 Total 0
253:0 Read 2491232256
253:0 Write 241664
253:0 Sync 0
253:0 Async 2491473920
253:0 Total 2491473920
Total 2491473920
--------------------CPUAC-----------------------
user 194
system 954
--------------------MEMCG-----------------------
MEM ONLY  : 953 MB
MEM+SWAP  : 953 MB
cache 907198464
rss 92692480
rss_huge 0
mapped_file 3477504
writeback 0
swap 0
pgpgin 1670441
pgpgout 1426327
pgfault 560948
pgmajfault 211
inactive_anon 46501888
active_anon 46264320
inactive_file 453730304
active_file 453394432
unevictable 0
hierarchical_memory_limit 999997440
hierarchical_memsw_limit 9223372036854771712
total_cache 907198464
total_rss 92692480
total_rss_huge 0
total_mapped_file 3477504
total_writeback 0
total_swap 0
total_pgpgin 1670441
total_pgpgout 1426327
total_pgfault 560948
total_pgmajfault 211
total_inactive_anon 46501888
total_active_anon 46264320
total_inactive_file 453730304
total_active_file 453394432
total_unevictable 0
--------------------BLKIO-----------------------
11:0 Read 0
11:0 Write 0
11:0 Sync 0
11:0 Async 0
11:0 Total 0
253:0 Read 2839212032
253:0 Write 241664
253:0 Sync 0
253:0 Async 2839453696
253:0 Total 2839453696
Total 2839453696
--------------------CPUAC-----------------------
user 237
system 1263
--------------------MEMCG-----------------------
MEM ONLY  : 953 MB
MEM+SWAP  : 953 MB
cache 907124736
rss 92704768
rss_huge 0
mapped_file 3325952
writeback 0
swap 0
pgpgin 2647003
pgpgout 2402905
pgfault 763620
pgmajfault 211
inactive_anon 46501888
active_anon 46272512
inactive_file 453730304
active_file 453320704
unevictable 0
hierarchical_memory_limit 999997440
hierarchical_memsw_limit 9223372036854771712
total_cache 907124736
total_rss 92700672
total_rss_huge 0
total_mapped_file 3325952
total_writeback 0
total_swap 0
total_pgpgin 2647003
total_pgpgout 2402905
total_pgfault 763620
total_pgmajfault 211
total_inactive_anon 46501888
total_active_anon 46272512
total_inactive_file 453730304
total_active_file 453320704
total_unevictable 0
--------------------BLKIO-----------------------
11:0 Read 0
11:0 Write 0
11:0 Sync 0
11:0 Async 0
11:0 Total 0
253:0 Read 3128799232
253:0 Write 241664
253:0 Sync 0
253:0 Async 3129040896
253:0 Total 3129040896
Total 3129040896
--------------------CPUAC-----------------------
user 326
system 2375
--------------------MEMCG-----------------------
MEM ONLY  : 953 MB
MEM+SWAP  : 953 MB
cache 907087872
rss 92704768
rss_huge 0
mapped_file 3325952
writeback 0
swap 0
pgpgin 3744444
pgpgout 3500354
pgfault 991912
pgmajfault 211
inactive_anon 46501888
active_anon 46264320
inactive_file 453525504
active_file 453455872
unevictable 0
hierarchical_memory_limit 999997440
hierarchical_memsw_limit 9223372036854771712
total_cache 907087872
total_rss 92704768
total_rss_huge 0
total_mapped_file 3325952
total_writeback 0
total_swap 0
total_pgpgin 3744444
total_pgpgout 3500354
total_pgfault 991912
total_pgmajfault 211
total_inactive_anon 46501888
total_active_anon 46264320
total_inactive_file 453525504
total_active_file 453455872
total_unevictable 0
--------------------BLKIO-----------------------
11:0 Read 0
11:0 Write 0
11:0 Sync 0
11:0 Async 0
11:0 Total 0
253:0 Read 3200180224
253:0 Write 241664
253:0 Sync 0
253:0 Async 3200421888
253:0 Total 3200421888
Total 3200421888
--------------------CPUAC-----------------------
user 450
system 4424
--------------------MEMCG-----------------------
MEM ONLY  : 953 MB
MEM+SWAP  : 953 MB
cache 906928128
rss 92708864
rss_huge 0
mapped_file 3670016
writeback 0
swap 0
pgpgin 4886496
pgpgout 4642444
pgfault 1228673
pgmajfault 220
inactive_anon 46501888
active_anon 46264320
inactive_file 453537792
active_file 453304320
unevictable 0
hierarchical_memory_limit 999997440
hierarchical_memsw_limit 9223372036854771712
total_cache 906928128
total_rss 92708864
total_rss_huge 0
total_mapped_file 3670016
total_writeback 0
total_swap 0
total_pgpgin 4886496
total_pgpgout 4642444
total_pgfault 1228674
total_pgmajfault 220
total_inactive_anon 46501888
total_active_anon 46264320
total_inactive_file 453537792
total_active_file 453304320
total_unevictable 0
--------------------BLKIO-----------------------
11:0 Read 0
11:0 Write 0
11:0 Sync 0
11:0 Async 0
11:0 Total 0
253:0 Read 3218350080
253:0 Write 241664
253:0 Sync 0
253:0 Async 3218591744
253:0 Total 3218591744
Total 3218591744
--------------------CPUAC-----------------------
user 580
system 6480
--------------------MEMCG-----------------------
MEM ONLY  : 953 MB
MEM+SWAP  : 953 MB
cache 907264000
rss 92712960
rss_huge 0
mapped_file 3375104
writeback 0
swap 0
pgpgin 6034943
pgpgout 5790808
pgfault 1466194
pgmajfault 221
inactive_anon 46501888
active_anon 46284800
inactive_file 453578752
active_file 453611520
unevictable 0
hierarchical_memory_limit 999997440
hierarchical_memsw_limit 9223372036854771712
total_cache 907264000
total_rss 92712960
total_rss_huge 0
total_mapped_file 3375104
total_writeback 0
total_swap 0
total_pgpgin 6034943
total_pgpgout 5790808
total_pgfault 1466194
total_pgmajfault 221
total_inactive_anon 46501888
total_active_anon 46284800
total_inactive_file 453578752
total_active_file 453611520
total_unevictable 0
--------------------BLKIO-----------------------
11:0 Read 0
11:0 Write 0
11:0 Sync 0
11:0 Async 0
11:0 Total 0
253:0 Read 3221823488
253:0 Write 241664
253:0 Sync 0
253:0 Async 3222065152
253:0 Total 3222065152
Total 3222065152
--------------------CPUAC-----------------------
user 704
system 8540
--------------------MEMCG-----------------------
MEM ONLY  : 953 MB
MEM+SWAP  : 953 MB
cache 907046912
rss 92696576
rss_huge 0
mapped_file 3334144
writeback 0
swap 0
pgpgin 7120123
pgpgout 6876043
pgfault 1690768
pgmajfault 221
inactive_anon 46501888
active_anon 46268416
inactive_file 453586944
active_file 453373952
unevictable 0
hierarchical_memory_limit 999997440
hierarchical_memsw_limit 9223372036854771712
total_cache 907055104
total_rss 92696576
total_rss_huge 0
total_mapped_file 3334144
total_writeback 0
total_swap 0
total_pgpgin 7120123
total_pgpgout 6876043
total_pgfault 1690768
total_pgmajfault 221
total_inactive_anon 46501888
total_active_anon 46268416
total_inactive_file 453586944
total_active_file 453373952
total_unevictable 0
--------------------BLKIO-----------------------
11:0 Read 0
11:0 Write 0
11:0 Sync 0
11:0 Async 0
11:0 Total 0
253:0 Read 3222814720
253:0 Write 241664
253:0 Sync 0
253:0 Async 3223056384
253:0 Total 3223056384
Total 3223056384
--------------------CPUAC-----------------------
user 816
system 10584
--------------------MEMCG-----------------------
MEM ONLY  : 953 MB
MEM+SWAP  : 953 MB
cache 907153408
rss 92712960
rss_huge 0
mapped_file 3477504
writeback 0
swap 0
pgpgin 8231927
pgpgout 7987819
pgfault 1922234
pgmajfault 227
inactive_anon 46501888
active_anon 46284800
inactive_file 453828608
active_file 453251072
unevictable 0
hierarchical_memory_limit 999997440
hierarchical_memsw_limit 9223372036854771712
total_cache 907157504
total_rss 92712960
total_rss_huge 0
total_mapped_file 3477504
total_writeback 0
total_swap 0
total_pgpgin 8231928
total_pgpgout 7987819
total_pgfault 1922234
total_pgmajfault 227
total_inactive_anon 46501888
total_active_anon 46284800
total_inactive_file 453828608
total_active_file 453251072
total_unevictable 0
--------------------BLKIO-----------------------
11:0 Read 0
11:0 Write 0
11:0 Sync 0
11:0 Async 0
11:0 Total 0
253:0 Read 3222994944
253:0 Write 241664
253:0 Sync 0
253:0 Async 3223236608
253:0 Total 3223236608
Total 3223236608
--------------------CPUAC-----------------------
user 941
system 12644
--------------------MEMCG-----------------------
MEM ONLY  : 953 MB
MEM+SWAP  : 953 MB
cache 906989568
rss 92704768
rss_huge 0
mapped_file 3334144
writeback 0
swap 0
pgpgin 9357955
pgpgout 9113889
pgfault 2154337
pgmajfault 228
inactive_anon 46501888
active_anon 46276608
inactive_file 453689344
active_file 453226496
unevictable 0
hierarchical_memory_limit 999997440
hierarchical_memsw_limit 9223372036854771712
total_cache 906989568
total_rss 92704768
total_rss_huge 0
total_mapped_file 3334144
total_writeback 0
total_swap 0
total_pgpgin 9357955
total_pgpgout 9113889
total_pgfault 2154337
total_pgmajfault 228
total_inactive_anon 46501888
total_active_anon 46276608
total_inactive_file 453689344
total_active_file 453226496
total_unevictable 0
--------------------BLKIO-----------------------
11:0 Read 0
11:0 Write 0
11:0 Sync 0
11:0 Async 0
11:0 Total 0
253:0 Read 3222994944
253:0 Write 241664
253:0 Sync 0
253:0 Async 3223236608
253:0 Total 3223236608
Total 3223236608
--------------------CPUAC-----------------------
user 1055
system 14707
--------------------MEMCG-----------------------
MEM ONLY  : 953 MB
MEM+SWAP  : 953 MB
cache 907091968
rss 92700672
rss_huge 0
mapped_file 3334144
writeback 0
swap 0
pgpgin 10613708
pgpgout 10369618
pgfault 2415513
pgmajfault 229
inactive_anon 46501888
active_anon 46272512
inactive_file 453406720
active_file 453611520
unevictable 0
hierarchical_memory_limit 999997440
hierarchical_memsw_limit 9223372036854771712
total_cache 907091968
total_rss 92700672
total_rss_huge 0
total_mapped_file 3334144
total_writeback 0
total_swap 0
total_pgpgin 10613708
total_pgpgout 10369618
total_pgfault 2415513
total_pgmajfault 229
total_inactive_anon 46501888
total_active_anon 46272512
total_inactive_file 453406720
total_active_file 453611520
total_unevictable 0
--------------------BLKIO-----------------------
11:0 Read 0
11:0 Write 0
11:0 Sync 0
11:0 Async 0
11:0 Total 0
253:0 Read 3222994944
253:0 Write 241664
253:0 Sync 0
253:0 Async 3223236608
253:0 Total 3223236608
Total 3223236608
--------------------CPUAC-----------------------
user 1175
system 16778
--------------------MEMCG-----------------------
MEM ONLY  : 953 MB
MEM+SWAP  : 953 MB
cache 907177984
rss 92708864
rss_huge 0
mapped_file 3485696
writeback 0
swap 0
pgpgin 11742429
pgpgout 11498316
pgfault 2647944
pgmajfault 235
inactive_anon 46501888
active_anon 46280704
inactive_file 453775360
active_file 453328896
unevictable 0
hierarchical_memory_limit 999997440
hierarchical_memsw_limit 9223372036854771712
total_cache 907177984
total_rss 92708864
total_rss_huge 0
total_mapped_file 3485696
total_writeback 0
total_swap 0
total_pgpgin 11742429
total_pgpgout 11498316
total_pgfault 2647944
total_pgmajfault 235
total_inactive_anon 46501888
total_active_anon 46280704
total_inactive_file 453775360
total_active_file 453328896
total_unevictable 0
--------------------BLKIO-----------------------
11:0 Read 0
11:0 Write 0
11:0 Sync 0
11:0 Async 0
11:0 Total 0
253:0 Read 3222994944
253:0 Write 241664
253:0 Sync 0
253:0 Async 3223236608
253:0 Total 3223236608
Total 3223236608
--------------------CPUAC-----------------------
user 1281
system 18847
--------------------MEMCG-----------------------
MEM ONLY  : 953 MB
MEM+SWAP  : 953 MB
cache 907255808
rss 92708864
rss_huge 0
mapped_file 3325952
writeback 0
swap 0
pgpgin 12934227
pgpgout 12690095
pgfault 2892638
pgmajfault 235
inactive_anon 46501888
active_anon 46280704
inactive_file 452419584
active_file 454762496
unevictable 0
hierarchical_memory_limit 999997440
hierarchical_memsw_limit 9223372036854771712
total_cache 907255808
total_rss 92708864
total_rss_huge 0
total_mapped_file 3325952
total_writeback 0
total_swap 0
total_pgpgin 12934227
total_pgpgout 12690095
total_pgfault 2892638
total_pgmajfault 235
total_inactive_anon 46501888
total_active_anon 46280704
total_inactive_file 452419584
total_active_file 454762496
total_unevictable 0
--------------------BLKIO-----------------------
11:0 Read 0
11:0 Write 0
11:0 Sync 0
11:0 Async 0
11:0 Total 0
253:0 Read 3222994944
253:0 Write 241664
253:0 Sync 0
253:0 Async 3223236608
253:0 Total 3223236608
Total 3223236608
--------------------CPUAC-----------------------
user 1409
system 20909
--------------------MEMCG-----------------------
MEM ONLY  : 953 MB
MEM+SWAP  : 953 MB
cache 907083776
rss 92708864
rss_huge 0
mapped_file 3334144
writeback 0
swap 0
pgpgin 14158109
pgpgout 13914019
pgfault 3146574
pgmajfault 236
inactive_anon 46501888
active_anon 46280704
inactive_file 453578752
active_file 453431296
unevictable 0
hierarchical_memory_limit 999997440
hierarchical_memsw_limit 9223372036854771712
total_cache 907083776
total_rss 92708864
total_rss_huge 0
total_mapped_file 3334144
total_writeback 0
total_swap 0
total_pgpgin 14158109
total_pgpgout 13914019
total_pgfault 3146574
total_pgmajfault 236
total_inactive_anon 46501888
total_active_anon 46280704
total_inactive_file 453578752
total_active_file 453431296
total_unevictable 0
--------------------BLKIO-----------------------
11:0 Read 0
11:0 Write 0
11:0 Sync 0
11:0 Async 0
11:0 Total 0
253:0 Read 3222994944
253:0 Write 241664
253:0 Sync 0
253:0 Async 3223236608
253:0 Total 3223236608
Total 3223236608
--------------------CPUAC-----------------------
user 1545
system 22928
--------------------MEMCG-----------------------
MEM ONLY  : 953 MB
MEM+SWAP  : 953 MB
cache 907137024
rss 92692480
rss_huge 0
mapped_file 3485696
writeback 0
swap 0
pgpgin 15525578
pgpgout 15281479
pgfault 3428451
pgmajfault 243
inactive_anon 46501888
active_anon 46264320
inactive_file 453480448
active_file 453582848
unevictable 0
hierarchical_memory_limit 999997440
hierarchical_memsw_limit 9223372036854771712
total_cache 907137024
total_rss 92696576
total_rss_huge 0
total_mapped_file 3485696
total_writeback 0
total_swap 0
total_pgpgin 15525579
total_pgpgout 15281479
total_pgfault 3428452
total_pgmajfault 243
total_inactive_anon 46501888
total_active_anon 46264320
total_inactive_file 453480448
total_active_file 453582848
total_unevictable 0
--------------------BLKIO-----------------------
11:0 Read 0
11:0 Write 0
11:0 Sync 0
11:0 Async 0
11:0 Total 0
253:0 Read 3222994944
253:0 Write 241664
253:0 Sync 0
253:0 Async 3223236608
253:0 Total 3223236608
Total 3223236608
--------------------CPUAC-----------------------
user 1684
system 24938
--------------------MEMCG-----------------------
MEM ONLY  : 953 MB
MEM+SWAP  : 953 MB
cache 907223040
rss 92704768
rss_huge 0
mapped_file 3375104
writeback 0
swap 0
pgpgin 16615903
pgpgout 16371780
pgfault 3654601
pgmajfault 244
inactive_anon 46501888
active_anon 46264320
inactive_file 453373952
active_file 453603328
unevictable 0
hierarchical_memory_limit 999997440
hierarchical_memsw_limit 9223372036854771712
total_cache 907223040
total_rss 92704768
total_rss_huge 0
total_mapped_file 3375104
total_writeback 0
total_swap 0
total_pgpgin 16615903
total_pgpgout 16371780
total_pgfault 3654601
total_pgmajfault 244
total_inactive_anon 46501888
total_active_anon 46264320
total_inactive_file 453373952
total_active_file 453603328
total_unevictable 0
--------------------BLKIO-----------------------
11:0 Read 0
11:0 Write 0
11:0 Sync 0
11:0 Async 0
11:0 Total 0
253:0 Read 3222994944
253:0 Write 241664
253:0 Sync 0
253:0 Async 3223236608
253:0 Total 3223236608
Total 3223236608
--------------------CPUAC-----------------------
user 1790
system 26996
--------------------MEMCG-----------------------
MEM ONLY  : 953 MB
MEM+SWAP  : 953 MB
cache 907055104
rss 92696576
rss_huge 0
mapped_file 3375104
writeback 0
swap 0
pgpgin 17724584
pgpgout 17480503
pgfault 3883112
pgmajfault 245
inactive_anon 46501888
active_anon 46268416
inactive_file 453767168
active_file 453152768
unevictable 0
hierarchical_memory_limit 999997440
hierarchical_memsw_limit 9223372036854771712
total_cache 907067392
total_rss 92696576
total_rss_huge 0
total_mapped_file 3375104
total_writeback 0
total_swap 0
total_pgpgin 17724587
total_pgpgout 17480503
total_pgfault 3883112
total_pgmajfault 245
total_inactive_anon 46501888
total_active_anon 46268416
total_inactive_file 453767168
total_active_file 453152768
total_unevictable 0
--------------------BLKIO-----------------------
11:0 Read 0
11:0 Write 0
11:0 Sync 0
11:0 Async 0
11:0 Total 0
253:0 Read 3222994944
253:0 Write 241664
253:0 Sync 0
253:0 Async 3223236608
253:0 Total 3223236608
Total 3223236608
--------------------CPUAC-----------------------
user 1902
system 29059
--------------------MEMCG-----------------------
MEM ONLY  : 953 MB
MEM+SWAP  : 953 MB
cache 907231232
rss 92708864
rss_huge 0
mapped_file 3485696
writeback 0
swap 0
pgpgin 18888985
pgpgout 18644859
pgfault 4125393
pgmajfault 251
inactive_anon 46501888
active_anon 46280704
inactive_file 453623808
active_file 453533696
unevictable 0
hierarchical_memory_limit 999997440
hierarchical_memsw_limit 9223372036854771712
total_cache 907231232
total_rss 92708864
total_rss_huge 0
total_mapped_file 3485696
total_writeback 0
total_swap 0
total_pgpgin 18888985
total_pgpgout 18644859
total_pgfault 4125393
total_pgmajfault 251
total_inactive_anon 46501888
total_active_anon 46280704
total_inactive_file 453623808
total_active_file 453533696
total_unevictable 0
--------------------BLKIO-----------------------
11:0 Read 0
11:0 Write 0
11:0 Sync 0
11:0 Async 0
11:0 Total 0
253:0 Read 3222994944
253:0 Write 241664
253:0 Sync 0
253:0 Async 3223236608
253:0 Total 3223236608
Total 3223236608
--------------------CPUAC-----------------------
user 2043
system 31125
--------------------MEMCG-----------------------
MEM ONLY  : 953 MB
MEM+SWAP  : 953 MB
cache 907218944
rss 92700672
rss_huge 0
mapped_file 3334144
writeback 0
swap 0
pgpgin 20027195
pgpgout 19783074
pgfault 4360257
pgmajfault 251
inactive_anon 46501888
active_anon 46272512
inactive_file 453443584
active_file 453668864
unevictable 0
hierarchical_memory_limit 999997440
hierarchical_memsw_limit 9223372036854771712
total_cache 907223040
total_rss 92700672
total_rss_huge 0
total_mapped_file 3334144
total_writeback 0
total_swap 0
total_pgpgin 20027197
total_pgpgout 19783074
total_pgfault 4360257
total_pgmajfault 251
total_inactive_anon 46501888
total_active_anon 46272512
total_inactive_file 453459968
total_active_file 453668864
total_unevictable 0
--------------------BLKIO-----------------------
11:0 Read 0
11:0 Write 0
11:0 Sync 0
11:0 Async 0
11:0 Total 0
253:0 Read 3222994944
253:0 Write 241664
253:0 Sync 0
253:0 Async 3223236608
253:0 Total 3223236608
Total 3223236608
--------------------CPUAC-----------------------
user 2162
system 33177
--------------------MEMCG-----------------------
MEM ONLY  : 871 MB
MEM+SWAP  : 871 MB
cache 907493376
rss 6504448
rss_huge 0
mapped_file 2252800
writeback 0
swap 0
pgpgin 21110815
pgpgout 20887671
pgfault 4584460
pgmajfault 329
inactive_anon 6516736
active_anon 57344
inactive_file 455618560
active_file 451805184
unevictable 0
hierarchical_memory_limit 999997440
hierarchical_memsw_limit 9223372036854771712
total_cache 907493376
total_rss 6504448
total_rss_huge 0
total_mapped_file 2252800
total_writeback 0
total_swap 0
total_pgpgin 21110815
total_pgpgout 20887671
total_pgfault 4584460
total_pgmajfault 329
total_inactive_anon 6516736
total_active_anon 57344
total_inactive_file 455618560
total_active_file 451805184
total_unevictable 0
--------------------BLKIO-----------------------
11:0 Read 0
11:0 Write 0
11:0 Sync 0
11:0 Async 0
11:0 Total 0
253:0 Read 3223547904
253:0 Write 241664
253:0 Sync 0
253:0 Async 3223789568
253:0 Total 3223789568
Total 3223789568
--------------------CPUAC-----------------------
user 2276
system 35101
--------------------MEMCG-----------------------
MEM ONLY  : 871 MB
MEM+SWAP  : 871 MB
cache 907493376
rss 6504448
rss_huge 0
mapped_file 2252800
writeback 0
swap 0
pgpgin 21110815
pgpgout 20887671
pgfault 4584460
pgmajfault 329
inactive_anon 6516736
active_anon 57344
inactive_file 455618560
active_file 451805184
unevictable 0
hierarchical_memory_limit 999997440
hierarchical_memsw_limit 9223372036854771712
total_cache 907493376
total_rss 6504448
total_rss_huge 0
total_mapped_file 2252800
total_writeback 0
total_swap 0
total_pgpgin 21110815
total_pgpgout 20887671
total_pgfault 4584460
total_pgmajfault 329
total_inactive_anon 6516736
total_active_anon 57344
total_inactive_file 455618560
total_active_file 451805184
total_unevictable 0
--------------------BLKIO-----------------------
11:0 Read 0
11:0 Write 0
11:0 Sync 0
11:0 Async 0
11:0 Total 0
253:0 Read 3223547904
253:0 Write 241664
253:0 Sync 0
253:0 Async 3223789568
253:0 Total 3223789568
Total 3223789568
--------------------CPUAC-----------------------
user 2276
system 35101
--------------------MEMCG-----------------------
MEM ONLY  : 871 MB
MEM+SWAP  : 871 MB
cache 907493376
rss 6504448
rss_huge 0
mapped_file 2252800
writeback 0
swap 0
pgpgin 21110815
pgpgout 20887671
pgfault 4584460
pgmajfault 329
inactive_anon 6516736
active_anon 57344
inactive_file 455618560
active_file 451805184
unevictable 0
hierarchical_memory_limit 999997440
hierarchical_memsw_limit 9223372036854771712
total_cache 907493376
total_rss 6504448
total_rss_huge 0
total_mapped_file 2252800
total_writeback 0
total_swap 0
total_pgpgin 21110815
total_pgpgout 20887671
total_pgfault 4584460
total_pgmajfault 329
total_inactive_anon 6516736
total_active_anon 57344
total_inactive_file 455618560
total_active_file 451805184
total_unevictable 0
--------------------BLKIO-----------------------
11:0 Read 0
11:0 Write 0
11:0 Sync 0
11:0 Async 0
11:0 Total 0
253:0 Read 3223547904
253:0 Write 241664
253:0 Sync 0
253:0 Async 3223789568
253:0 Total 3223789568
Total 3223789568
--------------------CPUAC-----------------------
user 2276
system 35101
--------------------MEMCG-----------------------
MEM ONLY  : 871 MB
MEM+SWAP  : 871 MB
cache 907493376
rss 6504448
rss_huge 0
mapped_file 2252800
writeback 0
swap 0
pgpgin 21110815
pgpgout 20887671
pgfault 4584460
pgmajfault 329
inactive_anon 6516736
active_anon 57344
inactive_file 455618560
active_file 451805184
unevictable 0
hierarchical_memory_limit 999997440
hierarchical_memsw_limit 9223372036854771712
total_cache 907493376
total_rss 6504448
total_rss_huge 0
total_mapped_file 2252800
total_writeback 0
total_swap 0
total_pgpgin 21110815
total_pgpgout 20887671
total_pgfault 4584460
total_pgmajfault 329
total_inactive_anon 6516736
total_active_anon 57344
total_inactive_file 455618560
total_active_file 451805184
total_unevictable 0
--------------------BLKIO-----------------------
11:0 Read 0
11:0 Write 0
11:0 Sync 0
11:0 Async 0
11:0 Total 0
253:0 Read 3223547904
253:0 Write 241664
253:0 Sync 0
253:0 Async 3223789568
253:0 Total 3223789568
Total 3223789568
--------------------CPUAC-----------------------
user 2276
system 35101
--------------------MEMCG-----------------------
MEM ONLY  : 871 MB
MEM+SWAP  : 871 MB
cache 907493376
rss 6504448
rss_huge 0
mapped_file 2252800
writeback 0
swap 0
pgpgin 21110815
pgpgout 20887671
pgfault 4584460
pgmajfault 329
inactive_anon 6516736
active_anon 57344
inactive_file 455618560
active_file 451805184
unevictable 0
hierarchical_memory_limit 999997440
hierarchical_memsw_limit 9223372036854771712
total_cache 907493376
total_rss 6504448
total_rss_huge 0
total_mapped_file 2252800
total_writeback 0
total_swap 0
total_pgpgin 21110815
total_pgpgout 20887671
total_pgfault 4584460
total_pgmajfault 329
total_inactive_anon 6516736
total_active_anon 57344
total_inactive_file 455618560
total_active_file 451805184
total_unevictable 0
--------------------BLKIO-----------------------
11:0 Read 0
11:0 Write 0
11:0 Sync 0
11:0 Async 0
11:0 Total 0
253:0 Read 3223547904
253:0 Write 241664
253:0 Sync 0
253:0 Async 3223789568
253:0 Total 3223789568
Total 3223789568
--------------------CPUAC-----------------------
user 2276
system 35101
--------------------MEMCG-----------------------
MEM ONLY  : 871 MB
MEM+SWAP  : 871 MB
cache 907493376
rss 6504448
rss_huge 0
mapped_file 2252800
writeback 0
swap 0
pgpgin 21110815
pgpgout 20887671
pgfault 4584460
pgmajfault 329
inactive_anon 6516736
active_anon 57344
inactive_file 455618560
active_file 451805184
unevictable 0
hierarchical_memory_limit 999997440
hierarchical_memsw_limit 9223372036854771712
total_cache 907493376
total_rss 6504448
total_rss_huge 0
total_mapped_file 2252800
total_writeback 0
total_swap 0
total_pgpgin 21110815
total_pgpgout 20887671
total_pgfault 4584460
total_pgmajfault 329
total_inactive_anon 6516736
total_active_anon 57344
total_inactive_file 455618560
total_active_file 451805184
total_unevictable 0
--------------------BLKIO-----------------------
11:0 Read 0
11:0 Write 0
11:0 Sync 0
11:0 Async 0
11:0 Total 0
253:0 Read 3223547904
253:0 Write 241664
253:0 Sync 0
253:0 Async 3223789568
253:0 Total 3223789568
Total 3223789568
--------------------CPUAC-----------------------
user 2276
system 35101
--------------------MEMCG-----------------------
MEM ONLY  : 871 MB
MEM+SWAP  : 871 MB
cache 907493376
rss 6504448
rss_huge 0
mapped_file 2252800
writeback 0
swap 0
pgpgin 21110815
pgpgout 20887671
pgfault 4584460
pgmajfault 329
inactive_anon 6516736
active_anon 57344
inactive_file 455618560
active_file 451805184
unevictable 0
hierarchical_memory_limit 999997440
hierarchical_memsw_limit 9223372036854771712
total_cache 907493376
total_rss 6504448
total_rss_huge 0
total_mapped_file 2252800
total_writeback 0
total_swap 0
total_pgpgin 21110815
total_pgpgout 20887671
total_pgfault 4584460
total_pgmajfault 329
total_inactive_anon 6516736
total_active_anon 57344
total_inactive_file 455618560
total_active_file 451805184
total_unevictable 0
--------------------BLKIO-----------------------
11:0 Read 0
11:0 Write 0
11:0 Sync 0
11:0 Async 0
11:0 Total 0
253:0 Read 3223547904
253:0 Write 241664
253:0 Sync 0
253:0 Async 3223789568
253:0 Total 3223789568
Total 3223789568
--------------------CPUAC-----------------------
user 2276
system 35101
--------------------MEMCG-----------------------
MEM ONLY  : 871 MB
MEM+SWAP  : 871 MB
cache 907493376
rss 6504448
rss_huge 0
mapped_file 2252800
writeback 0
swap 0
pgpgin 21110815
pgpgout 20887671
pgfault 4584460
pgmajfault 329
inactive_anon 6516736
active_anon 57344
inactive_file 455618560
active_file 451805184
unevictable 0
hierarchical_memory_limit 999997440
hierarchical_memsw_limit 9223372036854771712
total_cache 907493376
total_rss 6504448
total_rss_huge 0
total_mapped_file 2252800
total_writeback 0
total_swap 0
total_pgpgin 21110815
total_pgpgout 20887671
total_pgfault 4584460
total_pgmajfault 329
total_inactive_anon 6516736
total_active_anon 57344
total_inactive_file 455618560
total_active_file 451805184
total_unevictable 0
--------------------BLKIO-----------------------
11:0 Read 0
11:0 Write 0
11:0 Sync 0
11:0 Async 0
11:0 Total 0
253:0 Read 3223547904
253:0 Write 241664
253:0 Sync 0
253:0 Async 3223789568
253:0 Total 3223789568
Total 3223789568
--------------------CPUAC-----------------------
user 2276
system 35101
--------------------MEMCG-----------------------
MEM ONLY  : 871 MB
MEM+SWAP  : 871 MB
cache 907493376
rss 6504448
rss_huge 0
mapped_file 2252800
writeback 0
swap 0
pgpgin 21110815
pgpgout 20887671
pgfault 4584460
pgmajfault 329
inactive_anon 6516736
active_anon 57344
inactive_file 455618560
active_file 451805184
unevictable 0
hierarchical_memory_limit 999997440
hierarchical_memsw_limit 9223372036854771712
total_cache 907493376
total_rss 6504448
total_rss_huge 0
total_mapped_file 2252800
total_writeback 0
total_swap 0
total_pgpgin 21110815
total_pgpgout 20887671
total_pgfault 4584460
total_pgmajfault 329
total_inactive_anon 6516736
total_active_anon 57344
total_inactive_file 455618560
total_active_file 451805184
total_unevictable 0
--------------------BLKIO-----------------------
11:0 Read 0
11:0 Write 0
11:0 Sync 0
11:0 Async 0
11:0 Total 0
253:0 Read 3223547904
253:0 Write 241664
253:0 Sync 0
253:0 Async 3223789568
253:0 Total 3223789568
Total 3223789568
--------------------CPUAC-----------------------
user 2276
system 35101
--------------------MEMCG-----------------------
MEM ONLY  : 871 MB
MEM+SWAP  : 871 MB
cache 907493376
rss 6504448
rss_huge 0
mapped_file 2252800
writeback 0
swap 0
pgpgin 21110815
pgpgout 20887671
pgfault 4584460
pgmajfault 329
inactive_anon 6516736
active_anon 57344
inactive_file 455618560
active_file 451805184
unevictable 0
hierarchical_memory_limit 999997440
hierarchical_memsw_limit 9223372036854771712
total_cache 907493376
total_rss 6504448
total_rss_huge 0
total_mapped_file 2252800
total_writeback 0
total_swap 0
total_pgpgin 21110815
total_pgpgout 20887671
total_pgfault 4584460
total_pgmajfault 329
total_inactive_anon 6516736
total_active_anon 57344
total_inactive_file 455618560
total_active_file 451805184
total_unevictable 0
--------------------BLKIO-----------------------
11:0 Read 0
11:0 Write 0
11:0 Sync 0
11:0 Async 0
11:0 Total 0
253:0 Read 3223547904
253:0 Write 241664
253:0 Sync 0
253:0 Async 3223789568
253:0 Total 3223789568
Total 3223789568
--------------------CPUAC-----------------------
user 2276
system 35101
--------------------MEMCG-----------------------
MEM ONLY  : 871 MB
MEM+SWAP  : 871 MB
cache 907493376
rss 6504448
rss_huge 0
mapped_file 2252800
writeback 0
swap 0
pgpgin 21110815
pgpgout 20887671
pgfault 4584460
pgmajfault 329
inactive_anon 6516736
active_anon 57344
inactive_file 455618560
active_file 451805184
unevictable 0
hierarchical_memory_limit 999997440
hierarchical_memsw_limit 9223372036854771712
total_cache 907493376
total_rss 6504448
total_rss_huge 0
total_mapped_file 2252800
total_writeback 0
total_swap 0
total_pgpgin 21110815
total_pgpgout 20887671
total_pgfault 4584460
total_pgmajfault 329
total_inactive_anon 6516736
total_active_anon 57344
total_inactive_file 455618560
total_active_file 451805184
total_unevictable 0
--------------------BLKIO-----------------------
11:0 Read 0
11:0 Write 0
11:0 Sync 0
11:0 Async 0
11:0 Total 0
253:0 Read 3223547904
253:0 Write 241664
253:0 Sync 0
253:0 Async 3223789568
253:0 Total 3223789568
Total 3223789568
--------------------CPUAC-----------------------
user 2276
system 35101
--------------------MEMCG-----------------------
MEM ONLY  : 871 MB
MEM+SWAP  : 871 MB
cache 907493376
rss 6504448
rss_huge 0
mapped_file 2252800
writeback 0
swap 0
pgpgin 21110815
pgpgout 20887671
pgfault 4584460
pgmajfault 329
inactive_anon 6516736
active_anon 57344
inactive_file 455618560
active_file 451805184
unevictable 0
hierarchical_memory_limit 999997440
hierarchical_memsw_limit 9223372036854771712
total_cache 907493376
total_rss 6504448
total_rss_huge 0
total_mapped_file 2252800
total_writeback 0
total_swap 0
total_pgpgin 21110815
total_pgpgout 20887671
total_pgfault 4584460
total_pgmajfault 329
total_inactive_anon 6516736
total_active_anon 57344
total_inactive_file 455618560
total_active_file 451805184
total_unevictable 0
--------------------BLKIO-----------------------
11:0 Read 0
11:0 Write 0
11:0 Sync 0
11:0 Async 0
11:0 Total 0
253:0 Read 3223547904
253:0 Write 241664
253:0 Sync 0
253:0 Async 3223789568
253:0 Total 3223789568
Total 3223789568
--------------------CPUAC-----------------------
user 2276
system 35101
--------------------MEMCG-----------------------
MEM ONLY  : 871 MB
MEM+SWAP  : 871 MB
cache 907493376
rss 6504448
rss_huge 0
mapped_file 2252800
writeback 0
swap 0
pgpgin 21110815
pgpgout 20887671
pgfault 4584460
pgmajfault 329
inactive_anon 6516736
active_anon 57344
inactive_file 455618560
active_file 451805184
unevictable 0
hierarchical_memory_limit 999997440
hierarchical_memsw_limit 9223372036854771712
total_cache 907493376
total_rss 6504448
total_rss_huge 0
total_mapped_file 2252800
total_writeback 0
total_swap 0
total_pgpgin 21110815
total_pgpgout 20887671
total_pgfault 4584460
total_pgmajfault 329
total_inactive_anon 6516736
total_active_anon 57344
total_inactive_file 455618560
total_active_file 451805184
total_unevictable 0
--------------------BLKIO-----------------------
11:0 Read 0
11:0 Write 0
11:0 Sync 0
11:0 Async 0
11:0 Total 0
253:0 Read 3223547904
253:0 Write 241664
253:0 Sync 0
253:0 Async 3223789568
253:0 Total 3223789568
Total 3223789568
--------------------CPUAC-----------------------
user 2276
system 35101
--------------------MEMCG-----------------------
MEM ONLY  : 871 MB
MEM+SWAP  : 871 MB
cache 907493376
rss 6504448
rss_huge 0
mapped_file 2252800
writeback 0
swap 0
pgpgin 21110815
pgpgout 20887671
pgfault 4584460
pgmajfault 329
inactive_anon 6516736
active_anon 57344
inactive_file 455618560
active_file 451805184
unevictable 0
hierarchical_memory_limit 999997440
hierarchical_memsw_limit 9223372036854771712
total_cache 907493376
total_rss 6504448
total_rss_huge 0
total_mapped_file 2252800
total_writeback 0
total_swap 0
total_pgpgin 21110815
total_pgpgout 20887671
total_pgfault 4584460
total_pgmajfault 329
total_inactive_anon 6516736
total_active_anon 57344
total_inactive_file 455618560
total_active_file 451805184
total_unevictable 0
--------------------BLKIO-----------------------
11:0 Read 0
11:0 Write 0
11:0 Sync 0
11:0 Async 0
11:0 Total 0
253:0 Read 3223547904
253:0 Write 241664
253:0 Sync 0
253:0 Async 3223789568
253:0 Total 3223789568
Total 3223789568
--------------------CPUAC-----------------------
user 2276
system 35101
--------------------MEMCG-----------------------
MEM ONLY  : 871 MB
MEM+SWAP  : 871 MB
cache 907493376
rss 6504448
rss_huge 0
mapped_file 2252800
writeback 0
swap 0
pgpgin 21110815
pgpgout 20887671
pgfault 4584460
pgmajfault 329
inactive_anon 6516736
active_anon 57344
inactive_file 455618560
active_file 451805184
unevictable 0
hierarchical_memory_limit 999997440
hierarchical_memsw_limit 9223372036854771712
total_cache 907493376
total_rss 6504448
total_rss_huge 0
total_mapped_file 2252800
total_writeback 0
total_swap 0
total_pgpgin 21110815
total_pgpgout 20887671
total_pgfault 4584460
total_pgmajfault 329
total_inactive_anon 6516736
total_active_anon 57344
total_inactive_file 455618560
total_active_file 451805184
total_unevictable 0
--------------------BLKIO-----------------------
11:0 Read 0
11:0 Write 0
11:0 Sync 0
11:0 Async 0
11:0 Total 0
253:0 Read 3223547904
253:0 Write 241664
253:0 Sync 0
253:0 Async 3223789568
253:0 Total 3223789568
Total 3223789568
--------------------CPUAC-----------------------
user 2276
system 35101
--------------------MEMCG-----------------------
MEM ONLY  : 871 MB
MEM+SWAP  : 871 MB
cache 907493376
rss 6504448
rss_huge 0
mapped_file 2252800
writeback 0
swap 0
pgpgin 21110815
pgpgout 20887671
pgfault 4584460
pgmajfault 329
inactive_anon 6516736
active_anon 57344
inactive_file 455618560
active_file 451805184
unevictable 0
hierarchical_memory_limit 999997440
hierarchical_memsw_limit 9223372036854771712
total_cache 907493376
total_rss 6504448
total_rss_huge 0
total_mapped_file 2252800
total_writeback 0
total_swap 0
total_pgpgin 21110815
total_pgpgout 20887671
total_pgfault 4584460
total_pgmajfault 329
total_inactive_anon 6516736
total_active_anon 57344
total_inactive_file 455618560
total_active_file 451805184
total_unevictable 0
--------------------BLKIO-----------------------
11:0 Read 0
11:0 Write 0
11:0 Sync 0
11:0 Async 0
11:0 Total 0
253:0 Read 3223547904
253:0 Write 241664
253:0 Sync 0
253:0 Async 3223789568
253:0 Total 3223789568
Total 3223789568
--------------------CPUAC-----------------------
user 2276
system 35101
--------------------MEMCG-----------------------
MEM ONLY  : 871 MB
MEM+SWAP  : 871 MB
cache 907493376
rss 6504448
rss_huge 0
mapped_file 2252800
writeback 0
swap 0
pgpgin 21110815
pgpgout 20887671
pgfault 4584460
pgmajfault 329
inactive_anon 6516736
active_anon 57344
inactive_file 455618560
active_file 451805184
unevictable 0
hierarchical_memory_limit 999997440
hierarchical_memsw_limit 9223372036854771712
total_cache 907493376
total_rss 6504448
total_rss_huge 0
total_mapped_file 2252800
total_writeback 0
total_swap 0
total_pgpgin 21110815
total_pgpgout 20887671
total_pgfault 4584460
total_pgmajfault 329
total_inactive_anon 6516736
total_active_anon 57344
total_inactive_file 455618560
total_active_file 451805184
total_unevictable 0
--------------------BLKIO-----------------------
11:0 Read 0
11:0 Write 0
11:0 Sync 0
11:0 Async 0
11:0 Total 0
253:0 Read 3223547904
253:0 Write 241664
253:0 Sync 0
253:0 Async 3223789568
253:0 Total 3223789568
Total 3223789568
--------------------CPUAC-----------------------
user 2276
system 35101
--------------------MEMCG-----------------------
MEM ONLY  : 871 MB
MEM+SWAP  : 871 MB
cache 907493376
rss 6504448
rss_huge 0
mapped_file 2252800
writeback 0
swap 0
pgpgin 21110815
pgpgout 20887671
pgfault 4584460
pgmajfault 329
inactive_anon 6516736
active_anon 57344
inactive_file 455618560
active_file 451805184
unevictable 0
hierarchical_memory_limit 999997440
hierarchical_memsw_limit 9223372036854771712
total_cache 907493376
total_rss 6504448
total_rss_huge 0
total_mapped_file 2252800
total_writeback 0
total_swap 0
total_pgpgin 21110815
total_pgpgout 20887671
total_pgfault 4584460
total_pgmajfault 329
total_inactive_anon 6516736
total_active_anon 57344
total_inactive_file 455618560
total_active_file 451805184
total_unevictable 0
--------------------BLKIO-----------------------
11:0 Read 0
11:0 Write 0
11:0 Sync 0
11:0 Async 0
11:0 Total 0
253:0 Read 3223547904
253:0 Write 241664
253:0 Sync 0
253:0 Async 3223789568
253:0 Total 3223789568
Total 3223789568
--------------------CPUAC-----------------------
user 2276
system 35101
--------------------MEMCG-----------------------
MEM ONLY  : 871 MB
MEM+SWAP  : 871 MB
cache 907493376
rss 6504448
rss_huge 0
mapped_file 2252800
writeback 0
swap 0
pgpgin 21110815
pgpgout 20887671
pgfault 4584460
pgmajfault 329
inactive_anon 6516736
active_anon 57344
inactive_file 455618560
active_file 451805184
unevictable 0
hierarchical_memory_limit 999997440
hierarchical_memsw_limit 9223372036854771712
total_cache 907493376
total_rss 6504448
total_rss_huge 0
total_mapped_file 2252800
total_writeback 0
total_swap 0
total_pgpgin 21110815
total_pgpgout 20887671
total_pgfault 4584460
total_pgmajfault 329
total_inactive_anon 6516736
total_active_anon 57344
total_inactive_file 455618560
total_active_file 451805184
total_unevictable 0
--------------------BLKIO-----------------------
11:0 Read 0
11:0 Write 0
11:0 Sync 0
11:0 Async 0
11:0 Total 0
253:0 Read 3223547904
253:0 Write 241664
253:0 Sync 0
253:0 Async 3223789568
253:0 Total 3223789568
Total 3223789568
--------------------CPUAC-----------------------
user 2276
system 35101
--------------------MEMCG-----------------------
MEM ONLY  : 871 MB
MEM+SWAP  : 871 MB
cache 907493376
rss 6504448
rss_huge 0
mapped_file 2252800
writeback 0
swap 0
pgpgin 21110815
pgpgout 20887671
pgfault 4584460
pgmajfault 329
inactive_anon 6516736
active_anon 57344
inactive_file 455618560
active_file 451805184
unevictable 0
hierarchical_memory_limit 999997440
hierarchical_memsw_limit 9223372036854771712
total_cache 907493376
total_rss 6504448
total_rss_huge 0
total_mapped_file 2252800
total_writeback 0
total_swap 0
total_pgpgin 21110815
total_pgpgout 20887671
total_pgfault 4584460
total_pgmajfault 329
total_inactive_anon 6516736
total_active_anon 57344
total_inactive_file 455618560
total_active_file 451805184
total_unevictable 0
--------------------BLKIO-----------------------
11:0 Read 0
11:0 Write 0
11:0 Sync 0
11:0 Async 0
11:0 Total 0
253:0 Read 3223547904
253:0 Write 241664
253:0 Sync 0
253:0 Async 3223789568
253:0 Total 3223789568
Total 3223789568
--------------------CPUAC-----------------------
user 2276
system 35101
--------------------MEMCG-----------------------
MEM ONLY  : 871 MB
MEM+SWAP  : 871 MB
cache 907493376
rss 6504448
rss_huge 0
mapped_file 2252800
writeback 0
swap 0
pgpgin 21110815
pgpgout 20887671
pgfault 4584460
pgmajfault 329
inactive_anon 6516736
active_anon 57344
inactive_file 455618560
active_file 451805184
unevictable 0
hierarchical_memory_limit 999997440
hierarchical_memsw_limit 9223372036854771712
total_cache 907493376
total_rss 6504448
total_rss_huge 0
total_mapped_file 2252800
total_writeback 0
total_swap 0
total_pgpgin 21110815
total_pgpgout 20887671
total_pgfault 4584460
total_pgmajfault 329
total_inactive_anon 6516736
total_active_anon 57344
total_inactive_file 455618560
total_active_file 451805184
total_unevictable 0
--------------------BLKIO-----------------------
11:0 Read 0
11:0 Write 0
11:0 Sync 0
11:0 Async 0
11:0 Total 0
253:0 Read 3223547904
253:0 Write 241664
253:0 Sync 0
253:0 Async 3223789568
253:0 Total 3223789568
Total 3223789568
--------------------CPUAC-----------------------
user 2276
system 35101
--------------------MEMCG-----------------------
MEM ONLY  : 871 MB
MEM+SWAP  : 871 MB
cache 907493376
rss 6504448
rss_huge 0
mapped_file 2252800
writeback 0
swap 0
pgpgin 21110815
pgpgout 20887671
pgfault 4584460
pgmajfault 329
inactive_anon 6516736
active_anon 57344
inactive_file 455618560
active_file 451805184
unevictable 0
hierarchical_memory_limit 999997440
hierarchical_memsw_limit 9223372036854771712
total_cache 907493376
total_rss 6504448
total_rss_huge 0
total_mapped_file 2252800
total_writeback 0
total_swap 0
total_pgpgin 21110815
total_pgpgout 20887671
total_pgfault 4584460
total_pgmajfault 329
total_inactive_anon 6516736
total_active_anon 57344
total_inactive_file 455618560
total_active_file 451805184
total_unevictable 0
--------------------BLKIO-----------------------
11:0 Read 0
11:0 Write 0
11:0 Sync 0
11:0 Async 0
11:0 Total 0
253:0 Read 3223547904
253:0 Write 241664
253:0 Sync 0
253:0 Async 3223789568
253:0 Total 3223789568
Total 3223789568
--------------------CPUAC-----------------------
user 2276
system 35101
