--------------------MEMCG-----------------------
MEM ONLY  : 953 MB
MEM+SWAP  : 953 MB
cache 907374592
rss 92454912
rss_huge 0
mapped_file 45002752
writeback 0
swap 0
pgpgin 21380264
pgpgout 21136165
pgfault 4699820
pgmajfault 405
inactive_anon 46747648
active_anon 45780992
inactive_file 453787648
active_file 453513216
unevictable 0
hierarchical_memory_limit 999997440
hierarchical_memsw_limit 9223372036854771712
total_cache 907374592
total_rss 92454912
total_rss_huge 0
total_mapped_file 45002752
total_writeback 0
total_swap 0
total_pgpgin 21380264
total_pgpgout 21136165
total_pgfault 4699820
total_pgmajfault 405
total_inactive_anon 46747648
total_active_anon 45780992
total_inactive_file 453787648
total_active_file 453513216
total_unevictable 0
--------------------BLKIO-----------------------
11:0 Read 0
11:0 Write 0
11:0 Sync 0
11:0 Async 0
11:0 Total 0
253:0 Read 3223859200
253:0 Write 241664
253:0 Sync 0
253:0 Async 3224100864
253:0 Total 3224100864
Total 3224100864
--------------------CPUAC-----------------------
user 2337
system 35618
--------------------MEMCG-----------------------
MEM ONLY  : 953 MB
MEM+SWAP  : 953 MB
cache 907534336
rss 92446720
rss_huge 0
mapped_file 3485696
writeback 0
swap 0
pgpgin 22900617
pgpgout 22656481
pgfault 5020319
pgmajfault 411
inactive_anon 46735360
active_anon 45776896
inactive_file 453550080
active_file 453910528
unevictable 0
hierarchical_memory_limit 999997440
hierarchical_memsw_limit 9223372036854771712
total_cache 907534336
total_rss 92446720
total_rss_huge 0
total_mapped_file 3485696
total_writeback 0
total_swap 0
total_pgpgin 22900617
total_pgpgout 22656481
total_pgfault 5020319
total_pgmajfault 411
total_inactive_anon 46735360
total_active_anon 45776896
total_inactive_file 453550080
total_active_file 453910528
total_unevictable 0
--------------------BLKIO-----------------------
11:0 Read 0
11:0 Write 0
11:0 Sync 0
11:0 Async 0
11:0 Total 0
253:0 Read 3223859200
253:0 Write 241664
253:0 Sync 0
253:0 Async 3224100864
253:0 Total 3224100864
Total 3224100864
--------------------CPUAC-----------------------
user 2507
system 37548
--------------------MEMCG-----------------------
MEM ONLY  : 953 MB
MEM+SWAP  : 953 MB
cache 907468800
rss 92459008
rss_huge 0
mapped_file 3325952
writeback 0
swap 0
pgpgin 24226645
pgpgout 23982521
pgfault 5294931
pgmajfault 411
inactive_anon 46735360
active_anon 45797376
inactive_file 453480448
active_file 453877760
unevictable 0
hierarchical_memory_limit 999997440
hierarchical_memsw_limit 9223372036854771712
total_cache 907481088
total_rss 92459008
total_rss_huge 0
total_mapped_file 3325952
total_writeback 0
total_swap 0
total_pgpgin 24226648
total_pgpgout 23982521
total_pgfault 5294931
total_pgmajfault 411
total_inactive_anon 46735360
total_active_anon 45797376
total_inactive_file 453480448
total_active_file 453877760
total_unevictable 0
--------------------BLKIO-----------------------
11:0 Read 0
11:0 Write 0
11:0 Sync 0
11:0 Async 0
11:0 Total 0
253:0 Read 3223859200
253:0 Write 241664
253:0 Sync 0
253:0 Async 3224100864
253:0 Total 3224100864
Total 3224100864
--------------------CPUAC-----------------------
user 2640
system 39568
--------------------MEMCG-----------------------
MEM ONLY  : 953 MB
MEM+SWAP  : 953 MB
cache 907423744
rss 92446720
rss_huge 0
mapped_file 3375104
writeback 0
swap 0
pgpgin 25564568
pgpgout 25320459
pgfault 5573933
pgmajfault 413
inactive_anon 46735360
active_anon 45785088
inactive_file 453480448
active_file 453783552
unevictable 0
hierarchical_memory_limit 999997440
hierarchical_memsw_limit 9223372036854771712
total_cache 907423744
total_rss 92446720
total_rss_huge 0
total_mapped_file 3375104
total_writeback 0
total_swap 0
total_pgpgin 25564568
total_pgpgout 25320480
total_pgfault 5573933
total_pgmajfault 413
total_inactive_anon 46735360
total_active_anon 45785088
total_inactive_file 453480448
total_active_file 453726208
total_unevictable 0
--------------------BLKIO-----------------------
11:0 Read 0
11:0 Write 0
11:0 Sync 0
11:0 Async 0
11:0 Total 0
253:0 Read 3223859200
253:0 Write 241664
253:0 Sync 0
253:0 Async 3224100864
253:0 Total 3224100864
Total 3224100864
--------------------CPUAC-----------------------
user 2779
system 41575
--------------------MEMCG-----------------------
MEM ONLY  : 953 MB
MEM+SWAP  : 953 MB
cache 907280384
rss 92467200
rss_huge 0
mapped_file 3526656
writeback 0
swap 0
pgpgin 26777775
pgpgout 26533696
pgfault 5829079
pgmajfault 420
inactive_anon 46735360
active_anon 45801472
inactive_file 453529600
active_file 453677056
unevictable 0
hierarchical_memory_limit 999997440
hierarchical_memsw_limit 9223372036854771712
total_cache 907280384
total_rss 92463104
total_rss_huge 0
total_mapped_file 3526656
total_writeback 0
total_swap 0
total_pgpgin 26777775
total_pgpgout 26533697
total_pgfault 5829079
total_pgmajfault 420
total_inactive_anon 46735360
total_active_anon 45797376
total_inactive_file 453529600
total_active_file 453677056
total_unevictable 0
--------------------BLKIO-----------------------
11:0 Read 0
11:0 Write 0
11:0 Sync 0
11:0 Async 0
11:0 Total 0
253:0 Read 3223859200
253:0 Write 241664
253:0 Sync 0
253:0 Async 3224100864
253:0 Total 3224100864
Total 3224100864
--------------------CPUAC-----------------------
user 2919
system 43592
--------------------MEMCG-----------------------
MEM ONLY  : 953 MB
MEM+SWAP  : 953 MB
cache 907468800
rss 92459008
rss_huge 0
mapped_file 3334144
writeback 0
swap 0
pgpgin 28067002
pgpgout 27822880
pgfault 6094769
pgmajfault 420
inactive_anon 46735360
active_anon 45793280
inactive_file 453828608
active_file 453566464
unevictable 0
hierarchical_memory_limit 999997440
hierarchical_memsw_limit 9223372036854771712
total_cache 907468800
total_rss 92454912
total_rss_huge 0
total_mapped_file 3334144
total_writeback 0
total_swap 0
total_pgpgin 28067002
total_pgpgout 27822880
total_pgfault 6094769
total_pgmajfault 420
total_inactive_anon 46735360
total_active_anon 45793280
total_inactive_file 453828608
total_active_file 453566464
total_unevictable 0
--------------------BLKIO-----------------------
11:0 Read 0
11:0 Write 0
11:0 Sync 0
11:0 Async 0
11:0 Total 0
253:0 Read 3223859200
253:0 Write 241664
253:0 Sync 0
253:0 Async 3224100864
253:0 Total 3224100864
Total 3224100864
--------------------CPUAC-----------------------
user 3057
system 45596
--------------------MEMCG-----------------------
MEM ONLY  : 953 MB
MEM+SWAP  : 953 MB
cache 907214848
rss 92454912
rss_huge 0
mapped_file 3375104
writeback 0
swap 0
pgpgin 29280460
pgpgout 29036400
pgfault 6345952
pgmajfault 421
inactive_anon 46735360
active_anon 45793280
inactive_file 453644288
active_file 453496832
unevictable 0
hierarchical_memory_limit 999997440
hierarchical_memsw_limit 9223372036854771712
total_cache 907214848
total_rss 92454912
total_rss_huge 0
total_mapped_file 3375104
total_writeback 0
total_swap 0
total_pgpgin 29280460
total_pgpgout 29036400
total_pgfault 6345952
total_pgmajfault 421
total_inactive_anon 46735360
total_active_anon 45793280
total_inactive_file 453644288
total_active_file 453496832
total_unevictable 0
--------------------BLKIO-----------------------
11:0 Read 0
11:0 Write 0
11:0 Sync 0
11:0 Async 0
11:0 Total 0
253:0 Read 3223859200
253:0 Write 241664
253:0 Sync 0
253:0 Async 3224100864
253:0 Total 3224100864
Total 3224100864
--------------------CPUAC-----------------------
user 3198
system 47622
--------------------MEMCG-----------------------
MEM ONLY  : 953 MB
MEM+SWAP  : 953 MB
cache 907370496
rss 92454912
rss_huge 0
mapped_file 3485696
writeback 0
swap 0
pgpgin 30440369
pgpgout 30196271
pgfault 6585063
pgmajfault 427
inactive_anon 46735360
active_anon 45793280
inactive_file 453738496
active_file 453558272
unevictable 0
hierarchical_memory_limit 999997440
hierarchical_memsw_limit 9223372036854771712
total_cache 907370496
total_rss 92454912
total_rss_huge 0
total_mapped_file 3485696
total_writeback 0
total_swap 0
total_pgpgin 30440369
total_pgpgout 30196271
total_pgfault 6585063
total_pgmajfault 427
total_inactive_anon 46735360
total_active_anon 45793280
total_inactive_file 453738496
total_active_file 453558272
total_unevictable 0
--------------------BLKIO-----------------------
11:0 Read 0
11:0 Write 0
11:0 Sync 0
11:0 Async 0
11:0 Total 0
253:0 Read 3223859200
253:0 Write 241664
253:0 Sync 0
253:0 Async 3224100864
253:0 Total 3224100864
Total 3224100864
--------------------CPUAC-----------------------
user 3328
system 49680
--------------------MEMCG-----------------------
MEM ONLY  : 953 MB
MEM+SWAP  : 953 MB
cache 907358208
rss 92446720
rss_huge 0
mapped_file 3375104
writeback 0
swap 0
pgpgin 31568375
pgpgout 31324282
pgfault 6817797
pgmajfault 428
inactive_anon 46735360
active_anon 45776896
inactive_file 452943872
active_file 454209536
unevictable 0
hierarchical_memory_limit 999997440
hierarchical_memsw_limit 9223372036854771712
total_cache 907358208
total_rss 92446720
total_rss_huge 0
total_mapped_file 3375104
total_writeback 0
total_swap 0
total_pgpgin 31568375
total_pgpgout 31324282
total_pgfault 6817797
total_pgmajfault 428
total_inactive_anon 46735360
total_active_anon 45776896
total_inactive_file 452943872
total_active_file 454209536
total_unevictable 0
--------------------BLKIO-----------------------
11:0 Read 0
11:0 Write 0
11:0 Sync 0
11:0 Async 0
11:0 Total 0
253:0 Read 3223859200
253:0 Write 241664
253:0 Sync 0
253:0 Async 3224100864
253:0 Total 3224100864
Total 3224100864
--------------------CPUAC-----------------------
user 3454
system 51744
--------------------MEMCG-----------------------
MEM ONLY  : 953 MB
MEM+SWAP  : 953 MB
cache 907423744
rss 92450816
rss_huge 0
mapped_file 3334144
writeback 0
swap 0
pgpgin 32687957
pgpgout 32443847
pgfault 7049035
pgmajfault 428
inactive_anon 46735360
active_anon 45789184
inactive_file 453849088
active_file 453500928
unevictable 0
hierarchical_memory_limit 999997440
hierarchical_memsw_limit 9223372036854771712
total_cache 907423744
total_rss 92450816
total_rss_huge 0
total_mapped_file 3334144
total_writeback 0
total_swap 0
total_pgpgin 32687957
total_pgpgout 32443847
total_pgfault 7049035
total_pgmajfault 428
total_inactive_anon 46735360
total_active_anon 45789184
total_inactive_file 453849088
total_active_file 453500928
total_unevictable 0
--------------------BLKIO-----------------------
11:0 Read 0
11:0 Write 0
11:0 Sync 0
11:0 Async 0
11:0 Total 0
253:0 Read 3223859200
253:0 Write 241664
253:0 Sync 0
253:0 Async 3224100864
253:0 Total 3224100864
Total 3224100864
--------------------CPUAC-----------------------
user 3575
system 53824
--------------------MEMCG-----------------------
MEM ONLY  : 953 MB
MEM+SWAP  : 953 MB
cache 907431936
rss 92454912
rss_huge 0
mapped_file 3526656
writeback 0
swap 0
pgpgin 33834521
pgpgout 33590408
pgfault 7284254
pgmajfault 435
inactive_anon 46735360
active_anon 45793280
inactive_file 453857280
active_file 453500928
unevictable 0
hierarchical_memory_limit 999997440
hierarchical_memsw_limit 9223372036854771712
total_cache 907431936
total_rss 92454912
total_rss_huge 0
total_mapped_file 3526656
total_writeback 0
total_swap 0
total_pgpgin 33834521
total_pgpgout 33590408
total_pgfault 7284254
total_pgmajfault 435
total_inactive_anon 46735360
total_active_anon 45793280
total_inactive_file 453857280
total_active_file 453500928
total_unevictable 0
--------------------BLKIO-----------------------
11:0 Read 0
11:0 Write 0
11:0 Sync 0
11:0 Async 0
11:0 Total 0
253:0 Read 3223859200
253:0 Write 241664
253:0 Sync 0
253:0 Async 3224100864
253:0 Total 3224100864
Total 3224100864
--------------------CPUAC-----------------------
user 3709
system 55892
--------------------MEMCG-----------------------
MEM ONLY  : 953 MB
MEM+SWAP  : 953 MB
cache 907272192
rss 92459008
rss_huge 0
mapped_file 3334144
writeback 0
swap 0
pgpgin 34933117
pgpgout 34689041
pgfault 7511658
pgmajfault 435
inactive_anon 46735360
active_anon 45793280
inactive_file 453472256
active_file 453693440
unevictable 0
hierarchical_memory_limit 999997440
hierarchical_memsw_limit 9223372036854771712
total_cache 907280384
total_rss 92459008
total_rss_huge 0
total_mapped_file 3334144
total_writeback 0
total_swap 0
total_pgpgin 34933119
total_pgpgout 34689041
total_pgfault 7511658
total_pgmajfault 435
total_inactive_anon 46735360
total_active_anon 45793280
total_inactive_file 453472256
total_active_file 453693440
total_unevictable 0
--------------------BLKIO-----------------------
11:0 Read 0
11:0 Write 0
11:0 Sync 0
11:0 Async 0
11:0 Total 0
253:0 Read 3223859200
253:0 Write 241664
253:0 Sync 0
253:0 Async 3224100864
253:0 Total 3224100864
Total 3224100864
--------------------CPUAC-----------------------
user 3828
system 57956
--------------------MEMCG-----------------------
MEM ONLY  : 953 MB
MEM+SWAP  : 953 MB
cache 907354112
rss 92450816
rss_huge 0
mapped_file 3334144
writeback 0
swap 0
pgpgin 36071577
pgpgout 35827484
pgfault 7746891
pgmajfault 435
inactive_anon 46735360
active_anon 45789184
inactive_file 453505024
active_file 453775360
unevictable 0
hierarchical_memory_limit 999997440
hierarchical_memsw_limit 9223372036854771712
total_cache 907354112
total_rss 92450816
total_rss_huge 0
total_mapped_file 3334144
total_writeback 0
total_swap 0
total_pgpgin 36071577
total_pgpgout 35827484
total_pgfault 7746891
total_pgmajfault 435
total_inactive_anon 46735360
total_active_anon 45789184
total_inactive_file 453505024
total_active_file 453775360
total_unevictable 0
--------------------BLKIO-----------------------
11:0 Read 0
11:0 Write 0
11:0 Sync 0
11:0 Async 0
11:0 Total 0
253:0 Read 3223859200
253:0 Write 241664
253:0 Sync 0
253:0 Async 3224100864
253:0 Total 3224100864
Total 3224100864
--------------------CPUAC-----------------------
user 3946
system 60036
--------------------MEMCG-----------------------
MEM ONLY  : 953 MB
MEM+SWAP  : 953 MB
cache 907436032
rss 92442624
rss_huge 0
mapped_file 3485696
writeback 0
swap 0
pgpgin 37295086
pgpgout 37050975
pgfault 8000501
pgmajfault 441
inactive_anon 46735360
active_anon 45780992
inactive_file 453779456
active_file 453582848
unevictable 0
hierarchical_memory_limit 999997440
hierarchical_memsw_limit 9223372036854771712
total_cache 907436032
total_rss 92442624
total_rss_huge 0
total_mapped_file 3485696
total_writeback 0
total_swap 0
total_pgpgin 37295086
total_pgpgout 37050976
total_pgfault 8000501
total_pgmajfault 441
total_inactive_anon 46735360
total_active_anon 45776896
total_inactive_file 453779456
total_active_file 453582848
total_unevictable 0
--------------------BLKIO-----------------------
11:0 Read 0
11:0 Write 0
11:0 Sync 0
11:0 Async 0
11:0 Total 0
253:0 Read 3223859200
253:0 Write 241664
253:0 Sync 0
253:0 Async 3224100864
253:0 Total 3224100864
Total 3224100864
--------------------CPUAC-----------------------
user 4084
system 62093
--------------------MEMCG-----------------------
MEM ONLY  : 953 MB
MEM+SWAP  : 953 MB
cache 907280384
rss 92454912
rss_huge 0
mapped_file 3334144
writeback 0
swap 0
pgpgin 38408354
pgpgout 38164278
pgfault 8229397
pgmajfault 442
inactive_anon 46735360
active_anon 45776896
inactive_file 453541888
active_file 453664768
unevictable 0
hierarchical_memory_limit 999997440
hierarchical_memsw_limit 9223372036854771712
total_cache 907280384
total_rss 92454912
total_rss_huge 0
total_mapped_file 3334144
total_writeback 0
total_swap 0
total_pgpgin 38408354
total_pgpgout 38164278
total_pgfault 8229397
total_pgmajfault 442
total_inactive_anon 46735360
total_active_anon 45776896
total_inactive_file 453541888
total_active_file 453664768
total_unevictable 0
--------------------BLKIO-----------------------
11:0 Read 0
11:0 Write 0
11:0 Sync 0
11:0 Async 0
11:0 Total 0
253:0 Read 3223859200
253:0 Write 241664
253:0 Sync 0
253:0 Async 3224100864
253:0 Total 3224100864
Total 3224100864
--------------------CPUAC-----------------------
user 4202
system 64147
--------------------MEMCG-----------------------
MEM ONLY  : 953 MB
MEM+SWAP  : 953 MB
cache 907354112
rss 92454912
rss_huge 0
mapped_file 3325952
writeback 0
swap 0
pgpgin 39635566
pgpgout 39391472
pgfault 8485050
pgmajfault 443
inactive_anon 46735360
active_anon 45776896
inactive_file 453599232
active_file 453681152
unevictable 0
hierarchical_memory_limit 999997440
hierarchical_memsw_limit 9223372036854771712
total_cache 907354112
total_rss 92454912
total_rss_huge 0
total_mapped_file 3325952
total_writeback 0
total_swap 0
total_pgpgin 39635566
total_pgpgout 39391472
total_pgfault 8485050
total_pgmajfault 443
total_inactive_anon 46735360
total_active_anon 45776896
total_inactive_file 453599232
total_active_file 453681152
total_unevictable 0
--------------------BLKIO-----------------------
11:0 Read 0
11:0 Write 0
11:0 Sync 0
11:0 Async 0
11:0 Total 0
253:0 Read 3223859200
253:0 Write 241664
253:0 Sync 0
253:0 Async 3224100864
253:0 Total 3224100864
Total 3224100864
--------------------CPUAC-----------------------
user 4344
system 66202
--------------------MEMCG-----------------------
MEM ONLY  : 953 MB
MEM+SWAP  : 953 MB
cache 907231232
rss 92446720
rss_huge 0
mapped_file 3485696
writeback 0
swap 0
pgpgin 40788597
pgpgout 40544535
pgfault 8723221
pgmajfault 450
inactive_anon 46735360
active_anon 45776896
inactive_file 453468160
active_file 453648384
unevictable 0
hierarchical_memory_limit 999997440
hierarchical_memsw_limit 9223372036854771712
total_cache 907231232
total_rss 92446720
total_rss_huge 0
total_mapped_file 3485696
total_writeback 0
total_swap 0
total_pgpgin 40788597
total_pgpgout 40544535
total_pgfault 8723221
total_pgmajfault 450
total_inactive_anon 46735360
total_active_anon 45776896
total_inactive_file 453468160
total_active_file 453648384
total_unevictable 0
--------------------BLKIO-----------------------
11:0 Read 0
11:0 Write 0
11:0 Sync 0
11:0 Async 0
11:0 Total 0
253:0 Read 3223859200
253:0 Write 241664
253:0 Sync 0
253:0 Async 3224100864
253:0 Total 3224100864
Total 3224100864
--------------------CPUAC-----------------------
user 4476
system 68274
--------------------MEMCG-----------------------
MEM ONLY  : 953 MB
MEM+SWAP  : 953 MB
cache 907386880
rss 92442624
rss_huge 0
mapped_file 3334144
writeback 0
swap 0
pgpgin 41914496
pgpgout 41670395
pgfault 8956516
pgmajfault 450
inactive_anon 46735360
active_anon 45780992
inactive_file 453746688
active_file 453550080
unevictable 0
hierarchical_memory_limit 999997440
hierarchical_memsw_limit 9223372036854771712
total_cache 907399168
total_rss 92442624
total_rss_huge 0
total_mapped_file 3334144
total_writeback 0
total_swap 0
total_pgpgin 41914498
total_pgpgout 41670395
total_pgfault 8956516
total_pgmajfault 450
total_inactive_anon 46735360
total_active_anon 45780992
total_inactive_file 453746688
total_active_file 453550080
total_unevictable 0
--------------------BLKIO-----------------------
11:0 Read 0
11:0 Write 0
11:0 Sync 0
11:0 Async 0
11:0 Total 0
253:0 Read 3223859200
253:0 Write 241664
253:0 Sync 0
253:0 Async 3224100864
253:0 Total 3224100864
Total 3224100864
--------------------CPUAC-----------------------
user 4600
system 70345
--------------------MEMCG-----------------------
MEM ONLY  : 953 MB
MEM+SWAP  : 953 MB
cache 907358208
rss 92450816
rss_huge 0
mapped_file 3325952
writeback 0
swap 0
pgpgin 43107279
pgpgout 42863185
pgfault 9200947
pgmajfault 450
inactive_anon 46735360
active_anon 45789184
inactive_file 453476352
active_file 453808128
unevictable 0
hierarchical_memory_limit 999997440
hierarchical_memsw_limit 9223372036854771712
total_cache 907358208
total_rss 92450816
total_rss_huge 0
total_mapped_file 3325952
total_writeback 0
total_swap 0
total_pgpgin 43107279
total_pgpgout 42863185
total_pgfault 9200947
total_pgmajfault 450
total_inactive_anon 46735360
total_active_anon 45789184
total_inactive_file 453476352
total_active_file 453808128
total_unevictable 0
--------------------BLKIO-----------------------
11:0 Read 0
11:0 Write 0
11:0 Sync 0
11:0 Async 0
11:0 Total 0
253:0 Read 3223859200
253:0 Write 241664
253:0 Sync 0
253:0 Async 3224100864
253:0 Total 3224100864
Total 3224100864
--------------------CPUAC-----------------------
user 4727
system 72403
--------------------MEMCG-----------------------
MEM ONLY  : 953 MB
MEM+SWAP  : 953 MB
cache 907468800
rss 92454912
rss_huge 0
mapped_file 3477504
writeback 0
swap 0
pgpgin 44332540
pgpgout 44088418
pgfault 9453533
pgmajfault 457
inactive_anon 46735360
active_anon 45776896
inactive_file 453836800
active_file 453558272
unevictable 0
hierarchical_memory_limit 999997440
hierarchical_memsw_limit 9223372036854771712
total_cache 907468800
total_rss 92454912
total_rss_huge 0
total_mapped_file 3477504
total_writeback 0
total_swap 0
total_pgpgin 44332540
total_pgpgout 44088418
total_pgfault 9453533
total_pgmajfault 457
total_inactive_anon 46735360
total_active_anon 45776896
total_inactive_file 453836800
total_active_file 453558272
total_unevictable 0
--------------------BLKIO-----------------------
11:0 Read 0
11:0 Write 0
11:0 Sync 0
11:0 Async 0
11:0 Total 0
253:0 Read 3223859200
253:0 Write 241664
253:0 Sync 0
253:0 Async 3224100864
253:0 Total 3224100864
Total 3224100864
--------------------CPUAC-----------------------
user 4852
system 74446
--------------------MEMCG-----------------------
MEM ONLY  : 871 MB
MEM+SWAP  : 871 MB
cache 907337728
rss 6504448
rss_huge 0
mapped_file 2125824
writeback 0
swap 0
pgpgin 45298183
pgpgout 45075077
pgfault 9652337
pgmajfault 535
inactive_anon 6496256
active_anon 77824
inactive_file 455053312
active_file 452214784
unevictable 0
hierarchical_memory_limit 999997440
hierarchical_memsw_limit 9223372036854771712
total_cache 907337728
total_rss 6504448
total_rss_huge 0
total_mapped_file 2125824
total_writeback 0
total_swap 0
total_pgpgin 45298183
total_pgpgout 45075077
total_pgfault 9652337
total_pgmajfault 535
total_inactive_anon 6496256
total_active_anon 77824
total_inactive_file 455053312
total_active_file 452214784
total_unevictable 0
--------------------BLKIO-----------------------
11:0 Read 0
11:0 Write 0
11:0 Sync 0
11:0 Async 0
11:0 Total 0
253:0 Read 3224158208
253:0 Write 241664
253:0 Sync 0
253:0 Async 3224399872
253:0 Total 3224399872
Total 3224399872
--------------------CPUAC-----------------------
user 4953
system 76098
--------------------MEMCG-----------------------
MEM ONLY  : 871 MB
MEM+SWAP  : 871 MB
cache 907337728
rss 6504448
rss_huge 0
mapped_file 2125824
writeback 0
swap 0
pgpgin 45298183
pgpgout 45075077
pgfault 9652337
pgmajfault 535
inactive_anon 6496256
active_anon 77824
inactive_file 455049216
active_file 452218880
unevictable 0
hierarchical_memory_limit 999997440
hierarchical_memsw_limit 9223372036854771712
total_cache 907337728
total_rss 6504448
total_rss_huge 0
total_mapped_file 2125824
total_writeback 0
total_swap 0
total_pgpgin 45298183
total_pgpgout 45075077
total_pgfault 9652337
total_pgmajfault 535
total_inactive_anon 6496256
total_active_anon 77824
total_inactive_file 455049216
total_active_file 452218880
total_unevictable 0
--------------------BLKIO-----------------------
11:0 Read 0
11:0 Write 0
11:0 Sync 0
11:0 Async 0
11:0 Total 0
253:0 Read 3224158208
253:0 Write 241664
253:0 Sync 0
253:0 Async 3224399872
253:0 Total 3224399872
Total 3224399872
--------------------CPUAC-----------------------
user 4953
system 76098
--------------------MEMCG-----------------------
MEM ONLY  : 871 MB
MEM+SWAP  : 871 MB
cache 907382784
rss 6504448
rss_huge 0
mapped_file 2252800
writeback 0
swap 0
pgpgin 45298194
pgpgout 45075077
pgfault 9652345
pgmajfault 536
inactive_anon 6496256
active_anon 77824
inactive_file 455094272
active_file 452218880
unevictable 0
hierarchical_memory_limit 999997440
hierarchical_memsw_limit 9223372036854771712
total_cache 907382784
total_rss 6504448
total_rss_huge 0
total_mapped_file 2252800
total_writeback 0
total_swap 0
total_pgpgin 45298194
total_pgpgout 45075077
total_pgfault 9652345
total_pgmajfault 536
total_inactive_anon 6496256
total_active_anon 77824
total_inactive_file 455094272
total_active_file 452218880
total_unevictable 0
--------------------BLKIO-----------------------
11:0 Read 0
11:0 Write 0
11:0 Sync 0
11:0 Async 0
11:0 Total 0
253:0 Read 3224158208
253:0 Write 241664
253:0 Sync 0
253:0 Async 3224399872
253:0 Total 3224399872
Total 3224399872
--------------------CPUAC-----------------------
user 4953
system 76098
--------------------MEMCG-----------------------
MEM ONLY  : 871 MB
MEM+SWAP  : 871 MB
cache 907382784
rss 6504448
rss_huge 0
mapped_file 2252800
writeback 0
swap 0
pgpgin 45298194
pgpgout 45075077
pgfault 9652345
pgmajfault 536
inactive_anon 6496256
active_anon 77824
inactive_file 455094272
active_file 452218880
unevictable 0
hierarchical_memory_limit 999997440
hierarchical_memsw_limit 9223372036854771712
total_cache 907382784
total_rss 6504448
total_rss_huge 0
total_mapped_file 2252800
total_writeback 0
total_swap 0
total_pgpgin 45298194
total_pgpgout 45075077
total_pgfault 9652345
total_pgmajfault 536
total_inactive_anon 6496256
total_active_anon 77824
total_inactive_file 455094272
total_active_file 452218880
total_unevictable 0
--------------------BLKIO-----------------------
11:0 Read 0
11:0 Write 0
11:0 Sync 0
11:0 Async 0
11:0 Total 0
253:0 Read 3224158208
253:0 Write 241664
253:0 Sync 0
253:0 Async 3224399872
253:0 Total 3224399872
Total 3224399872
--------------------CPUAC-----------------------
user 4953
system 76098
--------------------MEMCG-----------------------
MEM ONLY  : 871 MB
MEM+SWAP  : 871 MB
cache 907382784
rss 6504448
rss_huge 0
mapped_file 2252800
writeback 0
swap 0
pgpgin 45298194
pgpgout 45075077
pgfault 9652345
pgmajfault 536
inactive_anon 6496256
active_anon 77824
inactive_file 455094272
active_file 452218880
unevictable 0
hierarchical_memory_limit 999997440
hierarchical_memsw_limit 9223372036854771712
total_cache 907382784
total_rss 6504448
total_rss_huge 0
total_mapped_file 2252800
total_writeback 0
total_swap 0
total_pgpgin 45298194
total_pgpgout 45075077
total_pgfault 9652345
total_pgmajfault 536
total_inactive_anon 6496256
total_active_anon 77824
total_inactive_file 455094272
total_active_file 452218880
total_unevictable 0
--------------------BLKIO-----------------------
11:0 Read 0
11:0 Write 0
11:0 Sync 0
11:0 Async 0
11:0 Total 0
253:0 Read 3224158208
253:0 Write 241664
253:0 Sync 0
253:0 Async 3224399872
253:0 Total 3224399872
Total 3224399872
--------------------CPUAC-----------------------
user 4953
system 76098
--------------------MEMCG-----------------------
MEM ONLY  : 871 MB
MEM+SWAP  : 871 MB
cache 907382784
rss 6504448
rss_huge 0
mapped_file 2252800
writeback 0
swap 0
pgpgin 45298194
pgpgout 45075077
pgfault 9652345
pgmajfault 536
inactive_anon 6496256
active_anon 77824
inactive_file 455094272
active_file 452218880
unevictable 0
hierarchical_memory_limit 999997440
hierarchical_memsw_limit 9223372036854771712
total_cache 907382784
total_rss 6504448
total_rss_huge 0
total_mapped_file 2252800
total_writeback 0
total_swap 0
total_pgpgin 45298194
total_pgpgout 45075077
total_pgfault 9652345
total_pgmajfault 536
total_inactive_anon 6496256
total_active_anon 77824
total_inactive_file 455094272
total_active_file 452218880
total_unevictable 0
--------------------BLKIO-----------------------
11:0 Read 0
11:0 Write 0
11:0 Sync 0
11:0 Async 0
11:0 Total 0
253:0 Read 3224158208
253:0 Write 241664
253:0 Sync 0
253:0 Async 3224399872
253:0 Total 3224399872
Total 3224399872
--------------------CPUAC-----------------------
user 4953
system 76098
--------------------MEMCG-----------------------
MEM ONLY  : 871 MB
MEM+SWAP  : 871 MB
cache 907382784
rss 6504448
rss_huge 0
mapped_file 2252800
writeback 0
swap 0
pgpgin 45298194
pgpgout 45075077
pgfault 9652345
pgmajfault 536
inactive_anon 6496256
active_anon 77824
inactive_file 455094272
active_file 452218880
unevictable 0
hierarchical_memory_limit 999997440
hierarchical_memsw_limit 9223372036854771712
total_cache 907382784
total_rss 6504448
total_rss_huge 0
total_mapped_file 2252800
total_writeback 0
total_swap 0
total_pgpgin 45298194
total_pgpgout 45075077
total_pgfault 9652345
total_pgmajfault 536
total_inactive_anon 6496256
total_active_anon 77824
total_inactive_file 455094272
total_active_file 452218880
total_unevictable 0
--------------------BLKIO-----------------------
11:0 Read 0
11:0 Write 0
11:0 Sync 0
11:0 Async 0
11:0 Total 0
253:0 Read 3224158208
253:0 Write 241664
253:0 Sync 0
253:0 Async 3224399872
253:0 Total 3224399872
Total 3224399872
--------------------CPUAC-----------------------
user 4953
system 76098
--------------------MEMCG-----------------------
MEM ONLY  : 871 MB
MEM+SWAP  : 871 MB
cache 907382784
rss 6504448
rss_huge 0
mapped_file 2252800
writeback 0
swap 0
pgpgin 45298194
pgpgout 45075077
pgfault 9652345
pgmajfault 536
inactive_anon 6496256
active_anon 77824
inactive_file 455094272
active_file 452218880
unevictable 0
hierarchical_memory_limit 999997440
hierarchical_memsw_limit 9223372036854771712
total_cache 907382784
total_rss 6504448
total_rss_huge 0
total_mapped_file 2252800
total_writeback 0
total_swap 0
total_pgpgin 45298194
total_pgpgout 45075077
total_pgfault 9652345
total_pgmajfault 536
total_inactive_anon 6496256
total_active_anon 77824
total_inactive_file 455094272
total_active_file 452218880
total_unevictable 0
--------------------BLKIO-----------------------
11:0 Read 0
11:0 Write 0
11:0 Sync 0
11:0 Async 0
11:0 Total 0
253:0 Read 3224158208
253:0 Write 241664
253:0 Sync 0
253:0 Async 3224399872
253:0 Total 3224399872
Total 3224399872
--------------------CPUAC-----------------------
user 4953
system 76098
--------------------MEMCG-----------------------
MEM ONLY  : 872 MB
MEM+SWAP  : 872 MB
cache 908247040
rss 6508544
rss_huge 0
mapped_file 2629632
writeback 0
swap 0
pgpgin 45298565
pgpgout 45075236
pgfault 9652744
pgmajfault 545
inactive_anon 6475776
active_anon 102400
inactive_file 454668288
active_file 453509120
unevictable 0
hierarchical_memory_limit 999997440
hierarchical_memsw_limit 9223372036854771712
total_cache 908247040
total_rss 6508544
total_rss_huge 0
total_mapped_file 2629632
total_writeback 0
total_swap 0
total_pgpgin 45298565
total_pgpgout 45075236
total_pgfault 9652744
total_pgmajfault 545
total_inactive_anon 6475776
total_active_anon 102400
total_inactive_file 454668288
total_active_file 453509120
total_unevictable 0
--------------------BLKIO-----------------------
11:0 Read 0
11:0 Write 0
11:0 Sync 0
11:0 Async 0
11:0 Total 0
253:0 Read 3225022464
253:0 Write 241664
253:0 Sync 0
253:0 Async 3225264128
253:0 Total 3225264128
Total 3225264128
--------------------CPUAC-----------------------
user 4954
system 76098
--------------------MEMCG-----------------------
MEM ONLY  : 872 MB
MEM+SWAP  : 872 MB
cache 908247040
rss 6508544
rss_huge 0
mapped_file 2629632
writeback 0
swap 0
pgpgin 45298565
pgpgout 45075236
pgfault 9652744
pgmajfault 545
inactive_anon 6475776
active_anon 102400
inactive_file 454668288
active_file 453509120
unevictable 0
hierarchical_memory_limit 999997440
hierarchical_memsw_limit 9223372036854771712
total_cache 908247040
total_rss 6508544
total_rss_huge 0
total_mapped_file 2629632
total_writeback 0
total_swap 0
total_pgpgin 45298565
total_pgpgout 45075236
total_pgfault 9652744
total_pgmajfault 545
total_inactive_anon 6475776
total_active_anon 102400
total_inactive_file 454668288
total_active_file 453509120
total_unevictable 0
--------------------BLKIO-----------------------
11:0 Read 0
11:0 Write 0
11:0 Sync 0
11:0 Async 0
11:0 Total 0
253:0 Read 3225022464
253:0 Write 241664
253:0 Sync 0
253:0 Async 3225264128
253:0 Total 3225264128
Total 3225264128
--------------------CPUAC-----------------------
user 4954
system 76098
