--------------------MEMCG-----------------------
MEM ONLY  : 953 MB
MEM+SWAP  : 953 MB
cache 968552448
rss 31100928
rss_huge 0
mapped_file 3067904
writeback 0
swap 0
pgpgin 22579905
pgpgout 22335849
pgfault 4949285
pgmajfault 454
inactive_anon 15785984
active_anon 15392768
inactive_file 484384768
active_file 484061184
unevictable 0
hierarchical_memory_limit 999997440
hierarchical_memsw_limit 9223372036854771712
total_cache 968552448
total_rss 31100928
total_rss_huge 0
total_mapped_file 3067904
total_writeback 0
total_swap 0
total_pgpgin 22579906
total_pgpgout 22335849
total_pgfault 4949287
total_pgmajfault 454
total_inactive_anon 15785984
total_active_anon 15392768
total_inactive_file 484384768
total_active_file 484061184
total_unevictable 0
--------------------BLKIO-----------------------
11:0 Read 0
11:0 Write 0
11:0 Sync 0
11:0 Async 0
11:0 Total 0
253:0 Read 3229929472
253:0 Write 233472
253:0 Sync 4096
253:0 Async 3230158848
253:0 Total 3230162944
Total 3230162944
--------------------CPUAC-----------------------
user 2467
system 36543
--------------------MEMCG-----------------------
MEM ONLY  : 953 MB
MEM+SWAP  : 953 MB
cache 968425472
rss 31100928
rss_huge 0
mapped_file 3067904
writeback 0
swap 0
pgpgin 26081485
pgpgout 25837457
pgfault 5688006
pgmajfault 462
inactive_anon 15785984
active_anon 15392768
inactive_file 484184064
active_file 484106240
unevictable 0
hierarchical_memory_limit 999997440
hierarchical_memsw_limit 9223372036854771712
total_cache 968441856
total_rss 31100928
total_rss_huge 0
total_mapped_file 3067904
total_writeback 0
total_swap 0
total_pgpgin 26081487
total_pgpgout 25837457
total_pgfault 5688006
total_pgmajfault 462
total_inactive_anon 15785984
total_active_anon 15392768
total_inactive_file 484184064
total_active_file 484106240
total_unevictable 0
--------------------BLKIO-----------------------
11:0 Read 0
11:0 Write 0
11:0 Sync 0
11:0 Async 0
11:0 Total 0
253:0 Read 3229929472
253:0 Write 233472
253:0 Sync 4096
253:0 Async 3230158848
253:0 Total 3230162944
Total 3230162944
--------------------CPUAC-----------------------
user 2868
system 39891
--------------------MEMCG-----------------------
MEM ONLY  : 953 MB
MEM+SWAP  : 953 MB
cache 970461184
rss 29368320
rss_huge 0
mapped_file 4943872
writeback 0
swap 0
pgpgin 29431651
pgpgout 29187552
pgfault 6395700
pgmajfault 558
inactive_anon 14974976
active_anon 14467072
inactive_file 484868096
active_file 485474304
unevictable 0
hierarchical_memory_limit 999997440
hierarchical_memsw_limit 9223372036854771712
total_cache 970465280
total_rss 29368320
total_rss_huge 0
total_mapped_file 4943872
total_writeback 0
total_swap 0
total_pgpgin 29431653
total_pgpgout 29187555
total_pgfault 6395700
total_pgmajfault 558
total_inactive_anon 14974976
total_active_anon 14467072
total_inactive_file 484765696
total_active_file 485462016
total_unevictable 0
--------------------BLKIO-----------------------
11:0 Read 0
11:0 Write 0
11:0 Sync 0
11:0 Async 0
11:0 Total 0
253:0 Read 3230109696
253:0 Write 233472
253:0 Sync 4096
253:0 Async 3230339072
253:0 Total 3230343168
Total 3230343168
--------------------CPUAC-----------------------
user 3268
system 43088
--------------------MEMCG-----------------------
MEM ONLY  : 953 MB
MEM+SWAP  : 953 MB
cache 970514432
rss 29368320
rss_huge 0
mapped_file 3063808
writeback 0
swap 0
pgpgin 32891925
pgpgout 32647813
pgfault 7128686
pgmajfault 559
inactive_anon 14974976
active_anon 14467072
inactive_file 485097472
active_file 485113856
unevictable 0
hierarchical_memory_limit 999997440
hierarchical_memsw_limit 9223372036854771712
total_cache 970514432
total_rss 29368320
total_rss_huge 0
total_mapped_file 3063808
total_writeback 0
total_swap 0
total_pgpgin 32891925
total_pgpgout 32647813
total_pgfault 7128686
total_pgmajfault 559
total_inactive_anon 14974976
total_active_anon 14467072
total_inactive_file 485097472
total_active_file 485113856
total_unevictable 0
--------------------BLKIO-----------------------
11:0 Read 0
11:0 Write 0
11:0 Sync 0
11:0 Async 0
11:0 Total 0
253:0 Read 3230109696
253:0 Write 233472
253:0 Sync 4096
253:0 Async 3230339072
253:0 Total 3230343168
Total 3230343168
--------------------CPUAC-----------------------
user 3681
system 46434
--------------------MEMCG-----------------------
MEM ONLY  : 953 MB
MEM+SWAP  : 953 MB
cache 970190848
rss 29368320
rss_huge 0
mapped_file 3112960
writeback 0
swap 0
pgpgin 36364688
pgpgout 36120655
pgfault 7863574
pgmajfault 567
inactive_anon 14974976
active_anon 14467072
inactive_file 485195776
active_file 484921344
unevictable 0
hierarchical_memory_limit 999997440
hierarchical_memsw_limit 9223372036854771712
total_cache 970190848
total_rss 29368320
total_rss_huge 0
total_mapped_file 3112960
total_writeback 0
total_swap 0
total_pgpgin 36364688
total_pgpgout 36120655
total_pgfault 7863574
total_pgmajfault 567
total_inactive_anon 14974976
total_active_anon 14467072
total_inactive_file 485195776
total_active_file 484921344
total_unevictable 0
--------------------BLKIO-----------------------
11:0 Read 0
11:0 Write 0
11:0 Sync 0
11:0 Async 0
11:0 Total 0
253:0 Read 3230109696
253:0 Write 233472
253:0 Sync 4096
253:0 Async 3230339072
253:0 Total 3230343168
Total 3230343168
--------------------CPUAC-----------------------
user 4108
system 49768
--------------------MEMCG-----------------------
MEM ONLY  : 953 MB
MEM+SWAP  : 953 MB
cache 970526720
rss 29368320
rss_huge 0
mapped_file 3063808
writeback 0
swap 0
pgpgin 39777014
pgpgout 39532898
pgfault 8585376
pgmajfault 567
inactive_anon 14974976
active_anon 14467072
inactive_file 485089280
active_file 485363712
unevictable 0
hierarchical_memory_limit 999997440
hierarchical_memsw_limit 9223372036854771712
total_cache 970534912
total_rss 29368320
total_rss_huge 0
total_mapped_file 3063808
total_writeback 0
total_swap 0
total_pgpgin 39777017
total_pgpgout 39532898
total_pgfault 8585377
total_pgmajfault 567
total_inactive_anon 14974976
total_active_anon 14467072
total_inactive_file 485089280
total_active_file 485363712
total_unevictable 0
--------------------BLKIO-----------------------
11:0 Read 0
11:0 Write 0
11:0 Sync 0
11:0 Async 0
11:0 Total 0
253:0 Read 3230109696
253:0 Write 233472
253:0 Sync 4096
253:0 Async 3230339072
253:0 Total 3230343168
Total 3230343168
--------------------CPUAC-----------------------
user 4515
system 53101
--------------------MEMCG-----------------------
MEM ONLY  : 953 MB
MEM+SWAP  : 953 MB
cache 970354688
rss 29368320
rss_huge 0
mapped_file 3063808
writeback 0
swap 0
pgpgin 43246459
pgpgout 43002386
pgfault 9313990
pgmajfault 568
inactive_anon 14974976
active_anon 14467072
inactive_file 485134336
active_file 485146624
unevictable 0
hierarchical_memory_limit 999997440
hierarchical_memsw_limit 9223372036854771712
total_cache 970354688
total_rss 29372416
total_rss_huge 0
total_mapped_file 3063808
total_writeback 0
total_swap 0
total_pgpgin 43246460
total_pgpgout 43002386
total_pgfault 9313991
total_pgmajfault 568
total_inactive_anon 14974976
total_active_anon 14471168
total_inactive_file 485134336
total_active_file 485146624
total_unevictable 0
--------------------BLKIO-----------------------
11:0 Read 0
11:0 Write 0
11:0 Sync 0
11:0 Async 0
11:0 Total 0
253:0 Read 3230109696
253:0 Write 233472
253:0 Sync 4096
253:0 Async 3230339072
253:0 Total 3230343168
Total 3230343168
--------------------CPUAC-----------------------
user 4890
system 56490
--------------------MEMCG-----------------------
MEM ONLY  : 953 MB
MEM+SWAP  : 953 MB
cache 970424320
rss 29368320
rss_huge 0
mapped_file 3072000
writeback 0
swap 0
pgpgin 46712357
pgpgout 46468263
pgfault 10044228
pgmajfault 575
inactive_anon 14974976
active_anon 14467072
inactive_file 485330944
active_file 484978688
unevictable 0
hierarchical_memory_limit 999997440
hierarchical_memsw_limit 9223372036854771712
total_cache 970448896
total_rss 29368320
total_rss_huge 0
total_mapped_file 3072000
total_writeback 0
total_swap 0
total_pgpgin 46712361
total_pgpgout 46468263
total_pgfault 10044228
total_pgmajfault 575
total_inactive_anon 14974976
total_active_anon 14467072
total_inactive_file 485330944
total_active_file 484978688
total_unevictable 0
--------------------BLKIO-----------------------
11:0 Read 0
11:0 Write 0
11:0 Sync 0
11:0 Async 0
11:0 Total 0
253:0 Read 3230109696
253:0 Write 233472
253:0 Sync 4096
253:0 Async 3230339072
253:0 Total 3230343168
Total 3230343168
--------------------CPUAC-----------------------
user 5259
system 59877
--------------------MEMCG-----------------------
MEM ONLY  : 953 MB
MEM+SWAP  : 953 MB
cache 970145792
rss 29368320
rss_huge 0
mapped_file 3072000
writeback 0
swap 0
pgpgin 50161918
pgpgout 49917895
pgfault 10772731
pgmajfault 576
inactive_anon 14974976
active_anon 14467072
inactive_file 485154816
active_file 484904960
unevictable 0
hierarchical_memory_limit 999997440
hierarchical_memsw_limit 9223372036854771712
total_cache 970153984
total_rss 29372416
total_rss_huge 0
total_mapped_file 3072000
total_writeback 0
total_swap 0
total_pgpgin 50161921
total_pgpgout 49917895
total_pgfault 10772732
total_pgmajfault 576
total_inactive_anon 14974976
total_active_anon 14471168
total_inactive_file 485154816
total_active_file 484904960
total_unevictable 0
--------------------BLKIO-----------------------
11:0 Read 0
11:0 Write 0
11:0 Sync 0
11:0 Async 0
11:0 Total 0
253:0 Read 3230109696
253:0 Write 233472
253:0 Sync 4096
253:0 Async 3230339072
253:0 Total 3230343168
Total 3230343168
--------------------CPUAC-----------------------
user 5673
system 63238
--------------------MEMCG-----------------------
MEM ONLY  : 953 MB
MEM+SWAP  : 953 MB
cache 970260480
rss 29368320
rss_huge 0
mapped_file 3063808
writeback 0
swap 0
pgpgin 53633376
pgpgout 53389326
pgfault 11499788
pgmajfault 578
inactive_anon 14974976
active_anon 14467072
inactive_file 485146624
active_file 484986880
unevictable 0
hierarchical_memory_limit 999997440
hierarchical_memsw_limit 9223372036854771712
total_cache 970264576
total_rss 29368320
total_rss_huge 0
total_mapped_file 3063808
total_writeback 0
total_swap 0
total_pgpgin 53633377
total_pgpgout 53389326
total_pgfault 11499788
total_pgmajfault 578
total_inactive_anon 14974976
total_active_anon 14467072
total_inactive_file 485146624
total_active_file 484986880
total_unevictable 0
--------------------BLKIO-----------------------
11:0 Read 0
11:0 Write 0
11:0 Sync 0
11:0 Async 0
11:0 Total 0
253:0 Read 3230109696
253:0 Write 233472
253:0 Sync 4096
253:0 Async 3230339072
253:0 Total 3230343168
Total 3230343168
--------------------CPUAC-----------------------
user 6075
system 66604
--------------------MEMCG-----------------------
MEM ONLY  : 953 MB
MEM+SWAP  : 953 MB
cache 970584064
rss 29368320
rss_huge 0
mapped_file 3112960
writeback 0
swap 0
pgpgin 57089932
pgpgout 56845803
pgfault 12225392
pgmajfault 588
inactive_anon 14974976
active_anon 14467072
inactive_file 485154816
active_file 485355520
unevictable 0
hierarchical_memory_limit 999997440
hierarchical_memsw_limit 9223372036854771712
total_cache 970584064
total_rss 29372416
total_rss_huge 0
total_mapped_file 3112960
total_writeback 0
total_swap 0
total_pgpgin 57089933
total_pgpgout 56845803
total_pgfault 12225393
total_pgmajfault 588
total_inactive_anon 14974976
total_active_anon 14471168
total_inactive_file 485154816
total_active_file 485355520
total_unevictable 0
--------------------BLKIO-----------------------
11:0 Read 0
11:0 Write 0
11:0 Sync 0
11:0 Async 0
11:0 Total 0
253:0 Read 3230109696
253:0 Write 233472
253:0 Sync 4096
253:0 Async 3230339072
253:0 Total 3230343168
Total 3230343168
--------------------CPUAC-----------------------
user 6484
system 69974
--------------------MEMCG-----------------------
MEM ONLY  : 953 MB
MEM+SWAP  : 953 MB
cache 970629120
rss 29368320
rss_huge 0
mapped_file 3112960
writeback 0
swap 0
pgpgin 60520079
pgpgout 60275939
pgfault 12947162
pgmajfault 589
inactive_anon 14974976
active_anon 14467072
inactive_file 484384768
active_file 485990400
unevictable 0
hierarchical_memory_limit 999997440
hierarchical_memsw_limit 9223372036854771712
total_cache 970629120
total_rss 29368320
total_rss_huge 0
total_mapped_file 3112960
total_writeback 0
total_swap 0
total_pgpgin 60520079
total_pgpgout 60275939
total_pgfault 12947162
total_pgmajfault 589
total_inactive_anon 14974976
total_active_anon 14467072
total_inactive_file 484384768
total_active_file 485990400
total_unevictable 0
--------------------BLKIO-----------------------
11:0 Read 0
11:0 Write 0
11:0 Sync 0
11:0 Async 0
11:0 Total 0
253:0 Read 3230109696
253:0 Write 233472
253:0 Sync 4096
253:0 Async 3230339072
253:0 Total 3230343168
Total 3230343168
--------------------CPUAC-----------------------
user 6900
system 73330
--------------------MEMCG-----------------------
MEM ONLY  : 953 MB
MEM+SWAP  : 953 MB
cache 970424320
rss 29368320
rss_huge 0
mapped_file 3063808
writeback 0
swap 0
pgpgin 63956927
pgpgout 63712835
pgfault 13667021
pgmajfault 591
inactive_anon 14974976
active_anon 14467072
inactive_file 485343232
active_file 484995072
unevictable 0
hierarchical_memory_limit 999997440
hierarchical_memsw_limit 9223372036854771712
total_cache 970440704
total_rss 29368320
total_rss_huge 0
total_mapped_file 3063808
total_writeback 0
total_swap 0
total_pgpgin 63956930
total_pgpgout 63712835
total_pgfault 13667021
total_pgmajfault 591
total_inactive_anon 14974976
total_active_anon 14467072
total_inactive_file 485343232
total_active_file 484995072
total_unevictable 0
--------------------BLKIO-----------------------
11:0 Read 0
11:0 Write 0
11:0 Sync 0
11:0 Async 0
11:0 Total 0
253:0 Read 3230109696
253:0 Write 233472
253:0 Sync 4096
253:0 Async 3230339072
253:0 Total 3230343168
Total 3230343168
--------------------CPUAC-----------------------
user 7310
system 76691
--------------------MEMCG-----------------------
MEM ONLY  : 953 MB
MEM+SWAP  : 953 MB
cache 970383360
rss 29368320
rss_huge 0
mapped_file 3063808
writeback 0
swap 0
pgpgin 67394948
pgpgout 67150867
pgfault 14394763
pgmajfault 597
inactive_anon 14974976
active_anon 14467072
inactive_file 485015552
active_file 485269504
unevictable 0
hierarchical_memory_limit 999997440
hierarchical_memsw_limit 9223372036854771712
total_cache 970391552
total_rss 29372416
total_rss_huge 0
total_mapped_file 3063808
total_writeback 0
total_swap 0
total_pgpgin 67394952
total_pgpgout 67150867
total_pgfault 14394764
total_pgmajfault 597
total_inactive_anon 14974976
total_active_anon 14471168
total_inactive_file 485015552
total_active_file 485294080
total_unevictable 0
--------------------BLKIO-----------------------
11:0 Read 0
11:0 Write 0
11:0 Sync 0
11:0 Async 0
11:0 Total 0
253:0 Read 3230109696
253:0 Write 233472
253:0 Sync 4096
253:0 Async 3230339072
253:0 Total 3230343168
Total 3230343168
--------------------CPUAC-----------------------
user 7728
system 80039
--------------------MEMCG-----------------------
MEM ONLY  : 953 MB
MEM+SWAP  : 953 MB
cache 970166272
rss 29368320
rss_huge 0
mapped_file 3112960
writeback 0
swap 0
pgpgin 70849140
pgpgout 70605112
pgfault 15120988
pgmajfault 600
inactive_anon 14974976
active_anon 14467072
inactive_file 485048320
active_file 485044224
unevictable 0
hierarchical_memory_limit 999997440
hierarchical_memsw_limit 9223372036854771712
total_cache 970174464
total_rss 29372416
total_rss_huge 0
total_mapped_file 3112960
total_writeback 0
total_swap 0
total_pgpgin 70849143
total_pgpgout 70605112
total_pgfault 15120989
total_pgmajfault 600
total_inactive_anon 14974976
total_active_anon 14467072
total_inactive_file 485048320
total_active_file 485044224
total_unevictable 0
--------------------BLKIO-----------------------
11:0 Read 0
11:0 Write 0
11:0 Sync 0
11:0 Async 0
11:0 Total 0
253:0 Read 3230109696
253:0 Write 233472
253:0 Sync 4096
253:0 Async 3230339072
253:0 Total 3230343168
Total 3230343168
--------------------CPUAC-----------------------
user 8134
system 83413
--------------------MEMCG-----------------------
MEM ONLY  : 953 MB
MEM+SWAP  : 953 MB
cache 970407936
rss 29368320
rss_huge 0
mapped_file 3063808
writeback 0
swap 0
pgpgin 74309991
pgpgout 74065905
pgfault 15850924
pgmajfault 600
inactive_anon 14974976
active_anon 14467072
inactive_file 484978688
active_file 485093376
unevictable 0
hierarchical_memory_limit 999997440
hierarchical_memsw_limit 9223372036854771712
total_cache 970407936
total_rss 29368320
total_rss_huge 0
total_mapped_file 3063808
total_writeback 0
total_swap 0
total_pgpgin 74309991
total_pgpgout 74065905
total_pgfault 15850924
total_pgmajfault 600
total_inactive_anon 14974976
total_active_anon 14467072
total_inactive_file 484978688
total_active_file 485093376
total_unevictable 0
--------------------BLKIO-----------------------
11:0 Read 0
11:0 Write 0
11:0 Sync 0
11:0 Async 0
11:0 Total 0
253:0 Read 3230109696
253:0 Write 233472
253:0 Sync 4096
253:0 Async 3230339072
253:0 Total 3230343168
Total 3230343168
--------------------CPUAC-----------------------
user 8558
system 86763
--------------------MEMCG-----------------------
MEM ONLY  : 953 MB
MEM+SWAP  : 953 MB
cache 970424320
rss 29372416
rss_huge 0
mapped_file 3063808
writeback 0
swap 0
pgpgin 77767546
pgpgout 77523456
pgfault 16579251
pgmajfault 608
inactive_anon 14974976
active_anon 14467072
inactive_file 484937728
active_file 485392384
unevictable 0
hierarchical_memory_limit 999997440
hierarchical_memsw_limit 9223372036854771712
total_cache 970424320
total_rss 29368320
total_rss_huge 0
total_mapped_file 3063808
total_writeback 0
total_swap 0
total_pgpgin 77767546
total_pgpgout 77523456
total_pgfault 16579251
total_pgmajfault 608
total_inactive_anon 14974976
total_active_anon 14467072
total_inactive_file 484937728
total_active_file 485392384
total_unevictable 0
--------------------BLKIO-----------------------
11:0 Read 0
11:0 Write 0
11:0 Sync 0
11:0 Async 0
11:0 Total 0
253:0 Read 3230109696
253:0 Write 233472
253:0 Sync 4096
253:0 Async 3230339072
253:0 Total 3230343168
Total 3230343168
--------------------CPUAC-----------------------
user 8956
system 90126
--------------------MEMCG-----------------------
MEM ONLY  : 953 MB
MEM+SWAP  : 953 MB
cache 970125312
rss 29368320
rss_huge 0
mapped_file 3063808
writeback 0
swap 0
pgpgin 81221938
pgpgout 80977919
pgfault 17304902
pgmajfault 608
inactive_anon 14974976
active_anon 14467072
inactive_file 485228544
active_file 484827136
unevictable 0
hierarchical_memory_limit 999997440
hierarchical_memsw_limit 9223372036854771712
total_cache 970137600
total_rss 29368320
total_rss_huge 0
total_mapped_file 3063808
total_writeback 0
total_swap 0
total_pgpgin 81221940
total_pgpgout 80977919
total_pgfault 17304902
total_pgmajfault 608
total_inactive_anon 14974976
total_active_anon 14467072
total_inactive_file 485228544
total_active_file 484827136
total_unevictable 0
--------------------BLKIO-----------------------
11:0 Read 0
11:0 Write 0
11:0 Sync 0
11:0 Async 0
11:0 Total 0
253:0 Read 3230109696
253:0 Write 233472
253:0 Sync 4096
253:0 Async 3230339072
253:0 Total 3230343168
Total 3230343168
--------------------CPUAC-----------------------
user 9354
system 93477
--------------------MEMCG-----------------------
MEM ONLY  : 953 MB
MEM+SWAP  : 953 MB
cache 970407936
rss 29372416
rss_huge 0
mapped_file 3112960
writeback 0
swap 0
pgpgin 84646689
pgpgout 84402602
pgfault 18026560
pgmajfault 610
inactive_anon 14974976
active_anon 14471168
inactive_file 485498880
active_file 484835328
unevictable 0
hierarchical_memory_limit 999997440
hierarchical_memsw_limit 9223372036854771712
total_cache 970407936
total_rss 29368320
total_rss_huge 0
total_mapped_file 3112960
total_writeback 0
total_swap 0
total_pgpgin 84646689
total_pgpgout 84402603
total_pgfault 18026560
total_pgmajfault 610
total_inactive_anon 14974976
total_active_anon 14467072
total_inactive_file 485498880
total_active_file 484835328
total_unevictable 0
--------------------BLKIO-----------------------
11:0 Read 0
11:0 Write 0
11:0 Sync 0
11:0 Async 0
11:0 Total 0
253:0 Read 3230109696
253:0 Write 233472
253:0 Sync 4096
253:0 Async 3230339072
253:0 Total 3230343168
Total 3230343168
--------------------CPUAC-----------------------
user 9760
system 96838
--------------------MEMCG-----------------------
MEM ONLY  : 953 MB
MEM+SWAP  : 953 MB
cache 970313728
rss 29368320
rss_huge 0
mapped_file 3063808
writeback 0
swap 0
pgpgin 88047752
pgpgout 87803688
pgfault 18741988
pgmajfault 616
inactive_anon 14974976
active_anon 14471168
inactive_file 485015552
active_file 485216256
unevictable 0
hierarchical_memory_limit 999997440
hierarchical_memsw_limit 9223372036854771712
total_cache 970313728
total_rss 29372416
total_rss_huge 0
total_mapped_file 3063808
total_writeback 0
total_swap 0
total_pgpgin 88047752
total_pgpgout 87803689
total_pgfault 18741988
total_pgmajfault 616
total_inactive_anon 14974976
total_active_anon 14467072
total_inactive_file 485015552
total_active_file 485216256
total_unevictable 0
--------------------BLKIO-----------------------
11:0 Read 0
11:0 Write 0
11:0 Sync 0
11:0 Async 0
11:0 Total 0
253:0 Read 3230109696
253:0 Write 233472
253:0 Sync 4096
253:0 Async 3230339072
253:0 Total 3230343168
Total 3230343168
--------------------CPUAC-----------------------
user 10160
system 100198
--------------------MEMCG-----------------------
MEM ONLY  : 932 MB
MEM+SWAP  : 932 MB
cache 970801152
rss 6537216
rss_huge 0
mapped_file 2125824
writeback 0
swap 0
pgpgin 89903069
pgpgout 89664461
pgfault 19133136
pgmajfault 693
inactive_anon 6545408
active_anon 61440
inactive_file 486637568
active_file 484093952
unevictable 0
hierarchical_memory_limit 999997440
hierarchical_memsw_limit 9223372036854771712
total_cache 970801152
total_rss 6537216
total_rss_huge 0
total_mapped_file 2125824
total_writeback 0
total_swap 0
total_pgpgin 89903069
total_pgpgout 89664461
total_pgfault 19133136
total_pgmajfault 693
total_inactive_anon 6545408
total_active_anon 61440
total_inactive_file 486637568
total_active_file 484093952
total_unevictable 0
--------------------BLKIO-----------------------
11:0 Read 0
11:0 Write 0
11:0 Sync 0
11:0 Async 0
11:0 Total 0
253:0 Read 3230539776
253:0 Write 233472
253:0 Sync 4096
253:0 Async 3230769152
253:0 Total 3230773248
Total 3230773248
--------------------CPUAC-----------------------
user 10364
system 102037
--------------------MEMCG-----------------------
MEM ONLY  : 932 MB
MEM+SWAP  : 932 MB
cache 970801152
rss 6537216
rss_huge 0
mapped_file 2125824
writeback 0
swap 0
pgpgin 89903069
pgpgout 89664461
pgfault 19133136
pgmajfault 693
inactive_anon 6545408
active_anon 61440
inactive_file 486637568
active_file 484093952
unevictable 0
hierarchical_memory_limit 999997440
hierarchical_memsw_limit 9223372036854771712
total_cache 970801152
total_rss 6537216
total_rss_huge 0
total_mapped_file 2125824
total_writeback 0
total_swap 0
total_pgpgin 89903069
total_pgpgout 89664461
total_pgfault 19133136
total_pgmajfault 693
total_inactive_anon 6545408
total_active_anon 61440
total_inactive_file 486637568
total_active_file 484093952
total_unevictable 0
--------------------BLKIO-----------------------
11:0 Read 0
11:0 Write 0
11:0 Sync 0
11:0 Async 0
11:0 Total 0
253:0 Read 3230539776
253:0 Write 233472
253:0 Sync 4096
253:0 Async 3230769152
253:0 Total 3230773248
Total 3230773248
--------------------CPUAC-----------------------
user 10364
system 102037
--------------------MEMCG-----------------------
MEM ONLY  : 932 MB
MEM+SWAP  : 932 MB
cache 970846208
rss 6537216
rss_huge 0
mapped_file 2252800
writeback 0
swap 0
pgpgin 89903080
pgpgout 89664461
pgfault 19133144
pgmajfault 694
inactive_anon 6545408
active_anon 61440
inactive_file 486682624
active_file 484093952
unevictable 0
hierarchical_memory_limit 999997440
hierarchical_memsw_limit 9223372036854771712
total_cache 970846208
total_rss 6537216
total_rss_huge 0
total_mapped_file 2252800
total_writeback 0
total_swap 0
total_pgpgin 89903080
total_pgpgout 89664461
total_pgfault 19133144
total_pgmajfault 694
total_inactive_anon 6545408
total_active_anon 61440
total_inactive_file 486682624
total_active_file 484093952
total_unevictable 0
--------------------BLKIO-----------------------
11:0 Read 0
11:0 Write 0
11:0 Sync 0
11:0 Async 0
11:0 Total 0
253:0 Read 3230539776
253:0 Write 233472
253:0 Sync 4096
253:0 Async 3230769152
253:0 Total 3230773248
Total 3230773248
--------------------CPUAC-----------------------
user 10364
system 102037
--------------------MEMCG-----------------------
MEM ONLY  : 932 MB
MEM+SWAP  : 932 MB
cache 970846208
rss 6537216
rss_huge 0
mapped_file 2252800
writeback 0
swap 0
pgpgin 89903080
pgpgout 89664461
pgfault 19133144
pgmajfault 694
inactive_anon 6545408
active_anon 61440
inactive_file 486682624
active_file 484093952
unevictable 0
hierarchical_memory_limit 999997440
hierarchical_memsw_limit 9223372036854771712
total_cache 970846208
total_rss 6537216
total_rss_huge 0
total_mapped_file 2252800
total_writeback 0
total_swap 0
total_pgpgin 89903080
total_pgpgout 89664461
total_pgfault 19133144
total_pgmajfault 694
total_inactive_anon 6545408
total_active_anon 61440
total_inactive_file 486682624
total_active_file 484093952
total_unevictable 0
--------------------BLKIO-----------------------
11:0 Read 0
11:0 Write 0
11:0 Sync 0
11:0 Async 0
11:0 Total 0
253:0 Read 3230539776
253:0 Write 233472
253:0 Sync 4096
253:0 Async 3230769152
253:0 Total 3230773248
Total 3230773248
--------------------CPUAC-----------------------
user 10364
system 102037
--------------------MEMCG-----------------------
MEM ONLY  : 932 MB
MEM+SWAP  : 932 MB
cache 970846208
rss 6537216
rss_huge 0
mapped_file 2252800
writeback 0
swap 0
pgpgin 89903080
pgpgout 89664461
pgfault 19133144
pgmajfault 694
inactive_anon 6545408
active_anon 61440
inactive_file 486682624
active_file 484093952
unevictable 0
hierarchical_memory_limit 999997440
hierarchical_memsw_limit 9223372036854771712
total_cache 970846208
total_rss 6537216
total_rss_huge 0
total_mapped_file 2252800
total_writeback 0
total_swap 0
total_pgpgin 89903080
total_pgpgout 89664461
total_pgfault 19133144
total_pgmajfault 694
total_inactive_anon 6545408
total_active_anon 61440
total_inactive_file 486682624
total_active_file 484093952
total_unevictable 0
--------------------BLKIO-----------------------
11:0 Read 0
11:0 Write 0
11:0 Sync 0
11:0 Async 0
11:0 Total 0
253:0 Read 3230539776
253:0 Write 233472
253:0 Sync 4096
253:0 Async 3230769152
253:0 Total 3230773248
Total 3230773248
--------------------CPUAC-----------------------
user 10364
system 102037
--------------------MEMCG-----------------------
MEM ONLY  : 932 MB
MEM+SWAP  : 932 MB
cache 970846208
rss 6537216
rss_huge 0
mapped_file 2252800
writeback 0
swap 0
pgpgin 89903080
pgpgout 89664461
pgfault 19133144
pgmajfault 694
inactive_anon 6545408
active_anon 61440
inactive_file 486682624
active_file 484093952
unevictable 0
hierarchical_memory_limit 999997440
hierarchical_memsw_limit 9223372036854771712
total_cache 970846208
total_rss 6537216
total_rss_huge 0
total_mapped_file 2252800
total_writeback 0
total_swap 0
total_pgpgin 89903080
total_pgpgout 89664461
total_pgfault 19133144
total_pgmajfault 694
total_inactive_anon 6545408
total_active_anon 61440
total_inactive_file 486682624
total_active_file 484093952
total_unevictable 0
--------------------BLKIO-----------------------
11:0 Read 0
11:0 Write 0
11:0 Sync 0
11:0 Async 0
11:0 Total 0
253:0 Read 3230539776
253:0 Write 233472
253:0 Sync 4096
253:0 Async 3230769152
253:0 Total 3230773248
Total 3230773248
--------------------CPUAC-----------------------
user 10364
system 102037
--------------------MEMCG-----------------------
MEM ONLY  : 932 MB
MEM+SWAP  : 932 MB
cache 970846208
rss 6537216
rss_huge 0
mapped_file 2252800
writeback 0
swap 0
pgpgin 89903080
pgpgout 89664461
pgfault 19133144
pgmajfault 694
inactive_anon 6545408
active_anon 61440
inactive_file 486682624
active_file 484093952
unevictable 0
hierarchical_memory_limit 999997440
hierarchical_memsw_limit 9223372036854771712
total_cache 970846208
total_rss 6537216
total_rss_huge 0
total_mapped_file 2252800
total_writeback 0
total_swap 0
total_pgpgin 89903080
total_pgpgout 89664461
total_pgfault 19133144
total_pgmajfault 694
total_inactive_anon 6545408
total_active_anon 61440
total_inactive_file 486682624
total_active_file 484093952
total_unevictable 0
--------------------BLKIO-----------------------
11:0 Read 0
11:0 Write 0
11:0 Sync 0
11:0 Async 0
11:0 Total 0
253:0 Read 3230539776
253:0 Write 233472
253:0 Sync 4096
253:0 Async 3230769152
253:0 Total 3230773248
Total 3230773248
--------------------CPUAC-----------------------
user 10364
system 102037
--------------------MEMCG-----------------------
MEM ONLY  : 932 MB
MEM+SWAP  : 932 MB
cache 970846208
rss 6537216
rss_huge 0
mapped_file 2252800
writeback 0
swap 0
pgpgin 89903080
pgpgout 89664461
pgfault 19133144
pgmajfault 694
inactive_anon 6545408
active_anon 61440
inactive_file 486682624
active_file 484093952
unevictable 0
hierarchical_memory_limit 999997440
hierarchical_memsw_limit 9223372036854771712
total_cache 970846208
total_rss 6537216
total_rss_huge 0
total_mapped_file 2252800
total_writeback 0
total_swap 0
total_pgpgin 89903080
total_pgpgout 89664461
total_pgfault 19133144
total_pgmajfault 694
total_inactive_anon 6545408
total_active_anon 61440
total_inactive_file 486682624
total_active_file 484093952
total_unevictable 0
--------------------BLKIO-----------------------
11:0 Read 0
11:0 Write 0
11:0 Sync 0
11:0 Async 0
11:0 Total 0
253:0 Read 3230539776
253:0 Write 233472
253:0 Sync 4096
253:0 Async 3230769152
253:0 Total 3230773248
Total 3230773248
--------------------CPUAC-----------------------
user 10364
system 102037
--------------------MEMCG-----------------------
MEM ONLY  : 932 MB
MEM+SWAP  : 932 MB
cache 970846208
rss 6537216
rss_huge 0
mapped_file 2252800
writeback 0
swap 0
pgpgin 89903080
pgpgout 89664461
pgfault 19133144
pgmajfault 694
inactive_anon 6545408
active_anon 61440
inactive_file 486682624
active_file 484093952
unevictable 0
hierarchical_memory_limit 999997440
hierarchical_memsw_limit 9223372036854771712
total_cache 970846208
total_rss 6537216
total_rss_huge 0
total_mapped_file 2252800
total_writeback 0
total_swap 0
total_pgpgin 89903080
total_pgpgout 89664461
total_pgfault 19133144
total_pgmajfault 694
total_inactive_anon 6545408
total_active_anon 61440
total_inactive_file 486682624
total_active_file 484093952
total_unevictable 0
--------------------BLKIO-----------------------
11:0 Read 0
11:0 Write 0
11:0 Sync 0
11:0 Async 0
11:0 Total 0
253:0 Read 3230539776
253:0 Write 233472
253:0 Sync 4096
253:0 Async 3230769152
253:0 Total 3230773248
Total 3230773248
--------------------CPUAC-----------------------
user 10364
system 102037
--------------------MEMCG-----------------------
MEM ONLY  : 932 MB
MEM+SWAP  : 932 MB
cache 970846208
rss 6537216
rss_huge 0
mapped_file 2252800
writeback 0
swap 0
pgpgin 89903080
pgpgout 89664461
pgfault 19133144
pgmajfault 694
inactive_anon 6545408
active_anon 61440
inactive_file 486682624
active_file 484093952
unevictable 0
hierarchical_memory_limit 999997440
hierarchical_memsw_limit 9223372036854771712
total_cache 970846208
total_rss 6537216
total_rss_huge 0
total_mapped_file 2252800
total_writeback 0
total_swap 0
total_pgpgin 89903080
total_pgpgout 89664461
total_pgfault 19133144
total_pgmajfault 694
total_inactive_anon 6545408
total_active_anon 61440
total_inactive_file 486682624
total_active_file 484093952
total_unevictable 0
--------------------BLKIO-----------------------
11:0 Read 0
11:0 Write 0
11:0 Sync 0
11:0 Async 0
11:0 Total 0
253:0 Read 3230539776
253:0 Write 233472
253:0 Sync 4096
253:0 Async 3230769152
253:0 Total 3230773248
Total 3230773248
--------------------CPUAC-----------------------
user 10364
system 102037
