--------------------MEMCG-----------------------
MEM ONLY  : 953 MB
MEM+SWAP  : 953 MB
cache 907300864
rss 92487680
rss_huge 0
mapped_file 11669504
writeback 0
swap 0
pgpgin 24753626
pgpgout 24509537
pgfault 5409072
pgmajfault 757
inactive_anon 46346240
active_anon 46215168
inactive_file 453562368
active_file 453664768
unevictable 0
hierarchical_memory_limit 999997440
hierarchical_memsw_limit 9223372036854771712
total_cache 907300864
total_rss 92487680
total_rss_huge 0
total_mapped_file 11669504
total_writeback 0
total_swap 0
total_pgpgin 24753626
total_pgpgout 24509537
total_pgfault 5409072
total_pgmajfault 757
total_inactive_anon 46346240
total_active_anon 46215168
total_inactive_file 453562368
total_active_file 453664768
total_unevictable 0
--------------------BLKIO-----------------------
11:0 Read 0
11:0 Write 0
11:0 Sync 0
11:0 Async 0
11:0 Total 0
253:0 Read 3257176064
253:0 Write 303104
253:0 Sync 57344
253:0 Async 3257421824
253:0 Total 3257479168
Total 3257479168
--------------------CPUAC-----------------------
user 2632
system 35811
--------------------MEMCG-----------------------
MEM ONLY  : 953 MB
MEM+SWAP  : 953 MB
cache 907448320
rss 92479488
rss_huge 0
mapped_file 3375104
writeback 0
swap 0
pgpgin 25901612
pgpgout 25657489
pgfault 5649741
pgmajfault 758
inactive_anon 46346240
active_anon 46206976
inactive_file 452882432
active_file 454492160
unevictable 0
hierarchical_memory_limit 999997440
hierarchical_memsw_limit 9223372036854771712
total_cache 907448320
total_rss 92479488
total_rss_huge 0
total_mapped_file 3375104
total_writeback 0
total_swap 0
total_pgpgin 25901612
total_pgpgout 25657489
total_pgfault 5649741
total_pgmajfault 758
total_inactive_anon 46346240
total_active_anon 46206976
total_inactive_file 452882432
total_active_file 454492160
total_unevictable 0
--------------------BLKIO-----------------------
11:0 Read 0
11:0 Write 0
11:0 Sync 0
11:0 Async 0
11:0 Total 0
253:0 Read 3257176064
253:0 Write 303104
253:0 Sync 57344
253:0 Async 3257421824
253:0 Total 3257479168
Total 3257479168
--------------------CPUAC-----------------------
user 2743
system 37830
--------------------MEMCG-----------------------
MEM ONLY  : 953 MB
MEM+SWAP  : 953 MB
cache 907075584
rss 92491776
rss_huge 0
mapped_file 3334144
writeback 0
swap 0
pgpgin 26992118
pgpgout 26748083
pgfault 5876098
pgmajfault 764
inactive_anon 46346240
active_anon 46219264
inactive_file 453623808
active_file 453378048
unevictable 0
hierarchical_memory_limit 999997440
hierarchical_memsw_limit 9223372036854771712
total_cache 907075584
total_rss 92491776
total_rss_huge 0
total_mapped_file 3334144
total_writeback 0
total_swap 0
total_pgpgin 26992118
total_pgpgout 26748084
total_pgfault 5876098
total_pgmajfault 764
total_inactive_anon 46346240
total_active_anon 46215168
total_inactive_file 453623808
total_active_file 453378048
total_unevictable 0
--------------------BLKIO-----------------------
11:0 Read 0
11:0 Write 0
11:0 Sync 0
11:0 Async 0
11:0 Total 0
253:0 Read 3257176064
253:0 Write 303104
253:0 Sync 57344
253:0 Async 3257421824
253:0 Total 3257479168
Total 3257479168
--------------------CPUAC-----------------------
user 2837
system 39872
--------------------MEMCG-----------------------
MEM ONLY  : 953 MB
MEM+SWAP  : 953 MB
cache 907243520
rss 92491776
rss_huge 0
mapped_file 3375104
writeback 0
swap 0
pgpgin 28000075
pgpgout 27755999
pgfault 6085527
pgmajfault 765
inactive_anon 46346240
active_anon 46202880
inactive_file 453636096
active_file 453529600
unevictable 0
hierarchical_memory_limit 999997440
hierarchical_memsw_limit 9223372036854771712
total_cache 907243520
total_rss 92491776
total_rss_huge 0
total_mapped_file 3375104
total_writeback 0
total_swap 0
total_pgpgin 28000075
total_pgpgout 27755999
total_pgfault 6085527
total_pgmajfault 765
total_inactive_anon 46346240
total_active_anon 46202880
total_inactive_file 453636096
total_active_file 453529600
total_unevictable 0
--------------------BLKIO-----------------------
11:0 Read 0
11:0 Write 0
11:0 Sync 0
11:0 Async 0
11:0 Total 0
253:0 Read 3257176064
253:0 Write 303104
253:0 Sync 57344
253:0 Async 3257421824
253:0 Total 3257479168
Total 3257479168
--------------------CPUAC-----------------------
user 2926
system 41918
--------------------MEMCG-----------------------
MEM ONLY  : 953 MB
MEM+SWAP  : 953 MB
cache 907345920
rss 92487680
rss_huge 0
mapped_file 3334144
writeback 0
swap 0
pgpgin 29011228
pgpgout 28767127
pgfault 6297194
pgmajfault 765
inactive_anon 46346240
active_anon 46202880
inactive_file 453353472
active_file 453922816
unevictable 0
hierarchical_memory_limit 999997440
hierarchical_memsw_limit 9223372036854771712
total_cache 907358208
total_rss 92487680
total_rss_huge 0
total_mapped_file 3334144
total_writeback 0
total_swap 0
total_pgpgin 29011231
total_pgpgout 28767127
total_pgfault 6297194
total_pgmajfault 765
total_inactive_anon 46346240
total_active_anon 46202880
total_inactive_file 453353472
total_active_file 453922816
total_unevictable 0
--------------------BLKIO-----------------------
11:0 Read 0
11:0 Write 0
11:0 Sync 0
11:0 Async 0
11:0 Total 0
253:0 Read 3257176064
253:0 Write 303104
253:0 Sync 57344
253:0 Async 3257421824
253:0 Total 3257479168
Total 3257479168
--------------------CPUAC-----------------------
user 3021
system 43990
--------------------MEMCG-----------------------
MEM ONLY  : 953 MB
MEM+SWAP  : 953 MB
cache 907309056
rss 92483584
rss_huge 0
mapped_file 3334144
writeback 0
swap 0
pgpgin 30019460
pgpgout 29775373
pgfault 6506752
pgmajfault 771
inactive_anon 46346240
active_anon 46211072
inactive_file 453484544
active_file 453656576
unevictable 0
hierarchical_memory_limit 999997440
hierarchical_memsw_limit 9223372036854771712
total_cache 907296768
total_rss 92483584
total_rss_huge 0
total_mapped_file 3334144
total_writeback 0
total_swap 0
total_pgpgin 30019460
total_pgpgout 29775373
total_pgfault 6506752
total_pgmajfault 771
total_inactive_anon 46346240
total_active_anon 46211072
total_inactive_file 453435392
total_active_file 453656576
total_unevictable 0
--------------------BLKIO-----------------------
11:0 Read 0
11:0 Write 0
11:0 Sync 0
11:0 Async 0
11:0 Total 0
253:0 Read 3257176064
253:0 Write 303104
253:0 Sync 57344
253:0 Async 3257421824
253:0 Total 3257479168
Total 3257479168
--------------------CPUAC-----------------------
user 3113
system 46056
--------------------MEMCG-----------------------
MEM ONLY  : 953 MB
MEM+SWAP  : 953 MB
cache 907317248
rss 92491776
rss_huge 0
mapped_file 3375104
writeback 2793472
swap 0
pgpgin 31010834
pgpgout 30766740
pgfault 6712608
pgmajfault 772
inactive_anon 46346240
active_anon 46215168
inactive_file 453791744
active_file 453451776
unevictable 0
hierarchical_memory_limit 999997440
hierarchical_memsw_limit 9223372036854771712
total_cache 907317248
total_rss 92487680
total_rss_huge 0
total_mapped_file 3375104
total_writeback 2793472
total_swap 0
total_pgpgin 31010834
total_pgpgout 30766741
total_pgfault 6712608
total_pgmajfault 772
total_inactive_anon 46346240
total_active_anon 46215168
total_inactive_file 453791744
total_active_file 453451776
total_unevictable 0
--------------------BLKIO-----------------------
11:0 Read 0
11:0 Write 0
11:0 Sync 0
11:0 Async 0
11:0 Total 0
253:0 Read 3257176064
253:0 Write 303104
253:0 Sync 57344
253:0 Async 3257421824
253:0 Total 3257479168
Total 3257479168
--------------------CPUAC-----------------------
user 3201
system 48111
--------------------MEMCG-----------------------
MEM ONLY  : 953 MB
MEM+SWAP  : 953 MB
cache 907390976
rss 92487680
rss_huge 0
mapped_file 3325952
writeback 0
swap 0
pgpgin 32037735
pgpgout 31793624
pgfault 6925221
pgmajfault 772
inactive_anon 46346240
active_anon 46211072
inactive_file 453718016
active_file 453599232
unevictable 0
hierarchical_memory_limit 999997440
hierarchical_memsw_limit 9223372036854771712
total_cache 907390976
total_rss 92487680
total_rss_huge 0
total_mapped_file 3325952
total_writeback 0
total_swap 0
total_pgpgin 32037735
total_pgpgout 31793624
total_pgfault 6925221
total_pgmajfault 772
total_inactive_anon 46346240
total_active_anon 46211072
total_inactive_file 453718016
total_active_file 453599232
total_unevictable 0
--------------------BLKIO-----------------------
11:0 Read 0
11:0 Write 0
11:0 Sync 0
11:0 Async 0
11:0 Total 0
253:0 Read 3257176064
253:0 Write 303104
253:0 Sync 57344
253:0 Async 3257421824
253:0 Total 3257479168
Total 3257479168
--------------------CPUAC-----------------------
user 3299
system 50180
--------------------MEMCG-----------------------
MEM ONLY  : 953 MB
MEM+SWAP  : 953 MB
cache 907444224
rss 92483584
rss_huge 0
mapped_file 3334144
writeback 0
swap 0
pgpgin 33039914
pgpgout 32795791
pgfault 7132073
pgmajfault 779
inactive_anon 46346240
active_anon 46211072
inactive_file 453451776
active_file 453918720
unevictable 0
hierarchical_memory_limit 999997440
hierarchical_memsw_limit 9223372036854771712
total_cache 907444224
total_rss 92483584
total_rss_huge 0
total_mapped_file 3334144
total_writeback 0
total_swap 0
total_pgpgin 33039914
total_pgpgout 32795792
total_pgfault 7132073
total_pgmajfault 779
total_inactive_anon 46346240
total_active_anon 46206976
total_inactive_file 453451776
total_active_file 453918720
total_unevictable 0
--------------------BLKIO-----------------------
11:0 Read 0
11:0 Write 0
11:0 Sync 0
11:0 Async 0
11:0 Total 0
253:0 Read 3257176064
253:0 Write 303104
253:0 Sync 57344
253:0 Async 3257421824
253:0 Total 3257479168
Total 3257479168
--------------------CPUAC-----------------------
user 3411
system 52232
--------------------MEMCG-----------------------
MEM ONLY  : 953 MB
MEM+SWAP  : 953 MB
cache 907280384
rss 92487680
rss_huge 0
mapped_file 3325952
writeback 0
swap 0
pgpgin 34041134
pgpgout 33797050
pgfault 7339603
pgmajfault 779
inactive_anon 46346240
active_anon 46215168
inactive_file 453697536
active_file 453451776
unevictable 0
hierarchical_memory_limit 999997440
hierarchical_memsw_limit 9223372036854771712
total_cache 907280384
total_rss 92487680
total_rss_huge 0
total_mapped_file 3325952
total_writeback 0
total_swap 0
total_pgpgin 34041134
total_pgpgout 33797050
total_pgfault 7339603
total_pgmajfault 779
total_inactive_anon 46346240
total_active_anon 46215168
total_inactive_file 453697536
total_active_file 453451776
total_unevictable 0
--------------------BLKIO-----------------------
11:0 Read 0
11:0 Write 0
11:0 Sync 0
11:0 Async 0
11:0 Total 0
253:0 Read 3257176064
253:0 Write 303104
253:0 Sync 57344
253:0 Async 3257421824
253:0 Total 3257479168
Total 3257479168
--------------------CPUAC-----------------------
user 3506
system 54287
--------------------MEMCG-----------------------
MEM ONLY  : 953 MB
MEM+SWAP  : 953 MB
cache 907440128
rss 92491776
rss_huge 0
mapped_file 3334144
writeback 0
swap 0
pgpgin 35035622
pgpgout 34791498
pgfault 7544885
pgmajfault 780
inactive_anon 46346240
active_anon 46202880
inactive_file 453775360
active_file 453591040
unevictable 0
hierarchical_memory_limit 999997440
hierarchical_memsw_limit 9223372036854771712
total_cache 907440128
total_rss 92495872
total_rss_huge 0
total_mapped_file 3334144
total_writeback 0
total_swap 0
total_pgpgin 35035624
total_pgpgout 34791498
total_pgfault 7544887
total_pgmajfault 780
total_inactive_anon 46346240
total_active_anon 46202880
total_inactive_file 453775360
total_active_file 453591040
total_unevictable 0
--------------------BLKIO-----------------------
11:0 Read 0
11:0 Write 0
11:0 Sync 0
11:0 Async 0
11:0 Total 0
253:0 Read 3257176064
253:0 Write 303104
253:0 Sync 57344
253:0 Async 3257421824
253:0 Total 3257479168
Total 3257479168
--------------------CPUAC-----------------------
user 3595
system 56348
--------------------MEMCG-----------------------
MEM ONLY  : 953 MB
MEM+SWAP  : 953 MB
cache 907247616
rss 92491776
rss_huge 0
mapped_file 3334144
writeback 0
swap 0
pgpgin 36005461
pgpgout 35761384
pgfault 7746201
pgmajfault 786
inactive_anon 46346240
active_anon 46219264
inactive_file 453595136
active_file 453570560
unevictable 0
hierarchical_memory_limit 999997440
hierarchical_memsw_limit 9223372036854771712
total_cache 907247616
total_rss 92491776
total_rss_huge 0
total_mapped_file 3334144
total_writeback 0
total_swap 0
total_pgpgin 36005461
total_pgpgout 35761384
total_pgfault 7746201
total_pgmajfault 786
total_inactive_anon 46346240
total_active_anon 46219264
total_inactive_file 453595136
total_active_file 453570560
total_unevictable 0
--------------------BLKIO-----------------------
11:0 Read 0
11:0 Write 0
11:0 Sync 0
11:0 Async 0
11:0 Total 0
253:0 Read 3257176064
253:0 Write 303104
253:0 Sync 57344
253:0 Async 3257421824
253:0 Total 3257479168
Total 3257479168
--------------------CPUAC-----------------------
user 3679
system 58386
--------------------MEMCG-----------------------
MEM ONLY  : 953 MB
MEM+SWAP  : 953 MB
cache 907214848
rss 92483584
rss_huge 0
mapped_file 3375104
writeback 0
swap 0
pgpgin 37047508
pgpgout 36803442
pgfault 7959636
pgmajfault 787
inactive_anon 46346240
active_anon 46206976
inactive_file 453795840
active_file 453345280
unevictable 0
hierarchical_memory_limit 999997440
hierarchical_memsw_limit 9223372036854771712
total_cache 907214848
total_rss 92479488
total_rss_huge 0
total_mapped_file 3375104
total_writeback 0
total_swap 0
total_pgpgin 37047508
total_pgpgout 36803442
total_pgfault 7959636
total_pgmajfault 787
total_inactive_anon 46346240
total_active_anon 46206976
total_inactive_file 453795840
total_active_file 453345280
total_unevictable 0
--------------------BLKIO-----------------------
11:0 Read 0
11:0 Write 0
11:0 Sync 0
11:0 Async 0
11:0 Total 0
253:0 Read 3257176064
253:0 Write 303104
253:0 Sync 57344
253:0 Async 3257421824
253:0 Total 3257479168
Total 3257479168
--------------------CPUAC-----------------------
user 3782
system 60438
--------------------MEMCG-----------------------
MEM ONLY  : 953 MB
MEM+SWAP  : 953 MB
cache 907403264
rss 92491776
rss_huge 0
mapped_file 3334144
writeback 0
swap 0
pgpgin 38037370
pgpgout 37793255
pgfault 8165294
pgmajfault 787
inactive_anon 46346240
active_anon 46219264
inactive_file 453730304
active_file 453582848
unevictable 0
hierarchical_memory_limit 999997440
hierarchical_memsw_limit 9223372036854771712
total_cache 907403264
total_rss 92491776
total_rss_huge 0
total_mapped_file 3334144
total_writeback 0
total_swap 0
total_pgpgin 38037370
total_pgpgout 37793255
total_pgfault 8165294
total_pgmajfault 787
total_inactive_anon 46346240
total_active_anon 46219264
total_inactive_file 453722112
total_active_file 453582848
total_unevictable 0
--------------------BLKIO-----------------------
11:0 Read 0
11:0 Write 0
11:0 Sync 0
11:0 Async 0
11:0 Total 0
253:0 Read 3257176064
253:0 Write 303104
253:0 Sync 57344
253:0 Async 3257421824
253:0 Total 3257479168
Total 3257479168
--------------------CPUAC-----------------------
user 3874
system 62485
--------------------MEMCG-----------------------
MEM ONLY  : 953 MB
MEM+SWAP  : 953 MB
cache 907427840
rss 92491776
rss_huge 0
mapped_file 3334144
writeback 0
swap 0
pgpgin 39038686
pgpgout 38794565
pgfault 8371521
pgmajfault 793
inactive_anon 46346240
active_anon 46202880
inactive_file 453312512
active_file 454041600
unevictable 0
hierarchical_memory_limit 999997440
hierarchical_memsw_limit 9223372036854771712
total_cache 907427840
total_rss 92491776
total_rss_huge 0
total_mapped_file 3334144
total_writeback 0
total_swap 0
total_pgpgin 39038686
total_pgpgout 38794565
total_pgfault 8371521
total_pgmajfault 793
total_inactive_anon 46346240
total_active_anon 46202880
total_inactive_file 453312512
total_active_file 454041600
total_unevictable 0
--------------------BLKIO-----------------------
11:0 Read 0
11:0 Write 0
11:0 Sync 0
11:0 Async 0
11:0 Total 0
253:0 Read 3257176064
253:0 Write 303104
253:0 Sync 57344
253:0 Async 3257421824
253:0 Total 3257479168
Total 3257479168
--------------------CPUAC-----------------------
user 3972
system 64541
--------------------MEMCG-----------------------
MEM ONLY  : 953 MB
MEM+SWAP  : 953 MB
cache 907247616
rss 92504064
rss_huge 0
mapped_file 3334144
writeback 0
swap 0
pgpgin 40044215
pgpgout 39800135
pgfault 8579260
pgmajfault 794
inactive_anon 46346240
active_anon 46219264
inactive_file 453685248
active_file 453488640
unevictable 0
hierarchical_memory_limit 999997440
hierarchical_memsw_limit 9223372036854771712
total_cache 907247616
total_rss 92499968
total_rss_huge 0
total_mapped_file 3334144
total_writeback 0
total_swap 0
total_pgpgin 40044215
total_pgpgout 39800136
total_pgfault 8579260
total_pgmajfault 794
total_inactive_anon 46346240
total_active_anon 46219264
total_inactive_file 453685248
total_active_file 453488640
total_unevictable 0
--------------------BLKIO-----------------------
11:0 Read 0
11:0 Write 0
11:0 Sync 0
11:0 Async 0
11:0 Total 0
253:0 Read 3257176064
253:0 Write 303104
253:0 Sync 57344
253:0 Async 3257421824
253:0 Total 3257479168
Total 3257479168
--------------------CPUAC-----------------------
user 4060
system 66601
--------------------MEMCG-----------------------
MEM ONLY  : 953 MB
MEM+SWAP  : 953 MB
cache 907247616
rss 92491776
rss_huge 0
mapped_file 3325952
writeback 0
swap 0
pgpgin 41285384
pgpgout 41041307
pgfault 8835148
pgmajfault 794
inactive_anon 46346240
active_anon 46202880
inactive_file 453779456
active_file 453394432
unevictable 0
hierarchical_memory_limit 999997440
hierarchical_memsw_limit 9223372036854771712
total_cache 907247616
total_rss 92491776
total_rss_huge 0
total_mapped_file 3325952
total_writeback 0
total_swap 0
total_pgpgin 41285384
total_pgpgout 41041307
total_pgfault 8835148
total_pgmajfault 794
total_inactive_anon 46346240
total_active_anon 46202880
total_inactive_file 453779456
total_active_file 453394432
total_unevictable 0
--------------------BLKIO-----------------------
11:0 Read 0
11:0 Write 0
11:0 Sync 0
11:0 Async 0
11:0 Total 0
253:0 Read 3257176064
253:0 Write 303104
253:0 Sync 57344
253:0 Async 3257421824
253:0 Total 3257479168
Total 3257479168
--------------------CPUAC-----------------------
user 4180
system 68592
--------------------MEMCG-----------------------
MEM ONLY  : 953 MB
MEM+SWAP  : 953 MB
cache 907350016
rss 92479488
rss_huge 0
mapped_file 3334144
writeback 0
swap 0
pgpgin 42308816
pgpgout 42064717
pgfault 9047779
pgmajfault 801
inactive_anon 46346240
active_anon 46206976
inactive_file 453627904
active_file 453615616
unevictable 0
hierarchical_memory_limit 999997440
hierarchical_memsw_limit 9223372036854771712
total_cache 907350016
total_rss 92479488
total_rss_huge 0
total_mapped_file 3334144
total_writeback 0
total_swap 0
total_pgpgin 42308817
total_pgpgout 42064717
total_pgfault 9047779
total_pgmajfault 801
total_inactive_anon 46346240
total_active_anon 46206976
total_inactive_file 453627904
total_active_file 453615616
total_unevictable 0
--------------------BLKIO-----------------------
11:0 Read 0
11:0 Write 0
11:0 Sync 0
11:0 Async 0
11:0 Total 0
253:0 Read 3257176064
253:0 Write 303104
253:0 Sync 57344
253:0 Async 3257421824
253:0 Total 3257479168
Total 3257479168
--------------------CPUAC-----------------------
user 4268
system 70630
--------------------MEMCG-----------------------
MEM ONLY  : 953 MB
MEM+SWAP  : 953 MB
cache 907345920
rss 92483584
rss_huge 0
mapped_file 3334144
writeback 0
swap 0
pgpgin 43296538
pgpgout 43052439
pgfault 9253539
pgmajfault 801
inactive_anon 46346240
active_anon 46211072
inactive_file 453722112
active_file 453550080
unevictable 0
hierarchical_memory_limit 999997440
hierarchical_memsw_limit 9223372036854771712
total_cache 907350016
total_rss 92483584
total_rss_huge 0
total_mapped_file 3334144
total_writeback 0
total_swap 0
total_pgpgin 43296539
total_pgpgout 43052439
total_pgfault 9253539
total_pgmajfault 801
total_inactive_anon 46346240
total_active_anon 46211072
total_inactive_file 453722112
total_active_file 453550080
total_unevictable 0
--------------------BLKIO-----------------------
11:0 Read 0
11:0 Write 0
11:0 Sync 0
11:0 Async 0
11:0 Total 0
253:0 Read 3257176064
253:0 Write 303104
253:0 Sync 57344
253:0 Async 3257421824
253:0 Total 3257479168
Total 3257479168
--------------------CPUAC-----------------------
user 4368
system 72713
--------------------MEMCG-----------------------
MEM ONLY  : 953 MB
MEM+SWAP  : 953 MB
cache 907366400
rss 92495872
rss_huge 0
mapped_file 3334144
writeback 0
swap 0
pgpgin 44295797
pgpgout 44051690
pgfault 9458787
pgmajfault 801
inactive_anon 46346240
active_anon 46223360
inactive_file 453971968
active_file 453320704
unevictable 0
hierarchical_memory_limit 999997440
hierarchical_memsw_limit 9223372036854771712
total_cache 907366400
total_rss 92495872
total_rss_huge 0
total_mapped_file 3334144
total_writeback 0
total_swap 0
total_pgpgin 44295797
total_pgpgout 44051690
total_pgfault 9458787
total_pgmajfault 801
total_inactive_anon 46346240
total_active_anon 46223360
total_inactive_file 453971968
total_active_file 453320704
total_unevictable 0
--------------------BLKIO-----------------------
11:0 Read 0
11:0 Write 0
11:0 Sync 0
11:0 Async 0
11:0 Total 0
253:0 Read 3257176064
253:0 Write 303104
253:0 Sync 57344
253:0 Async 3257421824
253:0 Total 3257479168
Total 3257479168
--------------------CPUAC-----------------------
user 4461
system 74778
--------------------MEMCG-----------------------
MEM ONLY  : 871 MB
MEM+SWAP  : 871 MB
cache 907423744
rss 6537216
rss_huge 0
mapped_file 2125824
writeback 0
swap 0
pgpgin 45065111
pgpgout 44841976
pgfault 9618933
pgmajfault 884
inactive_anon 6549504
active_anon 57344
inactive_file 455745536
active_file 451604480
unevictable 0
hierarchical_memory_limit 999997440
hierarchical_memsw_limit 9223372036854771712
total_cache 907423744
total_rss 6537216
total_rss_huge 0
total_mapped_file 2125824
total_writeback 0
total_swap 0
total_pgpgin 45065111
total_pgpgout 44841976
total_pgfault 9618933
total_pgmajfault 884
total_inactive_anon 6549504
total_active_anon 57344
total_inactive_file 455745536
total_active_file 451604480
total_unevictable 0
--------------------BLKIO-----------------------
11:0 Read 0
11:0 Write 0
11:0 Sync 0
11:0 Async 0
11:0 Total 0
253:0 Read 3257470976
253:0 Write 303104
253:0 Sync 57344
253:0 Async 3257716736
253:0 Total 3257774080
Total 3257774080
--------------------CPUAC-----------------------
user 4542
system 76122
--------------------MEMCG-----------------------
MEM ONLY  : 871 MB
MEM+SWAP  : 871 MB
cache 907415552
rss 6537216
rss_huge 0
mapped_file 2125824
writeback 0
swap 0
pgpgin 45065111
pgpgout 44841978
pgfault 9618933
pgmajfault 884
inactive_anon 6549504
active_anon 57344
inactive_file 455749632
active_file 451596288
unevictable 0
hierarchical_memory_limit 999997440
hierarchical_memsw_limit 9223372036854771712
total_cache 907415552
total_rss 6537216
total_rss_huge 0
total_mapped_file 2125824
total_writeback 0
total_swap 0
total_pgpgin 45065111
total_pgpgout 44841978
total_pgfault 9618933
total_pgmajfault 884
total_inactive_anon 6549504
total_active_anon 57344
total_inactive_file 455749632
total_active_file 451596288
total_unevictable 0
--------------------BLKIO-----------------------
11:0 Read 0
11:0 Write 0
11:0 Sync 0
11:0 Async 0
11:0 Total 0
253:0 Read 3257470976
253:0 Write 303104
253:0 Sync 57344
253:0 Async 3257716736
253:0 Total 3257774080
Total 3257774080
--------------------CPUAC-----------------------
user 4542
system 76122
--------------------MEMCG-----------------------
MEM ONLY  : 871 MB
MEM+SWAP  : 871 MB
cache 907415552
rss 6537216
rss_huge 0
mapped_file 2125824
writeback 0
swap 0
pgpgin 45065111
pgpgout 44841978
pgfault 9618933
pgmajfault 884
inactive_anon 6549504
active_anon 57344
inactive_file 455749632
active_file 451596288
unevictable 0
hierarchical_memory_limit 999997440
hierarchical_memsw_limit 9223372036854771712
total_cache 907415552
total_rss 6537216
total_rss_huge 0
total_mapped_file 2125824
total_writeback 0
total_swap 0
total_pgpgin 45065111
total_pgpgout 44841978
total_pgfault 9618933
total_pgmajfault 884
total_inactive_anon 6549504
total_active_anon 57344
total_inactive_file 455749632
total_active_file 451596288
total_unevictable 0
--------------------BLKIO-----------------------
11:0 Read 0
11:0 Write 0
11:0 Sync 0
11:0 Async 0
11:0 Total 0
253:0 Read 3257470976
253:0 Write 303104
253:0 Sync 57344
253:0 Async 3257716736
253:0 Total 3257774080
Total 3257774080
--------------------CPUAC-----------------------
user 4542
system 76122
--------------------MEMCG-----------------------
MEM ONLY  : 871 MB
MEM+SWAP  : 871 MB
cache 907460608
rss 6537216
rss_huge 0
mapped_file 2252800
writeback 0
swap 0
pgpgin 45065122
pgpgout 44841978
pgfault 9618941
pgmajfault 885
inactive_anon 6549504
active_anon 57344
inactive_file 455790592
active_file 451596288
unevictable 0
hierarchical_memory_limit 999997440
hierarchical_memsw_limit 9223372036854771712
total_cache 907460608
total_rss 6537216
total_rss_huge 0
total_mapped_file 2252800
total_writeback 0
total_swap 0
total_pgpgin 45065122
total_pgpgout 44841978
total_pgfault 9618941
total_pgmajfault 885
total_inactive_anon 6549504
total_active_anon 57344
total_inactive_file 455790592
total_active_file 451596288
total_unevictable 0
--------------------BLKIO-----------------------
11:0 Read 0
11:0 Write 0
11:0 Sync 0
11:0 Async 0
11:0 Total 0
253:0 Read 3257470976
253:0 Write 303104
253:0 Sync 57344
253:0 Async 3257716736
253:0 Total 3257774080
Total 3257774080
--------------------CPUAC-----------------------
user 4542
system 76122
--------------------MEMCG-----------------------
MEM ONLY  : 871 MB
MEM+SWAP  : 871 MB
cache 907460608
rss 6537216
rss_huge 0
mapped_file 2252800
writeback 0
swap 0
pgpgin 45065122
pgpgout 44841978
pgfault 9618941
pgmajfault 885
inactive_anon 6549504
active_anon 57344
inactive_file 455794688
active_file 451596288
unevictable 0
hierarchical_memory_limit 999997440
hierarchical_memsw_limit 9223372036854771712
total_cache 907460608
total_rss 6537216
total_rss_huge 0
total_mapped_file 2252800
total_writeback 0
total_swap 0
total_pgpgin 45065122
total_pgpgout 44841978
total_pgfault 9618941
total_pgmajfault 885
total_inactive_anon 6549504
total_active_anon 57344
total_inactive_file 455794688
total_active_file 451596288
total_unevictable 0
--------------------BLKIO-----------------------
11:0 Read 0
11:0 Write 0
11:0 Sync 0
11:0 Async 0
11:0 Total 0
253:0 Read 3257470976
253:0 Write 303104
253:0 Sync 57344
253:0 Async 3257716736
253:0 Total 3257774080
Total 3257774080
--------------------CPUAC-----------------------
user 4542
system 76122
--------------------MEMCG-----------------------
MEM ONLY  : 871 MB
MEM+SWAP  : 871 MB
cache 907460608
rss 6537216
rss_huge 0
mapped_file 2252800
writeback 0
swap 0
pgpgin 45065122
pgpgout 44841978
pgfault 9618941
pgmajfault 885
inactive_anon 6549504
active_anon 57344
inactive_file 455794688
active_file 451596288
unevictable 0
hierarchical_memory_limit 999997440
hierarchical_memsw_limit 9223372036854771712
total_cache 907460608
total_rss 6537216
total_rss_huge 0
total_mapped_file 2252800
total_writeback 0
total_swap 0
total_pgpgin 45065122
total_pgpgout 44841978
total_pgfault 9618941
total_pgmajfault 885
total_inactive_anon 6549504
total_active_anon 57344
total_inactive_file 455794688
total_active_file 451596288
total_unevictable 0
--------------------BLKIO-----------------------
11:0 Read 0
11:0 Write 0
11:0 Sync 0
11:0 Async 0
11:0 Total 0
253:0 Read 3257470976
253:0 Write 303104
253:0 Sync 57344
253:0 Async 3257716736
253:0 Total 3257774080
Total 3257774080
--------------------CPUAC-----------------------
user 4542
system 76122
--------------------MEMCG-----------------------
MEM ONLY  : 871 MB
MEM+SWAP  : 871 MB
cache 907460608
rss 6537216
rss_huge 0
mapped_file 2252800
writeback 0
swap 0
pgpgin 45065122
pgpgout 44841978
pgfault 9618941
pgmajfault 885
inactive_anon 6549504
active_anon 57344
inactive_file 455794688
active_file 451596288
unevictable 0
hierarchical_memory_limit 999997440
hierarchical_memsw_limit 9223372036854771712
total_cache 907460608
total_rss 6537216
total_rss_huge 0
total_mapped_file 2252800
total_writeback 0
total_swap 0
total_pgpgin 45065122
total_pgpgout 44841978
total_pgfault 9618941
total_pgmajfault 885
total_inactive_anon 6549504
total_active_anon 57344
total_inactive_file 455794688
total_active_file 451596288
total_unevictable 0
--------------------BLKIO-----------------------
11:0 Read 0
11:0 Write 0
11:0 Sync 0
11:0 Async 0
11:0 Total 0
253:0 Read 3257470976
253:0 Write 303104
253:0 Sync 57344
253:0 Async 3257716736
253:0 Total 3257774080
Total 3257774080
--------------------CPUAC-----------------------
user 4542
system 76122
--------------------MEMCG-----------------------
MEM ONLY  : 871 MB
MEM+SWAP  : 871 MB
cache 907460608
rss 6537216
rss_huge 0
mapped_file 2252800
writeback 0
swap 0
pgpgin 45065122
pgpgout 44841978
pgfault 9618941
pgmajfault 885
inactive_anon 6549504
active_anon 57344
inactive_file 455794688
active_file 451596288
unevictable 0
hierarchical_memory_limit 999997440
hierarchical_memsw_limit 9223372036854771712
total_cache 907460608
total_rss 6537216
total_rss_huge 0
total_mapped_file 2252800
total_writeback 0
total_swap 0
total_pgpgin 45065122
total_pgpgout 44841978
total_pgfault 9618941
total_pgmajfault 885
total_inactive_anon 6549504
total_active_anon 57344
total_inactive_file 455794688
total_active_file 451596288
total_unevictable 0
--------------------BLKIO-----------------------
11:0 Read 0
11:0 Write 0
11:0 Sync 0
11:0 Async 0
11:0 Total 0
253:0 Read 3257470976
253:0 Write 303104
253:0 Sync 57344
253:0 Async 3257716736
253:0 Total 3257774080
Total 3257774080
--------------------CPUAC-----------------------
user 4542
system 76122
--------------------MEMCG-----------------------
MEM ONLY  : 871 MB
MEM+SWAP  : 871 MB
cache 907460608
rss 6537216
rss_huge 0
mapped_file 2252800
writeback 0
swap 0
pgpgin 45065122
pgpgout 44841978
pgfault 9618941
pgmajfault 885
inactive_anon 6549504
active_anon 57344
inactive_file 455794688
active_file 451596288
unevictable 0
hierarchical_memory_limit 999997440
hierarchical_memsw_limit 9223372036854771712
total_cache 907460608
total_rss 6537216
total_rss_huge 0
total_mapped_file 2252800
total_writeback 0
total_swap 0
total_pgpgin 45065122
total_pgpgout 44841978
total_pgfault 9618941
total_pgmajfault 885
total_inactive_anon 6549504
total_active_anon 57344
total_inactive_file 455794688
total_active_file 451596288
total_unevictable 0
--------------------BLKIO-----------------------
11:0 Read 0
11:0 Write 0
11:0 Sync 0
11:0 Async 0
11:0 Total 0
253:0 Read 3257470976
253:0 Write 303104
253:0 Sync 57344
253:0 Async 3257716736
253:0 Total 3257774080
Total 3257774080
--------------------CPUAC-----------------------
user 4542
system 76122
--------------------MEMCG-----------------------
MEM ONLY  : 871 MB
MEM+SWAP  : 871 MB
cache 907460608
rss 6537216
rss_huge 0
mapped_file 2252800
writeback 0
swap 0
pgpgin 45065122
pgpgout 44841978
pgfault 9618941
pgmajfault 885
inactive_anon 6549504
active_anon 57344
inactive_file 455794688
active_file 451596288
unevictable 0
hierarchical_memory_limit 999997440
hierarchical_memsw_limit 9223372036854771712
total_cache 907460608
total_rss 6537216
total_rss_huge 0
total_mapped_file 2252800
total_writeback 0
total_swap 0
total_pgpgin 45065122
total_pgpgout 44841978
total_pgfault 9618941
total_pgmajfault 885
total_inactive_anon 6549504
total_active_anon 57344
total_inactive_file 455794688
total_active_file 451596288
total_unevictable 0
--------------------BLKIO-----------------------
11:0 Read 0
11:0 Write 0
11:0 Sync 0
11:0 Async 0
11:0 Total 0
253:0 Read 3257470976
253:0 Write 303104
253:0 Sync 57344
253:0 Async 3257716736
253:0 Total 3257774080
Total 3257774080
--------------------CPUAC-----------------------
user 4542
system 76122
--------------------MEMCG-----------------------
MEM ONLY  : 953 MB
MEM+SWAP  : 953 MB
cache 907333632
rss 92463104
rss_huge 0
mapped_file 6979584
writeback 0
swap 0
pgpgin 45825156
pgpgout 45581065
pgfault 9837725
pgmajfault 962
inactive_anon 46497792
active_anon 46026752
inactive_file 453406720
active_file 453853184
unevictable 0
hierarchical_memory_limit 999997440
hierarchical_memsw_limit 9223372036854771712
total_cache 907333632
total_rss 92463104
total_rss_huge 0
total_mapped_file 6979584
total_writeback 0
total_swap 0
total_pgpgin 45825156
total_pgpgout 45581065
total_pgfault 9837725
total_pgmajfault 962
total_inactive_anon 46497792
total_active_anon 46026752
total_inactive_file 453406720
total_active_file 453853184
total_unevictable 0
--------------------BLKIO-----------------------
11:0 Read 0
11:0 Write 0
11:0 Sync 0
11:0 Async 0
11:0 Total 0
253:0 Read 3400806400
253:0 Write 303104
253:0 Sync 57344
253:0 Async 3401052160
253:0 Total 3401109504
Total 3401109504
--------------------CPUAC-----------------------
user 4646
system 77280
--------------------MEMCG-----------------------
MEM ONLY  : 953 MB
MEM+SWAP  : 953 MB
cache 907292672
rss 92454912
rss_huge 0
mapped_file 3334144
writeback 0
swap 0
pgpgin 46998825
pgpgout 46754746
pgfault 10083238
pgmajfault 962
inactive_anon 46497792
active_anon 46026752
inactive_file 453619712
active_file 453599232
unevictable 0
hierarchical_memory_limit 999997440
hierarchical_memsw_limit 9223372036854771712
total_cache 907292672
total_rss 92454912
total_rss_huge 0
total_mapped_file 3334144
total_writeback 0
total_swap 0
total_pgpgin 46998825
total_pgpgout 46754746
total_pgfault 10083238
total_pgmajfault 962
total_inactive_anon 46497792
total_active_anon 46026752
total_inactive_file 453619712
total_active_file 453599232
total_unevictable 0
--------------------BLKIO-----------------------
11:0 Read 0
11:0 Write 0
11:0 Sync 0
11:0 Async 0
11:0 Total 0
253:0 Read 3602272256
253:0 Write 303104
253:0 Sync 57344
253:0 Async 3602518016
253:0 Total 3602575360
Total 3602575360
--------------------CPUAC-----------------------
user 4773
system 78839
--------------------MEMCG-----------------------
MEM ONLY  : 953 MB
MEM+SWAP  : 953 MB
cache 907030528
rss 92917760
rss_huge 0
mapped_file 44314624
writeback 0
swap 0
pgpgin 60272250
pgpgout 60028122
pgfault 12888859
pgmajfault 1127
inactive_anon 46555136
active_anon 46428160
inactive_file 453701632
active_file 453255168
unevictable 0
hierarchical_memory_limit 999997440
hierarchical_memsw_limit 9223372036854771712
total_cache 907030528
total_rss 92917760
total_rss_huge 0
total_mapped_file 44314624
total_writeback 0
total_swap 0
total_pgpgin 60272250
total_pgpgout 60028122
total_pgfault 12888859
total_pgmajfault 1127
total_inactive_anon 46555136
total_active_anon 46428160
total_inactive_file 453701632
total_active_file 453255168
total_unevictable 0
--------------------BLKIO-----------------------
11:0 Read 0
11:0 Write 0
11:0 Sync 0
11:0 Async 0
11:0 Total 0
253:0 Read 5622435840
253:0 Write 303104
253:0 Sync 57344
253:0 Async 5622681600
253:0 Total 5622738944
Total 5622738944
--------------------CPUAC-----------------------
user 6191
system 101120
--------------------MEMCG-----------------------
MEM ONLY  : 953 MB
MEM+SWAP  : 953 MB
cache 906989568
rss 92909568
rss_huge 0
mapped_file 3477504
writeback 0
swap 0
pgpgin 61300898
pgpgout 61056782
pgfault 13105223
pgmajfault 1133
inactive_anon 46542848
active_anon 46440448
inactive_file 453484544
active_file 453398528
unevictable 0
hierarchical_memory_limit 999997440
hierarchical_memsw_limit 9223372036854771712
total_cache 906989568
total_rss 92909568
total_rss_huge 0
total_mapped_file 3477504
total_writeback 0
total_swap 0
total_pgpgin 61300898
total_pgpgout 61056782
total_pgfault 13105223
total_pgmajfault 1133
total_inactive_anon 46542848
total_active_anon 46440448
total_inactive_file 453484544
total_active_file 453398528
total_unevictable 0
--------------------BLKIO-----------------------
11:0 Read 0
11:0 Write 0
11:0 Sync 0
11:0 Async 0
11:0 Total 0
253:0 Read 5805527040
253:0 Write 303104
253:0 Sync 57344
253:0 Async 5805772800
253:0 Total 5805830144
Total 5805830144
--------------------CPUAC-----------------------
user 6301
system 102633
--------------------MEMCG-----------------------
MEM ONLY  : 953 MB
MEM+SWAP  : 953 MB
cache 906936320
rss 92917760
rss_huge 0
mapped_file 3334144
writeback 0
swap 0
pgpgin 62422252
pgpgout 62178147
pgfault 13337557
pgmajfault 1134
inactive_anon 46542848
active_anon 46440448
inactive_file 453378048
active_file 453484544
unevictable 0
hierarchical_memory_limit 999997440
hierarchical_memsw_limit 9223372036854771712
total_cache 906936320
total_rss 92917760
total_rss_huge 0
total_mapped_file 3334144
total_writeback 0
total_swap 0
total_pgpgin 62422252
total_pgpgout 62178147
total_pgfault 13337557
total_pgmajfault 1134
total_inactive_anon 46542848
total_active_anon 46440448
total_inactive_file 453378048
total_active_file 453484544
total_unevictable 0
--------------------BLKIO-----------------------
11:0 Read 0
11:0 Write 0
11:0 Sync 0
11:0 Async 0
11:0 Total 0
253:0 Read 5993226240
253:0 Write 303104
253:0 Sync 57344
253:0 Async 5993472000
253:0 Total 5993529344
Total 5993529344
--------------------CPUAC-----------------------
user 6407
system 104294
--------------------MEMCG-----------------------
MEM ONLY  : 953 MB
MEM+SWAP  : 953 MB
cache 906883072
rss 92913664
rss_huge 0
mapped_file 3334144
writeback 0
swap 0
pgpgin 63465569
pgpgout 63221476
pgfault 13554481
pgmajfault 1134
inactive_anon 46542848
active_anon 46444544
inactive_file 453238784
active_file 453533696
unevictable 0
hierarchical_memory_limit 999997440
hierarchical_memsw_limit 9223372036854771712
total_cache 906895360
total_rss 92913664
total_rss_huge 0
total_mapped_file 3334144
total_writeback 0
total_swap 0
total_pgpgin 63465571
total_pgpgout 63221476
total_pgfault 13554481
total_pgmajfault 1134
total_inactive_anon 46542848
total_active_anon 46444544
total_inactive_file 453238784
total_active_file 453533696
total_unevictable 0
--------------------BLKIO-----------------------
11:0 Read 0
11:0 Write 0
11:0 Sync 0
11:0 Async 0
11:0 Total 0
253:0 Read 6158659584
253:0 Write 303104
253:0 Sync 57344
253:0 Async 6158905344
253:0 Total 6158962688
Total 6158962688
--------------------CPUAC-----------------------
user 6493
system 106137
--------------------MEMCG-----------------------
MEM ONLY  : 953 MB
MEM+SWAP  : 953 MB
cache 906772480
rss 92909568
rss_huge 0
mapped_file 3653632
writeback 0
swap 0
pgpgin 64528016
pgpgout 64283953
pgfault 13775817
pgmajfault 1140
inactive_anon 46542848
active_anon 46440448
inactive_file 453402624
active_file 453296128
unevictable 0
hierarchical_memory_limit 999997440
hierarchical_memsw_limit 9223372036854771712
total_cache 906772480
total_rss 92909568
total_rss_huge 0
total_mapped_file 3653632
total_writeback 0
total_swap 0
total_pgpgin 64528016
total_pgpgout 64283953
total_pgfault 13775817
total_pgmajfault 1140
total_inactive_anon 46542848
total_active_anon 46440448
total_inactive_file 453402624
total_active_file 453296128
total_unevictable 0
--------------------BLKIO-----------------------
11:0 Read 0
11:0 Write 0
11:0 Sync 0
11:0 Async 0
11:0 Total 0
253:0 Read 6325886976
253:0 Write 303104
253:0 Sync 57344
253:0 Async 6326132736
253:0 Total 6326190080
Total 6326190080
--------------------CPUAC-----------------------
user 6608
system 107924
--------------------MEMCG-----------------------
MEM ONLY  : 953 MB
MEM+SWAP  : 953 MB
cache 907042816
rss 92909568
rss_huge 0
mapped_file 3334144
writeback 0
swap 0
pgpgin 65660918
pgpgout 65416789
pgfault 14011720
pgmajfault 1141
inactive_anon 46542848
active_anon 46440448
inactive_file 453808128
active_file 453160960
unevictable 0
hierarchical_memory_limit 999997440
hierarchical_memsw_limit 9223372036854771712
total_cache 907042816
total_rss 92909568
total_rss_huge 0
total_mapped_file 3334144
total_writeback 0
total_swap 0
total_pgpgin 65660918
total_pgpgout 65416789
total_pgfault 14011720
total_pgmajfault 1141
total_inactive_anon 46542848
total_active_anon 46440448
total_inactive_file 453808128
total_active_file 453160960
total_unevictable 0
--------------------BLKIO-----------------------
11:0 Read 0
11:0 Write 0
11:0 Sync 0
11:0 Async 0
11:0 Total 0
253:0 Read 6501797888
253:0 Write 303104
253:0 Sync 57344
253:0 Async 6502043648
253:0 Total 6502100992
Total 6502100992
--------------------CPUAC-----------------------
user 6726
system 109582
