--------------------MEMCG-----------------------
MEM ONLY  : 953 MB
MEM+SWAP  : 953 MB
cache 907014144
rss 92520448
rss_huge 0
mapped_file 11227136
writeback 0
swap 0
pgpgin 18960120
pgpgout 18716093
pgfault 4176895
pgmajfault 403
inactive_anon 46501888
active_anon 46084096
inactive_file 453701632
active_file 453230592
unevictable 0
hierarchical_memory_limit 999997440
hierarchical_memsw_limit 9223372036854771712
total_cache 907014144
total_rss 92520448
total_rss_huge 0
total_mapped_file 11227136
total_writeback 0
total_swap 0
total_pgpgin 18960120
total_pgpgout 18716093
total_pgfault 4176895
total_pgmajfault 403
total_inactive_anon 46501888
total_active_anon 46080000
total_inactive_file 453701632
total_active_file 453230592
total_unevictable 0
--------------------BLKIO-----------------------
11:0 Read 0
11:0 Write 0
11:0 Sync 0
11:0 Async 0
11:0 Total 0
253:0 Read 3224375296
253:0 Write 249856
253:0 Sync 0
253:0 Async 3224625152
253:0 Total 3224625152
Total 3224625152
--------------------CPUAC-----------------------
user 2102
system 38293
--------------------MEMCG-----------------------
MEM ONLY  : 953 MB
MEM+SWAP  : 953 MB
cache 907243520
rss 92512256
rss_huge 0
mapped_file 3518464
writeback 0
swap 0
pgpgin 19742780
pgpgout 19498699
pgfault 4340533
pgmajfault 406
inactive_anon 46489600
active_anon 46096384
inactive_file 453853184
active_file 453259264
unevictable 0
hierarchical_memory_limit 999997440
hierarchical_memsw_limit 9223372036854771712
total_cache 907243520
total_rss 92512256
total_rss_huge 0
total_mapped_file 3518464
total_writeback 0
total_swap 0
total_pgpgin 19742780
total_pgpgout 19498699
total_pgfault 4340533
total_pgmajfault 406
total_inactive_anon 46489600
total_active_anon 46096384
total_inactive_file 453853184
total_active_file 453259264
total_unevictable 0
--------------------BLKIO-----------------------
11:0 Read 0
11:0 Write 0
11:0 Sync 0
11:0 Async 0
11:0 Total 0
253:0 Read 3224375296
253:0 Write 253952
253:0 Sync 0
253:0 Async 3224629248
253:0 Total 3224629248
Total 3224629248
--------------------CPUAC-----------------------
user 2165
system 40415
--------------------MEMCG-----------------------
MEM ONLY  : 953 MB
MEM+SWAP  : 953 MB
cache 906829824
rss 92520448
rss_huge 0
mapped_file 3334144
writeback 0
swap 0
pgpgin 20716620
pgpgout 20472639
pgfault 4543176
pgmajfault 406
inactive_anon 46489600
active_anon 46092288
inactive_file 453259264
active_file 453496832
unevictable 0
hierarchical_memory_limit 999997440
hierarchical_memsw_limit 9223372036854771712
total_cache 906833920
total_rss 92516352
total_rss_huge 0
total_mapped_file 3334144
total_writeback 0
total_swap 0
total_pgpgin 20716621
total_pgpgout 20472640
total_pgfault 4543176
total_pgmajfault 406
total_inactive_anon 46489600
total_active_anon 46096384
total_inactive_file 453259264
total_active_file 453496832
total_unevictable 0
--------------------BLKIO-----------------------
11:0 Read 0
11:0 Write 0
11:0 Sync 0
11:0 Async 0
11:0 Total 0
253:0 Read 3224375296
253:0 Write 253952
253:0 Sync 0
253:0 Async 3224629248
253:0 Total 3224629248
Total 3224629248
--------------------CPUAC-----------------------
user 2264
system 42499
--------------------MEMCG-----------------------
MEM ONLY  : 953 MB
MEM+SWAP  : 953 MB
cache 907362304
rss 92520448
rss_huge 0
mapped_file 3325952
writeback 0
swap 0
pgpgin 21750067
pgpgout 21505955
pgfault 4759493
pgmajfault 406
inactive_anon 46489600
active_anon 46084096
inactive_file 454266880
active_file 453021696
unevictable 0
hierarchical_memory_limit 999997440
hierarchical_memsw_limit 9223372036854771712
total_cache 907362304
total_rss 92520448
total_rss_huge 0
total_mapped_file 3325952
total_writeback 0
total_swap 0
total_pgpgin 21750067
total_pgpgout 21505955
total_pgfault 4759493
total_pgmajfault 406
total_inactive_anon 46489600
total_active_anon 46084096
total_inactive_file 454266880
total_active_file 453021696
total_unevictable 0
--------------------BLKIO-----------------------
11:0 Read 0
11:0 Write 0
11:0 Sync 0
11:0 Async 0
11:0 Total 0
253:0 Read 3224375296
253:0 Write 253952
253:0 Sync 0
253:0 Async 3224629248
253:0 Total 3224629248
Total 3224629248
--------------------CPUAC-----------------------
user 2366
system 44564
--------------------MEMCG-----------------------
MEM ONLY  : 953 MB
MEM+SWAP  : 953 MB
cache 907161600
rss 92520448
rss_huge 0
mapped_file 3375104
writeback 0
swap 0
pgpgin 23071817
pgpgout 22827754
pgfault 5033020
pgmajfault 413
inactive_anon 46489600
active_anon 46092288
inactive_file 453361664
active_file 453726208
unevictable 0
hierarchical_memory_limit 999997440
hierarchical_memsw_limit 9223372036854771712
total_cache 907161600
total_rss 92520448
total_rss_huge 0
total_mapped_file 3375104
total_writeback 0
total_swap 0
total_pgpgin 23071817
total_pgpgout 22827754
total_pgfault 5033020
total_pgmajfault 413
total_inactive_anon 46489600
total_active_anon 46092288
total_inactive_file 453361664
total_active_file 453726208
total_unevictable 0
--------------------BLKIO-----------------------
11:0 Read 0
11:0 Write 0
11:0 Sync 0
11:0 Async 0
11:0 Total 0
253:0 Read 3224375296
253:0 Write 253952
253:0 Sync 0
253:0 Async 3224629248
253:0 Total 3224629248
Total 3224629248
--------------------CPUAC-----------------------
user 2493
system 46528
--------------------MEMCG-----------------------
MEM ONLY  : 953 MB
MEM+SWAP  : 953 MB
cache 907038720
rss 92512256
rss_huge 0
mapped_file 3334144
writeback 0
swap 0
pgpgin 24004446
pgpgout 23760447
pgfault 5228376
pgmajfault 413
inactive_anon 46489600
active_anon 46088192
inactive_file 453627904
active_file 453128192
unevictable 0
hierarchical_memory_limit 999997440
hierarchical_memsw_limit 9223372036854771712
total_cache 906907648
total_rss 92512256
total_rss_huge 0
total_mapped_file 3334144
total_writeback 0
total_swap 0
total_pgpgin 24004446
total_pgpgout 23760447
total_pgfault 5228376
total_pgmajfault 413
total_inactive_anon 46489600
total_active_anon 46088192
total_inactive_file 453627904
total_active_file 453128192
total_unevictable 0
--------------------BLKIO-----------------------
11:0 Read 0
11:0 Write 0
11:0 Sync 0
11:0 Async 0
11:0 Total 0
253:0 Read 3224375296
253:0 Write 253952
253:0 Sync 0
253:0 Async 3224629248
253:0 Total 3224629248
Total 3224629248
--------------------CPUAC-----------------------
user 2589
system 48594
--------------------MEMCG-----------------------
MEM ONLY  : 953 MB
MEM+SWAP  : 953 MB
cache 907345920
rss 92516352
rss_huge 0
mapped_file 3334144
writeback 0
swap 0
pgpgin 24963696
pgpgout 24719589
pgfault 5426570
pgmajfault 413
inactive_anon 46489600
active_anon 46096384
inactive_file 453132288
active_file 454139904
unevictable 0
hierarchical_memory_limit 999997440
hierarchical_memsw_limit 9223372036854771712
total_cache 907345920
total_rss 92516352
total_rss_huge 0
total_mapped_file 3334144
total_writeback 0
total_swap 0
total_pgpgin 24963696
total_pgpgout 24719589
total_pgfault 5426570
total_pgmajfault 413
total_inactive_anon 46489600
total_active_anon 46096384
total_inactive_file 453132288
total_active_file 454139904
total_unevictable 0
--------------------BLKIO-----------------------
11:0 Read 0
11:0 Write 0
11:0 Sync 0
11:0 Async 0
11:0 Total 0
253:0 Read 3224375296
253:0 Write 253952
253:0 Sync 0
253:0 Async 3224629248
253:0 Total 3224629248
Total 3224629248
--------------------CPUAC-----------------------
user 2669
system 50705
--------------------MEMCG-----------------------
MEM ONLY  : 953 MB
MEM+SWAP  : 953 MB
cache 907038720
rss 92512256
rss_huge 0
mapped_file 3334144
writeback 0
swap 0
pgpgin 25740244
pgpgout 25496213
pgfault 5587586
pgmajfault 419
inactive_anon 46489600
active_anon 46084096
inactive_file 453537792
active_file 453419008
unevictable 0
hierarchical_memory_limit 999997440
hierarchical_memsw_limit 9223372036854771712
total_cache 907038720
total_rss 92512256
total_rss_huge 0
total_mapped_file 3334144
total_writeback 0
total_swap 0
total_pgpgin 25740244
total_pgpgout 25496213
total_pgfault 5587586
total_pgmajfault 419
total_inactive_anon 46489600
total_active_anon 46084096
total_inactive_file 453537792
total_active_file 453419008
total_unevictable 0
--------------------BLKIO-----------------------
11:0 Read 0
11:0 Write 0
11:0 Sync 0
11:0 Async 0
11:0 Total 0
253:0 Read 3224375296
253:0 Write 253952
253:0 Sync 0
253:0 Async 3224629248
253:0 Total 3224629248
Total 3224629248
--------------------CPUAC-----------------------
user 2729
system 52872
--------------------MEMCG-----------------------
MEM ONLY  : 953 MB
MEM+SWAP  : 953 MB
cache 907165696
rss 92504064
rss_huge 0
mapped_file 3375104
writeback 0
swap 0
pgpgin 26508151
pgpgout 26264089
pgfault 5746822
pgmajfault 420
inactive_anon 46489600
active_anon 46088192
inactive_file 453267456
active_file 453804032
unevictable 0
hierarchical_memory_limit 999997440
hierarchical_memsw_limit 9223372036854771712
total_cache 907177984
total_rss 92504064
total_rss_huge 0
total_mapped_file 3375104
total_writeback 0
total_swap 0
total_pgpgin 26508152
total_pgpgout 26264089
total_pgfault 5746822
total_pgmajfault 420
total_inactive_anon 46489600
total_active_anon 46088192
total_inactive_file 453267456
total_active_file 453804032
total_unevictable 0
--------------------BLKIO-----------------------
11:0 Read 0
11:0 Write 0
11:0 Sync 0
11:0 Async 0
11:0 Total 0
253:0 Read 3224375296
253:0 Write 253952
253:0 Sync 0
253:0 Async 3224629248
253:0 Total 3224629248
Total 3224629248
--------------------CPUAC-----------------------
user 2797
system 55040
--------------------MEMCG-----------------------
MEM ONLY  : 953 MB
MEM+SWAP  : 953 MB
cache 907296768
rss 92499968
rss_huge 0
mapped_file 3334144
writeback 0
swap 0
pgpgin 27528948
pgpgout 27284857
pgfault 5958255
pgmajfault 420
inactive_anon 46489600
active_anon 46084096
inactive_file 453718016
active_file 453410816
unevictable 0
hierarchical_memory_limit 999997440
hierarchical_memsw_limit 9223372036854771712
total_cache 907296768
total_rss 92499968
total_rss_huge 0
total_mapped_file 3334144
total_writeback 0
total_swap 0
total_pgpgin 27528948
total_pgpgout 27284857
total_pgfault 5958255
total_pgmajfault 420
total_inactive_anon 46489600
total_active_anon 46084096
total_inactive_file 453718016
total_active_file 453410816
total_unevictable 0
--------------------BLKIO-----------------------
11:0 Read 0
11:0 Write 0
11:0 Sync 0
11:0 Async 0
11:0 Total 0
253:0 Read 3224375296
253:0 Write 253952
253:0 Sync 0
253:0 Async 3224629248
253:0 Total 3224629248
Total 3224629248
--------------------CPUAC-----------------------
user 2888
system 57117
--------------------MEMCG-----------------------
MEM ONLY  : 953 MB
MEM+SWAP  : 953 MB
cache 907255808
rss 92512256
rss_huge 0
mapped_file 3375104
writeback 0
swap 0
pgpgin 28585105
pgpgout 28341020
pgfault 6177409
pgmajfault 427
inactive_anon 46489600
active_anon 46084096
inactive_file 453734400
active_file 453447680
unevictable 0
hierarchical_memory_limit 999997440
hierarchical_memsw_limit 9223372036854771712
total_cache 907255808
total_rss 92520448
total_rss_huge 0
total_mapped_file 3375104
total_writeback 0
total_swap 0
total_pgpgin 28585106
total_pgpgout 28341020
total_pgfault 6177411
total_pgmajfault 427
total_inactive_anon 46489600
total_active_anon 46084096
total_inactive_file 453734400
total_active_file 453447680
total_unevictable 0
--------------------BLKIO-----------------------
11:0 Read 0
11:0 Write 0
11:0 Sync 0
11:0 Async 0
11:0 Total 0
253:0 Read 3224375296
253:0 Write 253952
253:0 Sync 0
253:0 Async 3224629248
253:0 Total 3224629248
Total 3224629248
--------------------CPUAC-----------------------
user 2992
system 59182
--------------------MEMCG-----------------------
MEM ONLY  : 953 MB
MEM+SWAP  : 953 MB
cache 907341824
rss 92508160
rss_huge 0
mapped_file 3334144
writeback 0
swap 0
pgpgin 30116170
pgpgout 29872064
pgfault 6496148
pgmajfault 427
inactive_anon 46489600
active_anon 46092288
inactive_file 453713920
active_file 453517312
unevictable 0
hierarchical_memory_limit 999997440
hierarchical_memsw_limit 9223372036854771712
total_cache 907358208
total_rss 92508160
total_rss_huge 0
total_mapped_file 3334144
total_writeback 0
total_swap 0
total_pgpgin 30116173
total_pgpgout 29872064
total_pgfault 6496148
total_pgmajfault 427
total_inactive_anon 46489600
total_active_anon 46092288
total_inactive_file 453713920
total_active_file 453517312
total_unevictable 0
--------------------BLKIO-----------------------
11:0 Read 0
11:0 Write 0
11:0 Sync 0
11:0 Async 0
11:0 Total 0
253:0 Read 3224375296
253:0 Write 253952
253:0 Sync 0
253:0 Async 3224629248
253:0 Total 3224629248
Total 3224629248
--------------------CPUAC-----------------------
user 3155
system 61122
--------------------MEMCG-----------------------
MEM ONLY  : 953 MB
MEM+SWAP  : 953 MB
cache 907202560
rss 92524544
rss_huge 0
mapped_file 3325952
writeback 0
swap 0
pgpgin 31441126
pgpgout 31197052
pgfault 6766422
pgmajfault 427
inactive_anon 46489600
active_anon 46104576
inactive_file 453656576
active_file 453472256
unevictable 0
hierarchical_memory_limit 999997440
hierarchical_memsw_limit 9223372036854771712
total_cache 907202560
total_rss 92524544
total_rss_huge 0
total_mapped_file 3325952
total_writeback 0
total_swap 0
total_pgpgin 31441126
total_pgpgout 31197052
total_pgfault 6766422
total_pgmajfault 427
total_inactive_anon 46489600
total_active_anon 46104576
total_inactive_file 453656576
total_active_file 453472256
total_unevictable 0
--------------------BLKIO-----------------------
11:0 Read 0
11:0 Write 0
11:0 Sync 0
11:0 Async 0
11:0 Total 0
253:0 Read 3224375296
253:0 Write 253952
253:0 Sync 0
253:0 Async 3224629248
253:0 Total 3224629248
Total 3224629248
--------------------CPUAC-----------------------
user 3297
system 63126
--------------------MEMCG-----------------------
MEM ONLY  : 953 MB
MEM+SWAP  : 953 MB
cache 907440128
rss 92532736
rss_huge 0
mapped_file 3334144
writeback 0
swap 0
pgpgin 32349827
pgpgout 32105694
pgfault 6955900
pgmajfault 434
inactive_anon 46489600
active_anon 46108672
inactive_file 453906432
active_file 453459968
unevictable 0
hierarchical_memory_limit 999997440
hierarchical_memsw_limit 9223372036854771712
total_cache 907440128
total_rss 92528640
total_rss_huge 0
total_mapped_file 3334144
total_writeback 0
total_swap 0
total_pgpgin 32349827
total_pgpgout 32105694
total_pgfault 6955900
total_pgmajfault 434
total_inactive_anon 46489600
total_active_anon 46108672
total_inactive_file 453906432
total_active_file 453459968
total_unevictable 0
--------------------BLKIO-----------------------
11:0 Read 0
11:0 Write 0
11:0 Sync 0
11:0 Async 0
11:0 Total 0
253:0 Read 3224375296
253:0 Write 253952
253:0 Sync 0
253:0 Async 3224629248
253:0 Total 3224629248
Total 3224629248
--------------------CPUAC-----------------------
user 3377
system 65262
--------------------MEMCG-----------------------
MEM ONLY  : 953 MB
MEM+SWAP  : 953 MB
cache 907362304
rss 92524544
rss_huge 0
mapped_file 3334144
writeback 0
swap 0
pgpgin 33205745
pgpgout 32961632
pgfault 7133088
pgmajfault 434
inactive_anon 46489600
active_anon 46100480
inactive_file 453558272
active_file 453599232
unevictable 0
hierarchical_memory_limit 999997440
hierarchical_memsw_limit 9223372036854771712
total_cache 907362304
total_rss 92524544
total_rss_huge 0
total_mapped_file 3334144
total_writeback 0
total_swap 0
total_pgpgin 33205745
total_pgpgout 32961632
total_pgfault 7133088
total_pgmajfault 434
total_inactive_anon 46489600
total_active_anon 46100480
total_inactive_file 453558272
total_active_file 453599232
total_unevictable 0
--------------------BLKIO-----------------------
11:0 Read 0
11:0 Write 0
11:0 Sync 0
11:0 Async 0
11:0 Total 0
253:0 Read 3224375296
253:0 Write 253952
253:0 Sync 0
253:0 Async 3224629248
253:0 Total 3224629248
Total 3224629248
--------------------CPUAC-----------------------
user 3450
system 67396
--------------------MEMCG-----------------------
MEM ONLY  : 953 MB
MEM+SWAP  : 953 MB
cache 906924032
rss 92504064
rss_huge 0
mapped_file 3334144
writeback 0
swap 0
pgpgin 34011101
pgpgout 33767100
pgfault 7299854
pgmajfault 434
inactive_anon 46489600
active_anon 46088192
inactive_file 453505024
active_file 453341184
unevictable 0
hierarchical_memory_limit 999997440
hierarchical_memsw_limit 9223372036854771712
total_cache 906928128
total_rss 92504064
total_rss_huge 0
total_mapped_file 3334144
total_writeback 0
total_swap 0
total_pgpgin 34011103
total_pgpgout 33767100
total_pgfault 7299854
total_pgmajfault 434
total_inactive_anon 46489600
total_active_anon 46088192
total_inactive_file 453505024
total_active_file 453341184
total_unevictable 0
--------------------BLKIO-----------------------
11:0 Read 0
11:0 Write 0
11:0 Sync 0
11:0 Async 0
11:0 Total 0
253:0 Read 3224375296
253:0 Write 253952
253:0 Sync 0
253:0 Async 3224629248
253:0 Total 3224629248
Total 3224629248
--------------------CPUAC-----------------------
user 3522
system 69536
--------------------MEMCG-----------------------
MEM ONLY  : 953 MB
MEM+SWAP  : 953 MB
cache 907104256
rss 92516352
rss_huge 0
mapped_file 3334144
writeback 0
swap 0
pgpgin 35170712
pgpgout 34926664
pgfault 7540660
pgmajfault 441
inactive_anon 46489600
active_anon 46084096
inactive_file 453705728
active_file 453324800
unevictable 0
hierarchical_memory_limit 999997440
hierarchical_memsw_limit 9223372036854771712
total_cache 907104256
total_rss 92516352
total_rss_huge 0
total_mapped_file 3334144
total_writeback 0
total_swap 0
total_pgpgin 35170712
total_pgpgout 34926664
total_pgfault 7540660
total_pgmajfault 441
total_inactive_anon 46489600
total_active_anon 46084096
total_inactive_file 453705728
total_active_file 453324800
total_unevictable 0
--------------------BLKIO-----------------------
11:0 Read 0
11:0 Write 0
11:0 Sync 0
11:0 Async 0
11:0 Total 0
253:0 Read 3224375296
253:0 Write 253952
253:0 Sync 0
253:0 Async 3224629248
253:0 Total 3224629248
Total 3224629248
--------------------CPUAC-----------------------
user 3638
system 71566
--------------------MEMCG-----------------------
MEM ONLY  : 953 MB
MEM+SWAP  : 953 MB
cache 907345920
rss 92512256
rss_huge 0
mapped_file 3334144
writeback 0
swap 0
pgpgin 36378253
pgpgout 36134147
pgfault 7790286
pgmajfault 441
inactive_anon 46489600
active_anon 46084096
inactive_file 453222400
active_file 454049792
unevictable 0
hierarchical_memory_limit 999997440
hierarchical_memsw_limit 9223372036854771712
total_cache 907345920
total_rss 92512256
total_rss_huge 0
total_mapped_file 3334144
total_writeback 0
total_swap 0
total_pgpgin 36378253
total_pgpgout 36134147
total_pgfault 7790286
total_pgmajfault 441
total_inactive_anon 46489600
total_active_anon 46084096
total_inactive_file 453222400
total_active_file 454049792
total_unevictable 0
--------------------BLKIO-----------------------
11:0 Read 0
11:0 Write 0
11:0 Sync 0
11:0 Async 0
11:0 Total 0
253:0 Read 3224375296
253:0 Write 253952
253:0 Sync 0
253:0 Async 3224629248
253:0 Total 3224629248
Total 3224629248
--------------------CPUAC-----------------------
user 3767
system 73586
--------------------MEMCG-----------------------
MEM ONLY  : 953 MB
MEM+SWAP  : 953 MB
cache 907440128
rss 92508160
rss_huge 0
mapped_file 3375104
writeback 0
swap 0
pgpgin 37590298
pgpgout 37346170
pgfault 8042888
pgmajfault 442
inactive_anon 46489600
active_anon 46084096
inactive_file 453423104
active_file 453943296
unevictable 0
hierarchical_memory_limit 999997440
hierarchical_memsw_limit 9223372036854771712
total_cache 907440128
total_rss 92508160
total_rss_huge 0
total_mapped_file 3375104
total_writeback 0
total_swap 0
total_pgpgin 37590298
total_pgpgout 37346170
total_pgfault 8042888
total_pgmajfault 442
total_inactive_anon 46489600
total_active_anon 46084096
total_inactive_file 453423104
total_active_file 453943296
total_unevictable 0
--------------------BLKIO-----------------------
11:0 Read 0
11:0 Write 0
11:0 Sync 0
11:0 Async 0
11:0 Total 0
253:0 Read 3224375296
253:0 Write 253952
253:0 Sync 0
253:0 Async 3224629248
253:0 Total 3224629248
Total 3224629248
--------------------CPUAC-----------------------
user 3888
system 75622
--------------------MEMCG-----------------------
MEM ONLY  : 953 MB
MEM+SWAP  : 953 MB
cache 907214848
rss 92504064
rss_huge 0
mapped_file 3375104
writeback 0
swap 0
pgpgin 38821210
pgpgout 38577138
pgfault 8295843
pgmajfault 449
inactive_anon 46489600
active_anon 46088192
inactive_file 453603328
active_file 453537792
unevictable 0
hierarchical_memory_limit 999997440
hierarchical_memsw_limit 9223372036854771712
total_cache 907214848
total_rss 92504064
total_rss_huge 0
total_mapped_file 3375104
total_writeback 0
total_swap 0
total_pgpgin 38821210
total_pgpgout 38577138
total_pgfault 8295843
total_pgmajfault 449
total_inactive_anon 46489600
total_active_anon 46088192
total_inactive_file 453603328
total_active_file 453537792
total_unevictable 0
--------------------BLKIO-----------------------
11:0 Read 0
11:0 Write 0
11:0 Sync 0
11:0 Async 0
11:0 Total 0
253:0 Read 3224375296
253:0 Write 253952
253:0 Sync 0
253:0 Async 3224629248
253:0 Total 3224629248
Total 3224629248
--------------------CPUAC-----------------------
user 3994
system 77654
--------------------MEMCG-----------------------
MEM ONLY  : 871 MB
MEM+SWAP  : 871 MB
cache 907472896
rss 6520832
rss_huge 0
mapped_file 2125824
writeback 0
swap 0
pgpgin 39685342
pgpgout 39462199
pgfault 8474485
pgmajfault 526
inactive_anon 6529024
active_anon 61440
inactive_file 455639040
active_file 451764224
unevictable 0
hierarchical_memory_limit 999997440
hierarchical_memsw_limit 9223372036854771712
total_cache 907472896
total_rss 6520832
total_rss_huge 0
total_mapped_file 2125824
total_writeback 0
total_swap 0
total_pgpgin 39685342
total_pgpgout 39462199
total_pgfault 8474485
total_pgmajfault 526
total_inactive_anon 6529024
total_active_anon 61440
total_inactive_file 455639040
total_active_file 451764224
total_unevictable 0
--------------------BLKIO-----------------------
11:0 Read 0
11:0 Write 0
11:0 Sync 0
11:0 Async 0
11:0 Total 0
253:0 Read 3224678400
253:0 Write 253952
253:0 Sync 0
253:0 Async 3224932352
253:0 Total 3224932352
Total 3224932352
--------------------CPUAC-----------------------
user 4082
system 78934
--------------------MEMCG-----------------------
MEM ONLY  : 871 MB
MEM+SWAP  : 871 MB
cache 907472896
rss 6520832
rss_huge 0
mapped_file 2125824
writeback 0
swap 0
pgpgin 39685342
pgpgout 39462199
pgfault 8474485
pgmajfault 526
inactive_anon 6529024
active_anon 61440
inactive_file 455639040
active_file 451764224
unevictable 0
hierarchical_memory_limit 999997440
hierarchical_memsw_limit 9223372036854771712
total_cache 907472896
total_rss 6520832
total_rss_huge 0
total_mapped_file 2125824
total_writeback 0
total_swap 0
total_pgpgin 39685342
total_pgpgout 39462199
total_pgfault 8474485
total_pgmajfault 526
total_inactive_anon 6529024
total_active_anon 61440
total_inactive_file 455639040
total_active_file 451764224
total_unevictable 0
--------------------BLKIO-----------------------
11:0 Read 0
11:0 Write 0
11:0 Sync 0
11:0 Async 0
11:0 Total 0
253:0 Read 3224678400
253:0 Write 253952
253:0 Sync 0
253:0 Async 3224932352
253:0 Total 3224932352
Total 3224932352
--------------------CPUAC-----------------------
user 4082
system 78934
--------------------MEMCG-----------------------
MEM ONLY  : 871 MB
MEM+SWAP  : 871 MB
cache 907517952
rss 6520832
rss_huge 0
mapped_file 2252800
writeback 0
swap 0
pgpgin 39685353
pgpgout 39462199
pgfault 8474493
pgmajfault 527
inactive_anon 6529024
active_anon 61440
inactive_file 455684096
active_file 451764224
unevictable 0
hierarchical_memory_limit 999997440
hierarchical_memsw_limit 9223372036854771712
total_cache 907517952
total_rss 6520832
total_rss_huge 0
total_mapped_file 2252800
total_writeback 0
total_swap 0
total_pgpgin 39685353
total_pgpgout 39462199
total_pgfault 8474493
total_pgmajfault 527
total_inactive_anon 6529024
total_active_anon 61440
total_inactive_file 455684096
total_active_file 451764224
total_unevictable 0
--------------------BLKIO-----------------------
11:0 Read 0
11:0 Write 0
11:0 Sync 0
11:0 Async 0
11:0 Total 0
253:0 Read 3224678400
253:0 Write 253952
253:0 Sync 0
253:0 Async 3224932352
253:0 Total 3224932352
Total 3224932352
--------------------CPUAC-----------------------
user 4082
system 78934
--------------------MEMCG-----------------------
MEM ONLY  : 871 MB
MEM+SWAP  : 871 MB
cache 907517952
rss 6520832
rss_huge 0
mapped_file 2252800
writeback 0
swap 0
pgpgin 39685353
pgpgout 39462199
pgfault 8474493
pgmajfault 527
inactive_anon 6529024
active_anon 61440
inactive_file 455684096
active_file 451764224
unevictable 0
hierarchical_memory_limit 999997440
hierarchical_memsw_limit 9223372036854771712
total_cache 907517952
total_rss 6520832
total_rss_huge 0
total_mapped_file 2252800
total_writeback 0
total_swap 0
total_pgpgin 39685353
total_pgpgout 39462199
total_pgfault 8474493
total_pgmajfault 527
total_inactive_anon 6529024
total_active_anon 61440
total_inactive_file 455684096
total_active_file 451764224
total_unevictable 0
--------------------BLKIO-----------------------
11:0 Read 0
11:0 Write 0
11:0 Sync 0
11:0 Async 0
11:0 Total 0
253:0 Read 3224678400
253:0 Write 253952
253:0 Sync 0
253:0 Async 3224932352
253:0 Total 3224932352
Total 3224932352
--------------------CPUAC-----------------------
user 4082
system 78934
--------------------MEMCG-----------------------
MEM ONLY  : 871 MB
MEM+SWAP  : 871 MB
cache 907517952
rss 6520832
rss_huge 0
mapped_file 2252800
writeback 0
swap 0
pgpgin 39685353
pgpgout 39462199
pgfault 8474493
pgmajfault 527
inactive_anon 6529024
active_anon 61440
inactive_file 455684096
active_file 451764224
unevictable 0
hierarchical_memory_limit 999997440
hierarchical_memsw_limit 9223372036854771712
total_cache 907517952
total_rss 6520832
total_rss_huge 0
total_mapped_file 2252800
total_writeback 0
total_swap 0
total_pgpgin 39685353
total_pgpgout 39462199
total_pgfault 8474493
total_pgmajfault 527
total_inactive_anon 6529024
total_active_anon 61440
total_inactive_file 455684096
total_active_file 451764224
total_unevictable 0
--------------------BLKIO-----------------------
11:0 Read 0
11:0 Write 0
11:0 Sync 0
11:0 Async 0
11:0 Total 0
253:0 Read 3224678400
253:0 Write 253952
253:0 Sync 0
253:0 Async 3224932352
253:0 Total 3224932352
Total 3224932352
--------------------CPUAC-----------------------
user 4082
system 78934
--------------------MEMCG-----------------------
MEM ONLY  : 871 MB
MEM+SWAP  : 871 MB
cache 907517952
rss 6520832
rss_huge 0
mapped_file 2252800
writeback 0
swap 0
pgpgin 39685353
pgpgout 39462199
pgfault 8474493
pgmajfault 527
inactive_anon 6529024
active_anon 61440
inactive_file 455684096
active_file 451764224
unevictable 0
hierarchical_memory_limit 999997440
hierarchical_memsw_limit 9223372036854771712
total_cache 907517952
total_rss 6520832
total_rss_huge 0
total_mapped_file 2252800
total_writeback 0
total_swap 0
total_pgpgin 39685353
total_pgpgout 39462199
total_pgfault 8474493
total_pgmajfault 527
total_inactive_anon 6529024
total_active_anon 61440
total_inactive_file 455684096
total_active_file 451764224
total_unevictable 0
--------------------BLKIO-----------------------
11:0 Read 0
11:0 Write 0
11:0 Sync 0
11:0 Async 0
11:0 Total 0
253:0 Read 3224678400
253:0 Write 253952
253:0 Sync 0
253:0 Async 3224932352
253:0 Total 3224932352
Total 3224932352
--------------------CPUAC-----------------------
user 4082
system 78934
--------------------MEMCG-----------------------
MEM ONLY  : 871 MB
MEM+SWAP  : 871 MB
cache 907517952
rss 6520832
rss_huge 0
mapped_file 2252800
writeback 0
swap 0
pgpgin 39685353
pgpgout 39462199
pgfault 8474493
pgmajfault 527
inactive_anon 6529024
active_anon 61440
inactive_file 455684096
active_file 451764224
unevictable 0
hierarchical_memory_limit 999997440
hierarchical_memsw_limit 9223372036854771712
total_cache 907517952
total_rss 6520832
total_rss_huge 0
total_mapped_file 2252800
total_writeback 0
total_swap 0
total_pgpgin 39685353
total_pgpgout 39462199
total_pgfault 8474493
total_pgmajfault 527
total_inactive_anon 6529024
total_active_anon 61440
total_inactive_file 455684096
total_active_file 451764224
total_unevictable 0
--------------------BLKIO-----------------------
11:0 Read 0
11:0 Write 0
11:0 Sync 0
11:0 Async 0
11:0 Total 0
253:0 Read 3224678400
253:0 Write 253952
253:0 Sync 0
253:0 Async 3224932352
253:0 Total 3224932352
Total 3224932352
--------------------CPUAC-----------------------
user 4082
system 78934
--------------------MEMCG-----------------------
MEM ONLY  : 871 MB
MEM+SWAP  : 871 MB
cache 907517952
rss 6520832
rss_huge 0
mapped_file 2252800
writeback 0
swap 0
pgpgin 39685353
pgpgout 39462199
pgfault 8474493
pgmajfault 527
inactive_anon 6529024
active_anon 61440
inactive_file 455684096
active_file 451764224
unevictable 0
hierarchical_memory_limit 999997440
hierarchical_memsw_limit 9223372036854771712
total_cache 907517952
total_rss 6520832
total_rss_huge 0
total_mapped_file 2252800
total_writeback 0
total_swap 0
total_pgpgin 39685353
total_pgpgout 39462199
total_pgfault 8474493
total_pgmajfault 527
total_inactive_anon 6529024
total_active_anon 61440
total_inactive_file 455684096
total_active_file 451764224
total_unevictable 0
--------------------BLKIO-----------------------
11:0 Read 0
11:0 Write 0
11:0 Sync 0
11:0 Async 0
11:0 Total 0
253:0 Read 3224678400
253:0 Write 253952
253:0 Sync 0
253:0 Async 3224932352
253:0 Total 3224932352
Total 3224932352
--------------------CPUAC-----------------------
user 4082
system 78934
--------------------MEMCG-----------------------
MEM ONLY  : 871 MB
MEM+SWAP  : 871 MB
cache 907517952
rss 6520832
rss_huge 0
mapped_file 2252800
writeback 0
swap 0
pgpgin 39685353
pgpgout 39462199
pgfault 8474493
pgmajfault 527
inactive_anon 6529024
active_anon 61440
inactive_file 455684096
active_file 451764224
unevictable 0
hierarchical_memory_limit 999997440
hierarchical_memsw_limit 9223372036854771712
total_cache 907517952
total_rss 6520832
total_rss_huge 0
total_mapped_file 2252800
total_writeback 0
total_swap 0
total_pgpgin 39685353
total_pgpgout 39462199
total_pgfault 8474493
total_pgmajfault 527
total_inactive_anon 6529024
total_active_anon 61440
total_inactive_file 455684096
total_active_file 451764224
total_unevictable 0
--------------------BLKIO-----------------------
11:0 Read 0
11:0 Write 0
11:0 Sync 0
11:0 Async 0
11:0 Total 0
253:0 Read 3224678400
253:0 Write 253952
253:0 Sync 0
253:0 Async 3224932352
253:0 Total 3224932352
Total 3224932352
--------------------CPUAC-----------------------
user 4082
system 78934
--------------------MEMCG-----------------------
MEM ONLY  : 871 MB
MEM+SWAP  : 871 MB
cache 907517952
rss 6520832
rss_huge 0
mapped_file 2252800
writeback 0
swap 0
pgpgin 39685353
pgpgout 39462199
pgfault 8474493
pgmajfault 527
inactive_anon 6529024
active_anon 61440
inactive_file 455684096
active_file 451764224
unevictable 0
hierarchical_memory_limit 999997440
hierarchical_memsw_limit 9223372036854771712
total_cache 907517952
total_rss 6520832
total_rss_huge 0
total_mapped_file 2252800
total_writeback 0
total_swap 0
total_pgpgin 39685353
total_pgpgout 39462199
total_pgfault 8474493
total_pgmajfault 527
total_inactive_anon 6529024
total_active_anon 61440
total_inactive_file 455684096
total_active_file 451764224
total_unevictable 0
--------------------BLKIO-----------------------
11:0 Read 0
11:0 Write 0
11:0 Sync 0
11:0 Async 0
11:0 Total 0
253:0 Read 3224678400
253:0 Write 253952
253:0 Sync 0
253:0 Async 3224932352
253:0 Total 3224932352
Total 3224932352
--------------------CPUAC-----------------------
user 4082
system 78934
