--------------------MEMCG-----------------------
MEM ONLY  : 503 MB
MEM+SWAP  : 503 MB
cache 56315904
rss 471719936
rss_huge 0
mapped_file 20844544
writeback 0
swap 0
pgpgin 210498
pgpgout 81583
pgfault 309272
pgmajfault 340
inactive_anon 49152
active_anon 471748608
inactive_file 41127936
active_file 15110144
unevictable 0
hierarchical_memory_limit 999997440
hierarchical_memsw_limit 9223372036854771712
total_cache 56315904
total_rss 471719936
total_rss_huge 0
total_mapped_file 20844544
total_writeback 0
total_swap 0
total_pgpgin 210498
total_pgpgout 81583
total_pgfault 309272
total_pgmajfault 340
total_inactive_anon 49152
total_active_anon 471748608
total_inactive_file 41127936
total_active_file 15110144
total_unevictable 0
--------------------BLKIO-----------------------
11:0 Read 0
11:0 Write 0
11:0 Sync 0
11:0 Async 0
11:0 Total 0
253:0 Read 55951360
253:0 Write 294912
253:0 Sync 45056
253:0 Async 56201216
253:0 Total 56246272
Total 56246272
--------------------CPUAC-----------------------
user 57
system 117
--------------------MEMCG-----------------------
MEM ONLY  : 503 MB
MEM+SWAP  : 503 MB
cache 56311808
rss 471179264
rss_huge 0
mapped_file 20615168
writeback 0
swap 0
pgpgin 210701
pgpgout 81919
pgfault 309726
pgmajfault 340
inactive_anon 45056
active_anon 471207936
inactive_file 40407040
active_file 15831040
unevictable 0
hierarchical_memory_limit 999997440
hierarchical_memsw_limit 9223372036854771712
total_cache 56311808
total_rss 471179264
total_rss_huge 0
total_mapped_file 20615168
total_writeback 0
total_swap 0
total_pgpgin 210701
total_pgpgout 81919
total_pgfault 309726
total_pgmajfault 340
total_inactive_anon 45056
total_active_anon 471207936
total_inactive_file 40407040
total_active_file 15831040
total_unevictable 0
--------------------BLKIO-----------------------
11:0 Read 0
11:0 Write 0
11:0 Sync 0
11:0 Async 0
11:0 Total 0
253:0 Read 55951360
253:0 Write 294912
253:0 Sync 45056
253:0 Async 56201216
253:0 Total 56246272
Total 56246272
--------------------CPUAC-----------------------
user 57
system 117
--------------------MEMCG-----------------------
MEM ONLY  : 502 MB
MEM+SWAP  : 502 MB
cache 56311808
rss 470913024
rss_huge 0
mapped_file 20475904
writeback 0
swap 0
pgpgin 210701
pgpgout 81984
pgfault 309733
pgmajfault 340
inactive_anon 45056
active_anon 470941696
inactive_file 40407040
active_file 15831040
unevictable 0
hierarchical_memory_limit 999997440
hierarchical_memsw_limit 9223372036854771712
total_cache 56311808
total_rss 470913024
total_rss_huge 0
total_mapped_file 20475904
total_writeback 0
total_swap 0
total_pgpgin 210701
total_pgpgout 81984
total_pgfault 309733
total_pgmajfault 340
total_inactive_anon 45056
total_active_anon 470941696
total_inactive_file 40407040
total_active_file 15831040
total_unevictable 0
--------------------BLKIO-----------------------
11:0 Read 0
11:0 Write 0
11:0 Sync 0
11:0 Async 0
11:0 Total 0
253:0 Read 55951360
253:0 Write 294912
253:0 Sync 45056
253:0 Async 56201216
253:0 Total 56246272
Total 56246272
--------------------CPUAC-----------------------
user 57
system 117
--------------------MEMCG-----------------------
MEM ONLY  : 502 MB
MEM+SWAP  : 502 MB
cache 56311808
rss 470913024
rss_huge 0
mapped_file 20475904
writeback 0
swap 0
pgpgin 210701
pgpgout 81984
pgfault 309733
pgmajfault 340
inactive_anon 45056
active_anon 470941696
inactive_file 40407040
active_file 15831040
unevictable 0
hierarchical_memory_limit 999997440
hierarchical_memsw_limit 9223372036854771712
total_cache 56311808
total_rss 470913024
total_rss_huge 0
total_mapped_file 20475904
total_writeback 0
total_swap 0
total_pgpgin 210701
total_pgpgout 81984
total_pgfault 309733
total_pgmajfault 340
total_inactive_anon 45056
total_active_anon 470941696
total_inactive_file 40407040
total_active_file 15831040
total_unevictable 0
--------------------BLKIO-----------------------
11:0 Read 0
11:0 Write 0
11:0 Sync 0
11:0 Async 0
11:0 Total 0
253:0 Read 55951360
253:0 Write 294912
253:0 Sync 45056
253:0 Async 56201216
253:0 Total 56246272
Total 56246272
--------------------CPUAC-----------------------
user 57
system 118
--------------------MEMCG-----------------------
MEM ONLY  : 502 MB
MEM+SWAP  : 502 MB
cache 56311808
rss 470913024
rss_huge 0
mapped_file 20475904
writeback 0
swap 0
pgpgin 210701
pgpgout 81984
pgfault 309733
pgmajfault 340
inactive_anon 45056
active_anon 470941696
inactive_file 40407040
active_file 15831040
unevictable 0
hierarchical_memory_limit 999997440
hierarchical_memsw_limit 9223372036854771712
total_cache 56311808
total_rss 470913024
total_rss_huge 0
total_mapped_file 20475904
total_writeback 0
total_swap 0
total_pgpgin 210701
total_pgpgout 81984
total_pgfault 309733
total_pgmajfault 340
total_inactive_anon 45056
total_active_anon 470941696
total_inactive_file 40407040
total_active_file 15831040
total_unevictable 0
--------------------BLKIO-----------------------
11:0 Read 0
11:0 Write 0
11:0 Sync 0
11:0 Async 0
11:0 Total 0
253:0 Read 55951360
253:0 Write 294912
253:0 Sync 45056
253:0 Async 56201216
253:0 Total 56246272
Total 56246272
--------------------CPUAC-----------------------
user 57
system 118
--------------------MEMCG-----------------------
MEM ONLY  : 502 MB
MEM+SWAP  : 502 MB
cache 56311808
rss 470913024
rss_huge 0
mapped_file 20475904
writeback 0
swap 0
pgpgin 210701
pgpgout 81984
pgfault 309733
pgmajfault 340
inactive_anon 45056
active_anon 470941696
inactive_file 40407040
active_file 15831040
unevictable 0
hierarchical_memory_limit 999997440
hierarchical_memsw_limit 9223372036854771712
total_cache 56311808
total_rss 470913024
total_rss_huge 0
total_mapped_file 20475904
total_writeback 0
total_swap 0
total_pgpgin 210701
total_pgpgout 81984
total_pgfault 309733
total_pgmajfault 340
total_inactive_anon 45056
total_active_anon 470941696
total_inactive_file 40407040
total_active_file 15831040
total_unevictable 0
--------------------BLKIO-----------------------
11:0 Read 0
11:0 Write 0
11:0 Sync 0
11:0 Async 0
11:0 Total 0
253:0 Read 55951360
253:0 Write 294912
253:0 Sync 45056
253:0 Async 56201216
253:0 Total 56246272
Total 56246272
--------------------CPUAC-----------------------
user 57
system 118
--------------------MEMCG-----------------------
MEM ONLY  : 502 MB
MEM+SWAP  : 502 MB
cache 56311808
rss 470913024
rss_huge 0
mapped_file 20475904
writeback 0
swap 0
pgpgin 210701
pgpgout 81984
pgfault 309733
pgmajfault 340
inactive_anon 45056
active_anon 470941696
inactive_file 40407040
active_file 15831040
unevictable 0
hierarchical_memory_limit 999997440
hierarchical_memsw_limit 9223372036854771712
total_cache 56311808
total_rss 470913024
total_rss_huge 0
total_mapped_file 20475904
total_writeback 0
total_swap 0
total_pgpgin 210701
total_pgpgout 81984
total_pgfault 309733
total_pgmajfault 340
total_inactive_anon 45056
total_active_anon 470941696
total_inactive_file 40407040
total_active_file 15831040
total_unevictable 0
--------------------BLKIO-----------------------
11:0 Read 0
11:0 Write 0
11:0 Sync 0
11:0 Async 0
11:0 Total 0
253:0 Read 55951360
253:0 Write 294912
253:0 Sync 45056
253:0 Async 56201216
253:0 Total 56246272
Total 56246272
--------------------CPUAC-----------------------
user 57
system 118
--------------------MEMCG-----------------------
MEM ONLY  : 502 MB
MEM+SWAP  : 502 MB
cache 56311808
rss 470913024
rss_huge 0
mapped_file 20475904
writeback 0
swap 0
pgpgin 210701
pgpgout 81984
pgfault 309733
pgmajfault 340
inactive_anon 45056
active_anon 470941696
inactive_file 40407040
active_file 15831040
unevictable 0
hierarchical_memory_limit 999997440
hierarchical_memsw_limit 9223372036854771712
total_cache 56311808
total_rss 470913024
total_rss_huge 0
total_mapped_file 20475904
total_writeback 0
total_swap 0
total_pgpgin 210701
total_pgpgout 81984
total_pgfault 309733
total_pgmajfault 340
total_inactive_anon 45056
total_active_anon 470941696
total_inactive_file 40407040
total_active_file 15831040
total_unevictable 0
--------------------BLKIO-----------------------
11:0 Read 0
11:0 Write 0
11:0 Sync 0
11:0 Async 0
11:0 Total 0
253:0 Read 55951360
253:0 Write 294912
253:0 Sync 45056
253:0 Async 56201216
253:0 Total 56246272
Total 56246272
--------------------CPUAC-----------------------
user 57
system 118
--------------------MEMCG-----------------------
MEM ONLY  : 502 MB
MEM+SWAP  : 502 MB
cache 56311808
rss 470913024
rss_huge 0
mapped_file 20475904
writeback 0
swap 0
pgpgin 210701
pgpgout 81984
pgfault 309733
pgmajfault 340
inactive_anon 45056
active_anon 470941696
inactive_file 40407040
active_file 15831040
unevictable 0
hierarchical_memory_limit 999997440
hierarchical_memsw_limit 9223372036854771712
total_cache 56311808
total_rss 470913024
total_rss_huge 0
total_mapped_file 20475904
total_writeback 0
total_swap 0
total_pgpgin 210701
total_pgpgout 81984
total_pgfault 309733
total_pgmajfault 340
total_inactive_anon 45056
total_active_anon 470941696
total_inactive_file 40407040
total_active_file 15831040
total_unevictable 0
--------------------BLKIO-----------------------
11:0 Read 0
11:0 Write 0
11:0 Sync 0
11:0 Async 0
11:0 Total 0
253:0 Read 55951360
253:0 Write 294912
253:0 Sync 45056
253:0 Async 56201216
253:0 Total 56246272
Total 56246272
--------------------CPUAC-----------------------
user 57
system 119
--------------------MEMCG-----------------------
MEM ONLY  : 502 MB
MEM+SWAP  : 502 MB
cache 56311808
rss 470913024
rss_huge 0
mapped_file 20475904
writeback 0
swap 0
pgpgin 210701
pgpgout 81984
pgfault 309733
pgmajfault 340
inactive_anon 45056
active_anon 470941696
inactive_file 40407040
active_file 15831040
unevictable 0
hierarchical_memory_limit 999997440
hierarchical_memsw_limit 9223372036854771712
total_cache 56311808
total_rss 470913024
total_rss_huge 0
total_mapped_file 20475904
total_writeback 0
total_swap 0
total_pgpgin 210701
total_pgpgout 81984
total_pgfault 309733
total_pgmajfault 340
total_inactive_anon 45056
total_active_anon 470941696
total_inactive_file 40407040
total_active_file 15831040
total_unevictable 0
--------------------BLKIO-----------------------
11:0 Read 0
11:0 Write 0
11:0 Sync 0
11:0 Async 0
11:0 Total 0
253:0 Read 55951360
253:0 Write 294912
253:0 Sync 45056
253:0 Async 56201216
253:0 Total 56246272
Total 56246272
--------------------CPUAC-----------------------
user 57
system 119
--------------------MEMCG-----------------------
MEM ONLY  : 502 MB
MEM+SWAP  : 502 MB
cache 56311808
rss 470913024
rss_huge 0
mapped_file 20475904
writeback 0
swap 0
pgpgin 210701
pgpgout 81984
pgfault 309733
pgmajfault 340
inactive_anon 45056
active_anon 470941696
inactive_file 40407040
active_file 15831040
unevictable 0
hierarchical_memory_limit 999997440
hierarchical_memsw_limit 9223372036854771712
total_cache 56311808
total_rss 470913024
total_rss_huge 0
total_mapped_file 20475904
total_writeback 0
total_swap 0
total_pgpgin 210701
total_pgpgout 81984
total_pgfault 309733
total_pgmajfault 340
total_inactive_anon 45056
total_active_anon 470941696
total_inactive_file 40407040
total_active_file 15831040
total_unevictable 0
--------------------BLKIO-----------------------
11:0 Read 0
11:0 Write 0
11:0 Sync 0
11:0 Async 0
11:0 Total 0
253:0 Read 55951360
253:0 Write 294912
253:0 Sync 45056
253:0 Async 56201216
253:0 Total 56246272
Total 56246272
--------------------CPUAC-----------------------
user 57
system 119
--------------------MEMCG-----------------------
MEM ONLY  : 502 MB
MEM+SWAP  : 502 MB
cache 56311808
rss 470913024
rss_huge 0
mapped_file 20475904
writeback 0
swap 0
pgpgin 210701
pgpgout 81984
pgfault 309733
pgmajfault 340
inactive_anon 45056
active_anon 470941696
inactive_file 40407040
active_file 15831040
unevictable 0
hierarchical_memory_limit 999997440
hierarchical_memsw_limit 9223372036854771712
total_cache 56311808
total_rss 470913024
total_rss_huge 0
total_mapped_file 20475904
total_writeback 0
total_swap 0
total_pgpgin 210701
total_pgpgout 81984
total_pgfault 309733
total_pgmajfault 340
total_inactive_anon 45056
total_active_anon 470941696
total_inactive_file 40407040
total_active_file 15831040
total_unevictable 0
--------------------BLKIO-----------------------
11:0 Read 0
11:0 Write 0
11:0 Sync 0
11:0 Async 0
11:0 Total 0
253:0 Read 55951360
253:0 Write 294912
253:0 Sync 45056
253:0 Async 56201216
253:0 Total 56246272
Total 56246272
--------------------CPUAC-----------------------
user 58
system 119
--------------------MEMCG-----------------------
MEM ONLY  : 502 MB
MEM+SWAP  : 502 MB
cache 56311808
rss 470913024
rss_huge 0
mapped_file 20475904
writeback 0
swap 0
pgpgin 210701
pgpgout 81984
pgfault 309733
pgmajfault 340
inactive_anon 45056
active_anon 470941696
inactive_file 40407040
active_file 15831040
unevictable 0
hierarchical_memory_limit 999997440
hierarchical_memsw_limit 9223372036854771712
total_cache 56311808
total_rss 470913024
total_rss_huge 0
total_mapped_file 20475904
total_writeback 0
total_swap 0
total_pgpgin 210701
total_pgpgout 81984
total_pgfault 309733
total_pgmajfault 340
total_inactive_anon 45056
total_active_anon 470941696
total_inactive_file 40407040
total_active_file 15831040
total_unevictable 0
--------------------BLKIO-----------------------
11:0 Read 0
11:0 Write 0
11:0 Sync 0
11:0 Async 0
11:0 Total 0
253:0 Read 55951360
253:0 Write 294912
253:0 Sync 45056
253:0 Async 56201216
253:0 Total 56246272
Total 56246272
--------------------CPUAC-----------------------
user 58
system 119
--------------------MEMCG-----------------------
MEM ONLY  : 502 MB
MEM+SWAP  : 502 MB
cache 56311808
rss 470913024
rss_huge 0
mapped_file 20475904
writeback 0
swap 0
pgpgin 210701
pgpgout 81984
pgfault 309733
pgmajfault 340
inactive_anon 45056
active_anon 470941696
inactive_file 40407040
active_file 15831040
unevictable 0
hierarchical_memory_limit 999997440
hierarchical_memsw_limit 9223372036854771712
total_cache 56311808
total_rss 470913024
total_rss_huge 0
total_mapped_file 20475904
total_writeback 0
total_swap 0
total_pgpgin 210701
total_pgpgout 81984
total_pgfault 309733
total_pgmajfault 340
total_inactive_anon 45056
total_active_anon 470941696
total_inactive_file 40407040
total_active_file 15831040
total_unevictable 0
--------------------BLKIO-----------------------
11:0 Read 0
11:0 Write 0
11:0 Sync 0
11:0 Async 0
11:0 Total 0
253:0 Read 55951360
253:0 Write 294912
253:0 Sync 45056
253:0 Async 56201216
253:0 Total 56246272
Total 56246272
--------------------CPUAC-----------------------
user 58
system 120
--------------------MEMCG-----------------------
MEM ONLY  : 502 MB
MEM+SWAP  : 502 MB
cache 56311808
rss 470913024
rss_huge 0
mapped_file 20475904
writeback 0
swap 0
pgpgin 210701
pgpgout 81984
pgfault 309733
pgmajfault 340
inactive_anon 45056
active_anon 470941696
inactive_file 40407040
active_file 15831040
unevictable 0
hierarchical_memory_limit 999997440
hierarchical_memsw_limit 9223372036854771712
total_cache 56311808
total_rss 470913024
total_rss_huge 0
total_mapped_file 20475904
total_writeback 0
total_swap 0
total_pgpgin 210701
total_pgpgout 81984
total_pgfault 309733
total_pgmajfault 340
total_inactive_anon 45056
total_active_anon 470941696
total_inactive_file 40407040
total_active_file 15831040
total_unevictable 0
--------------------BLKIO-----------------------
11:0 Read 0
11:0 Write 0
11:0 Sync 0
11:0 Async 0
11:0 Total 0
253:0 Read 55951360
253:0 Write 294912
253:0 Sync 45056
253:0 Async 56201216
253:0 Total 56246272
Total 56246272
--------------------CPUAC-----------------------
user 58
system 120
--------------------MEMCG-----------------------
MEM ONLY  : 502 MB
MEM+SWAP  : 502 MB
cache 56311808
rss 470913024
rss_huge 0
mapped_file 20475904
writeback 0
swap 0
pgpgin 210701
pgpgout 81984
pgfault 309733
pgmajfault 340
inactive_anon 45056
active_anon 470941696
inactive_file 40407040
active_file 15831040
unevictable 0
hierarchical_memory_limit 999997440
hierarchical_memsw_limit 9223372036854771712
total_cache 56311808
total_rss 470913024
total_rss_huge 0
total_mapped_file 20475904
total_writeback 0
total_swap 0
total_pgpgin 210701
total_pgpgout 81984
total_pgfault 309733
total_pgmajfault 340
total_inactive_anon 45056
total_active_anon 470941696
total_inactive_file 40407040
total_active_file 15831040
total_unevictable 0
--------------------BLKIO-----------------------
11:0 Read 0
11:0 Write 0
11:0 Sync 0
11:0 Async 0
11:0 Total 0
253:0 Read 55951360
253:0 Write 294912
253:0 Sync 45056
253:0 Async 56201216
253:0 Total 56246272
Total 56246272
--------------------CPUAC-----------------------
user 58
system 120
--------------------MEMCG-----------------------
MEM ONLY  : 502 MB
MEM+SWAP  : 502 MB
cache 56311808
rss 470913024
rss_huge 0
mapped_file 20475904
writeback 0
swap 0
pgpgin 210701
pgpgout 81984
pgfault 309733
pgmajfault 340
inactive_anon 45056
active_anon 470941696
inactive_file 40407040
active_file 15831040
unevictable 0
hierarchical_memory_limit 999997440
hierarchical_memsw_limit 9223372036854771712
total_cache 56311808
total_rss 470913024
total_rss_huge 0
total_mapped_file 20475904
total_writeback 0
total_swap 0
total_pgpgin 210701
total_pgpgout 81984
total_pgfault 309733
total_pgmajfault 340
total_inactive_anon 45056
total_active_anon 470941696
total_inactive_file 40407040
total_active_file 15831040
total_unevictable 0
--------------------BLKIO-----------------------
11:0 Read 0
11:0 Write 0
11:0 Sync 0
11:0 Async 0
11:0 Total 0
253:0 Read 55951360
253:0 Write 294912
253:0 Sync 45056
253:0 Async 56201216
253:0 Total 56246272
Total 56246272
--------------------CPUAC-----------------------
user 58
system 120
--------------------MEMCG-----------------------
MEM ONLY  : 502 MB
MEM+SWAP  : 502 MB
cache 56311808
rss 470913024
rss_huge 0
mapped_file 20475904
writeback 0
swap 0
pgpgin 210701
pgpgout 81984
pgfault 309733
pgmajfault 340
inactive_anon 45056
active_anon 470941696
inactive_file 40407040
active_file 15831040
unevictable 0
hierarchical_memory_limit 999997440
hierarchical_memsw_limit 9223372036854771712
total_cache 56311808
total_rss 470913024
total_rss_huge 0
total_mapped_file 20475904
total_writeback 0
total_swap 0
total_pgpgin 210701
total_pgpgout 81984
total_pgfault 309733
total_pgmajfault 340
total_inactive_anon 45056
total_active_anon 470941696
total_inactive_file 40407040
total_active_file 15831040
total_unevictable 0
--------------------BLKIO-----------------------
11:0 Read 0
11:0 Write 0
11:0 Sync 0
11:0 Async 0
11:0 Total 0
253:0 Read 55951360
253:0 Write 294912
253:0 Sync 45056
253:0 Async 56201216
253:0 Total 56246272
Total 56246272
--------------------CPUAC-----------------------
user 58
system 120
--------------------MEMCG-----------------------
MEM ONLY  : 502 MB
MEM+SWAP  : 502 MB
cache 56311808
rss 470913024
rss_huge 0
mapped_file 20475904
writeback 0
swap 0
pgpgin 210701
pgpgout 81984
pgfault 309733
pgmajfault 340
inactive_anon 45056
active_anon 470941696
inactive_file 40407040
active_file 15831040
unevictable 0
hierarchical_memory_limit 999997440
hierarchical_memsw_limit 9223372036854771712
total_cache 56311808
total_rss 470913024
total_rss_huge 0
total_mapped_file 20475904
total_writeback 0
total_swap 0
total_pgpgin 210701
total_pgpgout 81984
total_pgfault 309733
total_pgmajfault 340
total_inactive_anon 45056
total_active_anon 470941696
total_inactive_file 40407040
total_active_file 15831040
total_unevictable 0
--------------------BLKIO-----------------------
11:0 Read 0
11:0 Write 0
11:0 Sync 0
11:0 Async 0
11:0 Total 0
253:0 Read 55951360
253:0 Write 294912
253:0 Sync 45056
253:0 Async 56201216
253:0 Total 56246272
Total 56246272
--------------------CPUAC-----------------------
user 59
system 120
--------------------MEMCG-----------------------
MEM ONLY  : 502 MB
MEM+SWAP  : 502 MB
cache 56311808
rss 470913024
rss_huge 0
mapped_file 20475904
writeback 0
swap 0
pgpgin 210701
pgpgout 81984
pgfault 309733
pgmajfault 340
inactive_anon 45056
active_anon 470941696
inactive_file 40407040
active_file 15831040
unevictable 0
hierarchical_memory_limit 999997440
hierarchical_memsw_limit 9223372036854771712
total_cache 56311808
total_rss 470913024
total_rss_huge 0
total_mapped_file 20475904
total_writeback 0
total_swap 0
total_pgpgin 210701
total_pgpgout 81984
total_pgfault 309733
total_pgmajfault 340
total_inactive_anon 45056
total_active_anon 470941696
total_inactive_file 40407040
total_active_file 15831040
total_unevictable 0
--------------------BLKIO-----------------------
11:0 Read 0
11:0 Write 0
11:0 Sync 0
11:0 Async 0
11:0 Total 0
253:0 Read 55951360
253:0 Write 294912
253:0 Sync 45056
253:0 Async 56201216
253:0 Total 56246272
Total 56246272
--------------------CPUAC-----------------------
user 59
system 120
--------------------MEMCG-----------------------
MEM ONLY  : 502 MB
MEM+SWAP  : 502 MB
cache 56311808
rss 470913024
rss_huge 0
mapped_file 20475904
writeback 0
swap 0
pgpgin 210701
pgpgout 81984
pgfault 309733
pgmajfault 340
inactive_anon 45056
active_anon 470941696
inactive_file 40407040
active_file 15831040
unevictable 0
hierarchical_memory_limit 999997440
hierarchical_memsw_limit 9223372036854771712
total_cache 56311808
total_rss 470913024
total_rss_huge 0
total_mapped_file 20475904
total_writeback 0
total_swap 0
total_pgpgin 210701
total_pgpgout 81984
total_pgfault 309733
total_pgmajfault 340
total_inactive_anon 45056
total_active_anon 470941696
total_inactive_file 40407040
total_active_file 15831040
total_unevictable 0
--------------------BLKIO-----------------------
11:0 Read 0
11:0 Write 0
11:0 Sync 0
11:0 Async 0
11:0 Total 0
253:0 Read 55951360
253:0 Write 294912
253:0 Sync 45056
253:0 Async 56201216
253:0 Total 56246272
Total 56246272
--------------------CPUAC-----------------------
user 60
system 120
--------------------MEMCG-----------------------
MEM ONLY  : 502 MB
MEM+SWAP  : 502 MB
cache 56311808
rss 470913024
rss_huge 0
mapped_file 20475904
writeback 0
swap 0
pgpgin 210701
pgpgout 81984
pgfault 309733
pgmajfault 340
inactive_anon 45056
active_anon 470941696
inactive_file 40407040
active_file 15831040
unevictable 0
hierarchical_memory_limit 999997440
hierarchical_memsw_limit 9223372036854771712
total_cache 56311808
total_rss 470913024
total_rss_huge 0
total_mapped_file 20475904
total_writeback 0
total_swap 0
total_pgpgin 210701
total_pgpgout 81984
total_pgfault 309733
total_pgmajfault 340
total_inactive_anon 45056
total_active_anon 470941696
total_inactive_file 40407040
total_active_file 15831040
total_unevictable 0
--------------------BLKIO-----------------------
11:0 Read 0
11:0 Write 0
11:0 Sync 0
11:0 Async 0
11:0 Total 0
253:0 Read 55951360
253:0 Write 294912
253:0 Sync 45056
253:0 Async 56201216
253:0 Total 56246272
Total 56246272
--------------------CPUAC-----------------------
user 60
system 120
--------------------MEMCG-----------------------
MEM ONLY  : 502 MB
MEM+SWAP  : 502 MB
cache 56311808
rss 470913024
rss_huge 0
mapped_file 20475904
writeback 0
swap 0
pgpgin 210701
pgpgout 81984
pgfault 309733
pgmajfault 340
inactive_anon 45056
active_anon 470941696
inactive_file 40407040
active_file 15831040
unevictable 0
hierarchical_memory_limit 999997440
hierarchical_memsw_limit 9223372036854771712
total_cache 56311808
total_rss 470913024
total_rss_huge 0
total_mapped_file 20475904
total_writeback 0
total_swap 0
total_pgpgin 210701
total_pgpgout 81984
total_pgfault 309733
total_pgmajfault 340
total_inactive_anon 45056
total_active_anon 470941696
total_inactive_file 40407040
total_active_file 15831040
total_unevictable 0
--------------------BLKIO-----------------------
11:0 Read 0
11:0 Write 0
11:0 Sync 0
11:0 Async 0
11:0 Total 0
253:0 Read 55951360
253:0 Write 294912
253:0 Sync 45056
253:0 Async 56201216
253:0 Total 56246272
Total 56246272
--------------------CPUAC-----------------------
user 60
system 120
--------------------MEMCG-----------------------
MEM ONLY  : 502 MB
MEM+SWAP  : 502 MB
cache 56311808
rss 470913024
rss_huge 0
mapped_file 20475904
writeback 0
swap 0
pgpgin 210701
pgpgout 81984
pgfault 309733
pgmajfault 340
inactive_anon 45056
active_anon 470941696
inactive_file 40407040
active_file 15831040
unevictable 0
hierarchical_memory_limit 999997440
hierarchical_memsw_limit 9223372036854771712
total_cache 56311808
total_rss 470913024
total_rss_huge 0
total_mapped_file 20475904
total_writeback 0
total_swap 0
total_pgpgin 210701
total_pgpgout 81984
total_pgfault 309733
total_pgmajfault 340
total_inactive_anon 45056
total_active_anon 470941696
total_inactive_file 40407040
total_active_file 15831040
total_unevictable 0
--------------------BLKIO-----------------------
11:0 Read 0
11:0 Write 0
11:0 Sync 0
11:0 Async 0
11:0 Total 0
253:0 Read 55951360
253:0 Write 294912
253:0 Sync 45056
253:0 Async 56201216
253:0 Total 56246272
Total 56246272
--------------------CPUAC-----------------------
user 60
system 121
--------------------MEMCG-----------------------
MEM ONLY  : 502 MB
MEM+SWAP  : 502 MB
cache 56311808
rss 470913024
rss_huge 0
mapped_file 20475904
writeback 0
swap 0
pgpgin 210701
pgpgout 81984
pgfault 309733
pgmajfault 340
inactive_anon 45056
active_anon 470941696
inactive_file 40407040
active_file 15831040
unevictable 0
hierarchical_memory_limit 999997440
hierarchical_memsw_limit 9223372036854771712
total_cache 56311808
total_rss 470913024
total_rss_huge 0
total_mapped_file 20475904
total_writeback 0
total_swap 0
total_pgpgin 210701
total_pgpgout 81984
total_pgfault 309733
total_pgmajfault 340
total_inactive_anon 45056
total_active_anon 470941696
total_inactive_file 40407040
total_active_file 15831040
total_unevictable 0
--------------------BLKIO-----------------------
11:0 Read 0
11:0 Write 0
11:0 Sync 0
11:0 Async 0
11:0 Total 0
253:0 Read 55951360
253:0 Write 294912
253:0 Sync 45056
253:0 Async 56201216
253:0 Total 56246272
Total 56246272
--------------------CPUAC-----------------------
user 60
system 121
--------------------MEMCG-----------------------
MEM ONLY  : 502 MB
MEM+SWAP  : 502 MB
cache 56311808
rss 470913024
rss_huge 0
mapped_file 20475904
writeback 0
swap 0
pgpgin 210701
pgpgout 81984
pgfault 309733
pgmajfault 340
inactive_anon 45056
active_anon 470941696
inactive_file 40407040
active_file 15831040
unevictable 0
hierarchical_memory_limit 999997440
hierarchical_memsw_limit 9223372036854771712
total_cache 56311808
total_rss 470913024
total_rss_huge 0
total_mapped_file 20475904
total_writeback 0
total_swap 0
total_pgpgin 210701
total_pgpgout 81984
total_pgfault 309733
total_pgmajfault 340
total_inactive_anon 45056
total_active_anon 470941696
total_inactive_file 40407040
total_active_file 15831040
total_unevictable 0
--------------------BLKIO-----------------------
11:0 Read 0
11:0 Write 0
11:0 Sync 0
11:0 Async 0
11:0 Total 0
253:0 Read 55951360
253:0 Write 294912
253:0 Sync 45056
253:0 Async 56201216
253:0 Total 56246272
Total 56246272
--------------------CPUAC-----------------------
user 61
system 121
--------------------MEMCG-----------------------
MEM ONLY  : 502 MB
MEM+SWAP  : 502 MB
cache 56311808
rss 470913024
rss_huge 0
mapped_file 20475904
writeback 0
swap 0
pgpgin 210701
pgpgout 81984
pgfault 309733
pgmajfault 340
inactive_anon 45056
active_anon 470941696
inactive_file 40407040
active_file 15831040
unevictable 0
hierarchical_memory_limit 999997440
hierarchical_memsw_limit 9223372036854771712
total_cache 56311808
total_rss 470913024
total_rss_huge 0
total_mapped_file 20475904
total_writeback 0
total_swap 0
total_pgpgin 210701
total_pgpgout 81984
total_pgfault 309733
total_pgmajfault 340
total_inactive_anon 45056
total_active_anon 470941696
total_inactive_file 40407040
total_active_file 15831040
total_unevictable 0
--------------------BLKIO-----------------------
11:0 Read 0
11:0 Write 0
11:0 Sync 0
11:0 Async 0
11:0 Total 0
253:0 Read 55951360
253:0 Write 294912
253:0 Sync 45056
253:0 Async 56201216
253:0 Total 56246272
Total 56246272
--------------------CPUAC-----------------------
user 61
system 121
--------------------MEMCG-----------------------
MEM ONLY  : 502 MB
MEM+SWAP  : 502 MB
cache 56311808
rss 470913024
rss_huge 0
mapped_file 20475904
writeback 0
swap 0
pgpgin 210701
pgpgout 81984
pgfault 309733
pgmajfault 340
inactive_anon 45056
active_anon 470941696
inactive_file 40407040
active_file 15831040
unevictable 0
hierarchical_memory_limit 999997440
hierarchical_memsw_limit 9223372036854771712
total_cache 56311808
total_rss 470913024
total_rss_huge 0
total_mapped_file 20475904
total_writeback 0
total_swap 0
total_pgpgin 210701
total_pgpgout 81984
total_pgfault 309733
total_pgmajfault 340
total_inactive_anon 45056
total_active_anon 470941696
total_inactive_file 40407040
total_active_file 15831040
total_unevictable 0
--------------------BLKIO-----------------------
11:0 Read 0
11:0 Write 0
11:0 Sync 0
11:0 Async 0
11:0 Total 0
253:0 Read 55951360
253:0 Write 294912
253:0 Sync 45056
253:0 Async 56201216
253:0 Total 56246272
Total 56246272
--------------------CPUAC-----------------------
user 61
system 121
--------------------MEMCG-----------------------
MEM ONLY  : 502 MB
MEM+SWAP  : 502 MB
cache 56311808
rss 470913024
rss_huge 0
mapped_file 20475904
writeback 0
swap 0
pgpgin 210701
pgpgout 81984
pgfault 309733
pgmajfault 340
inactive_anon 45056
active_anon 470941696
inactive_file 40407040
active_file 15831040
unevictable 0
hierarchical_memory_limit 999997440
hierarchical_memsw_limit 9223372036854771712
total_cache 56311808
total_rss 470913024
total_rss_huge 0
total_mapped_file 20475904
total_writeback 0
total_swap 0
total_pgpgin 210701
total_pgpgout 81984
total_pgfault 309733
total_pgmajfault 340
total_inactive_anon 45056
total_active_anon 470941696
total_inactive_file 40407040
total_active_file 15831040
total_unevictable 0
--------------------BLKIO-----------------------
11:0 Read 0
11:0 Write 0
11:0 Sync 0
11:0 Async 0
11:0 Total 0
253:0 Read 55951360
253:0 Write 294912
253:0 Sync 45056
253:0 Async 56201216
253:0 Total 56246272
Total 56246272
--------------------CPUAC-----------------------
user 61
system 122
--------------------MEMCG-----------------------
MEM ONLY  : 502 MB
MEM+SWAP  : 502 MB
cache 56311808
rss 470913024
rss_huge 0
mapped_file 20475904
writeback 0
swap 0
pgpgin 210701
pgpgout 81984
pgfault 309733
pgmajfault 340
inactive_anon 45056
active_anon 470941696
inactive_file 40407040
active_file 15831040
unevictable 0
hierarchical_memory_limit 999997440
hierarchical_memsw_limit 9223372036854771712
total_cache 56311808
total_rss 470913024
total_rss_huge 0
total_mapped_file 20475904
total_writeback 0
total_swap 0
total_pgpgin 210701
total_pgpgout 81984
total_pgfault 309733
total_pgmajfault 340
total_inactive_anon 45056
total_active_anon 470941696
total_inactive_file 40407040
total_active_file 15831040
total_unevictable 0
--------------------BLKIO-----------------------
11:0 Read 0
11:0 Write 0
11:0 Sync 0
11:0 Async 0
11:0 Total 0
253:0 Read 55951360
253:0 Write 294912
253:0 Sync 45056
253:0 Async 56201216
253:0 Total 56246272
Total 56246272
--------------------CPUAC-----------------------
user 61
system 122
--------------------MEMCG-----------------------
MEM ONLY  : 502 MB
MEM+SWAP  : 502 MB
cache 56311808
rss 470913024
rss_huge 0
mapped_file 20475904
writeback 0
swap 0
pgpgin 210701
pgpgout 81984
pgfault 309733
pgmajfault 340
inactive_anon 45056
active_anon 470941696
inactive_file 40407040
active_file 15831040
unevictable 0
hierarchical_memory_limit 999997440
hierarchical_memsw_limit 9223372036854771712
total_cache 56311808
total_rss 470913024
total_rss_huge 0
total_mapped_file 20475904
total_writeback 0
total_swap 0
total_pgpgin 210701
total_pgpgout 81984
total_pgfault 309733
total_pgmajfault 340
total_inactive_anon 45056
total_active_anon 470941696
total_inactive_file 40407040
total_active_file 15831040
total_unevictable 0
--------------------BLKIO-----------------------
11:0 Read 0
11:0 Write 0
11:0 Sync 0
11:0 Async 0
11:0 Total 0
253:0 Read 55951360
253:0 Write 294912
253:0 Sync 45056
253:0 Async 56201216
253:0 Total 56246272
Total 56246272
--------------------CPUAC-----------------------
user 61
system 123
--------------------MEMCG-----------------------
MEM ONLY  : 502 MB
MEM+SWAP  : 502 MB
cache 56311808
rss 470913024
rss_huge 0
mapped_file 20475904
writeback 0
swap 0
pgpgin 210701
pgpgout 81984
pgfault 309733
pgmajfault 340
inactive_anon 45056
active_anon 470941696
inactive_file 40407040
active_file 15831040
unevictable 0
hierarchical_memory_limit 999997440
hierarchical_memsw_limit 9223372036854771712
total_cache 56311808
total_rss 470913024
total_rss_huge 0
total_mapped_file 20475904
total_writeback 0
total_swap 0
total_pgpgin 210701
total_pgpgout 81984
total_pgfault 309733
total_pgmajfault 340
total_inactive_anon 45056
total_active_anon 470941696
total_inactive_file 40407040
total_active_file 15831040
total_unevictable 0
--------------------BLKIO-----------------------
11:0 Read 0
11:0 Write 0
11:0 Sync 0
11:0 Async 0
11:0 Total 0
253:0 Read 55951360
253:0 Write 294912
253:0 Sync 45056
253:0 Async 56201216
253:0 Total 56246272
Total 56246272
--------------------CPUAC-----------------------
user 61
system 123
--------------------MEMCG-----------------------
MEM ONLY  : 502 MB
MEM+SWAP  : 502 MB
cache 56311808
rss 470913024
rss_huge 0
mapped_file 20475904
writeback 0
swap 0
pgpgin 210701
pgpgout 81984
pgfault 309733
pgmajfault 340
inactive_anon 45056
active_anon 470941696
inactive_file 40407040
active_file 15831040
unevictable 0
hierarchical_memory_limit 999997440
hierarchical_memsw_limit 9223372036854771712
total_cache 56311808
total_rss 470913024
total_rss_huge 0
total_mapped_file 20475904
total_writeback 0
total_swap 0
total_pgpgin 210701
total_pgpgout 81984
total_pgfault 309733
total_pgmajfault 340
total_inactive_anon 45056
total_active_anon 470941696
total_inactive_file 40407040
total_active_file 15831040
total_unevictable 0
--------------------BLKIO-----------------------
11:0 Read 0
11:0 Write 0
11:0 Sync 0
11:0 Async 0
11:0 Total 0
253:0 Read 55951360
253:0 Write 294912
253:0 Sync 45056
253:0 Async 56201216
253:0 Total 56246272
Total 56246272
--------------------CPUAC-----------------------
user 61
system 123
--------------------MEMCG-----------------------
MEM ONLY  : 502 MB
MEM+SWAP  : 502 MB
cache 56311808
rss 470913024
rss_huge 0
mapped_file 20475904
writeback 0
swap 0
pgpgin 210701
pgpgout 81984
pgfault 309733
pgmajfault 340
inactive_anon 45056
active_anon 470941696
inactive_file 40407040
active_file 15831040
unevictable 0
hierarchical_memory_limit 999997440
hierarchical_memsw_limit 9223372036854771712
total_cache 56311808
total_rss 470913024
total_rss_huge 0
total_mapped_file 20475904
total_writeback 0
total_swap 0
total_pgpgin 210701
total_pgpgout 81984
total_pgfault 309733
total_pgmajfault 340
total_inactive_anon 45056
total_active_anon 470941696
total_inactive_file 40407040
total_active_file 15831040
total_unevictable 0
--------------------BLKIO-----------------------
11:0 Read 0
11:0 Write 0
11:0 Sync 0
11:0 Async 0
11:0 Total 0
253:0 Read 55951360
253:0 Write 294912
253:0 Sync 45056
253:0 Async 56201216
253:0 Total 56246272
Total 56246272
--------------------CPUAC-----------------------
user 61
system 123
--------------------MEMCG-----------------------
MEM ONLY  : 502 MB
MEM+SWAP  : 502 MB
cache 56311808
rss 470913024
rss_huge 0
mapped_file 20475904
writeback 0
swap 0
pgpgin 210701
pgpgout 81984
pgfault 309733
pgmajfault 340
inactive_anon 45056
active_anon 470941696
inactive_file 40407040
active_file 15831040
unevictable 0
hierarchical_memory_limit 999997440
hierarchical_memsw_limit 9223372036854771712
total_cache 56311808
total_rss 470913024
total_rss_huge 0
total_mapped_file 20475904
total_writeback 0
total_swap 0
total_pgpgin 210701
total_pgpgout 81984
total_pgfault 309733
total_pgmajfault 340
total_inactive_anon 45056
total_active_anon 470941696
total_inactive_file 40407040
total_active_file 15831040
total_unevictable 0
--------------------BLKIO-----------------------
11:0 Read 0
11:0 Write 0
11:0 Sync 0
11:0 Async 0
11:0 Total 0
253:0 Read 55951360
253:0 Write 294912
253:0 Sync 45056
253:0 Async 56201216
253:0 Total 56246272
Total 56246272
--------------------CPUAC-----------------------
user 61
system 124
--------------------MEMCG-----------------------
MEM ONLY  : 502 MB
MEM+SWAP  : 502 MB
cache 56311808
rss 470913024
rss_huge 0
mapped_file 20475904
writeback 0
swap 0
pgpgin 210701
pgpgout 81984
pgfault 309733
pgmajfault 340
inactive_anon 45056
active_anon 470941696
inactive_file 40407040
active_file 15831040
unevictable 0
hierarchical_memory_limit 999997440
hierarchical_memsw_limit 9223372036854771712
total_cache 56311808
total_rss 470913024
total_rss_huge 0
total_mapped_file 20475904
total_writeback 0
total_swap 0
total_pgpgin 210701
total_pgpgout 81984
total_pgfault 309733
total_pgmajfault 340
total_inactive_anon 45056
total_active_anon 470941696
total_inactive_file 40407040
total_active_file 15831040
total_unevictable 0
--------------------BLKIO-----------------------
11:0 Read 0
11:0 Write 0
11:0 Sync 0
11:0 Async 0
11:0 Total 0
253:0 Read 55951360
253:0 Write 294912
253:0 Sync 45056
253:0 Async 56201216
253:0 Total 56246272
Total 56246272
--------------------CPUAC-----------------------
user 61
system 124
--------------------MEMCG-----------------------
MEM ONLY  : 502 MB
MEM+SWAP  : 502 MB
cache 56311808
rss 470913024
rss_huge 0
mapped_file 20475904
writeback 0
swap 0
pgpgin 210701
pgpgout 81984
pgfault 309733
pgmajfault 340
inactive_anon 45056
active_anon 470941696
inactive_file 40407040
active_file 15831040
unevictable 0
hierarchical_memory_limit 999997440
hierarchical_memsw_limit 9223372036854771712
total_cache 56311808
total_rss 470913024
total_rss_huge 0
total_mapped_file 20475904
total_writeback 0
total_swap 0
total_pgpgin 210701
total_pgpgout 81984
total_pgfault 309733
total_pgmajfault 340
total_inactive_anon 45056
total_active_anon 470941696
total_inactive_file 40407040
total_active_file 15831040
total_unevictable 0
--------------------BLKIO-----------------------
11:0 Read 0
11:0 Write 0
11:0 Sync 0
11:0 Async 0
11:0 Total 0
253:0 Read 55951360
253:0 Write 294912
253:0 Sync 45056
253:0 Async 56201216
253:0 Total 56246272
Total 56246272
--------------------CPUAC-----------------------
user 62
system 124
--------------------MEMCG-----------------------
MEM ONLY  : 502 MB
MEM+SWAP  : 502 MB
cache 56311808
rss 470913024
rss_huge 0
mapped_file 20475904
writeback 0
swap 0
pgpgin 210701
pgpgout 81984
pgfault 309733
pgmajfault 340
inactive_anon 45056
active_anon 470941696
inactive_file 40407040
active_file 15831040
unevictable 0
hierarchical_memory_limit 999997440
hierarchical_memsw_limit 9223372036854771712
total_cache 56311808
total_rss 470913024
total_rss_huge 0
total_mapped_file 20475904
total_writeback 0
total_swap 0
total_pgpgin 210701
total_pgpgout 81984
total_pgfault 309733
total_pgmajfault 340
total_inactive_anon 45056
total_active_anon 470941696
total_inactive_file 40407040
total_active_file 15831040
total_unevictable 0
--------------------BLKIO-----------------------
11:0 Read 0
11:0 Write 0
11:0 Sync 0
11:0 Async 0
11:0 Total 0
253:0 Read 55951360
253:0 Write 294912
253:0 Sync 45056
253:0 Async 56201216
253:0 Total 56246272
Total 56246272
--------------------CPUAC-----------------------
user 62
system 125
--------------------MEMCG-----------------------
MEM ONLY  : 502 MB
MEM+SWAP  : 502 MB
cache 56311808
rss 470913024
rss_huge 0
mapped_file 20475904
writeback 0
swap 0
pgpgin 210701
pgpgout 81984
pgfault 309733
pgmajfault 340
inactive_anon 45056
active_anon 470941696
inactive_file 40407040
active_file 15831040
unevictable 0
hierarchical_memory_limit 999997440
hierarchical_memsw_limit 9223372036854771712
total_cache 56311808
total_rss 470913024
total_rss_huge 0
total_mapped_file 20475904
total_writeback 0
total_swap 0
total_pgpgin 210701
total_pgpgout 81984
total_pgfault 309733
total_pgmajfault 340
total_inactive_anon 45056
total_active_anon 470941696
total_inactive_file 40407040
total_active_file 15831040
total_unevictable 0
--------------------BLKIO-----------------------
11:0 Read 0
11:0 Write 0
11:0 Sync 0
11:0 Async 0
11:0 Total 0
253:0 Read 55951360
253:0 Write 294912
253:0 Sync 45056
253:0 Async 56201216
253:0 Total 56246272
Total 56246272
--------------------CPUAC-----------------------
user 62
system 126
--------------------MEMCG-----------------------
MEM ONLY  : 502 MB
MEM+SWAP  : 502 MB
cache 56311808
rss 470913024
rss_huge 0
mapped_file 20475904
writeback 0
swap 0
pgpgin 210701
pgpgout 81984
pgfault 309733
pgmajfault 340
inactive_anon 45056
active_anon 470941696
inactive_file 40407040
active_file 15831040
unevictable 0
hierarchical_memory_limit 999997440
hierarchical_memsw_limit 9223372036854771712
total_cache 56311808
total_rss 470913024
total_rss_huge 0
total_mapped_file 20475904
total_writeback 0
total_swap 0
total_pgpgin 210701
total_pgpgout 81984
total_pgfault 309733
total_pgmajfault 340
total_inactive_anon 45056
total_active_anon 470941696
total_inactive_file 40407040
total_active_file 15831040
total_unevictable 0
--------------------BLKIO-----------------------
11:0 Read 0
11:0 Write 0
11:0 Sync 0
11:0 Async 0
11:0 Total 0
253:0 Read 55951360
253:0 Write 294912
253:0 Sync 45056
253:0 Async 56201216
253:0 Total 56246272
Total 56246272
--------------------CPUAC-----------------------
user 63
system 126
--------------------MEMCG-----------------------
MEM ONLY  : 502 MB
MEM+SWAP  : 502 MB
cache 56311808
rss 470913024
rss_huge 0
mapped_file 20475904
writeback 0
swap 0
pgpgin 210701
pgpgout 81984
pgfault 309733
pgmajfault 340
inactive_anon 45056
active_anon 470941696
inactive_file 40407040
active_file 15831040
unevictable 0
hierarchical_memory_limit 999997440
hierarchical_memsw_limit 9223372036854771712
total_cache 56311808
total_rss 470913024
total_rss_huge 0
total_mapped_file 20475904
total_writeback 0
total_swap 0
total_pgpgin 210701
total_pgpgout 81984
total_pgfault 309733
total_pgmajfault 340
total_inactive_anon 45056
total_active_anon 470941696
total_inactive_file 40407040
total_active_file 15831040
total_unevictable 0
--------------------BLKIO-----------------------
11:0 Read 0
11:0 Write 0
11:0 Sync 0
11:0 Async 0
11:0 Total 0
253:0 Read 55951360
253:0 Write 294912
253:0 Sync 45056
253:0 Async 56201216
253:0 Total 56246272
Total 56246272
--------------------CPUAC-----------------------
user 63
system 127
--------------------MEMCG-----------------------
MEM ONLY  : 502 MB
MEM+SWAP  : 502 MB
cache 56311808
rss 470913024
rss_huge 0
mapped_file 20475904
writeback 0
swap 0
pgpgin 210701
pgpgout 81984
pgfault 309733
pgmajfault 340
inactive_anon 45056
active_anon 470941696
inactive_file 40407040
active_file 15831040
unevictable 0
hierarchical_memory_limit 999997440
hierarchical_memsw_limit 9223372036854771712
total_cache 56311808
total_rss 470913024
total_rss_huge 0
total_mapped_file 20475904
total_writeback 0
total_swap 0
total_pgpgin 210701
total_pgpgout 81984
total_pgfault 309733
total_pgmajfault 340
total_inactive_anon 45056
total_active_anon 470941696
total_inactive_file 40407040
total_active_file 15831040
total_unevictable 0
--------------------BLKIO-----------------------
11:0 Read 0
11:0 Write 0
11:0 Sync 0
11:0 Async 0
11:0 Total 0
253:0 Read 55951360
253:0 Write 294912
253:0 Sync 45056
253:0 Async 56201216
253:0 Total 56246272
Total 56246272
--------------------CPUAC-----------------------
user 63
system 127
--------------------MEMCG-----------------------
MEM ONLY  : 502 MB
MEM+SWAP  : 502 MB
cache 56311808
rss 470913024
rss_huge 0
mapped_file 20475904
writeback 0
swap 0
pgpgin 210701
pgpgout 81984
pgfault 309733
pgmajfault 340
inactive_anon 45056
active_anon 470941696
inactive_file 40407040
active_file 15831040
unevictable 0
hierarchical_memory_limit 999997440
hierarchical_memsw_limit 9223372036854771712
total_cache 56311808
total_rss 470913024
total_rss_huge 0
total_mapped_file 20475904
total_writeback 0
total_swap 0
total_pgpgin 210701
total_pgpgout 81984
total_pgfault 309733
total_pgmajfault 340
total_inactive_anon 45056
total_active_anon 470941696
total_inactive_file 40407040
total_active_file 15831040
total_unevictable 0
--------------------BLKIO-----------------------
11:0 Read 0
11:0 Write 0
11:0 Sync 0
11:0 Async 0
11:0 Total 0
253:0 Read 55951360
253:0 Write 294912
253:0 Sync 45056
253:0 Async 56201216
253:0 Total 56246272
Total 56246272
--------------------CPUAC-----------------------
user 63
system 127
--------------------MEMCG-----------------------
MEM ONLY  : 502 MB
MEM+SWAP  : 502 MB
cache 56311808
rss 470913024
rss_huge 0
mapped_file 20475904
writeback 0
swap 0
pgpgin 210701
pgpgout 81984
pgfault 309733
pgmajfault 340
inactive_anon 45056
active_anon 470941696
inactive_file 40407040
active_file 15831040
unevictable 0
hierarchical_memory_limit 999997440
hierarchical_memsw_limit 9223372036854771712
total_cache 56311808
total_rss 470913024
total_rss_huge 0
total_mapped_file 20475904
total_writeback 0
total_swap 0
total_pgpgin 210701
total_pgpgout 81984
total_pgfault 309733
total_pgmajfault 340
total_inactive_anon 45056
total_active_anon 470941696
total_inactive_file 40407040
total_active_file 15831040
total_unevictable 0
--------------------BLKIO-----------------------
11:0 Read 0
11:0 Write 0
11:0 Sync 0
11:0 Async 0
11:0 Total 0
253:0 Read 55951360
253:0 Write 294912
253:0 Sync 45056
253:0 Async 56201216
253:0 Total 56246272
Total 56246272
--------------------CPUAC-----------------------
user 63
system 127
--------------------MEMCG-----------------------
MEM ONLY  : 502 MB
MEM+SWAP  : 502 MB
cache 56311808
rss 470913024
rss_huge 0
mapped_file 20475904
writeback 0
swap 0
pgpgin 210701
pgpgout 81984
pgfault 309733
pgmajfault 340
inactive_anon 45056
active_anon 470941696
inactive_file 40407040
active_file 15831040
unevictable 0
hierarchical_memory_limit 999997440
hierarchical_memsw_limit 9223372036854771712
total_cache 56311808
total_rss 470913024
total_rss_huge 0
total_mapped_file 20475904
total_writeback 0
total_swap 0
total_pgpgin 210701
total_pgpgout 81984
total_pgfault 309733
total_pgmajfault 340
total_inactive_anon 45056
total_active_anon 470941696
total_inactive_file 40407040
total_active_file 15831040
total_unevictable 0
--------------------BLKIO-----------------------
11:0 Read 0
11:0 Write 0
11:0 Sync 0
11:0 Async 0
11:0 Total 0
253:0 Read 55951360
253:0 Write 294912
253:0 Sync 45056
253:0 Async 56201216
253:0 Total 56246272
Total 56246272
--------------------CPUAC-----------------------
user 64
system 128
--------------------MEMCG-----------------------
MEM ONLY  : 502 MB
MEM+SWAP  : 502 MB
cache 56311808
rss 470913024
rss_huge 0
mapped_file 20475904
writeback 0
swap 0
pgpgin 210701
pgpgout 81984
pgfault 309733
pgmajfault 340
inactive_anon 45056
active_anon 470941696
inactive_file 40407040
active_file 15831040
unevictable 0
hierarchical_memory_limit 999997440
hierarchical_memsw_limit 9223372036854771712
total_cache 56311808
total_rss 470913024
total_rss_huge 0
total_mapped_file 20475904
total_writeback 0
total_swap 0
total_pgpgin 210701
total_pgpgout 81984
total_pgfault 309733
total_pgmajfault 340
total_inactive_anon 45056
total_active_anon 470941696
total_inactive_file 40407040
total_active_file 15831040
total_unevictable 0
--------------------BLKIO-----------------------
11:0 Read 0
11:0 Write 0
11:0 Sync 0
11:0 Async 0
11:0 Total 0
253:0 Read 55951360
253:0 Write 294912
253:0 Sync 45056
253:0 Async 56201216
253:0 Total 56246272
Total 56246272
--------------------CPUAC-----------------------
user 64
system 128
--------------------MEMCG-----------------------
MEM ONLY  : 502 MB
MEM+SWAP  : 502 MB
cache 56311808
rss 470913024
rss_huge 0
mapped_file 20475904
writeback 0
swap 0
pgpgin 210701
pgpgout 81984
pgfault 309733
pgmajfault 340
inactive_anon 45056
active_anon 470941696
inactive_file 40407040
active_file 15831040
unevictable 0
hierarchical_memory_limit 999997440
hierarchical_memsw_limit 9223372036854771712
total_cache 56311808
total_rss 470913024
total_rss_huge 0
total_mapped_file 20475904
total_writeback 0
total_swap 0
total_pgpgin 210701
total_pgpgout 81984
total_pgfault 309733
total_pgmajfault 340
total_inactive_anon 45056
total_active_anon 470941696
total_inactive_file 40407040
total_active_file 15831040
total_unevictable 0
--------------------BLKIO-----------------------
11:0 Read 0
11:0 Write 0
11:0 Sync 0
11:0 Async 0
11:0 Total 0
253:0 Read 55951360
253:0 Write 294912
253:0 Sync 45056
253:0 Async 56201216
253:0 Total 56246272
Total 56246272
--------------------CPUAC-----------------------
user 65
system 129
--------------------MEMCG-----------------------
MEM ONLY  : 502 MB
MEM+SWAP  : 502 MB
cache 56311808
rss 470913024
rss_huge 0
mapped_file 20475904
writeback 0
swap 0
pgpgin 210701
pgpgout 81984
pgfault 309733
pgmajfault 340
inactive_anon 45056
active_anon 470941696
inactive_file 40407040
active_file 15831040
unevictable 0
hierarchical_memory_limit 999997440
hierarchical_memsw_limit 9223372036854771712
total_cache 56311808
total_rss 470913024
total_rss_huge 0
total_mapped_file 20475904
total_writeback 0
total_swap 0
total_pgpgin 210701
total_pgpgout 81984
total_pgfault 309733
total_pgmajfault 340
total_inactive_anon 45056
total_active_anon 470941696
total_inactive_file 40407040
total_active_file 15831040
total_unevictable 0
--------------------BLKIO-----------------------
11:0 Read 0
11:0 Write 0
11:0 Sync 0
11:0 Async 0
11:0 Total 0
253:0 Read 55951360
253:0 Write 294912
253:0 Sync 45056
253:0 Async 56201216
253:0 Total 56246272
Total 56246272
--------------------CPUAC-----------------------
user 65
system 129
--------------------MEMCG-----------------------
MEM ONLY  : 502 MB
MEM+SWAP  : 502 MB
cache 56311808
rss 470913024
rss_huge 0
mapped_file 20475904
writeback 0
swap 0
pgpgin 210701
pgpgout 81984
pgfault 309733
pgmajfault 340
inactive_anon 45056
active_anon 470941696
inactive_file 40407040
active_file 15831040
unevictable 0
hierarchical_memory_limit 999997440
hierarchical_memsw_limit 9223372036854771712
total_cache 56311808
total_rss 470913024
total_rss_huge 0
total_mapped_file 20475904
total_writeback 0
total_swap 0
total_pgpgin 210701
total_pgpgout 81984
total_pgfault 309733
total_pgmajfault 340
total_inactive_anon 45056
total_active_anon 470941696
total_inactive_file 40407040
total_active_file 15831040
total_unevictable 0
--------------------BLKIO-----------------------
11:0 Read 0
11:0 Write 0
11:0 Sync 0
11:0 Async 0
11:0 Total 0
253:0 Read 55951360
253:0 Write 294912
253:0 Sync 45056
253:0 Async 56201216
253:0 Total 56246272
Total 56246272
--------------------CPUAC-----------------------
user 65
system 130
--------------------MEMCG-----------------------
MEM ONLY  : 502 MB
MEM+SWAP  : 502 MB
cache 56311808
rss 470913024
rss_huge 0
mapped_file 20475904
writeback 0
swap 0
pgpgin 210701
pgpgout 81984
pgfault 309733
pgmajfault 340
inactive_anon 45056
active_anon 470941696
inactive_file 40407040
active_file 15831040
unevictable 0
hierarchical_memory_limit 999997440
hierarchical_memsw_limit 9223372036854771712
total_cache 56311808
total_rss 470913024
total_rss_huge 0
total_mapped_file 20475904
total_writeback 0
total_swap 0
total_pgpgin 210701
total_pgpgout 81984
total_pgfault 309733
total_pgmajfault 340
total_inactive_anon 45056
total_active_anon 470941696
total_inactive_file 40407040
total_active_file 15831040
total_unevictable 0
--------------------BLKIO-----------------------
11:0 Read 0
11:0 Write 0
11:0 Sync 0
11:0 Async 0
11:0 Total 0
253:0 Read 55951360
253:0 Write 294912
253:0 Sync 45056
253:0 Async 56201216
253:0 Total 56246272
Total 56246272
--------------------CPUAC-----------------------
user 65
system 130
--------------------MEMCG-----------------------
MEM ONLY  : 502 MB
MEM+SWAP  : 502 MB
cache 56311808
rss 470913024
rss_huge 0
mapped_file 20475904
writeback 0
swap 0
pgpgin 210701
pgpgout 81984
pgfault 309733
pgmajfault 340
inactive_anon 45056
active_anon 470941696
inactive_file 40407040
active_file 15831040
unevictable 0
hierarchical_memory_limit 999997440
hierarchical_memsw_limit 9223372036854771712
total_cache 56311808
total_rss 470913024
total_rss_huge 0
total_mapped_file 20475904
total_writeback 0
total_swap 0
total_pgpgin 210701
total_pgpgout 81984
total_pgfault 309733
total_pgmajfault 340
total_inactive_anon 45056
total_active_anon 470941696
total_inactive_file 40407040
total_active_file 15831040
total_unevictable 0
--------------------BLKIO-----------------------
11:0 Read 0
11:0 Write 0
11:0 Sync 0
11:0 Async 0
11:0 Total 0
253:0 Read 55951360
253:0 Write 294912
253:0 Sync 45056
253:0 Async 56201216
253:0 Total 56246272
Total 56246272
--------------------CPUAC-----------------------
user 66
system 130
--------------------MEMCG-----------------------
MEM ONLY  : 502 MB
MEM+SWAP  : 502 MB
cache 56311808
rss 470913024
rss_huge 0
mapped_file 20475904
writeback 0
swap 0
pgpgin 210701
pgpgout 81984
pgfault 309733
pgmajfault 340
inactive_anon 45056
active_anon 470941696
inactive_file 40407040
active_file 15831040
unevictable 0
hierarchical_memory_limit 999997440
hierarchical_memsw_limit 9223372036854771712
total_cache 56311808
total_rss 470913024
total_rss_huge 0
total_mapped_file 20475904
total_writeback 0
total_swap 0
total_pgpgin 210701
total_pgpgout 81984
total_pgfault 309733
total_pgmajfault 340
total_inactive_anon 45056
total_active_anon 470941696
total_inactive_file 40407040
total_active_file 15831040
total_unevictable 0
--------------------BLKIO-----------------------
11:0 Read 0
11:0 Write 0
11:0 Sync 0
11:0 Async 0
11:0 Total 0
253:0 Read 55951360
253:0 Write 294912
253:0 Sync 45056
253:0 Async 56201216
253:0 Total 56246272
Total 56246272
--------------------CPUAC-----------------------
user 66
system 131
--------------------MEMCG-----------------------
MEM ONLY  : 502 MB
MEM+SWAP  : 502 MB
cache 56311808
rss 470913024
rss_huge 0
mapped_file 20475904
writeback 0
swap 0
pgpgin 210701
pgpgout 81984
pgfault 309733
pgmajfault 340
inactive_anon 45056
active_anon 470941696
inactive_file 40407040
active_file 15831040
unevictable 0
hierarchical_memory_limit 999997440
hierarchical_memsw_limit 9223372036854771712
total_cache 56311808
total_rss 470913024
total_rss_huge 0
total_mapped_file 20475904
total_writeback 0
total_swap 0
total_pgpgin 210701
total_pgpgout 81984
total_pgfault 309733
total_pgmajfault 340
total_inactive_anon 45056
total_active_anon 470941696
total_inactive_file 40407040
total_active_file 15831040
total_unevictable 0
--------------------BLKIO-----------------------
11:0 Read 0
11:0 Write 0
11:0 Sync 0
11:0 Async 0
11:0 Total 0
253:0 Read 55951360
253:0 Write 294912
253:0 Sync 45056
253:0 Async 56201216
253:0 Total 56246272
Total 56246272
--------------------CPUAC-----------------------
user 67
system 132
--------------------MEMCG-----------------------
MEM ONLY  : 502 MB
MEM+SWAP  : 502 MB
cache 56311808
rss 470913024
rss_huge 0
mapped_file 20475904
writeback 0
swap 0
pgpgin 210701
pgpgout 81984
pgfault 309733
pgmajfault 340
inactive_anon 45056
active_anon 470941696
inactive_file 40407040
active_file 15831040
unevictable 0
hierarchical_memory_limit 999997440
hierarchical_memsw_limit 9223372036854771712
total_cache 56311808
total_rss 470913024
total_rss_huge 0
total_mapped_file 20475904
total_writeback 0
total_swap 0
total_pgpgin 210701
total_pgpgout 81984
total_pgfault 309733
total_pgmajfault 340
total_inactive_anon 45056
total_active_anon 470941696
total_inactive_file 40407040
total_active_file 15831040
total_unevictable 0
--------------------BLKIO-----------------------
11:0 Read 0
11:0 Write 0
11:0 Sync 0
11:0 Async 0
11:0 Total 0
253:0 Read 55951360
253:0 Write 294912
253:0 Sync 45056
253:0 Async 56201216
253:0 Total 56246272
Total 56246272
--------------------CPUAC-----------------------
user 68
system 132
--------------------MEMCG-----------------------
MEM ONLY  : 502 MB
MEM+SWAP  : 502 MB
cache 56311808
rss 470913024
rss_huge 0
mapped_file 20475904
writeback 0
swap 0
pgpgin 210701
pgpgout 81984
pgfault 309733
pgmajfault 340
inactive_anon 45056
active_anon 470941696
inactive_file 40407040
active_file 15831040
unevictable 0
hierarchical_memory_limit 999997440
hierarchical_memsw_limit 9223372036854771712
total_cache 56311808
total_rss 470913024
total_rss_huge 0
total_mapped_file 20475904
total_writeback 0
total_swap 0
total_pgpgin 210701
total_pgpgout 81984
total_pgfault 309733
total_pgmajfault 340
total_inactive_anon 45056
total_active_anon 470941696
total_inactive_file 40407040
total_active_file 15831040
total_unevictable 0
--------------------BLKIO-----------------------
11:0 Read 0
11:0 Write 0
11:0 Sync 0
11:0 Async 0
11:0 Total 0
253:0 Read 55951360
253:0 Write 294912
253:0 Sync 45056
253:0 Async 56201216
253:0 Total 56246272
Total 56246272
--------------------CPUAC-----------------------
user 68
system 132
--------------------MEMCG-----------------------
MEM ONLY  : 503 MB
MEM+SWAP  : 503 MB
cache 56573952
rss 471105536
rss_huge 0
mapped_file 20590592
writeback 0
swap 0
pgpgin 210819
pgpgout 81991
pgfault 309797
pgmajfault 340
inactive_anon 45056
active_anon 471134208
inactive_file 40665088
active_file 15835136
unevictable 0
hierarchical_memory_limit 999997440
hierarchical_memsw_limit 9223372036854771712
total_cache 56573952
total_rss 471105536
total_rss_huge 0
total_mapped_file 20590592
total_writeback 0
total_swap 0
total_pgpgin 210819
total_pgpgout 81991
total_pgfault 309797
total_pgmajfault 340
total_inactive_anon 45056
total_active_anon 471134208
total_inactive_file 40665088
total_active_file 15835136
total_unevictable 0
--------------------BLKIO-----------------------
11:0 Read 0
11:0 Write 0
11:0 Sync 0
11:0 Async 0
11:0 Total 0
253:0 Read 56213504
253:0 Write 294912
253:0 Sync 45056
253:0 Async 56463360
253:0 Total 56508416
Total 56508416
--------------------CPUAC-----------------------
user 70
system 132
--------------------MEMCG-----------------------
MEM ONLY  : 590 MB
MEM+SWAP  : 590 MB
cache 102055936
rss 516726784
rss_huge 0
mapped_file 20590592
writeback 0
swap 0
pgpgin 233061
pgpgout 81991
pgfault 320935
pgmajfault 340
inactive_anon 45056
active_anon 516739072
inactive_file 86130688
active_file 15835136
unevictable 0
hierarchical_memory_limit 999997440
hierarchical_memsw_limit 9223372036854771712
total_cache 102055936
total_rss 516726784
total_rss_huge 0
total_mapped_file 20590592
total_writeback 0
total_swap 0
total_pgpgin 233061
total_pgpgout 81991
total_pgfault 320935
total_pgmajfault 340
total_inactive_anon 45056
total_active_anon 516739072
total_inactive_file 86130688
total_active_file 15835136
total_unevictable 0
--------------------BLKIO-----------------------
11:0 Read 0
11:0 Write 0
11:0 Sync 0
11:0 Async 0
11:0 Total 0
253:0 Read 101695488
253:0 Write 622592
253:0 Sync 372736
253:0 Async 101945344
253:0 Total 102318080
Total 102318080
--------------------CPUAC-----------------------
user 103
system 150
--------------------MEMCG-----------------------
MEM ONLY  : 669 MB
MEM+SWAP  : 669 MB
cache 143638528
rss 558632960
rss_huge 0
mapped_file 20590592
writeback 0
swap 0
pgpgin 253444
pgpgout 81991
pgfault 331166
pgmajfault 340
inactive_anon 45056
active_anon 558645248
inactive_file 127729664
active_file 15835136
unevictable 0
hierarchical_memory_limit 999997440
hierarchical_memsw_limit 9223372036854771712
total_cache 143638528
total_rss 558632960
total_rss_huge 0
total_mapped_file 20590592
total_writeback 0
total_swap 0
total_pgpgin 253444
total_pgpgout 81991
total_pgfault 331166
total_pgmajfault 340
total_inactive_anon 45056
total_active_anon 558645248
total_inactive_file 127729664
total_active_file 15835136
total_unevictable 0
--------------------BLKIO-----------------------
11:0 Read 0
11:0 Write 0
11:0 Sync 0
11:0 Async 0
11:0 Total 0
253:0 Read 143294464
253:0 Write 1032192
253:0 Sync 782336
253:0 Async 143544320
253:0 Total 144326656
Total 144326656
--------------------CPUAC-----------------------
user 136
system 170
--------------------MEMCG-----------------------
MEM ONLY  : 747 MB
MEM+SWAP  : 747 MB
cache 186335232
rss 596889600
rss_huge 0
mapped_file 20590592
writeback 0
swap 0
pgpgin 273208
pgpgout 81991
pgfault 340506
pgmajfault 340
inactive_anon 45056
active_anon 596918272
inactive_file 170409984
active_file 15835136
unevictable 0
hierarchical_memory_limit 999997440
hierarchical_memsw_limit 9223372036854771712
total_cache 186335232
total_rss 596889600
total_rss_huge 0
total_mapped_file 20590592
total_writeback 0
total_swap 0
total_pgpgin 273208
total_pgpgout 81991
total_pgfault 340506
total_pgmajfault 340
total_inactive_anon 45056
total_active_anon 596918272
total_inactive_file 170409984
total_active_file 15835136
total_unevictable 0
--------------------BLKIO-----------------------
11:0 Read 0
11:0 Write 0
11:0 Sync 0
11:0 Async 0
11:0 Total 0
253:0 Read 185974784
253:0 Write 1400832
253:0 Sync 1150976
253:0 Async 186224640
253:0 Total 187375616
Total 187375616
--------------------CPUAC-----------------------
user 167
system 191
--------------------MEMCG-----------------------
MEM ONLY  : 788 MB
MEM+SWAP  : 788 MB
cache 229425152
rss 596889600
rss_huge 0
mapped_file 20590592
writeback 0
swap 0
pgpgin 283728
pgpgout 81991
pgfault 340506
pgmajfault 340
inactive_anon 45056
active_anon 596918272
inactive_file 212140032
active_file 17211392
unevictable 0
hierarchical_memory_limit 999997440
hierarchical_memsw_limit 9223372036854771712
total_cache 229425152
total_rss 596889600
total_rss_huge 0
total_mapped_file 20590592
total_writeback 0
total_swap 0
total_pgpgin 283728
total_pgpgout 81991
total_pgfault 340506
total_pgmajfault 340
total_inactive_anon 45056
total_active_anon 596918272
total_inactive_file 212140032
total_active_file 17211392
total_unevictable 0
--------------------BLKIO-----------------------
11:0 Read 0
11:0 Write 0
11:0 Sync 0
11:0 Async 0
11:0 Total 0
253:0 Read 229064704
253:0 Write 1810432
253:0 Sync 1560576
253:0 Async 229314560
253:0 Total 230875136
Total 230875136
--------------------CPUAC-----------------------
user 201
system 211
--------------------MEMCG-----------------------
MEM ONLY  : 828 MB
MEM+SWAP  : 828 MB
cache 271417344
rss 596889600
rss_huge 0
mapped_file 20590592
writeback 0
swap 0
pgpgin 293980
pgpgout 81991
pgfault 340506
pgmajfault 340
inactive_anon 45056
active_anon 596918272
inactive_file 252129280
active_file 19210240
unevictable 0
hierarchical_memory_limit 999997440
hierarchical_memsw_limit 9223372036854771712
total_cache 271417344
total_rss 596889600
total_rss_huge 0
total_mapped_file 20590592
total_writeback 0
total_swap 0
total_pgpgin 293980
total_pgpgout 81991
total_pgfault 340506
total_pgmajfault 340
total_inactive_anon 45056
total_active_anon 596918272
total_inactive_file 252129280
total_active_file 19210240
total_unevictable 0
--------------------BLKIO-----------------------
11:0 Read 0
11:0 Write 0
11:0 Sync 0
11:0 Async 0
11:0 Total 0
253:0 Read 271056896
253:0 Write 2220032
253:0 Sync 1970176
253:0 Async 271306752
253:0 Total 273276928
Total 273276928
--------------------CPUAC-----------------------
user 236
system 232
--------------------MEMCG-----------------------
MEM ONLY  : 869 MB
MEM+SWAP  : 869 MB
cache 314441728
rss 596889600
rss_huge 0
mapped_file 20590592
writeback 0
swap 0
pgpgin 304484
pgpgout 81991
pgfault 340506
pgmajfault 340
inactive_anon 45056
active_anon 596918272
inactive_file 292356096
active_file 22011904
unevictable 0
hierarchical_memory_limit 999997440
hierarchical_memsw_limit 9223372036854771712
total_cache 314441728
total_rss 596889600
total_rss_huge 0
total_mapped_file 20590592
total_writeback 0
total_swap 0
total_pgpgin 304484
total_pgpgout 81991
total_pgfault 340506
total_pgmajfault 340
total_inactive_anon 45056
total_active_anon 596918272
total_inactive_file 292356096
total_active_file 22011904
total_unevictable 0
--------------------BLKIO-----------------------
11:0 Read 0
11:0 Write 0
11:0 Sync 0
11:0 Async 0
11:0 Total 0
253:0 Read 314081280
253:0 Write 2666496
253:0 Sync 2416640
253:0 Async 314331136
253:0 Total 316747776
Total 316747776
--------------------CPUAC-----------------------
user 273
system 245
--------------------MEMCG-----------------------
MEM ONLY  : 910 MB
MEM+SWAP  : 910 MB
cache 358285312
rss 596889600
rss_huge 0
mapped_file 20590592
writeback 0
swap 0
pgpgin 315188
pgpgout 81991
pgfault 340506
pgmajfault 340
inactive_anon 45056
active_anon 596918272
inactive_file 331874304
active_file 26337280
unevictable 0
hierarchical_memory_limit 999997440
hierarchical_memsw_limit 9223372036854771712
total_cache 358285312
total_rss 596889600
total_rss_huge 0
total_mapped_file 20590592
total_writeback 0
total_swap 0
total_pgpgin 315188
total_pgpgout 81991
total_pgfault 340506
total_pgmajfault 340
total_inactive_anon 45056
total_active_anon 596918272
total_inactive_file 331874304
total_active_file 26337280
total_unevictable 0
--------------------BLKIO-----------------------
11:0 Read 0
11:0 Write 0
11:0 Sync 0
11:0 Async 0
11:0 Total 0
253:0 Read 357924864
253:0 Write 3121152
253:0 Sync 2871296
253:0 Async 358174720
253:0 Total 361046016
Total 361046016
--------------------CPUAC-----------------------
user 320
system 261
--------------------MEMCG-----------------------
MEM ONLY  : 953 MB
MEM+SWAP  : 953 MB
cache 403001344
rss 596889600
rss_huge 0
mapped_file 20590592
writeback 0
swap 0
pgpgin 326216
pgpgout 82102
pgfault 340506
pgmajfault 340
inactive_anon 1089536
active_anon 595873792
inactive_file 370458624
active_file 32468992
unevictable 0
hierarchical_memory_limit 999997440
hierarchical_memsw_limit 9223372036854771712
total_cache 403001344
total_rss 596889600
total_rss_huge 0
total_mapped_file 20590592
total_writeback 0
total_swap 0
total_pgpgin 326216
total_pgpgout 82102
total_pgfault 340506
total_pgmajfault 340
total_inactive_anon 1089536
total_active_anon 595873792
total_inactive_file 370458624
total_active_file 32468992
total_unevictable 0
--------------------BLKIO-----------------------
11:0 Read 0
11:0 Write 0
11:0 Sync 0
11:0 Async 0
11:0 Total 0
253:0 Read 403111936
253:0 Write 3571712
253:0 Sync 3321856
253:0 Async 403361792
253:0 Total 406683648
Total 406683648
--------------------CPUAC-----------------------
user 367
system 274
--------------------MEMCG-----------------------
MEM ONLY  : 953 MB
MEM+SWAP  : 953 MB
cache 402894848
rss 596889600
rss_huge 0
mapped_file 20561920
writeback 0
swap 0
pgpgin 337076
pgpgout 92988
pgfault 340506
pgmajfault 340
inactive_anon 103530496
active_anon 493432832
inactive_file 348098560
active_file 54697984
unevictable 0
hierarchical_memory_limit 999997440
hierarchical_memsw_limit 9223372036854771712
total_cache 402894848
total_rss 596889600
total_rss_huge 0
total_mapped_file 20561920
total_writeback 0
total_swap 0
total_pgpgin 337076
total_pgpgout 92988
total_pgfault 340506
total_pgmajfault 340
total_inactive_anon 103530496
total_active_anon 493432832
total_inactive_file 348098560
total_active_file 54697984
total_unevictable 0
--------------------BLKIO-----------------------
11:0 Read 0
11:0 Write 0
11:0 Sync 0
11:0 Async 0
11:0 Total 0
253:0 Read 447512576
253:0 Write 4022272
253:0 Sync 3772416
253:0 Async 447762432
253:0 Total 451534848
Total 451534848
--------------------CPUAC-----------------------
user 414
system 292
--------------------MEMCG-----------------------
MEM ONLY  : 953 MB
MEM+SWAP  : 953 MB
cache 402944000
rss 596889600
rss_huge 0
mapped_file 20561920
writeback 0
swap 0
pgpgin 348050
pgpgout 103950
pgfault 340506
pgmajfault 340
inactive_anon 153075712
active_anon 443887616
inactive_file 338587648
active_file 64282624
unevictable 0
hierarchical_memory_limit 999997440
hierarchical_memsw_limit 9223372036854771712
total_cache 402944000
total_rss 596889600
total_rss_huge 0
total_mapped_file 20561920
total_writeback 0
total_swap 0
total_pgpgin 348050
total_pgpgout 103950
total_pgfault 340506
total_pgmajfault 340
total_inactive_anon 153075712
total_active_anon 443887616
total_inactive_file 338587648
total_active_file 64282624
total_unevictable 0
--------------------BLKIO-----------------------
11:0 Read 0
11:0 Write 0
11:0 Sync 0
11:0 Async 0
11:0 Total 0
253:0 Read 491929600
253:0 Write 4550656
253:0 Sync 4300800
253:0 Async 492179456
253:0 Total 496480256
Total 496480256
--------------------CPUAC-----------------------
user 457
system 311
--------------------MEMCG-----------------------
MEM ONLY  : 953 MB
MEM+SWAP  : 953 MB
cache 402952192
rss 596889600
rss_huge 0
mapped_file 20561920
writeback 0
swap 0
pgpgin 359198
pgpgout 115096
pgfault 340506
pgmajfault 340
inactive_anon 205766656
active_anon 391196672
inactive_file 327192576
active_file 75685888
unevictable 0
hierarchical_memory_limit 999997440
hierarchical_memsw_limit 9223372036854771712
total_cache 402952192
total_rss 596889600
total_rss_huge 0
total_mapped_file 20561920
total_writeback 0
total_swap 0
total_pgpgin 359198
total_pgpgout 115096
total_pgfault 340506
total_pgmajfault 340
total_inactive_anon 205766656
total_active_anon 391196672
total_inactive_file 327192576
total_active_file 75685888
total_unevictable 0
--------------------BLKIO-----------------------
11:0 Read 0
11:0 Write 0
11:0 Sync 0
11:0 Async 0
11:0 Total 0
253:0 Read 536166400
253:0 Write 5046272
253:0 Sync 4796416
253:0 Async 536416256
253:0 Total 541212672
Total 541212672
--------------------CPUAC-----------------------
user 510
system 332
--------------------MEMCG-----------------------
MEM ONLY  : 953 MB
MEM+SWAP  : 953 MB
cache 402939904
rss 596889600
rss_huge 0
mapped_file 20561920
writeback 0
swap 0
pgpgin 370798
pgpgout 126699
pgfault 340506
pgmajfault 340
inactive_anon 261341184
active_anon 335622144
inactive_file 314875904
active_file 87957504
unevictable 0
hierarchical_memory_limit 999997440
hierarchical_memsw_limit 9223372036854771712
total_cache 402939904
total_rss 596889600
total_rss_huge 0
total_mapped_file 20561920
total_writeback 0
total_swap 0
total_pgpgin 370798
total_pgpgout 126699
total_pgfault 340506
total_pgmajfault 340
total_inactive_anon 261341184
total_active_anon 335622144
total_inactive_file 314875904
total_active_file 87957504
total_unevictable 0
--------------------BLKIO-----------------------
11:0 Read 0
11:0 Write 0
11:0 Sync 0
11:0 Async 0
11:0 Total 0
253:0 Read 580927488
253:0 Write 5570560
253:0 Sync 5320704
253:0 Async 581177344
253:0 Total 586498048
Total 586498048
--------------------CPUAC-----------------------
user 559
system 355
--------------------MEMCG-----------------------
MEM ONLY  : 953 MB
MEM+SWAP  : 953 MB
cache 403103744
rss 596889600
rss_huge 0
mapped_file 20561920
writeback 0
swap 0
pgpgin 382787
pgpgout 138648
pgfault 340506
pgmajfault 340
inactive_anon 298565632
active_anon 298397696
inactive_file 301539328
active_file 101490688
unevictable 0
hierarchical_memory_limit 999997440
hierarchical_memsw_limit 9223372036854771712
total_cache 403103744
total_rss 596889600
total_rss_huge 0
total_mapped_file 20561920
total_writeback 0
total_swap 0
total_pgpgin 382787
total_pgpgout 138648
total_pgfault 340506
total_pgmajfault 340
total_inactive_anon 298565632
total_active_anon 298397696
total_inactive_file 301539328
total_active_file 101490688
total_unevictable 0
--------------------BLKIO-----------------------
11:0 Read 0
11:0 Write 0
11:0 Sync 0
11:0 Async 0
11:0 Total 0
253:0 Read 625590272
253:0 Write 6103040
253:0 Sync 5853184
253:0 Async 625840128
253:0 Total 631693312
Total 631693312
--------------------CPUAC-----------------------
user 595
system 377
--------------------MEMCG-----------------------
MEM ONLY  : 953 MB
MEM+SWAP  : 953 MB
cache 402964480
rss 596893696
rss_huge 0
mapped_file 20688896
writeback 0
swap 0
pgpgin 396151
pgpgout 152045
pgfault 342053
pgmajfault 360
inactive_anon 299069440
active_anon 297897984
inactive_file 284803072
active_file 118087680
unevictable 0
hierarchical_memory_limit 999997440
hierarchical_memsw_limit 9223372036854771712
total_cache 402964480
total_rss 596893696
total_rss_huge 0
total_mapped_file 20688896
total_writeback 0
total_swap 0
total_pgpgin 396151
total_pgpgout 152045
total_pgfault 342053
total_pgmajfault 360
total_inactive_anon 299069440
total_active_anon 297897984
total_inactive_file 284803072
total_active_file 118087680
total_unevictable 0
--------------------BLKIO-----------------------
11:0 Read 0
11:0 Write 0
11:0 Sync 0
11:0 Async 0
11:0 Total 0
253:0 Read 670175232
253:0 Write 6643712
253:0 Sync 6393856
253:0 Async 670425088
253:0 Total 676818944
Total 676818944
--------------------CPUAC-----------------------
user 655
system 401
--------------------MEMCG-----------------------
MEM ONLY  : 953 MB
MEM+SWAP  : 953 MB
cache 403103744
rss 596893696
rss_huge 0
mapped_file 20283392
writeback 0
swap 0
pgpgin 409079
pgpgout 164939
pgfault 342053
pgmajfault 360
inactive_anon 299069440
active_anon 297897984
inactive_file 266489856
active_file 136540160
unevictable 0
hierarchical_memory_limit 999997440
hierarchical_memsw_limit 9223372036854771712
total_cache 403103744
total_rss 596893696
total_rss_huge 0
total_mapped_file 20283392
total_writeback 0
total_swap 0
total_pgpgin 409079
total_pgpgout 164939
total_pgfault 342053
total_pgmajfault 360
total_inactive_anon 299069440
total_active_anon 297897984
total_inactive_file 266489856
total_active_file 136540160
total_unevictable 0
--------------------BLKIO-----------------------
11:0 Read 0
11:0 Write 0
11:0 Sync 0
11:0 Async 0
11:0 Total 0
253:0 Read 713691136
253:0 Write 7254016
253:0 Sync 7004160
253:0 Async 713940992
253:0 Total 720945152
Total 720945152
--------------------CPUAC-----------------------
user 708
system 422
--------------------MEMCG-----------------------
MEM ONLY  : 953 MB
MEM+SWAP  : 953 MB
cache 403075072
rss 596893696
rss_huge 0
mapped_file 20283392
writeback 0
swap 0
pgpgin 422427
pgpgout 178294
pgfault 342053
pgmajfault 360
inactive_anon 299069440
active_anon 297897984
inactive_file 245768192
active_file 157233152
unevictable 0
hierarchical_memory_limit 999997440
hierarchical_memsw_limit 9223372036854771712
total_cache 403075072
total_rss 596893696
total_rss_huge 0
total_mapped_file 20283392
total_writeback 0
total_swap 0
total_pgpgin 422427
total_pgpgout 178294
total_pgfault 342053
total_pgmajfault 360
total_inactive_anon 299069440
total_active_anon 297897984
total_inactive_file 245768192
total_active_file 157233152
total_unevictable 0
--------------------BLKIO-----------------------
11:0 Read 0
11:0 Write 0
11:0 Sync 0
11:0 Async 0
11:0 Total 0
253:0 Read 756568064
253:0 Write 7864320
253:0 Sync 7614464
253:0 Async 756817920
253:0 Total 764432384
Total 764432384
--------------------CPUAC-----------------------
user 755
system 450
--------------------MEMCG-----------------------
MEM ONLY  : 953 MB
MEM+SWAP  : 953 MB
cache 403030016
rss 596893696
rss_huge 0
mapped_file 20283392
writeback 0
swap 0
pgpgin 436515
pgpgout 192393
pgfault 342053
pgmajfault 360
inactive_anon 299069440
active_anon 297897984
inactive_file 223391744
active_file 179564544
unevictable 0
hierarchical_memory_limit 999997440
hierarchical_memsw_limit 9223372036854771712
total_cache 403030016
total_rss 596893696
total_rss_huge 0
total_mapped_file 20283392
total_writeback 0
total_swap 0
total_pgpgin 436515
total_pgpgout 192393
total_pgfault 342053
total_pgmajfault 360
total_inactive_anon 299069440
total_active_anon 297897984
total_inactive_file 223391744
total_active_file 179564544
total_unevictable 0
--------------------BLKIO-----------------------
11:0 Read 0
11:0 Write 0
11:0 Sync 0
11:0 Async 0
11:0 Total 0
253:0 Read 799936512
253:0 Write 8478720
253:0 Sync 8228864
253:0 Async 800186368
253:0 Total 808415232
Total 808415232
--------------------CPUAC-----------------------
user 806
system 475
--------------------MEMCG-----------------------
MEM ONLY  : 953 MB
MEM+SWAP  : 953 MB
cache 403140608
rss 596852736
rss_huge 0
mapped_file 20283392
writeback 0
swap 86016
pgpgin 450863
pgpgout 206724
pgfault 342053
pgmajfault 360
inactive_anon 298983424
active_anon 297897984
inactive_file 202575872
active_file 200536064
unevictable 0
hierarchical_memory_limit 999997440
hierarchical_memsw_limit 9223372036854771712
total_cache 403140608
total_rss 596852736
total_rss_huge 0
total_mapped_file 20283392
total_writeback 0
total_swap 86016
total_pgpgin 450863
total_pgpgout 206724
total_pgfault 342053
total_pgmajfault 360
total_inactive_anon 298983424
total_active_anon 297897984
total_inactive_file 202575872
total_active_file 200536064
total_unevictable 0
--------------------BLKIO-----------------------
11:0 Read 0
11:0 Write 0
11:0 Sync 0
11:0 Async 0
11:0 Total 0
253:0 Read 842518528
253:0 Write 9224192
253:0 Sync 8876032
253:0 Async 842866688
253:0 Total 851742720
Total 851742720
--------------------CPUAC-----------------------
user 852
system 504
--------------------MEMCG-----------------------
MEM ONLY  : 953 MB
MEM+SWAP  : 953 MB
cache 403271680
rss 596676608
rss_huge 0
mapped_file 20283392
writeback 0
swap 262144
pgpgin 465688
pgpgout 221560
pgfault 342053
pgmajfault 360
inactive_anon 298807296
active_anon 297897984
inactive_file 201736192
active_file 201506816
unevictable 0
hierarchical_memory_limit 999997440
hierarchical_memsw_limit 9223372036854771712
total_cache 403271680
total_rss 596676608
total_rss_huge 0
total_mapped_file 20283392
total_writeback 0
total_swap 262144
total_pgpgin 465688
total_pgpgout 221560
total_pgfault 342053
total_pgmajfault 360
total_inactive_anon 298807296
total_active_anon 297897984
total_inactive_file 201736192
total_active_file 201506816
total_unevictable 0
--------------------BLKIO-----------------------
11:0 Read 0
11:0 Write 0
11:0 Sync 0
11:0 Async 0
11:0 Total 0
253:0 Read 883937280
253:0 Write 10092544
253:0 Sync 9572352
253:0 Async 884457472
253:0 Total 894029824
Total 894029824
--------------------CPUAC-----------------------
user 906
system 529
--------------------MEMCG-----------------------
MEM ONLY  : 953 MB
MEM+SWAP  : 954 MB
cache 403419136
rss 596553728
rss_huge 0
mapped_file 20283392
writeback 0
swap 385024
pgpgin 481597
pgpgout 237463
pgfault 342053
pgmajfault 360
inactive_anon 298684416
active_anon 297897984
inactive_file 201756672
active_file 201633792
unevictable 0
hierarchical_memory_limit 999997440
hierarchical_memsw_limit 9223372036854771712
total_cache 403419136
total_rss 596553728
total_rss_huge 0
total_mapped_file 20283392
total_writeback 0
total_swap 385024
total_pgpgin 481597
total_pgpgout 237463
total_pgfault 342053
total_pgmajfault 360
total_inactive_anon 298684416
total_active_anon 297897984
total_inactive_file 201756672
total_active_file 201633792
total_unevictable 0
--------------------BLKIO-----------------------
11:0 Read 0
11:0 Write 0
11:0 Sync 0
11:0 Async 0
11:0 Total 0
253:0 Read 925454336
253:0 Write 10870784
253:0 Sync 10227712
253:0 Async 926097408
253:0 Total 936325120
Total 936325120
--------------------CPUAC-----------------------
user 967
system 556
--------------------MEMCG-----------------------
MEM ONLY  : 953 MB
MEM+SWAP  : 954 MB
cache 403431424
rss 596426752
rss_huge 0
mapped_file 20283392
writeback 0
swap 512000
pgpgin 498166
pgpgout 254060
pgfault 342053
pgmajfault 360
inactive_anon 298557440
active_anon 297897984
inactive_file 201719808
active_file 201674752
unevictable 0
hierarchical_memory_limit 999997440
hierarchical_memsw_limit 9223372036854771712
total_cache 403431424
total_rss 596426752
total_rss_huge 0
total_mapped_file 20283392
total_writeback 0
total_swap 512000
total_pgpgin 498166
total_pgpgout 254060
total_pgfault 342053
total_pgmajfault 360
total_inactive_anon 298557440
total_active_anon 297897984
total_inactive_file 201719808
total_active_file 201674752
total_unevictable 0
--------------------BLKIO-----------------------
11:0 Read 0
11:0 Write 0
11:0 Sync 0
11:0 Async 0
11:0 Total 0
253:0 Read 965791744
253:0 Write 11653120
253:0 Sync 10891264
253:0 Async 966553600
253:0 Total 977444864
Total 977444864
--------------------CPUAC-----------------------
user 1024
system 584
--------------------MEMCG-----------------------
MEM ONLY  : 953 MB
MEM+SWAP  : 954 MB
cache 403677184
rss 596275200
rss_huge 0
mapped_file 12050432
writeback 0
swap 663552
pgpgin 515392
pgpgout 271263
pgfault 342053
pgmajfault 360
inactive_anon 298405888
active_anon 297897984
inactive_file 201875456
active_file 201768960
unevictable 0
hierarchical_memory_limit 999997440
hierarchical_memsw_limit 9223372036854771712
total_cache 403677184
total_rss 596275200
total_rss_huge 0
total_mapped_file 12050432
total_writeback 0
total_swap 663552
total_pgpgin 515392
total_pgpgout 271263
total_pgfault 342053
total_pgmajfault 360
total_inactive_anon 298405888
total_active_anon 297897984
total_inactive_file 201875456
total_active_file 201768960
total_unevictable 0
--------------------BLKIO-----------------------
11:0 Read 0
11:0 Write 0
11:0 Sync 0
11:0 Async 0
11:0 Total 0
253:0 Read 1006391296
253:0 Write 12574720
253:0 Sync 11661312
253:0 Async 1007304704
253:0 Total 1018966016
Total 1018966016
--------------------CPUAC-----------------------
user 1080
system 616
--------------------MEMCG-----------------------
MEM ONLY  : 953 MB
MEM+SWAP  : 954 MB
cache 403750912
rss 596140032
rss_huge 0
mapped_file 7380992
writeback 0
swap 798720
pgpgin 533231
pgpgout 289117
pgfault 342053
pgmajfault 360
inactive_anon 298270720
active_anon 297897984
inactive_file 201908224
active_file 201814016
unevictable 0
hierarchical_memory_limit 999997440
hierarchical_memsw_limit 9223372036854771712
total_cache 403750912
total_rss 596140032
total_rss_huge 0
total_mapped_file 7380992
total_writeback 0
total_swap 798720
total_pgpgin 533231
total_pgpgout 289117
total_pgfault 342053
total_pgmajfault 360
total_inactive_anon 298270720
total_active_anon 297897984
total_inactive_file 201908224
total_active_file 201814016
total_unevictable 0
--------------------BLKIO-----------------------
11:0 Read 0
11:0 Write 0
11:0 Sync 0
11:0 Async 0
11:0 Total 0
253:0 Read 1045336064
253:0 Write 13533184
253:0 Sync 12476416
253:0 Async 1046392832
253:0 Total 1058869248
Total 1058869248
--------------------CPUAC-----------------------
user 1138
system 648
--------------------MEMCG-----------------------
MEM ONLY  : 953 MB
MEM+SWAP  : 954 MB
cache 404041728
rss 595918848
rss_huge 0
mapped_file 7380992
writeback 0
swap 1024000
pgpgin 552483
pgpgout 308352
pgfault 342053
pgmajfault 360
inactive_anon 298164224
active_anon 297779200
inactive_file 202031104
active_file 201936896
unevictable 0
hierarchical_memory_limit 999997440
hierarchical_memsw_limit 9223372036854771712
total_cache 404041728
total_rss 595918848
total_rss_huge 0
total_mapped_file 7380992
total_writeback 0
total_swap 1024000
total_pgpgin 552483
total_pgpgout 308352
total_pgfault 342053
total_pgmajfault 360
total_inactive_anon 298164224
total_active_anon 297779200
total_inactive_file 202031104
total_active_file 201936896
total_unevictable 0
--------------------BLKIO-----------------------
11:0 Read 0
11:0 Write 0
11:0 Sync 0
11:0 Async 0
11:0 Total 0
253:0 Read 1085411328
253:0 Write 14573568
253:0 Sync 13287424
253:0 Async 1086697472
253:0 Total 1099984896
Total 1099984896
--------------------CPUAC-----------------------
user 1204
system 687
--------------------MEMCG-----------------------
MEM ONLY  : 953 MB
MEM+SWAP  : 954 MB
cache 404344832
rss 595554304
rss_huge 0
mapped_file 7380992
writeback 0
swap 1388544
pgpgin 572779
pgpgout 328663
pgfault 342053
pgmajfault 360
inactive_anon 297979904
active_anon 297598976
inactive_file 202256384
active_file 202063872
unevictable 0
hierarchical_memory_limit 999997440
hierarchical_memsw_limit 9223372036854771712
total_cache 404344832
total_rss 595554304
total_rss_huge 0
total_mapped_file 7380992
total_writeback 0
total_swap 1388544
total_pgpgin 572779
total_pgpgout 328663
total_pgfault 342053
total_pgmajfault 360
total_inactive_anon 297979904
total_active_anon 297598976
total_inactive_file 202256384
total_active_file 202063872
total_unevictable 0
--------------------BLKIO-----------------------
11:0 Read 0
11:0 Write 0
11:0 Sync 0
11:0 Async 0
11:0 Total 0
253:0 Read 1124225024
253:0 Write 15753216
253:0 Sync 14110720
253:0 Async 1125867520
253:0 Total 1139978240
Total 1139978240
--------------------CPUAC-----------------------
user 1277
system 718
--------------------MEMCG-----------------------
MEM ONLY  : 953 MB
MEM+SWAP  : 955 MB
cache 404590592
rss 595349504
rss_huge 0
mapped_file 3661824
writeback 0
swap 1597440
pgpgin 594147
pgpgout 350021
pgfault 342053
pgmajfault 360
inactive_anon 297873408
active_anon 297496576
inactive_file 202330112
active_file 202231808
unevictable 0
hierarchical_memory_limit 999997440
hierarchical_memsw_limit 9223372036854771712
total_cache 404590592
total_rss 595349504
total_rss_huge 0
total_mapped_file 3661824
total_writeback 0
total_swap 1597440
total_pgpgin 594147
total_pgpgout 350021
total_pgfault 342053
total_pgmajfault 360
total_inactive_anon 297873408
total_active_anon 297496576
total_inactive_file 202330112
total_active_file 202231808
total_unevictable 0
--------------------BLKIO-----------------------
11:0 Read 0
11:0 Write 0
11:0 Sync 0
11:0 Async 0
11:0 Total 0
253:0 Read 1163759616
253:0 Write 16793600
253:0 Sync 14934016
253:0 Async 1165619200
253:0 Total 1180553216
Total 1180553216
--------------------CPUAC-----------------------
user 1346
system 760
--------------------MEMCG-----------------------
MEM ONLY  : 953 MB
MEM+SWAP  : 955 MB
cache 404807680
rss 595185664
rss_huge 0
mapped_file 2281472
writeback 0
swap 1765376
pgpgin 617282
pgpgout 373143
pgfault 342053
pgmajfault 360
inactive_anon 297791488
active_anon 297410560
inactive_file 202461184
active_file 202330112
unevictable 0
hierarchical_memory_limit 999997440
hierarchical_memsw_limit 9223372036854771712
total_cache 404807680
total_rss 595185664
total_rss_huge 0
total_mapped_file 2281472
total_writeback 0
total_swap 1765376
total_pgpgin 617282
total_pgpgout 373143
total_pgfault 342053
total_pgmajfault 360
total_inactive_anon 297791488
total_active_anon 297410560
total_inactive_file 202461184
total_active_file 202330112
total_unevictable 0
--------------------BLKIO-----------------------
11:0 Read 0
11:0 Write 0
11:0 Sync 0
11:0 Async 0
11:0 Total 0
253:0 Read 1203081216
253:0 Write 17776640
253:0 Sync 15753216
253:0 Async 1205104640
253:0 Total 1220857856
Total 1220857856
--------------------CPUAC-----------------------
user 1423
system 796
--------------------MEMCG-----------------------
MEM ONLY  : 953 MB
MEM+SWAP  : 955 MB
cache 404951040
rss 594931712
rss_huge 0
mapped_file 2068480
writeback 0
swap 2019328
pgpgin 641559
pgpgout 397447
pgfault 342053
pgmajfault 360
inactive_anon 297664512
active_anon 297283584
inactive_file 202514432
active_file 202407936
unevictable 0
hierarchical_memory_limit 999997440
hierarchical_memsw_limit 9223372036854771712
total_cache 404951040
total_rss 594931712
total_rss_huge 0
total_mapped_file 2068480
total_writeback 0
total_swap 2019328
total_pgpgin 641559
total_pgpgout 397447
total_pgfault 342053
total_pgmajfault 360
total_inactive_anon 297664512
total_active_anon 297283584
total_inactive_file 202514432
total_active_file 202407936
total_unevictable 0
--------------------BLKIO-----------------------
11:0 Read 0
11:0 Write 0
11:0 Sync 0
11:0 Async 0
11:0 Total 0
253:0 Read 1240633344
253:0 Write 18853888
253:0 Sync 16576512
253:0 Async 1242910720
253:0 Total 1259487232
Total 1259487232
--------------------CPUAC-----------------------
user 1512
system 836
--------------------MEMCG-----------------------
MEM ONLY  : 953 MB
MEM+SWAP  : 955 MB
cache 405323776
rss 594563072
rss_huge 0
mapped_file 2068480
writeback 0
swap 2387968
pgpgin 667205
pgpgout 423092
pgfault 342053
pgmajfault 360
inactive_anon 297476096
active_anon 297103360
inactive_file 202706944
active_file 202600448
unevictable 0
hierarchical_memory_limit 999997440
hierarchical_memsw_limit 9223372036854771712
total_cache 405323776
total_rss 594563072
total_rss_huge 0
total_mapped_file 2068480
total_writeback 0
total_swap 2387968
total_pgpgin 667205
total_pgpgout 423092
total_pgfault 342053
total_pgmajfault 360
total_inactive_anon 297476096
total_active_anon 297103360
total_inactive_file 202706944
total_active_file 202600448
total_unevictable 0
--------------------BLKIO-----------------------
11:0 Read 0
11:0 Write 0
11:0 Sync 0
11:0 Async 0
11:0 Total 0
253:0 Read 1278464000
253:0 Write 20049920
253:0 Sync 17403904
253:0 Async 1281110016
253:0 Total 1298513920
Total 1298513920
--------------------CPUAC-----------------------
user 1600
system 868
