--------------------MEMCG-----------------------
MEM ONLY  : 953 MB
MEM+SWAP  : 956 MB
cache 405794816
rss 594063360
rss_huge 0
mapped_file 6553600
writeback 0
swap 2760704
pgpgin 697684
pgpgout 453578
pgfault 338818
pgmajfault 468
inactive_anon 297517056
active_anon 296562688
inactive_file 202948608
active_file 202829824
unevictable 0
hierarchical_memory_limit 999997440
hierarchical_memsw_limit 9223372036854771712
total_cache 405794816
total_rss 594063360
total_rss_huge 0
total_mapped_file 6553600
total_writeback 0
total_swap 2760704
total_pgpgin 697684
total_pgpgout 453578
total_pgfault 338818
total_pgmajfault 468
total_inactive_anon 297517056
total_active_anon 296562688
total_inactive_file 202948608
total_active_file 202829824
total_unevictable 0
--------------------BLKIO-----------------------
11:0 Read 0
11:0 Write 0
11:0 Sync 0
11:0 Async 0
11:0 Total 0
253:0 Read 1317523456
253:0 Write 21458944
253:0 Sync 18329600
253:0 Async 1320652800
253:0 Total 1338982400
Total 1338982400
--------------------CPUAC-----------------------
user 1718
system 939
--------------------MEMCG-----------------------
MEM ONLY  : 953 MB
MEM+SWAP  : 956 MB
cache 405843968
rss 594063360
rss_huge 0
mapped_file 6553600
writeback 0
swap 2760704
pgpgin 711208
pgpgout 467090
pgfault 338818
pgmajfault 468
inactive_anon 297517056
active_anon 296562688
inactive_file 203010048
active_file 202817536
unevictable 0
hierarchical_memory_limit 999997440
hierarchical_memsw_limit 9223372036854771712
total_cache 405843968
total_rss 594063360
total_rss_huge 0
total_mapped_file 6553600
total_writeback 0
total_swap 2760704
total_pgpgin 711208
total_pgpgout 467090
total_pgfault 338818
total_pgmajfault 468
total_inactive_anon 297517056
total_active_anon 296562688
total_inactive_file 203010048
total_active_file 202817536
total_unevictable 0
--------------------BLKIO-----------------------
11:0 Read 0
11:0 Write 0
11:0 Sync 0
11:0 Async 0
11:0 Total 0
253:0 Read 1334054912
253:0 Write 22065152
253:0 Sync 18935808
253:0 Async 1337184256
253:0 Total 1356120064
Total 1356120064
--------------------CPUAC-----------------------
user 1767
system 965
--------------------MEMCG-----------------------
MEM ONLY  : 953 MB
MEM+SWAP  : 956 MB
cache 405934080
rss 594063360
rss_huge 0
mapped_file 6553600
writeback 0
swap 2760704
pgpgin 726851
pgpgout 482711
pgfault 338818
pgmajfault 468
inactive_anon 297517056
active_anon 296562688
inactive_file 203128832
active_file 202788864
unevictable 0
hierarchical_memory_limit 999997440
hierarchical_memsw_limit 9223372036854771712
total_cache 405934080
total_rss 594063360
total_rss_huge 0
total_mapped_file 6553600
total_writeback 0
total_swap 2760704
total_pgpgin 726851
total_pgpgout 482711
total_pgfault 338818
total_pgmajfault 468
total_inactive_anon 297517056
total_active_anon 296562688
total_inactive_file 203128832
total_active_file 202788864
total_unevictable 0
--------------------BLKIO-----------------------
11:0 Read 0
11:0 Write 0
11:0 Sync 0
11:0 Async 0
11:0 Total 0
253:0 Read 1351569408
253:0 Write 22794240
253:0 Sync 19664896
253:0 Async 1354698752
253:0 Total 1374363648
Total 1374363648
--------------------CPUAC-----------------------
user 1822
system 994
--------------------MEMCG-----------------------
MEM ONLY  : 953 MB
MEM+SWAP  : 956 MB
cache 405794816
rss 594059264
rss_huge 0
mapped_file 6553600
writeback 0
swap 2764800
pgpgin 742243
pgpgout 498138
pgfault 338818
pgmajfault 468
inactive_anon 297512960
active_anon 296562688
inactive_file 202993664
active_file 202784768
unevictable 0
hierarchical_memory_limit 999997440
hierarchical_memsw_limit 9223372036854771712
total_cache 405794816
total_rss 594059264
total_rss_huge 0
total_mapped_file 6553600
total_writeback 0
total_swap 2764800
total_pgpgin 742243
total_pgpgout 498138
total_pgfault 338818
total_pgmajfault 468
total_inactive_anon 297512960
total_active_anon 296562688
total_inactive_file 202993664
total_active_file 202784768
total_unevictable 0
--------------------BLKIO-----------------------
11:0 Read 0
11:0 Write 0
11:0 Sync 0
11:0 Async 0
11:0 Total 0
253:0 Read 1368723456
253:0 Write 23486464
253:0 Sync 20357120
253:0 Async 1371852800
253:0 Total 1392209920
Total 1392209920
--------------------CPUAC-----------------------
user 1884
system 1021
--------------------MEMCG-----------------------
MEM ONLY  : 953 MB
MEM+SWAP  : 956 MB
cache 405852160
rss 594059264
rss_huge 0
mapped_file 6553600
writeback 0
swap 2764800
pgpgin 758515
pgpgout 514396
pgfault 338818
pgmajfault 468
inactive_anon 297512960
active_anon 296562688
inactive_file 202960896
active_file 202874880
unevictable 0
hierarchical_memory_limit 999997440
hierarchical_memsw_limit 9223372036854771712
total_cache 405852160
total_rss 594059264
total_rss_huge 0
total_mapped_file 6553600
total_writeback 0
total_swap 2764800
total_pgpgin 758515
total_pgpgout 514396
total_pgfault 338818
total_pgmajfault 468
total_inactive_anon 297512960
total_active_anon 296562688
total_inactive_file 202960896
total_active_file 202874880
total_unevictable 0
--------------------BLKIO-----------------------
11:0 Read 0
11:0 Write 0
11:0 Sync 0
11:0 Async 0
11:0 Total 0
253:0 Read 1385320448
253:0 Write 24256512
253:0 Sync 21127168
253:0 Async 1388449792
253:0 Total 1409576960
Total 1409576960
--------------------CPUAC-----------------------
user 1950
system 1050
--------------------MEMCG-----------------------
MEM ONLY  : 953 MB
MEM+SWAP  : 956 MB
cache 405823488
rss 594059264
rss_huge 0
mapped_file 6553600
writeback 0
swap 2764800
pgpgin 777681
pgpgout 533569
pgfault 338818
pgmajfault 468
inactive_anon 297512960
active_anon 296562688
inactive_file 203001856
active_file 202805248
unevictable 0
hierarchical_memory_limit 999997440
hierarchical_memsw_limit 9223372036854771712
total_cache 405823488
total_rss 594059264
total_rss_huge 0
total_mapped_file 6553600
total_writeback 0
total_swap 2764800
total_pgpgin 777681
total_pgpgout 533569
total_pgfault 338818
total_pgmajfault 468
total_inactive_anon 297512960
total_active_anon 296562688
total_inactive_file 203001856
total_active_file 202805248
total_unevictable 0
--------------------BLKIO-----------------------
11:0 Read 0
11:0 Write 0
11:0 Sync 0
11:0 Async 0
11:0 Total 0
253:0 Read 1403195392
253:0 Write 25034752
253:0 Sync 21905408
253:0 Async 1406324736
253:0 Total 1428230144
Total 1428230144
--------------------CPUAC-----------------------
user 2023
system 1090
--------------------MEMCG-----------------------
MEM ONLY  : 953 MB
MEM+SWAP  : 956 MB
cache 405839872
rss 594059264
rss_huge 0
mapped_file 6553600
writeback 0
swap 2764800
pgpgin 796648
pgpgout 552532
pgfault 338818
pgmajfault 468
inactive_anon 297512960
active_anon 296562688
inactive_file 203010048
active_file 202813440
unevictable 0
hierarchical_memory_limit 999997440
hierarchical_memsw_limit 9223372036854771712
total_cache 405839872
total_rss 594059264
total_rss_huge 0
total_mapped_file 6553600
total_writeback 0
total_swap 2764800
total_pgpgin 796648
total_pgpgout 552532
total_pgfault 338818
total_pgmajfault 468
total_inactive_anon 297512960
total_active_anon 296562688
total_inactive_file 203010048
total_active_file 202813440
total_unevictable 0
--------------------BLKIO-----------------------
11:0 Read 0
11:0 Write 0
11:0 Sync 0
11:0 Async 0
11:0 Total 0
253:0 Read 1420070912
253:0 Write 25841664
253:0 Sync 22712320
253:0 Async 1423200256
253:0 Total 1445912576
Total 1445912576
--------------------CPUAC-----------------------
user 2098
system 1129
--------------------MEMCG-----------------------
MEM ONLY  : 953 MB
MEM+SWAP  : 956 MB
cache 405868544
rss 594059264
rss_huge 0
mapped_file 6553600
writeback 0
swap 2764800
pgpgin 816386
pgpgout 572263
pgfault 338818
pgmajfault 468
inactive_anon 297512960
active_anon 296562688
inactive_file 202952704
active_file 202899456
unevictable 0
hierarchical_memory_limit 999997440
hierarchical_memsw_limit 9223372036854771712
total_cache 405868544
total_rss 594059264
total_rss_huge 0
total_mapped_file 6553600
total_writeback 0
total_swap 2764800
total_pgpgin 816386
total_pgpgout 572263
total_pgfault 338818
total_pgmajfault 468
total_inactive_anon 297512960
total_active_anon 296562688
total_inactive_file 202952704
total_active_file 202899456
total_unevictable 0
--------------------BLKIO-----------------------
11:0 Read 0
11:0 Write 0
11:0 Sync 0
11:0 Async 0
11:0 Total 0
253:0 Read 1436504064
253:0 Write 26615808
253:0 Sync 23486464
253:0 Async 1439633408
253:0 Total 1463119872
Total 1463119872
--------------------CPUAC-----------------------
user 2163
system 1159
--------------------MEMCG-----------------------
MEM ONLY  : 953 MB
MEM+SWAP  : 956 MB
cache 405889024
rss 594059264
rss_huge 0
mapped_file 6553600
writeback 0
swap 2764800
pgpgin 837821
pgpgout 593693
pgfault 338818
pgmajfault 468
inactive_anon 297512960
active_anon 296562688
inactive_file 203120640
active_file 202752000
unevictable 0
hierarchical_memory_limit 999997440
hierarchical_memsw_limit 9223372036854771712
total_cache 405889024
total_rss 594059264
total_rss_huge 0
total_mapped_file 6553600
total_writeback 0
total_swap 2764800
total_pgpgin 837821
total_pgpgout 593693
total_pgfault 338818
total_pgmajfault 468
total_inactive_anon 297512960
total_active_anon 296562688
total_inactive_file 203120640
total_active_file 202752000
total_unevictable 0
--------------------BLKIO-----------------------
11:0 Read 0
11:0 Write 0
11:0 Sync 0
11:0 Async 0
11:0 Total 0
253:0 Read 1453346816
253:0 Write 27422720
253:0 Sync 24293376
253:0 Async 1456476160
253:0 Total 1480769536
Total 1480769536
--------------------CPUAC-----------------------
user 2246
system 1192
--------------------MEMCG-----------------------
MEM ONLY  : 953 MB
MEM+SWAP  : 956 MB
cache 405897216
rss 594059264
rss_huge 0
mapped_file 6553600
writeback 0
swap 2764800
pgpgin 860891
pgpgout 616761
pgfault 338818
pgmajfault 468
inactive_anon 297512960
active_anon 296562688
inactive_file 203337728
active_file 202543104
unevictable 0
hierarchical_memory_limit 999997440
hierarchical_memsw_limit 9223372036854771712
total_cache 405897216
total_rss 594059264
total_rss_huge 0
total_mapped_file 6553600
total_writeback 0
total_swap 2764800
total_pgpgin 860891
total_pgpgout 616761
total_pgfault 338818
total_pgmajfault 468
total_inactive_anon 297512960
total_active_anon 296562688
total_inactive_file 203337728
total_active_file 202543104
total_unevictable 0
--------------------BLKIO-----------------------
11:0 Read 0
11:0 Write 0
11:0 Sync 0
11:0 Async 0
11:0 Total 0
253:0 Read 1470222336
253:0 Write 28184576
253:0 Sync 25055232
253:0 Async 1473351680
253:0 Total 1498406912
Total 1498406912
--------------------CPUAC-----------------------
user 2336
system 1229
--------------------MEMCG-----------------------
MEM ONLY  : 953 MB
MEM+SWAP  : 956 MB
cache 405848064
rss 594051072
rss_huge 0
mapped_file 6553600
writeback 0
swap 2772992
pgpgin 885292
pgpgout 641176
pgfault 338818
pgmajfault 468
inactive_anon 297504768
active_anon 296562688
inactive_file 203018240
active_file 202813440
unevictable 0
hierarchical_memory_limit 999997440
hierarchical_memsw_limit 9223372036854771712
total_cache 405848064
total_rss 594051072
total_rss_huge 0
total_mapped_file 6553600
total_writeback 0
total_swap 2772992
total_pgpgin 885292
total_pgpgout 641176
total_pgfault 338818
total_pgmajfault 468
total_inactive_anon 297504768
total_active_anon 296562688
total_inactive_file 203018240
total_active_file 202813440
total_unevictable 0
--------------------BLKIO-----------------------
11:0 Read 0
11:0 Write 0
11:0 Sync 0
11:0 Async 0
11:0 Total 0
253:0 Read 1486573568
253:0 Write 29020160
253:0 Sync 25886720
253:0 Async 1489707008
253:0 Total 1515593728
Total 1515593728
--------------------CPUAC-----------------------
user 2427
system 1264
--------------------MEMCG-----------------------
MEM ONLY  : 953 MB
MEM+SWAP  : 956 MB
cache 405778432
rss 594051072
rss_huge 0
mapped_file 6553600
writeback 0
swap 2772992
pgpgin 910975
pgpgout 666876
pgfault 338818
pgmajfault 468
inactive_anon 297504768
active_anon 296562688
inactive_file 202985472
active_file 202776576
unevictable 0
hierarchical_memory_limit 999997440
hierarchical_memsw_limit 9223372036854771712
total_cache 405778432
total_rss 594051072
total_rss_huge 0
total_mapped_file 6553600
total_writeback 0
total_swap 2772992
total_pgpgin 910975
total_pgpgout 666876
total_pgfault 338818
total_pgmajfault 468
total_inactive_anon 297504768
total_active_anon 296562688
total_inactive_file 202985472
total_active_file 202776576
total_unevictable 0
--------------------BLKIO-----------------------
11:0 Read 0
11:0 Write 0
11:0 Sync 0
11:0 Async 0
11:0 Total 0
253:0 Read 1503121408
253:0 Write 29843456
253:0 Sync 26710016
253:0 Async 1506254848
253:0 Total 1532964864
Total 1532964864
--------------------CPUAC-----------------------
user 2522
system 1313
--------------------MEMCG-----------------------
MEM ONLY  : 953 MB
MEM+SWAP  : 956 MB
cache 405745664
rss 594051072
rss_huge 0
mapped_file 6553600
writeback 0
swap 2772992
pgpgin 939184
pgpgout 695093
pgfault 338818
pgmajfault 468
inactive_anon 297504768
active_anon 296562688
inactive_file 203010048
active_file 202719232
unevictable 0
hierarchical_memory_limit 999997440
hierarchical_memsw_limit 9223372036854771712
total_cache 405745664
total_rss 594051072
total_rss_huge 0
total_mapped_file 6553600
total_writeback 0
total_swap 2772992
total_pgpgin 939184
total_pgpgout 695093
total_pgfault 338818
total_pgmajfault 468
total_inactive_anon 297504768
total_active_anon 296562688
total_inactive_file 203010048
total_active_file 202719232
total_unevictable 0
--------------------BLKIO-----------------------
11:0 Read 0
11:0 Write 0
11:0 Sync 0
11:0 Async 0
11:0 Total 0
253:0 Read 1519505408
253:0 Write 30666752
253:0 Sync 27533312
253:0 Async 1522638848
253:0 Total 1550172160
Total 1550172160
--------------------CPUAC-----------------------
user 2619
system 1360
--------------------MEMCG-----------------------
MEM ONLY  : 953 MB
MEM+SWAP  : 956 MB
cache 405901312
rss 594051072
rss_huge 0
mapped_file 6553600
writeback 0
swap 2772992
pgpgin 970863
pgpgout 726734
pgfault 338818
pgmajfault 468
inactive_anon 297504768
active_anon 296562688
inactive_file 203055104
active_file 202801152
unevictable 0
hierarchical_memory_limit 999997440
hierarchical_memsw_limit 9223372036854771712
total_cache 405901312
total_rss 594051072
total_rss_huge 0
total_mapped_file 6553600
total_writeback 0
total_swap 2772992
total_pgpgin 970863
total_pgpgout 726734
total_pgfault 338818
total_pgmajfault 468
total_inactive_anon 297504768
total_active_anon 296562688
total_inactive_file 203055104
total_active_file 202801152
total_unevictable 0
--------------------BLKIO-----------------------
11:0 Read 0
11:0 Write 0
11:0 Sync 0
11:0 Async 0
11:0 Total 0
253:0 Read 1536057344
253:0 Write 31469568
253:0 Sync 28336128
253:0 Async 1539190784
253:0 Total 1567526912
Total 1567526912
--------------------CPUAC-----------------------
user 2730
system 1417
--------------------MEMCG-----------------------
MEM ONLY  : 953 MB
MEM+SWAP  : 956 MB
cache 405889024
rss 594051072
rss_huge 0
mapped_file 6553600
writeback 0
swap 2772992
pgpgin 1006915
pgpgout 762789
pgfault 338818
pgmajfault 468
inactive_anon 297504768
active_anon 296562688
inactive_file 202973184
active_file 202899456
unevictable 0
hierarchical_memory_limit 999997440
hierarchical_memsw_limit 9223372036854771712
total_cache 405889024
total_rss 594051072
total_rss_huge 0
total_mapped_file 6553600
total_writeback 0
total_swap 2772992
total_pgpgin 1006915
total_pgpgout 762789
total_pgfault 338818
total_pgmajfault 468
total_inactive_anon 297504768
total_active_anon 296562688
total_inactive_file 202973184
total_active_file 202899456
total_unevictable 0
--------------------BLKIO-----------------------
11:0 Read 0
11:0 Write 0
11:0 Sync 0
11:0 Async 0
11:0 Total 0
253:0 Read 1552310272
253:0 Write 32296960
253:0 Sync 29163520
253:0 Async 1555443712
253:0 Total 1584607232
Total 1584607232
--------------------CPUAC-----------------------
user 2860
system 1483
--------------------MEMCG-----------------------
MEM ONLY  : 953 MB
MEM+SWAP  : 956 MB
cache 405889024
rss 594051072
rss_huge 0
mapped_file 6553600
writeback 0
swap 2772992
pgpgin 1043484
pgpgout 799358
pgfault 338818
pgmajfault 468
inactive_anon 297504768
active_anon 296562688
inactive_file 202997760
active_file 202874880
unevictable 0
hierarchical_memory_limit 999997440
hierarchical_memsw_limit 9223372036854771712
total_cache 405889024
total_rss 594051072
total_rss_huge 0
total_mapped_file 6553600
total_writeback 0
total_swap 2772992
total_pgpgin 1043484
total_pgpgout 799358
total_pgfault 338818
total_pgmajfault 468
total_inactive_anon 297504768
total_active_anon 296562688
total_inactive_file 202997760
total_active_file 202874880
total_unevictable 0
--------------------BLKIO-----------------------
11:0 Read 0
11:0 Write 0
11:0 Sync 0
11:0 Async 0
11:0 Total 0
253:0 Read 1568038912
253:0 Write 33095680
253:0 Sync 29962240
253:0 Async 1571172352
253:0 Total 1601134592
Total 1601134592
--------------------CPUAC-----------------------
user 2992
system 1533
--------------------MEMCG-----------------------
MEM ONLY  : 953 MB
MEM+SWAP  : 956 MB
cache 405807104
rss 594051072
rss_huge 0
mapped_file 6553600
writeback 0
swap 2772992
pgpgin 1083590
pgpgout 839484
pgfault 338818
pgmajfault 468
inactive_anon 297504768
active_anon 296562688
inactive_file 203010048
active_file 202780672
unevictable 0
hierarchical_memory_limit 999997440
hierarchical_memsw_limit 9223372036854771712
total_cache 405807104
total_rss 594051072
total_rss_huge 0
total_mapped_file 6553600
total_writeback 0
total_swap 2772992
total_pgpgin 1083590
total_pgpgout 839484
total_pgfault 338818
total_pgmajfault 468
total_inactive_anon 297504768
total_active_anon 296562688
total_inactive_file 203010048
total_active_file 202780672
total_unevictable 0
--------------------BLKIO-----------------------
11:0 Read 0
11:0 Write 0
11:0 Sync 0
11:0 Async 0
11:0 Total 0
253:0 Read 1583210496
253:0 Write 33935360
253:0 Sync 30801920
253:0 Async 1586343936
253:0 Total 1617145856
Total 1617145856
--------------------CPUAC-----------------------
user 3134
system 1603
--------------------MEMCG-----------------------
MEM ONLY  : 953 MB
MEM+SWAP  : 956 MB
cache 405811200
rss 594051072
rss_huge 0
mapped_file 6467584
writeback 0
swap 2772992
pgpgin 1129528
pgpgout 885421
pgfault 338818
pgmajfault 468
inactive_anon 297504768
active_anon 296562688
inactive_file 202907648
active_file 202887168
unevictable 0
hierarchical_memory_limit 999997440
hierarchical_memsw_limit 9223372036854771712
total_cache 405811200
total_rss 594051072
total_rss_huge 0
total_mapped_file 6467584
total_writeback 0
total_swap 2772992
total_pgpgin 1129528
total_pgpgout 885421
total_pgfault 338818
total_pgmajfault 468
total_inactive_anon 297504768
total_active_anon 296562688
total_inactive_file 202907648
total_active_file 202887168
total_unevictable 0
--------------------BLKIO-----------------------
11:0 Read 0
11:0 Write 0
11:0 Sync 0
11:0 Async 0
11:0 Total 0
253:0 Read 1598726144
253:0 Write 34738176
253:0 Sync 31604736
253:0 Async 1601859584
253:0 Total 1633464320
Total 1633464320
--------------------CPUAC-----------------------
user 3300
system 1683
--------------------MEMCG-----------------------
MEM ONLY  : 953 MB
MEM+SWAP  : 956 MB
cache 405860352
rss 594051072
rss_huge 0
mapped_file 4386816
writeback 0
swap 2772992
pgpgin 1186704
pgpgout 942585
pgfault 338818
pgmajfault 468
inactive_anon 297504768
active_anon 296562688
inactive_file 203083776
active_file 202756096
unevictable 0
hierarchical_memory_limit 999997440
hierarchical_memsw_limit 9223372036854771712
total_cache 405860352
total_rss 594051072
total_rss_huge 0
total_mapped_file 4386816
total_writeback 0
total_swap 2772992
total_pgpgin 1186704
total_pgpgout 942585
total_pgfault 338818
total_pgmajfault 468
total_inactive_anon 297504768
total_active_anon 296562688
total_inactive_file 203083776
total_active_file 202756096
total_unevictable 0
--------------------BLKIO-----------------------
11:0 Read 0
11:0 Write 0
11:0 Sync 0
11:0 Async 0
11:0 Total 0
253:0 Read 1613750272
253:0 Write 35549184
253:0 Sync 32415744
253:0 Async 1616883712
253:0 Total 1649299456
Total 1649299456
--------------------CPUAC-----------------------
user 3490
system 1772
--------------------MEMCG-----------------------
MEM ONLY  : 953 MB
MEM+SWAP  : 956 MB
cache 405880832
rss 594051072
rss_huge 0
mapped_file 4386816
writeback 0
swap 2772992
pgpgin 1249602
pgpgout 1005478
pgfault 338818
pgmajfault 468
inactive_anon 297504768
active_anon 296562688
inactive_file 203014144
active_file 202825728
unevictable 0
hierarchical_memory_limit 999997440
hierarchical_memsw_limit 9223372036854771712
total_cache 405880832
total_rss 594051072
total_rss_huge 0
total_mapped_file 4386816
total_writeback 0
total_swap 2772992
total_pgpgin 1249602
total_pgpgout 1005478
total_pgfault 338818
total_pgmajfault 468
total_inactive_anon 297504768
total_active_anon 296562688
total_inactive_file 203014144
total_active_file 202825728
total_unevictable 0
--------------------BLKIO-----------------------
11:0 Read 0
11:0 Write 0
11:0 Sync 0
11:0 Async 0
11:0 Total 0
253:0 Read 1628463104
253:0 Write 36339712
253:0 Sync 33206272
253:0 Async 1631596544
253:0 Total 1664802816
Total 1664802816
--------------------CPUAC-----------------------
user 3710
system 1881
--------------------MEMCG-----------------------
MEM ONLY  : 953 MB
MEM+SWAP  : 956 MB
cache 405860352
rss 594051072
rss_huge 0
mapped_file 2514944
writeback 0
swap 2772992
pgpgin 1329307
pgpgout 1085188
pgfault 338818
pgmajfault 468
inactive_anon 297504768
active_anon 296562688
inactive_file 203042816
active_file 202801152
unevictable 0
hierarchical_memory_limit 999997440
hierarchical_memsw_limit 9223372036854771712
total_cache 405860352
total_rss 594051072
total_rss_huge 0
total_mapped_file 2514944
total_writeback 0
total_swap 2772992
total_pgpgin 1329307
total_pgpgout 1085188
total_pgfault 338818
total_pgmajfault 468
total_inactive_anon 297504768
total_active_anon 296562688
total_inactive_file 203042816
total_active_file 202801152
total_unevictable 0
--------------------BLKIO-----------------------
11:0 Read 0
11:0 Write 0
11:0 Sync 0
11:0 Async 0
11:0 Total 0
253:0 Read 1642983424
253:0 Write 37163008
253:0 Sync 34029568
253:0 Async 1646116864
253:0 Total 1680146432
Total 1680146432
--------------------CPUAC-----------------------
user 3964
system 2029
--------------------MEMCG-----------------------
MEM ONLY  : 953 MB
MEM+SWAP  : 956 MB
cache 405925888
rss 593997824
rss_huge 0
mapped_file 2068480
writeback 0
swap 2826240
pgpgin 1437792
pgpgout 1193670
pgfault 338818
pgmajfault 468
inactive_anon 297426944
active_anon 296587264
inactive_file 203083776
active_file 202825728
unevictable 0
hierarchical_memory_limit 999997440
hierarchical_memsw_limit 9223372036854771712
total_cache 405925888
total_rss 593997824
total_rss_huge 0
total_mapped_file 2068480
total_writeback 0
total_swap 2826240
total_pgpgin 1437792
total_pgpgout 1193670
total_pgfault 338818
total_pgmajfault 468
total_inactive_anon 297426944
total_active_anon 296587264
total_inactive_file 203083776
total_active_file 202825728
total_unevictable 0
--------------------BLKIO-----------------------
11:0 Read 0
11:0 Write 0
11:0 Sync 0
11:0 Async 0
11:0 Total 0
253:0 Read 1658286080
253:0 Write 37990400
253:0 Sync 34803712
253:0 Async 1661472768
253:0 Total 1696276480
Total 1696276480
--------------------CPUAC-----------------------
user 4311
system 2207
--------------------MEMCG-----------------------
MEM ONLY  : 953 MB
MEM+SWAP  : 956 MB
cache 405966848
rss 593915904
rss_huge 0
mapped_file 2088960
writeback 0
swap 2908160
pgpgin 1570663
pgpgout 1326551
pgfault 338820
pgmajfault 469
inactive_anon 297324544
active_anon 296607744
inactive_file 203042816
active_file 202874880
unevictable 0
hierarchical_memory_limit 999997440
hierarchical_memsw_limit 9223372036854771712
total_cache 405966848
total_rss 593915904
total_rss_huge 0
total_mapped_file 2088960
total_writeback 0
total_swap 2908160
total_pgpgin 1570663
total_pgpgout 1326551
total_pgfault 338820
total_pgmajfault 469
total_inactive_anon 297324544
total_active_anon 296607744
total_inactive_file 203042816
total_active_file 202874880
total_unevictable 0
--------------------BLKIO-----------------------
11:0 Read 0
11:0 Write 0
11:0 Sync 0
11:0 Async 0
11:0 Total 0
253:0 Read 1672622080
253:0 Write 38830080
253:0 Sync 35557376
253:0 Async 1675894784
253:0 Total 1711452160
Total 1711452160
--------------------CPUAC-----------------------
user 4772
system 2420
--------------------MEMCG-----------------------
MEM ONLY  : 953 MB
MEM+SWAP  : 956 MB
cache 406130688
rss 593809408
rss_huge 0
mapped_file 2088960
writeback 0
swap 3014656
pgpgin 1728905
pgpgout 1484779
pgfault 338820
pgmajfault 469
inactive_anon 297218048
active_anon 296607744
inactive_file 203100160
active_file 202981376
unevictable 0
hierarchical_memory_limit 999997440
hierarchical_memsw_limit 9223372036854771712
total_cache 406130688
total_rss 593809408
total_rss_huge 0
total_mapped_file 2088960
total_writeback 0
total_swap 3014656
total_pgpgin 1728905
total_pgpgout 1484779
total_pgfault 338820
total_pgmajfault 469
total_inactive_anon 297218048
total_active_anon 296607744
total_inactive_file 203100160
total_active_file 202981376
total_unevictable 0
--------------------BLKIO-----------------------
11:0 Read 0
11:0 Write 0
11:0 Sync 0
11:0 Async 0
11:0 Total 0
253:0 Read 1683488768
253:0 Write 39788544
253:0 Sync 36409344
253:0 Async 1686867968
253:0 Total 1723277312
Total 1723277312
--------------------CPUAC-----------------------
user 5282
system 2687
--------------------MEMCG-----------------------
MEM ONLY  : 953 MB
MEM+SWAP  : 956 MB
cache 406290432
rss 593666048
rss_huge 0
mapped_file 1937408
writeback 0
swap 3158016
pgpgin 1927478
pgpgout 1683348
pgfault 338820
pgmajfault 469
inactive_anon 297074688
active_anon 296607744
inactive_file 203149312
active_file 203075584
unevictable 0
hierarchical_memory_limit 999997440
hierarchical_memsw_limit 9223372036854771712
total_cache 406290432
total_rss 593666048
total_rss_huge 0
total_mapped_file 1937408
total_writeback 0
total_swap 3158016
total_pgpgin 1927478
total_pgpgout 1683348
total_pgfault 338820
total_pgmajfault 469
total_inactive_anon 297074688
total_active_anon 296607744
total_inactive_file 203149312
total_active_file 203075584
total_unevictable 0
--------------------BLKIO-----------------------
11:0 Read 0
11:0 Write 0
11:0 Sync 0
11:0 Async 0
11:0 Total 0
253:0 Read 1692614656
253:0 Write 40685568
253:0 Sync 37163008
253:0 Async 1696137216
253:0 Total 1733300224
Total 1733300224
--------------------CPUAC-----------------------
user 5928
system 3028
--------------------MEMCG-----------------------
MEM ONLY  : 953 MB
MEM+SWAP  : 956 MB
cache 406458368
rss 593539072
rss_huge 0
mapped_file 2416640
writeback 0
swap 3284992
pgpgin 2148896
pgpgout 1904756
pgfault 338839
pgmajfault 479
inactive_anon 296996864
active_anon 296558592
inactive_file 203321344
active_file 203087872
unevictable 0
hierarchical_memory_limit 999997440
hierarchical_memsw_limit 9223372036854771712
total_cache 406458368
total_rss 593539072
total_rss_huge 0
total_mapped_file 2416640
total_writeback 0
total_swap 3284992
total_pgpgin 2148896
total_pgpgout 1904756
total_pgfault 338839
total_pgmajfault 479
total_inactive_anon 296996864
total_active_anon 296558592
total_inactive_file 203321344
total_active_file 203087872
total_unevictable 0
--------------------BLKIO-----------------------
11:0 Read 0
11:0 Write 0
11:0 Sync 0
11:0 Async 0
11:0 Total 0
253:0 Read 1699024896
253:0 Write 41598976
253:0 Sync 37949440
253:0 Async 1702674432
253:0 Total 1740623872
Total 1740623872
--------------------CPUAC-----------------------
user 6674
system 3397
--------------------MEMCG-----------------------
MEM ONLY  : 953 MB
MEM+SWAP  : 956 MB
cache 406577152
rss 593371136
rss_huge 0
mapped_file 1937408
writeback 0
swap 3457024
pgpgin 2399423
pgpgout 2155295
pgfault 338840
pgmajfault 480
inactive_anon 296910848
active_anon 296472576
inactive_file 203239424
active_file 203243520
unevictable 0
hierarchical_memory_limit 999997440
hierarchical_memsw_limit 9223372036854771712
total_cache 406577152
total_rss 593371136
total_rss_huge 0
total_mapped_file 1937408
total_writeback 0
total_swap 3457024
total_pgpgin 2399423
total_pgpgout 2155295
total_pgfault 338840
total_pgmajfault 480
total_inactive_anon 296910848
total_active_anon 296472576
total_inactive_file 203239424
total_active_file 203243520
total_unevictable 0
--------------------BLKIO-----------------------
11:0 Read 0
11:0 Write 0
11:0 Sync 0
11:0 Async 0
11:0 Total 0
253:0 Read 1702830080
253:0 Write 42541056
253:0 Sync 38719488
253:0 Async 1706651648
253:0 Total 1745371136
Total 1745371136
--------------------CPUAC-----------------------
user 7516
system 3815
--------------------MEMCG-----------------------
MEM ONLY  : 953 MB
MEM+SWAP  : 957 MB
cache 406855680
rss 593125376
rss_huge 0
mapped_file 1937408
writeback 0
swap 3702784
pgpgin 2652417
pgpgout 2408281
pgfault 338841
pgmajfault 481
inactive_anon 296787968
active_anon 296349696
inactive_file 203489280
active_file 203337728
unevictable 0
hierarchical_memory_limit 999997440
hierarchical_memsw_limit 9223372036854771712
total_cache 406855680
total_rss 593125376
total_rss_huge 0
total_mapped_file 1937408
total_writeback 0
total_swap 3702784
total_pgpgin 2652417
total_pgpgout 2408281
total_pgfault 338841
total_pgmajfault 481
total_inactive_anon 296787968
total_active_anon 296349696
total_inactive_file 203489280
total_active_file 203337728
total_unevictable 0
--------------------BLKIO-----------------------
11:0 Read 0
11:0 Write 0
11:0 Sync 0
11:0 Async 0
11:0 Total 0
253:0 Read 1705566208
253:0 Write 43569152
253:0 Sync 39501824
253:0 Async 1709633536
253:0 Total 1749135360
Total 1749135360
--------------------CPUAC-----------------------
user 8375
system 4246
--------------------MEMCG-----------------------
MEM ONLY  : 953 MB
MEM+SWAP  : 957 MB
cache 406999040
rss 592875520
rss_huge 0
mapped_file 3715072
writeback 0
swap 3948544
pgpgin 2918401
pgpgout 2674291
pgfault 339325
pgmajfault 533
inactive_anon 296898560
active_anon 295993344
inactive_file 203595776
active_file 203362304
unevictable 0
hierarchical_memory_limit 999997440
hierarchical_memsw_limit 9223372036854771712
total_cache 406999040
total_rss 592875520
total_rss_huge 0
total_mapped_file 3715072
total_writeback 0
total_swap 3948544
total_pgpgin 2918401
total_pgpgout 2674291
total_pgfault 339325
total_pgmajfault 533
total_inactive_anon 296898560
total_active_anon 295993344
total_inactive_file 203595776
total_active_file 203362304
total_unevictable 0
--------------------BLKIO-----------------------
11:0 Read 0
11:0 Write 0
11:0 Sync 0
11:0 Async 0
11:0 Total 0
253:0 Read 1708142592
253:0 Write 44650496
253:0 Sync 40304640
253:0 Async 1712488448
253:0 Total 1752793088
Total 1752793088
--------------------CPUAC-----------------------
user 9257
system 4704
--------------------MEMCG-----------------------
MEM ONLY  : 953 MB
MEM+SWAP  : 957 MB
cache 407273472
rss 592625664
rss_huge 0
mapped_file 3112960
writeback 0
swap 4202496
pgpgin 3177486
pgpgout 2933370
pgfault 339326
pgmajfault 534
inactive_anon 296624128
active_anon 296013824
inactive_file 203649024
active_file 203563008
unevictable 0
hierarchical_memory_limit 999997440
hierarchical_memsw_limit 9223372036854771712
total_cache 407273472
total_rss 592625664
total_rss_huge 0
total_mapped_file 3112960
total_writeback 0
total_swap 4202496
total_pgpgin 3177486
total_pgpgout 2933370
total_pgfault 339326
total_pgmajfault 534
total_inactive_anon 296624128
total_active_anon 296013824
total_inactive_file 203649024
total_active_file 203563008
total_unevictable 0
--------------------BLKIO-----------------------
11:0 Read 0
11:0 Write 0
11:0 Sync 0
11:0 Async 0
11:0 Total 0
253:0 Read 1709473792
253:0 Write 45703168
253:0 Sync 41103360
253:0 Async 1714073600
253:0 Total 1755176960
Total 1755176960
--------------------CPUAC-----------------------
user 10124
system 5124
