--------------------MEMCG-----------------------
MEM ONLY  : 953 MB
MEM+SWAP  : 956 MB
cache 406339584
rss 593612800
rss_huge 0
mapped_file 6311936
writeback 0
swap 3223552
pgpgin 698137
pgpgout 454008
pgfault 340193
pgmajfault 431
inactive_anon 297021440
active_anon 296620032
inactive_file 203206656
active_file 203104256
unevictable 0
hierarchical_memory_limit 999997440
hierarchical_memsw_limit 9223372036854771712
total_cache 406339584
total_rss 593612800
total_rss_huge 0
total_mapped_file 6311936
total_writeback 0
total_swap 3223552
total_pgpgin 698137
total_pgpgout 454008
total_pgfault 340193
total_pgmajfault 431
total_inactive_anon 297021440
total_active_anon 296620032
total_inactive_file 203206656
total_active_file 203104256
total_unevictable 0
--------------------BLKIO-----------------------
11:0 Read 0
11:0 Write 0
11:0 Sync 0
11:0 Async 0
11:0 Total 0
253:0 Read 1317564416
253:0 Write 21696512
253:0 Sync 18239488
253:0 Async 1321021440
253:0 Total 1339260928
Total 1339260928
--------------------CPUAC-----------------------
user 1675
system 907
--------------------MEMCG-----------------------
MEM ONLY  : 953 MB
MEM+SWAP  : 956 MB
cache 406368256
rss 593612800
rss_huge 0
mapped_file 6311936
writeback 0
swap 3223552
pgpgin 712482
pgpgout 468346
pgfault 340193
pgmajfault 431
inactive_anon 297021440
active_anon 296620032
inactive_file 203259904
active_file 203067392
unevictable 0
hierarchical_memory_limit 999997440
hierarchical_memsw_limit 9223372036854771712
total_cache 406368256
total_rss 593612800
total_rss_huge 0
total_mapped_file 6311936
total_writeback 0
total_swap 3223552
total_pgpgin 712482
total_pgpgout 468346
total_pgfault 340193
total_pgmajfault 431
total_inactive_anon 297021440
total_active_anon 296620032
total_inactive_file 203259904
total_active_file 203067392
total_unevictable 0
--------------------BLKIO-----------------------
11:0 Read 0
11:0 Write 0
11:0 Sync 0
11:0 Async 0
11:0 Total 0
253:0 Read 1334571008
253:0 Write 22343680
253:0 Sync 18886656
253:0 Async 1338028032
253:0 Total 1356914688
Total 1356914688
--------------------CPUAC-----------------------
user 1740
system 932
--------------------MEMCG-----------------------
MEM ONLY  : 953 MB
MEM+SWAP  : 956 MB
cache 406380544
rss 593612800
rss_huge 0
mapped_file 6311936
writeback 0
swap 3223552
pgpgin 726120
pgpgout 481981
pgfault 340193
pgmajfault 431
inactive_anon 297021440
active_anon 296620032
inactive_file 203354112
active_file 202989568
unevictable 0
hierarchical_memory_limit 999997440
hierarchical_memsw_limit 9223372036854771712
total_cache 406380544
total_rss 593612800
total_rss_huge 0
total_mapped_file 6311936
total_writeback 0
total_swap 3223552
total_pgpgin 726120
total_pgpgout 481981
total_pgfault 340193
total_pgmajfault 431
total_inactive_anon 297021440
total_active_anon 296620032
total_inactive_file 203354112
total_active_file 202989568
total_unevictable 0
--------------------BLKIO-----------------------
11:0 Read 0
11:0 Write 0
11:0 Sync 0
11:0 Async 0
11:0 Total 0
253:0 Read 1350692864
253:0 Write 22990848
253:0 Sync 19533824
253:0 Async 1354149888
253:0 Total 1373683712
Total 1373683712
--------------------CPUAC-----------------------
user 1803
system 953
--------------------MEMCG-----------------------
MEM ONLY  : 953 MB
MEM+SWAP  : 956 MB
cache 406306816
rss 593612800
rss_huge 0
mapped_file 6225920
writeback 0
swap 3223552
pgpgin 741039
pgpgout 496918
pgfault 340193
pgmajfault 431
inactive_anon 297021440
active_anon 296620032
inactive_file 203190272
active_file 203075584
unevictable 0
hierarchical_memory_limit 999997440
hierarchical_memsw_limit 9223372036854771712
total_cache 406306816
total_rss 593612800
total_rss_huge 0
total_mapped_file 6225920
total_writeback 0
total_swap 3223552
total_pgpgin 741039
total_pgpgout 496918
total_pgfault 340193
total_pgmajfault 431
total_inactive_anon 297021440
total_active_anon 296620032
total_inactive_file 203190272
total_active_file 203075584
total_unevictable 0
--------------------BLKIO-----------------------
11:0 Read 0
11:0 Write 0
11:0 Sync 0
11:0 Async 0
11:0 Total 0
253:0 Read 1367584768
253:0 Write 23670784
253:0 Sync 20213760
253:0 Async 1371041792
253:0 Total 1391255552
Total 1391255552
--------------------CPUAC-----------------------
user 1858
system 988
--------------------MEMCG-----------------------
MEM ONLY  : 953 MB
MEM+SWAP  : 956 MB
cache 406261760
rss 593612800
rss_huge 0
mapped_file 6225920
writeback 0
swap 3223552
pgpgin 756421
pgpgout 512311
pgfault 340193
pgmajfault 431
inactive_anon 297021440
active_anon 296620032
inactive_file 203132928
active_file 203100160
unevictable 0
hierarchical_memory_limit 999997440
hierarchical_memsw_limit 9223372036854771712
total_cache 406261760
total_rss 593612800
total_rss_huge 0
total_mapped_file 6225920
total_writeback 0
total_swap 3223552
total_pgpgin 756421
total_pgpgout 512311
total_pgfault 340193
total_pgmajfault 431
total_inactive_anon 297021440
total_active_anon 296620032
total_inactive_file 203132928
total_active_file 203100160
total_unevictable 0
--------------------BLKIO-----------------------
11:0 Read 0
11:0 Write 0
11:0 Sync 0
11:0 Async 0
11:0 Total 0
253:0 Read 1383657472
253:0 Write 24330240
253:0 Sync 20873216
253:0 Async 1387114496
253:0 Total 1407987712
Total 1407987712
--------------------CPUAC-----------------------
user 1929
system 1016
--------------------MEMCG-----------------------
MEM ONLY  : 953 MB
MEM+SWAP  : 956 MB
cache 406384640
rss 593612800
rss_huge 0
mapped_file 6225920
writeback 0
swap 3223552
pgpgin 773546
pgpgout 529406
pgfault 340193
pgmajfault 431
inactive_anon 297021440
active_anon 296620032
inactive_file 203345920
active_file 203010048
unevictable 0
hierarchical_memory_limit 999997440
hierarchical_memsw_limit 9223372036854771712
total_cache 406384640
total_rss 593612800
total_rss_huge 0
total_mapped_file 6225920
total_writeback 0
total_swap 3223552
total_pgpgin 773546
total_pgpgout 529406
total_pgfault 340193
total_pgmajfault 431
total_inactive_anon 297021440
total_active_anon 296620032
total_inactive_file 203345920
total_active_file 203010048
total_unevictable 0
--------------------BLKIO-----------------------
11:0 Read 0
11:0 Write 0
11:0 Sync 0
11:0 Async 0
11:0 Total 0
253:0 Read 1400582144
253:0 Write 25133056
253:0 Sync 21676032
253:0 Async 1404039168
253:0 Total 1425715200
Total 1425715200
--------------------CPUAC-----------------------
user 2002
system 1042
--------------------MEMCG-----------------------
MEM ONLY  : 953 MB
MEM+SWAP  : 956 MB
cache 406351872
rss 593612800
rss_huge 0
mapped_file 6225920
writeback 0
swap 3223552
pgpgin 791940
pgpgout 547808
pgfault 340193
pgmajfault 431
inactive_anon 297021440
active_anon 296620032
inactive_file 203362304
active_file 202960896
unevictable 0
hierarchical_memory_limit 999997440
hierarchical_memsw_limit 9223372036854771712
total_cache 406351872
total_rss 593612800
total_rss_huge 0
total_mapped_file 6225920
total_writeback 0
total_swap 3223552
total_pgpgin 791940
total_pgpgout 547808
total_pgfault 340193
total_pgmajfault 431
total_inactive_anon 297021440
total_active_anon 296620032
total_inactive_file 203362304
total_active_file 202960896
total_unevictable 0
--------------------BLKIO-----------------------
11:0 Read 0
11:0 Write 0
11:0 Sync 0
11:0 Async 0
11:0 Total 0
253:0 Read 1417342976
253:0 Write 25907200
253:0 Sync 22450176
253:0 Async 1420800000
253:0 Total 1443250176
Total 1443250176
--------------------CPUAC-----------------------
user 2077
system 1081
--------------------MEMCG-----------------------
MEM ONLY  : 953 MB
MEM+SWAP  : 956 MB
cache 406261760
rss 593612800
rss_huge 0
mapped_file 6225920
writeback 0
swap 3223552
pgpgin 811112
pgpgout 567002
pgfault 340193
pgmajfault 431
inactive_anon 297021440
active_anon 296620032
inactive_file 203284480
active_file 202948608
unevictable 0
hierarchical_memory_limit 999997440
hierarchical_memsw_limit 9223372036854771712
total_cache 406261760
total_rss 593612800
total_rss_huge 0
total_mapped_file 6225920
total_writeback 0
total_swap 3223552
total_pgpgin 811112
total_pgpgout 567002
total_pgfault 340193
total_pgmajfault 431
total_inactive_anon 297021440
total_active_anon 296620032
total_inactive_file 203284480
total_active_file 202948608
total_unevictable 0
--------------------BLKIO-----------------------
11:0 Read 0
11:0 Write 0
11:0 Sync 0
11:0 Async 0
11:0 Total 0
253:0 Read 1433284608
253:0 Write 26714112
253:0 Sync 23257088
253:0 Async 1436741632
253:0 Total 1459998720
Total 1459998720
--------------------CPUAC-----------------------
user 2147
system 1113
--------------------MEMCG-----------------------
MEM ONLY  : 953 MB
MEM+SWAP  : 956 MB
cache 406290432
rss 593612800
rss_huge 0
mapped_file 6225920
writeback 0
swap 3223552
pgpgin 830957
pgpgout 586840
pgfault 340193
pgmajfault 431
inactive_anon 297021440
active_anon 296620032
inactive_file 203177984
active_file 203083776
unevictable 0
hierarchical_memory_limit 999997440
hierarchical_memsw_limit 9223372036854771712
total_cache 406290432
total_rss 593612800
total_rss_huge 0
total_mapped_file 6225920
total_writeback 0
total_swap 3223552
total_pgpgin 830957
total_pgpgout 586840
total_pgfault 340193
total_pgmajfault 431
total_inactive_anon 297021440
total_active_anon 296620032
total_inactive_file 203177984
total_active_file 203083776
total_unevictable 0
--------------------BLKIO-----------------------
11:0 Read 0
11:0 Write 0
11:0 Sync 0
11:0 Async 0
11:0 Total 0
253:0 Read 1449848832
253:0 Write 27459584
253:0 Sync 24002560
253:0 Async 1453305856
253:0 Total 1477308416
Total 1477308416
--------------------CPUAC-----------------------
user 2219
system 1154
--------------------MEMCG-----------------------
MEM ONLY  : 953 MB
MEM+SWAP  : 956 MB
cache 406323200
rss 593612800
rss_huge 0
mapped_file 6225920
writeback 0
swap 3223552
pgpgin 851955
pgpgout 607830
pgfault 340193
pgmajfault 431
inactive_anon 297021440
active_anon 296620032
inactive_file 203337728
active_file 202956800
unevictable 0
hierarchical_memory_limit 999997440
hierarchical_memsw_limit 9223372036854771712
total_cache 406323200
total_rss 593612800
total_rss_huge 0
total_mapped_file 6225920
total_writeback 0
total_swap 3223552
total_pgpgin 851955
total_pgpgout 607830
total_pgfault 340193
total_pgmajfault 431
total_inactive_anon 297021440
total_active_anon 296620032
total_inactive_file 203337728
total_active_file 202956800
total_unevictable 0
--------------------BLKIO-----------------------
11:0 Read 0
11:0 Write 0
11:0 Sync 0
11:0 Async 0
11:0 Total 0
253:0 Read 1466331136
253:0 Write 28192768
253:0 Sync 24735744
253:0 Async 1469788160
253:0 Total 1494523904
Total 1494523904
--------------------CPUAC-----------------------
user 2300
system 1193
--------------------MEMCG-----------------------
MEM ONLY  : 953 MB
MEM+SWAP  : 956 MB
cache 406327296
rss 593612800
rss_huge 0
mapped_file 5095424
writeback 0
swap 3223552
pgpgin 875987
pgpgout 631861
pgfault 340193
pgmajfault 431
inactive_anon 297021440
active_anon 296620032
inactive_file 203284480
active_file 203014144
unevictable 0
hierarchical_memory_limit 999997440
hierarchical_memsw_limit 9223372036854771712
total_cache 406327296
total_rss 593612800
total_rss_huge 0
total_mapped_file 5095424
total_writeback 0
total_swap 3223552
total_pgpgin 875987
total_pgpgout 631861
total_pgfault 340193
total_pgmajfault 431
total_inactive_anon 297021440
total_active_anon 296620032
total_inactive_file 203284480
total_active_file 203014144
total_unevictable 0
--------------------BLKIO-----------------------
11:0 Read 0
11:0 Write 0
11:0 Sync 0
11:0 Async 0
11:0 Total 0
253:0 Read 1482477568
253:0 Write 29016064
253:0 Sync 25559040
253:0 Async 1485934592
253:0 Total 1511493632
Total 1511493632
--------------------CPUAC-----------------------
user 2388
system 1236
--------------------MEMCG-----------------------
MEM ONLY  : 953 MB
MEM+SWAP  : 956 MB
cache 406368256
rss 593612800
rss_huge 0
mapped_file 4681728
writeback 0
swap 3223552
pgpgin 902549
pgpgout 658413
pgfault 340193
pgmajfault 431
inactive_anon 297021440
active_anon 296620032
inactive_file 203313152
active_file 203010048
unevictable 0
hierarchical_memory_limit 999997440
hierarchical_memsw_limit 9223372036854771712
total_cache 406368256
total_rss 593612800
total_rss_huge 0
total_mapped_file 4681728
total_writeback 0
total_swap 3223552
total_pgpgin 902549
total_pgpgout 658413
total_pgfault 340193
total_pgmajfault 431
total_inactive_anon 297021440
total_active_anon 296620032
total_inactive_file 203313152
total_active_file 203010048
total_unevictable 0
--------------------BLKIO-----------------------
11:0 Read 0
11:0 Write 0
11:0 Sync 0
11:0 Async 0
11:0 Total 0
253:0 Read 1498566656
253:0 Write 29843456
253:0 Sync 26386432
253:0 Async 1502023680
253:0 Total 1528410112
Total 1528410112
--------------------CPUAC-----------------------
user 2489
system 1283
--------------------MEMCG-----------------------
MEM ONLY  : 953 MB
MEM+SWAP  : 956 MB
cache 406323200
rss 593612800
rss_huge 0
mapped_file 4681728
writeback 0
swap 3223552
pgpgin 930767
pgpgout 686642
pgfault 340193
pgmajfault 431
inactive_anon 297021440
active_anon 296620032
inactive_file 203366400
active_file 202928128
unevictable 0
hierarchical_memory_limit 999997440
hierarchical_memsw_limit 9223372036854771712
total_cache 406323200
total_rss 593612800
total_rss_huge 0
total_mapped_file 4681728
total_writeback 0
total_swap 3223552
total_pgpgin 930767
total_pgpgout 686642
total_pgfault 340193
total_pgmajfault 431
total_inactive_anon 297021440
total_active_anon 296620032
total_inactive_file 203366400
total_active_file 202928128
total_unevictable 0
--------------------BLKIO-----------------------
11:0 Read 0
11:0 Write 0
11:0 Sync 0
11:0 Async 0
11:0 Total 0
253:0 Read 1515622400
253:0 Write 30666752
253:0 Sync 27209728
253:0 Async 1519079424
253:0 Total 1546289152
Total 1546289152
--------------------CPUAC-----------------------
user 2592
system 1329
--------------------MEMCG-----------------------
MEM ONLY  : 953 MB
MEM+SWAP  : 956 MB
cache 406290432
rss 593612800
rss_huge 0
mapped_file 4677632
writeback 0
swap 3223552
pgpgin 961185
pgpgout 717068
pgfault 340193
pgmajfault 431
inactive_anon 297021440
active_anon 296620032
inactive_file 203194368
active_file 203067392
unevictable 0
hierarchical_memory_limit 999997440
hierarchical_memsw_limit 9223372036854771712
total_cache 406290432
total_rss 593612800
total_rss_huge 0
total_mapped_file 4677632
total_writeback 0
total_swap 3223552
total_pgpgin 961185
total_pgpgout 717068
total_pgfault 340193
total_pgmajfault 431
total_inactive_anon 297021440
total_active_anon 296620032
total_inactive_file 203194368
total_active_file 203067392
total_unevictable 0
--------------------BLKIO-----------------------
11:0 Read 0
11:0 Write 0
11:0 Sync 0
11:0 Async 0
11:0 Total 0
253:0 Read 1531895808
253:0 Write 31457280
253:0 Sync 28000256
253:0 Async 1535352832
253:0 Total 1563353088
Total 1563353088
--------------------CPUAC-----------------------
user 2707
system 1382
--------------------MEMCG-----------------------
MEM ONLY  : 953 MB
MEM+SWAP  : 956 MB
cache 406355968
rss 593612800
rss_huge 0
mapped_file 4677632
writeback 0
swap 3223552
pgpgin 994683
pgpgout 750550
pgfault 340193
pgmajfault 431
inactive_anon 297021440
active_anon 296620032
inactive_file 203300864
active_file 203022336
unevictable 0
hierarchical_memory_limit 999997440
hierarchical_memsw_limit 9223372036854771712
total_cache 406355968
total_rss 593612800
total_rss_huge 0
total_mapped_file 4677632
total_writeback 0
total_swap 3223552
total_pgpgin 994683
total_pgpgout 750550
total_pgfault 340193
total_pgmajfault 431
total_inactive_anon 297021440
total_active_anon 296620032
total_inactive_file 203300864
total_active_file 203022336
total_unevictable 0
--------------------BLKIO-----------------------
11:0 Read 0
11:0 Write 0
11:0 Sync 0
11:0 Async 0
11:0 Total 0
253:0 Read 1547882496
253:0 Write 32296960
253:0 Sync 28839936
253:0 Async 1551339520
253:0 Total 1580179456
Total 1580179456
--------------------CPUAC-----------------------
user 2814
system 1453
--------------------MEMCG-----------------------
MEM ONLY  : 953 MB
MEM+SWAP  : 956 MB
cache 406380544
rss 593612800
rss_huge 0
mapped_file 4677632
writeback 0
swap 3223552
pgpgin 1030709
pgpgout 786570
pgfault 340193
pgmajfault 431
inactive_anon 297021440
active_anon 296620032
inactive_file 203292672
active_file 203030528
unevictable 0
hierarchical_memory_limit 999997440
hierarchical_memsw_limit 9223372036854771712
total_cache 406380544
total_rss 593612800
total_rss_huge 0
total_mapped_file 4677632
total_writeback 0
total_swap 3223552
total_pgpgin 1030709
total_pgpgout 786570
total_pgfault 340193
total_pgmajfault 431
total_inactive_anon 297021440
total_active_anon 296620032
total_inactive_file 203292672
total_active_file 203030528
total_unevictable 0
--------------------BLKIO-----------------------
11:0 Read 0
11:0 Write 0
11:0 Sync 0
11:0 Async 0
11:0 Total 0
253:0 Read 1563414528
253:0 Write 33112064
253:0 Sync 29655040
253:0 Async 1566871552
253:0 Total 1596526592
Total 1596526592
--------------------CPUAC-----------------------
user 2938
system 1515
--------------------MEMCG-----------------------
MEM ONLY  : 953 MB
MEM+SWAP  : 956 MB
cache 406310912
rss 593612800
rss_huge 0
mapped_file 4677632
writeback 0
swap 3223552
pgpgin 1068724
pgpgout 824602
pgfault 340193
pgmajfault 431
inactive_anon 297021440
active_anon 296620032
inactive_file 203272192
active_file 203010048
unevictable 0
hierarchical_memory_limit 999997440
hierarchical_memsw_limit 9223372036854771712
total_cache 406310912
total_rss 593612800
total_rss_huge 0
total_mapped_file 4677632
total_writeback 0
total_swap 3223552
total_pgpgin 1068724
total_pgpgout 824602
total_pgfault 340193
total_pgmajfault 431
total_inactive_anon 297021440
total_active_anon 296620032
total_inactive_file 203272192
total_active_file 203010048
total_unevictable 0
--------------------BLKIO-----------------------
11:0 Read 0
11:0 Write 0
11:0 Sync 0
11:0 Async 0
11:0 Total 0
253:0 Read 1579077632
253:0 Write 33923072
253:0 Sync 30466048
253:0 Async 1582534656
253:0 Total 1613000704
Total 1613000704
--------------------CPUAC-----------------------
user 3072
system 1571
--------------------MEMCG-----------------------
MEM ONLY  : 953 MB
MEM+SWAP  : 956 MB
cache 406278144
rss 593612800
rss_huge 0
mapped_file 4677632
writeback 0
swap 3223552
pgpgin 1113093
pgpgout 868979
pgfault 340193
pgmajfault 431
inactive_anon 297021440
active_anon 296620032
inactive_file 203210752
active_file 203038720
unevictable 0
hierarchical_memory_limit 999997440
hierarchical_memsw_limit 9223372036854771712
total_cache 406278144
total_rss 593612800
total_rss_huge 0
total_mapped_file 4677632
total_writeback 0
total_swap 3223552
total_pgpgin 1113093
total_pgpgout 868979
total_pgfault 340193
total_pgmajfault 431
total_inactive_anon 297021440
total_active_anon 296620032
total_inactive_file 203210752
total_active_file 203038720
total_unevictable 0
--------------------BLKIO-----------------------
11:0 Read 0
11:0 Write 0
11:0 Sync 0
11:0 Async 0
11:0 Total 0
253:0 Read 1594462208
253:0 Write 34762752
253:0 Sync 31301632
253:0 Async 1597923328
253:0 Total 1629224960
Total 1629224960
--------------------CPUAC-----------------------
user 3236
system 1645
--------------------MEMCG-----------------------
MEM ONLY  : 953 MB
MEM+SWAP  : 956 MB
cache 406257664
rss 593612800
rss_huge 0
mapped_file 4677632
writeback 0
swap 3223552
pgpgin 1167588
pgpgout 923479
pgfault 340193
pgmajfault 431
inactive_anon 297021440
active_anon 296620032
inactive_file 203190272
active_file 203022336
unevictable 0
hierarchical_memory_limit 999997440
hierarchical_memsw_limit 9223372036854771712
total_cache 406257664
total_rss 593612800
total_rss_huge 0
total_mapped_file 4677632
total_writeback 0
total_swap 3223552
total_pgpgin 1167588
total_pgpgout 923479
total_pgfault 340193
total_pgmajfault 431
total_inactive_anon 297021440
total_active_anon 296620032
total_inactive_file 203190272
total_active_file 203022336
total_unevictable 0
--------------------BLKIO-----------------------
11:0 Read 0
11:0 Write 0
11:0 Sync 0
11:0 Async 0
11:0 Total 0
253:0 Read 1609445376
253:0 Write 35561472
253:0 Sync 32100352
253:0 Async 1612906496
253:0 Total 1645006848
Total 1645006848
--------------------CPUAC-----------------------
user 3432
system 1725
--------------------MEMCG-----------------------
MEM ONLY  : 953 MB
MEM+SWAP  : 956 MB
cache 406355968
rss 593612800
rss_huge 0
mapped_file 4481024
writeback 0
swap 3223552
pgpgin 1229763
pgpgout 985630
pgfault 340193
pgmajfault 431
inactive_anon 297021440
active_anon 296620032
inactive_file 203300864
active_file 203026432
unevictable 0
hierarchical_memory_limit 999997440
hierarchical_memsw_limit 9223372036854771712
total_cache 406355968
total_rss 593612800
total_rss_huge 0
total_mapped_file 4481024
total_writeback 0
total_swap 3223552
total_pgpgin 1229763
total_pgpgout 985630
total_pgfault 340193
total_pgmajfault 431
total_inactive_anon 297021440
total_active_anon 296620032
total_inactive_file 203300864
total_active_file 203026432
total_unevictable 0
--------------------BLKIO-----------------------
11:0 Read 0
11:0 Write 0
11:0 Sync 0
11:0 Async 0
11:0 Total 0
253:0 Read 1624797184
253:0 Write 36352000
253:0 Sync 32890880
253:0 Async 1628258304
253:0 Total 1661149184
Total 1661149184
--------------------CPUAC-----------------------
user 3656
system 1830
--------------------MEMCG-----------------------
MEM ONLY  : 953 MB
MEM+SWAP  : 956 MB
cache 406265856
rss 593608704
rss_huge 0
mapped_file 4399104
writeback 0
swap 3227648
pgpgin 1309431
pgpgout 1065321
pgfault 340193
pgmajfault 431
inactive_anon 297017344
active_anon 296620032
inactive_file 203149312
active_file 203087872
unevictable 0
hierarchical_memory_limit 999997440
hierarchical_memsw_limit 9223372036854771712
total_cache 406265856
total_rss 593608704
total_rss_huge 0
total_mapped_file 4399104
total_writeback 0
total_swap 3227648
total_pgpgin 1309431
total_pgpgout 1065321
total_pgfault 340193
total_pgmajfault 431
total_inactive_anon 297017344
total_active_anon 296620032
total_inactive_file 203149312
total_active_file 203087872
total_unevictable 0
--------------------BLKIO-----------------------
11:0 Read 0
11:0 Write 0
11:0 Sync 0
11:0 Async 0
11:0 Total 0
253:0 Read 1640288256
253:0 Write 37113856
253:0 Sync 33648640
253:0 Async 1643753472
253:0 Total 1677402112
Total 1677402112
--------------------CPUAC-----------------------
user 3935
system 1956
--------------------MEMCG-----------------------
MEM ONLY  : 953 MB
MEM+SWAP  : 956 MB
cache 406421504
rss 593567744
rss_huge 0
mapped_file 4399104
writeback 0
swap 3268608
pgpgin 1405456
pgpgout 1161318
pgfault 340193
pgmajfault 431
inactive_anon 296992768
active_anon 296603648
inactive_file 203317248
active_file 203075584
unevictable 0
hierarchical_memory_limit 999997440
hierarchical_memsw_limit 9223372036854771712
total_cache 406421504
total_rss 593567744
total_rss_huge 0
total_mapped_file 4399104
total_writeback 0
total_swap 3268608
total_pgpgin 1405456
total_pgpgout 1161318
total_pgfault 340193
total_pgmajfault 431
total_inactive_anon 296992768
total_active_anon 296603648
total_inactive_file 203317248
total_active_file 203075584
total_unevictable 0
--------------------BLKIO-----------------------
11:0 Read 0
11:0 Write 0
11:0 Sync 0
11:0 Async 0
11:0 Total 0
253:0 Read 1655595008
253:0 Write 37982208
253:0 Sync 34476032
253:0 Async 1659101184
253:0 Total 1693577216
Total 1693577216
--------------------CPUAC-----------------------
user 4252
system 2105
--------------------MEMCG-----------------------
MEM ONLY  : 953 MB
MEM+SWAP  : 956 MB
cache 406450176
rss 593489920
rss_huge 0
mapped_file 2068480
writeback 0
swap 3346432
pgpgin 1534391
pgpgout 1290265
pgfault 340193
pgmajfault 431
inactive_anon 296955904
active_anon 296562688
inactive_file 203243520
active_file 203177984
unevictable 0
hierarchical_memory_limit 999997440
hierarchical_memsw_limit 9223372036854771712
total_cache 406450176
total_rss 593489920
total_rss_huge 0
total_mapped_file 2068480
total_writeback 0
total_swap 3346432
total_pgpgin 1534391
total_pgpgout 1290265
total_pgfault 340193
total_pgmajfault 431
total_inactive_anon 296955904
total_active_anon 296562688
total_inactive_file 203243520
total_active_file 203177984
total_unevictable 0
--------------------BLKIO-----------------------
11:0 Read 0
11:0 Write 0
11:0 Sync 0
11:0 Async 0
11:0 Total 0
253:0 Read 1670029312
253:0 Write 38858752
253:0 Sync 35278848
253:0 Async 1673609216
253:0 Total 1708888064
Total 1708888064
--------------------CPUAC-----------------------
user 4660
system 2308
--------------------MEMCG-----------------------
MEM ONLY  : 953 MB
MEM+SWAP  : 956 MB
cache 406532096
rss 593387520
rss_huge 0
mapped_file 2043904
writeback 0
swap 3448832
pgpgin 1703039
pgpgout 1458918
pgfault 340193
pgmajfault 431
inactive_anon 296902656
active_anon 296513536
inactive_file 203292672
active_file 203206656
unevictable 0
hierarchical_memory_limit 999997440
hierarchical_memsw_limit 9223372036854771712
total_cache 406532096
total_rss 593387520
total_rss_huge 0
total_mapped_file 2043904
total_writeback 0
total_swap 3448832
total_pgpgin 1703039
total_pgpgout 1458918
total_pgfault 340193
total_pgmajfault 431
total_inactive_anon 296902656
total_active_anon 296513536
total_inactive_file 203292672
total_active_file 203206656
total_unevictable 0
--------------------BLKIO-----------------------
11:0 Read 0
11:0 Write 0
11:0 Sync 0
11:0 Async 0
11:0 Total 0
253:0 Read 1683206144
253:0 Write 39702528
253:0 Sync 36020224
253:0 Async 1686888448
253:0 Total 1722908672
Total 1722908672
--------------------CPUAC-----------------------
user 5196
system 2595
--------------------MEMCG-----------------------
MEM ONLY  : 953 MB
MEM+SWAP  : 957 MB
cache 406695936
rss 593235968
rss_huge 0
mapped_file 1937408
writeback 0
swap 3600384
pgpgin 1909580
pgpgout 1665456
pgfault 340193
pgmajfault 431
inactive_anon 296833024
active_anon 296431616
inactive_file 203366400
active_file 203300864
unevictable 0
hierarchical_memory_limit 999997440
hierarchical_memsw_limit 9223372036854771712
total_cache 406695936
total_rss 593235968
total_rss_huge 0
total_mapped_file 1937408
total_writeback 0
total_swap 3600384
total_pgpgin 1909580
total_pgpgout 1665456
total_pgfault 340193
total_pgmajfault 431
total_inactive_anon 296833024
total_active_anon 296431616
total_inactive_file 203366400
total_active_file 203300864
total_unevictable 0
--------------------BLKIO-----------------------
11:0 Read 0
11:0 Write 0
11:0 Sync 0
11:0 Async 0
11:0 Total 0
253:0 Read 1693134848
253:0 Write 40624128
253:0 Sync 36782080
253:0 Async 1696976896
253:0 Total 1733758976
Total 1733758976
--------------------CPUAC-----------------------
user 5889
system 2960
--------------------MEMCG-----------------------
MEM ONLY  : 953 MB
MEM+SWAP  : 957 MB
cache 406863872
rss 593096704
rss_huge 0
mapped_file 2420736
writeback 0
swap 3739648
pgpgin 2137889
pgpgout 1893758
pgfault 340212
pgmajfault 441
inactive_anon 296759296
active_anon 296366080
inactive_file 203427840
active_file 203362304
unevictable 0
hierarchical_memory_limit 999997440
hierarchical_memsw_limit 9223372036854771712
total_cache 406863872
total_rss 593096704
total_rss_huge 0
total_mapped_file 2420736
total_writeback 0
total_swap 3739648
total_pgpgin 2137889
total_pgpgout 1893758
total_pgfault 340212
total_pgmajfault 441
total_inactive_anon 296759296
total_active_anon 296366080
total_inactive_file 203427840
total_active_file 203362304
total_unevictable 0
--------------------BLKIO-----------------------
11:0 Read 0
11:0 Write 0
11:0 Sync 0
11:0 Async 0
11:0 Total 0
253:0 Read 1699479552
253:0 Write 41545728
253:0 Sync 37572608
253:0 Async 1703452672
253:0 Total 1741025280
Total 1741025280
--------------------CPUAC-----------------------
user 6646
system 3349
--------------------MEMCG-----------------------
MEM ONLY  : 953 MB
MEM+SWAP  : 957 MB
cache 407056384
rss 592879616
rss_huge 0
mapped_file 1937408
writeback 0
swap 3964928
pgpgin 2389708
pgpgout 2145583
pgfault 340213
pgmajfault 442
inactive_anon 296644608
active_anon 296255488
inactive_file 203665408
active_file 203370496
unevictable 0
hierarchical_memory_limit 999997440
hierarchical_memsw_limit 9223372036854771712
total_cache 407056384
total_rss 592879616
total_rss_huge 0
total_mapped_file 1937408
total_writeback 0
total_swap 3964928
total_pgpgin 2389708
total_pgpgout 2145583
total_pgfault 340213
total_pgmajfault 442
total_inactive_anon 296644608
total_active_anon 296255488
total_inactive_file 203665408
total_active_file 203370496
total_unevictable 0
--------------------BLKIO-----------------------
11:0 Read 0
11:0 Write 0
11:0 Sync 0
11:0 Async 0
11:0 Total 0
253:0 Read 1703596032
253:0 Write 42635264
253:0 Sync 38428672
253:0 Async 1707802624
253:0 Total 1746231296
Total 1746231296
--------------------CPUAC-----------------------
user 7468
system 3786
--------------------MEMCG-----------------------
MEM ONLY  : 953 MB
MEM+SWAP  : 957 MB
cache 407343104
rss 592601088
rss_huge 0
mapped_file 1933312
writeback 0
swap 4243456
pgpgin 2655826
pgpgout 2411699
pgfault 340213
pgmajfault 442
inactive_anon 296505344
active_anon 296116224
inactive_file 203714560
active_file 203558912
unevictable 0
hierarchical_memory_limit 999997440
hierarchical_memsw_limit 9223372036854771712
total_cache 407343104
total_rss 592601088
total_rss_huge 0
total_mapped_file 1933312
total_writeback 0
total_swap 4243456
total_pgpgin 2655826
total_pgpgout 2411699
total_pgfault 340213
total_pgmajfault 442
total_inactive_anon 296505344
total_active_anon 296116224
total_inactive_file 203714560
total_active_file 203558912
total_unevictable 0
--------------------BLKIO-----------------------
11:0 Read 0
11:0 Write 0
11:0 Sync 0
11:0 Async 0
11:0 Total 0
253:0 Read 1706446848
253:0 Write 43671552
253:0 Sync 39194624
253:0 Async 1710923776
253:0 Total 1750118400
Total 1750118400
--------------------CPUAC-----------------------
user 8354
system 4210
--------------------MEMCG-----------------------
MEM ONLY  : 953 MB
MEM+SWAP  : 957 MB
cache 407564288
rss 592338944
rss_huge 0
mapped_file 2416640
writeback 0
swap 4505600
pgpgin 2932914
pgpgout 2688797
pgfault 340234
pgmajfault 454
inactive_anon 296374272
active_anon 295985152
inactive_file 203796480
active_file 203698176
unevictable 0
hierarchical_memory_limit 999997440
hierarchical_memsw_limit 9223372036854771712
total_cache 407564288
total_rss 592338944
total_rss_huge 0
total_mapped_file 2416640
total_writeback 0
total_swap 4505600
total_pgpgin 2932914
total_pgpgout 2688797
total_pgfault 340234
total_pgmajfault 454
total_inactive_anon 296374272
total_active_anon 295985152
total_inactive_file 203796480
total_active_file 203698176
total_unevictable 0
--------------------BLKIO-----------------------
11:0 Read 0
11:0 Write 0
11:0 Sync 0
11:0 Async 0
11:0 Total 0
253:0 Read 1707892736
253:0 Write 44720128
253:0 Sync 39976960
253:0 Async 1712635904
253:0 Total 1752612864
Total 1752612864
--------------------CPUAC-----------------------
user 9249
system 4683
--------------------MEMCG-----------------------
MEM ONLY  : 953 MB
MEM+SWAP  : 958 MB
cache 407851008
rss 592146432
rss_huge 0
mapped_file 1937408
writeback 0
swap 4702208
pgpgin 3211173
pgpgout 2967043
pgfault 340235
pgmajfault 455
inactive_anon 296275968
active_anon 295886848
inactive_file 203968512
active_file 203816960
unevictable 0
hierarchical_memory_limit 999997440
hierarchical_memsw_limit 9223372036854771712
total_cache 407810048
total_rss 592146432
total_rss_huge 0
total_mapped_file 1937408
total_writeback 0
total_swap 4702208
total_pgpgin 3211173
total_pgpgout 2967045
total_pgfault 340235
total_pgmajfault 455
total_inactive_anon 296275968
total_active_anon 295886848
total_inactive_file 203927552
total_active_file 203816960
total_unevictable 0
--------------------BLKIO-----------------------
11:0 Read 0
11:0 Write 0
11:0 Sync 0
11:0 Async 0
11:0 Total 0
253:0 Read 1709174784
253:0 Write 45711360
253:0 Sync 40771584
253:0 Async 1714114560
253:0 Total 1754886144
Total 1754886144
--------------------CPUAC-----------------------
user 10148
system 5142
